INFO: (function: improveOnce) CascadeMinimizer.cc: 188 -- Minimisation configured with Type=Minuit2, Algo=Migrad, strategy=0, tolerance=0.1
INFO: (function: improveOnce) CascadeMinimizer.cc: 211 -- Minimisation finished with status=0
INFO: (function: improveOnce) CascadeMinimizer.cc: 216 -- Minimization success! status=0
INFO: (function: generateAsimov) ToyMCSamplerOpt.cc: 139 -- Using internal logic for binned/unbinned Asimov dataset generation
INFO: (function: generateWithHisto) ToyMCSamplerOpt.cc: 214 -- Generating asimov with histogram for pdf pdf_binfail_LOW_obsOnly: in 45 x-bins
INFO: (function: generateWithHisto) ToyMCSamplerOpt.cc: 215 -- , in 1 y-bins
INFO: (function: generateAsimov) ToyMCSamplerOpt.cc: 139 -- Using internal logic for binned/unbinned Asimov dataset generation
INFO: (function: generateWithHisto) ToyMCSamplerOpt.cc: 214 -- Generating asimov with histogram for pdf pdf_binfail_SIG_obsOnly: in 5 x-bins
INFO: (function: generateWithHisto) ToyMCSamplerOpt.cc: 215 -- , in 1 y-bins
INFO: (function: generateAsimov) ToyMCSamplerOpt.cc: 139 -- Using internal logic for binned/unbinned Asimov dataset generation
INFO: (function: generateWithHisto) ToyMCSamplerOpt.cc: 214 -- Generating asimov with histogram for pdf pdf_binpass_LOW_obsOnly: in 45 x-bins
INFO: (function: generateWithHisto) ToyMCSamplerOpt.cc: 215 -- , in 1 y-bins
INFO: (function: generateAsimov) ToyMCSamplerOpt.cc: 139 -- Using internal logic for binned/unbinned Asimov dataset generation
INFO: (function: generateWithHisto) ToyMCSamplerOpt.cc: 214 -- Generating asimov with histogram for pdf pdf_binpass_SIG_obsOnly: in 5 x-bins
INFO: (function: generateWithHisto) ToyMCSamplerOpt.cc: 215 -- , in 1 y-bins
INFO: (function: runLimitExpected) AsymptoticLimits.cc: 436 -- Median for expected limits = 0.429688 (Sigma for expected limits = 0.219232)
INFO: (function: runLimit) AsymptoticLimits.cc: 193 -- NLL at global minimum of data = -756011 (r=0.00774311)
INFO: (function: runLimit) AsymptoticLimits.cc: 213 -- NLL at global minimum of asimov = -756278 (r=0.000207289)
INFO: (function: getCLs) AsymptoticLimits.cc: 343 -- At r = 1.207743:	q_mu = 30.15424	q_A  = 24.12394	CLsb = 0.00000	CLb  = 0.26965	CLs  = 0.00000
INFO: (function: getCLs) AsymptoticLimits.cc: 343 -- At r = 0.607743:	q_mu = 4.03670	q_A  = 6.80906	CLsb = 0.02226	CLb  = 0.72584	CLs  = 0.03067
INFO: (function: getCLs) AsymptoticLimits.cc: 343 -- At r = 0.307743:	q_mu = 0.22029	q_A  = 2.36160	CLsb = 0.31941	CLb  = 0.85710	CLs  = 0.37266
INFO: (function: getCLs) AsymptoticLimits.cc: 343 -- At r = 0.457743:	q_mu = 1.75133	q_A  = 4.23637	CLsb = 0.09286	CLb  = 0.76879	CLs  = 0.12078
INFO: (function: getCLs) AsymptoticLimits.cc: 343 -- At r = 0.534953:	q_mu = 2.83168	q_A  = 5.47286	CLsb = 0.04621	CLb  = 0.74430	CLs  = 0.06209
INFO: (function: getCLs) AsymptoticLimits.cc: 343 -- At r = 0.567387:	q_mu = 3.34614	q_A  = 6.04780	CLsb = 0.03368	CLb  = 0.73565	CLs  = 0.04578
INFO: (function: getCLs) AsymptoticLimits.cc: 343 -- At r = 0.553397:	q_mu = 3.11996	q_A  = 5.79594	CLsb = 0.03867	CLb  = 0.73928	CLs  = 0.05231
INFO: (function: getCLs) AsymptoticLimits.cc: 343 -- At r = 0.559986:	q_mu = 3.22568	q_A  = 5.91376	CLsb = 0.03625	CLb  = 0.73755	CLs  = 0.04914
INFO: (function: getCLs) AsymptoticLimits.cc: 343 -- At r = 0.557208:	q_mu = 3.18086	q_A  = 5.86384	CLsb = 0.03725	CLb  = 0.73828	CLs  = 0.05046
INFO: (function: getCLs) AsymptoticLimits.cc: 343 -- At r = 0.558532:	q_mu = 3.20213	q_A  = 5.88756	CLsb = 0.03677	CLb  = 0.73793	CLs  = 0.04983
