INFO: (function: improveOnce) CascadeMinimizer.cc: 188 -- Minimisation configured with Type=Minuit2, Algo=Migrad, strategy=0, tolerance=0.1
INFO: (function: improveOnce) CascadeMinimizer.cc: 211 -- Minimisation finished with status=0
INFO: (function: improveOnce) CascadeMinimizer.cc: 216 -- Minimization success! status=0
INFO: (function: generateAsimov) ToyMCSamplerOpt.cc: 139 -- Using internal logic for binned/unbinned Asimov dataset generation
INFO: (function: generateWithHisto) ToyMCSamplerOpt.cc: 214 -- Generating asimov with histogram for pdf pdf_binfail_LOW_obsOnly: in 5 x-bins
INFO: (function: generateWithHisto) ToyMCSamplerOpt.cc: 215 -- , in 1 y-bins
INFO: (function: generateAsimov) ToyMCSamplerOpt.cc: 139 -- Using internal logic for binned/unbinned Asimov dataset generation
INFO: (function: generateWithHisto) ToyMCSamplerOpt.cc: 214 -- Generating asimov with histogram for pdf pdf_binfail_SIG_obsOnly: in 3 x-bins
INFO: (function: generateWithHisto) ToyMCSamplerOpt.cc: 215 -- , in 1 y-bins
INFO: (function: generateAsimov) ToyMCSamplerOpt.cc: 139 -- Using internal logic for binned/unbinned Asimov dataset generation
INFO: (function: generateWithHisto) ToyMCSamplerOpt.cc: 214 -- Generating asimov with histogram for pdf pdf_binpass_LOW_obsOnly: in 5 x-bins
INFO: (function: generateWithHisto) ToyMCSamplerOpt.cc: 215 -- , in 1 y-bins
INFO: (function: generateAsimov) ToyMCSamplerOpt.cc: 139 -- Using internal logic for binned/unbinned Asimov dataset generation
INFO: (function: generateWithHisto) ToyMCSamplerOpt.cc: 214 -- Generating asimov with histogram for pdf pdf_binpass_SIG_obsOnly: in 3 x-bins
INFO: (function: generateWithHisto) ToyMCSamplerOpt.cc: 215 -- , in 1 y-bins
INFO: (function: runLimitExpected) AsymptoticLimits.cc: 436 -- Median for expected limits = 8 (Sigma for expected limits = 4.08171)
INFO: (function: runLimit) AsymptoticLimits.cc: 193 -- NLL at global minimum of data = -13827.6 (r=4.6094e-08)
INFO: (function: runLimit) AsymptoticLimits.cc: 213 -- NLL at global minimum of asimov = -13826.6 (r=2.20685e-12)
INFO: (function: getCLs) AsymptoticLimits.cc: 343 -- At r = 4.537040:	q_mu = 2.95687	q_A  = 1.92573	CLsb = 0.03927	CLb  = 0.35512	CLs  = 0.11058
INFO: (function: getCLs) AsymptoticLimits.cc: 343 -- At r = 9.074081:	q_mu = 5.76895	q_A  = 4.44232	CLsb = 0.00771	CLb  = 0.37649	CLs  = 0.02048
INFO: (function: getCLs) AsymptoticLimits.cc: 343 -- At r = 4.537040:	q_mu = 2.95686	q_A  = 1.92572	CLsb = 0.03927	CLb  = 0.35512	CLs  = 0.11058
INFO: (function: getCLs) AsymptoticLimits.cc: 343 -- At r = 7.152702:	q_mu = 4.59009	q_A  = 3.36449	CLsb = 0.01507	CLb  = 0.36916	CLs  = 0.04081
INFO: (function: getCLs) AsymptoticLimits.cc: 343 -- At r = 6.203338:	q_mu = 4.00156	q_A  = 2.83714	CLsb = 0.02118	CLb  = 0.36480	CLs  = 0.05805
INFO: (function: getCLs) AsymptoticLimits.cc: 343 -- At r = 6.715013:	q_mu = 4.31941	q_A  = 3.12079	CLsb = 0.01761	CLb  = 0.36721	CLs  = 0.04796
INFO: (function: getCLs) AsymptoticLimits.cc: 343 -- At r = 6.523210:	q_mu = 4.20051	q_A  = 3.01430	CLsb = 0.01886	CLb  = 0.36632	CLs  = 0.05150
INFO: (function: getCLs) AsymptoticLimits.cc: 343 -- At r = 6.625096:	q_mu = 4.26369	q_A  = 3.07085	CLsb = 0.01819	CLb  = 0.36680	CLs  = 0.04958
INFO: (function: getCLs) AsymptoticLimits.cc: 343 -- At r = 6.586661:	q_mu = 4.23986	q_A  = 3.04951	CLsb = 0.01844	CLb  = 0.36662	CLs  = 0.05030
INFO: (function: getCLs) AsymptoticLimits.cc: 343 -- At r = 6.607023:	q_mu = 4.25249	q_A  = 3.06081	CLsb = 0.01830	CLb  = 0.36671	CLs  = 0.04992
