INFO: (function: improveOnce) CascadeMinimizer.cc: 188 -- Minimisation configured with Type=Minuit2, Algo=Migrad, strategy=0, tolerance=0.1
INFO: (function: improveOnce) CascadeMinimizer.cc: 211 -- Minimisation finished with status=0
INFO: (function: improveOnce) CascadeMinimizer.cc: 216 -- Minimization success! status=0
INFO: (function: generateAsimov) ToyMCSamplerOpt.cc: 139 -- Using internal logic for binned/unbinned Asimov dataset generation
INFO: (function: generateWithHisto) ToyMCSamplerOpt.cc: 214 -- Generating asimov with histogram for pdf pdf_binfail_LOW_obsOnly: in 5 x-bins
INFO: (function: generateWithHisto) ToyMCSamplerOpt.cc: 215 -- , in 1 y-bins
INFO: (function: generateAsimov) ToyMCSamplerOpt.cc: 139 -- Using internal logic for binned/unbinned Asimov dataset generation
INFO: (function: generateWithHisto) ToyMCSamplerOpt.cc: 214 -- Generating asimov with histogram for pdf pdf_binfail_SIG_obsOnly: in 4 x-bins
INFO: (function: generateWithHisto) ToyMCSamplerOpt.cc: 215 -- , in 1 y-bins
INFO: (function: generateAsimov) ToyMCSamplerOpt.cc: 139 -- Using internal logic for binned/unbinned Asimov dataset generation
INFO: (function: generateWithHisto) ToyMCSamplerOpt.cc: 214 -- Generating asimov with histogram for pdf pdf_binpass_LOW_obsOnly: in 5 x-bins
INFO: (function: generateWithHisto) ToyMCSamplerOpt.cc: 215 -- , in 1 y-bins
INFO: (function: generateAsimov) ToyMCSamplerOpt.cc: 139 -- Using internal logic for binned/unbinned Asimov dataset generation
INFO: (function: generateWithHisto) ToyMCSamplerOpt.cc: 214 -- Generating asimov with histogram for pdf pdf_binpass_SIG_obsOnly: in 4 x-bins
INFO: (function: generateWithHisto) ToyMCSamplerOpt.cc: 215 -- , in 1 y-bins
INFO: (function: runLimitExpected) AsymptoticLimits.cc: 436 -- Median for expected limits = 0.00439453 (Sigma for expected limits = 0.00224215)
INFO: (function: runLimit) AsymptoticLimits.cc: 193 -- NLL at global minimum of data = -76245.6 (r=1.18038)
INFO: (function: runLimit) AsymptoticLimits.cc: 213 -- NLL at global minimum of asimov = -76271.9 (r=1.18085)
INFO: (function: getCLs) AsymptoticLimits.cc: 343 -- At r = 2.380375:	q_mu = 149.55724	q_A  = 164.78359	CLsb = 0.00000	CLb  = 0.72822	CLs  = 0.00000
INFO: (function: getCLs) AsymptoticLimits.cc: 343 -- At r = 1.780375:	q_mu = 28.46731	q_A  = 28.28746	CLsb = 0.00000	CLb  = 0.49326	CLs  = 0.00000
INFO: (function: getCLs) AsymptoticLimits.cc: 343 -- At r = 1.480375:	q_mu = 23.51871	q_A  = 23.36677	CLsb = 0.00000	CLb  = 0.49373	CLs  = 0.00000
INFO: (function: getCLs) AsymptoticLimits.cc: 343 -- At r = 1.330375:	q_mu = 1.07204	q_A  = 1.00633	CLsb = 0.15012	CLb  = 0.48694	CLs  = 0.30830
INFO: (function: getCLs) AsymptoticLimits.cc: 343 -- At r = 1.405375:	q_mu = 3.93870	q_A  = 3.85201	CLsb = 0.02359	CLb  = 0.49119	CLs  = 0.04802
INFO: (function: getCLs) AsymptoticLimits.cc: 343 -- At r = 1.367875:	q_mu = 2.39219	q_A  = 2.31589	CLsb = 0.06095	CLb  = 0.49000	CLs  = 0.12438
INFO: (function: getCLs) AsymptoticLimits.cc: 343 -- At r = 1.396601:	q_mu = 5.00319	q_A  = 3.47311	CLsb = 0.01148	CLb  = 0.34072	CLs  = 0.03369
INFO: (function: getCLs) AsymptoticLimits.cc: 343 -- At r = 1.383910:	q_mu = 4.47522	q_A  = 2.94627	CLsb = 0.01532	CLb  = 0.32802	CLs  = 0.04669
INFO: (function: getCLs) AsymptoticLimits.cc: 343 -- At r = 1.379806:	q_mu = 4.31435	q_A  = 2.78125	CLsb = 0.01670	CLb  = 0.32289	CLs  = 0.05171
INFO: (function: getCLs) AsymptoticLimits.cc: 343 -- At r = 1.381706:	q_mu = 4.38671	q_A  = 2.85858	CLsb = 0.01607	CLb  = 0.32567	CLs  = 0.04935
