INFO: (function: improveOnce) CascadeMinimizer.cc: 188 -- Minimisation configured with Type=Minuit2, Algo=Migrad, strategy=0, tolerance=0.1
INFO: (function: improveOnce) CascadeMinimizer.cc: 211 -- Minimisation finished with status=0
INFO: (function: improveOnce) CascadeMinimizer.cc: 216 -- Minimization success! status=0
INFO: (function: generateAsimov) ToyMCSamplerOpt.cc: 139 -- Using internal logic for binned/unbinned Asimov dataset generation
INFO: (function: generateWithHisto) ToyMCSamplerOpt.cc: 214 -- Generating asimov with histogram for pdf pdf_binfail_LOW_obsOnly: in 5 x-bins
INFO: (function: generateWithHisto) ToyMCSamplerOpt.cc: 215 -- , in 1 y-bins
INFO: (function: generateAsimov) ToyMCSamplerOpt.cc: 139 -- Using internal logic for binned/unbinned Asimov dataset generation
INFO: (function: generateWithHisto) ToyMCSamplerOpt.cc: 214 -- Generating asimov with histogram for pdf pdf_binfail_SIG_obsOnly: in 8 x-bins
INFO: (function: generateWithHisto) ToyMCSamplerOpt.cc: 215 -- , in 1 y-bins
INFO: (function: generateAsimov) ToyMCSamplerOpt.cc: 139 -- Using internal logic for binned/unbinned Asimov dataset generation
INFO: (function: generateWithHisto) ToyMCSamplerOpt.cc: 214 -- Generating asimov with histogram for pdf pdf_binpass_LOW_obsOnly: in 5 x-bins
INFO: (function: generateWithHisto) ToyMCSamplerOpt.cc: 215 -- , in 1 y-bins
INFO: (function: generateAsimov) ToyMCSamplerOpt.cc: 139 -- Using internal logic for binned/unbinned Asimov dataset generation
INFO: (function: generateWithHisto) ToyMCSamplerOpt.cc: 214 -- Generating asimov with histogram for pdf pdf_binpass_SIG_obsOnly: in 8 x-bins
INFO: (function: generateWithHisto) ToyMCSamplerOpt.cc: 215 -- , in 1 y-bins
INFO: (function: runLimitExpected) AsymptoticLimits.cc: 436 -- Median for expected limits = 0.15625 (Sigma for expected limits = 0.0797209)
INFO: (function: runLimit) AsymptoticLimits.cc: 193 -- NLL at global minimum of data = -737281 (r=2.32513e-09)
INFO: (function: runLimit) AsymptoticLimits.cc: 213 -- NLL at global minimum of asimov = -737270 (r=3.70592e-12)
INFO: (function: getCLs) AsymptoticLimits.cc: 343 -- At r = 1.200000:	q_mu = 23.12166	q_A  = 21.21304	CLsb = 0.00000	CLb  = 0.41793	CLs  = 0.00000
INFO: (function: getCLs) AsymptoticLimits.cc: 343 -- At r = 0.600000:	q_mu = 14.52250	q_A  = 12.77884	CLsb = 0.00007	CLb  = 0.40366	CLs  = 0.00017
INFO: (function: getCLs) AsymptoticLimits.cc: 343 -- At r = 0.300000:	q_mu = 8.66071	q_A  = 7.14738	CLsb = 0.00156	CLb  = 0.38858	CLs  = 0.00400
INFO: (function: getCLs) AsymptoticLimits.cc: 343 -- At r = 0.150000:	q_mu = 4.92420	q_A  = 3.67586	CLsb = 0.01245	CLb  = 0.37238	CLs  = 0.03345
INFO: (function: getCLs) AsymptoticLimits.cc: 343 -- At r = 0.075000:	q_mu = 2.69882	q_A  = 1.73966	CLsb = 0.04623	CLb  = 0.35808	CLs  = 0.12911
INFO: (function: getCLs) AsymptoticLimits.cc: 343 -- At r = 0.117138:	q_mu = 3.98687	q_A  = 2.84225	CLsb = 0.02141	CLb  = 0.36713	CLs  = 0.05833
INFO: (function: getCLs) AsymptoticLimits.cc: 343 -- At r = 0.130995:	q_mu = 4.38829	q_A  = 3.19657	CLsb = 0.01695	CLb  = 0.36946	CLs  = 0.04589
INFO: (function: getCLs) AsymptoticLimits.cc: 343 -- At r = 0.124258:	q_mu = 4.19430	q_A  = 3.02482	CLsb = 0.01897	CLb  = 0.36836	CLs  = 0.05151
INFO: (function: getCLs) AsymptoticLimits.cc: 343 -- At r = 0.126993:	q_mu = 4.27332	q_A  = 3.09466	CLsb = 0.01812	CLb  = 0.36881	CLs  = 0.04914
INFO: (function: getCLs) AsymptoticLimits.cc: 343 -- At r = 0.125639:	q_mu = 4.23423	q_A  = 3.06010	CLsb = 0.01854	CLb  = 0.36859	CLs  = 0.05030
INFO: (function: getCLs) AsymptoticLimits.cc: 343 -- At r = 0.126185:	q_mu = 4.24999	q_A  = 3.07403	CLsb = 0.01837	CLb  = 0.36868	CLs  = 0.04983
INFO: (function: getCLs) AsymptoticLimits.cc: 343 -- At r = 0.125913:	q_mu = 4.24216	q_A  = 3.06711	CLsb = 0.01845	CLb  = 0.36863	CLs  = 0.05006
