INFO: (function: improveOnce) CascadeMinimizer.cc: 188 -- Minimisation configured with Type=Minuit2, Algo=Migrad, strategy=0, tolerance=0.1
INFO: (function: improveOnce) CascadeMinimizer.cc: 211 -- Minimisation finished with status=-1
DEBUG: (function: improveOnce) CascadeMinimizer.cc: 217 -- Minimization ended with latest status != 0 or 1
INFO: (function: generateAsimov) ToyMCSamplerOpt.cc: 139 -- Using internal logic for binned/unbinned Asimov dataset generation
INFO: (function: generateWithHisto) ToyMCSamplerOpt.cc: 214 -- Generating asimov with histogram for pdf pdf_binfail_LOW_obsOnly: in 6 x-bins
INFO: (function: generateWithHisto) ToyMCSamplerOpt.cc: 215 -- , in 10 y-bins
INFO: (function: generateAsimov) ToyMCSamplerOpt.cc: 139 -- Using internal logic for binned/unbinned Asimov dataset generation
INFO: (function: generateWithHisto) ToyMCSamplerOpt.cc: 214 -- Generating asimov with histogram for pdf pdf_binfail_SIG_obsOnly: in 19 x-bins
INFO: (function: generateWithHisto) ToyMCSamplerOpt.cc: 215 -- , in 10 y-bins
INFO: (function: generateAsimov) ToyMCSamplerOpt.cc: 139 -- Using internal logic for binned/unbinned Asimov dataset generation
INFO: (function: generateWithHisto) ToyMCSamplerOpt.cc: 214 -- Generating asimov with histogram for pdf pdf_binpass_LOW_obsOnly: in 6 x-bins
INFO: (function: generateWithHisto) ToyMCSamplerOpt.cc: 215 -- , in 10 y-bins
INFO: (function: generateAsimov) ToyMCSamplerOpt.cc: 139 -- Using internal logic for binned/unbinned Asimov dataset generation
INFO: (function: generateWithHisto) ToyMCSamplerOpt.cc: 214 -- Generating asimov with histogram for pdf pdf_binpass_SIG_obsOnly: in 19 x-bins
INFO: (function: generateWithHisto) ToyMCSamplerOpt.cc: 215 -- , in 10 y-bins
INFO: (function: runLimitExpected) AsymptoticLimits.cc: 436 -- Median for expected limits = 0.286133 (Sigma for expected limits = 0.145989)
INFO: (function: runLimit) AsymptoticLimits.cc: 193 -- NLL at global minimum of data = -3.51211e+06 (r=1.76269e-07)
INFO: (function: runLimit) AsymptoticLimits.cc: 213 -- NLL at global minimum of asimov = -3.51744e+06 (r=2.32829e-06)
INFO: (function: getCLs) AsymptoticLimits.cc: 343 -- At r = 1.200000:	q_mu = 44.59646	q_A  = 24.80594	CLsb = 0.00000	CLb  = 0.02347	CLs  = 0.00000
INFO: (function: getCLs) AsymptoticLimits.cc: 343 -- At r = 0.600000:	q_mu = 22.33709	q_A  = 10.40359	CLsb = 0.00000	CLb  = 0.03216	CLs  = 0.00001
INFO: (function: getCLs) AsymptoticLimits.cc: 343 -- At r = 0.300000:	q_mu = 11.17790	q_A  = 4.11133	CLsb = 0.00008	CLb  = 0.04071	CLs  = 0.00200
INFO: (function: getCLs) AsymptoticLimits.cc: 343 -- At r = 0.150000:	q_mu = 5.59089	q_A  = 1.51109	CLsb = 0.00193	CLb  = 0.04851	CLs  = 0.03987
INFO: (function: getCLs) AsymptoticLimits.cc: 343 -- At r = 0.075000:	q_mu = 2.79552	q_A  = 0.51200	CLsb = 0.01041	CLb  = 0.05528	CLs  = 0.18832
INFO: (function: getCLs) AsymptoticLimits.cc: 343 -- At r = 0.112500:	q_mu = 4.19336	q_A  = 0.97406	CLsb = 0.00442	CLb  = 0.05145	CLs  = 0.08598
INFO: (function: getCLs) AsymptoticLimits.cc: 343 -- At r = 0.133661:	q_mu = 4.98200	q_A  = 1.26938	CLsb = 0.00277	CLb  = 0.04972	CLs  = 0.05564
INFO: (function: getCLs) AsymptoticLimits.cc: 343 -- At r = 0.141120:	q_mu = 5.25997	q_A  = 1.37826	CLsb = 0.00235	CLb  = 0.04914	CLs  = 0.04777
INFO: (function: getCLs) AsymptoticLimits.cc: 343 -- At r = 0.137846:	q_mu = 5.13794	q_A  = 1.33010	CLsb = 0.00252	CLb  = 0.04938	CLs  = 0.05108
INFO: (function: getCLs) AsymptoticLimits.cc: 343 -- At r = 0.139336:	q_mu = 5.19350	q_A  = 1.35195	CLsb = 0.00244	CLb  = 0.04927	CLs  = 0.04955
INFO: (function: getCLs) AsymptoticLimits.cc: 343 -- At r = 0.138681:	q_mu = 5.16909	q_A  = 1.34233	CLsb = 0.00248	CLb  = 0.04932	CLs  = 0.05021
INFO: (function: getCLs) AsymptoticLimits.cc: 343 -- At r = 0.138979:	q_mu = 5.18020	q_A  = 1.34670	CLsb = 0.00246	CLb  = 0.04930	CLs  = 0.04991
