INFO: (function: improveOnce) CascadeMinimizer.cc: 188 -- Minimisation configured with Type=Minuit2, Algo=Migrad, strategy=0, tolerance=0.1
INFO: (function: improveOnce) CascadeMinimizer.cc: 211 -- Minimisation finished with status=0
INFO: (function: improveOnce) CascadeMinimizer.cc: 216 -- Minimization success! status=0
INFO: (function: generateAsimov) ToyMCSamplerOpt.cc: 139 -- Using internal logic for binned/unbinned Asimov dataset generation
INFO: (function: generateWithHisto) ToyMCSamplerOpt.cc: 214 -- Generating asimov with histogram for pdf pdf_binfail_LOW_obsOnly: in 5 x-bins
INFO: (function: generateWithHisto) ToyMCSamplerOpt.cc: 215 -- , in 1 y-bins
INFO: (function: generateAsimov) ToyMCSamplerOpt.cc: 139 -- Using internal logic for binned/unbinned Asimov dataset generation
INFO: (function: generateWithHisto) ToyMCSamplerOpt.cc: 214 -- Generating asimov with histogram for pdf pdf_binfail_SIG_obsOnly: in 14 x-bins
INFO: (function: generateWithHisto) ToyMCSamplerOpt.cc: 215 -- , in 1 y-bins
INFO: (function: generateAsimov) ToyMCSamplerOpt.cc: 139 -- Using internal logic for binned/unbinned Asimov dataset generation
INFO: (function: generateWithHisto) ToyMCSamplerOpt.cc: 214 -- Generating asimov with histogram for pdf pdf_binpass_LOW_obsOnly: in 5 x-bins
INFO: (function: generateWithHisto) ToyMCSamplerOpt.cc: 215 -- , in 1 y-bins
INFO: (function: generateAsimov) ToyMCSamplerOpt.cc: 139 -- Using internal logic for binned/unbinned Asimov dataset generation
INFO: (function: generateWithHisto) ToyMCSamplerOpt.cc: 214 -- Generating asimov with histogram for pdf pdf_binpass_SIG_obsOnly: in 14 x-bins
INFO: (function: generateWithHisto) ToyMCSamplerOpt.cc: 215 -- , in 1 y-bins
INFO: (function: runLimitExpected) AsymptoticLimits.cc: 436 -- Median for expected limits = 549 (Sigma for expected limits = 280.107)
INFO: (function: runLimit) AsymptoticLimits.cc: 193 -- NLL at global minimum of data = -70695.8 (r=0.000819865)
INFO: (function: runLimit) AsymptoticLimits.cc: 213 -- NLL at global minimum of asimov = -70698.6 (r=0.00174291)
INFO: (function: getCLs) AsymptoticLimits.cc: 343 -- At r = 277.545486:	q_mu = 2.50581	q_A  = 2.08951	CLsb = 0.05597	CLb  = 0.44275	CLs  = 0.12642
INFO: (function: getCLs) AsymptoticLimits.cc: 343 -- At r = 555.090973:	q_mu = 4.47576	q_A  = 3.86935	CLsb = 0.01695	CLb  = 0.43875	CLs  = 0.03864
INFO: (function: getCLs) AsymptoticLimits.cc: 343 -- At r = 277.545896:	q_mu = 2.50581	q_A  = 2.09414	CLsb = 0.05599	CLb  = 0.44345	CLs  = 0.12626
INFO: (function: getCLs) AsymptoticLimits.cc: 343 -- At r = 451.241969:	q_mu = 3.77943	q_A  = 3.23562	CLsb = 0.02559	CLb  = 0.43992	CLs  = 0.05817
INFO: (function: getCLs) AsymptoticLimits.cc: 343 -- At r = 502.748352:	q_mu = 4.12996	q_A  = 3.55399	CLsb = 0.02078	CLb  = 0.43929	CLs  = 0.04730
INFO: (function: getCLs) AsymptoticLimits.cc: 343 -- At r = 481.378711:	q_mu = 3.98579	q_A  = 3.42291	CLsb = 0.02263	CLb  = 0.43955	CLs  = 0.05148
INFO: (function: getCLs) AsymptoticLimits.cc: 343 -- At r = 491.547675:	q_mu = 4.05461	q_A  = 3.48547	CLsb = 0.02172	CLb  = 0.43943	CLs  = 0.04944
INFO: (function: getCLs) AsymptoticLimits.cc: 343 -- At r = 487.248088:	q_mu = 4.02556	q_A  = 3.45904	CLsb = 0.02210	CLb  = 0.43947	CLs  = 0.05029
INFO: (function: getCLs) AsymptoticLimits.cc: 343 -- At r = 489.277176:	q_mu = 4.03928	q_A  = 3.47151	CLsb = 0.02192	CLb  = 0.43945	CLs  = 0.04989
