INFO: (function: improveOnce) CascadeMinimizer.cc: 188 -- Minimisation configured with Type=Minuit2, Algo=Migrad, strategy=0, tolerance=0.1
INFO: (function: improveOnce) CascadeMinimizer.cc: 211 -- Minimisation finished with status=0
INFO: (function: improveOnce) CascadeMinimizer.cc: 216 -- Minimization success! status=0
INFO: (function: generateAsimov) ToyMCSamplerOpt.cc: 139 -- Using internal logic for binned/unbinned Asimov dataset generation
INFO: (function: generateWithHisto) ToyMCSamplerOpt.cc: 214 -- Generating asimov with histogram for pdf pdf_binfail_LOW_obsOnly: in 6 x-bins
INFO: (function: generateWithHisto) ToyMCSamplerOpt.cc: 215 -- , in 1 y-bins
INFO: (function: generateAsimov) ToyMCSamplerOpt.cc: 139 -- Using internal logic for binned/unbinned Asimov dataset generation
INFO: (function: generateWithHisto) ToyMCSamplerOpt.cc: 214 -- Generating asimov with histogram for pdf pdf_binfail_SIG_obsOnly: in 2 x-bins
INFO: (function: generateWithHisto) ToyMCSamplerOpt.cc: 215 -- , in 1 y-bins
INFO: (function: generateAsimov) ToyMCSamplerOpt.cc: 139 -- Using internal logic for binned/unbinned Asimov dataset generation
INFO: (function: generateWithHisto) ToyMCSamplerOpt.cc: 214 -- Generating asimov with histogram for pdf pdf_binpass_LOW_obsOnly: in 6 x-bins
INFO: (function: generateWithHisto) ToyMCSamplerOpt.cc: 215 -- , in 1 y-bins
INFO: (function: generateAsimov) ToyMCSamplerOpt.cc: 139 -- Using internal logic for binned/unbinned Asimov dataset generation
INFO: (function: generateWithHisto) ToyMCSamplerOpt.cc: 214 -- Generating asimov with histogram for pdf pdf_binpass_SIG_obsOnly: in 2 x-bins
INFO: (function: generateWithHisto) ToyMCSamplerOpt.cc: 215 -- , in 1 y-bins
INFO: (function: runLimitExpected) AsymptoticLimits.cc: 436 -- Median for expected limits = 142 (Sigma for expected limits = 72.4503)
INFO: (function: runLimit) AsymptoticLimits.cc: 193 -- NLL at global minimum of data = -11000 (r=66.0464)
INFO: (function: runLimit) AsymptoticLimits.cc: 213 -- NLL at global minimum of asimov = -11003 (r=0.281865)
INFO: (function: getCLs) AsymptoticLimits.cc: 343 -- At r = 236.694937:	q_mu = 2.60647	q_A  = 6.50802	CLsb = 0.05321	CLb  = 0.82552	CLs  = 0.06446
INFO: (function: getCLs) AsymptoticLimits.cc: 343 -- At r = 473.389874:	q_mu = 7.15681	q_A  = 12.13682	CLsb = 0.00373	CLb  = 0.79062	CLs  = 0.00472
INFO: (function: getCLs) AsymptoticLimits.cc: 343 -- At r = 269.718139:	q_mu = 3.25818	q_A  = 7.37858	CLsb = 0.03553	CLb  = 0.81893	CLs  = 0.04339
INFO: (function: getCLs) AsymptoticLimits.cc: 343 -- At r = 167.882272:	q_mu = 1.29025	q_A  = 4.59062	CLsb = 0.12800	CLb  = 0.84296	CLs  = 0.15185
INFO: (function: getCLs) AsymptoticLimits.cc: 343 -- At r = 218.800205:	q_mu = 2.25612	q_A  = 6.02294	CLsb = 0.06654	CLb  = 0.82948	CLs  = 0.08022
INFO: (function: getCLs) AsymptoticLimits.cc: 343 -- At r = 250.136968:	q_mu = 2.87126	q_A  = 6.86621	CLsb = 0.04509	CLb  = 0.82274	CLs  = 0.05480
INFO: (function: getCLs) AsymptoticLimits.cc: 343 -- At r = 260.204877:	q_mu = 3.07010	q_A  = 7.13103	CLsb = 0.03987	CLb  = 0.82075	CLs  = 0.04858
INFO: (function: getCLs) AsymptoticLimits.cc: 343 -- At r = 256.265627:	q_mu = 2.99227	q_A  = 7.02777	CLsb = 0.04183	CLb  = 0.82152	CLs  = 0.05092
INFO: (function: getCLs) AsymptoticLimits.cc: 343 -- At r = 258.274529:	q_mu = 3.03196	q_A  = 7.08049	CLsb = 0.04082	CLb  = 0.82113	CLs  = 0.04971
INFO: (function: getCLs) AsymptoticLimits.cc: 343 -- At r = 257.485731:	q_mu = 3.01637	q_A  = 7.05980	CLsb = 0.04121	CLb  = 0.82128	CLs  = 0.05018
