INFO: (function: improveOnce) CascadeMinimizer.cc: 188 -- Minimisation configured with Type=Minuit2, Algo=Migrad, strategy=0, tolerance=0.1
INFO: (function: improveOnce) CascadeMinimizer.cc: 211 -- Minimisation finished with status=0
INFO: (function: improveOnce) CascadeMinimizer.cc: 216 -- Minimization success! status=0
INFO: (function: generateAsimov) ToyMCSamplerOpt.cc: 139 -- Using internal logic for binned/unbinned Asimov dataset generation
INFO: (function: generateWithHisto) ToyMCSamplerOpt.cc: 214 -- Generating asimov with histogram for pdf pdf_binfail_LOW_obsOnly: in 5 x-bins
INFO: (function: generateWithHisto) ToyMCSamplerOpt.cc: 215 -- , in 1 y-bins
INFO: (function: generateAsimov) ToyMCSamplerOpt.cc: 139 -- Using internal logic for binned/unbinned Asimov dataset generation
INFO: (function: generateWithHisto) ToyMCSamplerOpt.cc: 214 -- Generating asimov with histogram for pdf pdf_binfail_SIG_obsOnly: in 4 x-bins
INFO: (function: generateWithHisto) ToyMCSamplerOpt.cc: 215 -- , in 1 y-bins
INFO: (function: generateAsimov) ToyMCSamplerOpt.cc: 139 -- Using internal logic for binned/unbinned Asimov dataset generation
INFO: (function: generateWithHisto) ToyMCSamplerOpt.cc: 214 -- Generating asimov with histogram for pdf pdf_binpass_LOW_obsOnly: in 5 x-bins
INFO: (function: generateWithHisto) ToyMCSamplerOpt.cc: 215 -- , in 1 y-bins
INFO: (function: generateAsimov) ToyMCSamplerOpt.cc: 139 -- Using internal logic for binned/unbinned Asimov dataset generation
INFO: (function: generateWithHisto) ToyMCSamplerOpt.cc: 214 -- Generating asimov with histogram for pdf pdf_binpass_SIG_obsOnly: in 4 x-bins
INFO: (function: generateWithHisto) ToyMCSamplerOpt.cc: 215 -- , in 1 y-bins
INFO: (function: runLimitExpected) AsymptoticLimits.cc: 436 -- Median for expected limits = 0.804688 (Sigma for expected limits = 0.410562)
INFO: (function: runLimit) AsymptoticLimits.cc: 193 -- NLL at global minimum of data = -76483.7 (r=0.0568474)
INFO: (function: runLimit) AsymptoticLimits.cc: 213 -- NLL at global minimum of asimov = -76487.3 (r=1.23535e-05)
INFO: (function: getCLs) AsymptoticLimits.cc: 343 -- At r = 1.256847:	q_mu = 3.50433	q_A  = 4.97170	CLsb = 0.03060	CLb  = 0.63973	CLs  = 0.04784
INFO: (function: getCLs) AsymptoticLimits.cc: 343 -- At r = 0.656847:	q_mu = 2.08879	q_A  = 3.37650	CLsb = 0.07419	CLb  = 0.65257	CLs  = 0.11369
INFO: (function: getCLs) AsymptoticLimits.cc: 343 -- At r = 1.112349:	q_mu = 3.20729	q_A  = 4.64227	CLsb = 0.03666	CLb  = 0.64196	CLs  = 0.05710
INFO: (function: getCLs) AsymptoticLimits.cc: 343 -- At r = 1.199085:	q_mu = 3.38814	q_A  = 4.84308	CLsb = 0.03283	CLb  = 0.64058	CLs  = 0.05126
INFO: (function: getCLs) AsymptoticLimits.cc: 343 -- At r = 1.227253:	q_mu = 3.44524	q_A  = 4.90622	CLsb = 0.03172	CLb  = 0.64015	CLs  = 0.04955
INFO: (function: getCLs) AsymptoticLimits.cc: 343 -- At r = 1.215562:	q_mu = 3.42165	q_A  = 4.88013	CLsb = 0.03217	CLb  = 0.64033	CLs  = 0.05025
INFO: (function: getCLs) AsymptoticLimits.cc: 343 -- At r = 1.221166:	q_mu = 3.43297	q_A  = 4.89266	CLsb = 0.03195	CLb  = 0.64024	CLs  = 0.04991
