INFO: (function: improveOnce) CascadeMinimizer.cc: 188 -- Minimisation configured with Type=Minuit2, Algo=Migrad, strategy=0, tolerance=0.1
INFO: (function: improveOnce) CascadeMinimizer.cc: 211 -- Minimisation finished with status=0
INFO: (function: improveOnce) CascadeMinimizer.cc: 216 -- Minimization success! status=0
INFO: (function: generateAsimov) ToyMCSamplerOpt.cc: 139 -- Using internal logic for binned/unbinned Asimov dataset generation
INFO: (function: generateWithHisto) ToyMCSamplerOpt.cc: 214 -- Generating asimov with histogram for pdf pdf_binfail_LOW_obsOnly: in 5 x-bins
INFO: (function: generateWithHisto) ToyMCSamplerOpt.cc: 215 -- , in 1 y-bins
INFO: (function: generateAsimov) ToyMCSamplerOpt.cc: 139 -- Using internal logic for binned/unbinned Asimov dataset generation
INFO: (function: generateWithHisto) ToyMCSamplerOpt.cc: 214 -- Generating asimov with histogram for pdf pdf_binfail_SIG_obsOnly: in 6 x-bins
INFO: (function: generateWithHisto) ToyMCSamplerOpt.cc: 215 -- , in 1 y-bins
INFO: (function: generateAsimov) ToyMCSamplerOpt.cc: 139 -- Using internal logic for binned/unbinned Asimov dataset generation
INFO: (function: generateWithHisto) ToyMCSamplerOpt.cc: 214 -- Generating asimov with histogram for pdf pdf_binpass_LOW_obsOnly: in 5 x-bins
INFO: (function: generateWithHisto) ToyMCSamplerOpt.cc: 215 -- , in 1 y-bins
INFO: (function: generateAsimov) ToyMCSamplerOpt.cc: 139 -- Using internal logic for binned/unbinned Asimov dataset generation
INFO: (function: generateWithHisto) ToyMCSamplerOpt.cc: 214 -- Generating asimov with histogram for pdf pdf_binpass_SIG_obsOnly: in 6 x-bins
INFO: (function: generateWithHisto) ToyMCSamplerOpt.cc: 215 -- , in 1 y-bins
INFO: (function: runLimitExpected) AsymptoticLimits.cc: 436 -- Median for expected limits = 14.75 (Sigma for expected limits = 7.52565)
INFO: (function: runLimit) AsymptoticLimits.cc: 193 -- NLL at global minimum of data = -11197.1 (r=1.28435e-05)
INFO: (function: runLimit) AsymptoticLimits.cc: 213 -- NLL at global minimum of asimov = -11197.3 (r=4.70146e-09)
INFO: (function: getCLs) AsymptoticLimits.cc: 343 -- At r = 9.746637:	q_mu = 2.68346	q_A  = 2.68330	CLsb = 0.05070	CLb  = 0.49998	CLs  = 0.10140
INFO: (function: getCLs) AsymptoticLimits.cc: 343 -- At r = 19.493273:	q_mu = 4.75571	q_A  = 4.81954	CLsb = 0.01460	CLb  = 0.50582	CLs  = 0.02887
INFO: (function: getCLs) AsymptoticLimits.cc: 343 -- At r = 9.746643:	q_mu = 2.68346	q_A  = 2.68329	CLsb = 0.05070	CLb  = 0.49998	CLs  = 0.10140
INFO: (function: getCLs) AsymptoticLimits.cc: 343 -- At r = 14.134517:	q_mu = 3.66885	q_A  = 3.69750	CLsb = 0.02772	CLb  = 0.50298	CLs  = 0.05511
INFO: (function: getCLs) AsymptoticLimits.cc: 343 -- At r = 15.851366:	q_mu = 4.02951	q_A  = 4.06945	CLsb = 0.02236	CLb  = 0.50396	CLs  = 0.04436
INFO: (function: getCLs) AsymptoticLimits.cc: 343 -- At r = 15.093811:	q_mu = 3.87191	q_A  = 3.90688	CLsb = 0.02455	CLb  = 0.50354	CLs  = 0.04876
INFO: (function: getCLs) AsymptoticLimits.cc: 343 -- At r = 14.744091:	q_mu = 3.79835	q_A  = 3.83101	CLsb = 0.02565	CLb  = 0.50334	CLs  = 0.05096
INFO: (function: getCLs) AsymptoticLimits.cc: 343 -- At r = 14.934584:	q_mu = 3.83849	q_A  = 3.87240	CLsb = 0.02504	CLb  = 0.50345	CLs  = 0.04975
INFO: (function: getCLs) AsymptoticLimits.cc: 343 -- At r = 14.864365:	q_mu = 3.82371	q_A  = 3.85716	CLsb = 0.02527	CLb  = 0.50341	CLs  = 0.05019
INFO: (function: getCLs) AsymptoticLimits.cc: 343 -- At r = 14.902411:	q_mu = 3.83172	q_A  = 3.86542	CLsb = 0.02515	CLb  = 0.50343	CLs  = 0.04995
