INFO: (function: improveOnce) CascadeMinimizer.cc: 188 -- Minimisation configured with Type=Minuit2, Algo=Migrad, strategy=0, tolerance=0.1
INFO: (function: improveOnce) CascadeMinimizer.cc: 211 -- Minimisation finished with status=-1
DEBUG: (function: improveOnce) CascadeMinimizer.cc: 217 -- Minimization ended with latest status != 0 or 1
INFO: (function: generateAsimov) ToyMCSamplerOpt.cc: 139 -- Using internal logic for binned/unbinned Asimov dataset generation
INFO: (function: generateWithHisto) ToyMCSamplerOpt.cc: 214 -- Generating asimov with histogram for pdf pdf_binSR1_fail_LOW_obsOnly: in 5 x-bins
INFO: (function: generateWithHisto) ToyMCSamplerOpt.cc: 215 -- , in 1 y-bins
INFO: (function: generateAsimov) ToyMCSamplerOpt.cc: 139 -- Using internal logic for binned/unbinned Asimov dataset generation
INFO: (function: generateWithHisto) ToyMCSamplerOpt.cc: 214 -- Generating asimov with histogram for pdf pdf_binSR1_fail_SIG_obsOnly: in 14 x-bins
INFO: (function: generateWithHisto) ToyMCSamplerOpt.cc: 215 -- , in 1 y-bins
INFO: (function: generateAsimov) ToyMCSamplerOpt.cc: 139 -- Using internal logic for binned/unbinned Asimov dataset generation
INFO: (function: generateWithHisto) ToyMCSamplerOpt.cc: 214 -- Generating asimov with histogram for pdf pdf_binSR1_pass_LOW_obsOnly: in 5 x-bins
INFO: (function: generateWithHisto) ToyMCSamplerOpt.cc: 215 -- , in 1 y-bins
INFO: (function: generateAsimov) ToyMCSamplerOpt.cc: 139 -- Using internal logic for binned/unbinned Asimov dataset generation
INFO: (function: generateWithHisto) ToyMCSamplerOpt.cc: 214 -- Generating asimov with histogram for pdf pdf_binSR1_pass_SIG_obsOnly: in 14 x-bins
INFO: (function: generateWithHisto) ToyMCSamplerOpt.cc: 215 -- , in 1 y-bins
INFO: (function: generateAsimov) ToyMCSamplerOpt.cc: 139 -- Using internal logic for binned/unbinned Asimov dataset generation
INFO: (function: generateWithHisto) ToyMCSamplerOpt.cc: 214 -- Generating asimov with histogram for pdf pdf_binSR2_fail_LOW_obsOnly: in 5 x-bins
INFO: (function: generateWithHisto) ToyMCSamplerOpt.cc: 215 -- , in 1 y-bins
INFO: (function: generateAsimov) ToyMCSamplerOpt.cc: 139 -- Using internal logic for binned/unbinned Asimov dataset generation
INFO: (function: generateWithHisto) ToyMCSamplerOpt.cc: 214 -- Generating asimov with histogram for pdf pdf_binSR2_fail_SIG_obsOnly: in 14 x-bins
INFO: (function: generateWithHisto) ToyMCSamplerOpt.cc: 215 -- , in 1 y-bins
INFO: (function: generateAsimov) ToyMCSamplerOpt.cc: 139 -- Using internal logic for binned/unbinned Asimov dataset generation
INFO: (function: generateWithHisto) ToyMCSamplerOpt.cc: 214 -- Generating asimov with histogram for pdf pdf_binSR2_pass_LOW_obsOnly: in 5 x-bins
INFO: (function: generateWithHisto) ToyMCSamplerOpt.cc: 215 -- , in 1 y-bins
INFO: (function: generateAsimov) ToyMCSamplerOpt.cc: 139 -- Using internal logic for binned/unbinned Asimov dataset generation
INFO: (function: generateWithHisto) ToyMCSamplerOpt.cc: 214 -- Generating asimov with histogram for pdf pdf_binSR2_pass_SIG_obsOnly: in 14 x-bins
INFO: (function: generateWithHisto) ToyMCSamplerOpt.cc: 215 -- , in 1 y-bins
INFO: (function: generateAsimov) ToyMCSamplerOpt.cc: 139 -- Using internal logic for binned/unbinned Asimov dataset generation
INFO: (function: generateWithHisto) ToyMCSamplerOpt.cc: 214 -- Generating asimov with histogram for pdf pdf_binSR3_fail_LOW_obsOnly: in 5 x-bins
INFO: (function: generateWithHisto) ToyMCSamplerOpt.cc: 215 -- , in 1 y-bins
INFO: (function: generateAsimov) ToyMCSamplerOpt.cc: 139 -- Using internal logic for binned/unbinned Asimov dataset generation
INFO: (function: generateWithHisto) ToyMCSamplerOpt.cc: 214 -- Generating asimov with histogram for pdf pdf_binSR3_fail_SIG_obsOnly: in 14 x-bins
INFO: (function: generateWithHisto) ToyMCSamplerOpt.cc: 215 -- , in 1 y-bins
INFO: (function: generateAsimov) ToyMCSamplerOpt.cc: 139 -- Using internal logic for binned/unbinned Asimov dataset generation
INFO: (function: generateWithHisto) ToyMCSamplerOpt.cc: 214 -- Generating asimov with histogram for pdf pdf_binSR3_pass_LOW_obsOnly: in 5 x-bins
INFO: (function: generateWithHisto) ToyMCSamplerOpt.cc: 215 -- , in 1 y-bins
INFO: (function: generateAsimov) ToyMCSamplerOpt.cc: 139 -- Using internal logic for binned/unbinned Asimov dataset generation
INFO: (function: generateWithHisto) ToyMCSamplerOpt.cc: 214 -- Generating asimov with histogram for pdf pdf_binSR3_pass_SIG_obsOnly: in 14 x-bins
INFO: (function: generateWithHisto) ToyMCSamplerOpt.cc: 215 -- , in 1 y-bins
INFO: (function: runLimitExpected) AsymptoticLimits.cc: 436 -- Median for expected limits = 0.960938 (Sigma for expected limits = 0.490283)
INFO: (function: runLimit) AsymptoticLimits.cc: 193 -- NLL at global minimum of data = -8.77788e+06 (r=4.54181e-10)
INFO: (function: runLimit) AsymptoticLimits.cc: 213 -- NLL at global minimum of asimov = -8.77788e+06 (r=5.61668e-05)
INFO: (function: getCLs) AsymptoticLimits.cc: 343 -- At r = 1.200000:	q_mu = 9.29259	q_A  = 4.67062	CLsb = 0.00062	CLb  = 0.14246	CLs  = 0.00434
INFO: (function: getCLs) AsymptoticLimits.cc: 343 -- At r = 0.600000:	q_mu = 5.34375	q_A  = 2.52113	CLsb = 0.00663	CLb  = 0.18704	CLs  = 0.03545
INFO: (function: getCLs) AsymptoticLimits.cc: 343 -- At r = 0.300000:	q_mu = 2.94635	q_A  = 1.28362	CLsb = 0.03097	CLb  = 0.23154	CLs  = 0.13375
INFO: (function: getCLs) AsymptoticLimits.cc: 343 -- At r = 0.477849:	q_mu = 4.41467	q_A  = 2.03431	CLsb = 0.01189	CLb  = 0.20201	CLs  = 0.05885
INFO: (function: getCLs) AsymptoticLimits.cc: 343 -- At r = 0.533691:	q_mu = 4.84642	q_A  = 2.25922	CLsb = 0.00905	CLb  = 0.19472	CLs  = 0.04646
INFO: (function: getCLs) AsymptoticLimits.cc: 343 -- At r = 0.508640:	q_mu = 4.65425	q_A  = 2.15874	CLsb = 0.01021	CLb  = 0.19788	CLs  = 0.05160
INFO: (function: getCLs) AsymptoticLimits.cc: 343 -- At r = 0.519675:	q_mu = 4.73918	q_A  = 2.20300	CLsb = 0.00968	CLb  = 0.19645	CLs  = 0.04926
INFO: (function: getCLs) AsymptoticLimits.cc: 343 -- At r = 0.514642:	q_mu = 4.70050	q_A  = 2.18273	CLsb = 0.00992	CLb  = 0.19708	CLs  = 0.05032
INFO: (function: getCLs) AsymptoticLimits.cc: 343 -- At r = 0.516847:	q_mu = 4.71746	q_A  = 2.19152	CLsb = 0.00981	CLb  = 0.19679	CLs  = 0.04985
