INFO: (function: improveOnce) CascadeMinimizer.cc: 188 -- Minimisation configured with Type=Minuit2, Algo=Migrad, strategy=0, tolerance=0.1
INFO: (function: improveOnce) CascadeMinimizer.cc: 211 -- Minimisation finished with status=0
INFO: (function: improveOnce) CascadeMinimizer.cc: 216 -- Minimization success! status=0
INFO: (function: generateAsimov) ToyMCSamplerOpt.cc: 139 -- Using internal logic for binned/unbinned Asimov dataset generation
INFO: (function: generateWithHisto) ToyMCSamplerOpt.cc: 214 -- Generating asimov with histogram for pdf pdf_binfail_LOW_obsOnly: in 38 x-bins
INFO: (function: generateWithHisto) ToyMCSamplerOpt.cc: 215 -- , in 1 y-bins
INFO: (function: generateAsimov) ToyMCSamplerOpt.cc: 139 -- Using internal logic for binned/unbinned Asimov dataset generation
INFO: (function: generateWithHisto) ToyMCSamplerOpt.cc: 214 -- Generating asimov with histogram for pdf pdf_binfail_SIG_obsOnly: in 2 x-bins
INFO: (function: generateWithHisto) ToyMCSamplerOpt.cc: 215 -- , in 1 y-bins
INFO: (function: generateAsimov) ToyMCSamplerOpt.cc: 139 -- Using internal logic for binned/unbinned Asimov dataset generation
INFO: (function: generateWithHisto) ToyMCSamplerOpt.cc: 214 -- Generating asimov with histogram for pdf pdf_binpass_LOW_obsOnly: in 38 x-bins
INFO: (function: generateWithHisto) ToyMCSamplerOpt.cc: 215 -- , in 1 y-bins
INFO: (function: generateAsimov) ToyMCSamplerOpt.cc: 139 -- Using internal logic for binned/unbinned Asimov dataset generation
INFO: (function: generateWithHisto) ToyMCSamplerOpt.cc: 214 -- Generating asimov with histogram for pdf pdf_binpass_SIG_obsOnly: in 2 x-bins
INFO: (function: generateWithHisto) ToyMCSamplerOpt.cc: 215 -- , in 1 y-bins
INFO: (function: runLimitExpected) AsymptoticLimits.cc: 436 -- Median for expected limits = 0.607422 (Sigma for expected limits = 0.309915)
INFO: (function: runLimit) AsymptoticLimits.cc: 193 -- NLL at global minimum of data = -41470.1 (r=0.375814)
INFO: (function: runLimit) AsymptoticLimits.cc: 213 -- NLL at global minimum of asimov = -41535.7 (r=0.00279485)
INFO: (function: getCLs) AsymptoticLimits.cc: 343 -- At r = 1.575814:	q_mu = 10.11178	q_A  = 18.13427	CLsb = 0.00074	CLb  = 0.85960	CLs  = 0.00086
INFO: (function: getCLs) AsymptoticLimits.cc: 343 -- At r = 0.975814:	q_mu = 3.19614	q_A  = 8.68155	CLsb = 0.03691	CLb  = 0.87671	CLs  = 0.04210
INFO: (function: getCLs) AsymptoticLimits.cc: 343 -- At r = 0.675814:	q_mu = 0.90130	q_A  = 4.63854	CLsb = 0.17122	CLb  = 0.88577	CLs  = 0.19330
INFO: (function: getCLs) AsymptoticLimits.cc: 343 -- At r = 0.825814:	q_mu = 1.90552	q_A  = 6.56950	CLsb = 0.08373	CLb  = 0.88154	CLs  = 0.09498
INFO: (function: getCLs) AsymptoticLimits.cc: 343 -- At r = 0.920440:	q_mu = 2.69118	q_A  = 7.88404	CLsb = 0.05045	CLb  = 0.87847	CLs  = 0.05743
INFO: (function: getCLs) AsymptoticLimits.cc: 343 -- At r = 0.951277:	q_mu = 2.96851	q_A  = 8.32577	CLsb = 0.04245	CLb  = 0.87748	CLs  = 0.04838
INFO: (function: getCLs) AsymptoticLimits.cc: 343 -- At r = 0.940365:	q_mu = 2.86923	q_A  = 8.16876	CLsb = 0.04514	CLb  = 0.87783	CLs  = 0.05143
INFO: (function: getCLs) AsymptoticLimits.cc: 343 -- At r = 0.946565:	q_mu = 2.92548	q_A  = 8.25787	CLsb = 0.04360	CLb  = 0.87764	CLs  = 0.04967
INFO: (function: getCLs) AsymptoticLimits.cc: 343 -- At r = 0.944389:	q_mu = 2.90569	q_A  = 8.22656	CLsb = 0.04413	CLb  = 0.87770	CLs  = 0.05028
