INFO: (function: improveOnce) CascadeMinimizer.cc: 188 -- Minimisation configured with Type=Minuit2, Algo=Migrad, strategy=0, tolerance=0.1
INFO: (function: improveOnce) CascadeMinimizer.cc: 211 -- Minimisation finished with status=0
INFO: (function: improveOnce) CascadeMinimizer.cc: 216 -- Minimization success! status=0
INFO: (function: generateAsimov) ToyMCSamplerOpt.cc: 139 -- Using internal logic for binned/unbinned Asimov dataset generation
INFO: (function: generateWithHisto) ToyMCSamplerOpt.cc: 214 -- Generating asimov with histogram for pdf pdf_binfail_LOW_obsOnly: in 5 x-bins
INFO: (function: generateWithHisto) ToyMCSamplerOpt.cc: 215 -- , in 1 y-bins
INFO: (function: generateAsimov) ToyMCSamplerOpt.cc: 139 -- Using internal logic for binned/unbinned Asimov dataset generation
INFO: (function: generateWithHisto) ToyMCSamplerOpt.cc: 214 -- Generating asimov with histogram for pdf pdf_binfail_SIG_obsOnly: in 3 x-bins
INFO: (function: generateWithHisto) ToyMCSamplerOpt.cc: 215 -- , in 1 y-bins
INFO: (function: generateAsimov) ToyMCSamplerOpt.cc: 139 -- Using internal logic for binned/unbinned Asimov dataset generation
INFO: (function: generateWithHisto) ToyMCSamplerOpt.cc: 214 -- Generating asimov with histogram for pdf pdf_binpass_LOW_obsOnly: in 5 x-bins
INFO: (function: generateWithHisto) ToyMCSamplerOpt.cc: 215 -- , in 1 y-bins
INFO: (function: generateAsimov) ToyMCSamplerOpt.cc: 139 -- Using internal logic for binned/unbinned Asimov dataset generation
INFO: (function: generateWithHisto) ToyMCSamplerOpt.cc: 214 -- Generating asimov with histogram for pdf pdf_binpass_SIG_obsOnly: in 3 x-bins
INFO: (function: generateWithHisto) ToyMCSamplerOpt.cc: 215 -- , in 1 y-bins
INFO: (function: runLimitExpected) AsymptoticLimits.cc: 436 -- Median for expected limits = 87 (Sigma for expected limits = 44.3886)
INFO: (function: runLimit) AsymptoticLimits.cc: 193 -- NLL at global minimum of data = -44560.6 (r=0.000241207)
INFO: (function: runLimit) AsymptoticLimits.cc: 213 -- NLL at global minimum of asimov = -44561.8 (r=1.45979e-14)
INFO: (function: getCLs) AsymptoticLimits.cc: 343 -- At r = 71.406188:	q_mu = 3.11001	q_A  = 3.12645	CLsb = 0.03891	CLb  = 0.50186	CLs  = 0.07752
INFO: (function: getCLs) AsymptoticLimits.cc: 343 -- At r = 142.812377:	q_mu = 6.45675	q_A  = 6.46012	CLsb = 0.00553	CLb  = 0.50026	CLs  = 0.01105
INFO: (function: getCLs) AsymptoticLimits.cc: 343 -- At r = 71.406309:	q_mu = 3.11002	q_A  = 3.12646	CLsb = 0.03891	CLb  = 0.50186	CLs  = 0.07752
INFO: (function: getCLs) AsymptoticLimits.cc: 343 -- At r = 107.109343:	q_mu = 4.75897	q_A  = 4.77197	CLsb = 0.01457	CLb  = 0.50119	CLs  = 0.02908
INFO: (function: getCLs) AsymptoticLimits.cc: 343 -- At r = 91.320664:	q_mu = 4.02310	q_A  = 4.03856	CLsb = 0.02244	CLb  = 0.50154	CLs  = 0.04474
INFO: (function: getCLs) AsymptoticLimits.cc: 343 -- At r = 84.118302:	q_mu = 3.69089	q_A  = 3.70697	CLsb = 0.02736	CLb  = 0.50167	CLs  = 0.05453
INFO: (function: getCLs) AsymptoticLimits.cc: 343 -- At r = 88.084722:	q_mu = 3.87356	q_A  = 3.88935	CLsb = 0.02453	CLb  = 0.50160	CLs  = 0.04890
INFO: (function: getCLs) AsymptoticLimits.cc: 343 -- At r = 86.641628:	q_mu = 3.80702	q_A  = 3.82292	CLsb = 0.02552	CLb  = 0.50162	CLs  = 0.05087
INFO: (function: getCLs) AsymptoticLimits.cc: 343 -- At r = 87.434384:	q_mu = 3.84356	q_A  = 3.85940	CLsb = 0.02497	CLb  = 0.50161	CLs  = 0.04978
INFO: (function: getCLs) AsymptoticLimits.cc: 343 -- At r = 87.145656:	q_mu = 3.83025	q_A  = 3.84611	CLsb = 0.02517	CLb  = 0.50161	CLs  = 0.05017
