INFO: (function: improveOnce) CascadeMinimizer.cc: 188 -- Minimisation configured with Type=Minuit2, Algo=Migrad, strategy=0, tolerance=0.1
INFO: (function: improveOnce) CascadeMinimizer.cc: 211 -- Minimisation finished with status=0
INFO: (function: improveOnce) CascadeMinimizer.cc: 216 -- Minimization success! status=0
INFO: (function: generateAsimov) ToyMCSamplerOpt.cc: 139 -- Using internal logic for binned/unbinned Asimov dataset generation
INFO: (function: generateWithHisto) ToyMCSamplerOpt.cc: 214 -- Generating asimov with histogram for pdf pdf_binfail_LOW_obsOnly: in 45 x-bins
INFO: (function: generateWithHisto) ToyMCSamplerOpt.cc: 215 -- , in 1 y-bins
INFO: (function: generateAsimov) ToyMCSamplerOpt.cc: 139 -- Using internal logic for binned/unbinned Asimov dataset generation
INFO: (function: generateWithHisto) ToyMCSamplerOpt.cc: 214 -- Generating asimov with histogram for pdf pdf_binfail_SIG_obsOnly: in 5 x-bins
INFO: (function: generateWithHisto) ToyMCSamplerOpt.cc: 215 -- , in 1 y-bins
INFO: (function: generateAsimov) ToyMCSamplerOpt.cc: 139 -- Using internal logic for binned/unbinned Asimov dataset generation
INFO: (function: generateWithHisto) ToyMCSamplerOpt.cc: 214 -- Generating asimov with histogram for pdf pdf_binpass_LOW_obsOnly: in 45 x-bins
INFO: (function: generateWithHisto) ToyMCSamplerOpt.cc: 215 -- , in 1 y-bins
INFO: (function: generateAsimov) ToyMCSamplerOpt.cc: 139 -- Using internal logic for binned/unbinned Asimov dataset generation
INFO: (function: generateWithHisto) ToyMCSamplerOpt.cc: 214 -- Generating asimov with histogram for pdf pdf_binpass_SIG_obsOnly: in 5 x-bins
INFO: (function: generateWithHisto) ToyMCSamplerOpt.cc: 215 -- , in 1 y-bins
DEBUG: (function: runLimitExpected) AsymptoticLimits.cc: 423 -- Best fit of asimov dataset is at r = 0.088364 (0.004418 times rMax), while it should be at zero
INFO: (function: runLimitExpected) AsymptoticLimits.cc: 436 -- Median for expected limits = 931 (Sigma for expected limits = 475.009)
INFO: (function: runLimit) AsymptoticLimits.cc: 193 -- NLL at global minimum of data = -10494.5 (r=221.343)
INFO: (function: runLimit) AsymptoticLimits.cc: 213 -- NLL at global minimum of asimov = -10772.7 (r=0.229525)
INFO: (function: getCLs) AsymptoticLimits.cc: 343 -- At r = 360.307763:	q_mu = 0.00000	q_A  = 1.15803	CLsb = 0.50000	CLb  = 0.85906	CLs  = 0.58203
INFO: (function: getCLs) AsymptoticLimits.cc: 343 -- At r = 720.615525:	q_mu = 0.00000	q_A  = 2.60173	CLsb = 0.50000	CLb  = 0.94663	CLs  = 0.52819
INFO: (function: getCLs) AsymptoticLimits.cc: 343 -- At r = 1441.231051:	q_mu = 0.00000	q_A  = 8.01243	CLsb = 0.50000	CLb  = 0.99768	CLs  = 0.50116
INFO: (function: getCLs) AsymptoticLimits.cc: 343 -- At r = 2882.462101:	q_mu = 0.00000	q_A  = 27.98766	CLsb = 0.50000	CLb  = 1.00000	CLs  = 0.50000
INFO: (function: getCLs) AsymptoticLimits.cc: 343 -- At r = 5764.924203:	q_mu = 0.00000	q_A  = 98.77696	CLsb = 0.50000	CLb  = 1.00000	CLs  = 0.50000
INFO: (function: getCLs) AsymptoticLimits.cc: 343 -- At r = 5875.595483:	q_mu = 0.00000	q_A  = 102.21080	CLsb = 0.50000	CLb  = 1.00000	CLs  = 0.50000
INFO: (function: getCLs) AsymptoticLimits.cc: 343 -- At r = 8702.721944:	q_mu = 0.00000	q_A  = 174.04248	CLsb = 0.50000	CLb  = 1.00000	CLs  = 0.50000
INFO: (function: getCLs) AsymptoticLimits.cc: 343 -- At r = 10116.285175:	q_mu = 0.00000	q_A  = 212.81695	CLsb = 0.50000	CLb  = 1.00000	CLs  = 0.50000
INFO: (function: getCLs) AsymptoticLimits.cc: 343 -- At r = 10823.066791:	q_mu = 0.00000	q_A  = 233.65191	CLsb = 0.50000	CLb  = 1.00000	CLs  = 0.50000
INFO: (function: getCLs) AsymptoticLimits.cc: 343 -- At r = 11176.457598:	q_mu = 0.00000	q_A  = 244.40931	CLsb = 0.50000	CLb  = 1.00000	CLs  = 0.50000
INFO: (function: getCLs) AsymptoticLimits.cc: 343 -- At r = 11353.153002:	q_mu = 0.00000	q_A  = 249.87046	CLsb = 0.50000	CLb  = 1.00000	CLs  = 0.50000
INFO: (function: getCLs) AsymptoticLimits.cc: 343 -- At r = 11441.500704:	q_mu = 0.00000	q_A  = 252.62119	CLsb = 0.50000	CLb  = 1.00000	CLs  = 0.50000
INFO: (function: getCLs) AsymptoticLimits.cc: 343 -- At r = 11485.674555:	q_mu = 0.00000	q_A  = 254.00170	CLsb = 0.50000	CLb  = 1.00000	CLs  = 0.50000
