INFO: (function: improveOnce) CascadeMinimizer.cc: 188 -- Minimisation configured with Type=Minuit2, Algo=Migrad, strategy=0, tolerance=0.1
INFO: (function: improveOnce) CascadeMinimizer.cc: 211 -- Minimisation finished with status=0
INFO: (function: improveOnce) CascadeMinimizer.cc: 216 -- Minimization success! status=0
INFO: (function: generateAsimov) ToyMCSamplerOpt.cc: 139 -- Using internal logic for binned/unbinned Asimov dataset generation
INFO: (function: generateWithHisto) ToyMCSamplerOpt.cc: 214 -- Generating asimov with histogram for pdf pdf_binfail_LOW_obsOnly: in 45 x-bins
INFO: (function: generateWithHisto) ToyMCSamplerOpt.cc: 215 -- , in 1 y-bins
INFO: (function: generateAsimov) ToyMCSamplerOpt.cc: 139 -- Using internal logic for binned/unbinned Asimov dataset generation
INFO: (function: generateWithHisto) ToyMCSamplerOpt.cc: 214 -- Generating asimov with histogram for pdf pdf_binfail_SIG_obsOnly: in 5 x-bins
INFO: (function: generateWithHisto) ToyMCSamplerOpt.cc: 215 -- , in 1 y-bins
INFO: (function: generateAsimov) ToyMCSamplerOpt.cc: 139 -- Using internal logic for binned/unbinned Asimov dataset generation
INFO: (function: generateWithHisto) ToyMCSamplerOpt.cc: 214 -- Generating asimov with histogram for pdf pdf_binpass_LOW_obsOnly: in 45 x-bins
INFO: (function: generateWithHisto) ToyMCSamplerOpt.cc: 215 -- , in 1 y-bins
INFO: (function: generateAsimov) ToyMCSamplerOpt.cc: 139 -- Using internal logic for binned/unbinned Asimov dataset generation
INFO: (function: generateWithHisto) ToyMCSamplerOpt.cc: 214 -- Generating asimov with histogram for pdf pdf_binpass_SIG_obsOnly: in 5 x-bins
INFO: (function: generateWithHisto) ToyMCSamplerOpt.cc: 215 -- , in 1 y-bins
DEBUG: (function: runLimitExpected) AsymptoticLimits.cc: 423 -- Best fit of asimov dataset is at r = 0.052434 (0.002622 times rMax), while it should be at zero
INFO: (function: runLimitExpected) AsymptoticLimits.cc: 436 -- Median for expected limits = 0.0639648 (Sigma for expected limits = 0.0326357)
INFO: (function: runLimit) AsymptoticLimits.cc: 193 -- NLL at global minimum of data = -10478.9 (r=0.0566728)
INFO: (function: runLimit) AsymptoticLimits.cc: 213 -- NLL at global minimum of asimov = -10519.5 (r=0.0524373)
INFO: (function: getCLs) AsymptoticLimits.cc: 343 -- At r = 1.256673:	q_mu = 1555.77014	q_A  = 1424.88595	CLsb = 0.00000	CLb  = 0.04149	CLs  = 0.00000
INFO: (function: getCLs) AsymptoticLimits.cc: 343 -- At r = 0.656673:	q_mu = 751.28901	q_A  = 781.60378	CLsb = 0.00000	CLb  = 0.70799	CLs  = 0.00000
INFO: (function: getCLs) AsymptoticLimits.cc: 343 -- At r = 0.356673:	q_mu = 461.40625	q_A  = 488.35034	CLsb = 0.00000	CLb  = 0.73180	CLs  = 0.00000
INFO: (function: getCLs) AsymptoticLimits.cc: 343 -- At r = 0.206673:	q_mu = 344.56157	q_A  = 224.08748	CLsb = 0.00000	CLb  = 0.00003	CLs  = 0.00000
INFO: (function: getCLs) AsymptoticLimits.cc: 343 -- At r = 0.131673:	q_mu = 68.77474	q_A  = 87.48086	CLsb = 0.00000	CLb  = 0.85544	CLs  = 0.00000
INFO: (function: getCLs) AsymptoticLimits.cc: 343 -- At r = 0.094173:	q_mu = 22.85644	q_A  = 33.08540	CLsb = 0.00000	CLb  = 0.83426	CLs  = 0.00000
INFO: (function: getCLs) AsymptoticLimits.cc: 343 -- At r = 0.075423:	q_mu = 8.26834	q_A  = 13.73783	CLsb = 0.00202	CLb  = 0.79701	CLs  = 0.00253
INFO: (function: getCLs) AsymptoticLimits.cc: 343 -- At r = 0.066048:	q_mu = 4.33765	q_A  = 7.34296	CLsb = 0.01864	CLb  = 0.73470	CLs  = 0.02537
INFO: (function: getCLs) AsymptoticLimits.cc: 343 -- At r = 0.061360:	q_mu = 3.46457	q_A  = 5.23846	CLsb = 0.03135	CLb  = 0.66547	CLs  = 0.04711
INFO: (function: getCLs) AsymptoticLimits.cc: 343 -- At r = 0.059017:	q_mu = 3.34408	q_A  = 4.50666	CLsb = 0.03372	CLb  = 0.61570	CLs  = 0.05477
INFO: (function: getCLs) AsymptoticLimits.cc: 343 -- At r = 0.060150:	q_mu = 3.37446	q_A  = 4.83227	CLsb = 0.03311	CLb  = 0.64105	CLs  = 0.05164
INFO: (function: getCLs) AsymptoticLimits.cc: 343 -- At r = 0.060733:	q_mu = 3.41056	q_A  = 5.02041	CLsb = 0.03239	CLb  = 0.65316	CLs  = 0.04959
INFO: (function: getCLs) AsymptoticLimits.cc: 343 -- At r = 0.060522:	q_mu = 3.39590	q_A  = 4.95067	CLsb = 0.03268	CLb  = 0.64885	CLs  = 0.05037
