INFO: (function: improveOnce) CascadeMinimizer.cc: 188 -- Minimisation configured with Type=Minuit2, Algo=Migrad, strategy=0, tolerance=0.1
INFO: (function: improveOnce) CascadeMinimizer.cc: 211 -- Minimisation finished with status=0
INFO: (function: improveOnce) CascadeMinimizer.cc: 216 -- Minimization success! status=0
INFO: (function: generateAsimov) ToyMCSamplerOpt.cc: 139 -- Using internal logic for binned/unbinned Asimov dataset generation
INFO: (function: generateWithHisto) ToyMCSamplerOpt.cc: 214 -- Generating asimov with histogram for pdf pdf_binfail_LOW_obsOnly: in 5 x-bins
INFO: (function: generateWithHisto) ToyMCSamplerOpt.cc: 215 -- , in 1 y-bins
INFO: (function: generateAsimov) ToyMCSamplerOpt.cc: 139 -- Using internal logic for binned/unbinned Asimov dataset generation
INFO: (function: generateWithHisto) ToyMCSamplerOpt.cc: 214 -- Generating asimov with histogram for pdf pdf_binfail_SIG_obsOnly: in 4 x-bins
INFO: (function: generateWithHisto) ToyMCSamplerOpt.cc: 215 -- , in 1 y-bins
INFO: (function: generateAsimov) ToyMCSamplerOpt.cc: 139 -- Using internal logic for binned/unbinned Asimov dataset generation
INFO: (function: generateWithHisto) ToyMCSamplerOpt.cc: 214 -- Generating asimov with histogram for pdf pdf_binpass_LOW_obsOnly: in 5 x-bins
INFO: (function: generateWithHisto) ToyMCSamplerOpt.cc: 215 -- , in 1 y-bins
INFO: (function: generateAsimov) ToyMCSamplerOpt.cc: 139 -- Using internal logic for binned/unbinned Asimov dataset generation
INFO: (function: generateWithHisto) ToyMCSamplerOpt.cc: 214 -- Generating asimov with histogram for pdf pdf_binpass_SIG_obsOnly: in 4 x-bins
INFO: (function: generateWithHisto) ToyMCSamplerOpt.cc: 215 -- , in 1 y-bins
INFO: (function: runLimitExpected) AsymptoticLimits.cc: 436 -- Median for expected limits = 0.00439453 (Sigma for expected limits = 0.00224215)
INFO: (function: runLimit) AsymptoticLimits.cc: 193 -- NLL at global minimum of data = -77650.6 (r=0.00111537)
INFO: (function: runLimit) AsymptoticLimits.cc: 213 -- NLL at global minimum of asimov = -77656.2 (r=2.85146e-10)
INFO: (function: getCLs) AsymptoticLimits.cc: 343 -- At r = 1.201115:	q_mu = 745.68570	q_A  = 752.78031	CLsb = 0.00000	CLb  = 0.55156	CLs  = 0.00000
INFO: (function: getCLs) AsymptoticLimits.cc: 343 -- At r = 0.601115:	q_mu = 422.61811	q_A  = 429.09174	CLsb = 0.00000	CLb  = 0.56232	CLs  = 0.00000
INFO: (function: getCLs) AsymptoticLimits.cc: 343 -- At r = 0.301115:	q_mu = 241.12509	q_A  = 246.91655	CLsb = 0.00000	CLb  = 0.57353	CLs  = 0.00000
INFO: (function: getCLs) AsymptoticLimits.cc: 343 -- At r = 0.151115:	q_mu = 135.53718	q_A  = 140.80778	CLsb = 0.00000	CLb  = 0.58870	CLs  = 0.00000
INFO: (function: getCLs) AsymptoticLimits.cc: 343 -- At r = 0.076115:	q_mu = 71.60108	q_A  = 76.27871	CLsb = 0.00000	CLb  = 0.60720	CLs  = 0.00000
INFO: (function: getCLs) AsymptoticLimits.cc: 343 -- At r = 0.038615:	q_mu = 35.60941	q_A  = 39.63656	CLsb = 0.00000	CLb  = 0.62869	CLs  = 0.00000
INFO: (function: getCLs) AsymptoticLimits.cc: 343 -- At r = 0.019865:	q_mu = 16.63995	q_A  = 19.99212	CLsb = 0.00002	CLb  = 0.65249	CLs  = 0.00003
INFO: (function: getCLs) AsymptoticLimits.cc: 343 -- At r = 0.010490:	q_mu = 7.21484	q_A  = 9.89814	CLsb = 0.00362	CLb  = 0.67727	CLs  = 0.00534
INFO: (function: getCLs) AsymptoticLimits.cc: 343 -- At r = 0.005803:	q_mu = 2.87028	q_A  = 4.93202	CLsb = 0.04511	CLb  = 0.70077	CLs  = 0.06438
INFO: (function: getCLs) AsymptoticLimits.cc: 343 -- At r = 0.008147:	q_mu = 4.97871	q_A  = 7.39370	CLsb = 0.01283	CLb  = 0.68717	CLs  = 0.01867
INFO: (function: getCLs) AsymptoticLimits.cc: 343 -- At r = 0.006655:	q_mu = 3.61641	q_A  = 5.81969	CLsb = 0.02861	CLb  = 0.69523	CLs  = 0.04115
INFO: (function: getCLs) AsymptoticLimits.cc: 343 -- At r = 0.006188:	q_mu = 3.20392	q_A  = 5.33183	CLsb = 0.03673	CLb  = 0.69816	CLs  = 0.05261
