INFO: (function: improveOnce) CascadeMinimizer.cc: 188 -- Minimisation configured with Type=Minuit2, Algo=Migrad, strategy=0, tolerance=0.1
INFO: (function: improveOnce) CascadeMinimizer.cc: 211 -- Minimisation finished with status=0
INFO: (function: improveOnce) CascadeMinimizer.cc: 216 -- Minimization success! status=0
INFO: (function: generateAsimov) ToyMCSamplerOpt.cc: 139 -- Using internal logic for binned/unbinned Asimov dataset generation
INFO: (function: generateWithHisto) ToyMCSamplerOpt.cc: 214 -- Generating asimov with histogram for pdf pdf_binfail_LOW_obsOnly: in 5 x-bins
INFO: (function: generateWithHisto) ToyMCSamplerOpt.cc: 215 -- , in 1 y-bins
INFO: (function: generateAsimov) ToyMCSamplerOpt.cc: 139 -- Using internal logic for binned/unbinned Asimov dataset generation
INFO: (function: generateWithHisto) ToyMCSamplerOpt.cc: 214 -- Generating asimov with histogram for pdf pdf_binfail_SIG_obsOnly: in 4 x-bins
INFO: (function: generateWithHisto) ToyMCSamplerOpt.cc: 215 -- , in 1 y-bins
INFO: (function: generateAsimov) ToyMCSamplerOpt.cc: 139 -- Using internal logic for binned/unbinned Asimov dataset generation
INFO: (function: generateWithHisto) ToyMCSamplerOpt.cc: 214 -- Generating asimov with histogram for pdf pdf_binpass_LOW_obsOnly: in 5 x-bins
INFO: (function: generateWithHisto) ToyMCSamplerOpt.cc: 215 -- , in 1 y-bins
INFO: (function: generateAsimov) ToyMCSamplerOpt.cc: 139 -- Using internal logic for binned/unbinned Asimov dataset generation
INFO: (function: generateWithHisto) ToyMCSamplerOpt.cc: 214 -- Generating asimov with histogram for pdf pdf_binpass_SIG_obsOnly: in 4 x-bins
INFO: (function: generateWithHisto) ToyMCSamplerOpt.cc: 215 -- , in 1 y-bins
INFO: (function: runLimitExpected) AsymptoticLimits.cc: 436 -- Median for expected limits = 85 (Sigma for expected limits = 43.3681)
INFO: (function: runLimit) AsymptoticLimits.cc: 193 -- NLL at global minimum of data = -76464.4 (r=15.7591)
INFO: (function: runLimit) AsymptoticLimits.cc: 213 -- NLL at global minimum of asimov = -76466.3 (r=0.508066)
INFO: (function: getCLs) AsymptoticLimits.cc: 343 -- At r = 88.595128:	q_mu = 2.28501	q_A  = 3.99658	CLsb = 0.06531	CLb  = 0.68705	CLs  = 0.09506
INFO: (function: getCLs) AsymptoticLimits.cc: 343 -- At r = 177.190256:	q_mu = 5.44614	q_A  = 7.58075	CLsb = 0.00981	CLb  = 0.66262	CLs  = 0.01480
INFO: (function: getCLs) AsymptoticLimits.cc: 343 -- At r = 96.474674:	q_mu = 2.58218	q_A  = 4.34934	CLsb = 0.05404	CLb  = 0.68389	CLs  = 0.07901
INFO: (function: getCLs) AsymptoticLimits.cc: 343 -- At r = 136.832465:	q_mu = 4.06046	q_A  = 6.04525	CLsb = 0.02195	CLb  = 0.67135	CLs  = 0.03269
INFO: (function: getCLs) AsymptoticLimits.cc: 343 -- At r = 113.217343:	q_mu = 3.20564	q_A  = 5.07458	CLsb = 0.03669	CLb  = 0.67805	CLs  = 0.05411
INFO: (function: getCLs) AsymptoticLimits.cc: 343 -- At r = 120.905162:	q_mu = 3.48734	q_A  = 5.39702	CLsb = 0.03092	CLb  = 0.67570	CLs  = 0.04576
INFO: (function: getCLs) AsymptoticLimits.cc: 343 -- At r = 117.655213:	q_mu = 3.36864	q_A  = 5.26149	CLsb = 0.03322	CLb  = 0.67667	CLs  = 0.04910
INFO: (function: getCLs) AsymptoticLimits.cc: 343 -- At r = 116.104296:	q_mu = 3.31179	q_A  = 5.19642	CLsb = 0.03439	CLb  = 0.67715	CLs  = 0.05079
INFO: (function: getCLs) AsymptoticLimits.cc: 343 -- At r = 116.989121:	q_mu = 3.34424	q_A  = 5.23358	CLsb = 0.03372	CLb  = 0.67687	CLs  = 0.04982
INFO: (function: getCLs) AsymptoticLimits.cc: 343 -- At r = 116.678394:	q_mu = 3.33285	q_A  = 5.22054	CLsb = 0.03395	CLb  = 0.67697	CLs  = 0.05016
