INFO: (function: improveOnce) CascadeMinimizer.cc: 188 -- Minimisation configured with Type=Minuit2, Algo=Migrad, strategy=0, tolerance=0.1
INFO: (function: improveOnce) CascadeMinimizer.cc: 211 -- Minimisation finished with status=0
INFO: (function: improveOnce) CascadeMinimizer.cc: 216 -- Minimization success! status=0
INFO: (function: generateAsimov) ToyMCSamplerOpt.cc: 139 -- Using internal logic for binned/unbinned Asimov dataset generation
INFO: (function: generateWithHisto) ToyMCSamplerOpt.cc: 214 -- Generating asimov with histogram for pdf pdf_binfail_LOW_obsOnly: in 5 x-bins
INFO: (function: generateWithHisto) ToyMCSamplerOpt.cc: 215 -- , in 1 y-bins
INFO: (function: generateAsimov) ToyMCSamplerOpt.cc: 139 -- Using internal logic for binned/unbinned Asimov dataset generation
INFO: (function: generateWithHisto) ToyMCSamplerOpt.cc: 214 -- Generating asimov with histogram for pdf pdf_binfail_SIG_obsOnly: in 4 x-bins
INFO: (function: generateWithHisto) ToyMCSamplerOpt.cc: 215 -- , in 1 y-bins
INFO: (function: generateAsimov) ToyMCSamplerOpt.cc: 139 -- Using internal logic for binned/unbinned Asimov dataset generation
INFO: (function: generateWithHisto) ToyMCSamplerOpt.cc: 214 -- Generating asimov with histogram for pdf pdf_binpass_LOW_obsOnly: in 5 x-bins
INFO: (function: generateWithHisto) ToyMCSamplerOpt.cc: 215 -- , in 1 y-bins
INFO: (function: generateAsimov) ToyMCSamplerOpt.cc: 139 -- Using internal logic for binned/unbinned Asimov dataset generation
INFO: (function: generateWithHisto) ToyMCSamplerOpt.cc: 214 -- Generating asimov with histogram for pdf pdf_binpass_SIG_obsOnly: in 4 x-bins
INFO: (function: generateWithHisto) ToyMCSamplerOpt.cc: 215 -- , in 1 y-bins
INFO: (function: runLimitExpected) AsymptoticLimits.cc: 436 -- Median for expected limits = 0.00537109 (Sigma for expected limits = 0.0027404)
INFO: (function: runLimit) AsymptoticLimits.cc: 193 -- NLL at global minimum of data = -77600.1 (r=0.00116488)
INFO: (function: runLimit) AsymptoticLimits.cc: 213 -- NLL at global minimum of asimov = -77605.7 (r=2.76911e-10)
INFO: (function: getCLs) AsymptoticLimits.cc: 343 -- At r = 1.201165:	q_mu = 182.19969	q_A  = 187.38926	CLsb = 0.00000	CLb  = 0.57569	CLs  = 0.00000
INFO: (function: getCLs) AsymptoticLimits.cc: 343 -- At r = 0.601165:	q_mu = 118.46632	q_A  = 123.09334	CLsb = 0.00000	CLb  = 0.58337	CLs  = 0.00000
INFO: (function: getCLs) AsymptoticLimits.cc: 343 -- At r = 0.301165:	q_mu = 81.93422	q_A  = 86.07142	CLsb = 0.00000	CLb  = 0.58929	CLs  = 0.00000
INFO: (function: getCLs) AsymptoticLimits.cc: 343 -- At r = 0.151165:	q_mu = 55.31282	q_A  = 59.18436	CLsb = 0.00000	CLb  = 0.60098	CLs  = 0.00000
INFO: (function: getCLs) AsymptoticLimits.cc: 343 -- At r = 0.076165:	q_mu = 35.15380	q_A  = 38.71631	CLsb = 0.00000	CLb  = 0.61531	CLs  = 0.00000
INFO: (function: getCLs) AsymptoticLimits.cc: 343 -- At r = 0.038665:	q_mu = 20.73608	q_A  = 23.93365	CLsb = 0.00000	CLb  = 0.63251	CLs  = 0.00000
INFO: (function: getCLs) AsymptoticLimits.cc: 343 -- At r = 0.019915:	q_mu = 11.16212	q_A  = 13.93979	CLsb = 0.00042	CLb  = 0.65270	CLs  = 0.00064
INFO: (function: getCLs) AsymptoticLimits.cc: 343 -- At r = 0.010540:	q_mu = 5.38845	q_A  = 7.70123	CLsb = 0.01014	CLb  = 0.67502	CLs  = 0.01501
INFO: (function: getCLs) AsymptoticLimits.cc: 343 -- At r = 0.005852:	q_mu = 2.29749	q_A  = 4.13428	CLsb = 0.06479	CLb  = 0.69761	CLs  = 0.09288
INFO: (function: getCLs) AsymptoticLimits.cc: 343 -- At r = 0.008064:	q_mu = 3.75564	q_A  = 5.85649	CLsb = 0.02631	CLb  = 0.68512	CLs  = 0.03841
INFO: (function: getCLs) AsymptoticLimits.cc: 343 -- At r = 0.007093:	q_mu = 3.11225	q_A  = 5.10864	CLsb = 0.03885	CLb  = 0.69008	CLs  = 0.05630
INFO: (function: getCLs) AsymptoticLimits.cc: 343 -- At r = 0.007529:	q_mu = 3.40047	q_A  = 5.44556	CLsb = 0.03259	CLb  = 0.68777	CLs  = 0.04738
