INFO: (function: improveOnce) CascadeMinimizer.cc: 188 -- Minimisation configured with Type=Minuit2, Algo=Migrad, strategy=0, tolerance=0.1
INFO: (function: improveOnce) CascadeMinimizer.cc: 211 -- Minimisation finished with status=0
INFO: (function: improveOnce) CascadeMinimizer.cc: 216 -- Minimization success! status=0
INFO: (function: generateAsimov) ToyMCSamplerOpt.cc: 139 -- Using internal logic for binned/unbinned Asimov dataset generation
INFO: (function: generateWithHisto) ToyMCSamplerOpt.cc: 214 -- Generating asimov with histogram for pdf pdf_binfail_LOW_obsOnly: in 5 x-bins
INFO: (function: generateWithHisto) ToyMCSamplerOpt.cc: 215 -- , in 1 y-bins
INFO: (function: generateAsimov) ToyMCSamplerOpt.cc: 139 -- Using internal logic for binned/unbinned Asimov dataset generation
INFO: (function: generateWithHisto) ToyMCSamplerOpt.cc: 214 -- Generating asimov with histogram for pdf pdf_binfail_SIG_obsOnly: in 3 x-bins
INFO: (function: generateWithHisto) ToyMCSamplerOpt.cc: 215 -- , in 1 y-bins
INFO: (function: generateAsimov) ToyMCSamplerOpt.cc: 139 -- Using internal logic for binned/unbinned Asimov dataset generation
INFO: (function: generateWithHisto) ToyMCSamplerOpt.cc: 214 -- Generating asimov with histogram for pdf pdf_binpass_LOW_obsOnly: in 5 x-bins
INFO: (function: generateWithHisto) ToyMCSamplerOpt.cc: 215 -- , in 1 y-bins
INFO: (function: generateAsimov) ToyMCSamplerOpt.cc: 139 -- Using internal logic for binned/unbinned Asimov dataset generation
INFO: (function: generateWithHisto) ToyMCSamplerOpt.cc: 214 -- Generating asimov with histogram for pdf pdf_binpass_SIG_obsOnly: in 3 x-bins
INFO: (function: generateWithHisto) ToyMCSamplerOpt.cc: 215 -- , in 1 y-bins
INFO: (function: runLimitExpected) AsymptoticLimits.cc: 436 -- Median for expected limits = 23.9375 (Sigma for expected limits = 12.2132)
INFO: (function: runLimit) AsymptoticLimits.cc: 193 -- NLL at global minimum of data = -13830 (r=5.56895e-05)
INFO: (function: runLimit) AsymptoticLimits.cc: 213 -- NLL at global minimum of asimov = -13828.6 (r=3.87364e-12)
INFO: (function: getCLs) AsymptoticLimits.cc: 343 -- At r = 6.023024:	q_mu = 2.11379	q_A  = 1.33599	CLsb = 0.06781	CLb  = 0.36826	CLs  = 0.18413
INFO: (function: getCLs) AsymptoticLimits.cc: 343 -- At r = 12.046048:	q_mu = 3.30158	q_A  = 2.37933	CLsb = 0.03278	CLb  = 0.38249	CLs  = 0.08570
INFO: (function: getCLs) AsymptoticLimits.cc: 343 -- At r = 24.092095:	q_mu = 4.90253	q_A  = 3.85273	CLsb = 0.01287	CLb  = 0.39457	CLs  = 0.03261
INFO: (function: getCLs) AsymptoticLimits.cc: 343 -- At r = 12.046075:	q_mu = 3.30148	q_A  = 2.37929	CLsb = 0.03278	CLb  = 0.38250	CLs  = 0.08570
INFO: (function: getCLs) AsymptoticLimits.cc: 343 -- At r = 17.419315:	q_mu = 4.09880	q_A  = 3.10671	CLsb = 0.02048	CLb  = 0.38919	CLs  = 0.05261
INFO: (function: getCLs) AsymptoticLimits.cc: 343 -- At r = 19.321922:	q_mu = 4.34501	q_A  = 3.33407	CLsb = 0.01774	CLb  = 0.39096	CLs  = 0.04538
INFO: (function: getCLs) AsymptoticLimits.cc: 343 -- At r = 18.324191:	q_mu = 4.21785	q_A  = 3.21649	CLsb = 0.01910	CLb  = 0.39006	CLs  = 0.04898
INFO: (function: getCLs) AsymptoticLimits.cc: 343 -- At r = 17.934052:	q_mu = 4.16697	q_A  = 3.16952	CLsb = 0.01968	CLb  = 0.38969	CLs  = 0.05050
INFO: (function: getCLs) AsymptoticLimits.cc: 343 -- At r = 18.112964:	q_mu = 4.19038	q_A  = 3.19113	CLsb = 0.01941	CLb  = 0.38986	CLs  = 0.04979
INFO: (function: getCLs) AsymptoticLimits.cc: 343 -- At r = 18.034534:	q_mu = 4.18014	q_A  = 3.18167	CLsb = 0.01953	CLb  = 0.38978	CLs  = 0.05010
