INFO: (function: improveOnce) CascadeMinimizer.cc: 188 -- Minimisation configured with Type=Minuit2, Algo=Migrad, strategy=0, tolerance=0.1
INFO: (function: improveOnce) CascadeMinimizer.cc: 211 -- Minimisation finished with status=0
INFO: (function: improveOnce) CascadeMinimizer.cc: 216 -- Minimization success! status=0
INFO: (function: generateAsimov) ToyMCSamplerOpt.cc: 139 -- Using internal logic for binned/unbinned Asimov dataset generation
INFO: (function: generateWithHisto) ToyMCSamplerOpt.cc: 214 -- Generating asimov with histogram for pdf pdf_binfail_LOW_obsOnly: in 5 x-bins
INFO: (function: generateWithHisto) ToyMCSamplerOpt.cc: 215 -- , in 1 y-bins
INFO: (function: generateAsimov) ToyMCSamplerOpt.cc: 139 -- Using internal logic for binned/unbinned Asimov dataset generation
INFO: (function: generateWithHisto) ToyMCSamplerOpt.cc: 214 -- Generating asimov with histogram for pdf pdf_binfail_SIG_obsOnly: in 14 x-bins
INFO: (function: generateWithHisto) ToyMCSamplerOpt.cc: 215 -- , in 1 y-bins
INFO: (function: generateAsimov) ToyMCSamplerOpt.cc: 139 -- Using internal logic for binned/unbinned Asimov dataset generation
INFO: (function: generateWithHisto) ToyMCSamplerOpt.cc: 214 -- Generating asimov with histogram for pdf pdf_binpass_LOW_obsOnly: in 5 x-bins
INFO: (function: generateWithHisto) ToyMCSamplerOpt.cc: 215 -- , in 1 y-bins
INFO: (function: generateAsimov) ToyMCSamplerOpt.cc: 139 -- Using internal logic for binned/unbinned Asimov dataset generation
INFO: (function: generateWithHisto) ToyMCSamplerOpt.cc: 214 -- Generating asimov with histogram for pdf pdf_binpass_SIG_obsOnly: in 14 x-bins
INFO: (function: generateWithHisto) ToyMCSamplerOpt.cc: 215 -- , in 1 y-bins
INFO: (function: runLimitExpected) AsymptoticLimits.cc: 436 -- Median for expected limits = 7.75 (Sigma for expected limits = 3.95415)
INFO: (function: runLimit) AsymptoticLimits.cc: 193 -- NLL at global minimum of data = -738315 (r=23.445)
INFO: (function: runLimit) AsymptoticLimits.cc: 213 -- NLL at global minimum of asimov = -738327 (r=0.00141237)
INFO: (function: getCLs) AsymptoticLimits.cc: 343 -- At r = 39.387591:	q_mu = 0.71167	q_A  = 12.91683	CLsb = 0.19945	CLb  = 0.99702	CLs  = 0.20004
INFO: (function: getCLs) AsymptoticLimits.cc: 343 -- At r = 78.775182:	q_mu = 0.02318	q_A  = 19.67804	CLsb = 0.43949	CLb  = 0.99999	CLs  = 0.43949
INFO: (function: getCLs) AsymptoticLimits.cc: 343 -- At r = 157.550364:	q_mu = 9.05863	q_A  = 28.66825	CLsb = 0.00131	CLb  = 0.99047	CLs  = 0.00132
INFO: (function: getCLs) AsymptoticLimits.cc: 343 -- At r = 90.497698:	q_mu = 1.64546	q_A  = 21.29301	CLsb = 0.09979	CLb  = 0.99957	CLs  = 0.09983
INFO: (function: getCLs) AsymptoticLimits.cc: 343 -- At r = 124.024031:	q_mu = 5.67301	q_A  = 25.28993	CLsb = 0.00861	CLb  = 0.99594	CLs  = 0.00865
INFO: (function: getCLs) AsymptoticLimits.cc: 343 -- At r = 107.260865:	q_mu = 3.75875	q_A  = 23.38707	CLsb = 0.02627	CLb  = 0.99812	CLs  = 0.02632
INFO: (function: getCLs) AsymptoticLimits.cc: 343 -- At r = 97.452414:	q_mu = 2.54971	q_A  = 22.18815	CLsb = 0.05516	CLb  = 0.99908	CLs  = 0.05521
INFO: (function: getCLs) AsymptoticLimits.cc: 343 -- At r = 100.463485:	q_mu = 2.92871	q_A  = 22.56374	CLsb = 0.04351	CLb  = 0.99881	CLs  = 0.04356
INFO: (function: getCLs) AsymptoticLimits.cc: 343 -- At r = 99.061909:	q_mu = 2.75320	q_A  = 22.38978	CLsb = 0.04853	CLb  = 0.99894	CLs  = 0.04858
INFO: (function: getCLs) AsymptoticLimits.cc: 343 -- At r = 98.450228:	q_mu = 2.67611	q_A  = 22.31339	CLsb = 0.05093	CLb  = 0.99899	CLs  = 0.05098
INFO: (function: getCLs) AsymptoticLimits.cc: 343 -- At r = 98.770098:	q_mu = 2.71646	q_A  = 22.35337	CLsb = 0.04966	CLb  = 0.99896	CLs  = 0.04971
