INFO: (function: improveOnce) CascadeMinimizer.cc: 188 -- Minimisation configured with Type=Minuit2, Algo=Migrad, strategy=0, tolerance=0.1
INFO: (function: improveOnce) CascadeMinimizer.cc: 211 -- Minimisation finished with status=0
INFO: (function: improveOnce) CascadeMinimizer.cc: 216 -- Minimization success! status=0
INFO: (function: generateAsimov) ToyMCSamplerOpt.cc: 139 -- Using internal logic for binned/unbinned Asimov dataset generation
INFO: (function: generateWithHisto) ToyMCSamplerOpt.cc: 214 -- Generating asimov with histogram for pdf pdf_binfail_LOW_obsOnly: in 6 x-bins
INFO: (function: generateWithHisto) ToyMCSamplerOpt.cc: 215 -- , in 1 y-bins
INFO: (function: generateAsimov) ToyMCSamplerOpt.cc: 139 -- Using internal logic for binned/unbinned Asimov dataset generation
INFO: (function: generateWithHisto) ToyMCSamplerOpt.cc: 214 -- Generating asimov with histogram for pdf pdf_binfail_SIG_obsOnly: in 8 x-bins
INFO: (function: generateWithHisto) ToyMCSamplerOpt.cc: 215 -- , in 1 y-bins
INFO: (function: generateAsimov) ToyMCSamplerOpt.cc: 139 -- Using internal logic for binned/unbinned Asimov dataset generation
INFO: (function: generateWithHisto) ToyMCSamplerOpt.cc: 214 -- Generating asimov with histogram for pdf pdf_binpass_LOW_obsOnly: in 6 x-bins
INFO: (function: generateWithHisto) ToyMCSamplerOpt.cc: 215 -- , in 1 y-bins
INFO: (function: generateAsimov) ToyMCSamplerOpt.cc: 139 -- Using internal logic for binned/unbinned Asimov dataset generation
INFO: (function: generateWithHisto) ToyMCSamplerOpt.cc: 214 -- Generating asimov with histogram for pdf pdf_binpass_SIG_obsOnly: in 8 x-bins
INFO: (function: generateWithHisto) ToyMCSamplerOpt.cc: 215 -- , in 1 y-bins
INFO: (function: runLimitExpected) AsymptoticLimits.cc: 436 -- Median for expected limits = 0.019043 (Sigma for expected limits = 0.00971598)
INFO: (function: runLimit) AsymptoticLimits.cc: 193 -- NLL at global minimum of data = -777338 (r=1.38556e-08)
INFO: (function: runLimit) AsymptoticLimits.cc: 213 -- NLL at global minimum of asimov = -777313 (r=3.33067e-13)
INFO: (function: getCLs) AsymptoticLimits.cc: 343 -- At r = 1.200000:	q_mu = 116.74745	q_A  = 113.10380	CLsb = 0.00000	CLb  = 0.43199	CLs  = 0.00000
INFO: (function: getCLs) AsymptoticLimits.cc: 343 -- At r = 0.600000:	q_mu = 74.16501	q_A  = 70.98420	CLsb = 0.00000	CLb  = 0.42514	CLs  = 0.00000
INFO: (function: getCLs) AsymptoticLimits.cc: 343 -- At r = 0.300000:	q_mu = 45.60380	q_A  = 42.76150	CLsb = 0.00000	CLb  = 0.41398	CLs  = 0.00000
INFO: (function: getCLs) AsymptoticLimits.cc: 343 -- At r = 0.150000:	q_mu = 27.25608	q_A  = 24.74880	CLsb = 0.00000	CLb  = 0.40052	CLs  = 0.00000
INFO: (function: getCLs) AsymptoticLimits.cc: 343 -- At r = 0.075000:	q_mu = 16.13621	q_A  = 13.92421	CLsb = 0.00003	CLb  = 0.38346	CLs  = 0.00007
INFO: (function: getCLs) AsymptoticLimits.cc: 343 -- At r = 0.037500:	q_mu = 9.39746	q_A  = 7.58506	CLsb = 0.00102	CLb  = 0.37106	CLs  = 0.00276
INFO: (function: getCLs) AsymptoticLimits.cc: 343 -- At r = 0.018750:	q_mu = 5.20008	q_A  = 3.79649	CLsb = 0.01048	CLb  = 0.35936	CLs  = 0.02917
INFO: (function: getCLs) AsymptoticLimits.cc: 343 -- At r = 0.009375:	q_mu = 2.77797	q_A  = 1.75852	CLsb = 0.04359	CLb  = 0.35035	CLs  = 0.12442
INFO: (function: getCLs) AsymptoticLimits.cc: 343 -- At r = 0.014088:	q_mu = 4.02749	q_A  = 2.78815	CLsb = 0.02063	CLb  = 0.35528	CLs  = 0.05807
INFO: (function: getCLs) AsymptoticLimits.cc: 343 -- At r = 0.015831:	q_mu = 4.47290	q_A  = 3.16685	CLsb = 0.01592	CLb  = 0.35683	CLs  = 0.04460
INFO: (function: getCLs) AsymptoticLimits.cc: 343 -- At r = 0.014879:	q_mu = 4.23070	q_A  = 2.96009	CLsb = 0.01832	CLb  = 0.35597	CLs  = 0.05147
INFO: (function: getCLs) AsymptoticLimits.cc: 343 -- At r = 0.015223:	q_mu = 4.31857	q_A  = 3.03488	CLsb = 0.01741	CLb  = 0.35627	CLs  = 0.04886
