INFO: (function: improveOnce) CascadeMinimizer.cc: 188 -- Minimisation configured with Type=Minuit2, Algo=Migrad, strategy=0, tolerance=0.1
INFO: (function: improveOnce) CascadeMinimizer.cc: 211 -- Minimisation finished with status=0
INFO: (function: improveOnce) CascadeMinimizer.cc: 216 -- Minimization success! status=0
INFO: (function: generateAsimov) ToyMCSamplerOpt.cc: 139 -- Using internal logic for binned/unbinned Asimov dataset generation
INFO: (function: generateWithHisto) ToyMCSamplerOpt.cc: 214 -- Generating asimov with histogram for pdf pdf_binfail_LOW_obsOnly: in 5 x-bins
INFO: (function: generateWithHisto) ToyMCSamplerOpt.cc: 215 -- , in 1 y-bins
INFO: (function: generateAsimov) ToyMCSamplerOpt.cc: 139 -- Using internal logic for binned/unbinned Asimov dataset generation
INFO: (function: generateWithHisto) ToyMCSamplerOpt.cc: 214 -- Generating asimov with histogram for pdf pdf_binfail_SIG_obsOnly: in 4 x-bins
INFO: (function: generateWithHisto) ToyMCSamplerOpt.cc: 215 -- , in 1 y-bins
INFO: (function: generateAsimov) ToyMCSamplerOpt.cc: 139 -- Using internal logic for binned/unbinned Asimov dataset generation
INFO: (function: generateWithHisto) ToyMCSamplerOpt.cc: 214 -- Generating asimov with histogram for pdf pdf_binpass_LOW_obsOnly: in 5 x-bins
INFO: (function: generateWithHisto) ToyMCSamplerOpt.cc: 215 -- , in 1 y-bins
INFO: (function: generateAsimov) ToyMCSamplerOpt.cc: 139 -- Using internal logic for binned/unbinned Asimov dataset generation
INFO: (function: generateWithHisto) ToyMCSamplerOpt.cc: 214 -- Generating asimov with histogram for pdf pdf_binpass_SIG_obsOnly: in 4 x-bins
INFO: (function: generateWithHisto) ToyMCSamplerOpt.cc: 215 -- , in 1 y-bins
INFO: (function: runLimitExpected) AsymptoticLimits.cc: 436 -- Median for expected limits = 1.14062 (Sigma for expected limits = 0.581962)
INFO: (function: runLimit) AsymptoticLimits.cc: 193 -- NLL at global minimum of data = -76469 (r=0.180072)
INFO: (function: runLimit) AsymptoticLimits.cc: 213 -- NLL at global minimum of asimov = -76472 (r=0.00115852)
INFO: (function: getCLs) AsymptoticLimits.cc: 343 -- At r = 1.380072:	q_mu = 2.83175	q_A  = 4.54788	CLsb = 0.04621	CLb  = 0.67357	CLs  = 0.06860
INFO: (function: getCLs) AsymptoticLimits.cc: 343 -- At r = 2.760143:	q_mu = 5.80033	q_A  = 7.85630	CLsb = 0.00801	CLb  = 0.65340	CLs  = 0.01226
INFO: (function: getCLs) AsymptoticLimits.cc: 343 -- At r = 1.470107:	q_mu = 3.05004	q_A  = 4.79913	CLsb = 0.04037	CLb  = 0.67157	CLs  = 0.06011
INFO: (function: getCLs) AsymptoticLimits.cc: 343 -- At r = 2.115125:	q_mu = 4.50637	q_A  = 6.43737	CLsb = 0.01688	CLb  = 0.66070	CLs  = 0.02556
INFO: (function: getCLs) AsymptoticLimits.cc: 343 -- At r = 1.710201:	q_mu = 3.61351	q_A  = 5.43984	CLsb = 0.02866	CLb  = 0.66692	CLs  = 0.04297
INFO: (function: getCLs) AsymptoticLimits.cc: 343 -- At r = 1.575461:	q_mu = 3.30059	q_A  = 5.08529	CLsb = 0.03463	CLb  = 0.66942	CLs  = 0.05173
INFO: (function: getCLs) AsymptoticLimits.cc: 343 -- At r = 1.622144:	q_mu = 3.40996	q_A  = 5.20954	CLsb = 0.03240	CLb  = 0.66852	CLs  = 0.04847
INFO: (function: getCLs) AsymptoticLimits.cc: 343 -- At r = 1.594953:	q_mu = 3.34638	q_A  = 5.13736	CLsb = 0.03368	CLb  = 0.66904	CLs  = 0.05034
INFO: (function: getCLs) AsymptoticLimits.cc: 343 -- At r = 1.604239:	q_mu = 3.36814	q_A  = 5.16207	CLsb = 0.03323	CLb  = 0.66886	CLs  = 0.04969
INFO: (function: getCLs) AsymptoticLimits.cc: 343 -- At r = 1.598791:	q_mu = 3.35538	q_A  = 5.14758	CLsb = 0.03349	CLb  = 0.66897	CLs  = 0.05007
