INFO: (function: improveOnce) CascadeMinimizer.cc: 188 -- Minimisation configured with Type=Minuit2, Algo=Migrad, strategy=0, tolerance=0.1
INFO: (function: improveOnce) CascadeMinimizer.cc: 211 -- Minimisation finished with status=0
INFO: (function: improveOnce) CascadeMinimizer.cc: 216 -- Minimization success! status=0
INFO: (function: generateAsimov) ToyMCSamplerOpt.cc: 139 -- Using internal logic for binned/unbinned Asimov dataset generation
INFO: (function: generateWithHisto) ToyMCSamplerOpt.cc: 214 -- Generating asimov with histogram for pdf pdf_binfail_LOW_obsOnly: in 38 x-bins
INFO: (function: generateWithHisto) ToyMCSamplerOpt.cc: 215 -- , in 1 y-bins
INFO: (function: generateAsimov) ToyMCSamplerOpt.cc: 139 -- Using internal logic for binned/unbinned Asimov dataset generation
INFO: (function: generateWithHisto) ToyMCSamplerOpt.cc: 214 -- Generating asimov with histogram for pdf pdf_binfail_SIG_obsOnly: in 2 x-bins
INFO: (function: generateWithHisto) ToyMCSamplerOpt.cc: 215 -- , in 1 y-bins
INFO: (function: generateAsimov) ToyMCSamplerOpt.cc: 139 -- Using internal logic for binned/unbinned Asimov dataset generation
INFO: (function: generateWithHisto) ToyMCSamplerOpt.cc: 214 -- Generating asimov with histogram for pdf pdf_binpass_LOW_obsOnly: in 38 x-bins
INFO: (function: generateWithHisto) ToyMCSamplerOpt.cc: 215 -- , in 1 y-bins
INFO: (function: generateAsimov) ToyMCSamplerOpt.cc: 139 -- Using internal logic for binned/unbinned Asimov dataset generation
INFO: (function: generateWithHisto) ToyMCSamplerOpt.cc: 214 -- Generating asimov with histogram for pdf pdf_binpass_SIG_obsOnly: in 2 x-bins
INFO: (function: generateWithHisto) ToyMCSamplerOpt.cc: 215 -- , in 1 y-bins
DEBUG: (function: runLimitExpected) AsymptoticLimits.cc: 423 -- Best fit of asimov dataset is at r = 0.084621 (0.004231 times rMax), while it should be at zero
INFO: (function: runLimitExpected) AsymptoticLimits.cc: 436 -- Median for expected limits = 4000 (Sigma for expected limits = 2040.85)
INFO: (function: runLimit) AsymptoticLimits.cc: 193 -- NLL at global minimum of data = -43207.2 (r=2908.06)
INFO: (function: runLimit) AsymptoticLimits.cc: 213 -- NLL at global minimum of asimov = -43216.1 (r=19.6982)
INFO: (function: getCLs) AsymptoticLimits.cc: 343 -- At r = 9669.378949:	q_mu = 6.16569	q_A  = 13.01460	CLsb = 0.00651	CLb  = 0.86960	CLs  = 0.00749
INFO: (function: getCLs) AsymptoticLimits.cc: 343 -- At r = 6288.721801:	q_mu = 1.82015	q_A  = 6.44207	CLsb = 0.08865	CLb  = 0.88278	CLs  = 0.10042
INFO: (function: getCLs) AsymptoticLimits.cc: 343 -- At r = 7979.050375:	q_mu = 3.77083	q_A  = 9.59366	CLsb = 0.02608	CLb  = 0.87606	CLs  = 0.02977
INFO: (function: getCLs) AsymptoticLimits.cc: 343 -- At r = 7064.205264:	q_mu = 2.64982	q_A  = 7.84646	CLsb = 0.05178	CLb  = 0.87967	CLs  = 0.05886
INFO: (function: getCLs) AsymptoticLimits.cc: 343 -- At r = 7422.356045:	q_mu = 3.07162	q_A  = 8.51988	CLsb = 0.03984	CLb  = 0.87825	CLs  = 0.04536
INFO: (function: getCLs) AsymptoticLimits.cc: 343 -- At r = 7243.606387:	q_mu = 2.85824	q_A  = 8.18199	CLsb = 0.04545	CLb  = 0.87896	CLs  = 0.05171
INFO: (function: getCLs) AsymptoticLimits.cc: 343 -- At r = 7316.088130:	q_mu = 2.94406	q_A  = 8.31855	CLsb = 0.04310	CLb  = 0.87867	CLs  = 0.04905
INFO: (function: getCLs) AsymptoticLimits.cc: 343 -- At r = 7280.521282:	q_mu = 2.90181	q_A  = 8.25144	CLsb = 0.04424	CLb  = 0.87881	CLs  = 0.05034
