INFO: (function: improveOnce) CascadeMinimizer.cc: 188 -- Minimisation configured with Type=Minuit2, Algo=Migrad, strategy=0, tolerance=0.1
INFO: (function: improveOnce) CascadeMinimizer.cc: 211 -- Minimisation finished with status=0
INFO: (function: improveOnce) CascadeMinimizer.cc: 216 -- Minimization success! status=0
INFO: (function: generateAsimov) ToyMCSamplerOpt.cc: 139 -- Using internal logic for binned/unbinned Asimov dataset generation
INFO: (function: generateWithHisto) ToyMCSamplerOpt.cc: 214 -- Generating asimov with histogram for pdf pdf_binfail_LOW_obsOnly: in 5 x-bins
INFO: (function: generateWithHisto) ToyMCSamplerOpt.cc: 215 -- , in 1 y-bins
INFO: (function: generateAsimov) ToyMCSamplerOpt.cc: 139 -- Using internal logic for binned/unbinned Asimov dataset generation
INFO: (function: generateWithHisto) ToyMCSamplerOpt.cc: 214 -- Generating asimov with histogram for pdf pdf_binfail_SIG_obsOnly: in 3 x-bins
INFO: (function: generateWithHisto) ToyMCSamplerOpt.cc: 215 -- , in 1 y-bins
INFO: (function: generateAsimov) ToyMCSamplerOpt.cc: 139 -- Using internal logic for binned/unbinned Asimov dataset generation
INFO: (function: generateWithHisto) ToyMCSamplerOpt.cc: 214 -- Generating asimov with histogram for pdf pdf_binpass_LOW_obsOnly: in 5 x-bins
INFO: (function: generateWithHisto) ToyMCSamplerOpt.cc: 215 -- , in 1 y-bins
INFO: (function: generateAsimov) ToyMCSamplerOpt.cc: 139 -- Using internal logic for binned/unbinned Asimov dataset generation
INFO: (function: generateWithHisto) ToyMCSamplerOpt.cc: 214 -- Generating asimov with histogram for pdf pdf_binpass_SIG_obsOnly: in 3 x-bins
INFO: (function: generateWithHisto) ToyMCSamplerOpt.cc: 215 -- , in 1 y-bins
INFO: (function: runLimitExpected) AsymptoticLimits.cc: 436 -- Median for expected limits = 0.0551758 (Sigma for expected limits = 0.0281514)
INFO: (function: runLimit) AsymptoticLimits.cc: 193 -- NLL at global minimum of data = -13779.6 (r=5.96222e-09)
INFO: (function: runLimit) AsymptoticLimits.cc: 213 -- NLL at global minimum of asimov = -13786.5 (r=1.12688e-12)
INFO: (function: getCLs) AsymptoticLimits.cc: 343 -- At r = 1.200000:	q_mu = 71.66556	q_A  = 71.11002	CLsb = 0.00000	CLb  = 0.48686	CLs  = 0.00000
INFO: (function: getCLs) AsymptoticLimits.cc: 343 -- At r = 0.600000:	q_mu = 41.85772	q_A  = 40.81888	CLsb = 0.00000	CLb  = 0.46760	CLs  = 0.00000
INFO: (function: getCLs) AsymptoticLimits.cc: 343 -- At r = 0.300000:	q_mu = 23.36433	q_A  = 21.94215	CLsb = 0.00000	CLb  = 0.43967	CLs  = 0.00000
INFO: (function: getCLs) AsymptoticLimits.cc: 343 -- At r = 0.150000:	q_mu = 12.80084	q_A  = 11.29812	CLsb = 0.00017	CLb  = 0.41156	CLs  = 0.00041
INFO: (function: getCLs) AsymptoticLimits.cc: 343 -- At r = 0.075000:	q_mu = 6.78297	q_A  = 5.45848	CLsb = 0.00440	CLb  = 0.38841	CLs  = 0.01133
INFO: (function: getCLs) AsymptoticLimits.cc: 343 -- At r = 0.037500:	q_mu = 3.51075	q_A  = 2.43806	CLsb = 0.02839	CLb  = 0.36561	CLs  = 0.07766
INFO: (function: getCLs) AsymptoticLimits.cc: 343 -- At r = 0.056250:	q_mu = 5.17116	q_A  = 3.94379	CLsb = 0.01087	CLb  = 0.37865	CLs  = 0.02870
INFO: (function: getCLs) AsymptoticLimits.cc: 343 -- At r = 0.047886:	q_mu = 4.43582	q_A  = 3.26856	CLsb = 0.01656	CLb  = 0.37342	CLs  = 0.04434
INFO: (function: getCLs) AsymptoticLimits.cc: 343 -- At r = 0.044027:	q_mu = 4.09361	q_A  = 2.95855	CLsb = 0.02018	CLb  = 0.37072	CLs  = 0.05444
INFO: (function: getCLs) AsymptoticLimits.cc: 343 -- At r = 0.046078:	q_mu = 4.27572	q_A  = 3.12318	CLsb = 0.01816	CLb  = 0.37218	CLs  = 0.04879
INFO: (function: getCLs) AsymptoticLimits.cc: 343 -- At r = 0.045302:	q_mu = 4.20685	q_A  = 3.06082	CLsb = 0.01890	CLb  = 0.37163	CLs  = 0.05085
INFO: (function: getCLs) AsymptoticLimits.cc: 343 -- At r = 0.045711:	q_mu = 4.24316	q_A  = 3.09368	CLsb = 0.01851	CLb  = 0.37192	CLs  = 0.04976
