INFO: (function: improveOnce) CascadeMinimizer.cc: 188 -- Minimisation configured with Type=Minuit2, Algo=Migrad, strategy=0, tolerance=0.1
INFO: (function: improveOnce) CascadeMinimizer.cc: 211 -- Minimisation finished with status=0
INFO: (function: improveOnce) CascadeMinimizer.cc: 216 -- Minimization success! status=0
INFO: (function: generateAsimov) ToyMCSamplerOpt.cc: 139 -- Using internal logic for binned/unbinned Asimov dataset generation
INFO: (function: generateWithHisto) ToyMCSamplerOpt.cc: 214 -- Generating asimov with histogram for pdf pdf_binfail_LOW_obsOnly: in 38 x-bins
INFO: (function: generateWithHisto) ToyMCSamplerOpt.cc: 215 -- , in 1 y-bins
INFO: (function: generateAsimov) ToyMCSamplerOpt.cc: 139 -- Using internal logic for binned/unbinned Asimov dataset generation
INFO: (function: generateWithHisto) ToyMCSamplerOpt.cc: 214 -- Generating asimov with histogram for pdf pdf_binfail_SIG_obsOnly: in 2 x-bins
INFO: (function: generateWithHisto) ToyMCSamplerOpt.cc: 215 -- , in 1 y-bins
INFO: (function: generateAsimov) ToyMCSamplerOpt.cc: 139 -- Using internal logic for binned/unbinned Asimov dataset generation
INFO: (function: generateWithHisto) ToyMCSamplerOpt.cc: 214 -- Generating asimov with histogram for pdf pdf_binpass_LOW_obsOnly: in 38 x-bins
INFO: (function: generateWithHisto) ToyMCSamplerOpt.cc: 215 -- , in 1 y-bins
INFO: (function: generateAsimov) ToyMCSamplerOpt.cc: 139 -- Using internal logic for binned/unbinned Asimov dataset generation
INFO: (function: generateWithHisto) ToyMCSamplerOpt.cc: 214 -- Generating asimov with histogram for pdf pdf_binpass_SIG_obsOnly: in 2 x-bins
INFO: (function: generateWithHisto) ToyMCSamplerOpt.cc: 215 -- , in 1 y-bins
INFO: (function: runLimitExpected) AsymptoticLimits.cc: 436 -- Median for expected limits = 2.14844 (Sigma for expected limits = 1.09616)
INFO: (function: runLimit) AsymptoticLimits.cc: 193 -- NLL at global minimum of data = -42571 (r=1.33327)
INFO: (function: runLimit) AsymptoticLimits.cc: 213 -- NLL at global minimum of asimov = -42600 (r=0.00866128)
INFO: (function: getCLs) AsymptoticLimits.cc: 343 -- At r = 4.442652:	q_mu = 6.11571	q_A  = 12.89730	CLsb = 0.00670	CLb  = 0.86828	CLs  = 0.00772
INFO: (function: getCLs) AsymptoticLimits.cc: 343 -- At r = 2.887961:	q_mu = 1.82053	q_A  = 6.42600	CLsb = 0.08862	CLb  = 0.88213	CLs  = 0.10047
INFO: (function: getCLs) AsymptoticLimits.cc: 343 -- At r = 3.665307:	q_mu = 3.75616	q_A  = 9.53752	CLsb = 0.02631	CLb  = 0.87497	CLs  = 0.03007
INFO: (function: getCLs) AsymptoticLimits.cc: 343 -- At r = 3.247654:	q_mu = 2.65305	q_A  = 7.82699	CLsb = 0.05168	CLb  = 0.87877	CLs  = 0.05880
INFO: (function: getCLs) AsymptoticLimits.cc: 343 -- At r = 3.411970:	q_mu = 3.07092	q_A  = 8.49027	CLsb = 0.03985	CLb  = 0.87726	CLs  = 0.04543
INFO: (function: getCLs) AsymptoticLimits.cc: 343 -- At r = 3.330265:	q_mu = 2.86040	q_A  = 8.15880	CLsb = 0.04539	CLb  = 0.87801	CLs  = 0.05170
INFO: (function: getCLs) AsymptoticLimits.cc: 343 -- At r = 3.363499:	q_mu = 2.94536	q_A  = 8.29321	CLsb = 0.04306	CLb  = 0.87770	CLs  = 0.04906
INFO: (function: getCLs) AsymptoticLimits.cc: 343 -- At r = 3.347238:	q_mu = 2.90365	q_A  = 8.22735	CLsb = 0.04419	CLb  = 0.87785	CLs  = 0.05034
