INFO: (function: eval) HybridNew.cc: 1134 -- CLs = 0.142857 +/- 0.0359214
	CLb = 0.238 +/- 0.019045
	CLsplusb = 0.034 +/- 0.00810481
INFO: (function: eval) HybridNew.cc: 1134 -- CLs = 0.015873 +/- 0.00918202
	CLb = 0.378 +/- 0.0216848
	CLsplusb = 0.006 +/- 0.00345369
INFO: (function: eval) HybridNew.cc: 1134 -- CLs = 0.389163 +/- 0.0453576
	CLb = 0.406 +/- 0.021962
	CLsplusb = 0.158 +/- 0.0163117
INFO: (function: eval) HybridNew.cc: 1134 -- CLs = 0.0577078 +/- 0.00489192
	CLb = 0.260842 +/- 0.00450501
	CLsplusb = 0.0150526 +/- 0.00124925
INFO: (function: eval) HybridNew.cc: 1134 -- CLs = 0.122507 +/- 0.0192813
	CLb = 0.234 +/- 0.0109314
	CLsplusb = 0.0286667 +/- 0.00430851
INFO: (function: eval) HybridNew.cc: 1134 -- CLs = 0.084088 +/- 0.0106718
	CLb = 0.220857 +/- 0.00701181
	CLsplusb = 0.0185714 +/- 0.00228201
INFO: (function: eval) HybridNew.cc: 1134 -- CLs = 0 +/- 0
	CLb = 0.004 +/- 0.00282276
	CLsplusb = 0 +/- 0
INFO: (function: eval) HybridNew.cc: 1134 -- CLs = 0.0657943 +/- 0.0049768
	CLb = 0.22925 +/- 0.00383726
	CLsplusb = 0.0150833 +/- 0.00111265
INFO: (function: eval) HybridNew.cc: 1134 -- CLs = 0.0648567 +/- 0.0049747
	CLb = 0.408 +/- 0.00609585
	CLsplusb = 0.0264615 +/- 0.0019908
INFO: (function: eval) HybridNew.cc: 1134 -- CLs = 0.0543881 +/- 0.00480527
	CLb = 0.220636 +/- 0.00395378
	CLsplusb = 0.012 +/- 0.00103818
INFO: (function: eval) HybridNew.cc: 1134 -- CLs = 0.0226537 +/- 0.008635
	CLb = 0.1236 +/- 0.00658249
	CLsplusb = 0.0028 +/- 0.00105682
INFO: (function: eval) HybridNew.cc: 1134 -- CLs = 0 +/- 0
	CLb = 0.134 +/- 0.0152344
	CLsplusb = 0 +/- 0
INFO: (function: eval) HybridNew.cc: 1134 -- CLs = 0 +/- 0
	CLb = 0.026 +/- 0.00711674
	CLsplusb = 0 +/- 0
INFO: (function: eval) HybridNew.cc: 1134 -- CLs = 0 +/- 0
	CLb = 0.096 +/- 0.0131745
	CLsplusb = 0 +/- 0
INFO: (function: eval) HybridNew.cc: 1134 -- CLs = 0 +/- 0
	CLb = 0.038 +/- 0.00855056
	CLsplusb = 0 +/- 0
INFO: (function: eval) HybridNew.cc: 1134 -- CLs = 0.0531777 +/- 0.0048629
	CLb = 0.2313 +/- 0.00421664
	CLsplusb = 0.0123 +/- 0.00110221
INFO: (function: eval) HybridNew.cc: 1134 -- CLs = 0.0613618 +/- 0.0049706
	CLb = 0.360857 +/- 0.00574008
	CLsplusb = 0.0221429 +/- 0.00175876
INFO: (function: eval) HybridNew.cc: 1134 -- CLs = 0.0613497 +/- 0.00489522
	CLb = 0.347733 +/- 0.00549927
	CLsplusb = 0.0213333 +/- 0.00166846
INFO: (function: eval) HybridNew.cc: 1134 -- CLs = 0 +/- 0
	CLb = 0.001 +/- 0.0009995
	CLsplusb = 0 +/- 0
INFO: (function: eval) HybridNew.cc: 1134 -- CLs = 0.06049 +/- 0.0048563
	CLb = 0.348267 +/- 0.00550124
	CLsplusb = 0.0210667 +/- 0.00165823
INFO: (function: eval) HybridNew.cc: 1134 -- CLs = 0.0662177 +/- 0.00504369
	CLb = 0.297 +/- 0.00481653
	CLsplusb = 0.0196667 +/- 0.00146363
INFO: (function: eval) HybridNew.cc: 1134 -- CLs = 0.0557987 +/- 0.00458324
	CLb = 0.210923 +/- 0.00357808
	CLsplusb = 0.0117692 +/- 0.00094587
INFO: (function: eval) HybridNew.cc: 1134 -- CLs = 0 +/- 0
	CLb = 0.012 +/- 0.0048695
	CLsplusb = 0 +/- 0
INFO: (function: eval) HybridNew.cc: 1134 -- CLs = 0.0566038 +/- 0.00468601
	CLb = 0.252381 +/- 0.0042391
	CLsplusb = 0.0142857 +/- 0.00115806
