INFO: (function: improveOnce) CascadeMinimizer.cc: 188 -- Minimisation configured with Type=Minuit2, Algo=Migrad, strategy=0, tolerance=0.1
INFO: (function: improveOnce) CascadeMinimizer.cc: 211 -- Minimisation finished with status=0
INFO: (function: improveOnce) CascadeMinimizer.cc: 216 -- Minimization success! status=0
INFO: (function: generateAsimov) ToyMCSamplerOpt.cc: 139 -- Using internal logic for binned/unbinned Asimov dataset generation
INFO: (function: generateWithHisto) ToyMCSamplerOpt.cc: 214 -- Generating asimov with histogram for pdf pdf_binfail_LOW_obsOnly: in 5 x-bins
INFO: (function: generateWithHisto) ToyMCSamplerOpt.cc: 215 -- , in 1 y-bins
INFO: (function: generateAsimov) ToyMCSamplerOpt.cc: 139 -- Using internal logic for binned/unbinned Asimov dataset generation
INFO: (function: generateWithHisto) ToyMCSamplerOpt.cc: 214 -- Generating asimov with histogram for pdf pdf_binfail_SIG_obsOnly: in 8 x-bins
INFO: (function: generateWithHisto) ToyMCSamplerOpt.cc: 215 -- , in 1 y-bins
INFO: (function: generateAsimov) ToyMCSamplerOpt.cc: 139 -- Using internal logic for binned/unbinned Asimov dataset generation
INFO: (function: generateWithHisto) ToyMCSamplerOpt.cc: 214 -- Generating asimov with histogram for pdf pdf_binpass_LOW_obsOnly: in 5 x-bins
INFO: (function: generateWithHisto) ToyMCSamplerOpt.cc: 215 -- , in 1 y-bins
INFO: (function: generateAsimov) ToyMCSamplerOpt.cc: 139 -- Using internal logic for binned/unbinned Asimov dataset generation
INFO: (function: generateWithHisto) ToyMCSamplerOpt.cc: 214 -- Generating asimov with histogram for pdf pdf_binpass_SIG_obsOnly: in 8 x-bins
INFO: (function: generateWithHisto) ToyMCSamplerOpt.cc: 215 -- , in 1 y-bins
INFO: (function: runLimitExpected) AsymptoticLimits.cc: 436 -- Median for expected limits = 0.00146484 (Sigma for expected limits = 0.000747383)
INFO: (function: runLimit) AsymptoticLimits.cc: 193 -- NLL at global minimum of data = -740593 (r=7.60168e-09)
INFO: (function: runLimit) AsymptoticLimits.cc: 213 -- NLL at global minimum of asimov = -740582 (r=8.4821e-13)
INFO: (function: getCLs) AsymptoticLimits.cc: 343 -- At r = 1.200000:	q_mu = 424.25203	q_A  = 427.19487	CLsb = 0.00000	CLb  = 0.52843	CLs  = 0.00000
INFO: (function: getCLs) AsymptoticLimits.cc: 343 -- At r = 0.600000:	q_mu = 225.04252	q_A  = 225.48090	CLsb = 0.00000	CLb  = 0.50583	CLs  = 0.00000
INFO: (function: getCLs) AsymptoticLimits.cc: 343 -- At r = 0.300000:	q_mu = 126.92510	q_A  = 127.31120	CLsb = 0.00000	CLb  = 0.50683	CLs  = 0.00000
INFO: (function: getCLs) AsymptoticLimits.cc: 343 -- At r = 0.150000:	q_mu = 80.38002	q_A  = 80.74404	CLsb = 0.00000	CLb  = 0.50809	CLs  = 0.00000
INFO: (function: getCLs) AsymptoticLimits.cc: 343 -- At r = 0.075000:	q_mu = 54.41873	q_A  = 54.32382	CLsb = 0.00000	CLb  = 0.49743	CLs  = 0.00000
INFO: (function: getCLs) AsymptoticLimits.cc: 343 -- At r = 0.037500:	q_mu = 36.84768	q_A  = 36.51671	CLsb = 0.00000	CLb  = 0.48908	CLs  = 0.00000
INFO: (function: getCLs) AsymptoticLimits.cc: 343 -- At r = 0.018750:	q_mu = 25.59744	q_A  = 23.82975	CLsb = 0.00000	CLb  = 0.42816	CLs  = 0.00000
INFO: (function: getCLs) AsymptoticLimits.cc: 343 -- At r = 0.009375:	q_mu = 17.35400	q_A  = 15.62284	CLsb = 0.00002	CLb  = 0.41333	CLs  = 0.00004
INFO: (function: getCLs) AsymptoticLimits.cc: 343 -- At r = 0.004688:	q_mu = 11.19900	q_A  = 9.62676	CLsb = 0.00040	CLb  = 0.39999	CLs  = 0.00099
INFO: (function: getCLs) AsymptoticLimits.cc: 343 -- At r = 0.002344:	q_mu = 6.85950	q_A  = 5.49646	CLsb = 0.00421	CLb  = 0.38564	CLs  = 0.01090
INFO: (function: getCLs) AsymptoticLimits.cc: 343 -- At r = 0.001172:	q_mu = 3.99105	q_A  = 2.88429	CLsb = 0.02148	CLb  = 0.37227	CLs  = 0.05769
INFO: (function: getCLs) AsymptoticLimits.cc: 343 -- At r = 0.001758:	q_mu = 5.51107	q_A  = 4.25016	CLsb = 0.00896	CLb  = 0.37988	CLs  = 0.02358
INFO: (function: getCLs) AsymptoticLimits.cc: 343 -- At r = 0.001364:	q_mu = 4.51215	q_A  = 3.34604	CLsb = 0.01586	CLb  = 0.37496	CLs  = 0.04229
