 <<< Combine >>> 
>>> random number generator seed is 123456
>>> method used is FitDiagnostics
Warning: Did not find a parameter with name mask_pass_HIGH
Set Default Value of Parameter r To : 1
>>> 0 out of 4 channels masked

SimNLL created with 0 channels, 0 generic constraints, 2 fast gaussian constraints, 0 fast poisson constraints, 0 fast group constraints, 
SimNLL created with 4 channels, 0 generic constraints, 2 fast gaussian constraints, 0 fast poisson constraints, 0 fast group constraints, 
  [WARNING] Found [Background_fail_LOW_bin_1-1] at boundary. 
  [WARNING] Found [Background_fail_LOW_bin_2-1] at boundary. 
  [WARNING] Found [Background_fail_LOW_bin_3-1] at boundary. 
  [WARNING] Found [Background_fail_LOW_bin_4-1] at boundary. 
  [WARNING] Found [Background_fail_LOW_bin_5-1] at boundary. 
  [WARNING] Found [Background_fail_SIG_bin_1-1] at boundary. 
  [WARNING] Found [Background_fail_SIG_bin_2-1] at boundary. 
  [WARNING] Found [Background_fail_SIG_bin_3-1] at boundary. 
  [WARNING] Found [Background_rpf_2x0_par0] at boundary. 
  [WARNING] Found [Background_rpf_2x0_par1] at boundary. 
  [WARNING] Found [Background_rpf_2x0_par2] at boundary. 
  [WARNING] Found [Background_rpf_2x0_par3] at boundary. 
 [WARNING] After the fit some parameters are at their boundary.
 [WARNING] Are you sure your model is correct?

 --- FitDiagnostics ---
Fit failed.
Done in 0.00 min (cpu), 0.00 min (real)
Printing Message Summary From ... combine_logger.out
----------------------------------------------
Messages of type INFO : 27
Messages of type DEBUG : 2
Messages of type ERROR : 0
----------------------------------------------
INFO: (function: improveOnce) CascadeMinimizer.cc: 188 -- Minimisation configured with Type=Minuit2, Algo=Migrad, strategy=0, tolerance=0.1
INFO: (function: improveOnce) CascadeMinimizer.cc: 211 -- Minimisation finished with status=0
INFO: (function: improveOnce) CascadeMinimizer.cc: 216 -- Minimization success! status=0
INFO: (function: improveOnce) CascadeMinimizer.cc: 188 -- Minimisation configured with Type=Minuit2, Algo=Migrad, strategy=0, tolerance=0.1
INFO: (function: improveOnce) CascadeMinimizer.cc: 211 -- Minimisation finished with status=0
INFO: (function: improveOnce) CascadeMinimizer.cc: 216 -- Minimization success! status=0
INFO: (function: improveOnce) CascadeMinimizer.cc: 188 -- Minimisation configured with Type=Minuit2, Algo=Migrad, strategy=0, tolerance=0.1
INFO: (function: improveOnce) CascadeMinimizer.cc: 211 -- Minimisation finished with status=0
INFO: (function: improveOnce) CascadeMinimizer.cc: 216 -- Minimization success! status=0
INFO: (function: improveOnce) CascadeMinimizer.cc: 188 -- Minimisation configured with Type=Minuit2, Algo=Migrad, strategy=0, tolerance=0.1
INFO: (function: improveOnce) CascadeMinimizer.cc: 211 -- Minimisation finished with status=0
INFO: (function: improveOnce) CascadeMinimizer.cc: 216 -- Minimization success! status=0
DEBUG: (function: runSpecific) FitDiagnostics.cc: 318 -- Fit B-only, status = 0, numBadNLL = 0, covariance quality = -1
INFO: (function: improveOnce) CascadeMinimizer.cc: 188 -- Minimisation configured with Type=Minuit2, Algo=Migrad, strategy=0, tolerance=0.1
INFO: (function: improveOnce) CascadeMinimizer.cc: 211 -- Minimisation finished with status=-1
DEBUG: (function: improveOnce) CascadeMinimizer.cc: 217 -- Minimization ended with latest status != 0 or 1
INFO: (function: anyParameterAtBoundaries) utils.cc: 1039 -- Found parameter Background_fail_LOW_bin_1-1 at boundary (within ~1sigma): 2.65047e+06+/-5.17825e+08
INFO: (function: anyParameterAtBoundaries) utils.cc: 1039 -- Found parameter Background_fail_LOW_bin_2-1 at boundary (within ~1sigma): 285768+/-5.12924e+08
INFO: (function: anyParameterAtBoundaries) utils.cc: 1039 -- Found parameter Background_fail_LOW_bin_3-1 at boundary (within ~1sigma): 52051.3+/-5.1154e+08
INFO: (function: anyParameterAtBoundaries) utils.cc: 1039 -- Found parameter Background_fail_LOW_bin_4-1 at boundary (within ~1sigma): 11902.4+/-5.11001e+08
INFO: (function: anyParameterAtBoundaries) utils.cc: 1039 -- Found parameter Background_fail_LOW_bin_5-1 at boundary (within ~1sigma): 3027.73+/-5.10756e+08
INFO: (function: anyParameterAtBoundaries) utils.cc: 1039 -- Found parameter Background_fail_SIG_bin_1-1 at boundary (within ~1sigma): 860.463+/-5.10639e+08
INFO: (function: anyParameterAtBoundaries) utils.cc: 1039 -- Found parameter Background_fail_SIG_bin_2-1 at boundary (within ~1sigma): 108.128+/-5.10459e+08
INFO: (function: anyParameterAtBoundaries) utils.cc: 1039 -- Found parameter Background_fail_SIG_bin_3-1 at boundary (within ~1sigma): 138.507+/-5.10453e+08
INFO: (function: anyParameterAtBoundaries) utils.cc: 1039 -- Found parameter Background_rpf_2x0_par0 at boundary (within ~1sigma): 1.89458+/-34.2543
INFO: (function: anyParameterAtBoundaries) utils.cc: 1039 -- Found parameter Background_rpf_2x0_par1 at boundary (within ~1sigma): 8.94615+/-56.8675
INFO: (function: anyParameterAtBoundaries) utils.cc: 1039 -- Found parameter Background_rpf_2x0_par2 at boundary (within ~1sigma): -36.3372+/-54.1625
INFO: (function: anyParameterAtBoundaries) utils.cc: 1039 -- Found parameter Background_rpf_2x0_par3 at boundary (within ~1sigma): 1.2193+/-57.1435
INFO: (function: minimize) CascadeMinimizer.cc: 480 -- After fit, some parameters are found at the boundary (within ~1sigma)
