INFO: (function: improveOnce) CascadeMinimizer.cc: 188 -- Minimisation configured with Type=Minuit2, Algo=Migrad, strategy=0, tolerance=0.1
INFO: (function: improveOnce) CascadeMinimizer.cc: 211 -- Minimisation finished with status=0
INFO: (function: improveOnce) CascadeMinimizer.cc: 216 -- Minimization success! status=0
INFO: (function: generateAsimov) ToyMCSamplerOpt.cc: 139 -- Using internal logic for binned/unbinned Asimov dataset generation
INFO: (function: generateWithHisto) ToyMCSamplerOpt.cc: 214 -- Generating asimov with histogram for pdf pdf_binfail_LOW_obsOnly: in 5 x-bins
INFO: (function: generateWithHisto) ToyMCSamplerOpt.cc: 215 -- , in 1 y-bins
INFO: (function: generateAsimov) ToyMCSamplerOpt.cc: 139 -- Using internal logic for binned/unbinned Asimov dataset generation
INFO: (function: generateWithHisto) ToyMCSamplerOpt.cc: 214 -- Generating asimov with histogram for pdf pdf_binfail_SIG_obsOnly: in 6 x-bins
INFO: (function: generateWithHisto) ToyMCSamplerOpt.cc: 215 -- , in 1 y-bins
INFO: (function: generateAsimov) ToyMCSamplerOpt.cc: 139 -- Using internal logic for binned/unbinned Asimov dataset generation
INFO: (function: generateWithHisto) ToyMCSamplerOpt.cc: 214 -- Generating asimov with histogram for pdf pdf_binpass_LOW_obsOnly: in 5 x-bins
INFO: (function: generateWithHisto) ToyMCSamplerOpt.cc: 215 -- , in 1 y-bins
INFO: (function: generateAsimov) ToyMCSamplerOpt.cc: 139 -- Using internal logic for binned/unbinned Asimov dataset generation
INFO: (function: generateWithHisto) ToyMCSamplerOpt.cc: 214 -- Generating asimov with histogram for pdf pdf_binpass_SIG_obsOnly: in 6 x-bins
INFO: (function: generateWithHisto) ToyMCSamplerOpt.cc: 215 -- , in 1 y-bins
INFO: (function: runLimitExpected) AsymptoticLimits.cc: 436 -- Median for expected limits = 0.0141602 (Sigma for expected limits = 0.0072247)
INFO: (function: runLimit) AsymptoticLimits.cc: 193 -- NLL at global minimum of data = -10642 (r=6.94217e-10)
INFO: (function: runLimit) AsymptoticLimits.cc: 213 -- NLL at global minimum of asimov = -10658.5 (r=2.54362e-08)
INFO: (function: getCLs) AsymptoticLimits.cc: 343 -- At r = 1.200000:	q_mu = 83.64808	q_A  = 85.10740	CLsb = 0.00000	CLb  = 0.53166	CLs  = 0.00000
INFO: (function: getCLs) AsymptoticLimits.cc: 343 -- At r = 0.600000:	q_mu = 55.99375	q_A  = 56.46362	CLsb = 0.00000	CLb  = 0.51250	CLs  = 0.00000
INFO: (function: getCLs) AsymptoticLimits.cc: 343 -- At r = 0.300000:	q_mu = 37.45074	q_A  = 37.38218	CLsb = 0.00000	CLb  = 0.49776	CLs  = 0.00000
INFO: (function: getCLs) AsymptoticLimits.cc: 343 -- At r = 0.150000:	q_mu = 24.28262	q_A  = 24.02335	CLsb = 0.00000	CLb  = 0.48945	CLs  = 0.00000
INFO: (function: getCLs) AsymptoticLimits.cc: 343 -- At r = 0.075000:	q_mu = 15.15965	q_A  = 14.82641	CLsb = 0.00005	CLb  = 0.48274	CLs  = 0.00010
INFO: (function: getCLs) AsymptoticLimits.cc: 343 -- At r = 0.037500:	q_mu = 9.07469	q_A  = 8.75014	CLsb = 0.00129	CLb  = 0.47813	CLs  = 0.00271
INFO: (function: getCLs) AsymptoticLimits.cc: 343 -- At r = 0.018750:	q_mu = 5.18053	q_A  = 4.90740	CLsb = 0.01140	CLb  = 0.47542	CLs  = 0.02397
INFO: (function: getCLs) AsymptoticLimits.cc: 343 -- At r = 0.009375:	q_mu = 2.82881	q_A  = 2.62265	CLsb = 0.04618	CLb  = 0.47462	CLs  = 0.09729
INFO: (function: getCLs) AsymptoticLimits.cc: 343 -- At r = 0.014814:	q_mu = 4.23854	q_A  = 3.98700	CLsb = 0.01971	CLb  = 0.47489	CLs  = 0.04151
INFO: (function: getCLs) AsymptoticLimits.cc: 343 -- At r = 0.012775:	q_mu = 3.72641	q_A  = 3.48988	CLsb = 0.02672	CLb  = 0.47476	CLs  = 0.05627
INFO: (function: getCLs) AsymptoticLimits.cc: 343 -- At r = 0.013816:	q_mu = 3.99011	q_A  = 3.74572	CLsb = 0.02283	CLb  = 0.47483	CLs  = 0.04808
INFO: (function: getCLs) AsymptoticLimits.cc: 343 -- At r = 0.013401:	q_mu = 3.88537	q_A  = 3.64409	CLsb = 0.02430	CLb  = 0.47481	CLs  = 0.05117
INFO: (function: getCLs) AsymptoticLimits.cc: 343 -- At r = 0.013607:	q_mu = 3.93754	q_A  = 3.69472	CLsb = 0.02355	CLb  = 0.47482	CLs  = 0.04961
