INFO: (function: improveOnce) CascadeMinimizer.cc: 188 -- Minimisation configured with Type=Minuit2, Algo=Migrad, strategy=0, tolerance=0.1
INFO: (function: improveOnce) CascadeMinimizer.cc: 211 -- Minimisation finished with status=0
INFO: (function: improveOnce) CascadeMinimizer.cc: 216 -- Minimization success! status=0
INFO: (function: generateAsimov) ToyMCSamplerOpt.cc: 139 -- Using internal logic for binned/unbinned Asimov dataset generation
INFO: (function: generateWithHisto) ToyMCSamplerOpt.cc: 214 -- Generating asimov with histogram for pdf pdf_binfail_LOW_obsOnly: in 5 x-bins
INFO: (function: generateWithHisto) ToyMCSamplerOpt.cc: 215 -- , in 1 y-bins
INFO: (function: generateAsimov) ToyMCSamplerOpt.cc: 139 -- Using internal logic for binned/unbinned Asimov dataset generation
INFO: (function: generateWithHisto) ToyMCSamplerOpt.cc: 214 -- Generating asimov with histogram for pdf pdf_binfail_SIG_obsOnly: in 4 x-bins
INFO: (function: generateWithHisto) ToyMCSamplerOpt.cc: 215 -- , in 1 y-bins
INFO: (function: generateAsimov) ToyMCSamplerOpt.cc: 139 -- Using internal logic for binned/unbinned Asimov dataset generation
INFO: (function: generateWithHisto) ToyMCSamplerOpt.cc: 214 -- Generating asimov with histogram for pdf pdf_binpass_LOW_obsOnly: in 5 x-bins
INFO: (function: generateWithHisto) ToyMCSamplerOpt.cc: 215 -- , in 1 y-bins
INFO: (function: generateAsimov) ToyMCSamplerOpt.cc: 139 -- Using internal logic for binned/unbinned Asimov dataset generation
INFO: (function: generateWithHisto) ToyMCSamplerOpt.cc: 214 -- Generating asimov with histogram for pdf pdf_binpass_SIG_obsOnly: in 4 x-bins
INFO: (function: generateWithHisto) ToyMCSamplerOpt.cc: 215 -- , in 1 y-bins
INFO: (function: runLimitExpected) AsymptoticLimits.cc: 436 -- Median for expected limits = 0.0649414 (Sigma for expected limits = 0.033134)
INFO: (function: runLimit) AsymptoticLimits.cc: 193 -- NLL at global minimum of data = -76518 (r=0.0132089)
INFO: (function: runLimit) AsymptoticLimits.cc: 213 -- NLL at global minimum of asimov = -76514.2 (r=5.63282e-07)
INFO: (function: getCLs) AsymptoticLimits.cc: 343 -- At r = 1.213209:	q_mu = 42.17075	q_A  = 44.75148	CLsb = 0.00000	CLb  = 0.57760	CLs  = 0.00000
INFO: (function: getCLs) AsymptoticLimits.cc: 343 -- At r = 0.613209:	q_mu = 25.88909	q_A  = 28.60975	CLsb = 0.00000	CLb  = 0.60283	CLs  = 0.00000
INFO: (function: getCLs) AsymptoticLimits.cc: 343 -- At r = 0.313209:	q_mu = 14.71184	q_A  = 17.25886	CLsb = 0.00006	CLb  = 0.62505	CLs  = 0.00010
INFO: (function: getCLs) AsymptoticLimits.cc: 343 -- At r = 0.163209:	q_mu = 7.56444	q_A  = 9.82701	CLsb = 0.00298	CLb  = 0.64968	CLs  = 0.00458
INFO: (function: getCLs) AsymptoticLimits.cc: 343 -- At r = 0.088209:	q_mu = 3.45332	q_A  = 5.34859	CLsb = 0.03156	CLb  = 0.67523	CLs  = 0.04674
INFO: (function: getCLs) AsymptoticLimits.cc: 343 -- At r = 0.050709:	q_mu = 1.38092	q_A  = 2.87958	CLsb = 0.11997	CLb  = 0.69910	CLs  = 0.17161
INFO: (function: getCLs) AsymptoticLimits.cc: 343 -- At r = 0.069459:	q_mu = 2.39984	q_A  = 4.13036	CLsb = 0.06067	CLb  = 0.68552	CLs  = 0.08851
INFO: (function: getCLs) AsymptoticLimits.cc: 343 -- At r = 0.082876:	q_mu = 3.15266	q_A  = 5.00597	CLsb = 0.03790	CLb  = 0.67790	CLs  = 0.05591
INFO: (function: getCLs) AsymptoticLimits.cc: 343 -- At r = 0.085538:	q_mu = 3.30270	q_A  = 5.17741	CLsb = 0.03458	CLb  = 0.67655	CLs  = 0.05112
INFO: (function: getCLs) AsymptoticLimits.cc: 343 -- At r = 0.086600:	q_mu = 3.36258	q_A  = 5.24558	CLsb = 0.03335	CLb  = 0.67602	CLs  = 0.04933
INFO: (function: getCLs) AsymptoticLimits.cc: 343 -- At r = 0.086065:	q_mu = 3.33241	q_A  = 5.21125	CLsb = 0.03396	CLb  = 0.67628	CLs  = 0.05022
INFO: (function: getCLs) AsymptoticLimits.cc: 343 -- At r = 0.086277:	q_mu = 3.34438	q_A  = 5.22487	CLsb = 0.03372	CLb  = 0.67618	CLs  = 0.04986
