INFO: (function: improveOnce) CascadeMinimizer.cc: 188 -- Minimisation configured with Type=Minuit2, Algo=Migrad, strategy=0, tolerance=0.1
INFO: (function: improveOnce) CascadeMinimizer.cc: 211 -- Minimisation finished with status=0
INFO: (function: improveOnce) CascadeMinimizer.cc: 216 -- Minimization success! status=0
INFO: (function: generateAsimov) ToyMCSamplerOpt.cc: 139 -- Using internal logic for binned/unbinned Asimov dataset generation
INFO: (function: generateWithHisto) ToyMCSamplerOpt.cc: 214 -- Generating asimov with histogram for pdf pdf_binfail_LOW_obsOnly: in 6 x-bins
INFO: (function: generateWithHisto) ToyMCSamplerOpt.cc: 215 -- , in 1 y-bins
INFO: (function: generateAsimov) ToyMCSamplerOpt.cc: 139 -- Using internal logic for binned/unbinned Asimov dataset generation
INFO: (function: generateWithHisto) ToyMCSamplerOpt.cc: 214 -- Generating asimov with histogram for pdf pdf_binfail_SIG_obsOnly: in 3 x-bins
INFO: (function: generateWithHisto) ToyMCSamplerOpt.cc: 215 -- , in 1 y-bins
INFO: (function: generateAsimov) ToyMCSamplerOpt.cc: 139 -- Using internal logic for binned/unbinned Asimov dataset generation
INFO: (function: generateWithHisto) ToyMCSamplerOpt.cc: 214 -- Generating asimov with histogram for pdf pdf_binpass_LOW_obsOnly: in 6 x-bins
INFO: (function: generateWithHisto) ToyMCSamplerOpt.cc: 215 -- , in 1 y-bins
INFO: (function: generateAsimov) ToyMCSamplerOpt.cc: 139 -- Using internal logic for binned/unbinned Asimov dataset generation
INFO: (function: generateWithHisto) ToyMCSamplerOpt.cc: 214 -- Generating asimov with histogram for pdf pdf_binpass_SIG_obsOnly: in 3 x-bins
INFO: (function: generateWithHisto) ToyMCSamplerOpt.cc: 215 -- , in 1 y-bins
INFO: (function: runLimitExpected) AsymptoticLimits.cc: 436 -- Median for expected limits = 90.75 (Sigma for expected limits = 46.3019)
INFO: (function: runLimit) AsymptoticLimits.cc: 193 -- NLL at global minimum of data = -60510.3 (r=50.9303)
INFO: (function: runLimit) AsymptoticLimits.cc: 213 -- NLL at global minimum of asimov = -60511.2 (r=0.0809587)
INFO: (function: getCLs) AsymptoticLimits.cc: 343 -- At r = 169.187469:	q_mu = 2.65534	q_A  = 7.26382	CLsb = 0.05160	CLb  = 0.85670	CLs  = 0.06023
INFO: (function: getCLs) AsymptoticLimits.cc: 343 -- At r = 338.374937:	q_mu = 7.57983	q_A  = 13.45460	CLsb = 0.00295	CLb  = 0.81988	CLs  = 0.00360
INFO: (function: getCLs) AsymptoticLimits.cc: 343 -- At r = 194.652643:	q_mu = 3.40732	q_A  = 8.29180	CLsb = 0.03245	CLb  = 0.84935	CLs  = 0.03821
INFO: (function: getCLs) AsymptoticLimits.cc: 343 -- At r = 122.791496:	q_mu = 1.33548	q_A  = 5.28656	CLsb = 0.12392	CLb  = 0.87361	CLs  = 0.14184
INFO: (function: getCLs) AsymptoticLimits.cc: 343 -- At r = 168.493537:	q_mu = 2.63492	q_A  = 7.23540	CLsb = 0.05227	CLb  = 0.85693	CLs  = 0.06100
INFO: (function: getCLs) AsymptoticLimits.cc: 343 -- At r = 182.619652:	q_mu = 3.05118	q_A  = 7.81088	CLsb = 0.04034	CLb  = 0.85269	CLs  = 0.04731
INFO: (function: getCLs) AsymptoticLimits.cc: 343 -- At r = 177.333508:	q_mu = 2.89504	q_A  = 7.59690	CLsb = 0.04443	CLb  = 0.85423	CLs  = 0.05201
INFO: (function: getCLs) AsymptoticLimits.cc: 343 -- At r = 180.148436:	q_mu = 2.97814	q_A  = 7.71105	CLsb = 0.04220	CLb  = 0.85341	CLs  = 0.04945
INFO: (function: getCLs) AsymptoticLimits.cc: 343 -- At r = 179.089218:	q_mu = 2.94685	q_A  = 7.66815	CLsb = 0.04302	CLb  = 0.85372	CLs  = 0.05039
INFO: (function: getCLs) AsymptoticLimits.cc: 343 -- At r = 179.651799:	q_mu = 2.96347	q_A  = 7.69095	CLsb = 0.04258	CLb  = 0.85355	CLs  = 0.04989
