INFO: (function: improveOnce) CascadeMinimizer.cc: 188 -- Minimisation configured with Type=Minuit2, Algo=Migrad, strategy=0, tolerance=0.1
INFO: (function: improveOnce) CascadeMinimizer.cc: 211 -- Minimisation finished with status=0
INFO: (function: improveOnce) CascadeMinimizer.cc: 216 -- Minimization success! status=0
INFO: (function: generateAsimov) ToyMCSamplerOpt.cc: 139 -- Using internal logic for binned/unbinned Asimov dataset generation
INFO: (function: generateWithHisto) ToyMCSamplerOpt.cc: 214 -- Generating asimov with histogram for pdf pdf_binfail_LOW_obsOnly: in 5 x-bins
INFO: (function: generateWithHisto) ToyMCSamplerOpt.cc: 215 -- , in 1 y-bins
INFO: (function: generateAsimov) ToyMCSamplerOpt.cc: 139 -- Using internal logic for binned/unbinned Asimov dataset generation
INFO: (function: generateWithHisto) ToyMCSamplerOpt.cc: 214 -- Generating asimov with histogram for pdf pdf_binfail_SIG_obsOnly: in 4 x-bins
INFO: (function: generateWithHisto) ToyMCSamplerOpt.cc: 215 -- , in 1 y-bins
INFO: (function: generateAsimov) ToyMCSamplerOpt.cc: 139 -- Using internal logic for binned/unbinned Asimov dataset generation
INFO: (function: generateWithHisto) ToyMCSamplerOpt.cc: 214 -- Generating asimov with histogram for pdf pdf_binpass_LOW_obsOnly: in 5 x-bins
INFO: (function: generateWithHisto) ToyMCSamplerOpt.cc: 215 -- , in 1 y-bins
INFO: (function: generateAsimov) ToyMCSamplerOpt.cc: 139 -- Using internal logic for binned/unbinned Asimov dataset generation
INFO: (function: generateWithHisto) ToyMCSamplerOpt.cc: 214 -- Generating asimov with histogram for pdf pdf_binpass_SIG_obsOnly: in 4 x-bins
INFO: (function: generateWithHisto) ToyMCSamplerOpt.cc: 215 -- , in 1 y-bins
INFO: (function: runLimitExpected) AsymptoticLimits.cc: 436 -- Median for expected limits = 0.361328 (Sigma for expected limits = 0.184354)
INFO: (function: runLimit) AsymptoticLimits.cc: 193 -- NLL at global minimum of data = -76437.5 (r=0.0751141)
INFO: (function: runLimit) AsymptoticLimits.cc: 213 -- NLL at global minimum of asimov = -76435 (r=0.00010935)
INFO: (function: getCLs) AsymptoticLimits.cc: 343 -- At r = 1.275114:	q_mu = 13.52315	q_A  = 15.53572	CLsb = 0.00012	CLb  = 0.60417	CLs  = 0.00020
INFO: (function: getCLs) AsymptoticLimits.cc: 343 -- At r = 0.675114:	q_mu = 6.01747	q_A  = 7.93794	CLsb = 0.00708	CLb  = 0.64221	CLs  = 0.01103
INFO: (function: getCLs) AsymptoticLimits.cc: 343 -- At r = 0.375114:	q_mu = 2.41887	q_A  = 4.01803	CLsb = 0.05994	CLb  = 0.67337	CLs  = 0.08902
INFO: (function: getCLs) AsymptoticLimits.cc: 343 -- At r = 0.525114:	q_mu = 4.17621	q_A  = 5.97789	CLsb = 0.02050	CLb  = 0.65594	CLs  = 0.03125
INFO: (function: getCLs) AsymptoticLimits.cc: 343 -- At r = 0.441234:	q_mu = 3.17659	q_A  = 4.87946	CLsb = 0.03735	CLb  = 0.66518	CLs  = 0.05615
INFO: (function: getCLs) AsymptoticLimits.cc: 343 -- At r = 0.471294:	q_mu = 3.53079	q_A  = 5.27282	CLsb = 0.03012	CLb  = 0.66174	CLs  = 0.04552
INFO: (function: getCLs) AsymptoticLimits.cc: 343 -- At r = 0.454520:	q_mu = 3.33269	q_A  = 5.05326	CLsb = 0.03396	CLb  = 0.66363	CLs  = 0.05117
INFO: (function: getCLs) AsymptoticLimits.cc: 343 -- At r = 0.460526:	q_mu = 3.40355	q_A  = 5.13186	CLsb = 0.03253	CLb  = 0.66294	CLs  = 0.04907
INFO: (function: getCLs) AsymptoticLimits.cc: 343 -- At r = 0.457168:	q_mu = 3.36391	q_A  = 5.08792	CLsb = 0.03332	CLb  = 0.66332	CLs  = 0.05023
INFO: (function: getCLs) AsymptoticLimits.cc: 343 -- At r = 0.458369:	q_mu = 3.37808	q_A  = 5.10364	CLsb = 0.03303	CLb  = 0.66318	CLs  = 0.04981
