INFO: (function: improveOnce) CascadeMinimizer.cc: 188 -- Minimisation configured with Type=Minuit2, Algo=Migrad, strategy=0, tolerance=0.1
INFO: (function: improveOnce) CascadeMinimizer.cc: 211 -- Minimisation finished with status=0
INFO: (function: improveOnce) CascadeMinimizer.cc: 216 -- Minimization success! status=0
INFO: (function: generateAsimov) ToyMCSamplerOpt.cc: 139 -- Using internal logic for binned/unbinned Asimov dataset generation
INFO: (function: generateWithHisto) ToyMCSamplerOpt.cc: 214 -- Generating asimov with histogram for pdf pdf_binfail_LOW_obsOnly: in 5 x-bins
INFO: (function: generateWithHisto) ToyMCSamplerOpt.cc: 215 -- , in 1 y-bins
INFO: (function: generateAsimov) ToyMCSamplerOpt.cc: 139 -- Using internal logic for binned/unbinned Asimov dataset generation
INFO: (function: generateWithHisto) ToyMCSamplerOpt.cc: 214 -- Generating asimov with histogram for pdf pdf_binfail_SIG_obsOnly: in 14 x-bins
INFO: (function: generateWithHisto) ToyMCSamplerOpt.cc: 215 -- , in 1 y-bins
INFO: (function: generateAsimov) ToyMCSamplerOpt.cc: 139 -- Using internal logic for binned/unbinned Asimov dataset generation
INFO: (function: generateWithHisto) ToyMCSamplerOpt.cc: 214 -- Generating asimov with histogram for pdf pdf_binpass_LOW_obsOnly: in 5 x-bins
INFO: (function: generateWithHisto) ToyMCSamplerOpt.cc: 215 -- , in 1 y-bins
INFO: (function: generateAsimov) ToyMCSamplerOpt.cc: 139 -- Using internal logic for binned/unbinned Asimov dataset generation
INFO: (function: generateWithHisto) ToyMCSamplerOpt.cc: 214 -- Generating asimov with histogram for pdf pdf_binpass_SIG_obsOnly: in 14 x-bins
INFO: (function: generateWithHisto) ToyMCSamplerOpt.cc: 215 -- , in 1 y-bins
INFO: (function: runLimitExpected) AsymptoticLimits.cc: 436 -- Median for expected limits = 2.67188 (Sigma for expected limits = 1.36323)
INFO: (function: runLimit) AsymptoticLimits.cc: 193 -- NLL at global minimum of data = -738314 (r=7.18278)
INFO: (function: runLimit) AsymptoticLimits.cc: 213 -- NLL at global minimum of asimov = -738327 (r=0.000135427)
INFO: (function: getCLs) AsymptoticLimits.cc: 343 -- At r = 22.230465:	q_mu = 0.00000	q_A  = 17.67418	CLsb = 0.50000	CLb  = 0.99999	CLs  = 0.50001
INFO: (function: getCLs) AsymptoticLimits.cc: 343 -- At r = 44.460930:	q_mu = 5.71142	q_A  = 26.05749	CLsb = 0.00843	CLb  = 0.99668	CLs  = 0.00846
INFO: (function: getCLs) AsymptoticLimits.cc: 343 -- At r = 25.821855:	q_mu = 0.00000	q_A  = 19.29131	CLsb = 0.50000	CLb  = 0.99999	CLs  = 0.50000
INFO: (function: getCLs) AsymptoticLimits.cc: 343 -- At r = 35.141393:	q_mu = 2.52859	q_A  = 22.94731	CLsb = 0.05590	CLb  = 0.99931	CLs  = 0.05594
INFO: (function: getCLs) AsymptoticLimits.cc: 343 -- At r = 39.801161:	q_mu = 4.17762	q_A  = 24.55793	CLsb = 0.02048	CLb  = 0.99820	CLs  = 0.02052
INFO: (function: getCLs) AsymptoticLimits.cc: 343 -- At r = 36.490469:	q_mu = 3.01916	q_A  = 23.42588	CLsb = 0.04114	CLb  = 0.99904	CLs  = 0.04118
INFO: (function: getCLs) AsymptoticLimits.cc: 343 -- At r = 35.806727:	q_mu = 2.77201	q_A  = 23.18456	CLsb = 0.04796	CLb  = 0.99918	CLs  = 0.04800
INFO: (function: getCLs) AsymptoticLimits.cc: 343 -- At r = 35.531803:	q_mu = 2.67182	q_A  = 23.08676	CLsb = 0.05107	CLb  = 0.99924	CLs  = 0.05111
INFO: (function: getCLs) AsymptoticLimits.cc: 343 -- At r = 35.663704:	q_mu = 2.71994	q_A  = 23.13374	CLsb = 0.04955	CLb  = 0.99921	CLs  = 0.04959
