INFO: (function: improveOnce) CascadeMinimizer.cc: 188 -- Minimisation configured with Type=Minuit2, Algo=Migrad, strategy=0, tolerance=0.1
INFO: (function: improveOnce) CascadeMinimizer.cc: 211 -- Minimisation finished with status=0
INFO: (function: improveOnce) CascadeMinimizer.cc: 216 -- Minimization success! status=0
INFO: (function: generateAsimov) ToyMCSamplerOpt.cc: 139 -- Using internal logic for binned/unbinned Asimov dataset generation
INFO: (function: generateWithHisto) ToyMCSamplerOpt.cc: 214 -- Generating asimov with histogram for pdf pdf_binfail_LOW_obsOnly: in 1 x-bins
INFO: (function: generateWithHisto) ToyMCSamplerOpt.cc: 215 -- , in 1 y-bins
INFO: (function: generateAsimov) ToyMCSamplerOpt.cc: 139 -- Using internal logic for binned/unbinned Asimov dataset generation
INFO: (function: generateWithHisto) ToyMCSamplerOpt.cc: 214 -- Generating asimov with histogram for pdf pdf_binfail_SIG_obsOnly: in 1 x-bins
INFO: (function: generateWithHisto) ToyMCSamplerOpt.cc: 215 -- , in 1 y-bins
INFO: (function: generateAsimov) ToyMCSamplerOpt.cc: 139 -- Using internal logic for binned/unbinned Asimov dataset generation
INFO: (function: generateWithHisto) ToyMCSamplerOpt.cc: 214 -- Generating asimov with histogram for pdf pdf_binpass_LOW_obsOnly: in 1 x-bins
INFO: (function: generateWithHisto) ToyMCSamplerOpt.cc: 215 -- , in 1 y-bins
INFO: (function: generateAsimov) ToyMCSamplerOpt.cc: 139 -- Using internal logic for binned/unbinned Asimov dataset generation
INFO: (function: generateWithHisto) ToyMCSamplerOpt.cc: 214 -- Generating asimov with histogram for pdf pdf_binpass_SIG_obsOnly: in 1 x-bins
INFO: (function: generateWithHisto) ToyMCSamplerOpt.cc: 215 -- , in 1 y-bins
DEBUG: (function: runLimitExpected) AsymptoticLimits.cc: 423 -- Best fit of asimov dataset is at r = 0.043368 (0.002168 times rMax), while it should be at zero
INFO: (function: runLimitExpected) AsymptoticLimits.cc: 436 -- Median for expected limits = 13.75 (Sigma for expected limits = 7.01544)
INFO: (function: runLimit) AsymptoticLimits.cc: 193 -- NLL at global minimum of data = -77537.4 (r=1.75492e-06)
INFO: (function: runLimit) AsymptoticLimits.cc: 213 -- NLL at global minimum of asimov = -77531.4 (r=9.31398e-11)
INFO: (function: getCLs) AsymptoticLimits.cc: 343 -- At r = 6.736601:	q_mu = 3.43130	q_A  = 1.18070	CLsb = 0.01691	CLb  = 0.15019	CLs  = 0.11259
INFO: (function: getCLs) AsymptoticLimits.cc: 343 -- At r = 13.473201:	q_mu = 7.45800	q_A  = 3.72037	CLsb = 0.00188	CLb  = 0.16630	CLs  = 0.01130
INFO: (function: getCLs) AsymptoticLimits.cc: 343 -- At r = 6.736602:	q_mu = 3.43124	q_A  = 1.18070	CLsb = 0.01691	CLb  = 0.15020	CLs  = 0.11259
INFO: (function: getCLs) AsymptoticLimits.cc: 343 -- At r = 10.104901:	q_mu = 5.40494	q_A  = 2.34379	CLsb = 0.00569	CLb  = 0.15871	CLs  = 0.03586
INFO: (function: getCLs) AsymptoticLimits.cc: 343 -- At r = 8.648456:	q_mu = 4.53756	q_A  = 1.81094	CLsb = 0.00917	CLb  = 0.15551	CLs  = 0.05895
INFO: (function: getCLs) AsymptoticLimits.cc: 343 -- At r = 9.325750:	q_mu = 4.93869	q_A  = 2.05347	CLsb = 0.00735	CLb  = 0.15704	CLs  = 0.04680
INFO: (function: getCLs) AsymptoticLimits.cc: 343 -- At r = 9.035084:	q_mu = 4.76601	q_A  = 1.94823	CLsb = 0.00808	CLb  = 0.15640	CLs  = 0.05168
INFO: (function: getCLs) AsymptoticLimits.cc: 343 -- At r = 9.170698:	q_mu = 4.84648	q_A  = 1.99712	CLsb = 0.00773	CLb  = 0.15670	CLs  = 0.04934
INFO: (function: getCLs) AsymptoticLimits.cc: 343 -- At r = 9.112595:	q_mu = 4.81198	q_A  = 1.97613	CLsb = 0.00788	CLb  = 0.15657	CLs  = 0.05033
INFO: (function: getCLs) AsymptoticLimits.cc: 343 -- At r = 9.139724:	q_mu = 4.82808	q_A  = 1.98592	CLsb = 0.00781	CLb  = 0.15663	CLs  = 0.04987
