INFO: (function: improveOnce) CascadeMinimizer.cc: 188 -- Minimisation configured with Type=Minuit2, Algo=Migrad, strategy=0, tolerance=0.1
INFO: (function: improveOnce) CascadeMinimizer.cc: 211 -- Minimisation finished with status=0
INFO: (function: improveOnce) CascadeMinimizer.cc: 216 -- Minimization success! status=0
INFO: (function: generateAsimov) ToyMCSamplerOpt.cc: 139 -- Using internal logic for binned/unbinned Asimov dataset generation
INFO: (function: generateWithHisto) ToyMCSamplerOpt.cc: 214 -- Generating asimov with histogram for pdf pdf_binfail_LOW_obsOnly: in 6 x-bins
INFO: (function: generateWithHisto) ToyMCSamplerOpt.cc: 215 -- , in 1 y-bins
INFO: (function: generateAsimov) ToyMCSamplerOpt.cc: 139 -- Using internal logic for binned/unbinned Asimov dataset generation
INFO: (function: generateWithHisto) ToyMCSamplerOpt.cc: 214 -- Generating asimov with histogram for pdf pdf_binfail_SIG_obsOnly: in 8 x-bins
INFO: (function: generateWithHisto) ToyMCSamplerOpt.cc: 215 -- , in 1 y-bins
INFO: (function: generateAsimov) ToyMCSamplerOpt.cc: 139 -- Using internal logic for binned/unbinned Asimov dataset generation
INFO: (function: generateWithHisto) ToyMCSamplerOpt.cc: 214 -- Generating asimov with histogram for pdf pdf_binpass_LOW_obsOnly: in 6 x-bins
INFO: (function: generateWithHisto) ToyMCSamplerOpt.cc: 215 -- , in 1 y-bins
INFO: (function: generateAsimov) ToyMCSamplerOpt.cc: 139 -- Using internal logic for binned/unbinned Asimov dataset generation
INFO: (function: generateWithHisto) ToyMCSamplerOpt.cc: 214 -- Generating asimov with histogram for pdf pdf_binpass_SIG_obsOnly: in 8 x-bins
INFO: (function: generateWithHisto) ToyMCSamplerOpt.cc: 215 -- , in 1 y-bins
INFO: (function: runLimitExpected) AsymptoticLimits.cc: 436 -- Median for expected limits = 0.0131836 (Sigma for expected limits = 0.00672645)
INFO: (function: runLimit) AsymptoticLimits.cc: 193 -- NLL at global minimum of data = -776820 (r=9.36922e-09)
INFO: (function: runLimit) AsymptoticLimits.cc: 213 -- NLL at global minimum of asimov = -776794 (r=8.4488e-13)
INFO: (function: getCLs) AsymptoticLimits.cc: 343 -- At r = 1.200000:	q_mu = 201.73632	q_A  = 195.30600	CLsb = 0.00000	CLb  = 0.40902	CLs  = 0.00000
INFO: (function: getCLs) AsymptoticLimits.cc: 343 -- At r = 0.600000:	q_mu = 121.93340	q_A  = 117.02801	CLsb = 0.00000	CLb  = 0.41032	CLs  = 0.00000
INFO: (function: getCLs) AsymptoticLimits.cc: 343 -- At r = 0.300000:	q_mu = 73.77381	q_A  = 69.68048	CLsb = 0.00000	CLb  = 0.40316	CLs  = 0.00000
INFO: (function: getCLs) AsymptoticLimits.cc: 343 -- At r = 0.150000:	q_mu = 42.62801	q_A  = 39.23646	CLsb = 0.00000	CLb  = 0.39330	CLs  = 0.00000
INFO: (function: getCLs) AsymptoticLimits.cc: 343 -- At r = 0.075000:	q_mu = 23.79575	q_A  = 21.00304	CLsb = 0.00000	CLb  = 0.38030	CLs  = 0.00000
INFO: (function: getCLs) AsymptoticLimits.cc: 343 -- At r = 0.037500:	q_mu = 13.29537	q_A  = 10.99482	CLsb = 0.00012	CLb  = 0.36433	CLs  = 0.00034
INFO: (function: getCLs) AsymptoticLimits.cc: 343 -- At r = 0.018750:	q_mu = 7.38979	q_A  = 5.57512	CLsb = 0.00302	CLb  = 0.35039	CLs  = 0.00862
INFO: (function: getCLs) AsymptoticLimits.cc: 343 -- At r = 0.009375:	q_mu = 3.93898	q_A  = 2.60967	CLsb = 0.02134	CLb  = 0.34038	CLs  = 0.06269
INFO: (function: getCLs) AsymptoticLimits.cc: 343 -- At r = 0.014063:	q_mu = 5.71169	q_A  = 4.10037	CLsb = 0.00770	CLb  = 0.34536	CLs  = 0.02230
INFO: (function: getCLs) AsymptoticLimits.cc: 343 -- At r = 0.011133:	q_mu = 4.61478	q_A  = 3.16867	CLsb = 0.01440	CLb  = 0.34230	CLs  = 0.04206
INFO: (function: getCLs) AsymptoticLimits.cc: 343 -- At r = 0.010172:	q_mu = 4.24697	q_A  = 2.86312	CLsb = 0.01782	CLb  = 0.34130	CLs  = 0.05221
INFO: (function: getCLs) AsymptoticLimits.cc: 343 -- At r = 0.010518:	q_mu = 4.37993	q_A  = 2.97323	CLsb = 0.01649	CLb  = 0.34167	CLs  = 0.04828
