INFO: (function: improveOnce) CascadeMinimizer.cc: 188 -- Minimisation configured with Type=Minuit2, Algo=Migrad, strategy=0, tolerance=0.1
INFO: (function: improveOnce) CascadeMinimizer.cc: 211 -- Minimisation finished with status=0
INFO: (function: improveOnce) CascadeMinimizer.cc: 216 -- Minimization success! status=0
INFO: (function: generateAsimov) ToyMCSamplerOpt.cc: 139 -- Using internal logic for binned/unbinned Asimov dataset generation
INFO: (function: generateWithHisto) ToyMCSamplerOpt.cc: 214 -- Generating asimov with histogram for pdf pdf_binfail_LOW_obsOnly: in 5 x-bins
INFO: (function: generateWithHisto) ToyMCSamplerOpt.cc: 215 -- , in 1 y-bins
INFO: (function: generateAsimov) ToyMCSamplerOpt.cc: 139 -- Using internal logic for binned/unbinned Asimov dataset generation
INFO: (function: generateWithHisto) ToyMCSamplerOpt.cc: 214 -- Generating asimov with histogram for pdf pdf_binfail_SIG_obsOnly: in 3 x-bins
INFO: (function: generateWithHisto) ToyMCSamplerOpt.cc: 215 -- , in 1 y-bins
INFO: (function: generateAsimov) ToyMCSamplerOpt.cc: 139 -- Using internal logic for binned/unbinned Asimov dataset generation
INFO: (function: generateWithHisto) ToyMCSamplerOpt.cc: 214 -- Generating asimov with histogram for pdf pdf_binpass_LOW_obsOnly: in 5 x-bins
INFO: (function: generateWithHisto) ToyMCSamplerOpt.cc: 215 -- , in 1 y-bins
INFO: (function: generateAsimov) ToyMCSamplerOpt.cc: 139 -- Using internal logic for binned/unbinned Asimov dataset generation
INFO: (function: generateWithHisto) ToyMCSamplerOpt.cc: 214 -- Generating asimov with histogram for pdf pdf_binpass_SIG_obsOnly: in 3 x-bins
INFO: (function: generateWithHisto) ToyMCSamplerOpt.cc: 215 -- , in 1 y-bins
INFO: (function: runLimitExpected) AsymptoticLimits.cc: 436 -- Median for expected limits = 0.671875 (Sigma for expected limits = 0.3428)
INFO: (function: runLimit) AsymptoticLimits.cc: 193 -- NLL at global minimum of data = -44468.2 (r=2.87011e-07)
INFO: (function: runLimit) AsymptoticLimits.cc: 213 -- NLL at global minimum of asimov = -44470.7 (r=8.88178e-15)
INFO: (function: getCLs) AsymptoticLimits.cc: 343 -- At r = 1.200000:	q_mu = 7.42594	q_A  = 7.11298	CLsb = 0.00321	CLb  = 0.47661	CLs  = 0.00673
INFO: (function: getCLs) AsymptoticLimits.cc: 343 -- At r = 0.600000:	q_mu = 3.54649	q_A  = 3.40549	CLsb = 0.02981	CLb  = 0.48476	CLs  = 0.06149
INFO: (function: getCLs) AsymptoticLimits.cc: 343 -- At r = 0.900000:	q_mu = 5.45266	q_A  = 5.22878	CLsb = 0.00976	CLb  = 0.48048	CLs  = 0.02030
INFO: (function: getCLs) AsymptoticLimits.cc: 343 -- At r = 0.704813:	q_mu = 4.20396	q_A  = 4.03481	CLsb = 0.02014	CLb  = 0.48321	CLs  = 0.04169
INFO: (function: getCLs) AsymptoticLimits.cc: 343 -- At r = 0.644631:	q_mu = 3.82526	q_A  = 3.67240	CLsb = 0.02522	CLb  = 0.48409	CLs  = 0.05209
INFO: (function: getCLs) AsymptoticLimits.cc: 343 -- At r = 0.665534:	q_mu = 3.95644	q_A  = 3.79795	CLsb = 0.02332	CLb  = 0.48378	CLs  = 0.04821
INFO: (function: getCLs) AsymptoticLimits.cc: 343 -- At r = 0.653488:	q_mu = 3.88080	q_A  = 3.72556	CLsb = 0.02440	CLb  = 0.48396	CLs  = 0.05041
INFO: (function: getCLs) AsymptoticLimits.cc: 343 -- At r = 0.657666:	q_mu = 3.90702	q_A  = 3.75066	CLsb = 0.02402	CLb  = 0.48390	CLs  = 0.04964
INFO: (function: getCLs) AsymptoticLimits.cc: 343 -- At r = 0.655256:	q_mu = 3.89189	q_A  = 3.73618	CLsb = 0.02424	CLb  = 0.48394	CLs  = 0.05008
