INFO: (function: improveOnce) CascadeMinimizer.cc: 188 -- Minimisation configured with Type=Minuit2, Algo=Migrad, strategy=0, tolerance=0.1
INFO: (function: improveOnce) CascadeMinimizer.cc: 211 -- Minimisation finished with status=0
INFO: (function: improveOnce) CascadeMinimizer.cc: 216 -- Minimization success! status=0
INFO: (function: generateAsimov) ToyMCSamplerOpt.cc: 139 -- Using internal logic for binned/unbinned Asimov dataset generation
INFO: (function: generateWithHisto) ToyMCSamplerOpt.cc: 214 -- Generating asimov with histogram for pdf pdf_binfail_LOW_obsOnly: in 6 x-bins
INFO: (function: generateWithHisto) ToyMCSamplerOpt.cc: 215 -- , in 1 y-bins
INFO: (function: generateAsimov) ToyMCSamplerOpt.cc: 139 -- Using internal logic for binned/unbinned Asimov dataset generation
INFO: (function: generateWithHisto) ToyMCSamplerOpt.cc: 214 -- Generating asimov with histogram for pdf pdf_binfail_SIG_obsOnly: in 2 x-bins
INFO: (function: generateWithHisto) ToyMCSamplerOpt.cc: 215 -- , in 1 y-bins
INFO: (function: generateAsimov) ToyMCSamplerOpt.cc: 139 -- Using internal logic for binned/unbinned Asimov dataset generation
INFO: (function: generateWithHisto) ToyMCSamplerOpt.cc: 214 -- Generating asimov with histogram for pdf pdf_binpass_LOW_obsOnly: in 6 x-bins
INFO: (function: generateWithHisto) ToyMCSamplerOpt.cc: 215 -- , in 1 y-bins
INFO: (function: generateAsimov) ToyMCSamplerOpt.cc: 139 -- Using internal logic for binned/unbinned Asimov dataset generation
INFO: (function: generateWithHisto) ToyMCSamplerOpt.cc: 214 -- Generating asimov with histogram for pdf pdf_binpass_SIG_obsOnly: in 2 x-bins
INFO: (function: generateWithHisto) ToyMCSamplerOpt.cc: 215 -- , in 1 y-bins
INFO: (function: runLimitExpected) AsymptoticLimits.cc: 436 -- Median for expected limits = 0.0131836 (Sigma for expected limits = 0.00672645)
INFO: (function: runLimit) AsymptoticLimits.cc: 193 -- NLL at global minimum of data = -11776.8 (r=0.0041785)
INFO: (function: runLimit) AsymptoticLimits.cc: 213 -- NLL at global minimum of asimov = -11789 (r=7.74102e-10)
INFO: (function: getCLs) AsymptoticLimits.cc: 343 -- At r = 1.204178:	q_mu = 38.85044	q_A  = 45.00118	CLsb = 0.00000	CLb  = 0.68271	CLs  = 0.00000
INFO: (function: getCLs) AsymptoticLimits.cc: 343 -- At r = 0.604178:	q_mu = 29.18211	q_A  = 34.97365	CLsb = 0.00000	CLb  = 0.69561	CLs  = 0.00000
INFO: (function: getCLs) AsymptoticLimits.cc: 343 -- At r = 0.304178:	q_mu = 21.04148	q_A  = 26.43501	CLsb = 0.00000	CLb  = 0.71035	CLs  = 0.00000
INFO: (function: getCLs) AsymptoticLimits.cc: 343 -- At r = 0.154178:	q_mu = 14.39525	q_A  = 19.34643	CLsb = 0.00007	CLb  = 0.72719	CLs  = 0.00010
INFO: (function: getCLs) AsymptoticLimits.cc: 343 -- At r = 0.079178:	q_mu = 9.19722	q_A  = 13.65766	CLsb = 0.00121	CLb  = 0.74631	CLs  = 0.00162
INFO: (function: getCLs) AsymptoticLimits.cc: 343 -- At r = 0.041678:	q_mu = 5.37379	q_A  = 9.29647	CLsb = 0.01022	CLb  = 0.76757	CLs  = 0.01332
INFO: (function: getCLs) AsymptoticLimits.cc: 343 -- At r = 0.022928:	q_mu = 2.79926	q_A  = 6.15073	CLsb = 0.04715	CLb  = 0.79016	CLs  = 0.05968
INFO: (function: getCLs) AsymptoticLimits.cc: 343 -- At r = 0.032303:	q_mu = 4.16345	q_A  = 7.85158	CLsb = 0.02065	CLb  = 0.77685	CLs  = 0.02658
INFO: (function: getCLs) AsymptoticLimits.cc: 343 -- At r = 0.026444:	q_mu = 3.33082	q_A  = 6.82553	CLsb = 0.03400	CLb  = 0.78451	CLs  = 0.04333
INFO: (function: getCLs) AsymptoticLimits.cc: 343 -- At r = 0.024484:	q_mu = 3.03743	q_A  = 6.45538	CLsb = 0.04068	CLb  = 0.78754	CLs  = 0.05166
INFO: (function: getCLs) AsymptoticLimits.cc: 343 -- At r = 0.025167:	q_mu = 3.14055	q_A  = 6.58608	CLsb = 0.03818	CLb  = 0.78645	CLs  = 0.04855
INFO: (function: getCLs) AsymptoticLimits.cc: 343 -- At r = 0.024771:	q_mu = 3.08094	q_A  = 6.51061	CLsb = 0.03961	CLb  = 0.78708	CLs  = 0.05032
