INFO: (function: improveOnce) CascadeMinimizer.cc: 188 -- Minimisation configured with Type=Minuit2, Algo=Migrad, strategy=0, tolerance=0.1
INFO: (function: improveOnce) CascadeMinimizer.cc: 211 -- Minimisation finished with status=0
INFO: (function: improveOnce) CascadeMinimizer.cc: 216 -- Minimization success! status=0
INFO: (function: generateAsimov) ToyMCSamplerOpt.cc: 139 -- Using internal logic for binned/unbinned Asimov dataset generation
INFO: (function: generateWithHisto) ToyMCSamplerOpt.cc: 214 -- Generating asimov with histogram for pdf pdf_binfail_LOW_obsOnly: in 5 x-bins
INFO: (function: generateWithHisto) ToyMCSamplerOpt.cc: 215 -- , in 1 y-bins
INFO: (function: generateAsimov) ToyMCSamplerOpt.cc: 139 -- Using internal logic for binned/unbinned Asimov dataset generation
INFO: (function: generateWithHisto) ToyMCSamplerOpt.cc: 214 -- Generating asimov with histogram for pdf pdf_binfail_SIG_obsOnly: in 6 x-bins
INFO: (function: generateWithHisto) ToyMCSamplerOpt.cc: 215 -- , in 1 y-bins
INFO: (function: generateAsimov) ToyMCSamplerOpt.cc: 139 -- Using internal logic for binned/unbinned Asimov dataset generation
INFO: (function: generateWithHisto) ToyMCSamplerOpt.cc: 214 -- Generating asimov with histogram for pdf pdf_binpass_LOW_obsOnly: in 5 x-bins
INFO: (function: generateWithHisto) ToyMCSamplerOpt.cc: 215 -- , in 1 y-bins
INFO: (function: generateAsimov) ToyMCSamplerOpt.cc: 139 -- Using internal logic for binned/unbinned Asimov dataset generation
INFO: (function: generateWithHisto) ToyMCSamplerOpt.cc: 214 -- Generating asimov with histogram for pdf pdf_binpass_SIG_obsOnly: in 6 x-bins
INFO: (function: generateWithHisto) ToyMCSamplerOpt.cc: 215 -- , in 1 y-bins
INFO: (function: runLimitExpected) AsymptoticLimits.cc: 436 -- Median for expected limits = 120.75 (Sigma for expected limits = 61.6083)
INFO: (function: runLimit) AsymptoticLimits.cc: 193 -- NLL at global minimum of data = -985572 (r=0.000895836)
INFO: (function: runLimit) AsymptoticLimits.cc: 213 -- NLL at global minimum of asimov = -985569 (r=3.20647e-13)
INFO: (function: getCLs) AsymptoticLimits.cc: 343 -- At r = 67.455843:	q_mu = 3.16235	q_A  = 1.81821	CLsb = 0.03239	CLb  = 0.30909	CLs  = 0.10478
INFO: (function: getCLs) AsymptoticLimits.cc: 343 -- At r = 134.911687:	q_mu = 6.20031	q_A  = 4.39159	CLsb = 0.00575	CLb  = 0.33303	CLs  = 0.01726
INFO: (function: getCLs) AsymptoticLimits.cc: 343 -- At r = 67.456291:	q_mu = 3.16238	q_A  = 1.81832	CLsb = 0.03239	CLb  = 0.30911	CLs  = 0.10477
INFO: (function: getCLs) AsymptoticLimits.cc: 343 -- At r = 103.086697:	q_mu = 4.77939	q_A  = 3.15508	CLsb = 0.01276	CLb  = 0.32375	CLs  = 0.03941
INFO: (function: getCLs) AsymptoticLimits.cc: 343 -- At r = 89.021308:	q_mu = 4.14483	q_A  = 2.61935	CLsb = 0.01832	CLb  = 0.31872	CLs  = 0.05748
INFO: (function: getCLs) AsymptoticLimits.cc: 343 -- At r = 95.991849:	q_mu = 4.45982	q_A  = 2.88384	CLsb = 0.01530	CLb  = 0.32132	CLs  = 0.04762
INFO: (function: getCLs) AsymptoticLimits.cc: 343 -- At r = 93.153217:	q_mu = 4.33168	q_A  = 2.77586	CLsb = 0.01646	CLb  = 0.32028	CLs  = 0.05140
INFO: (function: getCLs) AsymptoticLimits.cc: 343 -- At r = 94.541834:	q_mu = 4.39438	q_A  = 2.82864	CLsb = 0.01588	CLb  = 0.32079	CLs  = 0.04951
INFO: (function: getCLs) AsymptoticLimits.cc: 343 -- At r = 93.973051:	q_mu = 4.36870	q_A  = 2.80701	CLsb = 0.01612	CLb  = 0.32059	CLs  = 0.05028
INFO: (function: getCLs) AsymptoticLimits.cc: 343 -- At r = 94.250559:	q_mu = 4.38123	q_A  = 2.81756	CLsb = 0.01600	CLb  = 0.32069	CLs  = 0.04990
