INFO: (function: improveOnce) CascadeMinimizer.cc: 188 -- Minimisation configured with Type=Minuit2, Algo=Migrad, strategy=0, tolerance=0.1
INFO: (function: improveOnce) CascadeMinimizer.cc: 211 -- Minimisation finished with status=0
INFO: (function: improveOnce) CascadeMinimizer.cc: 216 -- Minimization success! status=0
INFO: (function: generateAsimov) ToyMCSamplerOpt.cc: 139 -- Using internal logic for binned/unbinned Asimov dataset generation
INFO: (function: generateWithHisto) ToyMCSamplerOpt.cc: 214 -- Generating asimov with histogram for pdf pdf_binfail_LOW_obsOnly: in 5 x-bins
INFO: (function: generateWithHisto) ToyMCSamplerOpt.cc: 215 -- , in 1 y-bins
INFO: (function: generateAsimov) ToyMCSamplerOpt.cc: 139 -- Using internal logic for binned/unbinned Asimov dataset generation
INFO: (function: generateWithHisto) ToyMCSamplerOpt.cc: 214 -- Generating asimov with histogram for pdf pdf_binfail_SIG_obsOnly: in 6 x-bins
INFO: (function: generateWithHisto) ToyMCSamplerOpt.cc: 215 -- , in 1 y-bins
INFO: (function: generateAsimov) ToyMCSamplerOpt.cc: 139 -- Using internal logic for binned/unbinned Asimov dataset generation
INFO: (function: generateWithHisto) ToyMCSamplerOpt.cc: 214 -- Generating asimov with histogram for pdf pdf_binpass_LOW_obsOnly: in 5 x-bins
INFO: (function: generateWithHisto) ToyMCSamplerOpt.cc: 215 -- , in 1 y-bins
INFO: (function: generateAsimov) ToyMCSamplerOpt.cc: 139 -- Using internal logic for binned/unbinned Asimov dataset generation
INFO: (function: generateWithHisto) ToyMCSamplerOpt.cc: 214 -- Generating asimov with histogram for pdf pdf_binpass_SIG_obsOnly: in 6 x-bins
INFO: (function: generateWithHisto) ToyMCSamplerOpt.cc: 215 -- , in 1 y-bins
INFO: (function: runLimitExpected) AsymptoticLimits.cc: 436 -- Median for expected limits = 0.00146484 (Sigma for expected limits = 0.000747383)
DEBUG: (function: findExpectedLimitFromCrossing) AsymptoticLimits.cc: 678 -- fail search for crossing of r between 0.001099 and 0.001465
INFO: (function: runLimit) AsymptoticLimits.cc: 193 -- NLL at global minimum of data = -6.88442e+06 (r=3.14591)
INFO: (function: runLimit) AsymptoticLimits.cc: 213 -- NLL at global minimum of asimov = -7.13571e+06 (r=5.72994e-08)
INFO: (function: getCLs) AsymptoticLimits.cc: 343 -- At r = 20.182837:	q_mu = 0.00000	q_A  = 421507.18885	CLsb = 0.50000	CLb  = 1.00000	CLs  = 0.50000
INFO: (function: getCLs) AsymptoticLimits.cc: 343 -- At r = 40.365675:	q_mu = 398188.76837	q_A  = 900912.62917	CLsb = 0.00000	CLb  = 1.00000	CLs  = 0.00000
INFO: (function: getCLs) AsymptoticLimits.cc: 343 -- At r = 21.755790:	q_mu = 0.00000	q_A  = 455456.83756	CLsb = 0.50000	CLb  = 1.00000	CLs  = 0.50000
INFO: (function: getCLs) AsymptoticLimits.cc: 343 -- At r = 31.060732:	q_mu = 170014.16067	q_A  = 672733.63012	CLsb = 0.00000	CLb  = 1.00000	CLs  = 0.00000
INFO: (function: getCLs) AsymptoticLimits.cc: 343 -- At r = 26.408261:	q_mu = 60446.18145	q_A  = 563169.66307	CLsb = 0.00000	CLb  = 1.00000	CLs  = 0.00000
INFO: (function: getCLs) AsymptoticLimits.cc: 343 -- At r = 24.082026:	q_mu = 6425.26451	q_A  = 509166.97726	CLsb = 0.00000	CLb  = 1.00000	CLs  = 0.00000
INFO: (function: getCLs) AsymptoticLimits.cc: 343 -- At r = 22.918908:	q_mu = 0.00000	q_A  = 482272.18429	CLsb = 0.50000	CLb  = 1.00000	CLs  = 0.50000
INFO: (function: getCLs) AsymptoticLimits.cc: 343 -- At r = 23.500467:	q_mu = 0.00000	q_A  = 495710.08886	CLsb = 0.50000	CLb  = 1.00000	CLs  = 0.50000
INFO: (function: getCLs) AsymptoticLimits.cc: 343 -- At r = 23.791246:	q_mu = 0.00000	q_A  = 502436.21156	CLsb = 0.50000	CLb  = 1.00000	CLs  = 0.50000
INFO: (function: getCLs) AsymptoticLimits.cc: 343 -- At r = 23.936636:	q_mu = 3058.09547	q_A  = 505801.02028	CLsb = 0.00000	CLb  = 1.00000	CLs  = 0.00000
INFO: (function: getCLs) AsymptoticLimits.cc: 343 -- At r = 23.863941:	q_mu = 1374.93896	q_A  = 504118.47160	CLsb = 0.00000	CLb  = 1.00000	CLs  = 0.00000
