INFO: (function: improveOnce) CascadeMinimizer.cc: 188 -- Minimisation configured with Type=Minuit2, Algo=Migrad, strategy=0, tolerance=0.1
INFO: (function: improveOnce) CascadeMinimizer.cc: 211 -- Minimisation finished with status=0
INFO: (function: improveOnce) CascadeMinimizer.cc: 216 -- Minimization success! status=0
INFO: (function: generateAsimov) ToyMCSamplerOpt.cc: 139 -- Using internal logic for binned/unbinned Asimov dataset generation
INFO: (function: generateWithHisto) ToyMCSamplerOpt.cc: 214 -- Generating asimov with histogram for pdf pdf_binfail_LOW_obsOnly: in 5 x-bins
INFO: (function: generateWithHisto) ToyMCSamplerOpt.cc: 215 -- , in 1 y-bins
INFO: (function: generateAsimov) ToyMCSamplerOpt.cc: 139 -- Using internal logic for binned/unbinned Asimov dataset generation
INFO: (function: generateWithHisto) ToyMCSamplerOpt.cc: 214 -- Generating asimov with histogram for pdf pdf_binfail_SIG_obsOnly: in 6 x-bins
INFO: (function: generateWithHisto) ToyMCSamplerOpt.cc: 215 -- , in 1 y-bins
INFO: (function: generateAsimov) ToyMCSamplerOpt.cc: 139 -- Using internal logic for binned/unbinned Asimov dataset generation
INFO: (function: generateWithHisto) ToyMCSamplerOpt.cc: 214 -- Generating asimov with histogram for pdf pdf_binpass_LOW_obsOnly: in 5 x-bins
INFO: (function: generateWithHisto) ToyMCSamplerOpt.cc: 215 -- , in 1 y-bins
INFO: (function: generateAsimov) ToyMCSamplerOpt.cc: 139 -- Using internal logic for binned/unbinned Asimov dataset generation
INFO: (function: generateWithHisto) ToyMCSamplerOpt.cc: 214 -- Generating asimov with histogram for pdf pdf_binpass_SIG_obsOnly: in 6 x-bins
INFO: (function: generateWithHisto) ToyMCSamplerOpt.cc: 215 -- , in 1 y-bins
INFO: (function: runLimitExpected) AsymptoticLimits.cc: 436 -- Median for expected limits = 0.147461 (Sigma for expected limits = 0.0752366)
INFO: (function: runLimit) AsymptoticLimits.cc: 193 -- NLL at global minimum of data = -7.15931e+06 (r=1.59523e-06)
INFO: (function: runLimit) AsymptoticLimits.cc: 213 -- NLL at global minimum of asimov = -7.15932e+06 (r=2.01971e-06)
INFO: (function: getCLs) AsymptoticLimits.cc: 343 -- At r = 1.200002:	q_mu = 86.57574	q_A  = 83.75011	CLsb = 0.00000	CLb  = 0.43865	CLs  = 0.00000
INFO: (function: getCLs) AsymptoticLimits.cc: 343 -- At r = 0.600002:	q_mu = 36.99931	q_A  = 32.79787	CLsb = 0.00000	CLb  = 0.35688	CLs  = 0.00000
INFO: (function: getCLs) AsymptoticLimits.cc: 343 -- At r = 0.300002:	q_mu = 15.95165	q_A  = 11.88799	CLsb = 0.00003	CLb  = 0.27783	CLs  = 0.00010
INFO: (function: getCLs) AsymptoticLimits.cc: 343 -- At r = 0.150002:	q_mu = 7.08466	q_A  = 3.94339	CLsb = 0.00275	CLb  = 0.21449	CLs  = 0.01280
INFO: (function: getCLs) AsymptoticLimits.cc: 343 -- At r = 0.075002:	q_mu = 3.26719	q_A  = 1.19554	CLsb = 0.02064	CLb  = 0.17173	CLs  = 0.12018
INFO: (function: getCLs) AsymptoticLimits.cc: 343 -- At r = 0.112502:	q_mu = 5.11538	q_A  = 2.42822	CLsb = 0.00775	CLb  = 0.19428	CLs  = 0.03989
INFO: (function: getCLs) AsymptoticLimits.cc: 343 -- At r = 0.098856:	q_mu = 4.42812	q_A  = 1.94305	CLsb = 0.01115	CLb  = 0.18636	CLs  = 0.05981
INFO: (function: getCLs) AsymptoticLimits.cc: 343 -- At r = 0.106414:	q_mu = 4.80676	q_A  = 2.20697	CLsb = 0.00912	CLb  = 0.19079	CLs  = 0.04782
INFO: (function: getCLs) AsymptoticLimits.cc: 343 -- At r = 0.103697:	q_mu = 4.67006	q_A  = 2.11069	CLsb = 0.00981	CLb  = 0.18921	CLs  = 0.05183
INFO: (function: getCLs) AsymptoticLimits.cc: 343 -- At r = 0.105211:	q_mu = 4.74615	q_A  = 2.16415	CLsb = 0.00942	CLb  = 0.19009	CLs  = 0.04956
INFO: (function: getCLs) AsymptoticLimits.cc: 343 -- At r = 0.104668:	q_mu = 4.71883	q_A  = 2.14492	CLsb = 0.00956	CLb  = 0.18977	CLs  = 0.05036
INFO: (function: getCLs) AsymptoticLimits.cc: 343 -- At r = 0.104971:	q_mu = 4.73407	q_A  = 2.15564	CLsb = 0.00948	CLb  = 0.18995	CLs  = 0.04991
