INFO: (function: improveOnce) CascadeMinimizer.cc: 188 -- Minimisation configured with Type=Minuit2, Algo=Migrad, strategy=0, tolerance=0.1
INFO: (function: improveOnce) CascadeMinimizer.cc: 211 -- Minimisation finished with status=0
INFO: (function: improveOnce) CascadeMinimizer.cc: 216 -- Minimization success! status=0
INFO: (function: generateAsimov) ToyMCSamplerOpt.cc: 139 -- Using internal logic for binned/unbinned Asimov dataset generation
INFO: (function: generateWithHisto) ToyMCSamplerOpt.cc: 214 -- Generating asimov with histogram for pdf pdf_binfail_LOW_obsOnly: in 6 x-bins
INFO: (function: generateWithHisto) ToyMCSamplerOpt.cc: 215 -- , in 10 y-bins
INFO: (function: generateAsimov) ToyMCSamplerOpt.cc: 139 -- Using internal logic for binned/unbinned Asimov dataset generation
INFO: (function: generateWithHisto) ToyMCSamplerOpt.cc: 214 -- Generating asimov with histogram for pdf pdf_binfail_SIG_obsOnly: in 19 x-bins
INFO: (function: generateWithHisto) ToyMCSamplerOpt.cc: 215 -- , in 10 y-bins
INFO: (function: generateAsimov) ToyMCSamplerOpt.cc: 139 -- Using internal logic for binned/unbinned Asimov dataset generation
INFO: (function: generateWithHisto) ToyMCSamplerOpt.cc: 214 -- Generating asimov with histogram for pdf pdf_binpass_LOW_obsOnly: in 6 x-bins
INFO: (function: generateWithHisto) ToyMCSamplerOpt.cc: 215 -- , in 10 y-bins
INFO: (function: generateAsimov) ToyMCSamplerOpt.cc: 139 -- Using internal logic for binned/unbinned Asimov dataset generation
INFO: (function: generateWithHisto) ToyMCSamplerOpt.cc: 214 -- Generating asimov with histogram for pdf pdf_binpass_SIG_obsOnly: in 19 x-bins
INFO: (function: generateWithHisto) ToyMCSamplerOpt.cc: 215 -- , in 10 y-bins
INFO: (function: runLimitExpected) AsymptoticLimits.cc: 436 -- Median for expected limits = 0.119629 (Sigma for expected limits = 0.0610363)
INFO: (function: runLimit) AsymptoticLimits.cc: 193 -- NLL at global minimum of data = -3.50401e+06 (r=1.10593e-07)
INFO: (function: runLimit) AsymptoticLimits.cc: 213 -- NLL at global minimum of asimov = -3.50399e+06 (r=1.93179e-07)
INFO: (function: getCLs) AsymptoticLimits.cc: 343 -- At r = 1.200000:	q_mu = 38.29059	q_A  = 41.94472	CLsb = 0.00000	CLb  = 0.61353	CLs  = 0.00000
INFO: (function: getCLs) AsymptoticLimits.cc: 343 -- At r = 0.600000:	q_mu = 17.62614	q_A  = 20.59689	CLsb = 0.00001	CLb  = 0.63308	CLs  = 0.00002
INFO: (function: getCLs) AsymptoticLimits.cc: 343 -- At r = 0.300000:	q_mu = 7.79689	q_A  = 10.04947	CLsb = 0.00262	CLb  = 0.64721	CLs  = 0.00404
INFO: (function: getCLs) AsymptoticLimits.cc: 343 -- At r = 0.150000:	q_mu = 3.27052	q_A  = 4.87089	CLsb = 0.03527	CLb  = 0.65489	CLs  = 0.05385
INFO: (function: getCLs) AsymptoticLimits.cc: 343 -- At r = 0.225000:	q_mu = 5.48062	q_A  = 7.44680	CLsb = 0.00961	CLb  = 0.65092	CLs  = 0.01477
INFO: (function: getCLs) AsymptoticLimits.cc: 343 -- At r = 0.187500:	q_mu = 4.35770	q_A  = 6.15463	CLsb = 0.01842	CLb  = 0.65297	CLs  = 0.02821
INFO: (function: getCLs) AsymptoticLimits.cc: 343 -- At r = 0.160945:	q_mu = 3.58363	q_A  = 5.24448	CLsb = 0.02918	CLb  = 0.65433	CLs  = 0.04459
INFO: (function: getCLs) AsymptoticLimits.cc: 343 -- At r = 0.155632:	q_mu = 3.43118	q_A  = 5.06296	CLsb = 0.03199	CLb  = 0.65460	CLs  = 0.04887
INFO: (function: getCLs) AsymptoticLimits.cc: 343 -- At r = 0.153443:	q_mu = 3.36860	q_A  = 4.98820	CLsb = 0.03323	CLb  = 0.65470	CLs  = 0.05075
INFO: (function: getCLs) AsymptoticLimits.cc: 343 -- At r = 0.154569:	q_mu = 3.40075	q_A  = 5.02663	CLsb = 0.03258	CLb  = 0.65465	CLs  = 0.04977
INFO: (function: getCLs) AsymptoticLimits.cc: 343 -- At r = 0.154132:	q_mu = 3.38825	q_A  = 5.01169	CLsb = 0.03283	CLb  = 0.65467	CLs  = 0.05015
