INFO: (function: improveOnce) CascadeMinimizer.cc: 188 -- Minimisation configured with Type=Minuit2, Algo=Migrad, strategy=0, tolerance=0.1
INFO: (function: improveOnce) CascadeMinimizer.cc: 211 -- Minimisation finished with status=0
INFO: (function: improveOnce) CascadeMinimizer.cc: 216 -- Minimization success! status=0
INFO: (function: generateAsimov) ToyMCSamplerOpt.cc: 139 -- Using internal logic for binned/unbinned Asimov dataset generation
INFO: (function: generateWithHisto) ToyMCSamplerOpt.cc: 214 -- Generating asimov with histogram for pdf pdf_binfail_LOW_obsOnly: in 6 x-bins
INFO: (function: generateWithHisto) ToyMCSamplerOpt.cc: 215 -- , in 1 y-bins
INFO: (function: generateAsimov) ToyMCSamplerOpt.cc: 139 -- Using internal logic for binned/unbinned Asimov dataset generation
INFO: (function: generateWithHisto) ToyMCSamplerOpt.cc: 214 -- Generating asimov with histogram for pdf pdf_binfail_SIG_obsOnly: in 2 x-bins
INFO: (function: generateWithHisto) ToyMCSamplerOpt.cc: 215 -- , in 1 y-bins
INFO: (function: generateAsimov) ToyMCSamplerOpt.cc: 139 -- Using internal logic for binned/unbinned Asimov dataset generation
INFO: (function: generateWithHisto) ToyMCSamplerOpt.cc: 214 -- Generating asimov with histogram for pdf pdf_binpass_LOW_obsOnly: in 6 x-bins
INFO: (function: generateWithHisto) ToyMCSamplerOpt.cc: 215 -- , in 1 y-bins
INFO: (function: generateAsimov) ToyMCSamplerOpt.cc: 139 -- Using internal logic for binned/unbinned Asimov dataset generation
INFO: (function: generateWithHisto) ToyMCSamplerOpt.cc: 214 -- Generating asimov with histogram for pdf pdf_binpass_SIG_obsOnly: in 2 x-bins
INFO: (function: generateWithHisto) ToyMCSamplerOpt.cc: 215 -- , in 1 y-bins
INFO: (function: runLimitExpected) AsymptoticLimits.cc: 436 -- Median for expected limits = 6.9375 (Sigma for expected limits = 3.53961)
INFO: (function: runLimit) AsymptoticLimits.cc: 193 -- NLL at global minimum of data = -10999.5 (r=3.3045)
INFO: (function: runLimit) AsymptoticLimits.cc: 213 -- NLL at global minimum of asimov = -11002.5 (r=0.025617)
INFO: (function: getCLs) AsymptoticLimits.cc: 343 -- At r = 11.737555:	q_mu = 2.69387	q_A  = 6.80384	CLsb = 0.05037	CLb  = 0.83326	CLs  = 0.06045
INFO: (function: getCLs) AsymptoticLimits.cc: 343 -- At r = 23.475111:	q_mu = 7.65682	q_A  = 13.10820	CLsb = 0.00283	CLb  = 0.80329	CLs  = 0.00352
INFO: (function: getCLs) AsymptoticLimits.cc: 343 -- At r = 13.389804:	q_mu = 3.39913	q_A  = 7.76811	CLsb = 0.03262	CLb  = 0.82728	CLs  = 0.03943
INFO: (function: getCLs) AsymptoticLimits.cc: 343 -- At r = 8.347151:	q_mu = 1.31682	q_A  = 4.73696	CLsb = 0.12558	CLb  = 0.84824	CLs  = 0.14805
INFO: (function: getCLs) AsymptoticLimits.cc: 343 -- At r = 11.656792:	q_mu = 2.65972	q_A  = 6.75598	CLsb = 0.05146	CLb  = 0.83357	CLs  = 0.06173
INFO: (function: getCLs) AsymptoticLimits.cc: 343 -- At r = 12.655158:	q_mu = 3.08445	q_A  = 7.34281	CLsb = 0.03952	CLb  = 0.82983	CLs  = 0.04763
INFO: (function: getCLs) AsymptoticLimits.cc: 343 -- At r = 12.305769:	q_mu = 2.93528	q_A  = 7.13861	CLsb = 0.04333	CLb  = 0.83111	CLs  = 0.05214
INFO: (function: getCLs) AsymptoticLimits.cc: 343 -- At r = 12.504942:	q_mu = 3.02027	q_A  = 7.25517	CLsb = 0.04111	CLb  = 0.83038	CLs  = 0.04951
INFO: (function: getCLs) AsymptoticLimits.cc: 343 -- At r = 12.434940:	q_mu = 2.99038	q_A  = 7.21425	CLsb = 0.04188	CLb  = 0.83063	CLs  = 0.05042
INFO: (function: getCLs) AsymptoticLimits.cc: 343 -- At r = 12.474755:	q_mu = 3.00738	q_A  = 7.23753	CLsb = 0.04144	CLb  = 0.83049	CLs  = 0.04990
