INFO: (function: improveOnce) CascadeMinimizer.cc: 188 -- Minimisation configured with Type=Minuit2, Algo=Migrad, strategy=0, tolerance=0.1
INFO: (function: improveOnce) CascadeMinimizer.cc: 211 -- Minimisation finished with status=0
INFO: (function: improveOnce) CascadeMinimizer.cc: 216 -- Minimization success! status=0
INFO: (function: generateAsimov) ToyMCSamplerOpt.cc: 139 -- Using internal logic for binned/unbinned Asimov dataset generation
INFO: (function: generateWithHisto) ToyMCSamplerOpt.cc: 214 -- Generating asimov with histogram for pdf pdf_binfail_LOW_obsOnly: in 6 x-bins
INFO: (function: generateWithHisto) ToyMCSamplerOpt.cc: 215 -- , in 1 y-bins
INFO: (function: generateAsimov) ToyMCSamplerOpt.cc: 139 -- Using internal logic for binned/unbinned Asimov dataset generation
INFO: (function: generateWithHisto) ToyMCSamplerOpt.cc: 214 -- Generating asimov with histogram for pdf pdf_binfail_SIG_obsOnly: in 8 x-bins
INFO: (function: generateWithHisto) ToyMCSamplerOpt.cc: 215 -- , in 1 y-bins
INFO: (function: generateAsimov) ToyMCSamplerOpt.cc: 139 -- Using internal logic for binned/unbinned Asimov dataset generation
INFO: (function: generateWithHisto) ToyMCSamplerOpt.cc: 214 -- Generating asimov with histogram for pdf pdf_binpass_LOW_obsOnly: in 6 x-bins
INFO: (function: generateWithHisto) ToyMCSamplerOpt.cc: 215 -- , in 1 y-bins
INFO: (function: generateAsimov) ToyMCSamplerOpt.cc: 139 -- Using internal logic for binned/unbinned Asimov dataset generation
INFO: (function: generateWithHisto) ToyMCSamplerOpt.cc: 214 -- Generating asimov with histogram for pdf pdf_binpass_SIG_obsOnly: in 8 x-bins
INFO: (function: generateWithHisto) ToyMCSamplerOpt.cc: 215 -- , in 1 y-bins
INFO: (function: runLimitExpected) AsymptoticLimits.cc: 436 -- Median for expected limits = 6.75 (Sigma for expected limits = 3.44394)
INFO: (function: runLimit) AsymptoticLimits.cc: 193 -- NLL at global minimum of data = -777267 (r=3.48806e-05)
INFO: (function: runLimit) AsymptoticLimits.cc: 213 -- NLL at global minimum of asimov = -777256 (r=2.38227e-12)
INFO: (function: getCLs) AsymptoticLimits.cc: 343 -- At r = 3.319606:	q_mu = 2.72767	q_A  = 1.73205	CLsb = 0.04510	CLb  = 0.35262	CLs  = 0.12790
INFO: (function: getCLs) AsymptoticLimits.cc: 343 -- At r = 6.639212:	q_mu = 5.10016	q_A  = 3.77211	CLsb = 0.01118	CLb  = 0.36622	CLs  = 0.03054
INFO: (function: getCLs) AsymptoticLimits.cc: 343 -- At r = 3.319624:	q_mu = 2.72766	q_A  = 1.73192	CLsb = 0.04510	CLb  = 0.35260	CLs  = 0.12791
INFO: (function: getCLs) AsymptoticLimits.cc: 343 -- At r = 5.061115:	q_mu = 4.00329	q_A  = 2.80410	CLsb = 0.02105	CLb  = 0.36015	CLs  = 0.05844
INFO: (function: getCLs) AsymptoticLimits.cc: 343 -- At r = 5.680059:	q_mu = 4.43987	q_A  = 3.18440	CLsb = 0.01633	CLb  = 0.36250	CLs  = 0.04505
INFO: (function: getCLs) AsymptoticLimits.cc: 343 -- At r = 5.357746:	q_mu = 4.21360	q_A  = 2.98643	CLsb = 0.01862	CLb  = 0.36127	CLs  = 0.05153
INFO: (function: getCLs) AsymptoticLimits.cc: 343 -- At r = 5.480050:	q_mu = 4.29973	q_A  = 3.06157	CLsb = 0.01771	CLb  = 0.36174	CLs  = 0.04896
INFO: (function: getCLs) AsymptoticLimits.cc: 343 -- At r = 5.415306:	q_mu = 4.25418	q_A  = 3.02179	CLsb = 0.01818	CLb  = 0.36149	CLs  = 0.05030
INFO: (function: getCLs) AsymptoticLimits.cc: 343 -- At r = 5.439710:	q_mu = 4.27136	q_A  = 3.03679	CLsb = 0.01800	CLb  = 0.36159	CLs  = 0.04979
INFO: (function: getCLs) AsymptoticLimits.cc: 343 -- At r = 5.426749:	q_mu = 4.26223	q_A  = 3.02883	CLsb = 0.01810	CLb  = 0.36154	CLs  = 0.05006
