INFO: (function: improveOnce) CascadeMinimizer.cc: 188 -- Minimisation configured with Type=Minuit2, Algo=Migrad, strategy=0, tolerance=0.1
INFO: (function: improveOnce) CascadeMinimizer.cc: 211 -- Minimisation finished with status=0
INFO: (function: improveOnce) CascadeMinimizer.cc: 216 -- Minimization success! status=0
INFO: (function: generateAsimov) ToyMCSamplerOpt.cc: 139 -- Using internal logic for binned/unbinned Asimov dataset generation
INFO: (function: generateWithHisto) ToyMCSamplerOpt.cc: 214 -- Generating asimov with histogram for pdf pdf_binfail_LOW_obsOnly: in 6 x-bins
INFO: (function: generateWithHisto) ToyMCSamplerOpt.cc: 215 -- , in 1 y-bins
INFO: (function: generateAsimov) ToyMCSamplerOpt.cc: 139 -- Using internal logic for binned/unbinned Asimov dataset generation
INFO: (function: generateWithHisto) ToyMCSamplerOpt.cc: 214 -- Generating asimov with histogram for pdf pdf_binfail_SIG_obsOnly: in 8 x-bins
INFO: (function: generateWithHisto) ToyMCSamplerOpt.cc: 215 -- , in 1 y-bins
INFO: (function: generateAsimov) ToyMCSamplerOpt.cc: 139 -- Using internal logic for binned/unbinned Asimov dataset generation
INFO: (function: generateWithHisto) ToyMCSamplerOpt.cc: 214 -- Generating asimov with histogram for pdf pdf_binpass_LOW_obsOnly: in 6 x-bins
INFO: (function: generateWithHisto) ToyMCSamplerOpt.cc: 215 -- , in 1 y-bins
INFO: (function: generateAsimov) ToyMCSamplerOpt.cc: 139 -- Using internal logic for binned/unbinned Asimov dataset generation
INFO: (function: generateWithHisto) ToyMCSamplerOpt.cc: 214 -- Generating asimov with histogram for pdf pdf_binpass_SIG_obsOnly: in 8 x-bins
INFO: (function: generateWithHisto) ToyMCSamplerOpt.cc: 215 -- , in 1 y-bins
INFO: (function: runLimitExpected) AsymptoticLimits.cc: 436 -- Median for expected limits = 0.0649414 (Sigma for expected limits = 0.033134)
INFO: (function: runLimit) AsymptoticLimits.cc: 193 -- NLL at global minimum of data = -777276 (r=5.21142e-09)
INFO: (function: runLimit) AsymptoticLimits.cc: 213 -- NLL at global minimum of asimov = -777255 (r=3.34177e-13)
INFO: (function: getCLs) AsymptoticLimits.cc: 343 -- At r = 1.200000:	q_mu = 47.34676	q_A  = 44.95490	CLsb = 0.00000	CLb  = 0.42922	CLs  = 0.00000
INFO: (function: getCLs) AsymptoticLimits.cc: 343 -- At r = 0.600000:	q_mu = 29.02147	q_A  = 26.79944	CLsb = 0.00000	CLb  = 0.41503	CLs  = 0.00000
INFO: (function: getCLs) AsymptoticLimits.cc: 343 -- At r = 0.300000:	q_mu = 17.62062	q_A  = 15.55777	CLsb = 0.00001	CLb  = 0.39686	CLs  = 0.00003
INFO: (function: getCLs) AsymptoticLimits.cc: 343 -- At r = 0.150000:	q_mu = 10.43983	q_A  = 8.69227	CLsb = 0.00059	CLb  = 0.38347	CLs  = 0.00153
INFO: (function: getCLs) AsymptoticLimits.cc: 343 -- At r = 0.075000:	q_mu = 5.86605	q_A  = 4.46825	CLsb = 0.00725	CLb  = 0.37046	CLs  = 0.01958
INFO: (function: getCLs) AsymptoticLimits.cc: 343 -- At r = 0.037500:	q_mu = 3.16472	q_A  = 2.11999	CLsb = 0.03478	CLb  = 0.35989	CLs  = 0.09664
INFO: (function: getCLs) AsymptoticLimits.cc: 343 -- At r = 0.057383:	q_mu = 4.63946	q_A  = 3.37945	CLsb = 0.01459	CLb  = 0.36591	CLs  = 0.03987
INFO: (function: getCLs) AsymptoticLimits.cc: 343 -- At r = 0.049340:	q_mu = 4.05564	q_A  = 2.87238	CLsb = 0.02048	CLb  = 0.36351	CLs  = 0.05634
INFO: (function: getCLs) AsymptoticLimits.cc: 343 -- At r = 0.053172:	q_mu = 4.33583	q_A  = 3.11448	CLsb = 0.01739	CLb  = 0.36466	CLs  = 0.04770
INFO: (function: getCLs) AsymptoticLimits.cc: 343 -- At r = 0.051538:	q_mu = 4.21686	q_A  = 3.01139	CLsb = 0.01864	CLb  = 0.36417	CLs  = 0.05119
INFO: (function: getCLs) AsymptoticLimits.cc: 343 -- At r = 0.052299:	q_mu = 4.27238	q_A  = 3.05945	CLsb = 0.01805	CLb  = 0.36440	CLs  = 0.04953
INFO: (function: getCLs) AsymptoticLimits.cc: 343 -- At r = 0.051972:	q_mu = 4.24849	q_A  = 3.03876	CLsb = 0.01830	CLb  = 0.36430	CLs  = 0.05023
