INFO: (function: improveOnce) CascadeMinimizer.cc: 188 -- Minimisation configured with Type=Minuit2, Algo=Migrad, strategy=0, tolerance=0.1
INFO: (function: improveOnce) CascadeMinimizer.cc: 211 -- Minimisation finished with status=0
INFO: (function: improveOnce) CascadeMinimizer.cc: 216 -- Minimization success! status=0
INFO: (function: generateAsimov) ToyMCSamplerOpt.cc: 139 -- Using internal logic for binned/unbinned Asimov dataset generation
INFO: (function: generateWithHisto) ToyMCSamplerOpt.cc: 214 -- Generating asimov with histogram for pdf pdf_binfail_LOW_obsOnly: in 5 x-bins
INFO: (function: generateWithHisto) ToyMCSamplerOpt.cc: 215 -- , in 1 y-bins
INFO: (function: generateAsimov) ToyMCSamplerOpt.cc: 139 -- Using internal logic for binned/unbinned Asimov dataset generation
INFO: (function: generateWithHisto) ToyMCSamplerOpt.cc: 214 -- Generating asimov with histogram for pdf pdf_binfail_SIG_obsOnly: in 14 x-bins
INFO: (function: generateWithHisto) ToyMCSamplerOpt.cc: 215 -- , in 1 y-bins
INFO: (function: generateAsimov) ToyMCSamplerOpt.cc: 139 -- Using internal logic for binned/unbinned Asimov dataset generation
INFO: (function: generateWithHisto) ToyMCSamplerOpt.cc: 214 -- Generating asimov with histogram for pdf pdf_binpass_LOW_obsOnly: in 5 x-bins
INFO: (function: generateWithHisto) ToyMCSamplerOpt.cc: 215 -- , in 1 y-bins
INFO: (function: generateAsimov) ToyMCSamplerOpt.cc: 139 -- Using internal logic for binned/unbinned Asimov dataset generation
INFO: (function: generateWithHisto) ToyMCSamplerOpt.cc: 214 -- Generating asimov with histogram for pdf pdf_binpass_SIG_obsOnly: in 14 x-bins
INFO: (function: generateWithHisto) ToyMCSamplerOpt.cc: 215 -- , in 1 y-bins
INFO: (function: runLimitExpected) AsymptoticLimits.cc: 436 -- Median for expected limits = 0.00146484 (Sigma for expected limits = 0.000747383)
INFO: (function: runLimit) AsymptoticLimits.cc: 193 -- NLL at global minimum of data = -75762.4 (r=0.0662304)
INFO: (function: runLimit) AsymptoticLimits.cc: 213 -- NLL at global minimum of asimov = -75842.9 (r=2.33805e-10)
INFO: (function: getCLs) AsymptoticLimits.cc: 343 -- At r = 1.266230:	q_mu = 617.65128	q_A  = 717.77478	CLsb = 0.00000	CLb  = 0.97373	CLs  = 0.00000
INFO: (function: getCLs) AsymptoticLimits.cc: 343 -- At r = 0.666230:	q_mu = 309.32385	q_A  = 407.91459	CLsb = 0.00000	CLb  = 0.99546	CLs  = 0.00000
INFO: (function: getCLs) AsymptoticLimits.cc: 343 -- At r = 0.366230:	q_mu = 140.82810	q_A  = 238.46006	CLsb = 0.00000	CLb  = 0.99982	CLs  = 0.00000
INFO: (function: getCLs) AsymptoticLimits.cc: 343 -- At r = 0.216230:	q_mu = 56.70577	q_A  = 152.28942	CLsb = 0.00000	CLb  = 1.00000	CLs  = 0.00000
INFO: (function: getCLs) AsymptoticLimits.cc: 343 -- At r = 0.141230:	q_mu = 20.35578	q_A  = 114.74248	CLsb = 0.00000	CLb  = 1.00000	CLs  = 0.00000
INFO: (function: getCLs) AsymptoticLimits.cc: 343 -- At r = 0.103730:	q_mu = 6.00053	q_A  = 99.41569	CLsb = 0.00715	CLb  = 1.00000	CLs  = 0.00715
INFO: (function: getCLs) AsymptoticLimits.cc: 343 -- At r = 0.084980:	q_mu = 0.00000	q_A  = 92.54500	CLsb = 0.50000	CLb  = 1.00000	CLs  = 0.50000
INFO: (function: getCLs) AsymptoticLimits.cc: 343 -- At r = 0.094355:	q_mu = 2.79310	q_A  = 95.89826	CLsb = 0.04734	CLb  = 1.00000	CLs  = 0.04734
INFO: (function: getCLs) AsymptoticLimits.cc: 343 -- At r = 0.089668:	q_mu = 1.26041	q_A  = 94.19800	CLsb = 0.13079	CLb  = 1.00000	CLs  = 0.13079
INFO: (function: getCLs) AsymptoticLimits.cc: 343 -- At r = 0.093216:	q_mu = 2.41597	q_A  = 95.48092	CLsb = 0.06005	CLb  = 1.00000	CLs  = 0.06005
INFO: (function: getCLs) AsymptoticLimits.cc: 343 -- At r = 0.093918:	q_mu = 2.64779	q_A  = 95.73763	CLsb = 0.05185	CLb  = 1.00000	CLs  = 0.05185
INFO: (function: getCLs) AsymptoticLimits.cc: 343 -- At r = 0.094145:	q_mu = 2.72312	q_A  = 95.82086	CLsb = 0.04945	CLb  = 1.00000	CLs  = 0.04945
