INFO: (function: improveOnce) CascadeMinimizer.cc: 188 -- Minimisation configured with Type=Minuit2, Algo=Migrad, strategy=0, tolerance=0.1
INFO: (function: improveOnce) CascadeMinimizer.cc: 211 -- Minimisation finished with status=0
INFO: (function: improveOnce) CascadeMinimizer.cc: 216 -- Minimization success! status=0
INFO: (function: generateAsimov) ToyMCSamplerOpt.cc: 139 -- Using internal logic for binned/unbinned Asimov dataset generation
INFO: (function: generateWithHisto) ToyMCSamplerOpt.cc: 214 -- Generating asimov with histogram for pdf pdf_binfail_LOW_obsOnly: in 5 x-bins
INFO: (function: generateWithHisto) ToyMCSamplerOpt.cc: 215 -- , in 1 y-bins
INFO: (function: generateAsimov) ToyMCSamplerOpt.cc: 139 -- Using internal logic for binned/unbinned Asimov dataset generation
INFO: (function: generateWithHisto) ToyMCSamplerOpt.cc: 214 -- Generating asimov with histogram for pdf pdf_binfail_SIG_obsOnly: in 6 x-bins
INFO: (function: generateWithHisto) ToyMCSamplerOpt.cc: 215 -- , in 1 y-bins
INFO: (function: generateAsimov) ToyMCSamplerOpt.cc: 139 -- Using internal logic for binned/unbinned Asimov dataset generation
INFO: (function: generateWithHisto) ToyMCSamplerOpt.cc: 214 -- Generating asimov with histogram for pdf pdf_binpass_LOW_obsOnly: in 5 x-bins
INFO: (function: generateWithHisto) ToyMCSamplerOpt.cc: 215 -- , in 1 y-bins
INFO: (function: generateAsimov) ToyMCSamplerOpt.cc: 139 -- Using internal logic for binned/unbinned Asimov dataset generation
INFO: (function: generateWithHisto) ToyMCSamplerOpt.cc: 214 -- Generating asimov with histogram for pdf pdf_binpass_SIG_obsOnly: in 6 x-bins
INFO: (function: generateWithHisto) ToyMCSamplerOpt.cc: 215 -- , in 1 y-bins
INFO: (function: runLimitExpected) AsymptoticLimits.cc: 436 -- Median for expected limits = 0.541016 (Sigma for expected limits = 0.276033)
INFO: (function: runLimit) AsymptoticLimits.cc: 193 -- NLL at global minimum of data = -11200.8 (r=4.50814e-09)
INFO: (function: runLimit) AsymptoticLimits.cc: 213 -- NLL at global minimum of asimov = -11202.2 (r=3.57255e-10)
INFO: (function: getCLs) AsymptoticLimits.cc: 343 -- At r = 1.200000:	q_mu = 7.13226	q_A  = 7.41463	CLsb = 0.00379	CLb  = 0.52088	CLs  = 0.00727
INFO: (function: getCLs) AsymptoticLimits.cc: 343 -- At r = 0.600000:	q_mu = 4.08837	q_A  = 4.19843	CLsb = 0.02159	CLb  = 0.51078	CLs  = 0.04227
INFO: (function: getCLs) AsymptoticLimits.cc: 343 -- At r = 0.300000:	q_mu = 2.24651	q_A  = 2.26607	CLsb = 0.06696	CLb  = 0.50260	CLs  = 0.13322
INFO: (function: getCLs) AsymptoticLimits.cc: 343 -- At r = 0.504878:	q_mu = 3.53614	q_A  = 3.61632	CLsb = 0.03002	CLb  = 0.50846	CLs  = 0.05905
INFO: (function: getCLs) AsymptoticLimits.cc: 343 -- At r = 0.561757:	q_mu = 3.86930	q_A  = 3.96736	CLsb = 0.02459	CLb  = 0.50988	CLs  = 0.04822
INFO: (function: getCLs) AsymptoticLimits.cc: 343 -- At r = 0.542254:	q_mu = 3.75608	q_A  = 3.84785	CLsb = 0.02631	CLb  = 0.50939	CLs  = 0.05165
INFO: (function: getCLs) AsymptoticLimits.cc: 343 -- At r = 0.553527:	q_mu = 3.82165	q_A  = 3.91714	CLsb = 0.02530	CLb  = 0.50968	CLs  = 0.04963
INFO: (function: getCLs) AsymptoticLimits.cc: 343 -- At r = 0.549602:	q_mu = 3.79886	q_A  = 3.89313	CLsb = 0.02564	CLb  = 0.50959	CLs  = 0.05032
INFO: (function: getCLs) AsymptoticLimits.cc: 343 -- At r = 0.551851:	q_mu = 3.81192	q_A  = 3.90689	CLsb = 0.02544	CLb  = 0.50964	CLs  = 0.04993
