INFO: (function: improveOnce) CascadeMinimizer.cc: 188 -- Minimisation configured with Type=Minuit2, Algo=Migrad, strategy=0, tolerance=0.1
INFO: (function: improveOnce) CascadeMinimizer.cc: 211 -- Minimisation finished with status=0
INFO: (function: improveOnce) CascadeMinimizer.cc: 216 -- Minimization success! status=0
INFO: (function: generateAsimov) ToyMCSamplerOpt.cc: 139 -- Using internal logic for binned/unbinned Asimov dataset generation
INFO: (function: generateWithHisto) ToyMCSamplerOpt.cc: 214 -- Generating asimov with histogram for pdf pdf_binfail_LOW_obsOnly: in 45 x-bins
INFO: (function: generateWithHisto) ToyMCSamplerOpt.cc: 215 -- , in 1 y-bins
INFO: (function: generateAsimov) ToyMCSamplerOpt.cc: 139 -- Using internal logic for binned/unbinned Asimov dataset generation
INFO: (function: generateWithHisto) ToyMCSamplerOpt.cc: 214 -- Generating asimov with histogram for pdf pdf_binfail_SIG_obsOnly: in 5 x-bins
INFO: (function: generateWithHisto) ToyMCSamplerOpt.cc: 215 -- , in 1 y-bins
INFO: (function: generateAsimov) ToyMCSamplerOpt.cc: 139 -- Using internal logic for binned/unbinned Asimov dataset generation
INFO: (function: generateWithHisto) ToyMCSamplerOpt.cc: 214 -- Generating asimov with histogram for pdf pdf_binpass_LOW_obsOnly: in 45 x-bins
INFO: (function: generateWithHisto) ToyMCSamplerOpt.cc: 215 -- , in 1 y-bins
INFO: (function: generateAsimov) ToyMCSamplerOpt.cc: 139 -- Using internal logic for binned/unbinned Asimov dataset generation
INFO: (function: generateWithHisto) ToyMCSamplerOpt.cc: 214 -- Generating asimov with histogram for pdf pdf_binpass_SIG_obsOnly: in 5 x-bins
INFO: (function: generateWithHisto) ToyMCSamplerOpt.cc: 215 -- , in 1 y-bins
DEBUG: (function: runLimitExpected) AsymptoticLimits.cc: 423 -- Best fit of asimov dataset is at r = 0.051736 (0.002587 times rMax), while it should be at zero
INFO: (function: runLimitExpected) AsymptoticLimits.cc: 436 -- Median for expected limits = 326.5 (Sigma for expected limits = 166.585)
INFO: (function: runLimit) AsymptoticLimits.cc: 193 -- NLL at global minimum of data = -979.507 (r=4.59968)
INFO: (function: runLimit) AsymptoticLimits.cc: 213 -- NLL at global minimum of asimov = -991.224 (r=0.0102312)
INFO: (function: getCLs) AsymptoticLimits.cc: 343 -- At r = 53.334525:	q_mu = 0.24080	q_A  = 0.66572	CLsb = 0.31181	CLb  = 0.62749	CLs  = 0.49693
INFO: (function: getCLs) AsymptoticLimits.cc: 343 -- At r = 106.669050:	q_mu = 0.22275	q_A  = 0.97277	CLsb = 0.31848	CLb  = 0.69649	CLs  = 0.45726
INFO: (function: getCLs) AsymptoticLimits.cc: 343 -- At r = 213.338100:	q_mu = 0.38176	q_A  = 2.03772	CLsb = 0.26833	CLb  = 0.79092	CLs  = 0.33926
INFO: (function: getCLs) AsymptoticLimits.cc: 343 -- At r = 426.676200:	q_mu = 1.96578	q_A  = 5.97658	CLsb = 0.08045	CLb  = 0.85144	CLs  = 0.09448
INFO: (function: getCLs) AsymptoticLimits.cc: 343 -- At r = 853.352400:	q_mu = 9.68216	q_A  = 20.00023	CLsb = 0.00093	CLb  = 0.91317	CLs  = 0.00102
INFO: (function: getCLs) AsymptoticLimits.cc: 343 -- At r = 428.976041:	q_mu = 1.99141	q_A  = 6.03154	CLsb = 0.07910	CLb  = 0.85193	CLs  = 0.09284
INFO: (function: getCLs) AsymptoticLimits.cc: 343 -- At r = 641.164221:	q_mu = 5.08504	q_A  = 12.10397	CLsb = 0.01207	CLb  = 0.88954	CLs  = 0.01356
INFO: (function: getCLs) AsymptoticLimits.cc: 343 -- At r = 535.070131:	q_mu = 3.35159	q_A  = 8.82485	CLsb = 0.03357	CLb  = 0.87284	CLs  = 0.03846
INFO: (function: getCLs) AsymptoticLimits.cc: 343 -- At r = 488.581105:	q_mu = 2.71036	q_A  = 7.53837	CLsb = 0.04985	CLb  = 0.86418	CLs  = 0.05768
INFO: (function: getCLs) AsymptoticLimits.cc: 343 -- At r = 510.995415:	q_mu = 3.01061	q_A  = 8.14673	CLsb = 0.04136	CLb  = 0.86846	CLs  = 0.04763
INFO: (function: getCLs) AsymptoticLimits.cc: 343 -- At r = 501.959019:	q_mu = 2.88761	q_A  = 7.89880	CLsb = 0.04463	CLb  = 0.86676	CLs  = 0.05149
INFO: (function: getCLs) AsymptoticLimits.cc: 343 -- At r = 506.490097:	q_mu = 2.94911	q_A  = 8.02279	CLsb = 0.04296	CLb  = 0.86761	CLs  = 0.04952
INFO: (function: getCLs) AsymptoticLimits.cc: 343 -- At r = 504.686289:	q_mu = 2.92448	q_A  = 7.97328	CLsb = 0.04362	CLb  = 0.86727	CLs  = 0.05030
