INFO: (function: improveOnce) CascadeMinimizer.cc: 188 -- Minimisation configured with Type=Minuit2, Algo=Migrad, strategy=0, tolerance=0.1
INFO: (function: improveOnce) CascadeMinimizer.cc: 211 -- Minimisation finished with status=0
INFO: (function: improveOnce) CascadeMinimizer.cc: 216 -- Minimization success! status=0
INFO: (function: generateAsimov) ToyMCSamplerOpt.cc: 139 -- Using internal logic for binned/unbinned Asimov dataset generation
INFO: (function: generateWithHisto) ToyMCSamplerOpt.cc: 214 -- Generating asimov with histogram for pdf pdf_binfail_LOW_obsOnly: in 5 x-bins
INFO: (function: generateWithHisto) ToyMCSamplerOpt.cc: 215 -- , in 1 y-bins
INFO: (function: generateAsimov) ToyMCSamplerOpt.cc: 139 -- Using internal logic for binned/unbinned Asimov dataset generation
INFO: (function: generateWithHisto) ToyMCSamplerOpt.cc: 214 -- Generating asimov with histogram for pdf pdf_binfail_SIG_obsOnly: in 14 x-bins
INFO: (function: generateWithHisto) ToyMCSamplerOpt.cc: 215 -- , in 1 y-bins
INFO: (function: generateAsimov) ToyMCSamplerOpt.cc: 139 -- Using internal logic for binned/unbinned Asimov dataset generation
INFO: (function: generateWithHisto) ToyMCSamplerOpt.cc: 214 -- Generating asimov with histogram for pdf pdf_binpass_LOW_obsOnly: in 5 x-bins
INFO: (function: generateWithHisto) ToyMCSamplerOpt.cc: 215 -- , in 1 y-bins
INFO: (function: generateAsimov) ToyMCSamplerOpt.cc: 139 -- Using internal logic for binned/unbinned Asimov dataset generation
INFO: (function: generateWithHisto) ToyMCSamplerOpt.cc: 214 -- Generating asimov with histogram for pdf pdf_binpass_SIG_obsOnly: in 14 x-bins
INFO: (function: generateWithHisto) ToyMCSamplerOpt.cc: 215 -- , in 1 y-bins
DEBUG: (function: runLimitExpected) AsymptoticLimits.cc: 423 -- Best fit of asimov dataset is at r = 0.023054 (0.001153 times rMax), while it should be at zero
INFO: (function: runLimitExpected) AsymptoticLimits.cc: 436 -- Median for expected limits = 4000 (Sigma for expected limits = 2040.85)
DEBUG: (function: findExpectedLimitFromCrossing) AsymptoticLimits.cc: 678 -- fail search for crossing of r between 3984.375000 and 4000.000000
INFO: (function: runLimit) AsymptoticLimits.cc: 193 -- NLL at global minimum of data = -822604 (r=0.00124164)
INFO: (function: runLimit) AsymptoticLimits.cc: 213 -- NLL at global minimum of asimov = -822603 (r=0.0222511)
INFO: (function: getCLs) AsymptoticLimits.cc: 343 -- At r = 250.141242:	q_mu = 0.00000	q_A  = 0.28962	CLsb = 0.50000	CLb  = 0.70477	CLs  = 0.70945
INFO: (function: getCLs) AsymptoticLimits.cc: 343 -- At r = 500.282483:	q_mu = 0.00000	q_A  = 0.38504	CLsb = 0.50000	CLb  = 0.73254	CLs  = 0.68256
INFO: (function: getCLs) AsymptoticLimits.cc: 343 -- At r = 1000.564967:	q_mu = 0.00000	q_A  = 0.49807	CLsb = 0.50000	CLb  = 0.75983	CLs  = 0.65805
INFO: (function: getCLs) AsymptoticLimits.cc: 343 -- At r = 2001.129933:	q_mu = 0.00000	q_A  = 0.62922	CLsb = 0.50000	CLb  = 0.78618	CLs  = 0.63599
INFO: (function: getCLs) AsymptoticLimits.cc: 343 -- At r = 4002.259866:	q_mu = 0.10425	q_A  = 0.78225	CLsb = 0.37340	CLb  = 0.71280	CLs  = 0.52385
INFO: (function: getCLs) AsymptoticLimits.cc: 343 -- At r = 4002.260487:	q_mu = 0.10417	q_A  = 0.77932	CLsb = 0.37344	CLb  = 0.71227	CLs  = 0.52429
INFO: (function: getCLs) AsymptoticLimits.cc: 343 -- At r = 6003.390110:	q_mu = 0.24230	q_A  = 0.88087	CLsb = 0.31128	CLb  = 0.67231	CLs  = 0.46299
INFO: (function: getCLs) AsymptoticLimits.cc: 343 -- At r = 7003.954921:	q_mu = 0.30056	q_A  = 0.92258	CLsb = 0.29177	CLb  = 0.65993	CLs  = 0.44211
INFO: (function: getCLs) AsymptoticLimits.cc: 343 -- At r = 7504.237327:	q_mu = 0.32781	q_A  = 0.94194	CLsb = 0.28347	CLb  = 0.65468	CLs  = 0.43300
INFO: (function: getCLs) AsymptoticLimits.cc: 343 -- At r = 7754.378530:	q_mu = 0.34105	q_A  = 0.95127	CLsb = 0.27961	CLb  = 0.65223	CLs  = 0.42871
INFO: (function: getCLs) AsymptoticLimits.cc: 343 -- At r = 7879.449131:	q_mu = 0.34757	q_A  = 0.95586	CLsb = 0.27775	CLb  = 0.65104	CLs  = 0.42662
INFO: (function: getCLs) AsymptoticLimits.cc: 343 -- At r = 7941.984432:	q_mu = 0.35081	q_A  = 0.95813	CLsb = 0.27683	CLb  = 0.65046	CLs  = 0.42559
INFO: (function: getCLs) AsymptoticLimits.cc: 343 -- At r = 7973.252082:	q_mu = 0.35242	q_A  = 0.95926	CLsb = 0.27637	CLb  = 0.65016	CLs  = 0.42508
