INFO: (function: improveOnce) CascadeMinimizer.cc: 188 -- Minimisation configured with Type=Minuit2, Algo=Migrad, strategy=0, tolerance=0.1
INFO: (function: improveOnce) CascadeMinimizer.cc: 211 -- Minimisation finished with status=0
INFO: (function: improveOnce) CascadeMinimizer.cc: 216 -- Minimization success! status=0
INFO: (function: generateAsimov) ToyMCSamplerOpt.cc: 139 -- Using internal logic for binned/unbinned Asimov dataset generation
INFO: (function: generateWithHisto) ToyMCSamplerOpt.cc: 214 -- Generating asimov with histogram for pdf pdf_binfail_LOW_obsOnly: in 5 x-bins
INFO: (function: generateWithHisto) ToyMCSamplerOpt.cc: 215 -- , in 1 y-bins
INFO: (function: generateAsimov) ToyMCSamplerOpt.cc: 139 -- Using internal logic for binned/unbinned Asimov dataset generation
INFO: (function: generateWithHisto) ToyMCSamplerOpt.cc: 214 -- Generating asimov with histogram for pdf pdf_binfail_SIG_obsOnly: in 3 x-bins
INFO: (function: generateWithHisto) ToyMCSamplerOpt.cc: 215 -- , in 1 y-bins
INFO: (function: generateAsimov) ToyMCSamplerOpt.cc: 139 -- Using internal logic for binned/unbinned Asimov dataset generation
INFO: (function: generateWithHisto) ToyMCSamplerOpt.cc: 214 -- Generating asimov with histogram for pdf pdf_binpass_LOW_obsOnly: in 5 x-bins
INFO: (function: generateWithHisto) ToyMCSamplerOpt.cc: 215 -- , in 1 y-bins
INFO: (function: generateAsimov) ToyMCSamplerOpt.cc: 139 -- Using internal logic for binned/unbinned Asimov dataset generation
INFO: (function: generateWithHisto) ToyMCSamplerOpt.cc: 214 -- Generating asimov with histogram for pdf pdf_binpass_SIG_obsOnly: in 3 x-bins
INFO: (function: generateWithHisto) ToyMCSamplerOpt.cc: 215 -- , in 1 y-bins
INFO: (function: runLimitExpected) AsymptoticLimits.cc: 436 -- Median for expected limits = 0.205078 (Sigma for expected limits = 0.104634)
INFO: (function: runLimit) AsymptoticLimits.cc: 193 -- NLL at global minimum of data = -13826.3 (r=2.40383e-09)
INFO: (function: runLimit) AsymptoticLimits.cc: 213 -- NLL at global minimum of asimov = -13826.7 (r=1.17795e-12)
INFO: (function: getCLs) AsymptoticLimits.cc: 343 -- At r = 1.200000:	q_mu = 25.67305	q_A  = 23.94913	CLsb = 0.00000	CLb  = 0.43009	CLs  = 0.00000
INFO: (function: getCLs) AsymptoticLimits.cc: 343 -- At r = 0.600000:	q_mu = 13.96817	q_A  = 12.32948	CLsb = 0.00009	CLb  = 0.40775	CLs  = 0.00022
INFO: (function: getCLs) AsymptoticLimits.cc: 343 -- At r = 0.300000:	q_mu = 7.34807	q_A  = 5.93356	CLsb = 0.00320	CLb  = 0.38578	CLs  = 0.00830
INFO: (function: getCLs) AsymptoticLimits.cc: 343 -- At r = 0.150000:	q_mu = 3.78549	q_A  = 2.65201	CLsb = 0.02405	CLb  = 0.36392	CLs  = 0.06608
INFO: (function: getCLs) AsymptoticLimits.cc: 343 -- At r = 0.225000:	q_mu = 5.58877	q_A  = 4.28580	CLsb = 0.00854	CLb  = 0.37650	CLs  = 0.02269
INFO: (function: getCLs) AsymptoticLimits.cc: 343 -- At r = 0.180651:	q_mu = 4.52729	q_A  = 3.31545	CLsb = 0.01564	CLb  = 0.36965	CLs  = 0.04230
INFO: (function: getCLs) AsymptoticLimits.cc: 343 -- At r = 0.165327:	q_mu = 4.15729	q_A  = 2.98278	CLsb = 0.01936	CLb  = 0.36692	CLs  = 0.05277
INFO: (function: getCLs) AsymptoticLimits.cc: 343 -- At r = 0.171380:	q_mu = 4.30364	q_A  = 3.11398	CLsb = 0.01779	CLb  = 0.36803	CLs  = 0.04833
INFO: (function: getCLs) AsymptoticLimits.cc: 343 -- At r = 0.168301:	q_mu = 4.22923	q_A  = 3.04720	CLsb = 0.01857	CLb  = 0.36747	CLs  = 0.05054
INFO: (function: getCLs) AsymptoticLimits.cc: 343 -- At r = 0.169509:	q_mu = 4.25843	q_A  = 3.07339	CLsb = 0.01826	CLb  = 0.36769	CLs  = 0.04966
INFO: (function: getCLs) AsymptoticLimits.cc: 343 -- At r = 0.168892:	q_mu = 4.24353	q_A  = 3.06002	CLsb = 0.01842	CLb  = 0.36758	CLs  = 0.05011
