INFO: (function: improveOnce) CascadeMinimizer.cc: 188 -- Minimisation configured with Type=Minuit2, Algo=Migrad, strategy=0, tolerance=0.1
INFO: (function: improveOnce) CascadeMinimizer.cc: 211 -- Minimisation finished with status=0
INFO: (function: improveOnce) CascadeMinimizer.cc: 216 -- Minimization success! status=0
INFO: (function: generateAsimov) ToyMCSamplerOpt.cc: 139 -- Using internal logic for binned/unbinned Asimov dataset generation
INFO: (function: generateWithHisto) ToyMCSamplerOpt.cc: 214 -- Generating asimov with histogram for pdf pdf_binfail_LOW_obsOnly: in 6 x-bins
INFO: (function: generateWithHisto) ToyMCSamplerOpt.cc: 215 -- , in 1 y-bins
INFO: (function: generateAsimov) ToyMCSamplerOpt.cc: 139 -- Using internal logic for binned/unbinned Asimov dataset generation
INFO: (function: generateWithHisto) ToyMCSamplerOpt.cc: 214 -- Generating asimov with histogram for pdf pdf_binfail_SIG_obsOnly: in 4 x-bins
INFO: (function: generateWithHisto) ToyMCSamplerOpt.cc: 215 -- , in 1 y-bins
INFO: (function: generateAsimov) ToyMCSamplerOpt.cc: 139 -- Using internal logic for binned/unbinned Asimov dataset generation
INFO: (function: generateWithHisto) ToyMCSamplerOpt.cc: 214 -- Generating asimov with histogram for pdf pdf_binpass_LOW_obsOnly: in 6 x-bins
INFO: (function: generateWithHisto) ToyMCSamplerOpt.cc: 215 -- , in 1 y-bins
INFO: (function: generateAsimov) ToyMCSamplerOpt.cc: 139 -- Using internal logic for binned/unbinned Asimov dataset generation
INFO: (function: generateWithHisto) ToyMCSamplerOpt.cc: 214 -- Generating asimov with histogram for pdf pdf_binpass_SIG_obsOnly: in 4 x-bins
INFO: (function: generateWithHisto) ToyMCSamplerOpt.cc: 215 -- , in 1 y-bins
INFO: (function: runLimitExpected) AsymptoticLimits.cc: 436 -- Median for expected limits = 0.550781 (Sigma for expected limits = 0.281016)
INFO: (function: runLimit) AsymptoticLimits.cc: 193 -- NLL at global minimum of data = -28168.8 (r=0.184047)
INFO: (function: runLimit) AsymptoticLimits.cc: 213 -- NLL at global minimum of asimov = -28173.8 (r=0.00253497)
INFO: (function: getCLs) AsymptoticLimits.cc: 343 -- At r = 1.384047:	q_mu = 7.20119	q_A  = 11.22902	CLsb = 0.00364	CLb  = 0.74776	CLs  = 0.00487
INFO: (function: getCLs) AsymptoticLimits.cc: 343 -- At r = 0.784047:	q_mu = 2.82467	q_A  = 5.86490	CLsb = 0.04641	CLb  = 0.77068	CLs  = 0.06022
INFO: (function: getCLs) AsymptoticLimits.cc: 343 -- At r = 1.084047:	q_mu = 4.93719	q_A  = 8.52624	CLsb = 0.01314	CLb  = 0.75741	CLs  = 0.01735
INFO: (function: getCLs) AsymptoticLimits.cc: 343 -- At r = 0.879928:	q_mu = 3.47759	q_A  = 6.70940	CLsb = 0.03110	CLb  = 0.76590	CLs  = 0.04061
INFO: (function: getCLs) AsymptoticLimits.cc: 343 -- At r = 0.839436:	q_mu = 3.19884	q_A  = 6.35195	CLsb = 0.03685	CLb  = 0.76785	CLs  = 0.04799
INFO: (function: getCLs) AsymptoticLimits.cc: 343 -- At r = 0.820335:	q_mu = 3.06883	q_A  = 6.18370	CLsb = 0.03990	CLb  = 0.76880	CLs  = 0.05190
INFO: (function: getCLs) AsymptoticLimits.cc: 343 -- At r = 0.831429:	q_mu = 3.14422	q_A  = 6.28141	CLsb = 0.03810	CLb  = 0.76824	CLs  = 0.04959
INFO: (function: getCLs) AsymptoticLimits.cc: 343 -- At r = 0.827611:	q_mu = 3.11824	q_A  = 6.24779	CLsb = 0.03871	CLb  = 0.76844	CLs  = 0.05038
INFO: (function: getCLs) AsymptoticLimits.cc: 343 -- At r = 0.829831:	q_mu = 3.13334	q_A  = 6.26733	CLsb = 0.03835	CLb  = 0.76832	CLs  = 0.04992
