INFO: (function: improveOnce) CascadeMinimizer.cc: 188 -- Minimisation configured with Type=Minuit2, Algo=Migrad, strategy=0, tolerance=0.1
INFO: (function: improveOnce) CascadeMinimizer.cc: 211 -- Minimisation finished with status=0
INFO: (function: improveOnce) CascadeMinimizer.cc: 216 -- Minimization success! status=0
INFO: (function: generateAsimov) ToyMCSamplerOpt.cc: 139 -- Using internal logic for binned/unbinned Asimov dataset generation
INFO: (function: generateWithHisto) ToyMCSamplerOpt.cc: 214 -- Generating asimov with histogram for pdf pdf_binfail_LOW_obsOnly: in 7 x-bins
INFO: (function: generateWithHisto) ToyMCSamplerOpt.cc: 215 -- , in 1 y-bins
INFO: (function: generateAsimov) ToyMCSamplerOpt.cc: 139 -- Using internal logic for binned/unbinned Asimov dataset generation
INFO: (function: generateWithHisto) ToyMCSamplerOpt.cc: 214 -- Generating asimov with histogram for pdf pdf_binfail_SIG_obsOnly: in 2 x-bins
INFO: (function: generateWithHisto) ToyMCSamplerOpt.cc: 215 -- , in 1 y-bins
INFO: (function: generateAsimov) ToyMCSamplerOpt.cc: 139 -- Using internal logic for binned/unbinned Asimov dataset generation
INFO: (function: generateWithHisto) ToyMCSamplerOpt.cc: 214 -- Generating asimov with histogram for pdf pdf_binpass_LOW_obsOnly: in 7 x-bins
INFO: (function: generateWithHisto) ToyMCSamplerOpt.cc: 215 -- , in 1 y-bins
INFO: (function: generateAsimov) ToyMCSamplerOpt.cc: 139 -- Using internal logic for binned/unbinned Asimov dataset generation
INFO: (function: generateWithHisto) ToyMCSamplerOpt.cc: 214 -- Generating asimov with histogram for pdf pdf_binpass_SIG_obsOnly: in 2 x-bins
INFO: (function: generateWithHisto) ToyMCSamplerOpt.cc: 215 -- , in 1 y-bins
INFO: (function: runLimitExpected) AsymptoticLimits.cc: 436 -- Median for expected limits = 39.875 (Sigma for expected limits = 20.3448)
INFO: (function: runLimit) AsymptoticLimits.cc: 193 -- NLL at global minimum of data = -137241 (r=23.9675)
INFO: (function: runLimit) AsymptoticLimits.cc: 213 -- NLL at global minimum of asimov = -3236.97 (r=0.000219746)
INFO: (function: getCLs) AsymptoticLimits.cc: 343 -- At r = 123.386837:	q_mu = 0.00000	q_A  = 13.27844	CLsb = 0.50000	CLb  = 0.99987	CLs  = 0.50007
INFO: (function: getCLs) AsymptoticLimits.cc: 343 -- At r = 246.773675:	q_mu = 6.57630	q_A  = 28.73322	CLsb = 0.00517	CLb  = 0.99741	CLs  = 0.00518
INFO: (function: getCLs) AsymptoticLimits.cc: 343 -- At r = 135.370597:	q_mu = 0.00000	q_A  = 14.71760	CLsb = 0.50000	CLb  = 0.99994	CLs  = 0.50003
INFO: (function: getCLs) AsymptoticLimits.cc: 343 -- At r = 191.072136:	q_mu = 1.48443	q_A  = 21.59856	CLsb = 0.11154	CLb  = 0.99970	CLs  = 0.11157
INFO: (function: getCLs) AsymptoticLimits.cc: 343 -- At r = 218.922905:	q_mu = 3.96137	q_A  = 25.13828	CLsb = 0.02328	CLb  = 0.99875	CLs  = 0.02331
INFO: (function: getCLs) AsymptoticLimits.cc: 343 -- At r = 202.492765:	q_mu = 2.48151	q_A  = 23.04294	CLsb = 0.05760	CLb  = 0.99937	CLs  = 0.05763
INFO: (function: getCLs) AsymptoticLimits.cc: 343 -- At r = 207.841294:	q_mu = 2.95762	q_A  = 23.72284	CLsb = 0.04274	CLb  = 0.99919	CLs  = 0.04277
INFO: (function: getCLs) AsymptoticLimits.cc: 343 -- At r = 205.600812:	q_mu = 2.75749	q_A  = 23.43777	CLsb = 0.04840	CLb  = 0.99927	CLs  = 0.04844
INFO: (function: getCLs) AsymptoticLimits.cc: 343 -- At r = 204.524529:	q_mu = 2.66171	q_A  = 23.30096	CLsb = 0.05140	CLb  = 0.99930	CLs  = 0.05143
INFO: (function: getCLs) AsymptoticLimits.cc: 343 -- At r = 205.144686:	q_mu = 2.71687	q_A  = 23.37978	CLsb = 0.04965	CLb  = 0.99928	CLs  = 0.04968
