INFO: (function: improveOnce) CascadeMinimizer.cc: 188 -- Minimisation configured with Type=Minuit2, Algo=Migrad, strategy=0, tolerance=0.1
INFO: (function: improveOnce) CascadeMinimizer.cc: 211 -- Minimisation finished with status=0
INFO: (function: improveOnce) CascadeMinimizer.cc: 216 -- Minimization success! status=0
INFO: (function: generateAsimov) ToyMCSamplerOpt.cc: 139 -- Using internal logic for binned/unbinned Asimov dataset generation
INFO: (function: generateWithHisto) ToyMCSamplerOpt.cc: 214 -- Generating asimov with histogram for pdf pdf_binfail_LOW_obsOnly: in 6 x-bins
INFO: (function: generateWithHisto) ToyMCSamplerOpt.cc: 215 -- , in 1 y-bins
INFO: (function: generateAsimov) ToyMCSamplerOpt.cc: 139 -- Using internal logic for binned/unbinned Asimov dataset generation
INFO: (function: generateWithHisto) ToyMCSamplerOpt.cc: 214 -- Generating asimov with histogram for pdf pdf_binfail_SIG_obsOnly: in 8 x-bins
INFO: (function: generateWithHisto) ToyMCSamplerOpt.cc: 215 -- , in 1 y-bins
INFO: (function: generateAsimov) ToyMCSamplerOpt.cc: 139 -- Using internal logic for binned/unbinned Asimov dataset generation
INFO: (function: generateWithHisto) ToyMCSamplerOpt.cc: 214 -- Generating asimov with histogram for pdf pdf_binpass_LOW_obsOnly: in 6 x-bins
INFO: (function: generateWithHisto) ToyMCSamplerOpt.cc: 215 -- , in 1 y-bins
INFO: (function: generateAsimov) ToyMCSamplerOpt.cc: 139 -- Using internal logic for binned/unbinned Asimov dataset generation
INFO: (function: generateWithHisto) ToyMCSamplerOpt.cc: 214 -- Generating asimov with histogram for pdf pdf_binpass_SIG_obsOnly: in 8 x-bins
INFO: (function: generateWithHisto) ToyMCSamplerOpt.cc: 215 -- , in 1 y-bins
INFO: (function: runLimitExpected) AsymptoticLimits.cc: 436 -- Median for expected limits = 50 (Sigma for expected limits = 25.5107)
INFO: (function: runLimit) AsymptoticLimits.cc: 193 -- NLL at global minimum of data = -777264 (r=0.00266953)
INFO: (function: runLimit) AsymptoticLimits.cc: 213 -- NLL at global minimum of asimov = -777252 (r=5.43405e-11)
INFO: (function: getCLs) AsymptoticLimits.cc: 343 -- At r = 24.964297:	q_mu = 2.85336	q_A  = 1.68124	CLsb = 0.04018	CLb  = 0.32564	CLs  = 0.12338
INFO: (function: getCLs) AsymptoticLimits.cc: 343 -- At r = 49.928595:	q_mu = 5.45613	q_A  = 3.82654	CLsb = 0.00883	CLb  = 0.33851	CLs  = 0.02608
INFO: (function: getCLs) AsymptoticLimits.cc: 343 -- At r = 24.965632:	q_mu = 2.85338	q_A  = 1.68135	CLsb = 0.04018	CLb  = 0.32566	CLs  = 0.12338
INFO: (function: getCLs) AsymptoticLimits.cc: 343 -- At r = 36.573545:	q_mu = 4.08426	q_A  = 2.67257	CLsb = 0.01939	CLb  = 0.33296	CLs  = 0.05823
INFO: (function: getCLs) AsymptoticLimits.cc: 343 -- At r = 41.271540:	q_mu = 4.57139	q_A  = 3.07723	CLsb = 0.01463	CLb  = 0.33510	CLs  = 0.04365
INFO: (function: getCLs) AsymptoticLimits.cc: 343 -- At r = 38.559935:	q_mu = 4.29088	q_A  = 2.84344	CLsb = 0.01720	CLb  = 0.33389	CLs  = 0.05150
INFO: (function: getCLs) AsymptoticLimits.cc: 343 -- At r = 39.490254:	q_mu = 4.38731	q_A  = 2.92360	CLsb = 0.01626	CLb  = 0.33432	CLs  = 0.04865
INFO: (function: getCLs) AsymptoticLimits.cc: 343 -- At r = 38.946179:	q_mu = 4.33094	q_A  = 2.87671	CLsb = 0.01680	CLb  = 0.33407	CLs  = 0.05030
INFO: (function: getCLs) AsymptoticLimits.cc: 343 -- At r = 39.131879:	q_mu = 4.35019	q_A  = 2.89271	CLsb = 0.01662	CLb  = 0.33416	CLs  = 0.04973
INFO: (function: getCLs) AsymptoticLimits.cc: 343 -- At r = 39.022992:	q_mu = 4.33890	q_A  = 2.88333	CLsb = 0.01672	CLb  = 0.33411	CLs  = 0.05006
