INFO: (function: improveOnce) CascadeMinimizer.cc: 188 -- Minimisation configured with Type=Minuit2, Algo=Migrad, strategy=0, tolerance=0.1
INFO: (function: improveOnce) CascadeMinimizer.cc: 211 -- Minimisation finished with status=0
INFO: (function: improveOnce) CascadeMinimizer.cc: 216 -- Minimization success! status=0
INFO: (function: generateAsimov) ToyMCSamplerOpt.cc: 139 -- Using internal logic for binned/unbinned Asimov dataset generation
INFO: (function: generateWithHisto) ToyMCSamplerOpt.cc: 214 -- Generating asimov with histogram for pdf pdf_binfail_LOW_obsOnly: in 5 x-bins
INFO: (function: generateWithHisto) ToyMCSamplerOpt.cc: 215 -- , in 1 y-bins
INFO: (function: generateAsimov) ToyMCSamplerOpt.cc: 139 -- Using internal logic for binned/unbinned Asimov dataset generation
INFO: (function: generateWithHisto) ToyMCSamplerOpt.cc: 214 -- Generating asimov with histogram for pdf pdf_binfail_SIG_obsOnly: in 8 x-bins
INFO: (function: generateWithHisto) ToyMCSamplerOpt.cc: 215 -- , in 1 y-bins
INFO: (function: generateAsimov) ToyMCSamplerOpt.cc: 139 -- Using internal logic for binned/unbinned Asimov dataset generation
INFO: (function: generateWithHisto) ToyMCSamplerOpt.cc: 214 -- Generating asimov with histogram for pdf pdf_binpass_LOW_obsOnly: in 5 x-bins
INFO: (function: generateWithHisto) ToyMCSamplerOpt.cc: 215 -- , in 1 y-bins
INFO: (function: generateAsimov) ToyMCSamplerOpt.cc: 139 -- Using internal logic for binned/unbinned Asimov dataset generation
INFO: (function: generateWithHisto) ToyMCSamplerOpt.cc: 214 -- Generating asimov with histogram for pdf pdf_binpass_SIG_obsOnly: in 8 x-bins
INFO: (function: generateWithHisto) ToyMCSamplerOpt.cc: 215 -- , in 1 y-bins
INFO: (function: runLimitExpected) AsymptoticLimits.cc: 436 -- Median for expected limits = 1.17188 (Sigma for expected limits = 0.597906)
INFO: (function: runLimit) AsymptoticLimits.cc: 193 -- NLL at global minimum of data = -737480 (r=1.57896e-11)
INFO: (function: runLimit) AsymptoticLimits.cc: 213 -- NLL at global minimum of asimov = -737472 (r=4.62519e-12)
INFO: (function: getCLs) AsymptoticLimits.cc: 343 -- At r = 1.200000:	q_mu = 5.21912	q_A  = 3.94257	CLsb = 0.01053	CLb  = 0.37393	CLs  = 0.02815
INFO: (function: getCLs) AsymptoticLimits.cc: 343 -- At r = 0.600000:	q_mu = 2.87533	q_A  = 1.89513	CLsb = 0.04158	CLb  = 0.36092	CLs  = 0.11520
INFO: (function: getCLs) AsymptoticLimits.cc: 343 -- At r = 0.884316:	q_mu = 4.02967	q_A  = 2.88433	CLsb = 0.02090	CLb  = 0.36798	CLs  = 0.05679
INFO: (function: getCLs) AsymptoticLimits.cc: 343 -- At r = 0.993290:	q_mu = 4.44996	q_A  = 3.25436	CLsb = 0.01637	CLb  = 0.37018	CLs  = 0.04421
INFO: (function: getCLs) AsymptoticLimits.cc: 343 -- At r = 0.928658:	q_mu = 4.20199	q_A  = 3.03549	CLsb = 0.01890	CLb  = 0.36890	CLs  = 0.05123
INFO: (function: getCLs) AsymptoticLimits.cc: 343 -- At r = 0.950119:	q_mu = 4.28474	q_A  = 3.10836	CLsb = 0.01801	CLb  = 0.36933	CLs  = 0.04877
INFO: (function: getCLs) AsymptoticLimits.cc: 343 -- At r = 0.941422:	q_mu = 4.25126	q_A  = 3.07886	CLsb = 0.01837	CLb  = 0.36916	CLs  = 0.04975
INFO: (function: getCLs) AsymptoticLimits.cc: 343 -- At r = 0.937117:	q_mu = 4.23466	q_A  = 3.06424	CLsb = 0.01854	CLb  = 0.36907	CLs  = 0.05024
INFO: (function: getCLs) AsymptoticLimits.cc: 343 -- At r = 0.939668:	q_mu = 4.24450	q_A  = 3.07290	CLsb = 0.01844	CLb  = 0.36912	CLs  = 0.04995
