INFO: (function: improveOnce) CascadeMinimizer.cc: 188 -- Minimisation configured with Type=Minuit2, Algo=Migrad, strategy=0, tolerance=0.1
INFO: (function: improveOnce) CascadeMinimizer.cc: 211 -- Minimisation finished with status=0
INFO: (function: improveOnce) CascadeMinimizer.cc: 216 -- Minimization success! status=0
INFO: (function: generateAsimov) ToyMCSamplerOpt.cc: 139 -- Using internal logic for binned/unbinned Asimov dataset generation
INFO: (function: generateWithHisto) ToyMCSamplerOpt.cc: 214 -- Generating asimov with histogram for pdf pdf_binfail_LOW_obsOnly: in 6 x-bins
INFO: (function: generateWithHisto) ToyMCSamplerOpt.cc: 215 -- , in 1 y-bins
INFO: (function: generateAsimov) ToyMCSamplerOpt.cc: 139 -- Using internal logic for binned/unbinned Asimov dataset generation
INFO: (function: generateWithHisto) ToyMCSamplerOpt.cc: 214 -- Generating asimov with histogram for pdf pdf_binfail_SIG_obsOnly: in 2 x-bins
INFO: (function: generateWithHisto) ToyMCSamplerOpt.cc: 215 -- , in 1 y-bins
INFO: (function: generateAsimov) ToyMCSamplerOpt.cc: 139 -- Using internal logic for binned/unbinned Asimov dataset generation
INFO: (function: generateWithHisto) ToyMCSamplerOpt.cc: 214 -- Generating asimov with histogram for pdf pdf_binpass_LOW_obsOnly: in 6 x-bins
INFO: (function: generateWithHisto) ToyMCSamplerOpt.cc: 215 -- , in 1 y-bins
INFO: (function: generateAsimov) ToyMCSamplerOpt.cc: 139 -- Using internal logic for binned/unbinned Asimov dataset generation
INFO: (function: generateWithHisto) ToyMCSamplerOpt.cc: 214 -- Generating asimov with histogram for pdf pdf_binpass_SIG_obsOnly: in 2 x-bins
INFO: (function: generateWithHisto) ToyMCSamplerOpt.cc: 215 -- , in 1 y-bins
INFO: (function: runLimitExpected) AsymptoticLimits.cc: 436 -- Median for expected limits = 22.875 (Sigma for expected limits = 11.6711)
INFO: (function: runLimit) AsymptoticLimits.cc: 193 -- NLL at global minimum of data = -10999.9 (r=11.0187)
INFO: (function: runLimit) AsymptoticLimits.cc: 213 -- NLL at global minimum of asimov = -11002.8 (r=0.0497443)
INFO: (function: getCLs) AsymptoticLimits.cc: 343 -- At r = 44.043808:	q_mu = 3.59094	q_A  = 7.84780	CLsb = 0.02905	CLb  = 0.81764	CLs  = 0.03553
INFO: (function: getCLs) AsymptoticLimits.cc: 343 -- At r = 27.531252:	q_mu = 1.36810	q_A  = 4.74133	CLsb = 0.12107	CLb  = 0.84322	CLs  = 0.14358
INFO: (function: getCLs) AsymptoticLimits.cc: 343 -- At r = 37.508784:	q_mu = 2.67777	q_A  = 6.64504	CLsb = 0.05088	CLb  = 0.82675	CLs  = 0.06154
INFO: (function: getCLs) AsymptoticLimits.cc: 343 -- At r = 40.791931:	q_mu = 3.13353	q_A  = 7.25392	CLsb = 0.03835	CLb  = 0.82203	CLs  = 0.04665
INFO: (function: getCLs) AsymptoticLimits.cc: 343 -- At r = 39.477993:	q_mu = 2.95031	q_A  = 7.01134	CLsb = 0.04293	CLb  = 0.82388	CLs  = 0.05211
INFO: (function: getCLs) AsymptoticLimits.cc: 343 -- At r = 40.133172:	q_mu = 3.04154	q_A  = 7.13247	CLsb = 0.04058	CLb  = 0.82295	CLs  = 0.04931
INFO: (function: getCLs) AsymptoticLimits.cc: 343 -- At r = 39.870106:	q_mu = 3.00488	q_A  = 7.08389	CLsb = 0.04151	CLb  = 0.82332	CLs  = 0.05041
INFO: (function: getCLs) AsymptoticLimits.cc: 343 -- At r = 40.001085:	q_mu = 3.02313	q_A  = 7.10809	CLsb = 0.04104	CLb  = 0.82314	CLs  = 0.04986
