INFO: (function: improveOnce) CascadeMinimizer.cc: 188 -- Minimisation configured with Type=Minuit2, Algo=Migrad, strategy=0, tolerance=0.1
INFO: (function: improveOnce) CascadeMinimizer.cc: 211 -- Minimisation finished with status=0
INFO: (function: improveOnce) CascadeMinimizer.cc: 216 -- Minimization success! status=0
INFO: (function: generateAsimov) ToyMCSamplerOpt.cc: 139 -- Using internal logic for binned/unbinned Asimov dataset generation
INFO: (function: generateWithHisto) ToyMCSamplerOpt.cc: 214 -- Generating asimov with histogram for pdf pdf_binfail_LOW_obsOnly: in 5 x-bins
INFO: (function: generateWithHisto) ToyMCSamplerOpt.cc: 215 -- , in 1 y-bins
INFO: (function: generateAsimov) ToyMCSamplerOpt.cc: 139 -- Using internal logic for binned/unbinned Asimov dataset generation
INFO: (function: generateWithHisto) ToyMCSamplerOpt.cc: 214 -- Generating asimov with histogram for pdf pdf_binfail_SIG_obsOnly: in 8 x-bins
INFO: (function: generateWithHisto) ToyMCSamplerOpt.cc: 215 -- , in 1 y-bins
INFO: (function: generateAsimov) ToyMCSamplerOpt.cc: 139 -- Using internal logic for binned/unbinned Asimov dataset generation
INFO: (function: generateWithHisto) ToyMCSamplerOpt.cc: 214 -- Generating asimov with histogram for pdf pdf_binpass_LOW_obsOnly: in 5 x-bins
INFO: (function: generateWithHisto) ToyMCSamplerOpt.cc: 215 -- , in 1 y-bins
INFO: (function: generateAsimov) ToyMCSamplerOpt.cc: 139 -- Using internal logic for binned/unbinned Asimov dataset generation
INFO: (function: generateWithHisto) ToyMCSamplerOpt.cc: 214 -- Generating asimov with histogram for pdf pdf_binpass_SIG_obsOnly: in 8 x-bins
INFO: (function: generateWithHisto) ToyMCSamplerOpt.cc: 215 -- , in 1 y-bins
INFO: (function: runLimitExpected) AsymptoticLimits.cc: 436 -- Median for expected limits = 1.13281 (Sigma for expected limits = 0.577976)
INFO: (function: runLimit) AsymptoticLimits.cc: 193 -- NLL at global minimum of data = -3.58007e+06 (r=1.93262e-06)
INFO: (function: runLimit) AsymptoticLimits.cc: 213 -- NLL at global minimum of asimov = -3.58008e+06 (r=0)
INFO: (function: getCLs) AsymptoticLimits.cc: 343 -- At r = 1.200002:	q_mu = 6.22677	q_A  = 4.05357	CLsb = 0.00534	CLb  = 0.29470	CLs  = 0.01812
INFO: (function: getCLs) AsymptoticLimits.cc: 343 -- At r = 0.600002:	q_mu = 3.67164	q_A  = 2.08931	CLsb = 0.02314	CLb  = 0.29207	CLs  = 0.07923
INFO: (function: getCLs) AsymptoticLimits.cc: 343 -- At r = 0.869769:	q_mu = 4.90631	q_A  = 3.01790	CLsb = 0.01128	CLb  = 0.29339	CLs  = 0.03846
INFO: (function: getCLs) AsymptoticLimits.cc: 343 -- At r = 0.737443:	q_mu = 4.32133	q_A  = 2.57201	CLsb = 0.01581	CLb  = 0.29274	CLs  = 0.05401
INFO: (function: getCLs) AsymptoticLimits.cc: 343 -- At r = 0.787963:	q_mu = 4.54905	q_A  = 2.74440	CLsb = 0.01386	CLb  = 0.29299	CLs  = 0.04730
INFO: (function: getCLs) AsymptoticLimits.cc: 343 -- At r = 0.760941:	q_mu = 4.42795	q_A  = 2.65252	CLsb = 0.01486	CLb  = 0.29286	CLs  = 0.05075
INFO: (function: getCLs) AsymptoticLimits.cc: 343 -- At r = 0.770925:	q_mu = 4.47288	q_A  = 2.68655	CLsb = 0.01448	CLb  = 0.29290	CLs  = 0.04944
INFO: (function: getCLs) AsymptoticLimits.cc: 343 -- At r = 0.765498:	q_mu = 4.44849	q_A  = 2.66806	CLsb = 0.01469	CLb  = 0.29288	CLs  = 0.05015
INFO: (function: getCLs) AsymptoticLimits.cc: 343 -- At r = 0.767490:	q_mu = 4.45745	q_A  = 2.67485	CLsb = 0.01461	CLb  = 0.29289	CLs  = 0.04989
