INFO: (function: improveOnce) CascadeMinimizer.cc: 188 -- Minimisation configured with Type=Minuit2, Algo=Migrad, strategy=0, tolerance=0.1
INFO: (function: improveOnce) CascadeMinimizer.cc: 211 -- Minimisation finished with status=0
INFO: (function: improveOnce) CascadeMinimizer.cc: 216 -- Minimization success! status=0
INFO: (function: generateAsimov) ToyMCSamplerOpt.cc: 139 -- Using internal logic for binned/unbinned Asimov dataset generation
INFO: (function: generateWithHisto) ToyMCSamplerOpt.cc: 214 -- Generating asimov with histogram for pdf pdf_binfail_LOW_obsOnly: in 6 x-bins
INFO: (function: generateWithHisto) ToyMCSamplerOpt.cc: 215 -- , in 1 y-bins
INFO: (function: generateAsimov) ToyMCSamplerOpt.cc: 139 -- Using internal logic for binned/unbinned Asimov dataset generation
INFO: (function: generateWithHisto) ToyMCSamplerOpt.cc: 214 -- Generating asimov with histogram for pdf pdf_binfail_SIG_obsOnly: in 1 x-bins
INFO: (function: generateWithHisto) ToyMCSamplerOpt.cc: 215 -- , in 1 y-bins
INFO: (function: generateAsimov) ToyMCSamplerOpt.cc: 139 -- Using internal logic for binned/unbinned Asimov dataset generation
INFO: (function: generateWithHisto) ToyMCSamplerOpt.cc: 214 -- Generating asimov with histogram for pdf pdf_binpass_LOW_obsOnly: in 6 x-bins
INFO: (function: generateWithHisto) ToyMCSamplerOpt.cc: 215 -- , in 1 y-bins
INFO: (function: generateAsimov) ToyMCSamplerOpt.cc: 139 -- Using internal logic for binned/unbinned Asimov dataset generation
INFO: (function: generateWithHisto) ToyMCSamplerOpt.cc: 214 -- Generating asimov with histogram for pdf pdf_binpass_SIG_obsOnly: in 1 x-bins
INFO: (function: generateWithHisto) ToyMCSamplerOpt.cc: 215 -- , in 1 y-bins
INFO: (function: runLimitExpected) AsymptoticLimits.cc: 436 -- Median for expected limits = 1.03906 (Sigma for expected limits = 0.530144)
INFO: (function: runLimit) AsymptoticLimits.cc: 193 -- NLL at global minimum of data = -3137.85 (r=0.644339)
INFO: (function: runLimit) AsymptoticLimits.cc: 213 -- NLL at global minimum of asimov = -3143.33 (r=6.55005e-05)
INFO: (function: getCLs) AsymptoticLimits.cc: 343 -- At r = 2.182540:	q_mu = 4.25556	q_A  = 8.70367	CLsb = 0.01956	CLb  = 0.81254	CLs  = 0.02407
INFO: (function: getCLs) AsymptoticLimits.cc: 343 -- At r = 1.413439:	q_mu = 1.37027	q_A  = 5.46985	CLsb = 0.12088	CLb  = 0.87863	CLs  = 0.13758
INFO: (function: getCLs) AsymptoticLimits.cc: 343 -- At r = 1.770724:	q_mu = 2.60488	q_A  = 6.99443	CLsb = 0.05327	CLb  = 0.84867	CLs  = 0.06277
INFO: (function: getCLs) AsymptoticLimits.cc: 343 -- At r = 1.931263:	q_mu = 3.22641	q_A  = 7.66759	CLsb = 0.03623	CLb  = 0.83468	CLs  = 0.04341
INFO: (function: getCLs) AsymptoticLimits.cc: 343 -- At r = 1.849905:	q_mu = 2.90743	q_A  = 7.32724	CLsb = 0.04409	CLb  = 0.84177	CLs  = 0.05237
INFO: (function: getCLs) AsymptoticLimits.cc: 343 -- At r = 1.882246:	q_mu = 3.03334	q_A  = 7.46260	CLsb = 0.04079	CLb  = 0.83894	CLs  = 0.04861
INFO: (function: getCLs) AsymptoticLimits.cc: 343 -- At r = 1.866016:	q_mu = 2.96998	q_A  = 7.39471	CLsb = 0.04241	CLb  = 0.84037	CLs  = 0.05047
INFO: (function: getCLs) AsymptoticLimits.cc: 343 -- At r = 1.872495:	q_mu = 2.99523	q_A  = 7.42182	CLsb = 0.04176	CLb  = 0.83980	CLs  = 0.04972
