INFO: (function: improveOnce) CascadeMinimizer.cc: 188 -- Minimisation configured with Type=Minuit2, Algo=Migrad, strategy=0, tolerance=0.1
INFO: (function: improveOnce) CascadeMinimizer.cc: 211 -- Minimisation finished with status=0
INFO: (function: improveOnce) CascadeMinimizer.cc: 216 -- Minimization success! status=0
INFO: (function: generateAsimov) ToyMCSamplerOpt.cc: 139 -- Using internal logic for binned/unbinned Asimov dataset generation
INFO: (function: generateWithHisto) ToyMCSamplerOpt.cc: 214 -- Generating asimov with histogram for pdf pdf_binfail_LOW_obsOnly: in 5 x-bins
INFO: (function: generateWithHisto) ToyMCSamplerOpt.cc: 215 -- , in 1 y-bins
INFO: (function: generateAsimov) ToyMCSamplerOpt.cc: 139 -- Using internal logic for binned/unbinned Asimov dataset generation
INFO: (function: generateWithHisto) ToyMCSamplerOpt.cc: 214 -- Generating asimov with histogram for pdf pdf_binfail_SIG_obsOnly: in 3 x-bins
INFO: (function: generateWithHisto) ToyMCSamplerOpt.cc: 215 -- , in 1 y-bins
INFO: (function: generateAsimov) ToyMCSamplerOpt.cc: 139 -- Using internal logic for binned/unbinned Asimov dataset generation
INFO: (function: generateWithHisto) ToyMCSamplerOpt.cc: 214 -- Generating asimov with histogram for pdf pdf_binpass_LOW_obsOnly: in 5 x-bins
INFO: (function: generateWithHisto) ToyMCSamplerOpt.cc: 215 -- , in 1 y-bins
INFO: (function: generateAsimov) ToyMCSamplerOpt.cc: 139 -- Using internal logic for binned/unbinned Asimov dataset generation
INFO: (function: generateWithHisto) ToyMCSamplerOpt.cc: 214 -- Generating asimov with histogram for pdf pdf_binpass_SIG_obsOnly: in 3 x-bins
INFO: (function: generateWithHisto) ToyMCSamplerOpt.cc: 215 -- , in 1 y-bins
INFO: (function: runLimitExpected) AsymptoticLimits.cc: 436 -- Median for expected limits = 120.5 (Sigma for expected limits = 61.4807)
INFO: (function: runLimit) AsymptoticLimits.cc: 193 -- NLL at global minimum of data = -13827.1 (r=2.83727e-06)
INFO: (function: runLimit) AsymptoticLimits.cc: 213 -- NLL at global minimum of asimov = -13826.2 (r=3.28431e-11)
INFO: (function: getCLs) AsymptoticLimits.cc: 343 -- At r = 69.040067:	q_mu = 2.98101	q_A  = 1.95518	CLsb = 0.03877	CLb  = 0.35688	CLs  = 0.10865
INFO: (function: getCLs) AsymptoticLimits.cc: 343 -- At r = 138.080134:	q_mu = 5.81781	q_A  = 4.50676	CLsb = 0.00751	CLb  = 0.37874	CLs  = 0.01984
INFO: (function: getCLs) AsymptoticLimits.cc: 343 -- At r = 69.040069:	q_mu = 2.98101	q_A  = 1.95495	CLsb = 0.03877	CLb  = 0.35684	CLs  = 0.10865
INFO: (function: getCLs) AsymptoticLimits.cc: 343 -- At r = 108.057416:	q_mu = 4.59632	q_A  = 3.38468	CLsb = 0.01504	CLb  = 0.37097	CLs  = 0.04054
INFO: (function: getCLs) AsymptoticLimits.cc: 343 -- At r = 93.614624:	q_mu = 4.00249	q_A  = 2.85036	CLsb = 0.02120	CLb  = 0.36647	CLs  = 0.05786
INFO: (function: getCLs) AsymptoticLimits.cc: 343 -- At r = 101.245020:	q_mu = 4.31679	q_A  = 3.13208	CLsb = 0.01767	CLb  = 0.36892	CLs  = 0.04789
INFO: (function: getCLs) AsymptoticLimits.cc: 343 -- At r = 98.327979:	q_mu = 4.19675	q_A  = 3.02422	CLsb = 0.01894	CLb  = 0.36801	CLs  = 0.05147
INFO: (function: getCLs) AsymptoticLimits.cc: 343 -- At r = 99.848277:	q_mu = 4.25932	q_A  = 3.08041	CLsb = 0.01827	CLb  = 0.36849	CLs  = 0.04957
INFO: (function: getCLs) AsymptoticLimits.cc: 343 -- At r = 99.263880:	q_mu = 4.23527	q_A  = 3.05880	CLsb = 0.01852	CLb  = 0.36831	CLs  = 0.05029
INFO: (function: getCLs) AsymptoticLimits.cc: 343 -- At r = 99.567711:	q_mu = 4.24777	q_A  = 3.07003	CLsb = 0.01839	CLb  = 0.36840	CLs  = 0.04991
