INFO: (function: improveOnce) CascadeMinimizer.cc: 188 -- Minimisation configured with Type=Minuit2, Algo=Migrad, strategy=0, tolerance=0.1
INFO: (function: improveOnce) CascadeMinimizer.cc: 211 -- Minimisation finished with status=0
INFO: (function: improveOnce) CascadeMinimizer.cc: 216 -- Minimization success! status=0
INFO: (function: generateAsimov) ToyMCSamplerOpt.cc: 139 -- Using internal logic for binned/unbinned Asimov dataset generation
INFO: (function: generateWithHisto) ToyMCSamplerOpt.cc: 214 -- Generating asimov with histogram for pdf pdf_binfail_LOW_obsOnly: in 5 x-bins
INFO: (function: generateWithHisto) ToyMCSamplerOpt.cc: 215 -- , in 1 y-bins
INFO: (function: generateAsimov) ToyMCSamplerOpt.cc: 139 -- Using internal logic for binned/unbinned Asimov dataset generation
INFO: (function: generateWithHisto) ToyMCSamplerOpt.cc: 214 -- Generating asimov with histogram for pdf pdf_binfail_SIG_obsOnly: in 3 x-bins
INFO: (function: generateWithHisto) ToyMCSamplerOpt.cc: 215 -- , in 1 y-bins
INFO: (function: generateAsimov) ToyMCSamplerOpt.cc: 139 -- Using internal logic for binned/unbinned Asimov dataset generation
INFO: (function: generateWithHisto) ToyMCSamplerOpt.cc: 214 -- Generating asimov with histogram for pdf pdf_binpass_LOW_obsOnly: in 5 x-bins
INFO: (function: generateWithHisto) ToyMCSamplerOpt.cc: 215 -- , in 1 y-bins
INFO: (function: generateAsimov) ToyMCSamplerOpt.cc: 139 -- Using internal logic for binned/unbinned Asimov dataset generation
INFO: (function: generateWithHisto) ToyMCSamplerOpt.cc: 214 -- Generating asimov with histogram for pdf pdf_binpass_SIG_obsOnly: in 3 x-bins
INFO: (function: generateWithHisto) ToyMCSamplerOpt.cc: 215 -- , in 1 y-bins
INFO: (function: runLimitExpected) AsymptoticLimits.cc: 436 -- Median for expected limits = 63.75 (Sigma for expected limits = 32.5261)
INFO: (function: runLimit) AsymptoticLimits.cc: 193 -- NLL at global minimum of data = -13827.6 (r=1.28588e-05)
INFO: (function: runLimit) AsymptoticLimits.cc: 213 -- NLL at global minimum of asimov = -13826.7 (r=7.59521e-13)
INFO: (function: getCLs) AsymptoticLimits.cc: 343 -- At r = 37.708752:	q_mu = 3.04792	q_A  = 2.02448	CLsb = 0.03733	CLb  = 0.35956	CLs  = 0.10384
INFO: (function: getCLs) AsymptoticLimits.cc: 343 -- At r = 75.417504:	q_mu = 5.95224	q_A  = 4.65614	CLsb = 0.00698	CLb  = 0.38196	CLs  = 0.01828
INFO: (function: getCLs) AsymptoticLimits.cc: 343 -- At r = 37.708758:	q_mu = 3.04804	q_A  = 2.02448	CLsb = 0.03733	CLb  = 0.35954	CLs  = 0.10383
INFO: (function: getCLs) AsymptoticLimits.cc: 343 -- At r = 57.942536:	q_mu = 4.61836	q_A  = 3.42366	CLsb = 0.01488	CLb  = 0.37341	CLs  = 0.03986
INFO: (function: getCLs) AsymptoticLimits.cc: 343 -- At r = 50.064042:	q_mu = 4.01077	q_A  = 2.87406	CLsb = 0.02115	CLb  = 0.36872	CLs  = 0.05736
INFO: (function: getCLs) AsymptoticLimits.cc: 343 -- At r = 54.018075:	q_mu = 4.31623	q_A  = 3.14931	CLsb = 0.01772	CLb  = 0.37116	CLs  = 0.04773
INFO: (function: getCLs) AsymptoticLimits.cc: 343 -- At r = 52.427316:	q_mu = 4.19347	q_A  = 3.03840	CLsb = 0.01902	CLb  = 0.37020	CLs  = 0.05138
INFO: (function: getCLs) AsymptoticLimits.cc: 343 -- At r = 53.214934:	q_mu = 4.25427	q_A  = 3.09328	CLsb = 0.01836	CLb  = 0.37068	CLs  = 0.04953
INFO: (function: getCLs) AsymptoticLimits.cc: 343 -- At r = 52.896172:	q_mu = 4.22967	q_A  = 3.07106	CLsb = 0.01863	CLb  = 0.37049	CLs  = 0.05027
INFO: (function: getCLs) AsymptoticLimits.cc: 343 -- At r = 53.053571:	q_mu = 4.24182	q_A  = 3.08203	CLsb = 0.01849	CLb  = 0.37058	CLs  = 0.04991
