INFO: (function: improveOnce) CascadeMinimizer.cc: 188 -- Minimisation configured with Type=Minuit2, Algo=Migrad, strategy=0, tolerance=0.1
INFO: (function: improveOnce) CascadeMinimizer.cc: 211 -- Minimisation finished with status=0
INFO: (function: improveOnce) CascadeMinimizer.cc: 216 -- Minimization success! status=0
INFO: (function: generateAsimov) ToyMCSamplerOpt.cc: 139 -- Using internal logic for binned/unbinned Asimov dataset generation
INFO: (function: generateWithHisto) ToyMCSamplerOpt.cc: 214 -- Generating asimov with histogram for pdf pdf_binfail_LOW_obsOnly: in 6 x-bins
INFO: (function: generateWithHisto) ToyMCSamplerOpt.cc: 215 -- , in 1 y-bins
INFO: (function: generateAsimov) ToyMCSamplerOpt.cc: 139 -- Using internal logic for binned/unbinned Asimov dataset generation
INFO: (function: generateWithHisto) ToyMCSamplerOpt.cc: 214 -- Generating asimov with histogram for pdf pdf_binfail_SIG_obsOnly: in 2 x-bins
INFO: (function: generateWithHisto) ToyMCSamplerOpt.cc: 215 -- , in 1 y-bins
INFO: (function: generateAsimov) ToyMCSamplerOpt.cc: 139 -- Using internal logic for binned/unbinned Asimov dataset generation
INFO: (function: generateWithHisto) ToyMCSamplerOpt.cc: 214 -- Generating asimov with histogram for pdf pdf_binpass_LOW_obsOnly: in 6 x-bins
INFO: (function: generateWithHisto) ToyMCSamplerOpt.cc: 215 -- , in 1 y-bins
INFO: (function: generateAsimov) ToyMCSamplerOpt.cc: 139 -- Using internal logic for binned/unbinned Asimov dataset generation
INFO: (function: generateWithHisto) ToyMCSamplerOpt.cc: 214 -- Generating asimov with histogram for pdf pdf_binpass_SIG_obsOnly: in 2 x-bins
INFO: (function: generateWithHisto) ToyMCSamplerOpt.cc: 215 -- , in 1 y-bins
INFO: (function: runLimitExpected) AsymptoticLimits.cc: 436 -- Median for expected limits = 1.25391 (Sigma for expected limits = 0.63976)
INFO: (function: runLimit) AsymptoticLimits.cc: 193 -- NLL at global minimum of data = -10994.5 (r=0.590544)
INFO: (function: runLimit) AsymptoticLimits.cc: 213 -- NLL at global minimum of asimov = -11000.5 (r=0.00215806)
INFO: (function: getCLs) AsymptoticLimits.cc: 343 -- At r = 2.142315:	q_mu = 2.72943	q_A  = 6.73526	CLsb = 0.04926	CLb  = 0.82720	CLs  = 0.05955
INFO: (function: getCLs) AsymptoticLimits.cc: 343 -- At r = 4.284631:	q_mu = 7.50558	q_A  = 12.61958	CLsb = 0.00308	CLb  = 0.79183	CLs  = 0.00388
INFO: (function: getCLs) AsymptoticLimits.cc: 343 -- At r = 2.437587:	q_mu = 3.40491	q_A  = 7.63312	CLsb = 0.03250	CLb  = 0.82058	CLs  = 0.03961
INFO: (function: getCLs) AsymptoticLimits.cc: 343 -- At r = 1.514065:	q_mu = 1.34133	q_A  = 4.71783	CLsb = 0.12340	CLb  = 0.84468	CLs  = 0.14609
INFO: (function: getCLs) AsymptoticLimits.cc: 343 -- At r = 2.120993:	q_mu = 2.68090	q_A  = 6.66919	CLsb = 0.05078	CLb  = 0.82770	CLs  = 0.06135
INFO: (function: getCLs) AsymptoticLimits.cc: 343 -- At r = 2.302720:	q_mu = 3.09593	q_A  = 7.22694	CLsb = 0.03924	CLb  = 0.82350	CLs  = 0.04766
INFO: (function: getCLs) AsymptoticLimits.cc: 343 -- At r = 2.238734:	q_mu = 2.94951	q_A  = 7.03194	CLsb = 0.04295	CLb  = 0.82494	CLs  = 0.05207
INFO: (function: getCLs) AsymptoticLimits.cc: 343 -- At r = 2.274950:	q_mu = 3.03237	q_A  = 7.14249	CLsb = 0.04081	CLb  = 0.82412	CLs  = 0.04952
INFO: (function: getCLs) AsymptoticLimits.cc: 343 -- At r = 2.262123:	q_mu = 3.00298	q_A  = 7.10339	CLsb = 0.04156	CLb  = 0.82441	CLs  = 0.05041
INFO: (function: getCLs) AsymptoticLimits.cc: 343 -- At r = 2.269365:	q_mu = 3.01957	q_A  = 7.12547	CLsb = 0.04113	CLb  = 0.82425	CLs  = 0.04990
