INFO: (function: improveOnce) CascadeMinimizer.cc: 188 -- Minimisation configured with Type=Minuit2, Algo=Migrad, strategy=0, tolerance=0.1
INFO: (function: improveOnce) CascadeMinimizer.cc: 211 -- Minimisation finished with status=0
INFO: (function: improveOnce) CascadeMinimizer.cc: 216 -- Minimization success! status=0
INFO: (function: generateAsimov) ToyMCSamplerOpt.cc: 139 -- Using internal logic for binned/unbinned Asimov dataset generation
INFO: (function: generateWithHisto) ToyMCSamplerOpt.cc: 214 -- Generating asimov with histogram for pdf pdf_binfail_LOW_obsOnly: in 45 x-bins
INFO: (function: generateWithHisto) ToyMCSamplerOpt.cc: 215 -- , in 1 y-bins
INFO: (function: generateAsimov) ToyMCSamplerOpt.cc: 139 -- Using internal logic for binned/unbinned Asimov dataset generation
INFO: (function: generateWithHisto) ToyMCSamplerOpt.cc: 214 -- Generating asimov with histogram for pdf pdf_binfail_SIG_obsOnly: in 5 x-bins
INFO: (function: generateWithHisto) ToyMCSamplerOpt.cc: 215 -- , in 1 y-bins
INFO: (function: generateAsimov) ToyMCSamplerOpt.cc: 139 -- Using internal logic for binned/unbinned Asimov dataset generation
INFO: (function: generateWithHisto) ToyMCSamplerOpt.cc: 214 -- Generating asimov with histogram for pdf pdf_binpass_LOW_obsOnly: in 45 x-bins
INFO: (function: generateWithHisto) ToyMCSamplerOpt.cc: 215 -- , in 1 y-bins
INFO: (function: generateAsimov) ToyMCSamplerOpt.cc: 139 -- Using internal logic for binned/unbinned Asimov dataset generation
INFO: (function: generateWithHisto) ToyMCSamplerOpt.cc: 214 -- Generating asimov with histogram for pdf pdf_binpass_SIG_obsOnly: in 5 x-bins
INFO: (function: generateWithHisto) ToyMCSamplerOpt.cc: 215 -- , in 1 y-bins
DEBUG: (function: runLimitExpected) AsymptoticLimits.cc: 423 -- Best fit of asimov dataset is at r = 0.085488 (0.004274 times rMax), while it should be at zero
INFO: (function: runLimitExpected) AsymptoticLimits.cc: 436 -- Median for expected limits = 4000 (Sigma for expected limits = 2040.85)
DEBUG: (function: findExpectedLimitFromCrossing) AsymptoticLimits.cc: 678 -- fail search for crossing of r between 3984.375000 and 4000.000000
INFO: (function: runLimit) AsymptoticLimits.cc: 193 -- NLL at global minimum of data = -11111.1 (r=489.914)
INFO: (function: runLimit) AsymptoticLimits.cc: 213 -- NLL at global minimum of asimov = -11113.7 (r=3.42314)
INFO: (function: getCLs) AsymptoticLimits.cc: 343 -- At r = 1116.304625:	q_mu = 0.00000	q_A  = 0.25325	CLsb = 0.50000	CLb  = 0.69260	CLs  = 0.72192
INFO: (function: getCLs) AsymptoticLimits.cc: 343 -- At r = 2232.609251:	q_mu = 0.00000	q_A  = 0.41653	CLsb = 0.50000	CLb  = 0.74066	CLs  = 0.67507
INFO: (function: getCLs) AsymptoticLimits.cc: 343 -- At r = 4465.218502:	q_mu = 0.00000	q_A  = 0.60670	CLsb = 0.50000	CLb  = 0.78198	CLs  = 0.63940
INFO: (function: getCLs) AsymptoticLimits.cc: 343 -- At r = 8930.437004:	q_mu = 0.00000	q_A  = 0.83634	CLsb = 0.50000	CLb  = 0.81978	CLs  = 0.60992
INFO: (function: getCLs) AsymptoticLimits.cc: 343 -- At r = 17860.874007:	q_mu = 0.05776	q_A  = 1.43469	CLsb = 0.40503	CLb  = 0.83083	CLs  = 0.48750
INFO: (function: getCLs) AsymptoticLimits.cc: 343 -- At r = 18105.830857:	q_mu = 0.06802	q_A  = 1.45595	CLsb = 0.39712	CLb  = 0.82788	CLs  = 0.47969
INFO: (function: getCLs) AsymptoticLimits.cc: 343 -- At r = 26913.789436:	q_mu = 0.61173	q_A  = 2.39526	CLsb = 0.21707	CLb  = 0.77802	CLs  = 0.27900
INFO: (function: getCLs) AsymptoticLimits.cc: 343 -- At r = 31317.768725:	q_mu = 1.01503	q_A  = 2.98613	CLsb = 0.15685	CLb  = 0.76441	CLs  = 0.20519
INFO: (function: getCLs) AsymptoticLimits.cc: 343 -- At r = 33519.758369:	q_mu = 1.25010	q_A  = 3.31077	CLsb = 0.13177	CLb  = 0.75850	CLs  = 0.17372
INFO: (function: getCLs) AsymptoticLimits.cc: 343 -- At r = 34620.753192:	q_mu = 1.37607	q_A  = 3.48045	CLsb = 0.12039	CLb  = 0.75570	CLs  = 0.15930
INFO: (function: getCLs) AsymptoticLimits.cc: 343 -- At r = 35171.250603:	q_mu = 1.44101	q_A  = 3.56697	CLsb = 0.11499	CLb  = 0.75434	CLs  = 0.15243
INFO: (function: getCLs) AsymptoticLimits.cc: 343 -- At r = 35446.499308:	q_mu = 1.47409	q_A  = 3.61087	CLsb = 0.11235	CLb  = 0.75368	CLs  = 0.14907
INFO: (function: getCLs) AsymptoticLimits.cc: 343 -- At r = 35584.123661:	q_mu = 1.49081	q_A  = 3.63278	CLsb = 0.11105	CLb  = 0.75333	CLs  = 0.14741
