INFO: (function: improveOnce) CascadeMinimizer.cc: 188 -- Minimisation configured with Type=Minuit2, Algo=Migrad, strategy=0, tolerance=0.1
INFO: (function: improveOnce) CascadeMinimizer.cc: 211 -- Minimisation finished with status=0
INFO: (function: improveOnce) CascadeMinimizer.cc: 216 -- Minimization success! status=0
INFO: (function: generateAsimov) ToyMCSamplerOpt.cc: 139 -- Using internal logic for binned/unbinned Asimov dataset generation
INFO: (function: generateWithHisto) ToyMCSamplerOpt.cc: 214 -- Generating asimov with histogram for pdf pdf_binfail_LOW_obsOnly: in 5 x-bins
INFO: (function: generateWithHisto) ToyMCSamplerOpt.cc: 215 -- , in 1 y-bins
INFO: (function: generateAsimov) ToyMCSamplerOpt.cc: 139 -- Using internal logic for binned/unbinned Asimov dataset generation
INFO: (function: generateWithHisto) ToyMCSamplerOpt.cc: 214 -- Generating asimov with histogram for pdf pdf_binfail_SIG_obsOnly: in 4 x-bins
INFO: (function: generateWithHisto) ToyMCSamplerOpt.cc: 215 -- , in 1 y-bins
INFO: (function: generateAsimov) ToyMCSamplerOpt.cc: 139 -- Using internal logic for binned/unbinned Asimov dataset generation
INFO: (function: generateWithHisto) ToyMCSamplerOpt.cc: 214 -- Generating asimov with histogram for pdf pdf_binpass_LOW_obsOnly: in 5 x-bins
INFO: (function: generateWithHisto) ToyMCSamplerOpt.cc: 215 -- , in 1 y-bins
INFO: (function: generateAsimov) ToyMCSamplerOpt.cc: 139 -- Using internal logic for binned/unbinned Asimov dataset generation
INFO: (function: generateWithHisto) ToyMCSamplerOpt.cc: 214 -- Generating asimov with histogram for pdf pdf_binpass_SIG_obsOnly: in 4 x-bins
INFO: (function: generateWithHisto) ToyMCSamplerOpt.cc: 215 -- , in 1 y-bins
INFO: (function: runLimitExpected) AsymptoticLimits.cc: 436 -- Median for expected limits = 0.155273 (Sigma for expected limits = 0.0792226)
INFO: (function: runLimit) AsymptoticLimits.cc: 193 -- NLL at global minimum of data = -76503.7 (r=0.0305337)
INFO: (function: runLimit) AsymptoticLimits.cc: 213 -- NLL at global minimum of asimov = -76507.6 (r=2.5805e-08)
INFO: (function: getCLs) AsymptoticLimits.cc: 343 -- At r = 1.230534:	q_mu = 18.96011	q_A  = 21.92862	CLsb = 0.00001	CLb  = 0.62873	CLs  = 0.00001
INFO: (function: getCLs) AsymptoticLimits.cc: 343 -- At r = 0.630534:	q_mu = 10.98241	q_A  = 13.61149	CLsb = 0.00046	CLb  = 0.64632	CLs  = 0.00071
INFO: (function: getCLs) AsymptoticLimits.cc: 343 -- At r = 0.330534:	q_mu = 5.74087	q_A  = 7.98779	CLsb = 0.00829	CLb  = 0.66650	CLs  = 0.01243
INFO: (function: getCLs) AsymptoticLimits.cc: 343 -- At r = 0.180534:	q_mu = 2.65172	q_A  = 4.48954	CLsb = 0.05172	CLb  = 0.68809	CLs  = 0.07516
INFO: (function: getCLs) AsymptoticLimits.cc: 343 -- At r = 0.255534:	q_mu = 4.23399	q_A  = 6.31279	CLsb = 0.01981	CLb  = 0.67539	CLs  = 0.02933
INFO: (function: getCLs) AsymptoticLimits.cc: 343 -- At r = 0.221527:	q_mu = 3.52414	q_A  = 5.50580	CLsb = 0.03024	CLb  = 0.68053	CLs  = 0.04444
INFO: (function: getCLs) AsymptoticLimits.cc: 343 -- At r = 0.205968:	q_mu = 3.19476	q_A  = 5.12585	CLsb = 0.03694	CLb  = 0.68319	CLs  = 0.05407
INFO: (function: getCLs) AsymptoticLimits.cc: 343 -- At r = 0.214041:	q_mu = 3.36599	q_A  = 5.32387	CLsb = 0.03328	CLb  = 0.68178	CLs  = 0.04881
INFO: (function: getCLs) AsymptoticLimits.cc: 343 -- At r = 0.210905:	q_mu = 3.29956	q_A  = 5.24717	CLsb = 0.03465	CLb  = 0.68232	CLs  = 0.05078
INFO: (function: getCLs) AsymptoticLimits.cc: 343 -- At r = 0.212515:	q_mu = 3.33367	q_A  = 5.28658	CLsb = 0.03394	CLb  = 0.68204	CLs  = 0.04976
INFO: (function: getCLs) AsymptoticLimits.cc: 343 -- At r = 0.211887:	q_mu = 3.32036	q_A  = 5.27121	CLsb = 0.03421	CLb  = 0.68215	CLs  = 0.05016
