INFO: (function: improveOnce) CascadeMinimizer.cc: 188 -- Minimisation configured with Type=Minuit2, Algo=Migrad, strategy=0, tolerance=0.1
INFO: (function: improveOnce) CascadeMinimizer.cc: 211 -- Minimisation finished with status=0
INFO: (function: improveOnce) CascadeMinimizer.cc: 216 -- Minimization success! status=0
INFO: (function: generateAsimov) ToyMCSamplerOpt.cc: 139 -- Using internal logic for binned/unbinned Asimov dataset generation
INFO: (function: generateWithHisto) ToyMCSamplerOpt.cc: 214 -- Generating asimov with histogram for pdf pdf_binfail_LOW_obsOnly: in 6 x-bins
INFO: (function: generateWithHisto) ToyMCSamplerOpt.cc: 215 -- , in 1 y-bins
INFO: (function: generateAsimov) ToyMCSamplerOpt.cc: 139 -- Using internal logic for binned/unbinned Asimov dataset generation
INFO: (function: generateWithHisto) ToyMCSamplerOpt.cc: 214 -- Generating asimov with histogram for pdf pdf_binfail_SIG_obsOnly: in 3 x-bins
INFO: (function: generateWithHisto) ToyMCSamplerOpt.cc: 215 -- , in 1 y-bins
INFO: (function: generateAsimov) ToyMCSamplerOpt.cc: 139 -- Using internal logic for binned/unbinned Asimov dataset generation
INFO: (function: generateWithHisto) ToyMCSamplerOpt.cc: 214 -- Generating asimov with histogram for pdf pdf_binpass_LOW_obsOnly: in 6 x-bins
INFO: (function: generateWithHisto) ToyMCSamplerOpt.cc: 215 -- , in 1 y-bins
INFO: (function: generateAsimov) ToyMCSamplerOpt.cc: 139 -- Using internal logic for binned/unbinned Asimov dataset generation
INFO: (function: generateWithHisto) ToyMCSamplerOpt.cc: 214 -- Generating asimov with histogram for pdf pdf_binpass_SIG_obsOnly: in 3 x-bins
INFO: (function: generateWithHisto) ToyMCSamplerOpt.cc: 215 -- , in 1 y-bins
INFO: (function: runLimitExpected) AsymptoticLimits.cc: 436 -- Median for expected limits = 0.539062 (Sigma for expected limits = 0.275037)
INFO: (function: runLimit) AsymptoticLimits.cc: 193 -- NLL at global minimum of data = -76409.8 (r=1.71792e-08)
INFO: (function: runLimit) AsymptoticLimits.cc: 213 -- NLL at global minimum of asimov = -76402.7 (r=1.00857e-07)
INFO: (function: getCLs) AsymptoticLimits.cc: 343 -- At r = 1.200000:	q_mu = 13.75620	q_A  = 11.52923	CLsb = 0.00010	CLb  = 0.37148	CLs  = 0.00026
INFO: (function: getCLs) AsymptoticLimits.cc: 343 -- At r = 0.600000:	q_mu = 6.01987	q_A  = 4.49937	CLsb = 0.00658	CLb  = 0.36002	CLs  = 0.01827
INFO: (function: getCLs) AsymptoticLimits.cc: 343 -- At r = 0.300000:	q_mu = 2.47699	q_A  = 1.53029	CLsb = 0.05265	CLb  = 0.35099	CLs  = 0.15000
INFO: (function: getCLs) AsymptoticLimits.cc: 343 -- At r = 0.450000:	q_mu = 4.18024	q_A  = 2.91814	CLsb = 0.01887	CLb  = 0.35591	CLs  = 0.05302
INFO: (function: getCLs) AsymptoticLimits.cc: 343 -- At r = 0.486602:	q_mu = 4.62018	q_A  = 3.28953	CLsb = 0.01461	CLb  = 0.35687	CLs  = 0.04094
INFO: (function: getCLs) AsymptoticLimits.cc: 343 -- At r = 0.463958:	q_mu = 4.34710	q_A  = 3.05845	CLsb = 0.01712	CLb  = 0.35628	CLs  = 0.04805
INFO: (function: getCLs) AsymptoticLimits.cc: 343 -- At r = 0.456649:	q_mu = 4.25959	q_A  = 2.98477	CLsb = 0.01801	CLb  = 0.35608	CLs  = 0.05059
INFO: (function: getCLs) AsymptoticLimits.cc: 343 -- At r = 0.459444:	q_mu = 4.29301	q_A  = 3.01288	CLsb = 0.01767	CLb  = 0.35616	CLs  = 0.04960
INFO: (function: getCLs) AsymptoticLimits.cc: 343 -- At r = 0.457983:	q_mu = 4.27553	q_A  = 2.99817	CLsb = 0.01785	CLb  = 0.35612	CLs  = 0.05012
