INFO: (function: improveOnce) CascadeMinimizer.cc: 188 -- Minimisation configured with Type=Minuit2, Algo=Migrad, strategy=0, tolerance=0.1
INFO: (function: improveOnce) CascadeMinimizer.cc: 211 -- Minimisation finished with status=0
INFO: (function: improveOnce) CascadeMinimizer.cc: 216 -- Minimization success! status=0
INFO: (function: generateAsimov) ToyMCSamplerOpt.cc: 139 -- Using internal logic for binned/unbinned Asimov dataset generation
INFO: (function: generateWithHisto) ToyMCSamplerOpt.cc: 214 -- Generating asimov with histogram for pdf pdf_binfail_LOW_obsOnly: in 5 x-bins
INFO: (function: generateWithHisto) ToyMCSamplerOpt.cc: 215 -- , in 1 y-bins
INFO: (function: generateAsimov) ToyMCSamplerOpt.cc: 139 -- Using internal logic for binned/unbinned Asimov dataset generation
INFO: (function: generateWithHisto) ToyMCSamplerOpt.cc: 214 -- Generating asimov with histogram for pdf pdf_binfail_SIG_obsOnly: in 4 x-bins
INFO: (function: generateWithHisto) ToyMCSamplerOpt.cc: 215 -- , in 1 y-bins
INFO: (function: generateAsimov) ToyMCSamplerOpt.cc: 139 -- Using internal logic for binned/unbinned Asimov dataset generation
INFO: (function: generateWithHisto) ToyMCSamplerOpt.cc: 214 -- Generating asimov with histogram for pdf pdf_binpass_LOW_obsOnly: in 5 x-bins
INFO: (function: generateWithHisto) ToyMCSamplerOpt.cc: 215 -- , in 1 y-bins
INFO: (function: generateAsimov) ToyMCSamplerOpt.cc: 139 -- Using internal logic for binned/unbinned Asimov dataset generation
INFO: (function: generateWithHisto) ToyMCSamplerOpt.cc: 214 -- Generating asimov with histogram for pdf pdf_binpass_SIG_obsOnly: in 4 x-bins
INFO: (function: generateWithHisto) ToyMCSamplerOpt.cc: 215 -- , in 1 y-bins
INFO: (function: runLimitExpected) AsymptoticLimits.cc: 436 -- Median for expected limits = 54 (Sigma for expected limits = 27.5515)
INFO: (function: runLimit) AsymptoticLimits.cc: 193 -- NLL at global minimum of data = -76464.5 (r=10.8009)
INFO: (function: runLimit) AsymptoticLimits.cc: 213 -- NLL at global minimum of asimov = -76466.3 (r=0.36351)
INFO: (function: getCLs) AsymptoticLimits.cc: 343 -- At r = 60.059555:	q_mu = 2.48467	q_A  = 4.29991	CLsb = 0.05748	CLb  = 0.69053	CLs  = 0.08324
INFO: (function: getCLs) AsymptoticLimits.cc: 343 -- At r = 120.119110:	q_mu = 6.15875	q_A  = 8.45627	CLsb = 0.00654	CLb  = 0.66505	CLs  = 0.00983
INFO: (function: getCLs) AsymptoticLimits.cc: 343 -- At r = 65.459980:	q_mu = 2.82555	q_A  = 4.70422	CLsb = 0.04639	CLb  = 0.68722	CLs  = 0.06750
INFO: (function: getCLs) AsymptoticLimits.cc: 343 -- At r = 92.789545:	q_mu = 4.52859	q_A  = 6.65436	CLsb = 0.01667	CLb  = 0.67421	CLs  = 0.02472
INFO: (function: getCLs) AsymptoticLimits.cc: 343 -- At r = 77.457888:	q_mu = 3.57990	q_A  = 5.57982	CLsb = 0.02924	CLb  = 0.68086	CLs  = 0.04295
INFO: (function: getCLs) AsymptoticLimits.cc: 343 -- At r = 71.830789:	q_mu = 3.22699	q_A  = 5.17303	CLsb = 0.03622	CLb  = 0.68369	CLs  = 0.05297
INFO: (function: getCLs) AsymptoticLimits.cc: 343 -- At r = 74.195395:	q_mu = 3.37553	q_A  = 5.34480	CLsb = 0.03309	CLb  = 0.68247	CLs  = 0.04848
INFO: (function: getCLs) AsymptoticLimits.cc: 343 -- At r = 73.063255:	q_mu = 3.30445	q_A  = 5.26271	CLsb = 0.03455	CLb  = 0.68305	CLs  = 0.05058
INFO: (function: getCLs) AsymptoticLimits.cc: 343 -- At r = 73.534811:	q_mu = 3.33406	q_A  = 5.29694	CLsb = 0.03393	CLb  = 0.68281	CLs  = 0.04969
INFO: (function: getCLs) AsymptoticLimits.cc: 343 -- At r = 73.308112:	q_mu = 3.31983	q_A  = 5.28049	CLsb = 0.03422	CLb  = 0.68292	CLs  = 0.05011
