INFO: (function: improveOnce) CascadeMinimizer.cc: 188 -- Minimisation configured with Type=Minuit2, Algo=Migrad, strategy=0, tolerance=0.1
INFO: (function: evaluate) CachingNLL.cc: 719 -- underflow (expected events <=0) in total event yield for pdf_binpass_SIG_obsOnly, expected yield = -804.653 (observed: 0)
INFO: (function: evaluate) CachingNLL.cc: 719 -- underflow (expected events <=0) in total event yield for pdf_binpass_SIG_obsOnly, expected yield = -71.7295 (observed: 0)
INFO: (function: evaluate) CachingNLL.cc: 719 -- underflow (expected events <=0) in total event yield for pdf_binpass_SIG_obsOnly, expected yield = -5.11234 (observed: 0)
INFO: (function: evaluate) CachingNLL.cc: 719 -- underflow (expected events <=0) in total event yield for pdf_binpass_SIG_obsOnly, expected yield = -28.1553 (observed: 0)
INFO: (function: evaluate) CachingNLL.cc: 719 -- underflow (expected events <=0) in total event yield for pdf_binpass_SIG_obsOnly, expected yield = -361.771 (observed: 0)
INFO: (function: evaluate) CachingNLL.cc: 719 -- underflow (expected events <=0) in total event yield for pdf_binpass_SIG_obsOnly, expected yield = -7.31719 (observed: 0)
INFO: (function: evaluate) CachingNLL.cc: 719 -- underflow (expected events <=0) in total event yield for pdf_binpass_SIG_obsOnly, expected yield = -179741 (observed: 0)
INFO: (function: evaluate) CachingNLL.cc: 719 -- underflow (expected events <=0) in total event yield for pdf_binpass_SIG_obsOnly, expected yield = -121538 (observed: 0)
INFO: (function: evaluate) CachingNLL.cc: 719 -- underflow (expected events <=0) in total event yield for pdf_binpass_SIG_obsOnly, expected yield = -6626.45 (observed: 0)
INFO: (function: evaluate) CachingNLL.cc: 719 -- underflow (expected events <=0) in total event yield for pdf_binpass_SIG_obsOnly, expected yield = -312.508 (observed: 0)
INFO: (function: evaluate) CachingNLL.cc: 719 -- underflow (expected events <=0) in total event yield for pdf_binpass_SIG_obsOnly, expected yield = -11.0111 (observed: 0)
INFO: (function: evaluate) CachingNLL.cc: 719 -- underflow (expected events <=0) in total event yield for pdf_binpass_SIG_obsOnly, expected yield = -161396 (observed: 0)
INFO: (function: evaluate) CachingNLL.cc: 719 -- underflow (expected events <=0) in total event yield for pdf_binpass_SIG_obsOnly, expected yield = -184366 (observed: 0)
INFO: (function: evaluate) CachingNLL.cc: 719 -- underflow (expected events <=0) in total event yield for pdf_binpass_SIG_obsOnly, expected yield = -119534 (observed: 0)
INFO: (function: evaluate) CachingNLL.cc: 719 -- underflow (expected events <=0) in total event yield for pdf_binpass_SIG_obsOnly, expected yield = -6495.03 (observed: 0)
INFO: (function: evaluate) CachingNLL.cc: 719 -- underflow (expected events <=0) in total event yield for pdf_binpass_SIG_obsOnly, expected yield = -306.281 (observed: 0)
INFO: (function: evaluate) CachingNLL.cc: 719 -- underflow (expected events <=0) in total event yield for pdf_binpass_SIG_obsOnly, expected yield = -11.501 (observed: 0)
INFO: (function: evaluate) CachingNLL.cc: 719 -- underflow (expected events <=0) in total event yield for pdf_binpass_SIG_obsOnly, expected yield = -185525 (observed: 0)
INFO: (function: evaluate) CachingNLL.cc: 719 -- underflow (expected events <=0) in total event yield for pdf_binpass_SIG_obsOnly, expected yield = -13137.4 (observed: 0)
INFO: (function: evaluate) CachingNLL.cc: 719 -- underflow (expected events <=0) in total event yield for pdf_binpass_SIG_obsOnly, expected yield = -27.3628 (observed: 0)
INFO: (function: evaluate) CachingNLL.cc: 719 -- underflow (expected events <=0) in total event yield for pdf_binpass_SIG_obsOnly, expected yield = -802.166 (observed: 0)
INFO: (function: evaluate) CachingNLL.cc: 719 -- underflow (expected events <=0) in total event yield for pdf_binpass_SIG_obsOnly, expected yield = -34.0228 (observed: 0)
INFO: (function: evaluate) CachingNLL.cc: 719 -- underflow (expected events <=0) in total event yield for pdf_binpass_SIG_obsOnly, expected yield = -580.212 (observed: 0)
INFO: (function: evaluate) CachingNLL.cc: 719 -- underflow (expected events <=0) in total event yield for pdf_binpass_SIG_obsOnly, expected yield = -22.8231 (observed: 0)
INFO: (function: evaluate) CachingNLL.cc: 719 -- underflow (expected events <=0) in total event yield for pdf_binpass_SIG_obsOnly, expected yield = -416.374 (observed: 0)
INFO: (function: evaluate) CachingNLL.cc: 719 -- underflow (expected events <=0) in total event yield for pdf_binpass_SIG_obsOnly, expected yield = -14.7434 (observed: 0)
INFO: (function: evaluate) CachingNLL.cc: 719 -- underflow (expected events <=0) in total event yield for pdf_binpass_SIG_obsOnly, expected yield = -405.483 (observed: 0)
INFO: (function: evaluate) CachingNLL.cc: 719 -- underflow (expected events <=0) in total event yield for pdf_binpass_SIG_obsOnly, expected yield = -15.184 (observed: 0)
INFO: (function: evaluate) CachingNLL.cc: 719 -- underflow (expected events <=0) in total event yield for pdf_binpass_SIG_obsOnly, expected yield = -87.2516 (observed: 0)
INFO: (function: evaluate) CachingNLL.cc: 719 -- underflow (expected events <=0) in total event yield for pdf_binpass_SIG_obsOnly, expected yield = -34.1577 (observed: 0)
INFO: (function: evaluate) CachingNLL.cc: 719 -- underflow (expected events <=0) in total event yield for pdf_binpass_SIG_obsOnly, expected yield = -7.08512 (observed: 0)
INFO: (function: evaluate) CachingNLL.cc: 719 -- underflow (expected events <=0) in total event yield for pdf_binpass_SIG_obsOnly, expected yield = -8.87997 (observed: 0)
INFO: (function: evaluate) CachingNLL.cc: 719 -- underflow (expected events <=0) in total event yield for pdf_binpass_SIG_obsOnly, expected yield = -4.40449 (observed: 0)
INFO: (function: evaluate) CachingNLL.cc: 719 -- underflow (expected events <=0) in total event yield for pdf_binpass_SIG_obsOnly, expected yield = -2.18125 (observed: 0)
INFO: (function: evaluate) CachingNLL.cc: 719 -- underflow (expected events <=0) in total event yield for pdf_binpass_SIG_obsOnly, expected yield = -1.07324 (observed: 0)
INFO: (function: evaluate) CachingNLL.cc: 719 -- underflow (expected events <=0) in total event yield for pdf_binpass_SIG_obsOnly, expected yield = -0.520126 (observed: 0)
INFO: (function: evaluate) CachingNLL.cc: 719 -- underflow (expected events <=0) in total event yield for pdf_binpass_SIG_obsOnly, expected yield = -0.243795 (observed: 0)
INFO: (function: evaluate) CachingNLL.cc: 719 -- underflow (expected events <=0) in total event yield for pdf_binpass_SIG_obsOnly, expected yield = -0.105686 (observed: 0)
INFO: (function: evaluate) CachingNLL.cc: 719 -- underflow (expected events <=0) in total event yield for pdf_binpass_SIG_obsOnly, expected yield = -37.8266 (observed: 0)
INFO: (function: evaluate) CachingNLL.cc: 719 -- underflow (expected events <=0) in total event yield for pdf_binpass_SIG_obsOnly, expected yield = -1.79781 (observed: 0)
INFO: (function: evaluate) CachingNLL.cc: 719 -- underflow (expected events <=0) in total event yield for pdf_binpass_SIG_obsOnly, expected yield = -0.0589708 (observed: 0)
INFO: (function: evaluate) CachingNLL.cc: 719 -- underflow (expected events <=0) in total event yield for pdf_binpass_SIG_obsOnly, expected yield = -42.1598 (observed: 0)
INFO: (function: evaluate) CachingNLL.cc: 719 -- underflow (expected events <=0) in total event yield for pdf_binpass_SIG_obsOnly, expected yield = -2.00634 (observed: 0)
INFO: (function: evaluate) CachingNLL.cc: 719 -- underflow (expected events <=0) in total event yield for pdf_binpass_SIG_obsOnly, expected yield = -0.0737066 (observed: 0)
INFO: (function: evaluate) CachingNLL.cc: 719 -- underflow (expected events <=0) in total event yield for pdf_binpass_SIG_obsOnly, expected yield = -46.5101 (observed: 0)
INFO: (function: evaluate) CachingNLL.cc: 719 -- underflow (expected events <=0) in total event yield for pdf_binpass_SIG_obsOnly, expected yield = -2.21392 (observed: 0)
INFO: (function: evaluate) CachingNLL.cc: 719 -- underflow (expected events <=0) in total event yield for pdf_binpass_SIG_obsOnly, expected yield = -0.0888724 (observed: 0)
INFO: (function: evaluate) CachingNLL.cc: 719 -- underflow (expected events <=0) in total event yield for pdf_binpass_SIG_obsOnly, expected yield = -50.9408 (observed: 0)
INFO: (function: evaluate) CachingNLL.cc: 719 -- underflow (expected events <=0) in total event yield for pdf_binpass_SIG_obsOnly, expected yield = -2.42501 (observed: 0)
INFO: (function: evaluate) CachingNLL.cc: 719 -- underflow (expected events <=0) in total event yield for pdf_binpass_SIG_obsOnly, expected yield = -0.104691 (observed: 0)
INFO: (function: evaluate) CachingNLL.cc: 719 -- underflow (expected events <=0) in total event yield for pdf_binpass_SIG_obsOnly, expected yield = -55.8449 (observed: 0)
INFO: (function: evaluate) CachingNLL.cc: 719 -- underflow (expected events <=0) in total event yield for pdf_binpass_SIG_obsOnly, expected yield = -2.65687 (observed: 0)
INFO: (function: evaluate) CachingNLL.cc: 719 -- underflow (expected events <=0) in total event yield for pdf_binpass_SIG_obsOnly, expected yield = -0.122026 (observed: 0)
INFO: (function: evaluate) CachingNLL.cc: 719 -- underflow (expected events <=0) in total event yield for pdf_binpass_SIG_obsOnly, expected yield = -61.1591 (observed: 0)
INFO: (function: evaluate) CachingNLL.cc: 719 -- underflow (expected events <=0) in total event yield for pdf_binpass_SIG_obsOnly, expected yield = -2.90669 (observed: 0)
INFO: (function: evaluate) CachingNLL.cc: 719 -- underflow (expected events <=0) in total event yield for pdf_binpass_SIG_obsOnly, expected yield = -0.140786 (observed: 0)
INFO: (function: evaluate) CachingNLL.cc: 719 -- underflow (expected events <=0) in total event yield for pdf_binpass_SIG_obsOnly, expected yield = -0.00284244 (observed: 0)
INFO: (function: evaluate) CachingNLL.cc: 719 -- underflow (expected events <=0) in total event yield for pdf_binpass_SIG_obsOnly, expected yield = -0.00023492 (observed: 0)
INFO: (function: evaluate) CachingNLL.cc: 719 -- underflow (expected events <=0) in total event yield for pdf_binpass_SIG_obsOnly, expected yield = -67.2121 (observed: 0)
INFO: (function: evaluate) CachingNLL.cc: 719 -- underflow (expected events <=0) in total event yield for pdf_binpass_SIG_obsOnly, expected yield = -3.18238 (observed: 0)
INFO: (function: evaluate) CachingNLL.cc: 719 -- underflow (expected events <=0) in total event yield for pdf_binpass_SIG_obsOnly, expected yield = -0.154852 (observed: 0)
INFO: (function: evaluate) CachingNLL.cc: 719 -- underflow (expected events <=0) in total event yield for pdf_binpass_SIG_obsOnly, expected yield = -0.00389036 (observed: 0)
INFO: (function: evaluate) CachingNLL.cc: 719 -- underflow (expected events <=0) in total event yield for pdf_binpass_SIG_obsOnly, expected yield = -0.000632131 (observed: 0)
INFO: (function: evaluate) CachingNLL.cc: 719 -- underflow (expected events <=0) in total event yield for pdf_binpass_SIG_obsOnly, expected yield = -72.6964 (observed: 0)
INFO: (function: evaluate) CachingNLL.cc: 719 -- underflow (expected events <=0) in total event yield for pdf_binpass_SIG_obsOnly, expected yield = -3.4304 (observed: 0)
INFO: (function: evaluate) CachingNLL.cc: 719 -- underflow (expected events <=0) in total event yield for pdf_binpass_SIG_obsOnly, expected yield = -0.167568 (observed: 0)
INFO: (function: evaluate) CachingNLL.cc: 719 -- underflow (expected events <=0) in total event yield for pdf_binpass_SIG_obsOnly, expected yield = -0.00490336 (observed: 0)
INFO: (function: evaluate) CachingNLL.cc: 719 -- underflow (expected events <=0) in total event yield for pdf_binpass_SIG_obsOnly, expected yield = -0.00105257 (observed: 0)
INFO: (function: evaluate) CachingNLL.cc: 719 -- underflow (expected events <=0) in total event yield for pdf_binpass_SIG_obsOnly, expected yield = -80.9986 (observed: 0)
INFO: (function: evaluate) CachingNLL.cc: 719 -- underflow (expected events <=0) in total event yield for pdf_binpass_SIG_obsOnly, expected yield = -3.80144 (observed: 0)
INFO: (function: evaluate) CachingNLL.cc: 719 -- underflow (expected events <=0) in total event yield for pdf_binpass_SIG_obsOnly, expected yield = -0.186423 (observed: 0)
INFO: (function: evaluate) CachingNLL.cc: 719 -- underflow (expected events <=0) in total event yield for pdf_binpass_SIG_obsOnly, expected yield = -0.00625249 (observed: 0)
INFO: (function: evaluate) CachingNLL.cc: 719 -- underflow (expected events <=0) in total event yield for pdf_binpass_SIG_obsOnly, expected yield = -0.00152662 (observed: 0)
INFO: (function: evaluate) CachingNLL.cc: 719 -- underflow (expected events <=0) in total event yield for pdf_binpass_SIG_obsOnly, expected yield = -83.1016 (observed: 0)
INFO: (function: evaluate) CachingNLL.cc: 719 -- underflow (expected events <=0) in total event yield for pdf_binpass_SIG_obsOnly, expected yield = -3.89932 (observed: 0)
INFO: (function: evaluate) CachingNLL.cc: 719 -- underflow (expected events <=0) in total event yield for pdf_binpass_SIG_obsOnly, expected yield = -0.19175 (observed: 0)
INFO: (function: evaluate) CachingNLL.cc: 719 -- underflow (expected events <=0) in total event yield for pdf_binpass_SIG_obsOnly, expected yield = -0.00696911 (observed: 0)
INFO: (function: evaluate) CachingNLL.cc: 719 -- underflow (expected events <=0) in total event yield for pdf_binpass_SIG_obsOnly, expected yield = -0.0020097 (observed: 0)
INFO: (function: evaluate) CachingNLL.cc: 719 -- underflow (expected events <=0) in total event yield for pdf_binpass_SIG_obsOnly, expected yield = -94.2124 (observed: 0)
INFO: (function: evaluate) CachingNLL.cc: 719 -- underflow (expected events <=0) in total event yield for pdf_binpass_SIG_obsOnly, expected yield = -4.38772 (observed: 0)
INFO: (function: evaluate) CachingNLL.cc: 719 -- underflow (expected events <=0) in total event yield for pdf_binpass_SIG_obsOnly, expected yield = -0.216476 (observed: 0)
INFO: (function: evaluate) CachingNLL.cc: 719 -- underflow (expected events <=0) in total event yield for pdf_binpass_SIG_obsOnly, expected yield = -0.00866693 (observed: 0)
INFO: (function: evaluate) CachingNLL.cc: 719 -- underflow (expected events <=0) in total event yield for pdf_binpass_SIG_obsOnly, expected yield = -0.00255646 (observed: 0)
INFO: (function: evaluate) CachingNLL.cc: 719 -- underflow (expected events <=0) in total event yield for pdf_binpass_SIG_obsOnly, expected yield = -102.538 (observed: 0)
INFO: (function: evaluate) CachingNLL.cc: 719 -- underflow (expected events <=0) in total event yield for pdf_binpass_SIG_obsOnly, expected yield = -4.74925 (observed: 0)
INFO: (function: evaluate) CachingNLL.cc: 719 -- underflow (expected events <=0) in total event yield for pdf_binpass_SIG_obsOnly, expected yield = -0.234947 (observed: 0)
INFO: (function: evaluate) CachingNLL.cc: 719 -- underflow (expected events <=0) in total event yield for pdf_binpass_SIG_obsOnly, expected yield = -0.0101096 (observed: 0)
INFO: (function: evaluate) CachingNLL.cc: 719 -- underflow (expected events <=0) in total event yield for pdf_binpass_SIG_obsOnly, expected yield = -0.00314466 (observed: 0)
INFO: (function: evaluate) CachingNLL.cc: 719 -- underflow (expected events <=0) in total event yield for pdf_binpass_SIG_obsOnly, expected yield = -110.633 (observed: 0)
INFO: (function: evaluate) CachingNLL.cc: 719 -- underflow (expected events <=0) in total event yield for pdf_binpass_SIG_obsOnly, expected yield = -5.10238 (observed: 0)
INFO: (function: evaluate) CachingNLL.cc: 719 -- underflow (expected events <=0) in total event yield for pdf_binpass_SIG_obsOnly, expected yield = -0.253047 (observed: 0)
INFO: (function: evaluate) CachingNLL.cc: 719 -- underflow (expected events <=0) in total event yield for pdf_binpass_SIG_obsOnly, expected yield = -0.0115763 (observed: 0)
INFO: (function: evaluate) CachingNLL.cc: 719 -- underflow (expected events <=0) in total event yield for pdf_binpass_SIG_obsOnly, expected yield = -0.000463042 (observed: 0)
INFO: (function: evaluate) CachingNLL.cc: 719 -- underflow (expected events <=0) in total event yield for pdf_binpass_SIG_obsOnly, expected yield = -0.00377998 (observed: 0)
INFO: (function: evaluate) CachingNLL.cc: 719 -- underflow (expected events <=0) in total event yield for pdf_binpass_SIG_obsOnly, expected yield = -78.5476 (observed: 0)
INFO: (function: evaluate) CachingNLL.cc: 719 -- underflow (expected events <=0) in total event yield for pdf_binpass_SIG_obsOnly, expected yield = -3.69325 (observed: 0)
INFO: (function: evaluate) CachingNLL.cc: 719 -- underflow (expected events <=0) in total event yield for pdf_binpass_SIG_obsOnly, expected yield = -0.183636 (observed: 0)
INFO: (function: evaluate) CachingNLL.cc: 719 -- underflow (expected events <=0) in total event yield for pdf_binpass_SIG_obsOnly, expected yield = -0.00871037 (observed: 0)
INFO: (function: evaluate) CachingNLL.cc: 719 -- underflow (expected events <=0) in total event yield for pdf_binpass_SIG_obsOnly, expected yield = -0.000923294 (observed: 0)
INFO: (function: evaluate) CachingNLL.cc: 719 -- underflow (expected events <=0) in total event yield for pdf_binpass_SIG_obsOnly, expected yield = -0.00034402 (observed: 0)
INFO: (function: evaluate) CachingNLL.cc: 719 -- underflow (expected events <=0) in total event yield for pdf_binpass_SIG_obsOnly, expected yield = -0.00424024 (observed: 0)
INFO: (function: evaluate) CachingNLL.cc: 719 -- underflow (expected events <=0) in total event yield for pdf_binpass_SIG_obsOnly, expected yield = -0.00039294 (observed: 0)
INFO: (function: evaluate) CachingNLL.cc: 719 -- underflow (expected events <=0) in total event yield for pdf_binpass_SIG_obsOnly, expected yield = -57700.5 (observed: 0)
INFO: (function: improveOnce) CascadeMinimizer.cc: 211 -- Minimisation finished with status=-1
DEBUG: (function: improveOnce) CascadeMinimizer.cc: 217 -- Minimization ended with latest status != 0 or 1
