INFO: (function: improveOnce) CascadeMinimizer.cc: 188 -- Minimisation configured with Type=Minuit2, Algo=Migrad, strategy=0, tolerance=0.1
INFO: (function: improveOnce) CascadeMinimizer.cc: 211 -- Minimisation finished with status=0
INFO: (function: improveOnce) CascadeMinimizer.cc: 216 -- Minimization success! status=0
INFO: (function: generateAsimov) ToyMCSamplerOpt.cc: 139 -- Using internal logic for binned/unbinned Asimov dataset generation
INFO: (function: generateWithHisto) ToyMCSamplerOpt.cc: 214 -- Generating asimov with histogram for pdf pdf_binfail_LOW_obsOnly: in 5 x-bins
INFO: (function: generateWithHisto) ToyMCSamplerOpt.cc: 215 -- , in 1 y-bins
INFO: (function: generateAsimov) ToyMCSamplerOpt.cc: 139 -- Using internal logic for binned/unbinned Asimov dataset generation
INFO: (function: generateWithHisto) ToyMCSamplerOpt.cc: 214 -- Generating asimov with histogram for pdf pdf_binfail_SIG_obsOnly: in 4 x-bins
INFO: (function: generateWithHisto) ToyMCSamplerOpt.cc: 215 -- , in 1 y-bins
INFO: (function: generateAsimov) ToyMCSamplerOpt.cc: 139 -- Using internal logic for binned/unbinned Asimov dataset generation
INFO: (function: generateWithHisto) ToyMCSamplerOpt.cc: 214 -- Generating asimov with histogram for pdf pdf_binpass_LOW_obsOnly: in 5 x-bins
INFO: (function: generateWithHisto) ToyMCSamplerOpt.cc: 215 -- , in 1 y-bins
INFO: (function: generateAsimov) ToyMCSamplerOpt.cc: 139 -- Using internal logic for binned/unbinned Asimov dataset generation
INFO: (function: generateWithHisto) ToyMCSamplerOpt.cc: 214 -- Generating asimov with histogram for pdf pdf_binpass_SIG_obsOnly: in 4 x-bins
INFO: (function: generateWithHisto) ToyMCSamplerOpt.cc: 215 -- , in 1 y-bins
INFO: (function: runLimitExpected) AsymptoticLimits.cc: 436 -- Median for expected limits = 635 (Sigma for expected limits = 323.986)
INFO: (function: runLimit) AsymptoticLimits.cc: 193 -- NLL at global minimum of data = -76462.3 (r=125.467)
INFO: (function: runLimit) AsymptoticLimits.cc: 213 -- NLL at global minimum of asimov = -76463.2 (r=1.57251)
INFO: (function: getCLs) AsymptoticLimits.cc: 343 -- At r = 725.534937:	q_mu = 2.90498	q_A  = 4.46332	CLsb = 0.04415	CLb  = 0.65846	CLs  = 0.06706
INFO: (function: getCLs) AsymptoticLimits.cc: 343 -- At r = 1451.069873:	q_mu = 7.59903	q_A  = 9.32340	CLsb = 0.00292	CLb  = 0.61669	CLs  = 0.00473
INFO: (function: getCLs) AsymptoticLimits.cc: 343 -- At r = 788.268488:	q_mu = 3.30410	q_A  = 4.89867	CLsb = 0.03455	CLb  = 0.65379	CLs  = 0.05285
INFO: (function: getCLs) AsymptoticLimits.cc: 343 -- At r = 1119.669181:	q_mu = 5.47037	q_A  = 7.15323	CLsb = 0.00967	CLb  = 0.63144	CLs  = 0.01532
INFO: (function: getCLs) AsymptoticLimits.cc: 343 -- At r = 866.418849:	q_mu = 3.80521	q_A  = 5.43721	CLsb = 0.02555	CLb  = 0.64843	CLs  = 0.03940
INFO: (function: getCLs) AsymptoticLimits.cc: 343 -- At r = 815.700666:	q_mu = 3.47962	q_A  = 5.08808	CLsb = 0.03106	CLb  = 0.65184	CLs  = 0.04766
INFO: (function: getCLs) AsymptoticLimits.cc: 343 -- At r = 800.031436:	q_mu = 3.37931	q_A  = 4.97987	CLsb = 0.03301	CLb  = 0.65294	CLs  = 0.05056
INFO: (function: getCLs) AsymptoticLimits.cc: 343 -- At r = 805.511095:	q_mu = 3.41444	q_A  = 5.01773	CLsb = 0.03231	CLb  = 0.65255	CLs  = 0.04952
INFO: (function: getCLs) AsymptoticLimits.cc: 343 -- At r = 802.372109:	q_mu = 3.39428	q_A  = 4.99604	CLsb = 0.03271	CLb  = 0.65278	CLs  = 0.05011
