INFO: (function: improveOnce) CascadeMinimizer.cc: 188 -- Minimisation configured with Type=Minuit2, Algo=Migrad, strategy=0, tolerance=0.1
INFO: (function: improveOnce) CascadeMinimizer.cc: 211 -- Minimisation finished with status=0
INFO: (function: improveOnce) CascadeMinimizer.cc: 216 -- Minimization success! status=0
INFO: (function: generateAsimov) ToyMCSamplerOpt.cc: 139 -- Using internal logic for binned/unbinned Asimov dataset generation
INFO: (function: generateWithHisto) ToyMCSamplerOpt.cc: 214 -- Generating asimov with histogram for pdf pdf_binfail_LOW_obsOnly: in 5 x-bins
INFO: (function: generateWithHisto) ToyMCSamplerOpt.cc: 215 -- , in 1 y-bins
INFO: (function: generateAsimov) ToyMCSamplerOpt.cc: 139 -- Using internal logic for binned/unbinned Asimov dataset generation
INFO: (function: generateWithHisto) ToyMCSamplerOpt.cc: 214 -- Generating asimov with histogram for pdf pdf_binfail_SIG_obsOnly: in 3 x-bins
INFO: (function: generateWithHisto) ToyMCSamplerOpt.cc: 215 -- , in 1 y-bins
INFO: (function: generateAsimov) ToyMCSamplerOpt.cc: 139 -- Using internal logic for binned/unbinned Asimov dataset generation
INFO: (function: generateWithHisto) ToyMCSamplerOpt.cc: 214 -- Generating asimov with histogram for pdf pdf_binpass_LOW_obsOnly: in 5 x-bins
INFO: (function: generateWithHisto) ToyMCSamplerOpt.cc: 215 -- , in 1 y-bins
INFO: (function: generateAsimov) ToyMCSamplerOpt.cc: 139 -- Using internal logic for binned/unbinned Asimov dataset generation
INFO: (function: generateWithHisto) ToyMCSamplerOpt.cc: 214 -- Generating asimov with histogram for pdf pdf_binpass_SIG_obsOnly: in 3 x-bins
INFO: (function: generateWithHisto) ToyMCSamplerOpt.cc: 215 -- , in 1 y-bins
INFO: (function: runLimitExpected) AsymptoticLimits.cc: 436 -- Median for expected limits = 0.664062 (Sigma for expected limits = 0.338814)
INFO: (function: runLimit) AsymptoticLimits.cc: 193 -- NLL at global minimum of data = -13827.6 (r=3.62242e-09)
INFO: (function: runLimit) AsymptoticLimits.cc: 213 -- NLL at global minimum of asimov = -13826.8 (r=9.88098e-13)
INFO: (function: getCLs) AsymptoticLimits.cc: 343 -- At r = 1.200000:	q_mu = 9.01427	q_A  = 7.49264	CLsb = 0.00128	CLb  = 0.39053	CLs  = 0.00329
INFO: (function: getCLs) AsymptoticLimits.cc: 343 -- At r = 0.600000:	q_mu = 4.65351	q_A  = 3.41542	CLsb = 0.01452	CLb  = 0.36883	CLs  = 0.03936
INFO: (function: getCLs) AsymptoticLimits.cc: 343 -- At r = 0.300000:	q_mu = 2.37634	q_A  = 1.43586	CLsb = 0.05584	CLb  = 0.34737	CLs  = 0.16075
INFO: (function: getCLs) AsymptoticLimits.cc: 343 -- At r = 0.450000:	q_mu = 3.52509	q_A  = 2.41182	CLsb = 0.02797	CLb  = 0.36001	CLs  = 0.07770
INFO: (function: getCLs) AsymptoticLimits.cc: 343 -- At r = 0.527778:	q_mu = 4.11239	q_A  = 2.92978	CLsb = 0.01984	CLb  = 0.36488	CLs  = 0.05437
INFO: (function: getCLs) AsymptoticLimits.cc: 343 -- At r = 0.557199:	q_mu = 4.33320	q_A  = 3.12709	CLsb = 0.01746	CLb  = 0.36654	CLs  = 0.04762
INFO: (function: getCLs) AsymptoticLimits.cc: 343 -- At r = 0.542659:	q_mu = 4.22415	q_A  = 3.02950	CLsb = 0.01859	CLb  = 0.36573	CLs  = 0.05084
INFO: (function: getCLs) AsymptoticLimits.cc: 343 -- At r = 0.548523:	q_mu = 4.26814	q_A  = 3.06883	CLsb = 0.01812	CLb  = 0.36606	CLs  = 0.04951
INFO: (function: getCLs) AsymptoticLimits.cc: 343 -- At r = 0.545611:	q_mu = 4.24629	q_A  = 3.04929	CLsb = 0.01836	CLb  = 0.36590	CLs  = 0.05017
INFO: (function: getCLs) AsymptoticLimits.cc: 343 -- At r = 0.546783:	q_mu = 4.25508	q_A  = 3.05716	CLsb = 0.01826	CLb  = 0.36596	CLs  = 0.04990
