INFO: (function: improveOnce) CascadeMinimizer.cc: 188 -- Minimisation configured with Type=Minuit2, Algo=Migrad, strategy=0, tolerance=0.1
INFO: (function: improveOnce) CascadeMinimizer.cc: 211 -- Minimisation finished with status=0
INFO: (function: improveOnce) CascadeMinimizer.cc: 216 -- Minimization success! status=0
INFO: (function: generateAsimov) ToyMCSamplerOpt.cc: 139 -- Using internal logic for binned/unbinned Asimov dataset generation
INFO: (function: generateWithHisto) ToyMCSamplerOpt.cc: 214 -- Generating asimov with histogram for pdf pdf_binfail_LOW_obsOnly: in 7 x-bins
INFO: (function: generateWithHisto) ToyMCSamplerOpt.cc: 215 -- , in 1 y-bins
INFO: (function: generateAsimov) ToyMCSamplerOpt.cc: 139 -- Using internal logic for binned/unbinned Asimov dataset generation
INFO: (function: generateWithHisto) ToyMCSamplerOpt.cc: 214 -- Generating asimov with histogram for pdf pdf_binfail_SIG_obsOnly: in 2 x-bins
INFO: (function: generateWithHisto) ToyMCSamplerOpt.cc: 215 -- , in 1 y-bins
INFO: (function: generateAsimov) ToyMCSamplerOpt.cc: 139 -- Using internal logic for binned/unbinned Asimov dataset generation
INFO: (function: generateWithHisto) ToyMCSamplerOpt.cc: 214 -- Generating asimov with histogram for pdf pdf_binpass_LOW_obsOnly: in 7 x-bins
INFO: (function: generateWithHisto) ToyMCSamplerOpt.cc: 215 -- , in 1 y-bins
INFO: (function: generateAsimov) ToyMCSamplerOpt.cc: 139 -- Using internal logic for binned/unbinned Asimov dataset generation
INFO: (function: generateWithHisto) ToyMCSamplerOpt.cc: 214 -- Generating asimov with histogram for pdf pdf_binpass_SIG_obsOnly: in 2 x-bins
INFO: (function: generateWithHisto) ToyMCSamplerOpt.cc: 215 -- , in 1 y-bins
INFO: (function: runLimitExpected) AsymptoticLimits.cc: 436 -- Median for expected limits = 3.60938 (Sigma for expected limits = 1.84155)
INFO: (function: runLimit) AsymptoticLimits.cc: 193 -- NLL at global minimum of data = -137237 (r=4.62095)
INFO: (function: runLimit) AsymptoticLimits.cc: 213 -- NLL at global minimum of asimov = 34281.2 (r=20)
INFO: (function: getCLs) AsymptoticLimits.cc: 343 -- At r = 13.280268:	q_mu = 4.46175	q_A  = 3581.10596	CLsb = 0.01733	CLb  = 1.00000	CLs  = 0.01733
INFO: (function: getCLs) AsymptoticLimits.cc: 343 -- At r = 8.950607:	q_mu = 1.44169	q_A  = 7033.86537	CLsb = 0.11493	CLb  = 1.00000	CLs  = 0.11493
INFO: (function: getCLs) AsymptoticLimits.cc: 343 -- At r = 11.340418:	q_mu = 2.98128	q_A  = 4962.93010	CLsb = 0.04212	CLb  = 1.00000	CLs  = 0.04212
INFO: (function: getCLs) AsymptoticLimits.cc: 343 -- At r = 10.535683:	q_mu = 2.42312	q_A  = 5607.07525	CLsb = 0.05978	CLb  = 1.00000	CLs  = 0.05978
INFO: (function: getCLs) AsymptoticLimits.cc: 343 -- At r = 10.864040:	q_mu = 2.64653	q_A  = 5338.49323	CLsb = 0.05189	CLb  = 1.00000	CLs  = 0.05189
INFO: (function: getCLs) AsymptoticLimits.cc: 343 -- At r = 11.027019:	q_mu = 2.75965	q_A  = 5208.18317	CLsb = 0.04833	CLb  = 1.00000	CLs  = 0.04833
INFO: (function: getCLs) AsymptoticLimits.cc: 343 -- At r = 10.932170:	q_mu = 2.69363	q_A  = 5283.78413	CLsb = 0.05037	CLb  = 1.00000	CLs  = 0.05037
INFO: (function: getCLs) AsymptoticLimits.cc: 343 -- At r = 10.964852:	q_mu = 2.71632	q_A  = 5257.66050	CLsb = 0.04966	CLb  = 1.00000	CLs  = 0.04966
