INFO: (function: improveOnce) CascadeMinimizer.cc: 188 -- Minimisation configured with Type=Minuit2, Algo=Migrad, strategy=0, tolerance=0.1
INFO: (function: improveOnce) CascadeMinimizer.cc: 211 -- Minimisation finished with status=0
INFO: (function: improveOnce) CascadeMinimizer.cc: 216 -- Minimization success! status=0
INFO: (function: generateAsimov) ToyMCSamplerOpt.cc: 139 -- Using internal logic for binned/unbinned Asimov dataset generation
INFO: (function: generateWithHisto) ToyMCSamplerOpt.cc: 214 -- Generating asimov with histogram for pdf pdf_binfail_LOW_obsOnly: in 5 x-bins
INFO: (function: generateWithHisto) ToyMCSamplerOpt.cc: 215 -- , in 1 y-bins
INFO: (function: generateAsimov) ToyMCSamplerOpt.cc: 139 -- Using internal logic for binned/unbinned Asimov dataset generation
INFO: (function: generateWithHisto) ToyMCSamplerOpt.cc: 214 -- Generating asimov with histogram for pdf pdf_binfail_SIG_obsOnly: in 3 x-bins
INFO: (function: generateWithHisto) ToyMCSamplerOpt.cc: 215 -- , in 1 y-bins
INFO: (function: generateAsimov) ToyMCSamplerOpt.cc: 139 -- Using internal logic for binned/unbinned Asimov dataset generation
INFO: (function: generateWithHisto) ToyMCSamplerOpt.cc: 214 -- Generating asimov with histogram for pdf pdf_binpass_LOW_obsOnly: in 5 x-bins
INFO: (function: generateWithHisto) ToyMCSamplerOpt.cc: 215 -- , in 1 y-bins
INFO: (function: generateAsimov) ToyMCSamplerOpt.cc: 139 -- Using internal logic for binned/unbinned Asimov dataset generation
INFO: (function: generateWithHisto) ToyMCSamplerOpt.cc: 214 -- Generating asimov with histogram for pdf pdf_binpass_SIG_obsOnly: in 3 x-bins
INFO: (function: generateWithHisto) ToyMCSamplerOpt.cc: 215 -- , in 1 y-bins
INFO: (function: runLimitExpected) AsymptoticLimits.cc: 436 -- Median for expected limits = 3.48438 (Sigma for expected limits = 1.77778)
INFO: (function: runLimit) AsymptoticLimits.cc: 193 -- NLL at global minimum of data = -61632.5 (r=1.36632)
INFO: (function: runLimit) AsymptoticLimits.cc: 213 -- NLL at global minimum of asimov = -61637.2 (r=0.0270165)
INFO: (function: getCLs) AsymptoticLimits.cc: 343 -- At r = 5.138859:	q_mu = 2.34321	q_A  = 5.65556	CLsb = 0.06292	CLb  = 0.80161	CLs  = 0.07849
INFO: (function: getCLs) AsymptoticLimits.cc: 343 -- At r = 10.277717:	q_mu = 6.05771	q_A  = 10.23563	CLsb = 0.00692	CLb  = 0.76977	CLs  = 0.00899
INFO: (function: getCLs) AsymptoticLimits.cc: 343 -- At r = 5.822017:	q_mu = 2.86797	q_A  = 6.34777	CLsb = 0.04518	CLb  = 0.79559	CLs  = 0.05679
INFO: (function: getCLs) AsymptoticLimits.cc: 343 -- At r = 8.049867:	q_mu = 4.52091	q_A  = 8.41126	CLsb = 0.01674	CLb  = 0.78053	CLs  = 0.02145
INFO: (function: getCLs) AsymptoticLimits.cc: 343 -- At r = 6.500597:	q_mu = 3.38258	q_A  = 7.00585	CLsb = 0.03294	CLb  = 0.79036	CLs  = 0.04168
INFO: (function: getCLs) AsymptoticLimits.cc: 343 -- At r = 6.181199:	q_mu = 3.14136	q_A  = 6.69961	CLsb = 0.03817	CLb  = 0.79274	CLs  = 0.04814
INFO: (function: getCLs) AsymptoticLimits.cc: 343 -- At r = 6.043512:	q_mu = 3.03683	q_A  = 6.56569	CLsb = 0.04070	CLb  = 0.79381	CLs  = 0.05127
INFO: (function: getCLs) AsymptoticLimits.cc: 343 -- At r = 6.114921:	q_mu = 3.09116	q_A  = 6.63529	CLsb = 0.03936	CLb  = 0.79325	CLs  = 0.04962
INFO: (function: getCLs) AsymptoticLimits.cc: 343 -- At r = 6.087252:	q_mu = 3.07014	q_A  = 6.60836	CLsb = 0.03987	CLb  = 0.79346	CLs  = 0.05025
INFO: (function: getCLs) AsymptoticLimits.cc: 343 -- At r = 6.101505:	q_mu = 3.08095	q_A  = 6.62224	CLsb = 0.03961	CLb  = 0.79335	CLs  = 0.04992
