INFO: (function: improveOnce) CascadeMinimizer.cc: 188 -- Minimisation configured with Type=Minuit2, Algo=Migrad, strategy=0, tolerance=0.1
INFO: (function: improveOnce) CascadeMinimizer.cc: 211 -- Minimisation finished with status=0
INFO: (function: improveOnce) CascadeMinimizer.cc: 216 -- Minimization success! status=0
INFO: (function: generateAsimov) ToyMCSamplerOpt.cc: 139 -- Using internal logic for binned/unbinned Asimov dataset generation
INFO: (function: generateWithHisto) ToyMCSamplerOpt.cc: 214 -- Generating asimov with histogram for pdf pdf_binfail_LOW_obsOnly: in 5 x-bins
INFO: (function: generateWithHisto) ToyMCSamplerOpt.cc: 215 -- , in 1 y-bins
INFO: (function: generateAsimov) ToyMCSamplerOpt.cc: 139 -- Using internal logic for binned/unbinned Asimov dataset generation
INFO: (function: generateWithHisto) ToyMCSamplerOpt.cc: 214 -- Generating asimov with histogram for pdf pdf_binfail_SIG_obsOnly: in 4 x-bins
INFO: (function: generateWithHisto) ToyMCSamplerOpt.cc: 215 -- , in 1 y-bins
INFO: (function: generateAsimov) ToyMCSamplerOpt.cc: 139 -- Using internal logic for binned/unbinned Asimov dataset generation
INFO: (function: generateWithHisto) ToyMCSamplerOpt.cc: 214 -- Generating asimov with histogram for pdf pdf_binpass_LOW_obsOnly: in 5 x-bins
INFO: (function: generateWithHisto) ToyMCSamplerOpt.cc: 215 -- , in 1 y-bins
INFO: (function: generateAsimov) ToyMCSamplerOpt.cc: 139 -- Using internal logic for binned/unbinned Asimov dataset generation
INFO: (function: generateWithHisto) ToyMCSamplerOpt.cc: 214 -- Generating asimov with histogram for pdf pdf_binpass_SIG_obsOnly: in 4 x-bins
INFO: (function: generateWithHisto) ToyMCSamplerOpt.cc: 215 -- , in 1 y-bins
INFO: (function: runLimitExpected) AsymptoticLimits.cc: 436 -- Median for expected limits = 0.00537109 (Sigma for expected limits = 0.0027404)
INFO: (function: runLimit) AsymptoticLimits.cc: 193 -- NLL at global minimum of data = -67823.4 (r=0.00103193)
INFO: (function: runLimit) AsymptoticLimits.cc: 213 -- NLL at global minimum of asimov = -67852.7 (r=4.10196e-06)
INFO: (function: getCLs) AsymptoticLimits.cc: 343 -- At r = 1.201032:	q_mu = 1006.56605	q_A  = 993.03517	CLsb = 0.00000	CLb  = 0.41500	CLs  = 0.00000
INFO: (function: getCLs) AsymptoticLimits.cc: 343 -- At r = 0.601032:	q_mu = 530.92268	q_A  = 521.22750	CLsb = 0.00000	CLb  = 0.41592	CLs  = 0.00000
INFO: (function: getCLs) AsymptoticLimits.cc: 343 -- At r = 0.301032:	q_mu = 277.52449	q_A  = 270.95265	CLsb = 0.00000	CLb  = 0.42089	CLs  = 0.00000
INFO: (function: getCLs) AsymptoticLimits.cc: 343 -- At r = 0.151032:	q_mu = 153.55376	q_A  = 148.84804	CLsb = 0.00000	CLb  = 0.42354	CLs  = 0.00000
INFO: (function: getCLs) AsymptoticLimits.cc: 343 -- At r = 0.076032:	q_mu = 81.92719	q_A  = 79.31754	CLsb = 0.00000	CLb  = 0.44176	CLs  = 0.00000
INFO: (function: getCLs) AsymptoticLimits.cc: 343 -- At r = 0.038532:	q_mu = 39.82656	q_A  = 38.98514	CLsb = 0.00000	CLb  = 0.47314	CLs  = 0.00000
INFO: (function: getCLs) AsymptoticLimits.cc: 343 -- At r = 0.019782:	q_mu = 17.49162	q_A  = 17.97970	CLsb = 0.00001	CLb  = 0.52311	CLs  = 0.00003
INFO: (function: getCLs) AsymptoticLimits.cc: 343 -- At r = 0.010407:	q_mu = 7.06000	q_A  = 8.40126	CLsb = 0.00394	CLb  = 0.59539	CLs  = 0.00662
INFO: (function: getCLs) AsymptoticLimits.cc: 343 -- At r = 0.005719:	q_mu = 2.79625	q_A  = 4.08188	CLsb = 0.04724	CLb  = 0.63614	CLs  = 0.07426
INFO: (function: getCLs) AsymptoticLimits.cc: 343 -- At r = 0.008063:	q_mu = 4.85037	q_A  = 6.21197	CLsb = 0.01382	CLb  = 0.61410	CLs  = 0.02250
INFO: (function: getCLs) AsymptoticLimits.cc: 343 -- At r = 0.006809:	q_mu = 3.73050	q_A  = 5.06313	CLsb = 0.02671	CLb  = 0.62502	CLs  = 0.04274
INFO: (function: getCLs) AsymptoticLimits.cc: 343 -- At r = 0.006344:	q_mu = 3.32622	q_A  = 4.64174	CLsb = 0.03409	CLb  = 0.62956	CLs  = 0.05415
INFO: (function: getCLs) AsymptoticLimits.cc: 343 -- At r = 0.006563:	q_mu = 3.51519	q_A  = 4.83931	CLsb = 0.03040	CLb  = 0.62739	CLs  = 0.04846
