INFO: (function: improveOnce) CascadeMinimizer.cc: 188 -- Minimisation configured with Type=Minuit2, Algo=Migrad, strategy=0, tolerance=0.1
INFO: (function: improveOnce) CascadeMinimizer.cc: 211 -- Minimisation finished with status=0
INFO: (function: improveOnce) CascadeMinimizer.cc: 216 -- Minimization success! status=0
INFO: (function: generateAsimov) ToyMCSamplerOpt.cc: 139 -- Using internal logic for binned/unbinned Asimov dataset generation
INFO: (function: generateWithHisto) ToyMCSamplerOpt.cc: 214 -- Generating asimov with histogram for pdf pdf_binfail_LOW_obsOnly: in 5 x-bins
INFO: (function: generateWithHisto) ToyMCSamplerOpt.cc: 215 -- , in 1 y-bins
INFO: (function: generateAsimov) ToyMCSamplerOpt.cc: 139 -- Using internal logic for binned/unbinned Asimov dataset generation
INFO: (function: generateWithHisto) ToyMCSamplerOpt.cc: 214 -- Generating asimov with histogram for pdf pdf_binfail_SIG_obsOnly: in 4 x-bins
INFO: (function: generateWithHisto) ToyMCSamplerOpt.cc: 215 -- , in 1 y-bins
INFO: (function: generateAsimov) ToyMCSamplerOpt.cc: 139 -- Using internal logic for binned/unbinned Asimov dataset generation
INFO: (function: generateWithHisto) ToyMCSamplerOpt.cc: 214 -- Generating asimov with histogram for pdf pdf_binpass_LOW_obsOnly: in 5 x-bins
INFO: (function: generateWithHisto) ToyMCSamplerOpt.cc: 215 -- , in 1 y-bins
INFO: (function: generateAsimov) ToyMCSamplerOpt.cc: 139 -- Using internal logic for binned/unbinned Asimov dataset generation
INFO: (function: generateWithHisto) ToyMCSamplerOpt.cc: 214 -- Generating asimov with histogram for pdf pdf_binpass_SIG_obsOnly: in 4 x-bins
INFO: (function: generateWithHisto) ToyMCSamplerOpt.cc: 215 -- , in 1 y-bins
INFO: (function: runLimitExpected) AsymptoticLimits.cc: 436 -- Median for expected limits = 0.0600586 (Sigma for expected limits = 0.0306427)
INFO: (function: runLimit) AsymptoticLimits.cc: 193 -- NLL at global minimum of data = -76518 (r=0.0131385)
INFO: (function: runLimit) AsymptoticLimits.cc: 213 -- NLL at global minimum of asimov = -76514.2 (r=6.10786e-07)
INFO: (function: getCLs) AsymptoticLimits.cc: 343 -- At r = 1.213139:	q_mu = 65.43269	q_A  = 67.94330	CLsb = 0.00000	CLb  = 0.56109	CLs  = 0.00000
INFO: (function: getCLs) AsymptoticLimits.cc: 343 -- At r = 0.613139:	q_mu = 36.81966	q_A  = 39.83974	CLsb = 0.00000	CLb  = 0.59637	CLs  = 0.00000
INFO: (function: getCLs) AsymptoticLimits.cc: 343 -- At r = 0.313139:	q_mu = 19.29551	q_A  = 22.15454	CLsb = 0.00001	CLb  = 0.62331	CLs  = 0.00001
INFO: (function: getCLs) AsymptoticLimits.cc: 343 -- At r = 0.163139:	q_mu = 9.21389	q_A  = 11.71867	CLsb = 0.00120	CLb  = 0.65092	CLs  = 0.00184
INFO: (function: getCLs) AsymptoticLimits.cc: 343 -- At r = 0.088139:	q_mu = 3.95869	q_A  = 6.01500	CLsb = 0.02331	CLb  = 0.67828	CLs  = 0.03437
INFO: (function: getCLs) AsymptoticLimits.cc: 343 -- At r = 0.050639:	q_mu = 1.52142	q_A  = 3.10972	CLsb = 0.10870	CLb  = 0.70194	CLs  = 0.15486
INFO: (function: getCLs) AsymptoticLimits.cc: 343 -- At r = 0.069389:	q_mu = 2.69589	q_A  = 4.55571	CLsb = 0.05030	CLb  = 0.68881	CLs  = 0.07303
INFO: (function: getCLs) AsymptoticLimits.cc: 343 -- At r = 0.076929:	q_mu = 3.19635	q_A  = 5.14275	CLsb = 0.03690	CLb  = 0.68436	CLs  = 0.05392
INFO: (function: getCLs) AsymptoticLimits.cc: 343 -- At r = 0.080675:	q_mu = 3.44912	q_A  = 5.43438	CLsb = 0.03164	CLb  = 0.68225	CLs  = 0.04638
INFO: (function: getCLs) AsymptoticLimits.cc: 343 -- At r = 0.078431:	q_mu = 3.29738	q_A  = 5.25968	CLsb = 0.03470	CLb  = 0.68351	CLs  = 0.05076
INFO: (function: getCLs) AsymptoticLimits.cc: 343 -- At r = 0.079180:	q_mu = 3.34794	q_A  = 5.31800	CLsb = 0.03364	CLb  = 0.68308	CLs  = 0.04925
INFO: (function: getCLs) AsymptoticLimits.cc: 343 -- At r = 0.078731:	q_mu = 3.31763	q_A  = 5.28306	CLsb = 0.03427	CLb  = 0.68334	CLs  = 0.05015
