INFO: (function: improveOnce) CascadeMinimizer.cc: 188 -- Minimisation configured with Type=Minuit2, Algo=Migrad, strategy=0, tolerance=0.1
INFO: (function: improveOnce) CascadeMinimizer.cc: 211 -- Minimisation finished with status=0
INFO: (function: improveOnce) CascadeMinimizer.cc: 216 -- Minimization success! status=0
INFO: (function: generateAsimov) ToyMCSamplerOpt.cc: 139 -- Using internal logic for binned/unbinned Asimov dataset generation
INFO: (function: generateWithHisto) ToyMCSamplerOpt.cc: 214 -- Generating asimov with histogram for pdf pdf_binfail_LOW_obsOnly: in 5 x-bins
INFO: (function: generateWithHisto) ToyMCSamplerOpt.cc: 215 -- , in 1 y-bins
INFO: (function: generateAsimov) ToyMCSamplerOpt.cc: 139 -- Using internal logic for binned/unbinned Asimov dataset generation
INFO: (function: generateWithHisto) ToyMCSamplerOpt.cc: 214 -- Generating asimov with histogram for pdf pdf_binfail_SIG_obsOnly: in 4 x-bins
INFO: (function: generateWithHisto) ToyMCSamplerOpt.cc: 215 -- , in 1 y-bins
INFO: (function: generateAsimov) ToyMCSamplerOpt.cc: 139 -- Using internal logic for binned/unbinned Asimov dataset generation
INFO: (function: generateWithHisto) ToyMCSamplerOpt.cc: 214 -- Generating asimov with histogram for pdf pdf_binpass_LOW_obsOnly: in 5 x-bins
INFO: (function: generateWithHisto) ToyMCSamplerOpt.cc: 215 -- , in 1 y-bins
INFO: (function: generateAsimov) ToyMCSamplerOpt.cc: 139 -- Using internal logic for binned/unbinned Asimov dataset generation
INFO: (function: generateWithHisto) ToyMCSamplerOpt.cc: 214 -- Generating asimov with histogram for pdf pdf_binpass_SIG_obsOnly: in 4 x-bins
INFO: (function: generateWithHisto) ToyMCSamplerOpt.cc: 215 -- , in 1 y-bins
INFO: (function: runLimitExpected) AsymptoticLimits.cc: 436 -- Median for expected limits = 0.00146484 (Sigma for expected limits = 0.000747383)
INFO: (function: runLimit) AsymptoticLimits.cc: 193 -- NLL at global minimum of data = -81058 (r=0.000291178)
INFO: (function: runLimit) AsymptoticLimits.cc: 213 -- NLL at global minimum of asimov = -81063.9 (r=2.90878e-13)
INFO: (function: getCLs) AsymptoticLimits.cc: 343 -- At r = 1.200291:	q_mu = 235.94338	q_A  = 241.70931	CLsb = 0.00000	CLb  = 0.57400	CLs  = 0.00000
INFO: (function: getCLs) AsymptoticLimits.cc: 343 -- At r = 0.600291:	q_mu = 140.48318	q_A  = 145.51841	CLsb = 0.00000	CLb  = 0.58338	CLs  = 0.00000
INFO: (function: getCLs) AsymptoticLimits.cc: 343 -- At r = 0.300291:	q_mu = 92.03406	q_A  = 96.30805	CLsb = 0.00000	CLb  = 0.58715	CLs  = 0.00000
INFO: (function: getCLs) AsymptoticLimits.cc: 343 -- At r = 0.150291:	q_mu = 67.56827	q_A  = 71.25025	CLsb = 0.00000	CLb  = 0.58745	CLs  = 0.00000
INFO: (function: getCLs) AsymptoticLimits.cc: 343 -- At r = 0.075291:	q_mu = 49.69622	q_A  = 53.18684	CLsb = 0.00000	CLb  = 0.59614	CLs  = 0.00000
INFO: (function: getCLs) AsymptoticLimits.cc: 343 -- At r = 0.037791:	q_mu = 35.03060	q_A  = 38.30321	CLsb = 0.00000	CLb  = 0.60653	CLs  = 0.00000
INFO: (function: getCLs) AsymptoticLimits.cc: 343 -- At r = 0.019041:	q_mu = 23.40838	q_A  = 26.43139	CLsb = 0.00000	CLb  = 0.61903	CLs  = 0.00000
INFO: (function: getCLs) AsymptoticLimits.cc: 343 -- At r = 0.009666:	q_mu = 14.61396	q_A  = 17.34990	CLsb = 0.00007	CLb  = 0.63401	CLs  = 0.00010
INFO: (function: getCLs) AsymptoticLimits.cc: 343 -- At r = 0.004979:	q_mu = 8.37147	q_A  = 10.77873	CLsb = 0.00191	CLb  = 0.65164	CLs  = 0.00292
INFO: (function: getCLs) AsymptoticLimits.cc: 343 -- At r = 0.002635:	q_mu = 4.30683	q_A  = 6.34854	CLsb = 0.01898	CLb  = 0.67160	CLs  = 0.02826
INFO: (function: getCLs) AsymptoticLimits.cc: 343 -- At r = 0.001463:	q_mu = 1.94738	q_A  = 3.60520	CLsb = 0.08143	CLb  = 0.69261	CLs  = 0.11758
INFO: (function: getCLs) AsymptoticLimits.cc: 343 -- At r = 0.002025:	q_mu = 3.10270	q_A  = 4.97800	CLsb = 0.03908	CLb  = 0.68071	CLs  = 0.05741
INFO: (function: getCLs) AsymptoticLimits.cc: 343 -- At r = 0.002242:	q_mu = 3.53829	q_A  = 5.47906	CLsb = 0.02998	CLb  = 0.67714	CLs  = 0.04428
