INFO: (function: improveOnce) CascadeMinimizer.cc: 188 -- Minimisation configured with Type=Minuit2, Algo=Migrad, strategy=0, tolerance=0.1
INFO: (function: improveOnce) CascadeMinimizer.cc: 211 -- Minimisation finished with status=0
INFO: (function: improveOnce) CascadeMinimizer.cc: 216 -- Minimization success! status=0
INFO: (function: generateAsimov) ToyMCSamplerOpt.cc: 139 -- Using internal logic for binned/unbinned Asimov dataset generation
INFO: (function: generateWithHisto) ToyMCSamplerOpt.cc: 214 -- Generating asimov with histogram for pdf pdf_binfail_LOW_obsOnly: in 5 x-bins
INFO: (function: generateWithHisto) ToyMCSamplerOpt.cc: 215 -- , in 1 y-bins
INFO: (function: generateAsimov) ToyMCSamplerOpt.cc: 139 -- Using internal logic for binned/unbinned Asimov dataset generation
INFO: (function: generateWithHisto) ToyMCSamplerOpt.cc: 214 -- Generating asimov with histogram for pdf pdf_binfail_SIG_obsOnly: in 8 x-bins
INFO: (function: generateWithHisto) ToyMCSamplerOpt.cc: 215 -- , in 1 y-bins
INFO: (function: generateAsimov) ToyMCSamplerOpt.cc: 139 -- Using internal logic for binned/unbinned Asimov dataset generation
INFO: (function: generateWithHisto) ToyMCSamplerOpt.cc: 214 -- Generating asimov with histogram for pdf pdf_binpass_LOW_obsOnly: in 5 x-bins
INFO: (function: generateWithHisto) ToyMCSamplerOpt.cc: 215 -- , in 1 y-bins
INFO: (function: generateAsimov) ToyMCSamplerOpt.cc: 139 -- Using internal logic for binned/unbinned Asimov dataset generation
INFO: (function: generateWithHisto) ToyMCSamplerOpt.cc: 214 -- Generating asimov with histogram for pdf pdf_binpass_SIG_obsOnly: in 8 x-bins
INFO: (function: generateWithHisto) ToyMCSamplerOpt.cc: 215 -- , in 1 y-bins
INFO: (function: runLimitExpected) AsymptoticLimits.cc: 436 -- Median for expected limits = 0.0839844 (Sigma for expected limits = 0.04285)
INFO: (function: runLimit) AsymptoticLimits.cc: 193 -- NLL at global minimum of data = -737515 (r=9.26744e-08)
INFO: (function: runLimit) AsymptoticLimits.cc: 213 -- NLL at global minimum of asimov = -737503 (r=2.65343e-13)
INFO: (function: getCLs) AsymptoticLimits.cc: 343 -- At r = 1.200000:	q_mu = 26.74441	q_A  = 24.82439	CLsb = 0.00000	CLb  = 0.42361	CLs  = 0.00000
INFO: (function: getCLs) AsymptoticLimits.cc: 343 -- At r = 0.600000:	q_mu = 18.57263	q_A  = 16.75072	CLsb = 0.00001	CLb  = 0.41193	CLs  = 0.00002
INFO: (function: getCLs) AsymptoticLimits.cc: 343 -- At r = 0.300000:	q_mu = 12.30616	q_A  = 10.65960	CLsb = 0.00022	CLb  = 0.40046	CLs  = 0.00054
INFO: (function: getCLs) AsymptoticLimits.cc: 343 -- At r = 0.150000:	q_mu = 7.75281	q_A  = 6.33047	CLsb = 0.00257	CLb  = 0.38872	CLs  = 0.00660
INFO: (function: getCLs) AsymptoticLimits.cc: 343 -- At r = 0.075000:	q_mu = 4.62680	q_A  = 3.46269	CLsb = 0.01487	CLb  = 0.37722	CLs  = 0.03941
INFO: (function: getCLs) AsymptoticLimits.cc: 343 -- At r = 0.037500:	q_mu = 2.62860	q_A  = 1.73678	CLsb = 0.04884	CLb  = 0.36755	CLs  = 0.13288
INFO: (function: getCLs) AsymptoticLimits.cc: 343 -- At r = 0.061626:	q_mu = 3.95914	q_A  = 2.87262	CLsb = 0.02193	CLb  = 0.37428	CLs  = 0.05859
INFO: (function: getCLs) AsymptoticLimits.cc: 343 -- At r = 0.068580:	q_mu = 4.31173	q_A  = 3.18282	CLsb = 0.01785	CLb  = 0.37585	CLs  = 0.04748
INFO: (function: getCLs) AsymptoticLimits.cc: 343 -- At r = 0.065821:	q_mu = 4.17327	q_A  = 3.06057	CLsb = 0.01935	CLb  = 0.37524	CLs  = 0.05155
INFO: (function: getCLs) AsymptoticLimits.cc: 343 -- At r = 0.067194:	q_mu = 4.24239	q_A  = 3.12152	CLsb = 0.01858	CLb  = 0.37554	CLs  = 0.04948
INFO: (function: getCLs) AsymptoticLimits.cc: 343 -- At r = 0.066638:	q_mu = 4.21447	q_A  = 3.09689	CLsb = 0.01889	CLb  = 0.37542	CLs  = 0.05031
INFO: (function: getCLs) AsymptoticLimits.cc: 343 -- At r = 0.066912:	q_mu = 4.22827	q_A  = 3.10905	CLsb = 0.01873	CLb  = 0.37548	CLs  = 0.04989
