INFO: (function: improveOnce) CascadeMinimizer.cc: 188 -- Minimisation configured with Type=Minuit2, Algo=Migrad, strategy=0, tolerance=0.1
INFO: (function: improveOnce) CascadeMinimizer.cc: 211 -- Minimisation finished with status=0
INFO: (function: improveOnce) CascadeMinimizer.cc: 216 -- Minimization success! status=0
INFO: (function: generateAsimov) ToyMCSamplerOpt.cc: 139 -- Using internal logic for binned/unbinned Asimov dataset generation
INFO: (function: generateWithHisto) ToyMCSamplerOpt.cc: 214 -- Generating asimov with histogram for pdf pdf_binfail_LOW_obsOnly: in 6 x-bins
INFO: (function: generateWithHisto) ToyMCSamplerOpt.cc: 215 -- , in 1 y-bins
INFO: (function: generateAsimov) ToyMCSamplerOpt.cc: 139 -- Using internal logic for binned/unbinned Asimov dataset generation
INFO: (function: generateWithHisto) ToyMCSamplerOpt.cc: 214 -- Generating asimov with histogram for pdf pdf_binfail_SIG_obsOnly: in 2 x-bins
INFO: (function: generateWithHisto) ToyMCSamplerOpt.cc: 215 -- , in 1 y-bins
INFO: (function: generateAsimov) ToyMCSamplerOpt.cc: 139 -- Using internal logic for binned/unbinned Asimov dataset generation
INFO: (function: generateWithHisto) ToyMCSamplerOpt.cc: 214 -- Generating asimov with histogram for pdf pdf_binpass_LOW_obsOnly: in 6 x-bins
INFO: (function: generateWithHisto) ToyMCSamplerOpt.cc: 215 -- , in 1 y-bins
INFO: (function: generateAsimov) ToyMCSamplerOpt.cc: 139 -- Using internal logic for binned/unbinned Asimov dataset generation
INFO: (function: generateWithHisto) ToyMCSamplerOpt.cc: 214 -- Generating asimov with histogram for pdf pdf_binpass_SIG_obsOnly: in 2 x-bins
INFO: (function: generateWithHisto) ToyMCSamplerOpt.cc: 215 -- , in 1 y-bins
INFO: (function: runLimitExpected) AsymptoticLimits.cc: 436 -- Median for expected limits = 21.0625 (Sigma for expected limits = 10.7464)
INFO: (function: runLimit) AsymptoticLimits.cc: 193 -- NLL at global minimum of data = -11000.6 (r=9.53436)
INFO: (function: runLimit) AsymptoticLimits.cc: 213 -- NLL at global minimum of asimov = -11003.7 (r=0.0423789)
INFO: (function: getCLs) AsymptoticLimits.cc: 343 -- At r = 34.384032:	q_mu = 2.50686	q_A  = 6.31739	CLsb = 0.05668	CLb  = 0.82385	CLs  = 0.06879
INFO: (function: getCLs) AsymptoticLimits.cc: 343 -- At r = 68.768063:	q_mu = 6.78479	q_A  = 11.62973	CLsb = 0.00460	CLb  = 0.78973	CLs  = 0.00582
INFO: (function: getCLs) AsymptoticLimits.cc: 343 -- At r = 39.151211:	q_mu = 3.11998	q_A  = 7.13889	CLsb = 0.03867	CLb  = 0.81741	CLs  = 0.04731
INFO: (function: getCLs) AsymptoticLimits.cc: 343 -- At r = 24.342786:	q_mu = 1.24963	q_A  = 4.47719	CLsb = 0.13181	CLb  = 0.84088	CLs  = 0.15676
INFO: (function: getCLs) AsymptoticLimits.cc: 343 -- At r = 31.746998:	q_mu = 2.16974	q_A  = 5.84875	CLsb = 0.07037	CLb  = 0.82778	CLs  = 0.08502
INFO: (function: getCLs) AsymptoticLimits.cc: 343 -- At r = 37.110887:	q_mu = 2.85735	q_A  = 6.79120	CLsb = 0.04548	CLb  = 0.82007	CLs  = 0.05546
INFO: (function: getCLs) AsymptoticLimits.cc: 343 -- At r = 38.174589:	q_mu = 2.99436	q_A  = 6.97319	CLsb = 0.04178	CLb  = 0.81866	CLs  = 0.05103
INFO: (function: getCLs) AsymptoticLimits.cc: 343 -- At r = 38.580449:	q_mu = 3.04658	q_A  = 7.04220	CLsb = 0.04045	CLb  = 0.81813	CLs  = 0.04945
INFO: (function: getCLs) AsymptoticLimits.cc: 343 -- At r = 38.384722:	q_mu = 3.02140	q_A  = 7.00895	CLsb = 0.04109	CLb  = 0.81838	CLs  = 0.05020
INFO: (function: getCLs) AsymptoticLimits.cc: 343 -- At r = 38.465827:	q_mu = 3.03184	q_A  = 7.02273	CLsb = 0.04082	CLb  = 0.81828	CLs  = 0.04989
