INFO: (function: improveOnce) CascadeMinimizer.cc: 188 -- Minimisation configured with Type=Minuit2, Algo=Migrad, strategy=0, tolerance=0.1
INFO: (function: improveOnce) CascadeMinimizer.cc: 211 -- Minimisation finished with status=0
INFO: (function: improveOnce) CascadeMinimizer.cc: 216 -- Minimization success! status=0
INFO: (function: generateAsimov) ToyMCSamplerOpt.cc: 139 -- Using internal logic for binned/unbinned Asimov dataset generation
INFO: (function: generateWithHisto) ToyMCSamplerOpt.cc: 214 -- Generating asimov with histogram for pdf pdf_binfail_LOW_obsOnly: in 5 x-bins
INFO: (function: generateWithHisto) ToyMCSamplerOpt.cc: 215 -- , in 1 y-bins
INFO: (function: generateAsimov) ToyMCSamplerOpt.cc: 139 -- Using internal logic for binned/unbinned Asimov dataset generation
INFO: (function: generateWithHisto) ToyMCSamplerOpt.cc: 214 -- Generating asimov with histogram for pdf pdf_binfail_SIG_obsOnly: in 4 x-bins
INFO: (function: generateWithHisto) ToyMCSamplerOpt.cc: 215 -- , in 1 y-bins
INFO: (function: generateAsimov) ToyMCSamplerOpt.cc: 139 -- Using internal logic for binned/unbinned Asimov dataset generation
INFO: (function: generateWithHisto) ToyMCSamplerOpt.cc: 214 -- Generating asimov with histogram for pdf pdf_binpass_LOW_obsOnly: in 5 x-bins
INFO: (function: generateWithHisto) ToyMCSamplerOpt.cc: 215 -- , in 1 y-bins
INFO: (function: generateAsimov) ToyMCSamplerOpt.cc: 139 -- Using internal logic for binned/unbinned Asimov dataset generation
INFO: (function: generateWithHisto) ToyMCSamplerOpt.cc: 214 -- Generating asimov with histogram for pdf pdf_binpass_SIG_obsOnly: in 4 x-bins
INFO: (function: generateWithHisto) ToyMCSamplerOpt.cc: 215 -- , in 1 y-bins
INFO: (function: runLimitExpected) AsymptoticLimits.cc: 436 -- Median for expected limits = 9.375 (Sigma for expected limits = 4.78325)
INFO: (function: runLimit) AsymptoticLimits.cc: 193 -- NLL at global minimum of data = -76464.6 (r=1.70554)
INFO: (function: runLimit) AsymptoticLimits.cc: 213 -- NLL at global minimum of asimov = -76466.5 (r=0.0529169)
INFO: (function: getCLs) AsymptoticLimits.cc: 343 -- At r = 10.254530:	q_mu = 2.45802	q_A  = 4.19831	CLsb = 0.05846	CLb  = 0.68480	CLs  = 0.08537
INFO: (function: getCLs) AsymptoticLimits.cc: 343 -- At r = 20.509060:	q_mu = 5.64842	q_A  = 7.80254	CLsb = 0.00874	CLb  = 0.66154	CLs  = 0.01320
INFO: (function: getCLs) AsymptoticLimits.cc: 343 -- At r = 11.107298:	q_mu = 2.74265	q_A  = 4.53372	CLsb = 0.04885	CLb  = 0.68195	CLs  = 0.07163
INFO: (function: getCLs) AsymptoticLimits.cc: 343 -- At r = 15.808179:	q_mu = 4.25143	q_A  = 6.25727	CLsb = 0.01961	CLb  = 0.66987	CLs  = 0.02927
INFO: (function: getCLs) AsymptoticLimits.cc: 343 -- At r = 13.558402:	q_mu = 3.54307	q_A  = 5.45742	CLsb = 0.02990	CLb  = 0.67502	CLs  = 0.04429
INFO: (function: getCLs) AsymptoticLimits.cc: 343 -- At r = 12.573734:	q_mu = 3.22495	q_A  = 5.09328	CLsb = 0.03626	CLb  = 0.67761	CLs  = 0.05351
INFO: (function: getCLs) AsymptoticLimits.cc: 343 -- At r = 13.053572:	q_mu = 3.38057	q_A  = 5.27185	CLsb = 0.03298	CLb  = 0.67632	CLs  = 0.04877
INFO: (function: getCLs) AsymptoticLimits.cc: 343 -- At r = 12.854694:	q_mu = 3.31621	q_A  = 5.19810	CLsb = 0.03430	CLb  = 0.67684	CLs  = 0.05068
INFO: (function: getCLs) AsymptoticLimits.cc: 343 -- At r = 12.950258:	q_mu = 3.34716	q_A  = 5.23358	CLsb = 0.03366	CLb  = 0.67659	CLs  = 0.04975
INFO: (function: getCLs) AsymptoticLimits.cc: 343 -- At r = 12.910405:	q_mu = 3.33425	q_A  = 5.21880	CLsb = 0.03393	CLb  = 0.67669	CLs  = 0.05013
