INFO: (function: improveOnce) CascadeMinimizer.cc: 188 -- Minimisation configured with Type=Minuit2, Algo=Migrad, strategy=0, tolerance=0.1
INFO: (function: improveOnce) CascadeMinimizer.cc: 211 -- Minimisation finished with status=0
INFO: (function: improveOnce) CascadeMinimizer.cc: 216 -- Minimization success! status=0
INFO: (function: generateAsimov) ToyMCSamplerOpt.cc: 139 -- Using internal logic for binned/unbinned Asimov dataset generation
INFO: (function: generateWithHisto) ToyMCSamplerOpt.cc: 214 -- Generating asimov with histogram for pdf pdf_binfail_LOW_obsOnly: in 5 x-bins
INFO: (function: generateWithHisto) ToyMCSamplerOpt.cc: 215 -- , in 1 y-bins
INFO: (function: generateAsimov) ToyMCSamplerOpt.cc: 139 -- Using internal logic for binned/unbinned Asimov dataset generation
INFO: (function: generateWithHisto) ToyMCSamplerOpt.cc: 214 -- Generating asimov with histogram for pdf pdf_binfail_SIG_obsOnly: in 4 x-bins
INFO: (function: generateWithHisto) ToyMCSamplerOpt.cc: 215 -- , in 1 y-bins
INFO: (function: generateAsimov) ToyMCSamplerOpt.cc: 139 -- Using internal logic for binned/unbinned Asimov dataset generation
INFO: (function: generateWithHisto) ToyMCSamplerOpt.cc: 214 -- Generating asimov with histogram for pdf pdf_binpass_LOW_obsOnly: in 5 x-bins
INFO: (function: generateWithHisto) ToyMCSamplerOpt.cc: 215 -- , in 1 y-bins
INFO: (function: generateAsimov) ToyMCSamplerOpt.cc: 139 -- Using internal logic for binned/unbinned Asimov dataset generation
INFO: (function: generateWithHisto) ToyMCSamplerOpt.cc: 214 -- Generating asimov with histogram for pdf pdf_binpass_SIG_obsOnly: in 4 x-bins
INFO: (function: generateWithHisto) ToyMCSamplerOpt.cc: 215 -- , in 1 y-bins
INFO: (function: runLimitExpected) AsymptoticLimits.cc: 436 -- Median for expected limits = 0.0727539 (Sigma for expected limits = 0.03712)
INFO: (function: runLimit) AsymptoticLimits.cc: 193 -- NLL at global minimum of data = -73270.6 (r=0.00917921)
INFO: (function: runLimit) AsymptoticLimits.cc: 213 -- NLL at global minimum of asimov = -73281.5 (r=0.000585144)
INFO: (function: getCLs) AsymptoticLimits.cc: 343 -- At r = 1.209179:	q_mu = 168.11527	q_A  = 159.78349	CLsb = 0.00000	CLb  = 0.37086	CLs  = 0.00000
INFO: (function: getCLs) AsymptoticLimits.cc: 343 -- At r = 0.609179:	q_mu = 77.14560	q_A  = 71.10730	CLsb = 0.00000	CLb  = 0.36016	CLs  = 0.00000
INFO: (function: getCLs) AsymptoticLimits.cc: 343 -- At r = 0.309179:	q_mu = 33.93791	q_A  = 30.56928	CLsb = 0.00000	CLb  = 0.38032	CLs  = 0.00000
INFO: (function: getCLs) AsymptoticLimits.cc: 343 -- At r = 0.159179:	q_mu = 13.46283	q_A  = 12.14346	CLsb = 0.00012	CLb  = 0.42493	CLs  = 0.00028
INFO: (function: getCLs) AsymptoticLimits.cc: 343 -- At r = 0.084179:	q_mu = 4.59953	q_A  = 4.67717	CLsb = 0.01599	CLb  = 0.50719	CLs  = 0.03153
INFO: (function: getCLs) AsymptoticLimits.cc: 343 -- At r = 0.046679:	q_mu = 1.60766	q_A  = 2.05384	CLsb = 0.10241	CLb  = 0.56560	CLs  = 0.18106
INFO: (function: getCLs) AsymptoticLimits.cc: 343 -- At r = 0.065429:	q_mu = 2.96389	q_A  = 3.31148	CLsb = 0.04257	CLb  = 0.53909	CLs  = 0.07897
INFO: (function: getCLs) AsymptoticLimits.cc: 343 -- At r = 0.076645:	q_mu = 3.89830	q_A  = 4.11748	CLsb = 0.02417	CLb  = 0.52183	CLs  = 0.04631
INFO: (function: getCLs) AsymptoticLimits.cc: 343 -- At r = 0.073114:	q_mu = 3.58844	q_A  = 3.86027	CLsb = 0.02909	CLb  = 0.52808	CLs  = 0.05509
INFO: (function: getCLs) AsymptoticLimits.cc: 343 -- At r = 0.074692:	q_mu = 3.72541	q_A  = 3.97464	CLsb = 0.02680	CLb  = 0.52532	CLs  = 0.05101
INFO: (function: getCLs) AsymptoticLimits.cc: 343 -- At r = 0.075406:	q_mu = 3.78799	q_A  = 4.02670	CLsb = 0.02581	CLb  = 0.52408	CLs  = 0.04925
INFO: (function: getCLs) AsymptoticLimits.cc: 343 -- At r = 0.075017:	q_mu = 3.75390	q_A  = 3.99833	CLsb = 0.02634	CLb  = 0.52475	CLs  = 0.05020
