INFO: (function: improveOnce) CascadeMinimizer.cc: 188 -- Minimisation configured with Type=Minuit2, Algo=Migrad, strategy=0, tolerance=0.1
INFO: (function: improveOnce) CascadeMinimizer.cc: 211 -- Minimisation finished with status=0
INFO: (function: improveOnce) CascadeMinimizer.cc: 216 -- Minimization success! status=0
INFO: (function: improveOnce) CascadeMinimizer.cc: 188 -- Minimisation configured with Type=Minuit2, Algo=Migrad, strategy=0, tolerance=0.1
INFO: (function: improveOnce) CascadeMinimizer.cc: 211 -- Minimisation finished with status=0
INFO: (function: improveOnce) CascadeMinimizer.cc: 216 -- Minimization success! status=0
INFO: (function: improveOnce) CascadeMinimizer.cc: 188 -- Minimisation configured with Type=Minuit2, Algo=Migrad, strategy=0, tolerance=0.1
INFO: (function: improveOnce) CascadeMinimizer.cc: 211 -- Minimisation finished with status=0
INFO: (function: improveOnce) CascadeMinimizer.cc: 216 -- Minimization success! status=0
INFO: (function: anyParameterAtBoundaries) utils.cc: 1039 -- Found parameter Background_fail_SIG_bin_4-1 at boundary (within ~1sigma): 0.243361+/-0.468966
INFO: (function: anyParameterAtBoundaries) utils.cc: 1039 -- Found parameter Background_fail_SIG_bin_5-1 at boundary (within ~1sigma): 0.0749503+/-0.266359
INFO: (function: anyParameterAtBoundaries) utils.cc: 1039 -- Found parameter Background_fail_SIG_bin_6-1 at boundary (within ~1sigma): 0.0339167+/-0.222205
INFO: (function: minimize) CascadeMinimizer.cc: 480 -- After fit, some parameters are found at the boundary (within ~1sigma)
INFO: (function: improveOnce) CascadeMinimizer.cc: 188 -- Minimisation configured with Type=Minuit2, Algo=Migrad, strategy=0, tolerance=0.1
INFO: (function: improveOnce) CascadeMinimizer.cc: 211 -- Minimisation finished with status=0
INFO: (function: improveOnce) CascadeMinimizer.cc: 216 -- Minimization success! status=0
DEBUG: (function: runSpecific) FitDiagnostics.cc: 318 -- Fit B-only, status = 0, numBadNLL = 0, covariance quality = -1
INFO: (function: improveOnce) CascadeMinimizer.cc: 188 -- Minimisation configured with Type=Minuit2, Algo=Migrad, strategy=0, tolerance=0.1
INFO: (function: improveOnce) CascadeMinimizer.cc: 211 -- Minimisation finished with status=0
INFO: (function: improveOnce) CascadeMinimizer.cc: 216 -- Minimization success! status=0
INFO: (function: anyParameterAtBoundaries) utils.cc: 1039 -- Found parameter Background_fail_SIG_bin_4-1 at boundary (within ~1sigma): 0.20081+/-0.527436
INFO: (function: anyParameterAtBoundaries) utils.cc: 1039 -- Found parameter Background_fail_SIG_bin_5-1 at boundary (within ~1sigma): 0.0452658+/-0.511961
INFO: (function: anyParameterAtBoundaries) utils.cc: 1039 -- Found parameter Background_fail_SIG_bin_6-1 at boundary (within ~1sigma): 2.75898e-05+/-0.54076
INFO: (function: minimize) CascadeMinimizer.cc: 480 -- After fit, some parameters are found at the boundary (within ~1sigma)
INFO: (function: improveOnce) CascadeMinimizer.cc: 188 -- Minimisation configured with Type=Minuit2, Algo=Migrad, strategy=0, tolerance=0.1
INFO: (function: improveOnce) CascadeMinimizer.cc: 211 -- Minimisation finished with status=0
INFO: (function: improveOnce) CascadeMinimizer.cc: 216 -- Minimization success! status=0
INFO: (function: doFit) FitterAlgoBase.cc: 343 -- Running Minos for POI r
DEBUG: (function: runSpecific) FitDiagnostics.cc: 443 -- Fit S+B, status = 0, numBadNLL = 0, covariance quality = -1
