INFO: (function: improveOnce) CascadeMinimizer.cc: 188 -- Minimisation configured with Type=Minuit2, Algo=Migrad, strategy=0, tolerance=0.1
INFO: (function: improveOnce) CascadeMinimizer.cc: 211 -- Minimisation finished with status=0
INFO: (function: improveOnce) CascadeMinimizer.cc: 216 -- Minimization success! status=0
INFO: (function: generateAsimov) ToyMCSamplerOpt.cc: 139 -- Using internal logic for binned/unbinned Asimov dataset generation
INFO: (function: generateWithHisto) ToyMCSamplerOpt.cc: 214 -- Generating asimov with histogram for pdf pdf_binfail_LOW_obsOnly: in 6 x-bins
INFO: (function: generateWithHisto) ToyMCSamplerOpt.cc: 215 -- , in 1 y-bins
INFO: (function: generateAsimov) ToyMCSamplerOpt.cc: 139 -- Using internal logic for binned/unbinned Asimov dataset generation
INFO: (function: generateWithHisto) ToyMCSamplerOpt.cc: 214 -- Generating asimov with histogram for pdf pdf_binfail_SIG_obsOnly: in 8 x-bins
INFO: (function: generateWithHisto) ToyMCSamplerOpt.cc: 215 -- , in 1 y-bins
INFO: (function: generateAsimov) ToyMCSamplerOpt.cc: 139 -- Using internal logic for binned/unbinned Asimov dataset generation
INFO: (function: generateWithHisto) ToyMCSamplerOpt.cc: 214 -- Generating asimov with histogram for pdf pdf_binpass_LOW_obsOnly: in 6 x-bins
INFO: (function: generateWithHisto) ToyMCSamplerOpt.cc: 215 -- , in 1 y-bins
INFO: (function: generateAsimov) ToyMCSamplerOpt.cc: 139 -- Using internal logic for binned/unbinned Asimov dataset generation
INFO: (function: generateWithHisto) ToyMCSamplerOpt.cc: 214 -- Generating asimov with histogram for pdf pdf_binpass_SIG_obsOnly: in 8 x-bins
INFO: (function: generateWithHisto) ToyMCSamplerOpt.cc: 215 -- , in 1 y-bins
INFO: (function: runLimitExpected) AsymptoticLimits.cc: 436 -- Median for expected limits = 0.0541992 (Sigma for expected limits = 0.0276532)
INFO: (function: runLimit) AsymptoticLimits.cc: 193 -- NLL at global minimum of data = -777317 (r=2.57561e-08)
INFO: (function: runLimit) AsymptoticLimits.cc: 213 -- NLL at global minimum of asimov = -777299 (r=8.99281e-14)
INFO: (function: getCLs) AsymptoticLimits.cc: 343 -- At r = 1.200000:	q_mu = 40.77958	q_A  = 37.91227	CLsb = 0.00000	CLb  = 0.40794	CLs  = 0.00000
INFO: (function: getCLs) AsymptoticLimits.cc: 343 -- At r = 0.600000:	q_mu = 28.26159	q_A  = 25.66124	CLsb = 0.00000	CLb  = 0.39872	CLs  = 0.00000
INFO: (function: getCLs) AsymptoticLimits.cc: 343 -- At r = 0.300000:	q_mu = 18.72071	q_A  = 16.42167	CLsb = 0.00001	CLb  = 0.38833	CLs  = 0.00002
INFO: (function: getCLs) AsymptoticLimits.cc: 343 -- At r = 0.150000:	q_mu = 11.79175	q_A  = 9.83342	CLsb = 0.00028	CLb  = 0.37743	CLs  = 0.00075
INFO: (function: getCLs) AsymptoticLimits.cc: 343 -- At r = 0.075000:	q_mu = 7.04162	q_A  = 5.45959	CLsb = 0.00374	CLb  = 0.36748	CLs  = 0.01016
INFO: (function: getCLs) AsymptoticLimits.cc: 343 -- At r = 0.037500:	q_mu = 3.73141	q_A  = 2.55495	CLsb = 0.02462	CLb  = 0.35643	CLs  = 0.06909
INFO: (function: getCLs) AsymptoticLimits.cc: 343 -- At r = 0.056250:	q_mu = 5.41705	q_A  = 3.99268	CLsb = 0.00927	CLb  = 0.36076	CLs  = 0.02570
INFO: (function: getCLs) AsymptoticLimits.cc: 343 -- At r = 0.046155:	q_mu = 4.52107	q_A  = 3.22114	CLsb = 0.01551	CLb  = 0.35862	CLs  = 0.04324
INFO: (function: getCLs) AsymptoticLimits.cc: 343 -- At r = 0.042277:	q_mu = 4.16960	q_A  = 2.92286	CLsb = 0.01903	CLb  = 0.35770	CLs  = 0.05319
INFO: (function: getCLs) AsymptoticLimits.cc: 343 -- At r = 0.043980:	q_mu = 4.32437	q_A  = 3.05394	CLsb = 0.01738	CLb  = 0.35812	CLs  = 0.04854
INFO: (function: getCLs) AsymptoticLimits.cc: 343 -- At r = 0.043199:	q_mu = 4.25349	q_A  = 2.99385	CLsb = 0.01812	CLb  = 0.35793	CLs  = 0.05062
INFO: (function: getCLs) AsymptoticLimits.cc: 343 -- At r = 0.043539:	q_mu = 4.28434	q_A  = 3.01998	CLsb = 0.01779	CLb  = 0.35801	CLs  = 0.04970
