INFO: (function: improveOnce) CascadeMinimizer.cc: 188 -- Minimisation configured with Type=Minuit2, Algo=Migrad, strategy=0, tolerance=0.1
INFO: (function: improveOnce) CascadeMinimizer.cc: 211 -- Minimisation finished with status=0
INFO: (function: improveOnce) CascadeMinimizer.cc: 216 -- Minimization success! status=0
INFO: (function: generateAsimov) ToyMCSamplerOpt.cc: 139 -- Using internal logic for binned/unbinned Asimov dataset generation
INFO: (function: generateWithHisto) ToyMCSamplerOpt.cc: 214 -- Generating asimov with histogram for pdf pdf_binfail_LOW_obsOnly: in 6 x-bins
INFO: (function: generateWithHisto) ToyMCSamplerOpt.cc: 215 -- , in 1 y-bins
INFO: (function: generateAsimov) ToyMCSamplerOpt.cc: 139 -- Using internal logic for binned/unbinned Asimov dataset generation
INFO: (function: generateWithHisto) ToyMCSamplerOpt.cc: 214 -- Generating asimov with histogram for pdf pdf_binfail_SIG_obsOnly: in 2 x-bins
INFO: (function: generateWithHisto) ToyMCSamplerOpt.cc: 215 -- , in 1 y-bins
INFO: (function: generateAsimov) ToyMCSamplerOpt.cc: 139 -- Using internal logic for binned/unbinned Asimov dataset generation
INFO: (function: generateWithHisto) ToyMCSamplerOpt.cc: 214 -- Generating asimov with histogram for pdf pdf_binpass_LOW_obsOnly: in 6 x-bins
INFO: (function: generateWithHisto) ToyMCSamplerOpt.cc: 215 -- , in 1 y-bins
INFO: (function: generateAsimov) ToyMCSamplerOpt.cc: 139 -- Using internal logic for binned/unbinned Asimov dataset generation
INFO: (function: generateWithHisto) ToyMCSamplerOpt.cc: 214 -- Generating asimov with histogram for pdf pdf_binpass_SIG_obsOnly: in 2 x-bins
INFO: (function: generateWithHisto) ToyMCSamplerOpt.cc: 215 -- , in 1 y-bins
INFO: (function: runLimitExpected) AsymptoticLimits.cc: 436 -- Median for expected limits = 0.0141602 (Sigma for expected limits = 0.0072247)
INFO: (function: runLimit) AsymptoticLimits.cc: 193 -- NLL at global minimum of data = -10819.1 (r=0.0142434)
INFO: (function: runLimit) AsymptoticLimits.cc: 213 -- NLL at global minimum of asimov = -11174 (r=1.19915e-06)
INFO: (function: getCLs) AsymptoticLimits.cc: 343 -- At r = 59.419160:	q_mu = 8678.91335	q_A  = 9356.85650	CLsb = 0.00000	CLb  = 0.99982	CLs  = 0.00000
INFO: (function: getCLs) AsymptoticLimits.cc: 343 -- At r = 29.716702:	q_mu = 3905.51319	q_A  = 4584.77061	CLsb = 0.00000	CLb  = 1.00000	CLs  = 0.00000
INFO: (function: getCLs) AsymptoticLimits.cc: 343 -- At r = 14.865473:	q_mu = 1614.70362	q_A  = 2290.99762	CLsb = 0.00000	CLb  = 1.00000	CLs  = 0.00000
INFO: (function: getCLs) AsymptoticLimits.cc: 343 -- At r = 7.439858:	q_mu = 505.74990	q_A  = 1178.88471	CLsb = 0.00000	CLb  = 1.00000	CLs  = 0.00000
INFO: (function: getCLs) AsymptoticLimits.cc: 343 -- At r = 3.727051:	q_mu = 0.00000	q_A  = 634.35165	CLsb = 0.50000	CLb  = 1.00000	CLs  = 0.50000
INFO: (function: getCLs) AsymptoticLimits.cc: 343 -- At r = 5.583454:	q_mu = 234.93001	q_A  = 907.14692	CLsb = 0.00000	CLb  = 1.00000	CLs  = 0.00000
INFO: (function: getCLs) AsymptoticLimits.cc: 343 -- At r = 4.655253:	q_mu = 100.36097	q_A  = 772.16413	CLsb = 0.00000	CLb  = 1.00000	CLs  = 0.00000
INFO: (function: getCLs) AsymptoticLimits.cc: 343 -- At r = 4.191152:	q_mu = 32.40228	q_A  = 703.86477	CLsb = 0.00000	CLb  = 1.00000	CLs  = 0.00000
INFO: (function: getCLs) AsymptoticLimits.cc: 343 -- At r = 3.959101:	q_mu = 0.00000	q_A  = 669.26155	CLsb = 0.50000	CLb  = 1.00000	CLs  = 0.50000
INFO: (function: getCLs) AsymptoticLimits.cc: 343 -- At r = 4.075126:	q_mu = 15.23386	q_A  = 686.60148	CLsb = 0.00005	CLb  = 1.00000	CLs  = 0.00005
INFO: (function: getCLs) AsymptoticLimits.cc: 343 -- At r = 4.017114:	q_mu = 6.62109	q_A  = 677.94118	CLsb = 0.00504	CLb  = 1.00000	CLs  = 0.00504
INFO: (function: getCLs) AsymptoticLimits.cc: 343 -- At r = 3.988107:	q_mu = 2.30745	q_A  = 673.60379	CLsb = 0.06438	CLb  = 1.00000	CLs  = 0.06438
INFO: (function: getCLs) AsymptoticLimits.cc: 343 -- At r = 4.002611:	q_mu = 4.46483	q_A  = 675.77307	CLsb = 0.01730	CLb  = 1.00000	CLs  = 0.01730
