INFO: (function: improveOnce) CascadeMinimizer.cc: 188 -- Minimisation configured with Type=Minuit2, Algo=Migrad, strategy=0, tolerance=0.1
INFO: (function: improveOnce) CascadeMinimizer.cc: 211 -- Minimisation finished with status=0
INFO: (function: improveOnce) CascadeMinimizer.cc: 216 -- Minimization success! status=0
INFO: (function: generateAsimov) ToyMCSamplerOpt.cc: 139 -- Using internal logic for binned/unbinned Asimov dataset generation
INFO: (function: generateWithHisto) ToyMCSamplerOpt.cc: 214 -- Generating asimov with histogram for pdf pdf_binfail_LOW_obsOnly: in 5 x-bins
INFO: (function: generateWithHisto) ToyMCSamplerOpt.cc: 215 -- , in 1 y-bins
INFO: (function: generateAsimov) ToyMCSamplerOpt.cc: 139 -- Using internal logic for binned/unbinned Asimov dataset generation
INFO: (function: generateWithHisto) ToyMCSamplerOpt.cc: 214 -- Generating asimov with histogram for pdf pdf_binfail_SIG_obsOnly: in 3 x-bins
INFO: (function: generateWithHisto) ToyMCSamplerOpt.cc: 215 -- , in 1 y-bins
INFO: (function: generateAsimov) ToyMCSamplerOpt.cc: 139 -- Using internal logic for binned/unbinned Asimov dataset generation
INFO: (function: generateWithHisto) ToyMCSamplerOpt.cc: 214 -- Generating asimov with histogram for pdf pdf_binpass_LOW_obsOnly: in 5 x-bins
INFO: (function: generateWithHisto) ToyMCSamplerOpt.cc: 215 -- , in 1 y-bins
INFO: (function: generateAsimov) ToyMCSamplerOpt.cc: 139 -- Using internal logic for binned/unbinned Asimov dataset generation
INFO: (function: generateWithHisto) ToyMCSamplerOpt.cc: 214 -- Generating asimov with histogram for pdf pdf_binpass_SIG_obsOnly: in 3 x-bins
INFO: (function: generateWithHisto) ToyMCSamplerOpt.cc: 215 -- , in 1 y-bins
INFO: (function: runLimitExpected) AsymptoticLimits.cc: 436 -- Median for expected limits = 1.03516 (Sigma for expected limits = 0.528151)
INFO: (function: runLimit) AsymptoticLimits.cc: 193 -- NLL at global minimum of data = -13818.7 (r=1.85591e-06)
INFO: (function: runLimit) AsymptoticLimits.cc: 213 -- NLL at global minimum of asimov = -13818.4 (r=7.99361e-14)
INFO: (function: getCLs) AsymptoticLimits.cc: 343 -- At r = 1.200002:	q_mu = 5.82470	q_A  = 4.55651	CLsb = 0.00752	CLb  = 0.38321	CLs  = 0.01961
INFO: (function: getCLs) AsymptoticLimits.cc: 343 -- At r = 0.600002:	q_mu = 2.98599	q_A  = 1.98063	CLsb = 0.03882	CLb  = 0.36048	CLs  = 0.10769
INFO: (function: getCLs) AsymptoticLimits.cc: 343 -- At r = 0.936234:	q_mu = 4.58911	q_A  = 3.41173	CLsb = 0.01516	CLb  = 0.37497	CLs  = 0.04044
INFO: (function: getCLs) AsymptoticLimits.cc: 343 -- At r = 0.810703:	q_mu = 3.99463	q_A  = 2.87246	CLsb = 0.02139	CLb  = 0.37030	CLs  = 0.05776
INFO: (function: getCLs) AsymptoticLimits.cc: 343 -- At r = 0.876444:	q_mu = 4.30651	q_A  = 3.15424	CLsb = 0.01785	CLb  = 0.37282	CLs  = 0.04787
INFO: (function: getCLs) AsymptoticLimits.cc: 343 -- At r = 0.851096:	q_mu = 4.18639	q_A  = 3.04538	CLsb = 0.01913	CLb  = 0.37187	CLs  = 0.05145
INFO: (function: getCLs) AsymptoticLimits.cc: 343 -- At r = 0.864194:	q_mu = 4.24848	q_A  = 3.10161	CLsb = 0.01846	CLb  = 0.37236	CLs  = 0.04956
INFO: (function: getCLs) AsymptoticLimits.cc: 343 -- At r = 0.859114:	q_mu = 4.22440	q_A  = 3.07979	CLsb = 0.01871	CLb  = 0.37217	CLs  = 0.05029
INFO: (function: getCLs) AsymptoticLimits.cc: 343 -- At r = 0.861732:	q_mu = 4.23681	q_A  = 3.09103	CLsb = 0.01858	CLb  = 0.37227	CLs  = 0.04991
