INFO: (function: improveOnce) CascadeMinimizer.cc: 188 -- Minimisation configured with Type=Minuit2, Algo=Migrad, strategy=0, tolerance=0.1
INFO: (function: improveOnce) CascadeMinimizer.cc: 211 -- Minimisation finished with status=0
INFO: (function: improveOnce) CascadeMinimizer.cc: 216 -- Minimization success! status=0
INFO: (function: generateAsimov) ToyMCSamplerOpt.cc: 139 -- Using internal logic for binned/unbinned Asimov dataset generation
INFO: (function: generateWithHisto) ToyMCSamplerOpt.cc: 214 -- Generating asimov with histogram for pdf pdf_binfail_LOW_obsOnly: in 5 x-bins
INFO: (function: generateWithHisto) ToyMCSamplerOpt.cc: 215 -- , in 1 y-bins
INFO: (function: generateAsimov) ToyMCSamplerOpt.cc: 139 -- Using internal logic for binned/unbinned Asimov dataset generation
INFO: (function: generateWithHisto) ToyMCSamplerOpt.cc: 214 -- Generating asimov with histogram for pdf pdf_binfail_SIG_obsOnly: in 6 x-bins
INFO: (function: generateWithHisto) ToyMCSamplerOpt.cc: 215 -- , in 1 y-bins
INFO: (function: generateAsimov) ToyMCSamplerOpt.cc: 139 -- Using internal logic for binned/unbinned Asimov dataset generation
INFO: (function: generateWithHisto) ToyMCSamplerOpt.cc: 214 -- Generating asimov with histogram for pdf pdf_binpass_LOW_obsOnly: in 5 x-bins
INFO: (function: generateWithHisto) ToyMCSamplerOpt.cc: 215 -- , in 1 y-bins
INFO: (function: generateAsimov) ToyMCSamplerOpt.cc: 139 -- Using internal logic for binned/unbinned Asimov dataset generation
INFO: (function: generateWithHisto) ToyMCSamplerOpt.cc: 214 -- Generating asimov with histogram for pdf pdf_binpass_SIG_obsOnly: in 6 x-bins
INFO: (function: generateWithHisto) ToyMCSamplerOpt.cc: 215 -- , in 1 y-bins
INFO: (function: runLimitExpected) AsymptoticLimits.cc: 436 -- Median for expected limits = 0.976562 (Sigma for expected limits = 0.498255)
INFO: (function: runLimit) AsymptoticLimits.cc: 193 -- NLL at global minimum of data = -985564 (r=5.71891e-07)
INFO: (function: runLimit) AsymptoticLimits.cc: 213 -- NLL at global minimum of asimov = -985560 (r=2.22045e-15)
INFO: (function: getCLs) AsymptoticLimits.cc: 343 -- At r = 1.200001:	q_mu = 6.80286	q_A  = 4.92683	CLsb = 0.00412	CLb  = 0.33629	CLs  = 0.01225
INFO: (function: getCLs) AsymptoticLimits.cc: 343 -- At r = 0.600001:	q_mu = 3.47186	q_A  = 2.06416	CLsb = 0.02701	CLb  = 0.31210	CLs  = 0.08655
INFO: (function: getCLs) AsymptoticLimits.cc: 343 -- At r = 0.900001:	q_mu = 5.15252	q_A  = 3.47389	CLsb = 0.01033	CLb  = 0.32624	CLs  = 0.03166
INFO: (function: getCLs) AsymptoticLimits.cc: 343 -- At r = 0.730962:	q_mu = 4.20974	q_A  = 2.67159	CLsb = 0.01764	CLb  = 0.31899	CLs  = 0.05531
INFO: (function: getCLs) AsymptoticLimits.cc: 343 -- At r = 0.789251:	q_mu = 4.53598	q_A  = 2.94638	CLsb = 0.01465	CLb  = 0.32167	CLs  = 0.04553
INFO: (function: getCLs) AsymptoticLimits.cc: 343 -- At r = 0.755160:	q_mu = 4.34533	q_A  = 2.78539	CLsb = 0.01633	CLb  = 0.32013	CLs  = 0.05100
INFO: (function: getCLs) AsymptoticLimits.cc: 343 -- At r = 0.766756:	q_mu = 4.41023	q_A  = 2.84006	CLsb = 0.01573	CLb  = 0.32066	CLs  = 0.04907
INFO: (function: getCLs) AsymptoticLimits.cc: 343 -- At r = 0.759925:	q_mu = 4.37201	q_A  = 2.80785	CLsb = 0.01608	CLb  = 0.32035	CLs  = 0.05020
INFO: (function: getCLs) AsymptoticLimits.cc: 343 -- At r = 0.762242:	q_mu = 4.38497	q_A  = 2.81877	CLsb = 0.01596	CLb  = 0.32045	CLs  = 0.04981
