INFO: (function: improveOnce) CascadeMinimizer.cc: 188 -- Minimisation configured with Type=Minuit2, Algo=Migrad, strategy=0, tolerance=0.1
INFO: (function: improveOnce) CascadeMinimizer.cc: 211 -- Minimisation finished with status=0
INFO: (function: improveOnce) CascadeMinimizer.cc: 216 -- Minimization success! status=0
INFO: (function: generateAsimov) ToyMCSamplerOpt.cc: 139 -- Using internal logic for binned/unbinned Asimov dataset generation
INFO: (function: generateWithHisto) ToyMCSamplerOpt.cc: 214 -- Generating asimov with histogram for pdf pdf_binfail_LOW_obsOnly: in 7 x-bins
INFO: (function: generateWithHisto) ToyMCSamplerOpt.cc: 215 -- , in 1 y-bins
INFO: (function: generateAsimov) ToyMCSamplerOpt.cc: 139 -- Using internal logic for binned/unbinned Asimov dataset generation
INFO: (function: generateWithHisto) ToyMCSamplerOpt.cc: 214 -- Generating asimov with histogram for pdf pdf_binfail_SIG_obsOnly: in 2 x-bins
INFO: (function: generateWithHisto) ToyMCSamplerOpt.cc: 215 -- , in 1 y-bins
INFO: (function: generateAsimov) ToyMCSamplerOpt.cc: 139 -- Using internal logic for binned/unbinned Asimov dataset generation
INFO: (function: generateWithHisto) ToyMCSamplerOpt.cc: 214 -- Generating asimov with histogram for pdf pdf_binpass_LOW_obsOnly: in 7 x-bins
INFO: (function: generateWithHisto) ToyMCSamplerOpt.cc: 215 -- , in 1 y-bins
INFO: (function: generateAsimov) ToyMCSamplerOpt.cc: 139 -- Using internal logic for binned/unbinned Asimov dataset generation
INFO: (function: generateWithHisto) ToyMCSamplerOpt.cc: 214 -- Generating asimov with histogram for pdf pdf_binpass_SIG_obsOnly: in 2 x-bins
INFO: (function: generateWithHisto) ToyMCSamplerOpt.cc: 215 -- , in 1 y-bins
INFO: (function: runLimitExpected) AsymptoticLimits.cc: 436 -- Median for expected limits = 0.00341797 (Sigma for expected limits = 0.00174389)
INFO: (function: runLimit) AsymptoticLimits.cc: 193 -- NLL at global minimum of data = -136387 (r=0.00463992)
INFO: (function: runLimit) AsymptoticLimits.cc: 213 -- NLL at global minimum of asimov = 13079.3 (r=2.91597)
INFO: (function: getCLs) AsymptoticLimits.cc: 343 -- At r = 1.204640:	q_mu = 2298.58542	q_A  = 2161.16515	CLsb = 0.00000	CLb  = 0.06970	CLs  = 0.00000
INFO: (function: getCLs) AsymptoticLimits.cc: 343 -- At r = 0.604640:	q_mu = 1043.36462	q_A  = 6352.62350	CLsb = 0.00000	CLb  = 1.00000	CLs  = 0.00000
INFO: (function: getCLs) AsymptoticLimits.cc: 343 -- At r = 0.304640:	q_mu = 464.69556	q_A  = 11481.37342	CLsb = 0.00000	CLb  = 1.00000	CLs  = 0.00000
INFO: (function: getCLs) AsymptoticLimits.cc: 343 -- At r = 0.154640:	q_mu = 202.15343	q_A  = 17026.69822	CLsb = 0.00000	CLb  = 1.00000	CLs  = 0.00000
INFO: (function: getCLs) AsymptoticLimits.cc: 343 -- At r = 0.079640:	q_mu = 85.56183	q_A  = 22665.43150	CLsb = 0.00000	CLb  = 1.00000	CLs  = 0.00000
INFO: (function: getCLs) AsymptoticLimits.cc: 343 -- At r = 0.042140:	q_mu = 35.60333	q_A  = 28169.29864	CLsb = 0.00000	CLb  = 1.00000	CLs  = 0.00000
INFO: (function: getCLs) AsymptoticLimits.cc: 343 -- At r = 0.023390:	q_mu = 13.80338	q_A  = 33302.80492	CLsb = 0.00010	CLb  = 1.00000	CLs  = 0.00010
INFO: (function: getCLs) AsymptoticLimits.cc: 343 -- At r = 0.014015:	q_mu = 4.91972	q_A  = 37786.91125	CLsb = 0.01328	CLb  = 1.00000	CLs  = 0.01328
INFO: (function: getCLs) AsymptoticLimits.cc: 343 -- At r = 0.009327:	q_mu = 1.60162	q_A  = 41357.60591	CLsb = 0.10284	CLb  = 1.00000	CLs  = 0.10284
INFO: (function: getCLs) AsymptoticLimits.cc: 343 -- At r = 0.011671:	q_mu = 3.12230	q_A  = 39391.33721	CLsb = 0.03861	CLb  = 1.00000	CLs  = 0.03861
INFO: (function: getCLs) AsymptoticLimits.cc: 343 -- At r = 0.010708:	q_mu = 2.45835	q_A  = 40146.92430	CLsb = 0.05845	CLb  = 1.00000	CLs  = 0.05845
INFO: (function: getCLs) AsymptoticLimits.cc: 343 -- At r = 0.011191:	q_mu = 2.78498	q_A  = 39759.96608	CLsb = 0.04758	CLb  = 1.00000	CLs  = 0.04758
