INFO: (function: improveOnce) CascadeMinimizer.cc: 188 -- Minimisation configured with Type=Minuit2, Algo=Migrad, strategy=0, tolerance=0.1
INFO: (function: improveOnce) CascadeMinimizer.cc: 211 -- Minimisation finished with status=0
INFO: (function: improveOnce) CascadeMinimizer.cc: 216 -- Minimization success! status=0
INFO: (function: generateAsimov) ToyMCSamplerOpt.cc: 139 -- Using internal logic for binned/unbinned Asimov dataset generation
INFO: (function: generateWithHisto) ToyMCSamplerOpt.cc: 214 -- Generating asimov with histogram for pdf pdf_binfail_LOW_obsOnly: in 5 x-bins
INFO: (function: generateWithHisto) ToyMCSamplerOpt.cc: 215 -- , in 1 y-bins
INFO: (function: generateAsimov) ToyMCSamplerOpt.cc: 139 -- Using internal logic for binned/unbinned Asimov dataset generation
INFO: (function: generateWithHisto) ToyMCSamplerOpt.cc: 214 -- Generating asimov with histogram for pdf pdf_binfail_SIG_obsOnly: in 4 x-bins
INFO: (function: generateWithHisto) ToyMCSamplerOpt.cc: 215 -- , in 1 y-bins
INFO: (function: generateAsimov) ToyMCSamplerOpt.cc: 139 -- Using internal logic for binned/unbinned Asimov dataset generation
INFO: (function: generateWithHisto) ToyMCSamplerOpt.cc: 214 -- Generating asimov with histogram for pdf pdf_binpass_LOW_obsOnly: in 5 x-bins
INFO: (function: generateWithHisto) ToyMCSamplerOpt.cc: 215 -- , in 1 y-bins
INFO: (function: generateAsimov) ToyMCSamplerOpt.cc: 139 -- Using internal logic for binned/unbinned Asimov dataset generation
INFO: (function: generateWithHisto) ToyMCSamplerOpt.cc: 214 -- Generating asimov with histogram for pdf pdf_binpass_SIG_obsOnly: in 4 x-bins
INFO: (function: generateWithHisto) ToyMCSamplerOpt.cc: 215 -- , in 1 y-bins
INFO: (function: runLimitExpected) AsymptoticLimits.cc: 436 -- Median for expected limits = 100 (Sigma for expected limits = 51.0213)
INFO: (function: runLimit) AsymptoticLimits.cc: 193 -- NLL at global minimum of data = -76463.9 (r=22.6976)
INFO: (function: runLimit) AsymptoticLimits.cc: 213 -- NLL at global minimum of asimov = -76465.7 (r=0.25928)
INFO: (function: getCLs) AsymptoticLimits.cc: 343 -- At r = 125.766946:	q_mu = 3.03606	q_A  = 5.02398	CLsb = 0.04072	CLb  = 0.69111	CLs  = 0.05892
INFO: (function: getCLs) AsymptoticLimits.cc: 343 -- At r = 251.533892:	q_mu = 8.26302	q_A  = 10.78146	CLsb = 0.00202	CLb  = 0.65872	CLs  = 0.00307
INFO: (function: getCLs) AsymptoticLimits.cc: 343 -- At r = 137.115728:	q_mu = 3.48754	q_A  = 5.55027	CLsb = 0.03092	CLb  = 0.68737	CLs  = 0.04498
INFO: (function: getCLs) AsymptoticLimits.cc: 343 -- At r = 79.906646:	q_mu = 1.32095	q_A  = 2.91172	CLsb = 0.12521	CLb  = 0.71125	CLs  = 0.17604
INFO: (function: getCLs) AsymptoticLimits.cc: 343 -- At r = 108.511187:	q_mu = 2.36637	q_A  = 4.22548	CLsb = 0.06199	CLb  = 0.69752	CLs  = 0.08887
INFO: (function: getCLs) AsymptoticLimits.cc: 343 -- At r = 127.837602:	q_mu = 3.11785	q_A  = 5.11998	CLsb = 0.03872	CLb  = 0.69040	CLs  = 0.05608
INFO: (function: getCLs) AsymptoticLimits.cc: 343 -- At r = 131.699218:	q_mu = 3.27131	q_A  = 5.29917	CLsb = 0.03525	CLb  = 0.68911	CLs  = 0.05115
INFO: (function: getCLs) AsymptoticLimits.cc: 343 -- At r = 133.551043:	q_mu = 3.34508	q_A  = 5.38510	CLsb = 0.03370	CLb  = 0.68851	CLs  = 0.04895
INFO: (function: getCLs) AsymptoticLimits.cc: 343 -- At r = 132.467125:	q_mu = 3.30188	q_A  = 5.33479	CLsb = 0.03460	CLb  = 0.68886	CLs  = 0.05023
INFO: (function: getCLs) AsymptoticLimits.cc: 343 -- At r = 132.837479:	q_mu = 3.31664	q_A  = 5.35198	CLsb = 0.03429	CLb  = 0.68874	CLs  = 0.04979
