INFO: (function: improveOnce) CascadeMinimizer.cc: 188 -- Minimisation configured with Type=Minuit2, Algo=Migrad, strategy=0, tolerance=0.1
INFO: (function: improveOnce) CascadeMinimizer.cc: 211 -- Minimisation finished with status=0
INFO: (function: improveOnce) CascadeMinimizer.cc: 216 -- Minimization success! status=0
INFO: (function: generateAsimov) ToyMCSamplerOpt.cc: 139 -- Using internal logic for binned/unbinned Asimov dataset generation
INFO: (function: generateWithHisto) ToyMCSamplerOpt.cc: 214 -- Generating asimov with histogram for pdf pdf_binfail_LOW_obsOnly: in 6 x-bins
INFO: (function: generateWithHisto) ToyMCSamplerOpt.cc: 215 -- , in 1 y-bins
INFO: (function: generateAsimov) ToyMCSamplerOpt.cc: 139 -- Using internal logic for binned/unbinned Asimov dataset generation
INFO: (function: generateWithHisto) ToyMCSamplerOpt.cc: 214 -- Generating asimov with histogram for pdf pdf_binfail_SIG_obsOnly: in 19 x-bins
INFO: (function: generateWithHisto) ToyMCSamplerOpt.cc: 215 -- , in 1 y-bins
INFO: (function: generateAsimov) ToyMCSamplerOpt.cc: 139 -- Using internal logic for binned/unbinned Asimov dataset generation
INFO: (function: generateWithHisto) ToyMCSamplerOpt.cc: 214 -- Generating asimov with histogram for pdf pdf_binpass_LOW_obsOnly: in 6 x-bins
INFO: (function: generateWithHisto) ToyMCSamplerOpt.cc: 215 -- , in 1 y-bins
INFO: (function: generateAsimov) ToyMCSamplerOpt.cc: 139 -- Using internal logic for binned/unbinned Asimov dataset generation
INFO: (function: generateWithHisto) ToyMCSamplerOpt.cc: 214 -- Generating asimov with histogram for pdf pdf_binpass_SIG_obsOnly: in 19 x-bins
INFO: (function: generateWithHisto) ToyMCSamplerOpt.cc: 215 -- , in 1 y-bins
INFO: (function: runLimitExpected) AsymptoticLimits.cc: 436 -- Median for expected limits = 0.0151367 (Sigma for expected limits = 0.00772296)
INFO: (function: runLimit) AsymptoticLimits.cc: 193 -- NLL at global minimum of data = -146466 (r=1.67435e-09)
INFO: (function: runLimit) AsymptoticLimits.cc: 213 -- NLL at global minimum of asimov = -146432 (r=4.22663e-06)
INFO: (function: getCLs) AsymptoticLimits.cc: 343 -- At r = 1.200000:	q_mu = 447.82024	q_A  = 416.52237	CLsb = 0.00000	CLb  = 0.22161	CLs  = 0.00000
INFO: (function: getCLs) AsymptoticLimits.cc: 343 -- At r = 0.600000:	q_mu = 226.03138	q_A  = 204.96043	CLsb = 0.00000	CLb  = 0.23090	CLs  = 0.00000
INFO: (function: getCLs) AsymptoticLimits.cc: 343 -- At r = 0.300000:	q_mu = 113.31902	q_A  = 99.51631	CLsb = 0.00000	CLb  = 0.24453	CLs  = 0.00000
INFO: (function: getCLs) AsymptoticLimits.cc: 343 -- At r = 0.150000:	q_mu = 56.67237	q_A  = 47.84274	CLsb = 0.00000	CLb  = 0.26165	CLs  = 0.00000
INFO: (function: getCLs) AsymptoticLimits.cc: 343 -- At r = 0.075000:	q_mu = 28.32642	q_A  = 22.79953	CLsb = 0.00000	CLb  = 0.28138	CLs  = 0.00000
INFO: (function: getCLs) AsymptoticLimits.cc: 343 -- At r = 0.037500:	q_mu = 14.15858	q_A  = 10.76382	CLsb = 0.00007	CLb  = 0.30245	CLs  = 0.00024
INFO: (function: getCLs) AsymptoticLimits.cc: 343 -- At r = 0.018750:	q_mu = 7.07780	q_A  = 5.02468	CLsb = 0.00347	CLb  = 0.32349	CLs  = 0.01073
INFO: (function: getCLs) AsymptoticLimits.cc: 343 -- At r = 0.009375:	q_mu = 3.53848	q_A  = 2.31266	CLsb = 0.02719	CLb  = 0.34346	CLs  = 0.07917
INFO: (function: getCLs) AsymptoticLimits.cc: 343 -- At r = 0.014063:	q_mu = 5.30805	q_A  = 3.64812	CLsb = 0.00953	CLb  = 0.33195	CLs  = 0.02869
INFO: (function: getCLs) AsymptoticLimits.cc: 343 -- At r = 0.012011:	q_mu = 4.53341	q_A  = 3.05740	CLsb = 0.01498	CLb  = 0.33649	CLs  = 0.04452
INFO: (function: getCLs) AsymptoticLimits.cc: 343 -- At r = 0.011058:	q_mu = 4.17390	q_A  = 2.78629	CLsb = 0.01854	CLb  = 0.33883	CLs  = 0.05472
INFO: (function: getCLs) AsymptoticLimits.cc: 343 -- At r = 0.011582:	q_mu = 4.37155	q_A  = 2.93508	CLsb = 0.01649	CLb  = 0.33752	CLs  = 0.04884
