INFO: (function: improveOnce) CascadeMinimizer.cc: 188 -- Minimisation configured with Type=Minuit2, Algo=Migrad, strategy=0, tolerance=0.1
INFO: (function: improveOnce) CascadeMinimizer.cc: 211 -- Minimisation finished with status=0
INFO: (function: improveOnce) CascadeMinimizer.cc: 216 -- Minimization success! status=0
INFO: (function: generateAsimov) ToyMCSamplerOpt.cc: 139 -- Using internal logic for binned/unbinned Asimov dataset generation
INFO: (function: generateWithHisto) ToyMCSamplerOpt.cc: 214 -- Generating asimov with histogram for pdf pdf_binfail_LOW_obsOnly: in 6 x-bins
INFO: (function: generateWithHisto) ToyMCSamplerOpt.cc: 215 -- , in 1 y-bins
INFO: (function: generateAsimov) ToyMCSamplerOpt.cc: 139 -- Using internal logic for binned/unbinned Asimov dataset generation
INFO: (function: generateWithHisto) ToyMCSamplerOpt.cc: 214 -- Generating asimov with histogram for pdf pdf_binfail_SIG_obsOnly: in 1 x-bins
INFO: (function: generateWithHisto) ToyMCSamplerOpt.cc: 215 -- , in 1 y-bins
INFO: (function: generateAsimov) ToyMCSamplerOpt.cc: 139 -- Using internal logic for binned/unbinned Asimov dataset generation
INFO: (function: generateWithHisto) ToyMCSamplerOpt.cc: 214 -- Generating asimov with histogram for pdf pdf_binpass_LOW_obsOnly: in 6 x-bins
INFO: (function: generateWithHisto) ToyMCSamplerOpt.cc: 215 -- , in 1 y-bins
INFO: (function: generateAsimov) ToyMCSamplerOpt.cc: 139 -- Using internal logic for binned/unbinned Asimov dataset generation
INFO: (function: generateWithHisto) ToyMCSamplerOpt.cc: 214 -- Generating asimov with histogram for pdf pdf_binpass_SIG_obsOnly: in 1 x-bins
INFO: (function: generateWithHisto) ToyMCSamplerOpt.cc: 215 -- , in 1 y-bins
INFO: (function: runLimitExpected) AsymptoticLimits.cc: 436 -- Median for expected limits = 21.1875 (Sigma for expected limits = 10.8101)
INFO: (function: runLimit) AsymptoticLimits.cc: 193 -- NLL at global minimum of data = -3151.96 (r=12.2968)
INFO: (function: runLimit) AsymptoticLimits.cc: 213 -- NLL at global minimum of asimov = -3154.81 (r=0.0393006)
INFO: (function: getCLs) AsymptoticLimits.cc: 343 -- At r = 40.907360:	q_mu = 3.02698	q_A  = 7.76765	CLsb = 0.04095	CLb  = 0.85250	CLs  = 0.04803
INFO: (function: getCLs) AsymptoticLimits.cc: 343 -- At r = 26.602062:	q_mu = 1.08782	q_A  = 4.95413	CLsb = 0.14848	CLb  = 0.88156	CLs  = 0.16843
INFO: (function: getCLs) AsymptoticLimits.cc: 343 -- At r = 33.754711:	q_mu = 1.97358	q_A  = 6.38603	CLsb = 0.08003	CLb  = 0.86912	CLs  = 0.09209
INFO: (function: getCLs) AsymptoticLimits.cc: 343 -- At r = 39.123332:	q_mu = 2.75071	q_A  = 7.42786	CLsb = 0.04861	CLb  = 0.85699	CLs  = 0.05672
INFO: (function: getCLs) AsymptoticLimits.cc: 343 -- At r = 40.205362:	q_mu = 2.91733	q_A  = 7.63433	CLsb = 0.04382	CLb  = 0.85429	CLs  = 0.05129
INFO: (function: getCLs) AsymptoticLimits.cc: 343 -- At r = 40.563534:	q_mu = 2.97311	q_A  = 7.70241	CLsb = 0.04233	CLb  = 0.85338	CLs  = 0.04960
INFO: (function: getCLs) AsymptoticLimits.cc: 343 -- At r = 40.423465:	q_mu = 2.95126	q_A  = 7.67580	CLsb = 0.04291	CLb  = 0.85374	CLs  = 0.05026
