INFO: (function: improveOnce) CascadeMinimizer.cc: 188 -- Minimisation configured with Type=Minuit2, Algo=Migrad, strategy=0, tolerance=0.1
INFO: (function: improveOnce) CascadeMinimizer.cc: 211 -- Minimisation finished with status=0
INFO: (function: improveOnce) CascadeMinimizer.cc: 216 -- Minimization success! status=0
INFO: (function: generateAsimov) ToyMCSamplerOpt.cc: 139 -- Using internal logic for binned/unbinned Asimov dataset generation
INFO: (function: generateWithHisto) ToyMCSamplerOpt.cc: 214 -- Generating asimov with histogram for pdf pdf_binfail_LOW_obsOnly: in 5 x-bins
INFO: (function: generateWithHisto) ToyMCSamplerOpt.cc: 215 -- , in 1 y-bins
INFO: (function: generateAsimov) ToyMCSamplerOpt.cc: 139 -- Using internal logic for binned/unbinned Asimov dataset generation
INFO: (function: generateWithHisto) ToyMCSamplerOpt.cc: 214 -- Generating asimov with histogram for pdf pdf_binfail_SIG_obsOnly: in 4 x-bins
INFO: (function: generateWithHisto) ToyMCSamplerOpt.cc: 215 -- , in 1 y-bins
INFO: (function: generateAsimov) ToyMCSamplerOpt.cc: 139 -- Using internal logic for binned/unbinned Asimov dataset generation
INFO: (function: generateWithHisto) ToyMCSamplerOpt.cc: 214 -- Generating asimov with histogram for pdf pdf_binpass_LOW_obsOnly: in 5 x-bins
INFO: (function: generateWithHisto) ToyMCSamplerOpt.cc: 215 -- , in 1 y-bins
INFO: (function: generateAsimov) ToyMCSamplerOpt.cc: 139 -- Using internal logic for binned/unbinned Asimov dataset generation
INFO: (function: generateWithHisto) ToyMCSamplerOpt.cc: 214 -- Generating asimov with histogram for pdf pdf_binpass_SIG_obsOnly: in 4 x-bins
INFO: (function: generateWithHisto) ToyMCSamplerOpt.cc: 215 -- , in 1 y-bins
INFO: (function: runLimitExpected) AsymptoticLimits.cc: 436 -- Median for expected limits = 150.5 (Sigma for expected limits = 76.7871)
INFO: (function: runLimit) AsymptoticLimits.cc: 193 -- NLL at global minimum of data = -76464.3 (r=30.1152)
INFO: (function: runLimit) AsymptoticLimits.cc: 213 -- NLL at global minimum of asimov = -76466 (r=1.0769)
INFO: (function: getCLs) AsymptoticLimits.cc: 343 -- At r = 167.026055:	q_mu = 2.48903	q_A  = 4.29133	CLsb = 0.05732	CLb  = 0.68931	CLs  = 0.08316
INFO: (function: getCLs) AsymptoticLimits.cc: 343 -- At r = 334.052110:	q_mu = 6.18916	q_A  = 8.46084	CLsb = 0.00643	CLb  = 0.66310	CLs  = 0.00969
INFO: (function: getCLs) AsymptoticLimits.cc: 343 -- At r = 182.083680:	q_mu = 2.83270	q_A  = 4.69746	CLsb = 0.04618	CLb  = 0.68591	CLs  = 0.06733
INFO: (function: getCLs) AsymptoticLimits.cc: 343 -- At r = 258.067895:	q_mu = 4.54671	q_A  = 6.65265	CLsb = 0.01649	CLb  = 0.67255	CLs  = 0.02452
INFO: (function: getCLs) AsymptoticLimits.cc: 343 -- At r = 215.187720:	q_mu = 3.58580	q_A  = 5.56846	CLsb = 0.02914	CLb  = 0.67944	CLs  = 0.04288
INFO: (function: getCLs) AsymptoticLimits.cc: 343 -- At r = 199.554194:	q_mu = 3.23096	q_A  = 5.16088	CLsb = 0.03613	CLb  = 0.68235	CLs  = 0.05295
INFO: (function: getCLs) AsymptoticLimits.cc: 343 -- At r = 206.080285:	q_mu = 3.37929	q_A  = 5.33184	CLsb = 0.03301	CLb  = 0.68110	CLs  = 0.04847
INFO: (function: getCLs) AsymptoticLimits.cc: 343 -- At r = 202.935599:	q_mu = 3.30784	q_A  = 5.24960	CLsb = 0.03447	CLb  = 0.68170	CLs  = 0.05057
INFO: (function: getCLs) AsymptoticLimits.cc: 343 -- At r = 204.237300:	q_mu = 3.33743	q_A  = 5.28368	CLsb = 0.03386	CLb  = 0.68145	CLs  = 0.04969
INFO: (function: getCLs) AsymptoticLimits.cc: 343 -- At r = 203.607631:	q_mu = 3.32312	q_A  = 5.26720	CLsb = 0.03416	CLb  = 0.68157	CLs  = 0.05011
