INFO: (function: improveOnce) CascadeMinimizer.cc: 188 -- Minimisation configured with Type=Minuit2, Algo=Migrad, strategy=0, tolerance=0.1
INFO: (function: improveOnce) CascadeMinimizer.cc: 211 -- Minimisation finished with status=0
INFO: (function: improveOnce) CascadeMinimizer.cc: 216 -- Minimization success! status=0
INFO: (function: generateAsimov) ToyMCSamplerOpt.cc: 139 -- Using internal logic for binned/unbinned Asimov dataset generation
INFO: (function: generateWithHisto) ToyMCSamplerOpt.cc: 214 -- Generating asimov with histogram for pdf pdf_binfail_LOW_obsOnly: in 6 x-bins
INFO: (function: generateWithHisto) ToyMCSamplerOpt.cc: 215 -- , in 1 y-bins
INFO: (function: generateAsimov) ToyMCSamplerOpt.cc: 139 -- Using internal logic for binned/unbinned Asimov dataset generation
INFO: (function: generateWithHisto) ToyMCSamplerOpt.cc: 214 -- Generating asimov with histogram for pdf pdf_binfail_SIG_obsOnly: in 3 x-bins
INFO: (function: generateWithHisto) ToyMCSamplerOpt.cc: 215 -- , in 1 y-bins
INFO: (function: generateAsimov) ToyMCSamplerOpt.cc: 139 -- Using internal logic for binned/unbinned Asimov dataset generation
INFO: (function: generateWithHisto) ToyMCSamplerOpt.cc: 214 -- Generating asimov with histogram for pdf pdf_binpass_LOW_obsOnly: in 6 x-bins
INFO: (function: generateWithHisto) ToyMCSamplerOpt.cc: 215 -- , in 1 y-bins
INFO: (function: generateAsimov) ToyMCSamplerOpt.cc: 139 -- Using internal logic for binned/unbinned Asimov dataset generation
INFO: (function: generateWithHisto) ToyMCSamplerOpt.cc: 214 -- Generating asimov with histogram for pdf pdf_binpass_SIG_obsOnly: in 3 x-bins
INFO: (function: generateWithHisto) ToyMCSamplerOpt.cc: 215 -- , in 1 y-bins
INFO: (function: runLimitExpected) AsymptoticLimits.cc: 436 -- Median for expected limits = 0.894531 (Sigma for expected limits = 0.456402)
INFO: (function: runLimit) AsymptoticLimits.cc: 193 -- NLL at global minimum of data = -70464.8 (r=0.277909)
INFO: (function: runLimit) AsymptoticLimits.cc: 213 -- NLL at global minimum of asimov = -70468.1 (r=0.0023071)
INFO: (function: getCLs) AsymptoticLimits.cc: 343 -- At r = 1.477909:	q_mu = 3.59126	q_A  = 6.39411	CLsb = 0.02904	CLb  = 0.73683	CLs  = 0.03942
INFO: (function: getCLs) AsymptoticLimits.cc: 343 -- At r = 0.877909:	q_mu = 1.49280	q_A  = 3.76465	CLsb = 0.11089	CLb  = 0.76377	CLs  = 0.14519
INFO: (function: getCLs) AsymptoticLimits.cc: 343 -- At r = 1.270340:	q_mu = 2.86133	q_A  = 5.52121	CLsb = 0.04537	CLb  = 0.74479	CLs  = 0.06091
INFO: (function: getCLs) AsymptoticLimits.cc: 343 -- At r = 1.387161:	q_mu = 3.27256	q_A  = 6.01728	CLsb = 0.03522	CLb  = 0.74021	CLs  = 0.04759
INFO: (function: getCLs) AsymptoticLimits.cc: 343 -- At r = 1.345066:	q_mu = 3.12447	q_A  = 5.83998	CLsb = 0.03856	CLb  = 0.74183	CLs  = 0.05198
INFO: (function: getCLs) AsymptoticLimits.cc: 343 -- At r = 1.368307:	q_mu = 3.20625	q_A  = 5.93807	CLsb = 0.03668	CLb  = 0.74093	CLs  = 0.04950
INFO: (function: getCLs) AsymptoticLimits.cc: 343 -- At r = 1.359864:	q_mu = 3.17654	q_A  = 5.90249	CLsb = 0.03735	CLb  = 0.74125	CLs  = 0.05039
INFO: (function: getCLs) AsymptoticLimits.cc: 343 -- At r = 1.364508:	q_mu = 3.19288	q_A  = 5.92207	CLsb = 0.03698	CLb  = 0.74108	CLs  = 0.04990
