INFO: (function: improveOnce) CascadeMinimizer.cc: 188 -- Minimisation configured with Type=Minuit2, Algo=Migrad, strategy=0, tolerance=0.1
INFO: (function: improveOnce) CascadeMinimizer.cc: 211 -- Minimisation finished with status=0
INFO: (function: improveOnce) CascadeMinimizer.cc: 216 -- Minimization success! status=0
INFO: (function: generateAsimov) ToyMCSamplerOpt.cc: 139 -- Using internal logic for binned/unbinned Asimov dataset generation
INFO: (function: generateWithHisto) ToyMCSamplerOpt.cc: 214 -- Generating asimov with histogram for pdf pdf_binfail_LOW_obsOnly: in 5 x-bins
INFO: (function: generateWithHisto) ToyMCSamplerOpt.cc: 215 -- , in 1 y-bins
INFO: (function: generateAsimov) ToyMCSamplerOpt.cc: 139 -- Using internal logic for binned/unbinned Asimov dataset generation
INFO: (function: generateWithHisto) ToyMCSamplerOpt.cc: 214 -- Generating asimov with histogram for pdf pdf_binfail_SIG_obsOnly: in 14 x-bins
INFO: (function: generateWithHisto) ToyMCSamplerOpt.cc: 215 -- , in 1 y-bins
INFO: (function: generateAsimov) ToyMCSamplerOpt.cc: 139 -- Using internal logic for binned/unbinned Asimov dataset generation
INFO: (function: generateWithHisto) ToyMCSamplerOpt.cc: 214 -- Generating asimov with histogram for pdf pdf_binpass_LOW_obsOnly: in 5 x-bins
INFO: (function: generateWithHisto) ToyMCSamplerOpt.cc: 215 -- , in 1 y-bins
INFO: (function: generateAsimov) ToyMCSamplerOpt.cc: 139 -- Using internal logic for binned/unbinned Asimov dataset generation
INFO: (function: generateWithHisto) ToyMCSamplerOpt.cc: 214 -- Generating asimov with histogram for pdf pdf_binpass_SIG_obsOnly: in 14 x-bins
INFO: (function: generateWithHisto) ToyMCSamplerOpt.cc: 215 -- , in 1 y-bins
INFO: (function: runLimitExpected) AsymptoticLimits.cc: 436 -- Median for expected limits = 0.0170898 (Sigma for expected limits = 0.00871947)
INFO: (function: runLimit) AsymptoticLimits.cc: 193 -- NLL at global minimum of data = -70917.4 (r=0.203718)
INFO: (function: runLimit) AsymptoticLimits.cc: 213 -- NLL at global minimum of asimov = -70938.8 (r=6.51824e-07)
INFO: (function: getCLs) AsymptoticLimits.cc: 343 -- At r = 1.420508:	q_mu = 40.03705	q_A  = 95.01359	CLsb = 0.00000	CLb  = 0.99969	CLs  = 0.00000
INFO: (function: getCLs) AsymptoticLimits.cc: 343 -- At r = 0.812113:	q_mu = 21.84801	q_A  = 58.58311	CLsb = 0.00000	CLb  = 0.99856	CLs  = 0.00000
INFO: (function: getCLs) AsymptoticLimits.cc: 343 -- At r = 0.507916:	q_mu = 2.98785	q_A  = 44.62324	CLsb = 0.04195	CLb  = 1.00000	CLs  = 0.04195
INFO: (function: getCLs) AsymptoticLimits.cc: 343 -- At r = 0.355817:	q_mu = 0.00000	q_A  = 36.08801	CLsb = 0.50000	CLb  = 1.00000	CLs  = 0.50000
INFO: (function: getCLs) AsymptoticLimits.cc: 343 -- At r = 0.431867:	q_mu = 0.00000	q_A  = 40.54309	CLsb = 0.50000	CLb  = 1.00000	CLs  = 0.50000
INFO: (function: getCLs) AsymptoticLimits.cc: 343 -- At r = 0.469891:	q_mu = 0.89399	q_A  = 42.62406	CLsb = 0.17220	CLb  = 1.00000	CLs  = 0.17220
INFO: (function: getCLs) AsymptoticLimits.cc: 343 -- At r = 0.488904:	q_mu = 1.95063	q_A  = 43.63324	CLsb = 0.08126	CLb  = 1.00000	CLs  = 0.08126
INFO: (function: getCLs) AsymptoticLimits.cc: 343 -- At r = 0.500073:	q_mu = 2.56235	q_A  = 44.21717	CLsb = 0.05472	CLb  = 1.00000	CLs  = 0.05472
INFO: (function: getCLs) AsymptoticLimits.cc: 343 -- At r = 0.503770:	q_mu = 2.76318	q_A  = 44.40894	CLsb = 0.04823	CLb  = 1.00000	CLs  = 0.04823
INFO: (function: getCLs) AsymptoticLimits.cc: 343 -- At r = 0.502186:	q_mu = 2.67710	q_A  = 44.32679	CLsb = 0.05090	CLb  = 1.00000	CLs  = 0.05090
