INFO: (function: improveOnce) CascadeMinimizer.cc: 188 -- Minimisation configured with Type=Minuit2, Algo=Migrad, strategy=0, tolerance=0.1
INFO: (function: improveOnce) CascadeMinimizer.cc: 211 -- Minimisation finished with status=0
INFO: (function: improveOnce) CascadeMinimizer.cc: 216 -- Minimization success! status=0
INFO: (function: generateAsimov) ToyMCSamplerOpt.cc: 139 -- Using internal logic for binned/unbinned Asimov dataset generation
INFO: (function: generateWithHisto) ToyMCSamplerOpt.cc: 214 -- Generating asimov with histogram for pdf pdf_binfail_LOW_obsOnly: in 5 x-bins
INFO: (function: generateWithHisto) ToyMCSamplerOpt.cc: 215 -- , in 1 y-bins
INFO: (function: generateAsimov) ToyMCSamplerOpt.cc: 139 -- Using internal logic for binned/unbinned Asimov dataset generation
INFO: (function: generateWithHisto) ToyMCSamplerOpt.cc: 214 -- Generating asimov with histogram for pdf pdf_binfail_SIG_obsOnly: in 6 x-bins
INFO: (function: generateWithHisto) ToyMCSamplerOpt.cc: 215 -- , in 1 y-bins
INFO: (function: generateAsimov) ToyMCSamplerOpt.cc: 139 -- Using internal logic for binned/unbinned Asimov dataset generation
INFO: (function: generateWithHisto) ToyMCSamplerOpt.cc: 214 -- Generating asimov with histogram for pdf pdf_binpass_LOW_obsOnly: in 5 x-bins
INFO: (function: generateWithHisto) ToyMCSamplerOpt.cc: 215 -- , in 1 y-bins
INFO: (function: generateAsimov) ToyMCSamplerOpt.cc: 139 -- Using internal logic for binned/unbinned Asimov dataset generation
INFO: (function: generateWithHisto) ToyMCSamplerOpt.cc: 214 -- Generating asimov with histogram for pdf pdf_binpass_SIG_obsOnly: in 6 x-bins
INFO: (function: generateWithHisto) ToyMCSamplerOpt.cc: 215 -- , in 1 y-bins
INFO: (function: runLimitExpected) AsymptoticLimits.cc: 436 -- Median for expected limits = 2.94531 (Sigma for expected limits = 1.50274)
INFO: (function: runLimit) AsymptoticLimits.cc: 193 -- NLL at global minimum of data = -985570 (r=3.92823e-07)
INFO: (function: runLimit) AsymptoticLimits.cc: 213 -- NLL at global minimum of asimov = -985566 (r=0)
INFO: (function: getCLs) AsymptoticLimits.cc: 343 -- At r = 1.792532:	q_mu = 3.44082	q_A  = 2.03983	CLsb = 0.02751	CLb  = 0.31190	CLs  = 0.08821
INFO: (function: getCLs) AsymptoticLimits.cc: 343 -- At r = 3.585064:	q_mu = 6.73970	q_A  = 4.87258	CLsb = 0.00427	CLb  = 0.33618	CLs  = 0.01269
INFO: (function: getCLs) AsymptoticLimits.cc: 343 -- At r = 1.792532:	q_mu = 3.44084	q_A  = 2.03985	CLsb = 0.02751	CLb  = 0.31190	CLs  = 0.08821
INFO: (function: getCLs) AsymptoticLimits.cc: 343 -- At r = 2.688798:	q_mu = 5.10600	q_A  = 3.43533	CLsb = 0.01061	CLb  = 0.32611	CLs  = 0.03253
INFO: (function: getCLs) AsymptoticLimits.cc: 343 -- At r = 2.200510:	q_mu = 4.20321	q_A  = 2.66721	CLsb = 0.01771	CLb  = 0.31909	CLs  = 0.05552
INFO: (function: getCLs) AsymptoticLimits.cc: 343 -- At r = 2.374643:	q_mu = 4.52629	q_A  = 2.93943	CLsb = 0.01473	CLb  = 0.32176	CLs  = 0.04578
INFO: (function: getCLs) AsymptoticLimits.cc: 343 -- At r = 2.276132:	q_mu = 4.34368	q_A  = 2.78516	CLsb = 0.01635	CLb  = 0.32027	CLs  = 0.05104
INFO: (function: getCLs) AsymptoticLimits.cc: 343 -- At r = 2.310773:	q_mu = 4.40794	q_A  = 2.83933	CLsb = 0.01576	CLb  = 0.32080	CLs  = 0.04912
INFO: (function: getCLs) AsymptoticLimits.cc: 343 -- At r = 2.291035:	q_mu = 4.37133	q_A  = 2.80846	CLsb = 0.01609	CLb  = 0.32050	CLs  = 0.05021
INFO: (function: getCLs) AsymptoticLimits.cc: 343 -- At r = 2.297956:	q_mu = 4.38417	q_A  = 2.81928	CLsb = 0.01597	CLb  = 0.32061	CLs  = 0.04982
