INFO: (function: improveOnce) CascadeMinimizer.cc: 188 -- Minimisation configured with Type=Minuit2, Algo=Migrad, strategy=0, tolerance=0.1
INFO: (function: improveOnce) CascadeMinimizer.cc: 211 -- Minimisation finished with status=0
INFO: (function: improveOnce) CascadeMinimizer.cc: 216 -- Minimization success! status=0
INFO: (function: generateAsimov) ToyMCSamplerOpt.cc: 139 -- Using internal logic for binned/unbinned Asimov dataset generation
INFO: (function: generateWithHisto) ToyMCSamplerOpt.cc: 214 -- Generating asimov with histogram for pdf pdf_binfail_LOW_obsOnly: in 5 x-bins
INFO: (function: generateWithHisto) ToyMCSamplerOpt.cc: 215 -- , in 1 y-bins
INFO: (function: generateAsimov) ToyMCSamplerOpt.cc: 139 -- Using internal logic for binned/unbinned Asimov dataset generation
INFO: (function: generateWithHisto) ToyMCSamplerOpt.cc: 214 -- Generating asimov with histogram for pdf pdf_binfail_SIG_obsOnly: in 4 x-bins
INFO: (function: generateWithHisto) ToyMCSamplerOpt.cc: 215 -- , in 1 y-bins
INFO: (function: generateAsimov) ToyMCSamplerOpt.cc: 139 -- Using internal logic for binned/unbinned Asimov dataset generation
INFO: (function: generateWithHisto) ToyMCSamplerOpt.cc: 214 -- Generating asimov with histogram for pdf pdf_binpass_LOW_obsOnly: in 5 x-bins
INFO: (function: generateWithHisto) ToyMCSamplerOpt.cc: 215 -- , in 1 y-bins
INFO: (function: generateAsimov) ToyMCSamplerOpt.cc: 139 -- Using internal logic for binned/unbinned Asimov dataset generation
INFO: (function: generateWithHisto) ToyMCSamplerOpt.cc: 214 -- Generating asimov with histogram for pdf pdf_binpass_SIG_obsOnly: in 4 x-bins
INFO: (function: generateWithHisto) ToyMCSamplerOpt.cc: 215 -- , in 1 y-bins
INFO: (function: runLimitExpected) AsymptoticLimits.cc: 436 -- Median for expected limits = 0.0859375 (Sigma for expected limits = 0.0438465)
INFO: (function: runLimit) AsymptoticLimits.cc: 193 -- NLL at global minimum of data = -76532.2 (r=0.0183185)
INFO: (function: runLimit) AsymptoticLimits.cc: 213 -- NLL at global minimum of asimov = -76536.4 (r=2.23152e-06)
INFO: (function: getCLs) AsymptoticLimits.cc: 343 -- At r = 1.218319:	q_mu = 35.97027	q_A  = 39.55773	CLsb = 0.00000	CLb  = 0.61485	CLs  = 0.00000
INFO: (function: getCLs) AsymptoticLimits.cc: 343 -- At r = 0.618319:	q_mu = 21.22857	q_A  = 24.44818	CLsb = 0.00000	CLb  = 0.63197	CLs  = 0.00000
INFO: (function: getCLs) AsymptoticLimits.cc: 343 -- At r = 0.318319:	q_mu = 11.43840	q_A  = 14.23691	CLsb = 0.00036	CLb  = 0.65214	CLs  = 0.00055
INFO: (function: getCLs) AsymptoticLimits.cc: 343 -- At r = 0.168319:	q_mu = 5.53115	q_A  = 7.86289	CLsb = 0.00934	CLb  = 0.67445	CLs  = 0.01385
INFO: (function: getCLs) AsymptoticLimits.cc: 343 -- At r = 0.093319:	q_mu = 2.36405	q_A  = 4.21750	CLsb = 0.06208	CLb  = 0.69711	CLs  = 0.08905
INFO: (function: getCLs) AsymptoticLimits.cc: 343 -- At r = 0.130819:	q_mu = 3.94852	q_A  = 6.08058	CLsb = 0.02346	CLb  = 0.68396	CLs  = 0.03429
INFO: (function: getCLs) AsymptoticLimits.cc: 343 -- At r = 0.111465:	q_mu = 3.12718	q_A  = 5.12859	CLsb = 0.03850	CLb  = 0.69014	CLs  = 0.05578
INFO: (function: getCLs) AsymptoticLimits.cc: 343 -- At r = 0.118819:	q_mu = 3.43897	q_A  = 5.49285	CLsb = 0.03184	CLb  = 0.68766	CLs  = 0.04630
INFO: (function: getCLs) AsymptoticLimits.cc: 343 -- At r = 0.114920:	q_mu = 3.27357	q_A  = 5.30010	CLsb = 0.03520	CLb  = 0.68896	CLs  = 0.05109
INFO: (function: getCLs) AsymptoticLimits.cc: 343 -- At r = 0.116386:	q_mu = 3.33571	q_A  = 5.37263	CLsb = 0.03390	CLb  = 0.68846	CLs  = 0.04923
INFO: (function: getCLs) AsymptoticLimits.cc: 343 -- At r = 0.115605:	q_mu = 3.30259	q_A  = 5.33399	CLsb = 0.03459	CLb  = 0.68873	CLs  = 0.05022
INFO: (function: getCLs) AsymptoticLimits.cc: 343 -- At r = 0.115897:	q_mu = 3.31500	q_A  = 5.34848	CLsb = 0.03433	CLb  = 0.68863	CLs  = 0.04985
