INFO: (function: improveOnce) CascadeMinimizer.cc: 188 -- Minimisation configured with Type=Minuit2, Algo=Migrad, strategy=0, tolerance=0.1
INFO: (function: improveOnce) CascadeMinimizer.cc: 211 -- Minimisation finished with status=0
INFO: (function: improveOnce) CascadeMinimizer.cc: 216 -- Minimization success! status=0
INFO: (function: generateAsimov) ToyMCSamplerOpt.cc: 139 -- Using internal logic for binned/unbinned Asimov dataset generation
INFO: (function: generateWithHisto) ToyMCSamplerOpt.cc: 214 -- Generating asimov with histogram for pdf pdf_binfail_LOW_obsOnly: in 6 x-bins
INFO: (function: generateWithHisto) ToyMCSamplerOpt.cc: 215 -- , in 1 y-bins
INFO: (function: generateAsimov) ToyMCSamplerOpt.cc: 139 -- Using internal logic for binned/unbinned Asimov dataset generation
INFO: (function: generateWithHisto) ToyMCSamplerOpt.cc: 214 -- Generating asimov with histogram for pdf pdf_binfail_SIG_obsOnly: in 3 x-bins
INFO: (function: generateWithHisto) ToyMCSamplerOpt.cc: 215 -- , in 1 y-bins
INFO: (function: generateAsimov) ToyMCSamplerOpt.cc: 139 -- Using internal logic for binned/unbinned Asimov dataset generation
INFO: (function: generateWithHisto) ToyMCSamplerOpt.cc: 214 -- Generating asimov with histogram for pdf pdf_binpass_LOW_obsOnly: in 6 x-bins
INFO: (function: generateWithHisto) ToyMCSamplerOpt.cc: 215 -- , in 1 y-bins
INFO: (function: generateAsimov) ToyMCSamplerOpt.cc: 139 -- Using internal logic for binned/unbinned Asimov dataset generation
INFO: (function: generateWithHisto) ToyMCSamplerOpt.cc: 214 -- Generating asimov with histogram for pdf pdf_binpass_SIG_obsOnly: in 3 x-bins
INFO: (function: generateWithHisto) ToyMCSamplerOpt.cc: 215 -- , in 1 y-bins
INFO: (function: runLimitExpected) AsymptoticLimits.cc: 436 -- Median for expected limits = 0.789062 (Sigma for expected limits = 0.40259)
INFO: (function: runLimit) AsymptoticLimits.cc: 193 -- NLL at global minimum of data = -4.38875e+06 (r=5.33374e-07)
INFO: (function: runLimit) AsymptoticLimits.cc: 213 -- NLL at global minimum of asimov = -4.38873e+06 (r=3.82047e-10)
INFO: (function: getCLs) AsymptoticLimits.cc: 343 -- At r = 1.200001:	q_mu = 14.66303	q_A  = 8.17480	CLsb = 0.00003	CLb  = 0.12826	CLs  = 0.00025
INFO: (function: getCLs) AsymptoticLimits.cc: 343 -- At r = 0.600001:	q_mu = 5.90054	q_A  = 2.31099	CLsb = 0.00346	CLb  = 0.11888	CLs  = 0.02909
INFO: (function: getCLs) AsymptoticLimits.cc: 343 -- At r = 0.300001:	q_mu = 2.50731	q_A  = 0.61677	CLsb = 0.02335	CLb  = 0.11436	CLs  = 0.20418
INFO: (function: getCLs) AsymptoticLimits.cc: 343 -- At r = 0.450001:	q_mu = 4.10503	q_A  = 1.34267	CLsb = 0.00937	CLb  = 0.11664	CLs  = 0.08033
INFO: (function: getCLs) AsymptoticLimits.cc: 343 -- At r = 0.536015:	q_mu = 5.11178	q_A  = 1.86983	CLsb = 0.00534	CLb  = 0.11792	CLs  = 0.04530
INFO: (function: getCLs) AsymptoticLimits.cc: 343 -- At r = 0.506960:	q_mu = 4.76468	q_A  = 1.68313	CLsb = 0.00648	CLb  = 0.11749	CLs  = 0.05514
INFO: (function: getCLs) AsymptoticLimits.cc: 343 -- At r = 0.524342:	q_mu = 4.97148	q_A  = 1.79378	CLsb = 0.00577	CLb  = 0.11775	CLs  = 0.04904
INFO: (function: getCLs) AsymptoticLimits.cc: 343 -- At r = 0.518566:	q_mu = 4.90248	q_A  = 1.75667	CLsb = 0.00600	CLb  = 0.11766	CLs  = 0.05099
INFO: (function: getCLs) AsymptoticLimits.cc: 343 -- At r = 0.520894:	q_mu = 4.93026	q_A  = 1.77158	CLsb = 0.00591	CLb  = 0.11770	CLs  = 0.05020
INFO: (function: getCLs) AsymptoticLimits.cc: 343 -- At r = 0.522051:	q_mu = 4.94407	q_A  = 1.77902	CLsb = 0.00586	CLb  = 0.11772	CLs  = 0.04981
