INFO: (function: improveOnce) CascadeMinimizer.cc: 188 -- Minimisation configured with Type=Minuit2, Algo=Migrad, strategy=0, tolerance=0.1
INFO: (function: improveOnce) CascadeMinimizer.cc: 211 -- Minimisation finished with status=0
INFO: (function: improveOnce) CascadeMinimizer.cc: 216 -- Minimization success! status=0
INFO: (function: generateAsimov) ToyMCSamplerOpt.cc: 139 -- Using internal logic for binned/unbinned Asimov dataset generation
INFO: (function: generateWithHisto) ToyMCSamplerOpt.cc: 214 -- Generating asimov with histogram for pdf pdf_binfail_LOW_obsOnly: in 5 x-bins
INFO: (function: generateWithHisto) ToyMCSamplerOpt.cc: 215 -- , in 1 y-bins
INFO: (function: generateAsimov) ToyMCSamplerOpt.cc: 139 -- Using internal logic for binned/unbinned Asimov dataset generation
INFO: (function: generateWithHisto) ToyMCSamplerOpt.cc: 214 -- Generating asimov with histogram for pdf pdf_binfail_SIG_obsOnly: in 3 x-bins
INFO: (function: generateWithHisto) ToyMCSamplerOpt.cc: 215 -- , in 1 y-bins
INFO: (function: generateAsimov) ToyMCSamplerOpt.cc: 139 -- Using internal logic for binned/unbinned Asimov dataset generation
INFO: (function: generateWithHisto) ToyMCSamplerOpt.cc: 214 -- Generating asimov with histogram for pdf pdf_binpass_LOW_obsOnly: in 5 x-bins
INFO: (function: generateWithHisto) ToyMCSamplerOpt.cc: 215 -- , in 1 y-bins
INFO: (function: generateAsimov) ToyMCSamplerOpt.cc: 139 -- Using internal logic for binned/unbinned Asimov dataset generation
INFO: (function: generateWithHisto) ToyMCSamplerOpt.cc: 214 -- Generating asimov with histogram for pdf pdf_binpass_SIG_obsOnly: in 3 x-bins
INFO: (function: generateWithHisto) ToyMCSamplerOpt.cc: 215 -- , in 1 y-bins
DEBUG: (function: runLimitExpected) AsymptoticLimits.cc: 423 -- Best fit of asimov dataset is at r = 0.405354 (0.020268 times rMax), while it should be at zero
INFO: (function: runLimitExpected) AsymptoticLimits.cc: 436 -- Median for expected limits = 8.6875 (Sigma for expected limits = 4.43248)
INFO: (function: runLimit) AsymptoticLimits.cc: 193 -- NLL at global minimum of data = -11857 (r=6.02456)
INFO: (function: runLimit) AsymptoticLimits.cc: 213 -- NLL at global minimum of asimov = -11871.8 (r=0.0488388)
INFO: (function: getCLs) AsymptoticLimits.cc: 343 -- At r = 18.642030:	q_mu = 7.85642	q_A  = 15.73762	CLsb = 0.00253	CLb  = 0.87782	CLs  = 0.00288
INFO: (function: getCLs) AsymptoticLimits.cc: 343 -- At r = 12.333297:	q_mu = 1.96799	q_A  = 7.15330	CLsb = 0.08033	CLb  = 0.89826	CLs  = 0.08943
INFO: (function: getCLs) AsymptoticLimits.cc: 343 -- At r = 15.487663:	q_mu = 4.44515	q_A  = 11.03069	CLsb = 0.01750	CLb  = 0.88741	CLs  = 0.01972
INFO: (function: getCLs) AsymptoticLimits.cc: 343 -- At r = 13.934687:	q_mu = 3.09586	q_A  = 9.00887	CLsb = 0.03925	CLb  = 0.89288	CLs  = 0.04395
INFO: (function: getCLs) AsymptoticLimits.cc: 343 -- At r = 13.381975:	q_mu = 2.67536	q_A  = 8.34009	CLsb = 0.05096	CLb  = 0.89476	CLs  = 0.05695
INFO: (function: getCLs) AsymptoticLimits.cc: 343 -- At r = 13.604142:	q_mu = 2.84025	q_A  = 8.60291	CLsb = 0.04597	CLb  = 0.89394	CLs  = 0.05142
INFO: (function: getCLs) AsymptoticLimits.cc: 343 -- At r = 13.717414:	q_mu = 2.92635	q_A  = 8.74253	CLsb = 0.04357	CLb  = 0.89364	CLs  = 0.04876
INFO: (function: getCLs) AsymptoticLimits.cc: 343 -- At r = 13.651856:	q_mu = 2.87646	q_A  = 8.66055	CLsb = 0.04494	CLb  = 0.89378	CLs  = 0.05028
