INFO: (function: improveOnce) CascadeMinimizer.cc: 188 -- Minimisation configured with Type=Minuit2, Algo=Migrad, strategy=0, tolerance=0.1
INFO: (function: improveOnce) CascadeMinimizer.cc: 211 -- Minimisation finished with status=0
INFO: (function: improveOnce) CascadeMinimizer.cc: 216 -- Minimization success! status=0
INFO: (function: generateAsimov) ToyMCSamplerOpt.cc: 139 -- Using internal logic for binned/unbinned Asimov dataset generation
INFO: (function: generateWithHisto) ToyMCSamplerOpt.cc: 214 -- Generating asimov with histogram for pdf pdf_binfail_LOW_obsOnly: in 5 x-bins
INFO: (function: generateWithHisto) ToyMCSamplerOpt.cc: 215 -- , in 1 y-bins
INFO: (function: generateAsimov) ToyMCSamplerOpt.cc: 139 -- Using internal logic for binned/unbinned Asimov dataset generation
INFO: (function: generateWithHisto) ToyMCSamplerOpt.cc: 214 -- Generating asimov with histogram for pdf pdf_binfail_SIG_obsOnly: in 14 x-bins
INFO: (function: generateWithHisto) ToyMCSamplerOpt.cc: 215 -- , in 1 y-bins
INFO: (function: generateAsimov) ToyMCSamplerOpt.cc: 139 -- Using internal logic for binned/unbinned Asimov dataset generation
INFO: (function: generateWithHisto) ToyMCSamplerOpt.cc: 214 -- Generating asimov with histogram for pdf pdf_binpass_LOW_obsOnly: in 5 x-bins
INFO: (function: generateWithHisto) ToyMCSamplerOpt.cc: 215 -- , in 1 y-bins
INFO: (function: generateAsimov) ToyMCSamplerOpt.cc: 139 -- Using internal logic for binned/unbinned Asimov dataset generation
INFO: (function: generateWithHisto) ToyMCSamplerOpt.cc: 214 -- Generating asimov with histogram for pdf pdf_binpass_SIG_obsOnly: in 14 x-bins
INFO: (function: generateWithHisto) ToyMCSamplerOpt.cc: 215 -- , in 1 y-bins
INFO: (function: runLimitExpected) AsymptoticLimits.cc: 436 -- Median for expected limits = 0.0219727 (Sigma for expected limits = 0.0112107)
INFO: (function: runLimit) AsymptoticLimits.cc: 193 -- NLL at global minimum of data = -63705.6 (r=0.000153151)
INFO: (function: runLimit) AsymptoticLimits.cc: 213 -- NLL at global minimum of asimov = -63749.5 (r=0.000153151)
INFO: (function: getCLs) AsymptoticLimits.cc: 343 -- At r = 7.192719:	q_mu = 4034.15449	q_A  = 4069.70126	CLsb = 0.00000	CLb  = 0.60996	CLs  = 0.00000
INFO: (function: getCLs) AsymptoticLimits.cc: 343 -- At r = 3.596436:	q_mu = 1313.83036	q_A  = 1334.12047	CLsb = 0.00000	CLb  = 0.60981	CLs  = 0.00000
INFO: (function: getCLs) AsymptoticLimits.cc: 343 -- At r = 1.798295:	q_mu = 631.32389	q_A  = 638.18222	CLsb = 0.00000	CLb  = 0.55413	CLs  = 0.00000
INFO: (function: getCLs) AsymptoticLimits.cc: 343 -- At r = 0.899224:	q_mu = 333.26317	q_A  = 335.95169	CLsb = 0.00000	CLb  = 0.52929	CLs  = 0.00000
INFO: (function: getCLs) AsymptoticLimits.cc: 343 -- At r = 0.449689:	q_mu = 171.78036	q_A  = 171.17103	CLsb = 0.00000	CLb  = 0.49071	CLs  = 0.00000
INFO: (function: getCLs) AsymptoticLimits.cc: 343 -- At r = 0.224921:	q_mu = 81.45946	q_A  = 76.73714	CLsb = 0.00000	CLb  = 0.39376	CLs  = 0.00000
INFO: (function: getCLs) AsymptoticLimits.cc: 343 -- At r = 0.112537:	q_mu = 36.14213	q_A  = 33.74898	CLsb = 0.00000	CLb  = 0.41841	CLs  = 0.00000
INFO: (function: getCLs) AsymptoticLimits.cc: 343 -- At r = 0.056345:	q_mu = 15.49427	q_A  = 13.82683	CLsb = 0.00004	CLb  = 0.41130	CLs  = 0.00010
INFO: (function: getCLs) AsymptoticLimits.cc: 343 -- At r = 0.028249:	q_mu = 6.01025	q_A  = 5.35984	CLsb = 0.00703	CLb  = 0.44414	CLs  = 0.01583
INFO: (function: getCLs) AsymptoticLimits.cc: 343 -- At r = 0.014201:	q_mu = 1.96130	q_A  = 1.87095	CLsb = 0.08063	CLb  = 0.48683	CLs  = 0.16562
INFO: (function: getCLs) AsymptoticLimits.cc: 343 -- At r = 0.021225:	q_mu = 3.89530	q_A  = 3.51649	CLsb = 0.02406	CLb  = 0.45977	CLs  = 0.05234
INFO: (function: getCLs) AsymptoticLimits.cc: 343 -- At r = 0.022845:	q_mu = 4.37040	q_A  = 3.92712	CLsb = 0.01815	CLb  = 0.45547	CLs  = 0.03985
INFO: (function: getCLs) AsymptoticLimits.cc: 343 -- At r = 0.021766:	q_mu = 4.05304	q_A  = 3.65253	CLsb = 0.02190	CLb  = 0.45827	CLs  = 0.04779
INFO: (function: getCLs) AsymptoticLimits.cc: 343 -- At r = 0.021443:	q_mu = 3.95864	q_A  = 3.57104	CLsb = 0.02317	CLb  = 0.45916	CLs  = 0.05046
