INFO: (function: improveOnce) CascadeMinimizer.cc: 188 -- Minimisation configured with Type=Minuit2, Algo=Migrad, strategy=0, tolerance=0.1
INFO: (function: improveOnce) CascadeMinimizer.cc: 211 -- Minimisation finished with status=0
INFO: (function: improveOnce) CascadeMinimizer.cc: 216 -- Minimization success! status=0
INFO: (function: generateAsimov) ToyMCSamplerOpt.cc: 139 -- Using internal logic for binned/unbinned Asimov dataset generation
INFO: (function: generateWithHisto) ToyMCSamplerOpt.cc: 214 -- Generating asimov with histogram for pdf pdf_binfail_LOW_obsOnly: in 5 x-bins
INFO: (function: generateWithHisto) ToyMCSamplerOpt.cc: 215 -- , in 1 y-bins
INFO: (function: generateAsimov) ToyMCSamplerOpt.cc: 139 -- Using internal logic for binned/unbinned Asimov dataset generation
INFO: (function: generateWithHisto) ToyMCSamplerOpt.cc: 214 -- Generating asimov with histogram for pdf pdf_binfail_SIG_obsOnly: in 8 x-bins
INFO: (function: generateWithHisto) ToyMCSamplerOpt.cc: 215 -- , in 1 y-bins
INFO: (function: generateAsimov) ToyMCSamplerOpt.cc: 139 -- Using internal logic for binned/unbinned Asimov dataset generation
INFO: (function: generateWithHisto) ToyMCSamplerOpt.cc: 214 -- Generating asimov with histogram for pdf pdf_binpass_LOW_obsOnly: in 5 x-bins
INFO: (function: generateWithHisto) ToyMCSamplerOpt.cc: 215 -- , in 1 y-bins
INFO: (function: generateAsimov) ToyMCSamplerOpt.cc: 139 -- Using internal logic for binned/unbinned Asimov dataset generation
INFO: (function: generateWithHisto) ToyMCSamplerOpt.cc: 214 -- Generating asimov with histogram for pdf pdf_binpass_SIG_obsOnly: in 8 x-bins
INFO: (function: generateWithHisto) ToyMCSamplerOpt.cc: 215 -- , in 1 y-bins
INFO: (function: runLimitExpected) AsymptoticLimits.cc: 436 -- Median for expected limits = 0.0102539 (Sigma for expected limits = 0.00523168)
INFO: (function: runLimit) AsymptoticLimits.cc: 193 -- NLL at global minimum of data = -733538 (r=0.0366542)
INFO: (function: runLimit) AsymptoticLimits.cc: 213 -- NLL at global minimum of asimov = -733544 (r=3.41058e-05)
INFO: (function: getCLs) AsymptoticLimits.cc: 343 -- At r = 1.236654:	q_mu = 145.38030	q_A  = 182.12463	CLsb = 0.00000	CLb  = 0.92478	CLs  = 0.00000
INFO: (function: getCLs) AsymptoticLimits.cc: 343 -- At r = 0.636654:	q_mu = 70.47100	q_A  = 109.15957	CLsb = 0.00000	CLb  = 0.97998	CLs  = 0.00000
INFO: (function: getCLs) AsymptoticLimits.cc: 343 -- At r = 0.336654:	q_mu = 32.04122	q_A  = 71.48277	CLsb = 0.00000	CLb  = 0.99740	CLs  = 0.00000
INFO: (function: getCLs) AsymptoticLimits.cc: 343 -- At r = 0.186654:	q_mu = 7.98154	q_A  = 47.00024	CLsb = 0.00236	CLb  = 0.99997	CLs  = 0.00236
INFO: (function: getCLs) AsymptoticLimits.cc: 343 -- At r = 0.111654:	q_mu = 0.00000	q_A  = 32.83808	CLsb = 0.50000	CLb  = 1.00000	CLs  = 0.50000
INFO: (function: getCLs) AsymptoticLimits.cc: 343 -- At r = 0.149154:	q_mu = 1.36993	q_A  = 40.29778	CLsb = 0.12091	CLb  = 1.00000	CLs  = 0.12091
INFO: (function: getCLs) AsymptoticLimits.cc: 343 -- At r = 0.167904:	q_mu = 4.76044	q_A  = 43.71806	CLsb = 0.01456	CLb  = 1.00000	CLs  = 0.01456
INFO: (function: getCLs) AsymptoticLimits.cc: 343 -- At r = 0.158529:	q_mu = 3.09218	q_A  = 42.02857	CLsb = 0.03933	CLb  = 1.00000	CLs  = 0.03933
INFO: (function: getCLs) AsymptoticLimits.cc: 343 -- At r = 0.155052:	q_mu = 2.45986	q_A  = 41.39164	CLsb = 0.05839	CLb  = 1.00000	CLs  = 0.05839
INFO: (function: getCLs) AsymptoticLimits.cc: 343 -- At r = 0.156840:	q_mu = 2.78596	q_A  = 41.71985	CLsb = 0.04755	CLb  = 1.00000	CLs  = 0.04755
INFO: (function: getCLs) AsymptoticLimits.cc: 343 -- At r = 0.156132:	q_mu = 2.65712	q_A  = 41.59013	CLsb = 0.05154	CLb  = 1.00000	CLs  = 0.05154
INFO: (function: getCLs) AsymptoticLimits.cc: 343 -- At r = 0.156487:	q_mu = 2.72175	q_A  = 41.65520	CLsb = 0.04949	CLb  = 1.00000	CLs  = 0.04949
