INFO: (function: improveOnce) CascadeMinimizer.cc: 188 -- Minimisation configured with Type=Minuit2, Algo=Migrad, strategy=0, tolerance=0.1
INFO: (function: improveOnce) CascadeMinimizer.cc: 211 -- Minimisation finished with status=0
INFO: (function: improveOnce) CascadeMinimizer.cc: 216 -- Minimization success! status=0
INFO: (function: generateAsimov) ToyMCSamplerOpt.cc: 139 -- Using internal logic for binned/unbinned Asimov dataset generation
INFO: (function: generateWithHisto) ToyMCSamplerOpt.cc: 214 -- Generating asimov with histogram for pdf pdf_binfail_LOW_obsOnly: in 45 x-bins
INFO: (function: generateWithHisto) ToyMCSamplerOpt.cc: 215 -- , in 1 y-bins
INFO: (function: generateAsimov) ToyMCSamplerOpt.cc: 139 -- Using internal logic for binned/unbinned Asimov dataset generation
INFO: (function: generateWithHisto) ToyMCSamplerOpt.cc: 214 -- Generating asimov with histogram for pdf pdf_binfail_SIG_obsOnly: in 5 x-bins
INFO: (function: generateWithHisto) ToyMCSamplerOpt.cc: 215 -- , in 1 y-bins
INFO: (function: generateAsimov) ToyMCSamplerOpt.cc: 139 -- Using internal logic for binned/unbinned Asimov dataset generation
INFO: (function: generateWithHisto) ToyMCSamplerOpt.cc: 214 -- Generating asimov with histogram for pdf pdf_binpass_LOW_obsOnly: in 45 x-bins
INFO: (function: generateWithHisto) ToyMCSamplerOpt.cc: 215 -- , in 1 y-bins
INFO: (function: generateAsimov) ToyMCSamplerOpt.cc: 139 -- Using internal logic for binned/unbinned Asimov dataset generation
INFO: (function: generateWithHisto) ToyMCSamplerOpt.cc: 214 -- Generating asimov with histogram for pdf pdf_binpass_SIG_obsOnly: in 5 x-bins
INFO: (function: generateWithHisto) ToyMCSamplerOpt.cc: 215 -- , in 1 y-bins
DEBUG: (function: runLimitExpected) AsymptoticLimits.cc: 423 -- Best fit of asimov dataset is at r = 0.088181 (0.004409 times rMax), while it should be at zero
INFO: (function: runLimitExpected) AsymptoticLimits.cc: 436 -- Median for expected limits = 2039 (Sigma for expected limits = 1040.33)
INFO: (function: runLimit) AsymptoticLimits.cc: 193 -- NLL at global minimum of data = -59494.7 (r=302.673)
INFO: (function: runLimit) AsymptoticLimits.cc: 213 -- NLL at global minimum of asimov = -59593.7 (r=0.58758)
INFO: (function: getCLs) AsymptoticLimits.cc: 343 -- At r = 662.519926:	q_mu = 0.00000	q_A  = 1.03127	CLsb = 0.50000	CLb  = 0.84507	CLs  = 0.59167
INFO: (function: getCLs) AsymptoticLimits.cc: 343 -- At r = 1325.039851:	q_mu = 0.00000	q_A  = 2.05864	CLsb = 0.50000	CLb  = 0.92433	CLs  = 0.54093
INFO: (function: getCLs) AsymptoticLimits.cc: 343 -- At r = 2650.079703:	q_mu = 0.00000	q_A  = 5.87657	CLsb = 0.50000	CLb  = 0.99233	CLs  = 0.50387
INFO: (function: getCLs) AsymptoticLimits.cc: 343 -- At r = 5300.159406:	q_mu = 0.00000	q_A  = 19.92699	CLsb = 0.50000	CLb  = 1.00000	CLs  = 0.50000
INFO: (function: getCLs) AsymptoticLimits.cc: 343 -- At r = 10600.318812:	q_mu = 0.00000	q_A  = 69.48779	CLsb = 0.50000	CLb  = 1.00000	CLs  = 0.50000
INFO: (function: getCLs) AsymptoticLimits.cc: 343 -- At r = 10751.655380:	q_mu = 0.00000	q_A  = 71.28317	CLsb = 0.50000	CLb  = 1.00000	CLs  = 0.50000
INFO: (function: getCLs) AsymptoticLimits.cc: 343 -- At r = 15976.146502:	q_mu = 67.88461	q_A  = 144.40546	CLsb = 0.00000	CLb  = 0.99992	CLs  = 0.00000
INFO: (function: getCLs) AsymptoticLimits.cc: 343 -- At r = 13363.900941:	q_mu = 27.91212	q_A  = 105.26497	CLsb = 0.00000	CLb  = 1.00000	CLs  = 0.00000
INFO: (function: getCLs) AsymptoticLimits.cc: 343 -- At r = 12057.778160:	q_mu = 9.91128	q_A  = 87.58023	CLsb = 0.00082	CLb  = 1.00000	CLs  = 0.00082
INFO: (function: getCLs) AsymptoticLimits.cc: 343 -- At r = 11404.716770:	q_mu = 1.44656	q_A  = 79.25259	CLsb = 0.11454	CLb  = 1.00000	CLs  = 0.11454
INFO: (function: getCLs) AsymptoticLimits.cc: 343 -- At r = 11731.247465:	q_mu = 5.63328	q_A  = 83.37232	CLsb = 0.00881	CLb  = 1.00000	CLs  = 0.00881
INFO: (function: getCLs) AsymptoticLimits.cc: 343 -- At r = 11567.982118:	q_mu = 3.52904	q_A  = 81.30198	CLsb = 0.03015	CLb  = 1.00000	CLs  = 0.03015
INFO: (function: getCLs) AsymptoticLimits.cc: 343 -- At r = 11485.832715:	q_mu = 2.47794	q_A  = 80.26789	CLsb = 0.05773	CLb  = 1.00000	CLs  = 0.05773
INFO: (function: getCLs) AsymptoticLimits.cc: 343 -- At r = 11516.802763:	q_mu = 2.87328	q_A  = 80.65674	CLsb = 0.04503	CLb  = 1.00000	CLs  = 0.04503
