 <<< Combine >>> 
>>> random number generator seed is 123456
>>> method used is FitDiagnostics
Warning: Did not find a parameter with name mask_pass_HIGH
Set Default Value of Parameter mask_pass_SIG To : 1
Set Default Value of Parameter r To : 1
>>> 1 out of 4 channels masked

SimNLL created with 0 channels, 0 generic constraints, 6 fast gaussian constraints, 0 fast poisson constraints, 0 fast group constraints, 
SimNLL created with 4 channels, 0 generic constraints, 6 fast gaussian constraints, 0 fast poisson constraints, 0 fast group constraints, 
  [WARNING] Found [Background_fail_SIG_bin_1-1] at boundary. 
  [WARNING] Found [Background_fail_SIG_bin_2-1] at boundary. 
 [WARNING] After the fit some parameters are at their boundary.
 [WARNING] Are you sure your model is correct?
Running Minos for POI 
[#0] WARNING:Minization -- RooMinimizerFcn: Minimized function has error status.
Returning maximum FCN so far (3.02536e+26) to force MIGRAD to back out of this region. Error log follows
Parameter values: Background_fail_LOW_bin_1-1=11029.3, Background_fail_LOW_bin_2-1=444.23, Background_fail_LOW_bin_3-1=3404.97, Background_fail_LOW_bin_4-1=7481.59, Background_fail_LOW_bin_5-1=6675.75, Background_fail_LOW_bin_6-1=42257, Background_fail_SIG_bin_1-1=16896.8, Background_fail_SIG_bin_2-1=37305.5, Background_rpf_0x0_par0=1.11584, lumi=1.36323, pileup=-21.5556, r=0.541737, systOnF=10.4663, systOnG=40.8662, systOnPt=0, systOnTrigger=41.6171

[#0] WARNING:Minization -- RooMinimizerFcn: Minimized function has error status.
Returning maximum FCN so far (3.02536e+26) to force MIGRAD to back out of this region. Error log follows
Parameter values: Background_fail_LOW_bin_1-1=16178.3, Background_fail_LOW_bin_2-1=242.388, Background_fail_LOW_bin_3-1=3588.79, Background_fail_LOW_bin_4-1=8608.11, Background_fail_LOW_bin_5-1=7546.57, Background_fail_LOW_bin_6-1=55018.3, Background_fail_SIG_bin_1-1=26803, Background_fail_SIG_bin_2-1=18198.7, Background_rpf_0x0_par0=1.64621, lumi=4.88762, pileup=-16.4971, r=0.583957, systOnF=-8.06597, systOnG=50.0526, systOnPt=0, systOnTrigger=29.38

[#0] WARNING:Minization -- RooMinimizerFcn: Minimized function has error status.
Returning maximum FCN so far (3.02536e+26) to force MIGRAD to back out of this region. Error log follows
Parameter values: Background_fail_LOW_bin_1-1=17948, Background_fail_LOW_bin_2-1=83.7559, Background_fail_LOW_bin_3-1=2978.98, Background_fail_LOW_bin_4-1=7773.21, Background_fail_LOW_bin_5-1=6736.52, Background_fail_LOW_bin_6-1=70603.2, Background_fail_SIG_bin_1-1=23948.1, Background_fail_SIG_bin_2-1=21960.4, Background_rpf_0x0_par0=1.5258, lumi=6.08623, pileup=-19.0345, r=0.626177, systOnF=2.07183, systOnG=44.1774, systOnPt=0, systOnTrigger=22.232

>> Found 16 floating parameters
>> The following parameters are protected in the event of negative eigenvalues: r
>> Verifying eigenvalues are all positive (iteration 0)
Eigenvalue 14 : -0.00194744
 - 0.703345	Background_fail_LOW_bin_1-1
 - -0.43688	systOnTrigger
 - -0.376197	r
 - 0.326695	Background_fail_LOW_bin_2-1
 - 0.167785	Background_fail_LOW_bin_3-1
Eigenvalue 15 : -0.00621952
 - -0.674711	systOnG
 - 0.394406	Background_fail_SIG_bin_1-1
 - 0.379982	Background_fail_SIG_bin_2-1
 - 0.256495	Background_fail_LOW_bin_6-1
 - 0.243131	Background_fail_LOW_bin_4-1
>> Attempt 0 failed, remove the variable with largest eigenvector component...
>> Dropping systOnG from the hessian
>> Verifying eigenvalues are all positive (iteration 1)
Eigenvalue 14 : -0.00213904
 - -0.674211	Background_fail_LOW_bin_1-1
 - 0.420241	systOnTrigger
 - 0.392681	r
 - -0.353394	Background_fail_LOW_bin_2-1
 - -0.209428	Background_fail_LOW_bin_3-1
>> Attempt 1 failed, remove the variable with largest eigenvector component...
>> Dropping Background_fail_LOW_bin_1-1 from the hessian
>> Verifying eigenvalues are all positive (iteration 2)
>> All eigenvalues are positive
>> Inverting Hessian...
>> Matrix inverted
>> Note: the following parameters were dropped to make the covariance matrix pos-def:
     - systOnG
     - Background_fail_LOW_bin_1-1

 --- FitDiagnostics ---
Best fit r: 0.366377  -0.366377/+29.6336  (68% CL)
Done in 0.01 min (cpu), 0.01 min (real)
Printing Message Summary From ... combine_logger.out
----------------------------------------------
Messages of type INFO : 22
Messages of type DEBUG : 2
Messages of type ERROR : 0
----------------------------------------------
INFO: (function: improveOnce) CascadeMinimizer.cc: 188 -- Minimisation configured with Type=Minuit2, Algo=Migrad, strategy=0, tolerance=0.1
INFO: (function: improveOnce) CascadeMinimizer.cc: 211 -- Minimisation finished with status=0
INFO: (function: improveOnce) CascadeMinimizer.cc: 216 -- Minimization success! status=0
INFO: (function: improveOnce) CascadeMinimizer.cc: 188 -- Minimisation configured with Type=Minuit2, Algo=Migrad, strategy=0, tolerance=0.1
INFO: (function: improveOnce) CascadeMinimizer.cc: 211 -- Minimisation finished with status=0
INFO: (function: improveOnce) CascadeMinimizer.cc: 216 -- Minimization success! status=0
INFO: (function: improveOnce) CascadeMinimizer.cc: 188 -- Minimisation configured with Type=Minuit2, Algo=Migrad, strategy=0, tolerance=0.1
INFO: (function: improveOnce) CascadeMinimizer.cc: 211 -- Minimisation finished with status=0
INFO: (function: improveOnce) CascadeMinimizer.cc: 216 -- Minimization success! status=0
INFO: (function: improveOnce) CascadeMinimizer.cc: 188 -- Minimisation configured with Type=Minuit2, Algo=Migrad, strategy=0, tolerance=0.1
INFO: (function: improveOnce) CascadeMinimizer.cc: 211 -- Minimisation finished with status=0
INFO: (function: improveOnce) CascadeMinimizer.cc: 216 -- Minimization success! status=0
DEBUG: (function: runSpecific) FitDiagnostics.cc: 318 -- Fit B-only, status = 0, numBadNLL = 0, covariance quality = -1
INFO: (function: improveOnce) CascadeMinimizer.cc: 188 -- Minimisation configured with Type=Minuit2, Algo=Migrad, strategy=0, tolerance=0.1
INFO: (function: improveOnce) CascadeMinimizer.cc: 211 -- Minimisation finished with status=0
INFO: (function: improveOnce) CascadeMinimizer.cc: 216 -- Minimization success! status=0
INFO: (function: anyParameterAtBoundaries) utils.cc: 1039 -- Found parameter Background_fail_SIG_bin_1-1 at boundary (within ~1sigma): 0.00629497+/-4.51987
INFO: (function: anyParameterAtBoundaries) utils.cc: 1039 -- Found parameter Background_fail_SIG_bin_2-1 at boundary (within ~1sigma): 0.132724+/-2.73464
INFO: (function: minimize) CascadeMinimizer.cc: 480 -- After fit, some parameters are found at the boundary (within ~1sigma)
INFO: (function: improveOnce) CascadeMinimizer.cc: 188 -- Minimisation configured with Type=Minuit2, Algo=Migrad, strategy=0, tolerance=0.1
INFO: (function: improveOnce) CascadeMinimizer.cc: 211 -- Minimisation finished with status=0
INFO: (function: improveOnce) CascadeMinimizer.cc: 216 -- Minimization success! status=0
INFO: (function: doFit) FitterAlgoBase.cc: 343 -- Running Minos for POI r
DEBUG: (function: runSpecific) FitDiagnostics.cc: 443 -- Fit S+B, status = 0, numBadNLL = 0, covariance quality = -1
