INFO: (function: improveOnce) CascadeMinimizer.cc: 188 -- Minimisation configured with Type=Minuit2, Algo=Migrad, strategy=0, tolerance=0.1
INFO: (function: improveOnce) CascadeMinimizer.cc: 211 -- Minimisation finished with status=0
INFO: (function: improveOnce) CascadeMinimizer.cc: 216 -- Minimization success! status=0
INFO: (function: generateAsimov) ToyMCSamplerOpt.cc: 139 -- Using internal logic for binned/unbinned Asimov dataset generation
INFO: (function: generateWithHisto) ToyMCSamplerOpt.cc: 214 -- Generating asimov with histogram for pdf pdf_binfail_LOW_obsOnly: in 5 x-bins
INFO: (function: generateWithHisto) ToyMCSamplerOpt.cc: 215 -- , in 1 y-bins
INFO: (function: generateAsimov) ToyMCSamplerOpt.cc: 139 -- Using internal logic for binned/unbinned Asimov dataset generation
INFO: (function: generateWithHisto) ToyMCSamplerOpt.cc: 214 -- Generating asimov with histogram for pdf pdf_binfail_SIG_obsOnly: in 4 x-bins
INFO: (function: generateWithHisto) ToyMCSamplerOpt.cc: 215 -- , in 1 y-bins
INFO: (function: generateAsimov) ToyMCSamplerOpt.cc: 139 -- Using internal logic for binned/unbinned Asimov dataset generation
INFO: (function: generateWithHisto) ToyMCSamplerOpt.cc: 214 -- Generating asimov with histogram for pdf pdf_binpass_LOW_obsOnly: in 5 x-bins
INFO: (function: generateWithHisto) ToyMCSamplerOpt.cc: 215 -- , in 1 y-bins
INFO: (function: generateAsimov) ToyMCSamplerOpt.cc: 139 -- Using internal logic for binned/unbinned Asimov dataset generation
INFO: (function: generateWithHisto) ToyMCSamplerOpt.cc: 214 -- Generating asimov with histogram for pdf pdf_binpass_SIG_obsOnly: in 4 x-bins
INFO: (function: generateWithHisto) ToyMCSamplerOpt.cc: 215 -- , in 1 y-bins
INFO: (function: runLimitExpected) AsymptoticLimits.cc: 436 -- Median for expected limits = 17.375 (Sigma for expected limits = 8.86496)
INFO: (function: runLimit) AsymptoticLimits.cc: 193 -- NLL at global minimum of data = -76464.6 (r=3.29059)
INFO: (function: runLimit) AsymptoticLimits.cc: 213 -- NLL at global minimum of asimov = -76466.4 (r=0.100686)
INFO: (function: getCLs) AsymptoticLimits.cc: 343 -- At r = 19.016865:	q_mu = 2.44131	q_A  = 4.20926	CLsb = 0.05909	CLb  = 0.68764	CLs  = 0.08593
INFO: (function: getCLs) AsymptoticLimits.cc: 343 -- At r = 38.033731:	q_mu = 5.80039	q_A  = 8.01097	CLsb = 0.00801	CLb  = 0.66347	CLs  = 0.01207
INFO: (function: getCLs) AsymptoticLimits.cc: 343 -- At r = 20.662159:	q_mu = 2.74807	q_A  = 4.57228	CLsb = 0.04869	CLb  = 0.68459	CLs  = 0.07112
INFO: (function: getCLs) AsymptoticLimits.cc: 343 -- At r = 29.347945:	q_mu = 4.32244	q_A  = 6.37488	CLsb = 0.01881	CLb  = 0.67213	CLs  = 0.02798
INFO: (function: getCLs) AsymptoticLimits.cc: 343 -- At r = 25.023672:	q_mu = 3.54965	q_A  = 5.50041	CLsb = 0.02978	CLb  = 0.67769	CLs  = 0.04394
INFO: (function: getCLs) AsymptoticLimits.cc: 343 -- At r = 23.215391:	q_mu = 3.21972	q_A  = 5.12149	CLsb = 0.03638	CLb  = 0.68036	CLs  = 0.05347
INFO: (function: getCLs) AsymptoticLimits.cc: 343 -- At r = 24.071519:	q_mu = 3.37639	q_A  = 5.30190	CLsb = 0.03307	CLb  = 0.67907	CLs  = 0.04870
INFO: (function: getCLs) AsymptoticLimits.cc: 343 -- At r = 23.706797:	q_mu = 3.30975	q_A  = 5.22527	CLsb = 0.03444	CLb  = 0.67961	CLs  = 0.05067
INFO: (function: getCLs) AsymptoticLimits.cc: 343 -- At r = 23.877398:	q_mu = 3.34094	q_A  = 5.26115	CLsb = 0.03379	CLb  = 0.67936	CLs  = 0.04974
INFO: (function: getCLs) AsymptoticLimits.cc: 343 -- At r = 23.804332:	q_mu = 3.32758	q_A  = 5.24579	CLsb = 0.03406	CLb  = 0.67947	CLs  = 0.05013
