INFO: (function: improveOnce) CascadeMinimizer.cc: 188 -- Minimisation configured with Type=Minuit2, Algo=Migrad, strategy=0, tolerance=0.1
INFO: (function: improveOnce) CascadeMinimizer.cc: 211 -- Minimisation finished with status=0
INFO: (function: improveOnce) CascadeMinimizer.cc: 216 -- Minimization success! status=0
INFO: (function: generateAsimov) ToyMCSamplerOpt.cc: 139 -- Using internal logic for binned/unbinned Asimov dataset generation
INFO: (function: generateWithHisto) ToyMCSamplerOpt.cc: 214 -- Generating asimov with histogram for pdf pdf_binfail_LOW_obsOnly: in 5 x-bins
INFO: (function: generateWithHisto) ToyMCSamplerOpt.cc: 215 -- , in 1 y-bins
INFO: (function: generateAsimov) ToyMCSamplerOpt.cc: 139 -- Using internal logic for binned/unbinned Asimov dataset generation
INFO: (function: generateWithHisto) ToyMCSamplerOpt.cc: 214 -- Generating asimov with histogram for pdf pdf_binfail_SIG_obsOnly: in 4 x-bins
INFO: (function: generateWithHisto) ToyMCSamplerOpt.cc: 215 -- , in 1 y-bins
INFO: (function: generateAsimov) ToyMCSamplerOpt.cc: 139 -- Using internal logic for binned/unbinned Asimov dataset generation
INFO: (function: generateWithHisto) ToyMCSamplerOpt.cc: 214 -- Generating asimov with histogram for pdf pdf_binpass_LOW_obsOnly: in 5 x-bins
INFO: (function: generateWithHisto) ToyMCSamplerOpt.cc: 215 -- , in 1 y-bins
INFO: (function: generateAsimov) ToyMCSamplerOpt.cc: 139 -- Using internal logic for binned/unbinned Asimov dataset generation
INFO: (function: generateWithHisto) ToyMCSamplerOpt.cc: 214 -- Generating asimov with histogram for pdf pdf_binpass_SIG_obsOnly: in 4 x-bins
INFO: (function: generateWithHisto) ToyMCSamplerOpt.cc: 215 -- , in 1 y-bins
INFO: (function: runLimitExpected) AsymptoticLimits.cc: 436 -- Median for expected limits = 60.5 (Sigma for expected limits = 30.8679)
INFO: (function: runLimit) AsymptoticLimits.cc: 193 -- NLL at global minimum of data = -76464.3 (r=13.5374)
INFO: (function: runLimit) AsymptoticLimits.cc: 213 -- NLL at global minimum of asimov = -76465.9 (r=0.15981)
INFO: (function: getCLs) AsymptoticLimits.cc: 343 -- At r = 81.056334:	q_mu = 3.39290	q_A  = 5.43611	CLsb = 0.03274	CLb  = 0.68778	CLs  = 0.04760
INFO: (function: getCLs) AsymptoticLimits.cc: 343 -- At r = 47.296858:	q_mu = 1.27867	q_A  = 2.83583	CLsb = 0.12907	CLb  = 0.70994	CLs  = 0.18181
INFO: (function: getCLs) AsymptoticLimits.cc: 343 -- At r = 64.176596:	q_mu = 2.29430	q_A  = 4.12646	CLsb = 0.06492	CLb  = 0.69731	CLs  = 0.09311
INFO: (function: getCLs) AsymptoticLimits.cc: 343 -- At r = 76.690675:	q_mu = 3.10312	q_A  = 5.09656	CLsb = 0.03907	CLb  = 0.69005	CLs  = 0.05662
INFO: (function: getCLs) AsymptoticLimits.cc: 343 -- At r = 79.193542:	q_mu = 3.26886	q_A  = 5.29121	CLsb = 0.03530	CLb  = 0.68873	CLs  = 0.05126
INFO: (function: getCLs) AsymptoticLimits.cc: 343 -- At r = 80.066476:	q_mu = 3.32693	q_A  = 5.35906	CLsb = 0.03408	CLb  = 0.68828	CLs  = 0.04951
INFO: (function: getCLs) AsymptoticLimits.cc: 343 -- At r = 79.693828:	q_mu = 3.30213	q_A  = 5.33007	CLsb = 0.03460	CLb  = 0.68847	CLs  = 0.05025
INFO: (function: getCLs) AsymptoticLimits.cc: 343 -- At r = 79.868435:	q_mu = 3.31375	q_A  = 5.34365	CLsb = 0.03435	CLb  = 0.68838	CLs  = 0.04990
