INFO: (function: improveOnce) CascadeMinimizer.cc: 188 -- Minimisation configured with Type=Minuit2, Algo=Migrad, strategy=0, tolerance=0.1
INFO: (function: improveOnce) CascadeMinimizer.cc: 211 -- Minimisation finished with status=0
INFO: (function: improveOnce) CascadeMinimizer.cc: 216 -- Minimization success! status=0
INFO: (function: generateAsimov) ToyMCSamplerOpt.cc: 139 -- Using internal logic for binned/unbinned Asimov dataset generation
INFO: (function: generateWithHisto) ToyMCSamplerOpt.cc: 214 -- Generating asimov with histogram for pdf pdf_binfail_LOW_obsOnly: in 5 x-bins
INFO: (function: generateWithHisto) ToyMCSamplerOpt.cc: 215 -- , in 1 y-bins
INFO: (function: generateAsimov) ToyMCSamplerOpt.cc: 139 -- Using internal logic for binned/unbinned Asimov dataset generation
INFO: (function: generateWithHisto) ToyMCSamplerOpt.cc: 214 -- Generating asimov with histogram for pdf pdf_binfail_SIG_obsOnly: in 4 x-bins
INFO: (function: generateWithHisto) ToyMCSamplerOpt.cc: 215 -- , in 1 y-bins
INFO: (function: generateAsimov) ToyMCSamplerOpt.cc: 139 -- Using internal logic for binned/unbinned Asimov dataset generation
INFO: (function: generateWithHisto) ToyMCSamplerOpt.cc: 214 -- Generating asimov with histogram for pdf pdf_binpass_LOW_obsOnly: in 5 x-bins
INFO: (function: generateWithHisto) ToyMCSamplerOpt.cc: 215 -- , in 1 y-bins
INFO: (function: generateAsimov) ToyMCSamplerOpt.cc: 139 -- Using internal logic for binned/unbinned Asimov dataset generation
INFO: (function: generateWithHisto) ToyMCSamplerOpt.cc: 214 -- Generating asimov with histogram for pdf pdf_binpass_SIG_obsOnly: in 4 x-bins
INFO: (function: generateWithHisto) ToyMCSamplerOpt.cc: 215 -- , in 1 y-bins
INFO: (function: runLimitExpected) AsymptoticLimits.cc: 436 -- Median for expected limits = 0.6875 (Sigma for expected limits = 0.350772)
INFO: (function: runLimit) AsymptoticLimits.cc: 193 -- NLL at global minimum of data = -76466.6 (r=0.138098)
INFO: (function: runLimit) AsymptoticLimits.cc: 213 -- NLL at global minimum of asimov = -76467.6 (r=0.000879027)
INFO: (function: getCLs) AsymptoticLimits.cc: 343 -- At r = 1.338098:	q_mu = 5.56962	q_A  = 7.66412	CLsb = 0.00914	CLb  = 0.65851	CLs  = 0.01388
INFO: (function: getCLs) AsymptoticLimits.cc: 343 -- At r = 0.738098:	q_mu = 2.43179	q_A  = 4.15493	CLsb = 0.05945	CLb  = 0.68401	CLs  = 0.08691
INFO: (function: getCLs) AsymptoticLimits.cc: 343 -- At r = 1.038098:	q_mu = 4.01335	q_A  = 5.95957	CLsb = 0.02257	CLb  = 0.66927	CLs  = 0.03372
INFO: (function: getCLs) AsymptoticLimits.cc: 343 -- At r = 0.878262:	q_mu = 3.17044	q_A  = 5.01040	CLsb = 0.03749	CLb  = 0.67646	CLs  = 0.05542
INFO: (function: getCLs) AsymptoticLimits.cc: 343 -- At r = 0.936733:	q_mu = 3.47926	q_A  = 5.36084	CLsb = 0.03107	CLb  = 0.67367	CLs  = 0.04612
INFO: (function: getCLs) AsymptoticLimits.cc: 343 -- At r = 0.904482:	q_mu = 3.30895	q_A  = 5.16804	CLsb = 0.03445	CLb  = 0.67519	CLs  = 0.05103
INFO: (function: getCLs) AsymptoticLimits.cc: 343 -- At r = 0.916117:	q_mu = 3.37040	q_A  = 5.23769	CLsb = 0.03319	CLb  = 0.67463	CLs  = 0.04920
INFO: (function: getCLs) AsymptoticLimits.cc: 343 -- At r = 0.909656:	q_mu = 3.33628	q_A  = 5.19907	CLsb = 0.03388	CLb  = 0.67494	CLs  = 0.05020
INFO: (function: getCLs) AsymptoticLimits.cc: 343 -- At r = 0.911980:	q_mu = 3.34855	q_A  = 5.21291	CLsb = 0.03363	CLb  = 0.67482	CLs  = 0.04984
