 <<< Combine >>> 
>>> random number generator seed is 123456
>>> method used is FitDiagnostics
Warning: Did not find a parameter with name mask_pass_HIGH
Set Default Value of Parameter mask_pass_SIG To : 1
Set Default Value of Parameter r To : 1
>>> 1 out of 4 channels masked

SimNLL created with 0 channels, 0 generic constraints, 9 fast gaussian constraints, 0 fast poisson constraints, 0 fast group constraints, 
SimNLL created with 4 channels, 0 generic constraints, 9 fast gaussian constraints, 0 fast poisson constraints, 0 fast group constraints, 
  [WARNING] Found [Background_fail_LOW_bin_1-1] at boundary. 
  [WARNING] Found [Background_fail_LOW_bin_2-1] at boundary. 
  [WARNING] Found [Background_fail_LOW_bin_3-1] at boundary. 
  [WARNING] Found [Background_fail_LOW_bin_4-1] at boundary. 
  [WARNING] Found [Background_fail_LOW_bin_5-1] at boundary. 
  [WARNING] Found [Background_fail_SIG_bin_1-1] at boundary. 
  [WARNING] Found [Background_fail_SIG_bin_2-1] at boundary. 
  [WARNING] Found [Background_fail_SIG_bin_3-1] at boundary. 
  [WARNING] Found [Background_fail_SIG_bin_4-1] at boundary. 
  [WARNING] Found [Background_rpf_0x0_par0] at boundary. 
 [WARNING] After the fit some parameters are at their boundary.
 [WARNING] Are you sure your model is correct?
Running Minos for POI 
>> Found 20 floating parameters
>> The following parameters are protected in the event of negative eigenvalues: r
>> Verifying eigenvalues are all positive (iteration 0)
Eigenvalue 19 : -0.045621
 - 0.721284	r
 - -0.692553	Background_fail_SIG_bin_4-1
 - -0.0105996	systOnTrigger
 - -0.0028254	pileup
 - -0.00059986	lumi
>> Attempt 0 failed, remove the variable with largest eigenvector component...
>> Dropping Background_fail_SIG_bin_4-1 from the hessian
>> Verifying eigenvalues are all positive (iteration 1)
>> All eigenvalues are positive
>> Inverting Hessian...
>> Matrix inverted
>> Note: the following parameters were dropped to make the covariance matrix pos-def:
     - Background_fail_SIG_bin_4-1

 --- FitDiagnostics ---
Best fit r: 0.000222485  -0.000222485/+29.9998  (68% CL)
Done in 0.01 min (cpu), 0.01 min (real)
Printing Message Summary From ... combine_logger.out
----------------------------------------------
Messages of type INFO : 30
Messages of type DEBUG : 2
Messages of type ERROR : 0
----------------------------------------------
INFO: (function: improveOnce) CascadeMinimizer.cc: 188 -- Minimisation configured with Type=Minuit2, Algo=Migrad, strategy=0, tolerance=0.1
INFO: (function: improveOnce) CascadeMinimizer.cc: 211 -- Minimisation finished with status=0
INFO: (function: improveOnce) CascadeMinimizer.cc: 216 -- Minimization success! status=0
INFO: (function: improveOnce) CascadeMinimizer.cc: 188 -- Minimisation configured with Type=Minuit2, Algo=Migrad, strategy=0, tolerance=0.1
INFO: (function: improveOnce) CascadeMinimizer.cc: 211 -- Minimisation finished with status=0
INFO: (function: improveOnce) CascadeMinimizer.cc: 216 -- Minimization success! status=0
INFO: (function: improveOnce) CascadeMinimizer.cc: 188 -- Minimisation configured with Type=Minuit2, Algo=Migrad, strategy=0, tolerance=0.1
INFO: (function: improveOnce) CascadeMinimizer.cc: 211 -- Minimisation finished with status=0
INFO: (function: improveOnce) CascadeMinimizer.cc: 216 -- Minimization success! status=0
INFO: (function: improveOnce) CascadeMinimizer.cc: 188 -- Minimisation configured with Type=Minuit2, Algo=Migrad, strategy=0, tolerance=0.1
INFO: (function: improveOnce) CascadeMinimizer.cc: 211 -- Minimisation finished with status=0
INFO: (function: improveOnce) CascadeMinimizer.cc: 216 -- Minimization success! status=0
DEBUG: (function: runSpecific) FitDiagnostics.cc: 318 -- Fit B-only, status = 0, numBadNLL = 0, covariance quality = -1
INFO: (function: improveOnce) CascadeMinimizer.cc: 188 -- Minimisation configured with Type=Minuit2, Algo=Migrad, strategy=0, tolerance=0.1
INFO: (function: improveOnce) CascadeMinimizer.cc: 211 -- Minimisation finished with status=0
INFO: (function: improveOnce) CascadeMinimizer.cc: 216 -- Minimization success! status=0
INFO: (function: anyParameterAtBoundaries) utils.cc: 1039 -- Found parameter Background_fail_LOW_bin_1-1 at boundary (within ~1sigma): 219220+/-7.73851e+08
INFO: (function: anyParameterAtBoundaries) utils.cc: 1039 -- Found parameter Background_fail_LOW_bin_2-1 at boundary (within ~1sigma): 20505.2+/-7.79061e+08
INFO: (function: anyParameterAtBoundaries) utils.cc: 1039 -- Found parameter Background_fail_LOW_bin_3-1 at boundary (within ~1sigma): 3548.8+/-7.80382e+08
INFO: (function: anyParameterAtBoundaries) utils.cc: 1039 -- Found parameter Background_fail_LOW_bin_4-1 at boundary (within ~1sigma): 881.846+/-7.80852e+08
INFO: (function: anyParameterAtBoundaries) utils.cc: 1039 -- Found parameter Background_fail_LOW_bin_5-1 at boundary (within ~1sigma): 233.104+/-7.81079e+08
INFO: (function: anyParameterAtBoundaries) utils.cc: 1039 -- Found parameter Background_fail_SIG_bin_1-1 at boundary (within ~1sigma): 81.003+/-7.81177e+08
INFO: (function: anyParameterAtBoundaries) utils.cc: 1039 -- Found parameter Background_fail_SIG_bin_2-1 at boundary (within ~1sigma): 17.003+/-7.81254e+08
INFO: (function: anyParameterAtBoundaries) utils.cc: 1039 -- Found parameter Background_fail_SIG_bin_3-1 at boundary (within ~1sigma): 10.001+/-7.81269e+08
INFO: (function: anyParameterAtBoundaries) utils.cc: 1039 -- Found parameter Background_fail_SIG_bin_4-1 at boundary (within ~1sigma): 1.98542+/-7.81341e+08
INFO: (function: anyParameterAtBoundaries) utils.cc: 1039 -- Found parameter Background_rpf_0x0_par0 at boundary (within ~1sigma): 1.66874+/-45.7977
INFO: (function: minimize) CascadeMinimizer.cc: 480 -- After fit, some parameters are found at the boundary (within ~1sigma)
INFO: (function: improveOnce) CascadeMinimizer.cc: 188 -- Minimisation configured with Type=Minuit2, Algo=Migrad, strategy=0, tolerance=0.1
INFO: (function: improveOnce) CascadeMinimizer.cc: 211 -- Minimisation finished with status=0
INFO: (function: improveOnce) CascadeMinimizer.cc: 216 -- Minimization success! status=0
INFO: (function: doFit) FitterAlgoBase.cc: 343 -- Running Minos for POI r
DEBUG: (function: runSpecific) FitDiagnostics.cc: 443 -- Fit S+B, status = 0, numBadNLL = 0, covariance quality = -1
