INFO: (function: improveOnce) CascadeMinimizer.cc: 188 -- Minimisation configured with Type=Minuit2, Algo=Migrad, strategy=0, tolerance=0.1
INFO: (function: improveOnce) CascadeMinimizer.cc: 211 -- Minimisation finished with status=0
INFO: (function: improveOnce) CascadeMinimizer.cc: 216 -- Minimization success! status=0
INFO: (function: generateAsimov) ToyMCSamplerOpt.cc: 139 -- Using internal logic for binned/unbinned Asimov dataset generation
INFO: (function: generateWithHisto) ToyMCSamplerOpt.cc: 214 -- Generating asimov with histogram for pdf pdf_binfail_LOW_obsOnly: in 5 x-bins
INFO: (function: generateWithHisto) ToyMCSamplerOpt.cc: 215 -- , in 1 y-bins
INFO: (function: generateAsimov) ToyMCSamplerOpt.cc: 139 -- Using internal logic for binned/unbinned Asimov dataset generation
INFO: (function: generateWithHisto) ToyMCSamplerOpt.cc: 214 -- Generating asimov with histogram for pdf pdf_binfail_SIG_obsOnly: in 4 x-bins
INFO: (function: generateWithHisto) ToyMCSamplerOpt.cc: 215 -- , in 1 y-bins
INFO: (function: generateAsimov) ToyMCSamplerOpt.cc: 139 -- Using internal logic for binned/unbinned Asimov dataset generation
INFO: (function: generateWithHisto) ToyMCSamplerOpt.cc: 214 -- Generating asimov with histogram for pdf pdf_binpass_LOW_obsOnly: in 5 x-bins
INFO: (function: generateWithHisto) ToyMCSamplerOpt.cc: 215 -- , in 1 y-bins
INFO: (function: generateAsimov) ToyMCSamplerOpt.cc: 139 -- Using internal logic for binned/unbinned Asimov dataset generation
INFO: (function: generateWithHisto) ToyMCSamplerOpt.cc: 214 -- Generating asimov with histogram for pdf pdf_binpass_SIG_obsOnly: in 4 x-bins
INFO: (function: generateWithHisto) ToyMCSamplerOpt.cc: 215 -- , in 1 y-bins
INFO: (function: runLimitExpected) AsymptoticLimits.cc: 436 -- Median for expected limits = 0.0229492 (Sigma for expected limits = 0.011709)
INFO: (function: runLimit) AsymptoticLimits.cc: 193 -- NLL at global minimum of data = -76779.1 (r=0.00416227)
INFO: (function: runLimit) AsymptoticLimits.cc: 213 -- NLL at global minimum of asimov = -76784.1 (r=1.67219e-08)
INFO: (function: getCLs) AsymptoticLimits.cc: 343 -- At r = 1.204162:	q_mu = 47.52112	q_A  = 50.92942	CLsb = 0.00000	CLb  = 0.59597	CLs  = 0.00000
INFO: (function: getCLs) AsymptoticLimits.cc: 343 -- At r = 0.604162:	q_mu = 33.95457	q_A  = 37.15510	CLsb = 0.00000	CLb  = 0.60582	CLs  = 0.00000
INFO: (function: getCLs) AsymptoticLimits.cc: 343 -- At r = 0.304162:	q_mu = 23.06955	q_A  = 26.03334	CLsb = 0.00000	CLb  = 0.61761	CLs  = 0.00000
INFO: (function: getCLs) AsymptoticLimits.cc: 343 -- At r = 0.154162:	q_mu = 14.69987	q_A  = 17.39345	CLsb = 0.00006	CLb  = 0.63175	CLs  = 0.00010
INFO: (function: getCLs) AsymptoticLimits.cc: 343 -- At r = 0.079162:	q_mu = 8.63238	q_A  = 11.01827	CLsb = 0.00165	CLb  = 0.64850	CLs  = 0.00255
INFO: (function: getCLs) AsymptoticLimits.cc: 343 -- At r = 0.041662:	q_mu = 4.57275	q_A  = 6.61463	CLsb = 0.01624	CLb  = 0.66767	CLs  = 0.02433
INFO: (function: getCLs) AsymptoticLimits.cc: 343 -- At r = 0.022912:	q_mu = 2.13573	q_A  = 3.81137	CLsb = 0.07195	CLb  = 0.68824	CLs  = 0.10454
INFO: (function: getCLs) AsymptoticLimits.cc: 343 -- At r = 0.030500:	q_mu = 3.15539	q_A  = 5.01178	CLsb = 0.03784	CLb  = 0.67809	CLs  = 0.05580
INFO: (function: getCLs) AsymptoticLimits.cc: 343 -- At r = 0.033913:	q_mu = 3.60004	q_A  = 5.52089	CLsb = 0.02889	CLb  = 0.67447	CLs  = 0.04283
INFO: (function: getCLs) AsymptoticLimits.cc: 343 -- At r = 0.032316:	q_mu = 3.39316	q_A  = 5.28487	CLsb = 0.03273	CLb  = 0.67610	CLs  = 0.04842
INFO: (function: getCLs) AsymptoticLimits.cc: 343 -- At r = 0.031624:	q_mu = 3.30277	q_A  = 5.18130	CLsb = 0.03458	CLb  = 0.67684	CLs  = 0.05109
INFO: (function: getCLs) AsymptoticLimits.cc: 343 -- At r = 0.031985:	q_mu = 3.34993	q_A  = 5.23537	CLsb = 0.03360	CLb  = 0.67646	CLs  = 0.04968
