INFO: (function: improveOnce) CascadeMinimizer.cc: 188 -- Minimisation configured with Type=Minuit2, Algo=Migrad, strategy=0, tolerance=0.1
INFO: (function: improveOnce) CascadeMinimizer.cc: 211 -- Minimisation finished with status=0
INFO: (function: improveOnce) CascadeMinimizer.cc: 216 -- Minimization success! status=0
INFO: (function: generateAsimov) ToyMCSamplerOpt.cc: 139 -- Using internal logic for binned/unbinned Asimov dataset generation
INFO: (function: generateWithHisto) ToyMCSamplerOpt.cc: 214 -- Generating asimov with histogram for pdf pdf_binfail_LOW_obsOnly: in 45 x-bins
INFO: (function: generateWithHisto) ToyMCSamplerOpt.cc: 215 -- , in 1 y-bins
INFO: (function: generateAsimov) ToyMCSamplerOpt.cc: 139 -- Using internal logic for binned/unbinned Asimov dataset generation
INFO: (function: generateWithHisto) ToyMCSamplerOpt.cc: 214 -- Generating asimov with histogram for pdf pdf_binfail_SIG_obsOnly: in 5 x-bins
INFO: (function: generateWithHisto) ToyMCSamplerOpt.cc: 215 -- , in 1 y-bins
INFO: (function: generateAsimov) ToyMCSamplerOpt.cc: 139 -- Using internal logic for binned/unbinned Asimov dataset generation
INFO: (function: generateWithHisto) ToyMCSamplerOpt.cc: 214 -- Generating asimov with histogram for pdf pdf_binpass_LOW_obsOnly: in 45 x-bins
INFO: (function: generateWithHisto) ToyMCSamplerOpt.cc: 215 -- , in 1 y-bins
INFO: (function: generateAsimov) ToyMCSamplerOpt.cc: 139 -- Using internal logic for binned/unbinned Asimov dataset generation
INFO: (function: generateWithHisto) ToyMCSamplerOpt.cc: 214 -- Generating asimov with histogram for pdf pdf_binpass_SIG_obsOnly: in 5 x-bins
INFO: (function: generateWithHisto) ToyMCSamplerOpt.cc: 215 -- , in 1 y-bins
DEBUG: (function: runLimitExpected) AsymptoticLimits.cc: 423 -- Best fit of asimov dataset is at r = 0.091923 (0.004596 times rMax), while it should be at zero
INFO: (function: runLimitExpected) AsymptoticLimits.cc: 436 -- Median for expected limits = 2800 (Sigma for expected limits = 1428.6)
INFO: (function: runLimit) AsymptoticLimits.cc: 193 -- NLL at global minimum of data = -773175 (r=573.008)
INFO: (function: runLimit) AsymptoticLimits.cc: 213 -- NLL at global minimum of asimov = -773226 (r=1.33179)
INFO: (function: getCLs) AsymptoticLimits.cc: 343 -- At r = 1341.881148:	q_mu = 0.00000	q_A  = 1.49239	CLsb = 0.50000	CLb  = 0.88908	CLs  = 0.56238
INFO: (function: getCLs) AsymptoticLimits.cc: 343 -- At r = 2683.762296:	q_mu = 0.00000	q_A  = 3.59210	CLsb = 0.50000	CLb  = 0.97097	CLs  = 0.51495
INFO: (function: getCLs) AsymptoticLimits.cc: 343 -- At r = 5367.524591:	q_mu = 0.00000	q_A  = 11.59747	CLsb = 0.50000	CLb  = 0.99967	CLs  = 0.50017
INFO: (function: getCLs) AsymptoticLimits.cc: 343 -- At r = 10735.049183:	q_mu = 38.91122	q_A  = 42.90120	CLsb = 0.00000	CLb  = 0.62249	CLs  = 0.00000
INFO: (function: getCLs) AsymptoticLimits.cc: 343 -- At r = 5654.028536:	q_mu = 0.00000	q_A  = 12.75743	CLsb = 0.50000	CLb  = 0.99982	CLs  = 0.50009
INFO: (function: getCLs) AsymptoticLimits.cc: 343 -- At r = 8194.538859:	q_mu = 11.75586	q_A  = 25.58934	CLsb = 0.00030	CLb  = 0.94844	CLs  = 0.00032
INFO: (function: getCLs) AsymptoticLimits.cc: 343 -- At r = 6924.283698:	q_mu = 4.31390	q_A  = 18.60429	CLsb = 0.01890	CLb  = 0.98733	CLs  = 0.01914
INFO: (function: getCLs) AsymptoticLimits.cc: 343 -- At r = 6289.156117:	q_mu = 1.02663	q_A  = 15.53751	CLsb = 0.15548	CLb  = 0.99830	CLs  = 0.15574
INFO: (function: getCLs) AsymptoticLimits.cc: 343 -- At r = 6606.719907:	q_mu = 2.63408	q_A  = 17.03526	CLsb = 0.05230	CLb  = 0.99387	CLs  = 0.05262
INFO: (function: getCLs) AsymptoticLimits.cc: 343 -- At r = 6683.061150:	q_mu = 3.03135	q_A  = 17.40602	CLsb = 0.04083	CLb  = 0.99247	CLs  = 0.04114
INFO: (function: getCLs) AsymptoticLimits.cc: 343 -- At r = 6634.664538:	q_mu = 2.77895	q_A  = 17.17038	CLsb = 0.04776	CLb  = 0.99337	CLs  = 0.04807
INFO: (function: getCLs) AsymptoticLimits.cc: 343 -- At r = 6619.355050:	q_mu = 2.69951	q_A  = 17.09625	CLsb = 0.05019	CLb  = 0.99364	CLs  = 0.05051
