INFO: (function: improveOnce) CascadeMinimizer.cc: 188 -- Minimisation configured with Type=Minuit2, Algo=Migrad, strategy=0, tolerance=0.1
INFO: (function: improveOnce) CascadeMinimizer.cc: 211 -- Minimisation finished with status=0
INFO: (function: improveOnce) CascadeMinimizer.cc: 216 -- Minimization success! status=0
INFO: (function: generateAsimov) ToyMCSamplerOpt.cc: 139 -- Using internal logic for binned/unbinned Asimov dataset generation
INFO: (function: generateWithHisto) ToyMCSamplerOpt.cc: 214 -- Generating asimov with histogram for pdf pdf_binfail_LOW_obsOnly: in 5 x-bins
INFO: (function: generateWithHisto) ToyMCSamplerOpt.cc: 215 -- , in 1 y-bins
INFO: (function: generateAsimov) ToyMCSamplerOpt.cc: 139 -- Using internal logic for binned/unbinned Asimov dataset generation
INFO: (function: generateWithHisto) ToyMCSamplerOpt.cc: 214 -- Generating asimov with histogram for pdf pdf_binfail_SIG_obsOnly: in 3 x-bins
INFO: (function: generateWithHisto) ToyMCSamplerOpt.cc: 215 -- , in 1 y-bins
INFO: (function: generateAsimov) ToyMCSamplerOpt.cc: 139 -- Using internal logic for binned/unbinned Asimov dataset generation
INFO: (function: generateWithHisto) ToyMCSamplerOpt.cc: 214 -- Generating asimov with histogram for pdf pdf_binpass_LOW_obsOnly: in 5 x-bins
INFO: (function: generateWithHisto) ToyMCSamplerOpt.cc: 215 -- , in 1 y-bins
INFO: (function: generateAsimov) ToyMCSamplerOpt.cc: 139 -- Using internal logic for binned/unbinned Asimov dataset generation
INFO: (function: generateWithHisto) ToyMCSamplerOpt.cc: 214 -- Generating asimov with histogram for pdf pdf_binpass_SIG_obsOnly: in 3 x-bins
INFO: (function: generateWithHisto) ToyMCSamplerOpt.cc: 215 -- , in 1 y-bins
INFO: (function: runLimitExpected) AsymptoticLimits.cc: 436 -- Median for expected limits = 1.82031 (Sigma for expected limits = 0.928748)
INFO: (function: runLimit) AsymptoticLimits.cc: 193 -- NLL at global minimum of data = -13829.5 (r=1.08821e-08)
INFO: (function: runLimit) AsymptoticLimits.cc: 213 -- NLL at global minimum of asimov = -13828.2 (r=1.19793e-12)
INFO: (function: getCLs) AsymptoticLimits.cc: 343 -- At r = 1.200000:	q_mu = 3.45733	q_A  = 2.33293	CLsb = 0.02901	CLb  = 0.35641	CLs  = 0.08141
INFO: (function: getCLs) AsymptoticLimits.cc: 343 -- At r = 2.400000:	q_mu = 6.72119	q_A  = 5.28042	CLsb = 0.00451	CLb  = 0.37695	CLs  = 0.01196
INFO: (function: getCLs) AsymptoticLimits.cc: 343 -- At r = 1.200000:	q_mu = 3.45723	q_A  = 2.33293	CLsb = 0.02902	CLb  = 0.35642	CLs  = 0.08141
INFO: (function: getCLs) AsymptoticLimits.cc: 343 -- At r = 1.800000:	q_mu = 5.10713	q_A  = 3.79681	CLsb = 0.01116	CLb  = 0.36835	CLs  = 0.03031
INFO: (function: getCLs) AsymptoticLimits.cc: 343 -- At r = 1.556800:	q_mu = 4.44279	q_A  = 3.19952	CLsb = 0.01633	CLb  = 0.36410	CLs  = 0.04485
INFO: (function: getCLs) AsymptoticLimits.cc: 343 -- At r = 1.433395:	q_mu = 4.10364	q_A  = 2.89820	CLsb = 0.01987	CLb  = 0.36165	CLs  = 0.05494
INFO: (function: getCLs) AsymptoticLimits.cc: 343 -- At r = 1.503916:	q_mu = 4.29757	q_A  = 3.07024	CLsb = 0.01776	CLb  = 0.36309	CLs  = 0.04891
INFO: (function: getCLs) AsymptoticLimits.cc: 343 -- At r = 1.479097:	q_mu = 4.22933	q_A  = 3.00964	CLsb = 0.01847	CLb  = 0.36260	CLs  = 0.05095
INFO: (function: getCLs) AsymptoticLimits.cc: 343 -- At r = 1.493177:	q_mu = 4.26805	q_A  = 3.04401	CLsb = 0.01806	CLb  = 0.36287	CLs  = 0.04978
INFO: (function: getCLs) AsymptoticLimits.cc: 343 -- At r = 1.488207:	q_mu = 4.25439	q_A  = 3.03188	CLsb = 0.01821	CLb  = 0.36278	CLs  = 0.05019
