INFO: (function: improveOnce) CascadeMinimizer.cc: 188 -- Minimisation configured with Type=Minuit2, Algo=Migrad, strategy=0, tolerance=0.1
INFO: (function: improveOnce) CascadeMinimizer.cc: 211 -- Minimisation finished with status=0
INFO: (function: improveOnce) CascadeMinimizer.cc: 216 -- Minimization success! status=0
INFO: (function: generateAsimov) ToyMCSamplerOpt.cc: 139 -- Using internal logic for binned/unbinned Asimov dataset generation
INFO: (function: generateWithHisto) ToyMCSamplerOpt.cc: 214 -- Generating asimov with histogram for pdf pdf_binfail_LOW_obsOnly: in 5 x-bins
INFO: (function: generateWithHisto) ToyMCSamplerOpt.cc: 215 -- , in 1 y-bins
INFO: (function: generateAsimov) ToyMCSamplerOpt.cc: 139 -- Using internal logic for binned/unbinned Asimov dataset generation
INFO: (function: generateWithHisto) ToyMCSamplerOpt.cc: 214 -- Generating asimov with histogram for pdf pdf_binfail_SIG_obsOnly: in 4 x-bins
INFO: (function: generateWithHisto) ToyMCSamplerOpt.cc: 215 -- , in 1 y-bins
INFO: (function: generateAsimov) ToyMCSamplerOpt.cc: 139 -- Using internal logic for binned/unbinned Asimov dataset generation
INFO: (function: generateWithHisto) ToyMCSamplerOpt.cc: 214 -- Generating asimov with histogram for pdf pdf_binpass_LOW_obsOnly: in 5 x-bins
INFO: (function: generateWithHisto) ToyMCSamplerOpt.cc: 215 -- , in 1 y-bins
INFO: (function: generateAsimov) ToyMCSamplerOpt.cc: 139 -- Using internal logic for binned/unbinned Asimov dataset generation
INFO: (function: generateWithHisto) ToyMCSamplerOpt.cc: 214 -- Generating asimov with histogram for pdf pdf_binpass_SIG_obsOnly: in 4 x-bins
INFO: (function: generateWithHisto) ToyMCSamplerOpt.cc: 215 -- , in 1 y-bins
INFO: (function: runLimitExpected) AsymptoticLimits.cc: 436 -- Median for expected limits = 18.25 (Sigma for expected limits = 9.3114)
INFO: (function: runLimit) AsymptoticLimits.cc: 193 -- NLL at global minimum of data = -76464.6 (r=3.40051)
INFO: (function: runLimit) AsymptoticLimits.cc: 213 -- NLL at global minimum of asimov = -76466.4 (r=0.100999)
INFO: (function: getCLs) AsymptoticLimits.cc: 343 -- At r = 21.813493:	q_mu = 2.77800	q_A  = 4.60044	CLsb = 0.04778	CLb  = 0.68372	CLs  = 0.06989
INFO: (function: getCLs) AsymptoticLimits.cc: 343 -- At r = 43.626985:	q_mu = 6.34449	q_A  = 8.59490	CLsb = 0.00589	CLb  = 0.66015	CLs  = 0.00892
INFO: (function: getCLs) AsymptoticLimits.cc: 343 -- At r = 23.513750:	q_mu = 3.07581	q_A  = 4.94763	CLsb = 0.03973	CLb  = 0.68101	CLs  = 0.05834
INFO: (function: getCLs) AsymptoticLimits.cc: 343 -- At r = 33.570367:	q_mu = 4.77175	q_A  = 6.86785	CLsb = 0.01447	CLb  = 0.66866	CLs  = 0.02163
INFO: (function: getCLs) AsymptoticLimits.cc: 343 -- At r = 26.776512:	q_mu = 3.63910	q_A  = 5.59470	CLsb = 0.02822	CLb  = 0.67641	CLs  = 0.04172
INFO: (function: getCLs) AsymptoticLimits.cc: 343 -- At r = 25.367318:	q_mu = 3.39724	q_A  = 5.31825	CLsb = 0.03265	CLb  = 0.67831	CLs  = 0.04814
INFO: (function: getCLs) AsymptoticLimits.cc: 343 -- At r = 24.704009:	q_mu = 3.28263	q_A  = 5.18655	CLsb = 0.03501	CLb  = 0.67925	CLs  = 0.05154
INFO: (function: getCLs) AsymptoticLimits.cc: 343 -- At r = 25.072446:	q_mu = 3.34635	q_A  = 5.25983	CLsb = 0.03368	CLb  = 0.67872	CLs  = 0.04962
INFO: (function: getCLs) AsymptoticLimits.cc: 343 -- At r = 24.939338:	q_mu = 3.32334	q_A  = 5.23339	CLsb = 0.03415	CLb  = 0.67891	CLs  = 0.05030
INFO: (function: getCLs) AsymptoticLimits.cc: 343 -- At r = 25.012935:	q_mu = 3.33606	q_A  = 5.24801	CLsb = 0.03389	CLb  = 0.67881	CLs  = 0.04992
