INFO: (function: improveOnce) CascadeMinimizer.cc: 188 -- Minimisation configured with Type=Minuit2, Algo=Migrad, strategy=0, tolerance=0.1
INFO: (function: improveOnce) CascadeMinimizer.cc: 211 -- Minimisation finished with status=0
INFO: (function: improveOnce) CascadeMinimizer.cc: 216 -- Minimization success! status=0
INFO: (function: generateAsimov) ToyMCSamplerOpt.cc: 139 -- Using internal logic for binned/unbinned Asimov dataset generation
INFO: (function: generateWithHisto) ToyMCSamplerOpt.cc: 214 -- Generating asimov with histogram for pdf pdf_binfail_LOW_obsOnly: in 5 x-bins
INFO: (function: generateWithHisto) ToyMCSamplerOpt.cc: 215 -- , in 1 y-bins
INFO: (function: generateAsimov) ToyMCSamplerOpt.cc: 139 -- Using internal logic for binned/unbinned Asimov dataset generation
INFO: (function: generateWithHisto) ToyMCSamplerOpt.cc: 214 -- Generating asimov with histogram for pdf pdf_binfail_SIG_obsOnly: in 4 x-bins
INFO: (function: generateWithHisto) ToyMCSamplerOpt.cc: 215 -- , in 1 y-bins
INFO: (function: generateAsimov) ToyMCSamplerOpt.cc: 139 -- Using internal logic for binned/unbinned Asimov dataset generation
INFO: (function: generateWithHisto) ToyMCSamplerOpt.cc: 214 -- Generating asimov with histogram for pdf pdf_binpass_LOW_obsOnly: in 5 x-bins
INFO: (function: generateWithHisto) ToyMCSamplerOpt.cc: 215 -- , in 1 y-bins
INFO: (function: generateAsimov) ToyMCSamplerOpt.cc: 139 -- Using internal logic for binned/unbinned Asimov dataset generation
INFO: (function: generateWithHisto) ToyMCSamplerOpt.cc: 214 -- Generating asimov with histogram for pdf pdf_binpass_SIG_obsOnly: in 4 x-bins
INFO: (function: generateWithHisto) ToyMCSamplerOpt.cc: 215 -- , in 1 y-bins
INFO: (function: runLimitExpected) AsymptoticLimits.cc: 436 -- Median for expected limits = 882 (Sigma for expected limits = 450.008)
INFO: (function: runLimit) AsymptoticLimits.cc: 193 -- NLL at global minimum of data = -76462.7 (r=174.809)
INFO: (function: runLimit) AsymptoticLimits.cc: 213 -- NLL at global minimum of asimov = -76464.1 (r=2.00941)
INFO: (function: getCLs) AsymptoticLimits.cc: 343 -- At r = 989.150491:	q_mu = 2.62603	q_A  = 4.33965	CLsb = 0.05256	CLb  = 0.67820	CLs  = 0.07750
INFO: (function: getCLs) AsymptoticLimits.cc: 343 -- At r = 1978.300982:	q_mu = 6.54377	q_A  = 8.61624	CLsb = 0.00526	CLb  = 0.64701	CLs  = 0.00813
INFO: (function: getCLs) AsymptoticLimits.cc: 343 -- At r = 1076.555096:	q_mu = 2.98128	q_A  = 4.74639	CLsb = 0.04212	CLb  = 0.67436	CLs  = 0.06245
INFO: (function: getCLs) AsymptoticLimits.cc: 343 -- At r = 1527.428039:	q_mu = 4.82413	q_A  = 6.75416	CLsb = 0.01403	CLb  = 0.65634	CLs  = 0.02138
INFO: (function: getCLs) AsymptoticLimits.cc: 343 -- At r = 1241.562008:	q_mu = 3.65126	q_A  = 5.49878	CLsb = 0.02801	CLb  = 0.66790	CLs  = 0.04194
INFO: (function: getCLs) AsymptoticLimits.cc: 343 -- At r = 1150.297224:	q_mu = 3.28110	q_A  = 5.08514	CLsb = 0.03504	CLb  = 0.67135	CLs  = 0.05219
INFO: (function: getCLs) AsymptoticLimits.cc: 343 -- At r = 1182.892564:	q_mu = 3.41341	q_A  = 5.23360	CLsb = 0.03233	CLb  = 0.67009	CLs  = 0.04825
INFO: (function: getCLs) AsymptoticLimits.cc: 343 -- At r = 1164.564946:	q_mu = 3.33901	q_A  = 5.15024	CLsb = 0.03383	CLb  = 0.67080	CLs  = 0.05043
INFO: (function: getCLs) AsymptoticLimits.cc: 343 -- At r = 1171.070838:	q_mu = 3.36543	q_A  = 5.17984	CLsb = 0.03329	CLb  = 0.67054	CLs  = 0.04965
INFO: (function: getCLs) AsymptoticLimits.cc: 343 -- At r = 1167.402630:	q_mu = 3.35053	q_A  = 5.16314	CLsb = 0.03359	CLb  = 0.67069	CLs  = 0.05009
