INFO: (function: improveOnce) CascadeMinimizer.cc: 188 -- Minimisation configured with Type=Minuit2, Algo=Migrad, strategy=0, tolerance=0.1
INFO: (function: improveOnce) CascadeMinimizer.cc: 211 -- Minimisation finished with status=0
INFO: (function: improveOnce) CascadeMinimizer.cc: 216 -- Minimization success! status=0
INFO: (function: generateAsimov) ToyMCSamplerOpt.cc: 139 -- Using internal logic for binned/unbinned Asimov dataset generation
INFO: (function: generateWithHisto) ToyMCSamplerOpt.cc: 214 -- Generating asimov with histogram for pdf pdf_binfail_LOW_obsOnly: in 5 x-bins
INFO: (function: generateWithHisto) ToyMCSamplerOpt.cc: 215 -- , in 1 y-bins
INFO: (function: generateAsimov) ToyMCSamplerOpt.cc: 139 -- Using internal logic for binned/unbinned Asimov dataset generation
INFO: (function: generateWithHisto) ToyMCSamplerOpt.cc: 214 -- Generating asimov with histogram for pdf pdf_binfail_SIG_obsOnly: in 14 x-bins
INFO: (function: generateWithHisto) ToyMCSamplerOpt.cc: 215 -- , in 1 y-bins
INFO: (function: generateAsimov) ToyMCSamplerOpt.cc: 139 -- Using internal logic for binned/unbinned Asimov dataset generation
INFO: (function: generateWithHisto) ToyMCSamplerOpt.cc: 214 -- Generating asimov with histogram for pdf pdf_binpass_LOW_obsOnly: in 5 x-bins
INFO: (function: generateWithHisto) ToyMCSamplerOpt.cc: 215 -- , in 1 y-bins
INFO: (function: generateAsimov) ToyMCSamplerOpt.cc: 139 -- Using internal logic for binned/unbinned Asimov dataset generation
INFO: (function: generateWithHisto) ToyMCSamplerOpt.cc: 214 -- Generating asimov with histogram for pdf pdf_binpass_SIG_obsOnly: in 14 x-bins
INFO: (function: generateWithHisto) ToyMCSamplerOpt.cc: 215 -- , in 1 y-bins
INFO: (function: runLimitExpected) AsymptoticLimits.cc: 436 -- Median for expected limits = 0.0766602 (Sigma for expected limits = 0.039113)
INFO: (function: runLimit) AsymptoticLimits.cc: 193 -- NLL at global minimum of data = -67348.2 (r=0.243191)
INFO: (function: runLimit) AsymptoticLimits.cc: 213 -- NLL at global minimum of asimov = -67388.7 (r=0.000594658)
INFO: (function: getCLs) AsymptoticLimits.cc: 343 -- At r = 1.443191:	q_mu = 125.95628	q_A  = 154.55569	CLsb = 0.00000	CLb  = 0.88667	CLs  = 0.00000
INFO: (function: getCLs) AsymptoticLimits.cc: 343 -- At r = 0.843191:	q_mu = 52.82963	q_A  = 82.75128	CLsb = 0.00000	CLb  = 0.96625	CLs  = 0.00000
INFO: (function: getCLs) AsymptoticLimits.cc: 343 -- At r = 0.543191:	q_mu = 19.58387	q_A  = 49.01143	CLsb = 0.00000	CLb  = 0.99499	CLs  = 0.00000
INFO: (function: getCLs) AsymptoticLimits.cc: 343 -- At r = 0.393191:	q_mu = 3.96373	q_A  = 33.79439	CLsb = 0.02325	CLb  = 0.99993	CLs  = 0.02325
INFO: (function: getCLs) AsymptoticLimits.cc: 343 -- At r = 0.318191:	q_mu = 0.00000	q_A  = 25.88199	CLsb = 0.50000	CLb  = 1.00000	CLs  = 0.50000
INFO: (function: getCLs) AsymptoticLimits.cc: 343 -- At r = 0.355691:	q_mu = 0.10694	q_A  = 29.77741	CLsb = 0.37183	CLb  = 1.00000	CLs  = 0.37183
INFO: (function: getCLs) AsymptoticLimits.cc: 343 -- At r = 0.374441:	q_mu = 2.03374	q_A  = 31.76766	CLsb = 0.07692	CLb  = 0.99999	CLs  = 0.07692
INFO: (function: getCLs) AsymptoticLimits.cc: 343 -- At r = 0.383590:	q_mu = 2.97518	q_A  = 32.74935	CLsb = 0.04228	CLb  = 0.99997	CLs  = 0.04228
INFO: (function: getCLs) AsymptoticLimits.cc: 343 -- At r = 0.379709:	q_mu = 2.57571	q_A  = 32.33200	CLsb = 0.05426	CLb  = 0.99998	CLs  = 0.05426
INFO: (function: getCLs) AsymptoticLimits.cc: 343 -- At r = 0.381502:	q_mu = 2.76025	q_A  = 32.52470	CLsb = 0.04832	CLb  = 0.99997	CLs  = 0.04832
INFO: (function: getCLs) AsymptoticLimits.cc: 343 -- At r = 0.380720:	q_mu = 2.67975	q_A  = 32.44062	CLsb = 0.05082	CLb  = 0.99998	CLs  = 0.05082
