INFO: (function: improveOnce) CascadeMinimizer.cc: 188 -- Minimisation configured with Type=Minuit2, Algo=Migrad, strategy=0, tolerance=0.1
INFO: (function: improveOnce) CascadeMinimizer.cc: 211 -- Minimisation finished with status=0
INFO: (function: improveOnce) CascadeMinimizer.cc: 216 -- Minimization success! status=0
INFO: (function: generateAsimov) ToyMCSamplerOpt.cc: 139 -- Using internal logic for binned/unbinned Asimov dataset generation
INFO: (function: generateWithHisto) ToyMCSamplerOpt.cc: 214 -- Generating asimov with histogram for pdf pdf_binfail_LOW_obsOnly: in 6 x-bins
INFO: (function: generateWithHisto) ToyMCSamplerOpt.cc: 215 -- , in 1 y-bins
INFO: (function: generateAsimov) ToyMCSamplerOpt.cc: 139 -- Using internal logic for binned/unbinned Asimov dataset generation
INFO: (function: generateWithHisto) ToyMCSamplerOpt.cc: 214 -- Generating asimov with histogram for pdf pdf_binfail_SIG_obsOnly: in 3 x-bins
INFO: (function: generateWithHisto) ToyMCSamplerOpt.cc: 215 -- , in 1 y-bins
INFO: (function: generateAsimov) ToyMCSamplerOpt.cc: 139 -- Using internal logic for binned/unbinned Asimov dataset generation
INFO: (function: generateWithHisto) ToyMCSamplerOpt.cc: 214 -- Generating asimov with histogram for pdf pdf_binpass_LOW_obsOnly: in 6 x-bins
INFO: (function: generateWithHisto) ToyMCSamplerOpt.cc: 215 -- , in 1 y-bins
INFO: (function: generateAsimov) ToyMCSamplerOpt.cc: 139 -- Using internal logic for binned/unbinned Asimov dataset generation
INFO: (function: generateWithHisto) ToyMCSamplerOpt.cc: 214 -- Generating asimov with histogram for pdf pdf_binpass_SIG_obsOnly: in 3 x-bins
INFO: (function: generateWithHisto) ToyMCSamplerOpt.cc: 215 -- , in 1 y-bins
DEBUG: (function: runLimitExpected) AsymptoticLimits.cc: 423 -- Best fit of asimov dataset is at r = 0.084719 (0.004236 times rMax), while it should be at zero
INFO: (function: runLimitExpected) AsymptoticLimits.cc: 436 -- Median for expected limits = 59.25 (Sigma for expected limits = 30.2301)
INFO: (function: runLimit) AsymptoticLimits.cc: 193 -- NLL at global minimum of data = -4.38877e+06 (r=2.2177e-06)
INFO: (function: runLimit) AsymptoticLimits.cc: 213 -- NLL at global minimum of asimov = -4.38877e+06 (r=9.14809e-05)
INFO: (function: getCLs) AsymptoticLimits.cc: 343 -- At r = 25.976777:	q_mu = 2.97539	q_A  = 0.81112	CLsb = 0.01777	CLb  = 0.11477	CLs  = 0.15483
INFO: (function: getCLs) AsymptoticLimits.cc: 343 -- At r = 51.953554:	q_mu = 7.10739	q_A  = 3.01898	CLsb = 0.00178	CLb  = 0.11970	CLs  = 0.01490
INFO: (function: getCLs) AsymptoticLimits.cc: 343 -- At r = 25.976778:	q_mu = 2.97538	q_A  = 0.81112	CLsb = 0.01777	CLb  = 0.11477	CLs  = 0.15483
INFO: (function: getCLs) AsymptoticLimits.cc: 343 -- At r = 38.965166:	q_mu = 4.91351	q_A  = 1.75953	CLsb = 0.00595	CLb  = 0.11725	CLs  = 0.05071
INFO: (function: getCLs) AsymptoticLimits.cc: 343 -- At r = 45.459360:	q_mu = 5.98030	q_A  = 2.35248	CLsb = 0.00330	CLb  = 0.11848	CLs  = 0.02785
INFO: (function: getCLs) AsymptoticLimits.cc: 343 -- At r = 40.386811:	q_mu = 5.14171	q_A  = 1.88283	CLsb = 0.00524	CLb  = 0.11752	CLs  = 0.04458
INFO: (function: getCLs) AsymptoticLimits.cc: 343 -- At r = 39.374468:	q_mu = 4.97889	q_A  = 1.79464	CLsb = 0.00573	CLb  = 0.11732	CLs  = 0.04887
INFO: (function: getCLs) AsymptoticLimits.cc: 343 -- At r = 39.172454:	q_mu = 4.94659	q_A  = 1.77727	CLsb = 0.00584	CLb  = 0.11729	CLs  = 0.04977
INFO: (function: getCLs) AsymptoticLimits.cc: 343 -- At r = 39.090694:	q_mu = 4.93353	q_A  = 1.77026	CLsb = 0.00588	CLb  = 0.11727	CLs  = 0.05014
