INFO: (function: improveOnce) CascadeMinimizer.cc: 188 -- Minimisation configured with Type=Minuit2, Algo=Migrad, strategy=0, tolerance=0.1
INFO: (function: improveOnce) CascadeMinimizer.cc: 211 -- Minimisation finished with status=0
INFO: (function: improveOnce) CascadeMinimizer.cc: 216 -- Minimization success! status=0
INFO: (function: generateAsimov) ToyMCSamplerOpt.cc: 139 -- Using internal logic for binned/unbinned Asimov dataset generation
INFO: (function: generateWithHisto) ToyMCSamplerOpt.cc: 214 -- Generating asimov with histogram for pdf pdf_binfail_LOW_obsOnly: in 45 x-bins
INFO: (function: generateWithHisto) ToyMCSamplerOpt.cc: 215 -- , in 1 y-bins
INFO: (function: generateAsimov) ToyMCSamplerOpt.cc: 139 -- Using internal logic for binned/unbinned Asimov dataset generation
INFO: (function: generateWithHisto) ToyMCSamplerOpt.cc: 214 -- Generating asimov with histogram for pdf pdf_binfail_SIG_obsOnly: in 5 x-bins
INFO: (function: generateWithHisto) ToyMCSamplerOpt.cc: 215 -- , in 1 y-bins
INFO: (function: generateAsimov) ToyMCSamplerOpt.cc: 139 -- Using internal logic for binned/unbinned Asimov dataset generation
INFO: (function: generateWithHisto) ToyMCSamplerOpt.cc: 214 -- Generating asimov with histogram for pdf pdf_binpass_LOW_obsOnly: in 45 x-bins
INFO: (function: generateWithHisto) ToyMCSamplerOpt.cc: 215 -- , in 1 y-bins
INFO: (function: generateAsimov) ToyMCSamplerOpt.cc: 139 -- Using internal logic for binned/unbinned Asimov dataset generation
INFO: (function: generateWithHisto) ToyMCSamplerOpt.cc: 214 -- Generating asimov with histogram for pdf pdf_binpass_SIG_obsOnly: in 5 x-bins
INFO: (function: generateWithHisto) ToyMCSamplerOpt.cc: 215 -- , in 1 y-bins
DEBUG: (function: runLimitExpected) AsymptoticLimits.cc: 423 -- Best fit of asimov dataset is at r = 0.086732 (0.004337 times rMax), while it should be at zero
INFO: (function: runLimitExpected) AsymptoticLimits.cc: 436 -- Median for expected limits = 2814 (Sigma for expected limits = 1435.74)
INFO: (function: runLimit) AsymptoticLimits.cc: 193 -- NLL at global minimum of data = -10911.6 (r=192.718)
INFO: (function: runLimit) AsymptoticLimits.cc: 213 -- NLL at global minimum of asimov = -10923.5 (r=0.344549)
INFO: (function: getCLs) AsymptoticLimits.cc: 343 -- At r = 1300.462461:	q_mu = 0.00000	q_A  = 1.45623	CLsb = 0.50000	CLb  = 0.88623	CLs  = 0.56418
INFO: (function: getCLs) AsymptoticLimits.cc: 343 -- At r = 2600.924922:	q_mu = 0.00000	q_A  = 3.41388	CLsb = 0.50000	CLb  = 0.96767	CLs  = 0.51670
INFO: (function: getCLs) AsymptoticLimits.cc: 343 -- At r = 5201.849845:	q_mu = 2.13760	q_A  = 9.94683	CLsb = 0.07186	CLb  = 0.95466	CLs  = 0.07528
INFO: (function: getCLs) AsymptoticLimits.cc: 343 -- At r = 10403.699690:	q_mu = 15.54573	q_A  = 27.54867	CLsb = 0.00004	CLb  = 0.90420	CLs  = 0.00004
INFO: (function: getCLs) AsymptoticLimits.cc: 343 -- At r = 5298.208632:	q_mu = 2.31963	q_A  = 10.23421	CLsb = 0.06388	CLb  = 0.95314	CLs  = 0.06702
INFO: (function: getCLs) AsymptoticLimits.cc: 343 -- At r = 7850.954161:	q_mu = 8.25402	q_A  = 18.53144	CLsb = 0.00203	CLb  = 0.92390	CLs  = 0.00220
INFO: (function: getCLs) AsymptoticLimits.cc: 343 -- At r = 6574.581397:	q_mu = 5.05132	q_A  = 14.24536	CLsb = 0.01230	CLb  = 0.93659	CLs  = 0.01314
INFO: (function: getCLs) AsymptoticLimits.cc: 343 -- At r = 5936.395014:	q_mu = 3.61573	q_A  = 12.19727	CLsb = 0.02862	CLb  = 0.94419	CLs  = 0.03031
INFO: (function: getCLs) AsymptoticLimits.cc: 343 -- At r = 5614.312919:	q_mu = 2.94262	q_A  = 11.19487	CLsb = 0.04314	CLb  = 0.94850	CLs  = 0.04548
INFO: (function: getCLs) AsymptoticLimits.cc: 343 -- At r = 5489.256402:	q_mu = 2.69170	q_A  = 10.81182	CLsb = 0.05044	CLb  = 0.95027	CLs  = 0.05308
INFO: (function: getCLs) AsymptoticLimits.cc: 343 -- At r = 5552.920435:	q_mu = 2.81861	q_A  = 11.00625	CLsb = 0.04659	CLb  = 0.94936	CLs  = 0.04907
INFO: (function: getCLs) AsymptoticLimits.cc: 343 -- At r = 5528.037011:	q_mu = 2.76877	q_A  = 10.93014	CLsb = 0.04806	CLb  = 0.94972	CLs  = 0.05060
INFO: (function: getCLs) AsymptoticLimits.cc: 343 -- At r = 5540.800685:	q_mu = 2.79429	q_A  = 10.96914	CLsb = 0.04730	CLb  = 0.94953	CLs  = 0.04981
