INFO: (function: improveOnce) CascadeMinimizer.cc: 188 -- Minimisation configured with Type=Minuit2, Algo=Migrad, strategy=0, tolerance=0.1
INFO: (function: improveOnce) CascadeMinimizer.cc: 211 -- Minimisation finished with status=0
INFO: (function: improveOnce) CascadeMinimizer.cc: 216 -- Minimization success! status=0
INFO: (function: generateAsimov) ToyMCSamplerOpt.cc: 139 -- Using internal logic for binned/unbinned Asimov dataset generation
INFO: (function: generateWithHisto) ToyMCSamplerOpt.cc: 214 -- Generating asimov with histogram for pdf pdf_binfail_LOW_obsOnly: in 6 x-bins
INFO: (function: generateWithHisto) ToyMCSamplerOpt.cc: 215 -- , in 1 y-bins
INFO: (function: generateAsimov) ToyMCSamplerOpt.cc: 139 -- Using internal logic for binned/unbinned Asimov dataset generation
INFO: (function: generateWithHisto) ToyMCSamplerOpt.cc: 214 -- Generating asimov with histogram for pdf pdf_binfail_SIG_obsOnly: in 3 x-bins
INFO: (function: generateWithHisto) ToyMCSamplerOpt.cc: 215 -- , in 1 y-bins
INFO: (function: generateAsimov) ToyMCSamplerOpt.cc: 139 -- Using internal logic for binned/unbinned Asimov dataset generation
INFO: (function: generateWithHisto) ToyMCSamplerOpt.cc: 214 -- Generating asimov with histogram for pdf pdf_binpass_LOW_obsOnly: in 6 x-bins
INFO: (function: generateWithHisto) ToyMCSamplerOpt.cc: 215 -- , in 1 y-bins
INFO: (function: generateAsimov) ToyMCSamplerOpt.cc: 139 -- Using internal logic for binned/unbinned Asimov dataset generation
INFO: (function: generateWithHisto) ToyMCSamplerOpt.cc: 214 -- Generating asimov with histogram for pdf pdf_binpass_SIG_obsOnly: in 3 x-bins
INFO: (function: generateWithHisto) ToyMCSamplerOpt.cc: 215 -- , in 1 y-bins
INFO: (function: runLimitExpected) AsymptoticLimits.cc: 436 -- Median for expected limits = 132 (Sigma for expected limits = 67.3482)
INFO: (function: runLimit) AsymptoticLimits.cc: 193 -- NLL at global minimum of data = -60509.8 (r=72.2571)
INFO: (function: runLimit) AsymptoticLimits.cc: 213 -- NLL at global minimum of asimov = -60510.7 (r=0.30876)
INFO: (function: getCLs) AsymptoticLimits.cc: 343 -- At r = 237.420947:	q_mu = 2.47469	q_A  = 6.91477	CLsb = 0.05785	CLb  = 0.85463	CLs  = 0.06769
INFO: (function: getCLs) AsymptoticLimits.cc: 343 -- At r = 474.841895:	q_mu = 7.03629	q_A  = 12.64544	CLsb = 0.00399	CLb  = 0.81685	CLs  = 0.00489
INFO: (function: getCLs) AsymptoticLimits.cc: 343 -- At r = 273.549475:	q_mu = 3.18142	q_A  = 7.88512	CLsb = 0.03724	CLb  = 0.84717	CLs  = 0.04396
INFO: (function: getCLs) AsymptoticLimits.cc: 343 -- At r = 172.903264:	q_mu = 1.25554	q_A  = 5.07445	CLsb = 0.13125	CLb  = 0.87121	CLs  = 0.15065
INFO: (function: getCLs) AsymptoticLimits.cc: 343 -- At r = 223.226369:	q_mu = 2.19963	q_A  = 6.52201	CLsb = 0.06902	CLb  = 0.85785	CLs  = 0.08046
INFO: (function: getCLs) AsymptoticLimits.cc: 343 -- At r = 254.907805:	q_mu = 2.81597	q_A  = 7.38963	CLsb = 0.04667	CLb  = 0.85090	CLs  = 0.05484
INFO: (function: getCLs) AsymptoticLimits.cc: 343 -- At r = 264.867296:	q_mu = 3.01108	q_A  = 7.65570	CLsb = 0.04135	CLb  = 0.84888	CLs  = 0.04871
INFO: (function: getCLs) AsymptoticLimits.cc: 343 -- At r = 261.118416:	q_mu = 2.93760	q_A  = 7.55591	CLsb = 0.04327	CLb  = 0.84963	CLs  = 0.05093
INFO: (function: getCLs) AsymptoticLimits.cc: 343 -- At r = 263.106025:	q_mu = 2.97655	q_A  = 7.60887	CLsb = 0.04224	CLb  = 0.84923	CLs  = 0.04974
INFO: (function: getCLs) AsymptoticLimits.cc: 343 -- At r = 262.355400:	q_mu = 2.96184	q_A  = 7.58889	CLsb = 0.04263	CLb  = 0.84938	CLs  = 0.05018
