INFO: (function: improveOnce) CascadeMinimizer.cc: 188 -- Minimisation configured with Type=Minuit2, Algo=Migrad, strategy=0, tolerance=0.1
INFO: (function: improveOnce) CascadeMinimizer.cc: 211 -- Minimisation finished with status=0
INFO: (function: improveOnce) CascadeMinimizer.cc: 216 -- Minimization success! status=0
INFO: (function: generateAsimov) ToyMCSamplerOpt.cc: 139 -- Using internal logic for binned/unbinned Asimov dataset generation
INFO: (function: generateWithHisto) ToyMCSamplerOpt.cc: 214 -- Generating asimov with histogram for pdf pdf_binfail_LOW_obsOnly: in 5 x-bins
INFO: (function: generateWithHisto) ToyMCSamplerOpt.cc: 215 -- , in 1 y-bins
INFO: (function: generateAsimov) ToyMCSamplerOpt.cc: 139 -- Using internal logic for binned/unbinned Asimov dataset generation
INFO: (function: generateWithHisto) ToyMCSamplerOpt.cc: 214 -- Generating asimov with histogram for pdf pdf_binfail_SIG_obsOnly: in 4 x-bins
INFO: (function: generateWithHisto) ToyMCSamplerOpt.cc: 215 -- , in 1 y-bins
INFO: (function: generateAsimov) ToyMCSamplerOpt.cc: 139 -- Using internal logic for binned/unbinned Asimov dataset generation
INFO: (function: generateWithHisto) ToyMCSamplerOpt.cc: 214 -- Generating asimov with histogram for pdf pdf_binpass_LOW_obsOnly: in 5 x-bins
INFO: (function: generateWithHisto) ToyMCSamplerOpt.cc: 215 -- , in 1 y-bins
INFO: (function: generateAsimov) ToyMCSamplerOpt.cc: 139 -- Using internal logic for binned/unbinned Asimov dataset generation
INFO: (function: generateWithHisto) ToyMCSamplerOpt.cc: 214 -- Generating asimov with histogram for pdf pdf_binpass_SIG_obsOnly: in 4 x-bins
INFO: (function: generateWithHisto) ToyMCSamplerOpt.cc: 215 -- , in 1 y-bins
INFO: (function: runLimitExpected) AsymptoticLimits.cc: 436 -- Median for expected limits = 0.00244141 (Sigma for expected limits = 0.00124564)
INFO: (function: runLimit) AsymptoticLimits.cc: 193 -- NLL at global minimum of data = -79965.8 (r=0.000379543)
INFO: (function: runLimit) AsymptoticLimits.cc: 213 -- NLL at global minimum of asimov = -79971.7 (r=1.26565e-13)
INFO: (function: getCLs) AsymptoticLimits.cc: 343 -- At r = 1.200380:	q_mu = 197.67695	q_A  = 203.02876	CLsb = 0.00000	CLb  = 0.57497	CLs  = 0.00000
INFO: (function: getCLs) AsymptoticLimits.cc: 343 -- At r = 0.600380:	q_mu = 120.85436	q_A  = 125.59349	CLsb = 0.00000	CLb  = 0.58452	CLs  = 0.00000
INFO: (function: getCLs) AsymptoticLimits.cc: 343 -- At r = 0.300380:	q_mu = 82.25461	q_A  = 86.26420	CLsb = 0.00000	CLb  = 0.58645	CLs  = 0.00000
INFO: (function: getCLs) AsymptoticLimits.cc: 343 -- At r = 0.150380:	q_mu = 61.22816	q_A  = 64.85246	CLsb = 0.00000	CLb  = 0.59028	CLs  = 0.00000
INFO: (function: getCLs) AsymptoticLimits.cc: 343 -- At r = 0.075380:	q_mu = 44.28455	q_A  = 47.71393	CLsb = 0.00000	CLb  = 0.59981	CLs  = 0.00000
INFO: (function: getCLs) AsymptoticLimits.cc: 343 -- At r = 0.037880:	q_mu = 30.57759	q_A  = 33.77504	CLsb = 0.00000	CLb  = 0.61100	CLs  = 0.00000
INFO: (function: getCLs) AsymptoticLimits.cc: 343 -- At r = 0.019130:	q_mu = 19.90700	q_A  = 22.83902	CLsb = 0.00000	CLb  = 0.62449	CLs  = 0.00001
INFO: (function: getCLs) AsymptoticLimits.cc: 343 -- At r = 0.009755:	q_mu = 12.02499	q_A  = 14.65127	CLsb = 0.00026	CLb  = 0.64057	CLs  = 0.00041
INFO: (function: getCLs) AsymptoticLimits.cc: 343 -- At r = 0.005067:	q_mu = 6.60958	q_A  = 8.88885	CLsb = 0.00507	CLb  = 0.65928	CLs  = 0.00769
INFO: (function: getCLs) AsymptoticLimits.cc: 343 -- At r = 0.002723:	q_mu = 3.23299	q_A  = 5.13314	CLsb = 0.03608	CLb  = 0.67996	CLs  = 0.05307
INFO: (function: getCLs) AsymptoticLimits.cc: 343 -- At r = 0.003895:	q_mu = 4.98864	q_A  = 7.11341	CLsb = 0.01276	CLb  = 0.66770	CLs  = 0.01911
INFO: (function: getCLs) AsymptoticLimits.cc: 343 -- At r = 0.003012:	q_mu = 3.67834	q_A  = 5.64347	CLsb = 0.02756	CLb  = 0.67642	CLs  = 0.04075
INFO: (function: getCLs) AsymptoticLimits.cc: 343 -- At r = 0.002833:	q_mu = 3.40326	q_A  = 5.32906	CLsb = 0.03253	CLb  = 0.67856	CLs  = 0.04795
