 <<< Combine >>> 
>>> random number generator seed is 123456
>>> method used is FitDiagnostics
Warning: Did not find a parameter with name mask_pass_HIGH
Set Default Value of Parameter mask_pass_SIG To : 1
Set Default Value of Parameter r To : 1
>>> 1 out of 4 channels masked

SimNLL created with 0 channels, 0 generic constraints, 6 fast gaussian constraints, 0 fast poisson constraints, 0 fast group constraints, 
SimNLL created with 4 channels, 0 generic constraints, 6 fast gaussian constraints, 0 fast poisson constraints, 0 fast group constraints, 
  [WARNING] Found [Background_fail_SIG_bin_4-1] at boundary. 
  [WARNING] Found [Background_fail_SIG_bin_5-1] at boundary. 
  [WARNING] Found [Background_fail_SIG_bin_6-1] at boundary. 
 [WARNING] After the fit some parameters are at their boundary.
 [WARNING] Are you sure your model is correct?
  [WARNING] Found [Background_fail_SIG_bin_4-1] at boundary. 
  [WARNING] Found [Background_fail_SIG_bin_5-1] at boundary. 
  [WARNING] Found [Background_fail_SIG_bin_6-1] at boundary. 
 [WARNING] After the fit some parameters are at their boundary.
 [WARNING] Are you sure your model is correct?
Running Minos for POI 
>> Found 19 floating parameters
>> The following parameters are protected in the event of negative eigenvalues: r
>> Verifying eigenvalues are all positive (iteration 0)
Eigenvalue 18 : -0.0833188
 - 0.703249	r
 - -0.590879	Background_fail_SIG_bin_6-1
 - -0.297916	Background_fail_SIG_bin_5-1
 - -0.249702	Background_fail_SIG_bin_4-1
 - -0.0507825	Background_fail_SIG_bin_3-1
>> Attempt 0 failed, remove the variable with largest eigenvector component...
>> Dropping Background_fail_SIG_bin_6-1 from the hessian
>> Verifying eigenvalues are all positive (iteration 1)
Eigenvalue 17 : -0.0098297
 - 0.758149	r
 - -0.536772	Background_fail_SIG_bin_5-1
 - -0.354043	Background_fail_SIG_bin_4-1
 - -0.0735995	Background_fail_SIG_bin_3-1
 - -0.0656292	Background_fail_SIG_bin_2-1
>> Attempt 1 failed, remove the variable with largest eigenvector component...
>> Dropping Background_fail_SIG_bin_5-1 from the hessian
>> Verifying eigenvalues are all positive (iteration 2)
>> All eigenvalues are positive
>> Inverting Hessian...
>> Matrix inverted
>> Note: the following parameters were dropped to make the covariance matrix pos-def:
     - Background_fail_SIG_bin_6-1
     - Background_fail_SIG_bin_5-1

 --- FitDiagnostics ---
Best fit r: 0.00830558  -0.00830558/+4.99169  (68% CL)
Done in 0.01 min (cpu), 0.01 min (real)
Printing Message Summary From ... combine_logger.out
----------------------------------------------
Messages of type INFO : 27
Messages of type DEBUG : 2
Messages of type ERROR : 0
----------------------------------------------
INFO: (function: improveOnce) CascadeMinimizer.cc: 188 -- Minimisation configured with Type=Minuit2, Algo=Migrad, strategy=0, tolerance=0.1
INFO: (function: improveOnce) CascadeMinimizer.cc: 211 -- Minimisation finished with status=0
INFO: (function: improveOnce) CascadeMinimizer.cc: 216 -- Minimization success! status=0
INFO: (function: improveOnce) CascadeMinimizer.cc: 188 -- Minimisation configured with Type=Minuit2, Algo=Migrad, strategy=0, tolerance=0.1
INFO: (function: improveOnce) CascadeMinimizer.cc: 211 -- Minimisation finished with status=0
INFO: (function: improveOnce) CascadeMinimizer.cc: 216 -- Minimization success! status=0
INFO: (function: improveOnce) CascadeMinimizer.cc: 188 -- Minimisation configured with Type=Minuit2, Algo=Migrad, strategy=0, tolerance=0.1
INFO: (function: improveOnce) CascadeMinimizer.cc: 211 -- Minimisation finished with status=0
INFO: (function: improveOnce) CascadeMinimizer.cc: 216 -- Minimization success! status=0
INFO: (function: anyParameterAtBoundaries) utils.cc: 1039 -- Found parameter Background_fail_SIG_bin_4-1 at boundary (within ~1sigma): 0.176351+/-0.461034
INFO: (function: anyParameterAtBoundaries) utils.cc: 1039 -- Found parameter Background_fail_SIG_bin_5-1 at boundary (within ~1sigma): 0.0509221+/-0.247684
INFO: (function: anyParameterAtBoundaries) utils.cc: 1039 -- Found parameter Background_fail_SIG_bin_6-1 at boundary (within ~1sigma): 0.0212279+/-0.191416
INFO: (function: minimize) CascadeMinimizer.cc: 480 -- After fit, some parameters are found at the boundary (within ~1sigma)
INFO: (function: improveOnce) CascadeMinimizer.cc: 188 -- Minimisation configured with Type=Minuit2, Algo=Migrad, strategy=0, tolerance=0.1
INFO: (function: improveOnce) CascadeMinimizer.cc: 211 -- Minimisation finished with status=0
INFO: (function: improveOnce) CascadeMinimizer.cc: 216 -- Minimization success! status=0
DEBUG: (function: runSpecific) FitDiagnostics.cc: 318 -- Fit B-only, status = 0, numBadNLL = 0, covariance quality = -1
INFO: (function: improveOnce) CascadeMinimizer.cc: 188 -- Minimisation configured with Type=Minuit2, Algo=Migrad, strategy=0, tolerance=0.1
INFO: (function: improveOnce) CascadeMinimizer.cc: 211 -- Minimisation finished with status=0
INFO: (function: improveOnce) CascadeMinimizer.cc: 216 -- Minimization success! status=0
INFO: (function: anyParameterAtBoundaries) utils.cc: 1039 -- Found parameter Background_fail_SIG_bin_4-1 at boundary (within ~1sigma): 0.170139+/-0.479544
INFO: (function: anyParameterAtBoundaries) utils.cc: 1039 -- Found parameter Background_fail_SIG_bin_5-1 at boundary (within ~1sigma): 0.0429098+/-0.286754
INFO: (function: anyParameterAtBoundaries) utils.cc: 1039 -- Found parameter Background_fail_SIG_bin_6-1 at boundary (within ~1sigma): 0.000176193+/-1.33626
INFO: (function: minimize) CascadeMinimizer.cc: 480 -- After fit, some parameters are found at the boundary (within ~1sigma)
INFO: (function: improveOnce) CascadeMinimizer.cc: 188 -- Minimisation configured with Type=Minuit2, Algo=Migrad, strategy=0, tolerance=0.1
INFO: (function: improveOnce) CascadeMinimizer.cc: 211 -- Minimisation finished with status=0
INFO: (function: improveOnce) CascadeMinimizer.cc: 216 -- Minimization success! status=0
INFO: (function: doFit) FitterAlgoBase.cc: 343 -- Running Minos for POI r
DEBUG: (function: runSpecific) FitDiagnostics.cc: 443 -- Fit S+B, status = 0, numBadNLL = 0, covariance quality = -1
