INFO: (function: improveOnce) CascadeMinimizer.cc: 188 -- Minimisation configured with Type=Minuit2, Algo=Migrad, strategy=0, tolerance=0.1
INFO: (function: improveOnce) CascadeMinimizer.cc: 211 -- Minimisation finished with status=0
INFO: (function: improveOnce) CascadeMinimizer.cc: 216 -- Minimization success! status=0
INFO: (function: generateAsimov) ToyMCSamplerOpt.cc: 139 -- Using internal logic for binned/unbinned Asimov dataset generation
INFO: (function: generateWithHisto) ToyMCSamplerOpt.cc: 214 -- Generating asimov with histogram for pdf pdf_binfail_LOW_obsOnly: in 6 x-bins
INFO: (function: generateWithHisto) ToyMCSamplerOpt.cc: 215 -- , in 1 y-bins
INFO: (function: generateAsimov) ToyMCSamplerOpt.cc: 139 -- Using internal logic for binned/unbinned Asimov dataset generation
INFO: (function: generateWithHisto) ToyMCSamplerOpt.cc: 214 -- Generating asimov with histogram for pdf pdf_binfail_SIG_obsOnly: in 3 x-bins
INFO: (function: generateWithHisto) ToyMCSamplerOpt.cc: 215 -- , in 1 y-bins
INFO: (function: generateAsimov) ToyMCSamplerOpt.cc: 139 -- Using internal logic for binned/unbinned Asimov dataset generation
INFO: (function: generateWithHisto) ToyMCSamplerOpt.cc: 214 -- Generating asimov with histogram for pdf pdf_binpass_LOW_obsOnly: in 6 x-bins
INFO: (function: generateWithHisto) ToyMCSamplerOpt.cc: 215 -- , in 1 y-bins
INFO: (function: generateAsimov) ToyMCSamplerOpt.cc: 139 -- Using internal logic for binned/unbinned Asimov dataset generation
INFO: (function: generateWithHisto) ToyMCSamplerOpt.cc: 214 -- Generating asimov with histogram for pdf pdf_binpass_SIG_obsOnly: in 3 x-bins
INFO: (function: generateWithHisto) ToyMCSamplerOpt.cc: 215 -- , in 1 y-bins
INFO: (function: runLimitExpected) AsymptoticLimits.cc: 436 -- Median for expected limits = 6.71875 (Sigma for expected limits = 3.428)
INFO: (function: runLimit) AsymptoticLimits.cc: 193 -- NLL at global minimum of data = -60509.3 (r=3.74018)
INFO: (function: runLimit) AsymptoticLimits.cc: 213 -- NLL at global minimum of asimov = -60510.3 (r=0.0186099)
INFO: (function: getCLs) AsymptoticLimits.cc: 343 -- At r = 12.079384:	q_mu = 2.49501	q_A  = 7.00386	CLsb = 0.05710	CLb  = 0.85700	CLs  = 0.06663
INFO: (function: getCLs) AsymptoticLimits.cc: 343 -- At r = 24.158767:	q_mu = 7.70968	q_A  = 12.93166	CLsb = 0.00275	CLb  = 0.79373	CLs  = 0.00346
INFO: (function: getCLs) AsymptoticLimits.cc: 343 -- At r = 13.949474:	q_mu = 3.23983	q_A  = 8.01998	CLsb = 0.03593	CLb  = 0.84896	CLs  = 0.04233
INFO: (function: getCLs) AsymptoticLimits.cc: 343 -- At r = 8.844827:	q_mu = 1.26460	q_A  = 5.14244	CLsb = 0.13039	CLb  = 0.87351	CLs  = 0.14927
INFO: (function: getCLs) AsymptoticLimits.cc: 343 -- At r = 12.388735:	q_mu = 2.62657	q_A  = 7.17487	CLsb = 0.05254	CLb  = 0.85496	CLs  = 0.06146
INFO: (function: getCLs) AsymptoticLimits.cc: 343 -- At r = 13.079555:	q_mu = 2.89327	q_A  = 7.55251	CLsb = 0.04448	CLb  = 0.85250	CLs  = 0.05217
INFO: (function: getCLs) AsymptoticLimits.cc: 343 -- At r = 13.394957:	q_mu = 3.01766	q_A  = 7.72302	CLsb = 0.04118	CLb  = 0.85127	CLs  = 0.04838
INFO: (function: getCLs) AsymptoticLimits.cc: 343 -- At r = 13.221538:	q_mu = 2.94909	q_A  = 7.62942	CLsb = 0.04296	CLb  = 0.85195	CLs  = 0.05043
INFO: (function: getCLs) AsymptoticLimits.cc: 343 -- At r = 13.284723:	q_mu = 2.97402	q_A  = 7.66356	CLsb = 0.04231	CLb  = 0.85171	CLs  = 0.04967
INFO: (function: getCLs) AsymptoticLimits.cc: 343 -- At r = 13.250069:	q_mu = 2.96034	q_A  = 7.64484	CLsb = 0.04267	CLb  = 0.85184	CLs  = 0.05009
