INFO: (function: improveOnce) CascadeMinimizer.cc: 188 -- Minimisation configured with Type=Minuit2, Algo=Migrad, strategy=0, tolerance=0.1
INFO: (function: improveOnce) CascadeMinimizer.cc: 211 -- Minimisation finished with status=0
INFO: (function: improveOnce) CascadeMinimizer.cc: 216 -- Minimization success! status=0
INFO: (function: generateAsimov) ToyMCSamplerOpt.cc: 139 -- Using internal logic for binned/unbinned Asimov dataset generation
INFO: (function: generateWithHisto) ToyMCSamplerOpt.cc: 214 -- Generating asimov with histogram for pdf pdf_binfail_LOW_obsOnly: in 45 x-bins
INFO: (function: generateWithHisto) ToyMCSamplerOpt.cc: 215 -- , in 1 y-bins
INFO: (function: generateAsimov) ToyMCSamplerOpt.cc: 139 -- Using internal logic for binned/unbinned Asimov dataset generation
INFO: (function: generateWithHisto) ToyMCSamplerOpt.cc: 214 -- Generating asimov with histogram for pdf pdf_binfail_SIG_obsOnly: in 5 x-bins
INFO: (function: generateWithHisto) ToyMCSamplerOpt.cc: 215 -- , in 1 y-bins
INFO: (function: generateAsimov) ToyMCSamplerOpt.cc: 139 -- Using internal logic for binned/unbinned Asimov dataset generation
INFO: (function: generateWithHisto) ToyMCSamplerOpt.cc: 214 -- Generating asimov with histogram for pdf pdf_binpass_LOW_obsOnly: in 45 x-bins
INFO: (function: generateWithHisto) ToyMCSamplerOpt.cc: 215 -- , in 1 y-bins
INFO: (function: generateAsimov) ToyMCSamplerOpt.cc: 139 -- Using internal logic for binned/unbinned Asimov dataset generation
INFO: (function: generateWithHisto) ToyMCSamplerOpt.cc: 214 -- Generating asimov with histogram for pdf pdf_binpass_SIG_obsOnly: in 5 x-bins
INFO: (function: generateWithHisto) ToyMCSamplerOpt.cc: 215 -- , in 1 y-bins
INFO: (function: runLimitExpected) AsymptoticLimits.cc: 436 -- Median for expected limits = 0.152344 (Sigma for expected limits = 0.0777278)
INFO: (function: runLimit) AsymptoticLimits.cc: 193 -- NLL at global minimum of data = -5451.56 (r=0.127688)
INFO: (function: runLimit) AsymptoticLimits.cc: 213 -- NLL at global minimum of asimov = -5457.39 (r=4.26896e-05)
INFO: (function: getCLs) AsymptoticLimits.cc: 343 -- At r = 1.327688:	q_mu = 128.42543	q_A  = 116.63290	CLsb = 0.00000	CLb  = 0.29254	CLs  = 0.00000
INFO: (function: getCLs) AsymptoticLimits.cc: 343 -- At r = 0.727688:	q_mu = 56.89596	q_A  = 57.82546	CLsb = 0.00000	CLb  = 0.52447	CLs  = 0.00000
INFO: (function: getCLs) AsymptoticLimits.cc: 343 -- At r = 0.427688:	q_mu = 16.49660	q_A  = 25.07038	CLsb = 0.00002	CLb  = 0.82778	CLs  = 0.00003
INFO: (function: getCLs) AsymptoticLimits.cc: 343 -- At r = 0.277688:	q_mu = 4.45540	q_A  = 10.89241	CLsb = 0.01740	CLb  = 0.88290	CLs  = 0.01970
INFO: (function: getCLs) AsymptoticLimits.cc: 343 -- At r = 0.202688:	q_mu = 1.22741	q_A  = 6.20446	CLsb = 0.13396	CLb  = 0.91667	CLs  = 0.14613
INFO: (function: getCLs) AsymptoticLimits.cc: 343 -- At r = 0.234802:	q_mu = 2.37343	q_A  = 8.03840	CLsb = 0.06171	CLb  = 0.90227	CLs  = 0.06839
INFO: (function: getCLs) AsymptoticLimits.cc: 343 -- At r = 0.252014:	q_mu = 3.13410	q_A  = 9.12814	CLsb = 0.03834	CLb  = 0.89452	CLs  = 0.04286
INFO: (function: getCLs) AsymptoticLimits.cc: 343 -- At r = 0.244030:	q_mu = 2.76841	q_A  = 8.61340	CLsb = 0.04807	CLb  = 0.89814	CLs  = 0.05352
INFO: (function: getCLs) AsymptoticLimits.cc: 343 -- At r = 0.247583:	q_mu = 2.92874	q_A  = 8.84052	CLsb = 0.04351	CLb  = 0.89652	CLs  = 0.04853
INFO: (function: getCLs) AsymptoticLimits.cc: 343 -- At r = 0.246006:	q_mu = 2.85688	q_A  = 8.73928	CLsb = 0.04549	CLb  = 0.89724	CLs  = 0.05070
INFO: (function: getCLs) AsymptoticLimits.cc: 343 -- At r = 0.246723:	q_mu = 2.88965	q_A  = 8.78517	CLsb = 0.04458	CLb  = 0.89690	CLs  = 0.04970
