INFO: (function: improveOnce) CascadeMinimizer.cc: 188 -- Minimisation configured with Type=Minuit2, Algo=Migrad, strategy=0, tolerance=0.1
INFO: (function: improveOnce) CascadeMinimizer.cc: 211 -- Minimisation finished with status=0
INFO: (function: improveOnce) CascadeMinimizer.cc: 216 -- Minimization success! status=0
INFO: (function: generateAsimov) ToyMCSamplerOpt.cc: 139 -- Using internal logic for binned/unbinned Asimov dataset generation
INFO: (function: generateWithHisto) ToyMCSamplerOpt.cc: 214 -- Generating asimov with histogram for pdf pdf_binfail_LOW_obsOnly: in 5 x-bins
INFO: (function: generateWithHisto) ToyMCSamplerOpt.cc: 215 -- , in 1 y-bins
INFO: (function: generateAsimov) ToyMCSamplerOpt.cc: 139 -- Using internal logic for binned/unbinned Asimov dataset generation
INFO: (function: generateWithHisto) ToyMCSamplerOpt.cc: 214 -- Generating asimov with histogram for pdf pdf_binfail_SIG_obsOnly: in 6 x-bins
INFO: (function: generateWithHisto) ToyMCSamplerOpt.cc: 215 -- , in 1 y-bins
INFO: (function: generateAsimov) ToyMCSamplerOpt.cc: 139 -- Using internal logic for binned/unbinned Asimov dataset generation
INFO: (function: generateWithHisto) ToyMCSamplerOpt.cc: 214 -- Generating asimov with histogram for pdf pdf_binpass_LOW_obsOnly: in 5 x-bins
INFO: (function: generateWithHisto) ToyMCSamplerOpt.cc: 215 -- , in 1 y-bins
INFO: (function: generateAsimov) ToyMCSamplerOpt.cc: 139 -- Using internal logic for binned/unbinned Asimov dataset generation
INFO: (function: generateWithHisto) ToyMCSamplerOpt.cc: 214 -- Generating asimov with histogram for pdf pdf_binpass_SIG_obsOnly: in 6 x-bins
INFO: (function: generateWithHisto) ToyMCSamplerOpt.cc: 215 -- , in 1 y-bins
INFO: (function: runLimitExpected) AsymptoticLimits.cc: 436 -- Median for expected limits = 0.0102539 (Sigma for expected limits = 0.00523168)
INFO: (function: runLimit) AsymptoticLimits.cc: 193 -- NLL at global minimum of data = -3.58015e+06 (r=6.09026e-09)
INFO: (function: runLimit) AsymptoticLimits.cc: 213 -- NLL at global minimum of asimov = -3.58015e+06 (r=1.27123e-07)
INFO: (function: getCLs) AsymptoticLimits.cc: 343 -- At r = 1.200000:	q_mu = 1010.80067	q_A  = 1000.34040	CLsb = 0.00000	CLb  = 0.43433	CLs  = 0.00000
INFO: (function: getCLs) AsymptoticLimits.cc: 343 -- At r = 0.600000:	q_mu = 510.44953	q_A  = 496.74346	CLsb = 0.00000	CLb  = 0.37924	CLs  = 0.00000
INFO: (function: getCLs) AsymptoticLimits.cc: 343 -- At r = 0.300000:	q_mu = 256.38542	q_A  = 242.52529	CLsb = 0.00000	CLb  = 0.32816	CLs  = 0.00000
INFO: (function: getCLs) AsymptoticLimits.cc: 343 -- At r = 0.150000:	q_mu = 127.77253	q_A  = 115.10157	CLsb = 0.00000	CLb  = 0.27742	CLs  = 0.00000
INFO: (function: getCLs) AsymptoticLimits.cc: 343 -- At r = 0.075000:	q_mu = 63.55244	q_A  = 52.68554	CLsb = 0.00000	CLb  = 0.22706	CLs  = 0.00000
INFO: (function: getCLs) AsymptoticLimits.cc: 343 -- At r = 0.037500:	q_mu = 31.63878	q_A  = 22.91214	CLsb = 0.00000	CLb  = 0.18100	CLs  = 0.00000
INFO: (function: getCLs) AsymptoticLimits.cc: 343 -- At r = 0.018750:	q_mu = 15.77455	q_A  = 9.25974	CLsb = 0.00002	CLb  = 0.14220	CLs  = 0.00014
INFO: (function: getCLs) AsymptoticLimits.cc: 343 -- At r = 0.009375:	q_mu = 7.87368	q_A  = 3.39724	CLsb = 0.00112	CLb  = 0.11231	CLs  = 0.00994
INFO: (function: getCLs) AsymptoticLimits.cc: 343 -- At r = 0.004688:	q_mu = 3.93231	q_A  = 1.11695	CLsb = 0.00845	CLb  = 0.09144	CLs  = 0.09243
INFO: (function: getCLs) AsymptoticLimits.cc: 343 -- At r = 0.007031:	q_mu = 5.90220	q_A  = 2.16974	CLsb = 0.00307	CLb  = 0.10259	CLs  = 0.02995
INFO: (function: getCLs) AsymptoticLimits.cc: 343 -- At r = 0.005710:	q_mu = 4.79131	q_A  = 1.55002	CLsb = 0.00544	CLb  = 0.09650	CLs  = 0.05634
INFO: (function: getCLs) AsymptoticLimits.cc: 343 -- At r = 0.006174:	q_mu = 5.18131	q_A  = 1.76058	CLsb = 0.00445	CLb  = 0.09870	CLs  = 0.04509
INFO: (function: getCLs) AsymptoticLimits.cc: 343 -- At r = 0.005909:	q_mu = 4.95844	q_A  = 1.63926	CLsb = 0.00499	CLb  = 0.09745	CLs  = 0.05120
