INFO: (function: improveOnce) CascadeMinimizer.cc: 188 -- Minimisation configured with Type=Minuit2, Algo=Migrad, strategy=0, tolerance=0.1
INFO: (function: improveOnce) CascadeMinimizer.cc: 211 -- Minimisation finished with status=0
INFO: (function: improveOnce) CascadeMinimizer.cc: 216 -- Minimization success! status=0
INFO: (function: generateAsimov) ToyMCSamplerOpt.cc: 139 -- Using internal logic for binned/unbinned Asimov dataset generation
INFO: (function: generateWithHisto) ToyMCSamplerOpt.cc: 214 -- Generating asimov with histogram for pdf pdf_binfail_LOW_obsOnly: in 6 x-bins
INFO: (function: generateWithHisto) ToyMCSamplerOpt.cc: 215 -- , in 1 y-bins
INFO: (function: generateAsimov) ToyMCSamplerOpt.cc: 139 -- Using internal logic for binned/unbinned Asimov dataset generation
INFO: (function: generateWithHisto) ToyMCSamplerOpt.cc: 214 -- Generating asimov with histogram for pdf pdf_binfail_SIG_obsOnly: in 2 x-bins
INFO: (function: generateWithHisto) ToyMCSamplerOpt.cc: 215 -- , in 1 y-bins
INFO: (function: generateAsimov) ToyMCSamplerOpt.cc: 139 -- Using internal logic for binned/unbinned Asimov dataset generation
INFO: (function: generateWithHisto) ToyMCSamplerOpt.cc: 214 -- Generating asimov with histogram for pdf pdf_binpass_LOW_obsOnly: in 6 x-bins
INFO: (function: generateWithHisto) ToyMCSamplerOpt.cc: 215 -- , in 1 y-bins
INFO: (function: generateAsimov) ToyMCSamplerOpt.cc: 139 -- Using internal logic for binned/unbinned Asimov dataset generation
INFO: (function: generateWithHisto) ToyMCSamplerOpt.cc: 214 -- Generating asimov with histogram for pdf pdf_binpass_SIG_obsOnly: in 2 x-bins
INFO: (function: generateWithHisto) ToyMCSamplerOpt.cc: 215 -- , in 1 y-bins
INFO: (function: runLimitExpected) AsymptoticLimits.cc: 436 -- Median for expected limits = 792 (Sigma for expected limits = 404.089)
INFO: (function: runLimit) AsymptoticLimits.cc: 193 -- NLL at global minimum of data = -10998.6 (r=316.483)
INFO: (function: runLimit) AsymptoticLimits.cc: 213 -- NLL at global minimum of asimov = -11002.4 (r=3.03526)
INFO: (function: getCLs) AsymptoticLimits.cc: 343 -- At r = 1209.364355:	q_mu = 2.31409	q_A  = 5.62754	CLsb = 0.06410	CLb  = 0.80262	CLs  = 0.07987
INFO: (function: getCLs) AsymptoticLimits.cc: 343 -- At r = 2418.728709:	q_mu = 5.60308	q_A  = 9.71205	CLsb = 0.00896	CLb  = 0.77317	CLs  = 0.01159
INFO: (function: getCLs) AsymptoticLimits.cc: 343 -- At r = 1367.605767:	q_mu = 2.78072	q_A  = 6.24286	CLsb = 0.04770	CLb  = 0.79702	CLs  = 0.05985
INFO: (function: getCLs) AsymptoticLimits.cc: 343 -- At r = 1893.167238:	q_mu = 4.25360	q_A  = 8.09271	CLsb = 0.01958	CLb  = 0.78299	CLs  = 0.02501
INFO: (function: getCLs) AsymptoticLimits.cc: 343 -- At r = 1559.377717:	q_mu = 3.33259	q_A  = 6.94962	CLsb = 0.03396	CLb  = 0.79122	CLs  = 0.04292
INFO: (function: getCLs) AsymptoticLimits.cc: 343 -- At r = 1450.583546:	q_mu = 3.02139	q_A  = 6.55361	CLsb = 0.04109	CLb  = 0.79440	CLs  = 0.05172
INFO: (function: getCLs) AsymptoticLimits.cc: 343 -- At r = 1488.128486:	q_mu = 3.12933	q_A  = 6.69170	CLsb = 0.03845	CLb  = 0.79328	CLs  = 0.04847
INFO: (function: getCLs) AsymptoticLimits.cc: 343 -- At r = 1466.221634:	q_mu = 3.06642	q_A  = 6.61132	CLsb = 0.03996	CLb  = 0.79393	CLs  = 0.05034
INFO: (function: getCLs) AsymptoticLimits.cc: 343 -- At r = 1473.698928:	q_mu = 3.08792	q_A  = 6.63881	CLsb = 0.03944	CLb  = 0.79370	CLs  = 0.04969
INFO: (function: getCLs) AsymptoticLimits.cc: 343 -- At r = 1469.311492:	q_mu = 3.07531	q_A  = 6.62268	CLsb = 0.03974	CLb  = 0.79384	CLs  = 0.05007
