INFO: (function: improveOnce) CascadeMinimizer.cc: 188 -- Minimisation configured with Type=Minuit2, Algo=Migrad, strategy=0, tolerance=0.1
INFO: (function: improveOnce) CascadeMinimizer.cc: 211 -- Minimisation finished with status=0
INFO: (function: improveOnce) CascadeMinimizer.cc: 216 -- Minimization success! status=0
INFO: (function: generateAsimov) ToyMCSamplerOpt.cc: 139 -- Using internal logic for binned/unbinned Asimov dataset generation
INFO: (function: generateWithHisto) ToyMCSamplerOpt.cc: 214 -- Generating asimov with histogram for pdf pdf_binfail_LOW_obsOnly: in 5 x-bins
INFO: (function: generateWithHisto) ToyMCSamplerOpt.cc: 215 -- , in 1 y-bins
INFO: (function: generateAsimov) ToyMCSamplerOpt.cc: 139 -- Using internal logic for binned/unbinned Asimov dataset generation
INFO: (function: generateWithHisto) ToyMCSamplerOpt.cc: 214 -- Generating asimov with histogram for pdf pdf_binfail_SIG_obsOnly: in 4 x-bins
INFO: (function: generateWithHisto) ToyMCSamplerOpt.cc: 215 -- , in 1 y-bins
INFO: (function: generateAsimov) ToyMCSamplerOpt.cc: 139 -- Using internal logic for binned/unbinned Asimov dataset generation
INFO: (function: generateWithHisto) ToyMCSamplerOpt.cc: 214 -- Generating asimov with histogram for pdf pdf_binpass_LOW_obsOnly: in 5 x-bins
INFO: (function: generateWithHisto) ToyMCSamplerOpt.cc: 215 -- , in 1 y-bins
INFO: (function: generateAsimov) ToyMCSamplerOpt.cc: 139 -- Using internal logic for binned/unbinned Asimov dataset generation
INFO: (function: generateWithHisto) ToyMCSamplerOpt.cc: 214 -- Generating asimov with histogram for pdf pdf_binpass_SIG_obsOnly: in 4 x-bins
INFO: (function: generateWithHisto) ToyMCSamplerOpt.cc: 215 -- , in 1 y-bins
INFO: (function: runLimitExpected) AsymptoticLimits.cc: 436 -- Median for expected limits = 1294 (Sigma for expected limits = 660.216)
INFO: (function: runLimit) AsymptoticLimits.cc: 193 -- NLL at global minimum of data = -76461.4 (r=278.489)
INFO: (function: runLimit) AsymptoticLimits.cc: 213 -- NLL at global minimum of asimov = -76462.5 (r=4.53373)
INFO: (function: getCLs) AsymptoticLimits.cc: 343 -- At r = 1595.723801:	q_mu = 3.20003	q_A  = 4.95203	CLsb = 0.03682	CLb  = 0.66875	CLs  = 0.05506
INFO: (function: getCLs) AsymptoticLimits.cc: 343 -- At r = 3191.447602:	q_mu = 10.04764	q_A  = 11.57548	CLsb = 0.00076	CLb  = 0.59192	CLs  = 0.00129
INFO: (function: getCLs) AsymptoticLimits.cc: 343 -- At r = 1734.968306:	q_mu = 3.67154	q_A  = 5.47481	CLsb = 0.02767	CLb  = 0.66411	CLs  = 0.04167
INFO: (function: getCLs) AsymptoticLimits.cc: 343 -- At r = 1006.728659:	q_mu = 1.80488	q_A  = 2.78953	CLsb = 0.08956	CLb  = 0.62806	CLs  = 0.14260
INFO: (function: getCLs) AsymptoticLimits.cc: 343 -- At r = 1503.035558:	q_mu = 2.90947	q_A  = 4.60605	CLsb = 0.04403	CLb  = 0.67020	CLs  = 0.06570
INFO: (function: getCLs) AsymptoticLimits.cc: 343 -- At r = 1614.320625:	q_mu = 3.26066	q_A  = 5.02178	CLsb = 0.03548	CLb  = 0.66829	CLs  = 0.05309
INFO: (function: getCLs) AsymptoticLimits.cc: 343 -- At r = 1662.354709:	q_mu = 3.42067	q_A  = 5.25045	CLsb = 0.03219	CLb  = 0.67071	CLs  = 0.04800
INFO: (function: getCLs) AsymptoticLimits.cc: 343 -- At r = 1637.173621:	q_mu = 3.33619	q_A  = 5.10727	CLsb = 0.03389	CLb  = 0.66764	CLs  = 0.05075
INFO: (function: getCLs) AsymptoticLimits.cc: 343 -- At r = 1647.611099:	q_mu = 3.37105	q_A  = 5.14648	CLsb = 0.03318	CLb  = 0.66733	CLs  = 0.04971
INFO: (function: getCLs) AsymptoticLimits.cc: 343 -- At r = 1643.212981:	q_mu = 3.35634	q_A  = 5.12993	CLsb = 0.03347	CLb  = 0.66746	CLs  = 0.05015
