INFO: (function: improveOnce) CascadeMinimizer.cc: 188 -- Minimisation configured with Type=Minuit2, Algo=Migrad, strategy=0, tolerance=0.1
INFO: (function: improveOnce) CascadeMinimizer.cc: 211 -- Minimisation finished with status=0
INFO: (function: improveOnce) CascadeMinimizer.cc: 216 -- Minimization success! status=0
INFO: (function: generateAsimov) ToyMCSamplerOpt.cc: 139 -- Using internal logic for binned/unbinned Asimov dataset generation
INFO: (function: generateWithHisto) ToyMCSamplerOpt.cc: 214 -- Generating asimov with histogram for pdf pdf_binfail_LOW_obsOnly: in 6 x-bins
INFO: (function: generateWithHisto) ToyMCSamplerOpt.cc: 215 -- , in 1 y-bins
INFO: (function: generateAsimov) ToyMCSamplerOpt.cc: 139 -- Using internal logic for binned/unbinned Asimov dataset generation
INFO: (function: generateWithHisto) ToyMCSamplerOpt.cc: 214 -- Generating asimov with histogram for pdf pdf_binfail_SIG_obsOnly: in 1 x-bins
INFO: (function: generateWithHisto) ToyMCSamplerOpt.cc: 215 -- , in 1 y-bins
INFO: (function: generateAsimov) ToyMCSamplerOpt.cc: 139 -- Using internal logic for binned/unbinned Asimov dataset generation
INFO: (function: generateWithHisto) ToyMCSamplerOpt.cc: 214 -- Generating asimov with histogram for pdf pdf_binpass_LOW_obsOnly: in 6 x-bins
INFO: (function: generateWithHisto) ToyMCSamplerOpt.cc: 215 -- , in 1 y-bins
INFO: (function: generateAsimov) ToyMCSamplerOpt.cc: 139 -- Using internal logic for binned/unbinned Asimov dataset generation
INFO: (function: generateWithHisto) ToyMCSamplerOpt.cc: 214 -- Generating asimov with histogram for pdf pdf_binpass_SIG_obsOnly: in 1 x-bins
INFO: (function: generateWithHisto) ToyMCSamplerOpt.cc: 215 -- , in 1 y-bins
INFO: (function: runLimitExpected) AsymptoticLimits.cc: 436 -- Median for expected limits = 1.37891 (Sigma for expected limits = 0.703537)
INFO: (function: runLimit) AsymptoticLimits.cc: 193 -- NLL at global minimum of data = -3147.99 (r=0.781645)
INFO: (function: runLimit) AsymptoticLimits.cc: 213 -- NLL at global minimum of asimov = -3153.42 (r=0.00082045)
INFO: (function: getCLs) AsymptoticLimits.cc: 343 -- At r = 2.543600:	q_mu = 2.57423	q_A  = 7.24924	CLsb = 0.05431	CLb  = 0.86170	CLs  = 0.06302
INFO: (function: getCLs) AsymptoticLimits.cc: 343 -- At r = 5.087199:	q_mu = 8.47807	q_A  = 13.47645	CLsb = 0.00180	CLb  = 0.77617	CLs  = 0.00232
INFO: (function: getCLs) AsymptoticLimits.cc: 343 -- At r = 2.934422:	q_mu = 3.40271	q_A  = 8.30598	CLsb = 0.03254	CLb  = 0.85022	CLs  = 0.03828
INFO: (function: getCLs) AsymptoticLimits.cc: 343 -- At r = 1.858034:	q_mu = 1.28548	q_A  = 5.29060	CLsb = 0.12844	CLb  = 0.87826	CLs  = 0.14624
INFO: (function: getCLs) AsymptoticLimits.cc: 343 -- At r = 2.547524:	q_mu = 2.58223	q_A  = 7.26005	CLsb = 0.05403	CLb  = 0.86160	CLs  = 0.06271
INFO: (function: getCLs) AsymptoticLimits.cc: 343 -- At r = 2.766946:	q_mu = 3.04043	q_A  = 7.85824	CLsb = 0.04061	CLb  = 0.85533	CLs  = 0.04748
INFO: (function: getCLs) AsymptoticLimits.cc: 343 -- At r = 2.690391:	q_mu = 2.87842	q_A  = 7.65105	CLsb = 0.04489	CLb  = 0.85757	CLs  = 0.05234
INFO: (function: getCLs) AsymptoticLimits.cc: 343 -- At r = 2.734431:	q_mu = 2.97139	q_A  = 7.77044	CLsb = 0.04237	CLb  = 0.85629	CLs  = 0.04949
INFO: (function: getCLs) AsymptoticLimits.cc: 343 -- At r = 2.719140:	q_mu = 2.93902	q_A  = 7.72905	CLsb = 0.04323	CLb  = 0.85673	CLs  = 0.05046
INFO: (function: getCLs) AsymptoticLimits.cc: 343 -- At r = 2.727955:	q_mu = 2.95767	q_A  = 7.75292	CLsb = 0.04274	CLb  = 0.85648	CLs  = 0.04990
