INFO: (function: improveOnce) CascadeMinimizer.cc: 188 -- Minimisation configured with Type=Minuit2, Algo=Migrad, strategy=0, tolerance=0.1
INFO: (function: improveOnce) CascadeMinimizer.cc: 211 -- Minimisation finished with status=0
INFO: (function: improveOnce) CascadeMinimizer.cc: 216 -- Minimization success! status=0
INFO: (function: generateAsimov) ToyMCSamplerOpt.cc: 139 -- Using internal logic for binned/unbinned Asimov dataset generation
INFO: (function: generateWithHisto) ToyMCSamplerOpt.cc: 214 -- Generating asimov with histogram for pdf pdf_binfail_LOW_obsOnly: in 38 x-bins
INFO: (function: generateWithHisto) ToyMCSamplerOpt.cc: 215 -- , in 1 y-bins
INFO: (function: generateAsimov) ToyMCSamplerOpt.cc: 139 -- Using internal logic for binned/unbinned Asimov dataset generation
INFO: (function: generateWithHisto) ToyMCSamplerOpt.cc: 214 -- Generating asimov with histogram for pdf pdf_binfail_SIG_obsOnly: in 2 x-bins
INFO: (function: generateWithHisto) ToyMCSamplerOpt.cc: 215 -- , in 1 y-bins
INFO: (function: generateAsimov) ToyMCSamplerOpt.cc: 139 -- Using internal logic for binned/unbinned Asimov dataset generation
INFO: (function: generateWithHisto) ToyMCSamplerOpt.cc: 214 -- Generating asimov with histogram for pdf pdf_binpass_LOW_obsOnly: in 38 x-bins
INFO: (function: generateWithHisto) ToyMCSamplerOpt.cc: 215 -- , in 1 y-bins
INFO: (function: generateAsimov) ToyMCSamplerOpt.cc: 139 -- Using internal logic for binned/unbinned Asimov dataset generation
INFO: (function: generateWithHisto) ToyMCSamplerOpt.cc: 214 -- Generating asimov with histogram for pdf pdf_binpass_SIG_obsOnly: in 2 x-bins
INFO: (function: generateWithHisto) ToyMCSamplerOpt.cc: 215 -- , in 1 y-bins
DEBUG: (function: runLimitExpected) AsymptoticLimits.cc: 423 -- Best fit of asimov dataset is at r = 0.093660 (0.004683 times rMax), while it should be at zero
INFO: (function: runLimitExpected) AsymptoticLimits.cc: 436 -- Median for expected limits = 75 (Sigma for expected limits = 38.266)
INFO: (function: runLimit) AsymptoticLimits.cc: 193 -- NLL at global minimum of data = -43227.4 (r=46.0775)
INFO: (function: runLimit) AsymptoticLimits.cc: 213 -- NLL at global minimum of asimov = -43236 (r=0.228964)
INFO: (function: getCLs) AsymptoticLimits.cc: 343 -- At r = 150.720304:	q_mu = 5.73437	q_A  = 12.33773	CLsb = 0.00832	CLb  = 0.86819	CLs  = 0.00958
INFO: (function: getCLs) AsymptoticLimits.cc: 343 -- At r = 98.398922:	q_mu = 1.69516	q_A  = 6.17614	CLsb = 0.09646	CLb  = 0.88164	CLs  = 0.10941
INFO: (function: getCLs) AsymptoticLimits.cc: 343 -- At r = 124.559613:	q_mu = 3.51166	q_A  = 9.13740	CLsb = 0.03047	CLb  = 0.87470	CLs  = 0.03483
INFO: (function: getCLs) AsymptoticLimits.cc: 343 -- At r = 112.718478:	q_mu = 2.63003	q_A  = 7.76053	CLsb = 0.05243	CLb  = 0.87780	CLs  = 0.05973
INFO: (function: getCLs) AsymptoticLimits.cc: 343 -- At r = 118.210184:	q_mu = 3.02774	q_A  = 8.39240	CLsb = 0.04093	CLb  = 0.87635	CLs  = 0.04670
INFO: (function: getCLs) AsymptoticLimits.cc: 343 -- At r = 115.892955:	q_mu = 2.85749	q_A  = 8.12432	CLsb = 0.04547	CLb  = 0.87696	CLs  = 0.05186
INFO: (function: getCLs) AsymptoticLimits.cc: 343 -- At r = 117.001441:	q_mu = 2.93848	q_A  = 8.25228	CLsb = 0.04325	CLb  = 0.87667	CLs  = 0.04933
INFO: (function: getCLs) AsymptoticLimits.cc: 343 -- At r = 116.540131:	q_mu = 2.90466	q_A  = 8.19895	CLsb = 0.04416	CLb  = 0.87679	CLs  = 0.05037
