INFO: (function: improveOnce) CascadeMinimizer.cc: 188 -- Minimisation configured with Type=Minuit2, Algo=Migrad, strategy=0, tolerance=0.1
INFO: (function: evaluate) CachingNLL.cc: 719 -- underflow (expected events <=0) in total event yield for pdf_binpass_SIG_obsOnly, expected yield = -20.0963 (observed: 0)
INFO: (function: evaluate) CachingNLL.cc: 719 -- underflow (expected events <=0) in total event yield for pdf_binpass_SIG_obsOnly, expected yield = -14.8849 (observed: 0)
INFO: (function: evaluate) CachingNLL.cc: 719 -- underflow (expected events <=0) in total event yield for pdf_binpass_SIG_obsOnly, expected yield = -8.17541 (observed: 0)
INFO: (function: evaluate) CachingNLL.cc: 719 -- underflow (expected events <=0) in total event yield for pdf_binpass_SIG_obsOnly, expected yield = -6.57965 (observed: 0)
INFO: (function: evaluate) CachingNLL.cc: 719 -- underflow (expected events <=0) in total event yield for pdf_binpass_SIG_obsOnly, expected yield = -15.1559 (observed: 0)
INFO: (function: evaluate) CachingNLL.cc: 719 -- underflow (expected events <=0) in total event yield for pdf_binpass_SIG_obsOnly, expected yield = -5.13131 (observed: 0)
INFO: (function: evaluate) CachingNLL.cc: 719 -- underflow (expected events <=0) in total event yield for pdf_binpass_SIG_obsOnly, expected yield = -16.2671 (observed: 0)
INFO: (function: evaluate) CachingNLL.cc: 719 -- underflow (expected events <=0) in total event yield for pdf_binpass_SIG_obsOnly, expected yield = -16.0421 (observed: 0)
INFO: (function: evaluate) CachingNLL.cc: 719 -- underflow (expected events <=0) in total event yield for pdf_binpass_SIG_obsOnly, expected yield = -7.22736 (observed: 0)
INFO: (function: evaluate) CachingNLL.cc: 719 -- underflow (expected events <=0) in total event yield for pdf_binpass_SIG_obsOnly, expected yield = -21.341 (observed: 0)
INFO: (function: evaluate) CachingNLL.cc: 719 -- underflow (expected events <=0) in total event yield for pdf_binpass_SIG_obsOnly, expected yield = -19.653 (observed: 0)
INFO: (function: evaluate) CachingNLL.cc: 719 -- underflow (expected events <=0) in total event yield for pdf_binpass_SIG_obsOnly, expected yield = -4.7749 (observed: 0)
INFO: (function: evaluate) CachingNLL.cc: 719 -- underflow (expected events <=0) in total event yield for pdf_binpass_SIG_obsOnly, expected yield = -22.6464 (observed: 0)
INFO: (function: evaluate) CachingNLL.cc: 719 -- underflow (expected events <=0) in total event yield for pdf_binpass_SIG_obsOnly, expected yield = -1.16417 (observed: 0)
INFO: (function: evaluate) CachingNLL.cc: 719 -- underflow (expected events <=0) in total event yield for pdf_binpass_SIG_obsOnly, expected yield = -12.3745 (observed: 0)
INFO: (function: evaluate) CachingNLL.cc: 719 -- underflow (expected events <=0) in total event yield for pdf_binpass_SIG_obsOnly, expected yield = -0.108793 (observed: 0)
INFO: (function: evaluate) CachingNLL.cc: 719 -- underflow (expected events <=0) in total event yield for pdf_binpass_SIG_obsOnly, expected yield = -5.4522 (observed: 0)
INFO: (function: evaluate) CachingNLL.cc: 719 -- underflow (expected events <=0) in total event yield for pdf_binpass_SIG_obsOnly, expected yield = -20.8692 (observed: 0)
INFO: (function: evaluate) CachingNLL.cc: 719 -- underflow (expected events <=0) in total event yield for pdf_binpass_SIG_obsOnly, expected yield = -7.89228 (observed: 0)
INFO: (function: evaluate) CachingNLL.cc: 719 -- underflow (expected events <=0) in total event yield for pdf_binpass_SIG_obsOnly, expected yield = -8.19137 (observed: 0)
INFO: (function: evaluate) CachingNLL.cc: 719 -- underflow (expected events <=0) in total event yield for pdf_binpass_SIG_obsOnly, expected yield = -3.02131 (observed: 0)
INFO: (function: evaluate) CachingNLL.cc: 719 -- underflow (expected events <=0) in total event yield for pdf_binpass_SIG_obsOnly, expected yield = -0.0469663 (observed: 0)
INFO: (function: evaluate) CachingNLL.cc: 719 -- underflow (expected events <=0) in total event yield for pdf_binpass_SIG_obsOnly, expected yield = -21.2924 (observed: 0)
INFO: (function: evaluate) CachingNLL.cc: 719 -- underflow (expected events <=0) in total event yield for pdf_binpass_SIG_obsOnly, expected yield = -1.28208 (observed: 0)
INFO: (function: evaluate) CachingNLL.cc: 719 -- underflow (expected events <=0) in total event yield for pdf_binpass_SIG_obsOnly, expected yield = -11.8751 (observed: 0)
INFO: (function: evaluate) CachingNLL.cc: 719 -- underflow (expected events <=0) in total event yield for pdf_binpass_SIG_obsOnly, expected yield = -13.9534 (observed: 0)
INFO: (function: evaluate) CachingNLL.cc: 719 -- underflow (expected events <=0) in total event yield for pdf_binpass_SIG_obsOnly, expected yield = -0.719786 (observed: 0)
INFO: (function: evaluate) CachingNLL.cc: 719 -- underflow (expected events <=0) in total event yield for pdf_binpass_SIG_obsOnly, expected yield = -0.00467583 (observed: 0)
INFO: (function: evaluate) CachingNLL.cc: 719 -- underflow (expected events <=0) in total event yield for pdf_binpass_SIG_obsOnly, expected yield = -13.2596 (observed: 0)
INFO: (function: evaluate) CachingNLL.cc: 719 -- underflow (expected events <=0) in total event yield for pdf_binpass_SIG_obsOnly, expected yield = -15.5413 (observed: 0)
INFO: (function: evaluate) CachingNLL.cc: 719 -- underflow (expected events <=0) in total event yield for pdf_binpass_SIG_obsOnly, expected yield = -0.825783 (observed: 0)
INFO: (function: evaluate) CachingNLL.cc: 719 -- underflow (expected events <=0) in total event yield for pdf_binpass_SIG_obsOnly, expected yield = -0.0117669 (observed: 0)
INFO: (function: evaluate) CachingNLL.cc: 719 -- underflow (expected events <=0) in total event yield for pdf_binpass_SIG_obsOnly, expected yield = -22.735 (observed: 0)
INFO: (function: evaluate) CachingNLL.cc: 719 -- underflow (expected events <=0) in total event yield for pdf_binpass_SIG_obsOnly, expected yield = -1.71793 (observed: 0)
INFO: (function: evaluate) CachingNLL.cc: 719 -- underflow (expected events <=0) in total event yield for pdf_binpass_SIG_obsOnly, expected yield = -0.0584841 (observed: 0)
INFO: (function: evaluate) CachingNLL.cc: 719 -- underflow (expected events <=0) in total event yield for pdf_binpass_SIG_obsOnly, expected yield = -4.221 (observed: 0)
INFO: (function: evaluate) CachingNLL.cc: 719 -- underflow (expected events <=0) in total event yield for pdf_binpass_SIG_obsOnly, expected yield = -18.6552 (observed: 0)
INFO: (function: evaluate) CachingNLL.cc: 719 -- underflow (expected events <=0) in total event yield for pdf_binpass_SIG_obsOnly, expected yield = -1.06934 (observed: 0)
INFO: (function: evaluate) CachingNLL.cc: 719 -- underflow (expected events <=0) in total event yield for pdf_binpass_SIG_obsOnly, expected yield = -0.0301436 (observed: 0)
INFO: (function: evaluate) CachingNLL.cc: 719 -- underflow (expected events <=0) in total event yield for pdf_binpass_SIG_obsOnly, expected yield = -14.3005 (observed: 0)
INFO: (function: evaluate) CachingNLL.cc: 719 -- underflow (expected events <=0) in total event yield for pdf_binpass_SIG_obsOnly, expected yield = -19.9061 (observed: 0)
INFO: (function: evaluate) CachingNLL.cc: 719 -- underflow (expected events <=0) in total event yield for pdf_binpass_SIG_obsOnly, expected yield = -1.18948 (observed: 0)
INFO: (function: evaluate) CachingNLL.cc: 719 -- underflow (expected events <=0) in total event yield for pdf_binpass_SIG_obsOnly, expected yield = -0.038757 (observed: 0)
INFO: (function: evaluate) CachingNLL.cc: 719 -- underflow (expected events <=0) in total event yield for pdf_binpass_SIG_obsOnly, expected yield = -0.00104862 (observed: 0)
INFO: (function: evaluate) CachingNLL.cc: 719 -- underflow (expected events <=0) in total event yield for pdf_binpass_SIG_obsOnly, expected yield = -0.877806 (observed: 0)
INFO: (function: evaluate) CachingNLL.cc: 719 -- underflow (expected events <=0) in total event yield for pdf_binpass_SIG_obsOnly, expected yield = -7.11069 (observed: 0)
INFO: (function: evaluate) CachingNLL.cc: 719 -- underflow (expected events <=0) in total event yield for pdf_binpass_SIG_obsOnly, expected yield = -0.343692 (observed: 0)
INFO: (function: evaluate) CachingNLL.cc: 719 -- underflow (expected events <=0) in total event yield for pdf_binpass_SIG_obsOnly, expected yield = -0.000352074 (observed: 0)
INFO: (function: evaluate) CachingNLL.cc: 719 -- underflow (expected events <=0) in total event yield for pdf_binpass_SIG_obsOnly, expected yield = -5.2508e-05 (observed: 0)
INFO: (function: evaluate) CachingNLL.cc: 719 -- underflow (expected events <=0) in total event yield for pdf_binpass_SIG_obsOnly, expected yield = -0.0193044 (observed: 0)
INFO: (function: evaluate) CachingNLL.cc: 719 -- underflow (expected events <=0) in total event yield for pdf_binpass_SIG_obsOnly, expected yield = -0.00909879 (observed: 0)
INFO: (function: evaluate) CachingNLL.cc: 719 -- underflow (expected events <=0) in total event yield for pdf_binpass_SIG_obsOnly, expected yield = -0.00546539 (observed: 0)
INFO: (function: improveOnce) CascadeMinimizer.cc: 211 -- Minimisation finished with status=-1
DEBUG: (function: improveOnce) CascadeMinimizer.cc: 217 -- Minimization ended with latest status != 0 or 1
