INFO: (function: improveOnce) CascadeMinimizer.cc: 188 -- Minimisation configured with Type=Minuit2, Algo=Migrad, strategy=0, tolerance=0.1
INFO: (function: improveOnce) CascadeMinimizer.cc: 211 -- Minimisation finished with status=0
INFO: (function: improveOnce) CascadeMinimizer.cc: 216 -- Minimization success! status=0
INFO: (function: generateAsimov) ToyMCSamplerOpt.cc: 139 -- Using internal logic for binned/unbinned Asimov dataset generation
INFO: (function: generateWithHisto) ToyMCSamplerOpt.cc: 214 -- Generating asimov with histogram for pdf pdf_binfail_LOW_obsOnly: in 6 x-bins
INFO: (function: generateWithHisto) ToyMCSamplerOpt.cc: 215 -- , in 1 y-bins
INFO: (function: generateAsimov) ToyMCSamplerOpt.cc: 139 -- Using internal logic for binned/unbinned Asimov dataset generation
INFO: (function: generateWithHisto) ToyMCSamplerOpt.cc: 214 -- Generating asimov with histogram for pdf pdf_binfail_SIG_obsOnly: in 8 x-bins
INFO: (function: generateWithHisto) ToyMCSamplerOpt.cc: 215 -- , in 1 y-bins
INFO: (function: generateAsimov) ToyMCSamplerOpt.cc: 139 -- Using internal logic for binned/unbinned Asimov dataset generation
INFO: (function: generateWithHisto) ToyMCSamplerOpt.cc: 214 -- Generating asimov with histogram for pdf pdf_binpass_LOW_obsOnly: in 6 x-bins
INFO: (function: generateWithHisto) ToyMCSamplerOpt.cc: 215 -- , in 1 y-bins
INFO: (function: generateAsimov) ToyMCSamplerOpt.cc: 139 -- Using internal logic for binned/unbinned Asimov dataset generation
INFO: (function: generateWithHisto) ToyMCSamplerOpt.cc: 214 -- Generating asimov with histogram for pdf pdf_binpass_SIG_obsOnly: in 8 x-bins
INFO: (function: generateWithHisto) ToyMCSamplerOpt.cc: 215 -- , in 1 y-bins
INFO: (function: runLimitExpected) AsymptoticLimits.cc: 436 -- Median for expected limits = 6.15625 (Sigma for expected limits = 3.141)
INFO: (function: runLimit) AsymptoticLimits.cc: 193 -- NLL at global minimum of data = -777266 (r=2.39443e-07)
INFO: (function: runLimit) AsymptoticLimits.cc: 213 -- NLL at global minimum of asimov = -777254 (r=1.55431e-14)
INFO: (function: getCLs) AsymptoticLimits.cc: 343 -- At r = 3.129025:	q_mu = 2.86047	q_A  = 1.77847	CLsb = 0.04099	CLb  = 0.34249	CLs  = 0.11969
INFO: (function: getCLs) AsymptoticLimits.cc: 343 -- At r = 6.258050:	q_mu = 5.40844	q_A  = 3.90466	CLsb = 0.00922	CLb  = 0.35178	CLs  = 0.02622
INFO: (function: getCLs) AsymptoticLimits.cc: 343 -- At r = 3.129025:	q_mu = 2.86049	q_A  = 1.77842	CLsb = 0.04099	CLb  = 0.34248	CLs  = 0.11969
INFO: (function: getCLs) AsymptoticLimits.cc: 343 -- At r = 4.568044:	q_mu = 4.05785	q_A  = 2.75656	CLsb = 0.02008	CLb  = 0.34757	CLs  = 0.05776
INFO: (function: getCLs) AsymptoticLimits.cc: 343 -- At r = 5.153053:	q_mu = 4.53193	q_A  = 3.15427	CLsb = 0.01524	CLb  = 0.34906	CLs  = 0.04365
INFO: (function: getCLs) AsymptoticLimits.cc: 343 -- At r = 4.809152:	q_mu = 4.25400	q_A  = 2.92050	CLsb = 0.01790	CLb  = 0.34821	CLs  = 0.05142
INFO: (function: getCLs) AsymptoticLimits.cc: 343 -- At r = 4.924889:	q_mu = 4.34780	q_A  = 2.99918	CLsb = 0.01695	CLb  = 0.34850	CLs  = 0.04865
INFO: (function: getCLs) AsymptoticLimits.cc: 343 -- At r = 4.855861:	q_mu = 4.29190	q_A  = 2.95225	CLsb = 0.01751	CLb  = 0.34833	CLs  = 0.05028
INFO: (function: getCLs) AsymptoticLimits.cc: 343 -- At r = 4.878956:	q_mu = 4.31061	q_A  = 2.96795	CLsb = 0.01732	CLb  = 0.34839	CLs  = 0.04973
INFO: (function: getCLs) AsymptoticLimits.cc: 343 -- At r = 4.865139:	q_mu = 4.29942	q_A  = 2.95856	CLsb = 0.01744	CLb  = 0.34835	CLs  = 0.05006
