INFO: (function: improveOnce) CascadeMinimizer.cc: 188 -- Minimisation configured with Type=Minuit2, Algo=Migrad, strategy=0, tolerance=0.1
INFO: (function: improveOnce) CascadeMinimizer.cc: 211 -- Minimisation finished with status=0
INFO: (function: improveOnce) CascadeMinimizer.cc: 216 -- Minimization success! status=0
INFO: (function: generateAsimov) ToyMCSamplerOpt.cc: 139 -- Using internal logic for binned/unbinned Asimov dataset generation
INFO: (function: generateWithHisto) ToyMCSamplerOpt.cc: 214 -- Generating asimov with histogram for pdf pdf_binfail_LOW_obsOnly: in 5 x-bins
INFO: (function: generateWithHisto) ToyMCSamplerOpt.cc: 215 -- , in 1 y-bins
INFO: (function: generateAsimov) ToyMCSamplerOpt.cc: 139 -- Using internal logic for binned/unbinned Asimov dataset generation
INFO: (function: generateWithHisto) ToyMCSamplerOpt.cc: 214 -- Generating asimov with histogram for pdf pdf_binfail_SIG_obsOnly: in 6 x-bins
INFO: (function: generateWithHisto) ToyMCSamplerOpt.cc: 215 -- , in 1 y-bins
INFO: (function: generateAsimov) ToyMCSamplerOpt.cc: 139 -- Using internal logic for binned/unbinned Asimov dataset generation
INFO: (function: generateWithHisto) ToyMCSamplerOpt.cc: 214 -- Generating asimov with histogram for pdf pdf_binpass_LOW_obsOnly: in 5 x-bins
INFO: (function: generateWithHisto) ToyMCSamplerOpt.cc: 215 -- , in 1 y-bins
INFO: (function: generateAsimov) ToyMCSamplerOpt.cc: 139 -- Using internal logic for binned/unbinned Asimov dataset generation
INFO: (function: generateWithHisto) ToyMCSamplerOpt.cc: 214 -- Generating asimov with histogram for pdf pdf_binpass_SIG_obsOnly: in 6 x-bins
INFO: (function: generateWithHisto) ToyMCSamplerOpt.cc: 215 -- , in 1 y-bins
INFO: (function: runLimitExpected) AsymptoticLimits.cc: 436 -- Median for expected limits = 3.67188 (Sigma for expected limits = 1.87344)
INFO: (function: runLimit) AsymptoticLimits.cc: 193 -- NLL at global minimum of data = -22359.2 (r=2.03392e-07)
INFO: (function: runLimit) AsymptoticLimits.cc: 213 -- NLL at global minimum of asimov = -22363 (r=1.66533e-14)
INFO: (function: getCLs) AsymptoticLimits.cc: 343 -- At r = 4.707643:	q_mu = 4.01597	q_A  = 4.93212	CLsb = 0.02254	CLb  = 0.58584	CLs  = 0.03847
INFO: (function: getCLs) AsymptoticLimits.cc: 343 -- At r = 2.353822:	q_mu = 1.97498	q_A  = 2.44935	CLsb = 0.07996	CLb  = 0.56344	CLs  = 0.14191
INFO: (function: getCLs) AsymptoticLimits.cc: 343 -- At r = 3.858636:	q_mu = 3.27247	q_A  = 4.03302	CLsb = 0.03523	CLb  = 0.57896	CLs  = 0.06084
INFO: (function: getCLs) AsymptoticLimits.cc: 343 -- At r = 4.319197:	q_mu = 3.67476	q_A  = 4.52028	CLsb = 0.02762	CLb  = 0.58283	CLs  = 0.04739
INFO: (function: getCLs) AsymptoticLimits.cc: 343 -- At r = 4.148075:	q_mu = 3.52501	q_A  = 4.33911	CLsb = 0.03022	CLb  = 0.58143	CLs  = 0.05198
INFO: (function: getCLs) AsymptoticLimits.cc: 343 -- At r = 4.239886:	q_mu = 3.60532	q_A  = 4.43629	CLsb = 0.02880	CLb  = 0.58218	CLs  = 0.04946
INFO: (function: getCLs) AsymptoticLimits.cc: 343 -- At r = 4.205605:	q_mu = 3.57532	q_A  = 4.40000	CLsb = 0.02932	CLb  = 0.58190	CLs  = 0.05039
INFO: (function: getCLs) AsymptoticLimits.cc: 343 -- At r = 4.223956:	q_mu = 3.59138	q_A  = 4.41943	CLsb = 0.02904	CLb  = 0.58205	CLs  = 0.04989
