INFO: (function: improveOnce) CascadeMinimizer.cc: 188 -- Minimisation configured with Type=Minuit2, Algo=Migrad, strategy=0, tolerance=0.1
INFO: (function: improveOnce) CascadeMinimizer.cc: 211 -- Minimisation finished with status=0
INFO: (function: improveOnce) CascadeMinimizer.cc: 216 -- Minimization success! status=0
INFO: (function: generateAsimov) ToyMCSamplerOpt.cc: 139 -- Using internal logic for binned/unbinned Asimov dataset generation
INFO: (function: generateWithHisto) ToyMCSamplerOpt.cc: 214 -- Generating asimov with histogram for pdf pdf_binfail_LOW_obsOnly: in 5 x-bins
INFO: (function: generateWithHisto) ToyMCSamplerOpt.cc: 215 -- , in 1 y-bins
INFO: (function: generateAsimov) ToyMCSamplerOpt.cc: 139 -- Using internal logic for binned/unbinned Asimov dataset generation
INFO: (function: generateWithHisto) ToyMCSamplerOpt.cc: 214 -- Generating asimov with histogram for pdf pdf_binfail_SIG_obsOnly: in 3 x-bins
INFO: (function: generateWithHisto) ToyMCSamplerOpt.cc: 215 -- , in 1 y-bins
INFO: (function: generateAsimov) ToyMCSamplerOpt.cc: 139 -- Using internal logic for binned/unbinned Asimov dataset generation
INFO: (function: generateWithHisto) ToyMCSamplerOpt.cc: 214 -- Generating asimov with histogram for pdf pdf_binpass_LOW_obsOnly: in 5 x-bins
INFO: (function: generateWithHisto) ToyMCSamplerOpt.cc: 215 -- , in 1 y-bins
INFO: (function: generateAsimov) ToyMCSamplerOpt.cc: 139 -- Using internal logic for binned/unbinned Asimov dataset generation
INFO: (function: generateWithHisto) ToyMCSamplerOpt.cc: 214 -- Generating asimov with histogram for pdf pdf_binpass_SIG_obsOnly: in 3 x-bins
INFO: (function: generateWithHisto) ToyMCSamplerOpt.cc: 215 -- , in 1 y-bins
INFO: (function: runLimitExpected) AsymptoticLimits.cc: 436 -- Median for expected limits = 0.0415039 (Sigma for expected limits = 0.0211759)
INFO: (function: runLimit) AsymptoticLimits.cc: 193 -- NLL at global minimum of data = -11948.7 (r=2.68951e-09)
INFO: (function: runLimit) AsymptoticLimits.cc: 213 -- NLL at global minimum of asimov = -11984.4 (r=1.33127e-11)
INFO: (function: getCLs) AsymptoticLimits.cc: 343 -- At r = 1.200000:	q_mu = 262.86579	q_A  = 265.98279	CLsb = 0.00000	CLb  = 0.53818	CLs  = 0.00000
INFO: (function: getCLs) AsymptoticLimits.cc: 343 -- At r = 0.600000:	q_mu = 126.33561	q_A  = 128.19395	CLsb = 0.00000	CLb  = 0.53282	CLs  = 0.00000
INFO: (function: getCLs) AsymptoticLimits.cc: 343 -- At r = 0.300000:	q_mu = 57.22334	q_A  = 58.19681	CLsb = 0.00000	CLb  = 0.52554	CLs  = 0.00000
INFO: (function: getCLs) AsymptoticLimits.cc: 343 -- At r = 0.150000:	q_mu = 23.73246	q_A  = 24.21710	CLsb = 0.00000	CLb  = 0.51974	CLs  = 0.00000
INFO: (function: getCLs) AsymptoticLimits.cc: 343 -- At r = 0.075000:	q_mu = 9.44321	q_A  = 9.33344	CLsb = 0.00106	CLb  = 0.49283	CLs  = 0.00215
INFO: (function: getCLs) AsymptoticLimits.cc: 343 -- At r = 0.037500:	q_mu = 3.81230	q_A  = 3.24813	CLsb = 0.02507	CLb  = 0.43781	CLs  = 0.05726
INFO: (function: getCLs) AsymptoticLimits.cc: 343 -- At r = 0.056250:	q_mu = 6.37632	q_A  = 6.05423	CLsb = 0.00577	CLb  = 0.47391	CLs  = 0.01217
INFO: (function: getCLs) AsymptoticLimits.cc: 343 -- At r = 0.046875:	q_mu = 5.00783	q_A  = 4.56927	CLsb = 0.01254	CLb  = 0.45915	CLs  = 0.02731
INFO: (function: getCLs) AsymptoticLimits.cc: 343 -- At r = 0.040749:	q_mu = 4.20151	q_A  = 3.68256	CLsb = 0.01998	CLb  = 0.44622	CLs  = 0.04477
INFO: (function: getCLs) AsymptoticLimits.cc: 343 -- At r = 0.038932:	q_mu = 3.97999	q_A  = 3.43617	CLsb = 0.02273	CLb  = 0.44169	CLs  = 0.05146
INFO: (function: getCLs) AsymptoticLimits.cc: 343 -- At r = 0.039596:	q_mu = 4.05988	q_A  = 3.52537	CLsb = 0.02170	CLb  = 0.44341	CLs  = 0.04893
INFO: (function: getCLs) AsymptoticLimits.cc: 343 -- At r = 0.039235:	q_mu = 4.01630	q_A  = 3.47657	CLsb = 0.02225	CLb  = 0.44246	CLs  = 0.05029
