INFO: (function: improveOnce) CascadeMinimizer.cc: 188 -- Minimisation configured with Type=Minuit2, Algo=Migrad, strategy=0, tolerance=0.1
INFO: (function: improveOnce) CascadeMinimizer.cc: 211 -- Minimisation finished with status=0
INFO: (function: improveOnce) CascadeMinimizer.cc: 216 -- Minimization success! status=0
INFO: (function: generateAsimov) ToyMCSamplerOpt.cc: 139 -- Using internal logic for binned/unbinned Asimov dataset generation
INFO: (function: generateWithHisto) ToyMCSamplerOpt.cc: 214 -- Generating asimov with histogram for pdf pdf_binfail_LOW_obsOnly: in 6 x-bins
INFO: (function: generateWithHisto) ToyMCSamplerOpt.cc: 215 -- , in 1 y-bins
INFO: (function: generateAsimov) ToyMCSamplerOpt.cc: 139 -- Using internal logic for binned/unbinned Asimov dataset generation
INFO: (function: generateWithHisto) ToyMCSamplerOpt.cc: 214 -- Generating asimov with histogram for pdf pdf_binfail_SIG_obsOnly: in 8 x-bins
INFO: (function: generateWithHisto) ToyMCSamplerOpt.cc: 215 -- , in 1 y-bins
INFO: (function: generateAsimov) ToyMCSamplerOpt.cc: 139 -- Using internal logic for binned/unbinned Asimov dataset generation
INFO: (function: generateWithHisto) ToyMCSamplerOpt.cc: 214 -- Generating asimov with histogram for pdf pdf_binpass_LOW_obsOnly: in 6 x-bins
INFO: (function: generateWithHisto) ToyMCSamplerOpt.cc: 215 -- , in 1 y-bins
INFO: (function: generateAsimov) ToyMCSamplerOpt.cc: 139 -- Using internal logic for binned/unbinned Asimov dataset generation
INFO: (function: generateWithHisto) ToyMCSamplerOpt.cc: 214 -- Generating asimov with histogram for pdf pdf_binpass_SIG_obsOnly: in 8 x-bins
INFO: (function: generateWithHisto) ToyMCSamplerOpt.cc: 215 -- , in 1 y-bins
INFO: (function: runLimitExpected) AsymptoticLimits.cc: 436 -- Median for expected limits = 0.298828 (Sigma for expected limits = 0.152466)
INFO: (function: runLimit) AsymptoticLimits.cc: 193 -- NLL at global minimum of data = -777292 (r=6.52063e-07)
INFO: (function: runLimit) AsymptoticLimits.cc: 213 -- NLL at global minimum of asimov = -777281 (r=2.22045e-15)
INFO: (function: getCLs) AsymptoticLimits.cc: 343 -- At r = 1.200001:	q_mu = 11.55270	q_A  = 10.59787	CLsb = 0.00033	CLb  = 0.44170	CLs  = 0.00076
INFO: (function: getCLs) AsymptoticLimits.cc: 343 -- At r = 0.600001:	q_mu = 7.49422	q_A  = 6.62786	CLsb = 0.00305	CLb  = 0.43319	CLs  = 0.00703
INFO: (function: getCLs) AsymptoticLimits.cc: 343 -- At r = 0.300001:	q_mu = 4.61389	q_A  = 3.85001	CLsb = 0.01551	CLb  = 0.42283	CLs  = 0.03668
INFO: (function: getCLs) AsymptoticLimits.cc: 343 -- At r = 0.150001:	q_mu = 2.68909	q_A  = 2.04249	CLsb = 0.04892	CLb  = 0.41052	CLs  = 0.11918
INFO: (function: getCLs) AsymptoticLimits.cc: 343 -- At r = 0.238459:	q_mu = 3.88189	q_A  = 3.15519	CLsb = 0.02380	CLb  = 0.41896	CLs  = 0.05682
INFO: (function: getCLs) AsymptoticLimits.cc: 343 -- At r = 0.265152:	q_mu = 4.20769	q_A  = 3.46359	CLsb = 0.01965	CLb  = 0.42078	CLs  = 0.04671
INFO: (function: getCLs) AsymptoticLimits.cc: 343 -- At r = 0.252386:	q_mu = 4.05357	q_A  = 3.31751	CLsb = 0.02151	CLb  = 0.41994	CLs  = 0.05123
INFO: (function: getCLs) AsymptoticLimits.cc: 343 -- At r = 0.257621:	q_mu = 4.11714	q_A  = 3.37773	CLsb = 0.02072	CLb  = 0.42029	CLs  = 0.04931
INFO: (function: getCLs) AsymptoticLimits.cc: 343 -- At r = 0.255049:	q_mu = 4.08596	q_A  = 3.34819	CLsb = 0.02111	CLb  = 0.42012	CLs  = 0.05024
INFO: (function: getCLs) AsymptoticLimits.cc: 343 -- At r = 0.256092:	q_mu = 4.09862	q_A  = 3.36018	CLsb = 0.02095	CLb  = 0.42019	CLs  = 0.04986
INFO: (function: getCLs) AsymptoticLimits.cc: 343 -- At r = 0.255576:	q_mu = 4.09237	q_A  = 3.35426	CLsb = 0.02103	CLb  = 0.42015	CLs  = 0.05005
