INFO: (function: improveOnce) CascadeMinimizer.cc: 188 -- Minimisation configured with Type=Minuit2, Algo=Migrad, strategy=0, tolerance=0.1
INFO: (function: improveOnce) CascadeMinimizer.cc: 211 -- Minimisation finished with status=0
INFO: (function: improveOnce) CascadeMinimizer.cc: 216 -- Minimization success! status=0
INFO: (function: generateAsimov) ToyMCSamplerOpt.cc: 139 -- Using internal logic for binned/unbinned Asimov dataset generation
INFO: (function: generateWithHisto) ToyMCSamplerOpt.cc: 214 -- Generating asimov with histogram for pdf pdf_binfail_LOW_obsOnly: in 5 x-bins
INFO: (function: generateWithHisto) ToyMCSamplerOpt.cc: 215 -- , in 1 y-bins
INFO: (function: generateAsimov) ToyMCSamplerOpt.cc: 139 -- Using internal logic for binned/unbinned Asimov dataset generation
INFO: (function: generateWithHisto) ToyMCSamplerOpt.cc: 214 -- Generating asimov with histogram for pdf pdf_binfail_SIG_obsOnly: in 4 x-bins
INFO: (function: generateWithHisto) ToyMCSamplerOpt.cc: 215 -- , in 1 y-bins
INFO: (function: generateAsimov) ToyMCSamplerOpt.cc: 139 -- Using internal logic for binned/unbinned Asimov dataset generation
INFO: (function: generateWithHisto) ToyMCSamplerOpt.cc: 214 -- Generating asimov with histogram for pdf pdf_binpass_LOW_obsOnly: in 5 x-bins
INFO: (function: generateWithHisto) ToyMCSamplerOpt.cc: 215 -- , in 1 y-bins
INFO: (function: generateAsimov) ToyMCSamplerOpt.cc: 139 -- Using internal logic for binned/unbinned Asimov dataset generation
INFO: (function: generateWithHisto) ToyMCSamplerOpt.cc: 214 -- Generating asimov with histogram for pdf pdf_binpass_SIG_obsOnly: in 4 x-bins
INFO: (function: generateWithHisto) ToyMCSamplerOpt.cc: 215 -- , in 1 y-bins
INFO: (function: runLimitExpected) AsymptoticLimits.cc: 436 -- Median for expected limits = 43.375 (Sigma for expected limits = 22.1305)
INFO: (function: runLimit) AsymptoticLimits.cc: 193 -- NLL at global minimum of data = -76464.1 (r=9.70822)
INFO: (function: runLimit) AsymptoticLimits.cc: 213 -- NLL at global minimum of asimov = -76465.6 (r=0.103771)
INFO: (function: getCLs) AsymptoticLimits.cc: 343 -- At r = 56.345803:	q_mu = 3.25486	q_A  = 5.24910	CLsb = 0.03561	CLb  = 0.68686	CLs  = 0.05184
INFO: (function: getCLs) AsymptoticLimits.cc: 343 -- At r = 112.691607:	q_mu = 8.80681	q_A  = 11.36235	CLsb = 0.00150	CLb  = 0.65659	CLs  = 0.00229
INFO: (function: getCLs) AsymptoticLimits.cc: 343 -- At r = 61.199912:	q_mu = 3.71453	q_A  = 5.78062	CLsb = 0.02697	CLb  = 0.68331	CLs  = 0.03947
INFO: (function: getCLs) AsymptoticLimits.cc: 343 -- At r = 35.454064:	q_mu = 1.40977	q_A  = 2.99121	CLsb = 0.11755	CLb  = 0.70615	CLs  = 0.16646
INFO: (function: getCLs) AsymptoticLimits.cc: 343 -- At r = 48.326988:	q_mu = 2.51644	q_A  = 4.37418	CLsb = 0.05633	CLb  = 0.69326	CLs  = 0.08126
INFO: (function: getCLs) AsymptoticLimits.cc: 343 -- At r = 55.252569:	q_mu = 3.15250	q_A  = 5.12945	CLsb = 0.03791	CLb  = 0.68769	CLs  = 0.05512
INFO: (function: getCLs) AsymptoticLimits.cc: 343 -- At r = 57.830924:	q_mu = 3.39459	q_A  = 5.41165	CLsb = 0.03271	CLb  = 0.68575	CLs  = 0.04769
INFO: (function: getCLs) AsymptoticLimits.cc: 343 -- At r = 56.641867:	q_mu = 3.28263	q_A  = 5.28149	CLsb = 0.03501	CLb  = 0.68664	CLs  = 0.05099
INFO: (function: getCLs) AsymptoticLimits.cc: 343 -- At r = 57.157642:	q_mu = 3.33113	q_A  = 5.33795	CLsb = 0.03399	CLb  = 0.68625	CLs  = 0.04953
INFO: (function: getCLs) AsymptoticLimits.cc: 343 -- At r = 56.919850:	q_mu = 3.30876	q_A  = 5.31192	CLsb = 0.03446	CLb  = 0.68643	CLs  = 0.05020
