INFO: (function: improveOnce) CascadeMinimizer.cc: 188 -- Minimisation configured with Type=Minuit2, Algo=Migrad, strategy=0, tolerance=0.1
INFO: (function: improveOnce) CascadeMinimizer.cc: 211 -- Minimisation finished with status=0
INFO: (function: improveOnce) CascadeMinimizer.cc: 216 -- Minimization success! status=0
INFO: (function: generateAsimov) ToyMCSamplerOpt.cc: 139 -- Using internal logic for binned/unbinned Asimov dataset generation
INFO: (function: generateWithHisto) ToyMCSamplerOpt.cc: 214 -- Generating asimov with histogram for pdf pdf_binfail_LOW_obsOnly: in 6 x-bins
INFO: (function: generateWithHisto) ToyMCSamplerOpt.cc: 215 -- , in 1 y-bins
INFO: (function: generateAsimov) ToyMCSamplerOpt.cc: 139 -- Using internal logic for binned/unbinned Asimov dataset generation
INFO: (function: generateWithHisto) ToyMCSamplerOpt.cc: 214 -- Generating asimov with histogram for pdf pdf_binfail_SIG_obsOnly: in 19 x-bins
INFO: (function: generateWithHisto) ToyMCSamplerOpt.cc: 215 -- , in 1 y-bins
INFO: (function: generateAsimov) ToyMCSamplerOpt.cc: 139 -- Using internal logic for binned/unbinned Asimov dataset generation
INFO: (function: generateWithHisto) ToyMCSamplerOpt.cc: 214 -- Generating asimov with histogram for pdf pdf_binpass_LOW_obsOnly: in 6 x-bins
INFO: (function: generateWithHisto) ToyMCSamplerOpt.cc: 215 -- , in 1 y-bins
INFO: (function: generateAsimov) ToyMCSamplerOpt.cc: 139 -- Using internal logic for binned/unbinned Asimov dataset generation
INFO: (function: generateWithHisto) ToyMCSamplerOpt.cc: 214 -- Generating asimov with histogram for pdf pdf_binpass_SIG_obsOnly: in 19 x-bins
INFO: (function: generateWithHisto) ToyMCSamplerOpt.cc: 215 -- , in 1 y-bins
INFO: (function: runLimitExpected) AsymptoticLimits.cc: 436 -- Median for expected limits = 0.12793 (Sigma for expected limits = 0.0652715)
INFO: (function: runLimit) AsymptoticLimits.cc: 193 -- NLL at global minimum of data = -4941.28 (r=6.98835e-09)
INFO: (function: runLimit) AsymptoticLimits.cc: 213 -- NLL at global minimum of asimov = -4938.83 (r=4.37106e-09)
INFO: (function: getCLs) AsymptoticLimits.cc: 343 -- At r = 1.200000:	q_mu = 34.61813	q_A  = 38.45294	CLsb = 0.00000	CLb  = 0.62450	CLs  = 0.00000
INFO: (function: getCLs) AsymptoticLimits.cc: 343 -- At r = 0.600000:	q_mu = 16.14510	q_A  = 18.89572	CLsb = 0.00003	CLb  = 0.62886	CLs  = 0.00005
INFO: (function: getCLs) AsymptoticLimits.cc: 343 -- At r = 0.300000:	q_mu = 7.43223	q_A  = 9.25656	CLsb = 0.00320	CLb  = 0.62409	CLs  = 0.00513
INFO: (function: getCLs) AsymptoticLimits.cc: 343 -- At r = 0.150000:	q_mu = 3.37081	q_A  = 4.52139	CLsb = 0.03318	CLb  = 0.61424	CLs  = 0.05402
INFO: (function: getCLs) AsymptoticLimits.cc: 343 -- At r = 0.225000:	q_mu = 5.36562	q_A  = 6.87890	CLsb = 0.01027	CLb  = 0.62034	CLs  = 0.01655
INFO: (function: getCLs) AsymptoticLimits.cc: 343 -- At r = 0.168922:	q_mu = 3.86615	q_A  = 5.11320	CLsb = 0.02463	CLb  = 0.61600	CLs  = 0.03999
INFO: (function: getCLs) AsymptoticLimits.cc: 343 -- At r = 0.157677:	q_mu = 3.57121	q_A  = 4.76119	CLsb = 0.02939	CLb  = 0.61495	CLs  = 0.04780
INFO: (function: getCLs) AsymptoticLimits.cc: 343 -- At r = 0.153882:	q_mu = 3.47219	q_A  = 4.64257	CLsb = 0.03120	CLb  = 0.61458	CLs  = 0.05077
INFO: (function: getCLs) AsymptoticLimits.cc: 343 -- At r = 0.155413:	q_mu = 3.51207	q_A  = 4.69041	CLsb = 0.03046	CLb  = 0.61474	CLs  = 0.04955
INFO: (function: getCLs) AsymptoticLimits.cc: 343 -- At r = 0.154654:	q_mu = 3.49228	q_A  = 4.66670	CLsb = 0.03083	CLb  = 0.61466	CLs  = 0.05015
