INFO: (function: improveOnce) CascadeMinimizer.cc: 188 -- Minimisation configured with Type=Minuit2, Algo=Migrad, strategy=0, tolerance=0.1
INFO: (function: improveOnce) CascadeMinimizer.cc: 211 -- Minimisation finished with status=0
INFO: (function: improveOnce) CascadeMinimizer.cc: 216 -- Minimization success! status=0
INFO: (function: generateAsimov) ToyMCSamplerOpt.cc: 139 -- Using internal logic for binned/unbinned Asimov dataset generation
INFO: (function: generateWithHisto) ToyMCSamplerOpt.cc: 214 -- Generating asimov with histogram for pdf pdf_binfail_LOW_obsOnly: in 6 x-bins
INFO: (function: generateWithHisto) ToyMCSamplerOpt.cc: 215 -- , in 1 y-bins
INFO: (function: generateAsimov) ToyMCSamplerOpt.cc: 139 -- Using internal logic for binned/unbinned Asimov dataset generation
INFO: (function: generateWithHisto) ToyMCSamplerOpt.cc: 214 -- Generating asimov with histogram for pdf pdf_binfail_SIG_obsOnly: in 8 x-bins
INFO: (function: generateWithHisto) ToyMCSamplerOpt.cc: 215 -- , in 1 y-bins
INFO: (function: generateAsimov) ToyMCSamplerOpt.cc: 139 -- Using internal logic for binned/unbinned Asimov dataset generation
INFO: (function: generateWithHisto) ToyMCSamplerOpt.cc: 214 -- Generating asimov with histogram for pdf pdf_binpass_LOW_obsOnly: in 6 x-bins
INFO: (function: generateWithHisto) ToyMCSamplerOpt.cc: 215 -- , in 1 y-bins
INFO: (function: generateAsimov) ToyMCSamplerOpt.cc: 139 -- Using internal logic for binned/unbinned Asimov dataset generation
INFO: (function: generateWithHisto) ToyMCSamplerOpt.cc: 214 -- Generating asimov with histogram for pdf pdf_binpass_SIG_obsOnly: in 8 x-bins
INFO: (function: generateWithHisto) ToyMCSamplerOpt.cc: 215 -- , in 1 y-bins
INFO: (function: runLimitExpected) AsymptoticLimits.cc: 436 -- Median for expected limits = 0.181641 (Sigma for expected limits = 0.0926755)
INFO: (function: runLimit) AsymptoticLimits.cc: 193 -- NLL at global minimum of data = -777224 (r=5.05059e-09)
INFO: (function: runLimit) AsymptoticLimits.cc: 213 -- NLL at global minimum of asimov = -777207 (r=3.88578e-14)
INFO: (function: getCLs) AsymptoticLimits.cc: 343 -- At r = 1.200000:	q_mu = 22.38884	q_A  = 20.38478	CLsb = 0.00000	CLb  = 0.41218	CLs  = 0.00000
INFO: (function: getCLs) AsymptoticLimits.cc: 343 -- At r = 0.600000:	q_mu = 13.29750	q_A  = 11.49241	CLsb = 0.00013	CLb  = 0.39503	CLs  = 0.00032
INFO: (function: getCLs) AsymptoticLimits.cc: 343 -- At r = 0.300000:	q_mu = 7.75131	q_A  = 6.27568	CLsb = 0.00256	CLb  = 0.38418	CLs  = 0.00666
INFO: (function: getCLs) AsymptoticLimits.cc: 343 -- At r = 0.150000:	q_mu = 4.30154	q_A  = 3.15562	CLsb = 0.01791	CLb  = 0.37352	CLs  = 0.04795
INFO: (function: getCLs) AsymptoticLimits.cc: 343 -- At r = 0.075000:	q_mu = 2.29638	q_A  = 1.45753	CLsb = 0.06001	CLb  = 0.36414	CLs  = 0.16480
INFO: (function: getCLs) AsymptoticLimits.cc: 343 -- At r = 0.112500:	q_mu = 3.32784	q_A  = 2.31238	CLsb = 0.03183	CLb  = 0.36923	CLs  = 0.08621
INFO: (function: getCLs) AsymptoticLimits.cc: 343 -- At r = 0.140360:	q_mu = 4.05655	q_A  = 2.94100	CLsb = 0.02067	CLb  = 0.37250	CLs  = 0.05548
INFO: (function: getCLs) AsymptoticLimits.cc: 343 -- At r = 0.145860:	q_mu = 4.19673	q_A  = 3.06365	CLsb = 0.01904	CLb  = 0.37309	CLs  = 0.05103
INFO: (function: getCLs) AsymptoticLimits.cc: 343 -- At r = 0.147774:	q_mu = 4.24526	q_A  = 3.10623	CLsb = 0.01851	CLb  = 0.37329	CLs  = 0.04958
INFO: (function: getCLs) AsymptoticLimits.cc: 343 -- At r = 0.146943:	q_mu = 4.22422	q_A  = 3.08776	CLsb = 0.01874	CLb  = 0.37321	CLs  = 0.05020
INFO: (function: getCLs) AsymptoticLimits.cc: 343 -- At r = 0.147326:	q_mu = 4.23391	q_A  = 3.09626	CLsb = 0.01863	CLb  = 0.37325	CLs  = 0.04992
