INFO: (function: improveOnce) CascadeMinimizer.cc: 188 -- Minimisation configured with Type=Minuit2, Algo=Migrad, strategy=0, tolerance=0.1
INFO: (function: improveOnce) CascadeMinimizer.cc: 211 -- Minimisation finished with status=0
INFO: (function: improveOnce) CascadeMinimizer.cc: 216 -- Minimization success! status=0
INFO: (function: generateAsimov) ToyMCSamplerOpt.cc: 139 -- Using internal logic for binned/unbinned Asimov dataset generation
INFO: (function: generateWithHisto) ToyMCSamplerOpt.cc: 214 -- Generating asimov with histogram for pdf pdf_binfail_LOW_obsOnly: in 6 x-bins
INFO: (function: generateWithHisto) ToyMCSamplerOpt.cc: 215 -- , in 1 y-bins
INFO: (function: generateAsimov) ToyMCSamplerOpt.cc: 139 -- Using internal logic for binned/unbinned Asimov dataset generation
INFO: (function: generateWithHisto) ToyMCSamplerOpt.cc: 214 -- Generating asimov with histogram for pdf pdf_binfail_SIG_obsOnly: in 2 x-bins
INFO: (function: generateWithHisto) ToyMCSamplerOpt.cc: 215 -- , in 1 y-bins
INFO: (function: generateAsimov) ToyMCSamplerOpt.cc: 139 -- Using internal logic for binned/unbinned Asimov dataset generation
INFO: (function: generateWithHisto) ToyMCSamplerOpt.cc: 214 -- Generating asimov with histogram for pdf pdf_binpass_LOW_obsOnly: in 6 x-bins
INFO: (function: generateWithHisto) ToyMCSamplerOpt.cc: 215 -- , in 1 y-bins
INFO: (function: generateAsimov) ToyMCSamplerOpt.cc: 139 -- Using internal logic for binned/unbinned Asimov dataset generation
INFO: (function: generateWithHisto) ToyMCSamplerOpt.cc: 214 -- Generating asimov with histogram for pdf pdf_binpass_SIG_obsOnly: in 2 x-bins
INFO: (function: generateWithHisto) ToyMCSamplerOpt.cc: 215 -- , in 1 y-bins
INFO: (function: runLimitExpected) AsymptoticLimits.cc: 436 -- Median for expected limits = 0.0703125 (Sigma for expected limits = 0.0358744)
INFO: (function: runLimit) AsymptoticLimits.cc: 193 -- NLL at global minimum of data = -11061.3 (r=0.0329469)
INFO: (function: runLimit) AsymptoticLimits.cc: 213 -- NLL at global minimum of asimov = -11074.1 (r=6.90153e-06)
INFO: (function: getCLs) AsymptoticLimits.cc: 343 -- At r = 1.232947:	q_mu = 38.93198	q_A  = 43.05021	CLsb = 0.00000	CLb  = 0.62617	CLs  = 0.00000
INFO: (function: getCLs) AsymptoticLimits.cc: 343 -- At r = 0.632947:	q_mu = 21.16101	q_A  = 26.22549	CLsb = 0.00000	CLb  = 0.69881	CLs  = 0.00000
INFO: (function: getCLs) AsymptoticLimits.cc: 343 -- At r = 0.332947:	q_mu = 10.87297	q_A  = 16.39196	CLsb = 0.00049	CLb  = 0.77376	CLs  = 0.00063
INFO: (function: getCLs) AsymptoticLimits.cc: 343 -- At r = 0.182947:	q_mu = 5.29808	q_A  = 9.97747	CLsb = 0.01067	CLb  = 0.80427	CLs  = 0.01327
INFO: (function: getCLs) AsymptoticLimits.cc: 343 -- At r = 0.107947:	q_mu = 2.24992	q_A  = 6.05096	CLsb = 0.06681	CLb  = 0.83145	CLs  = 0.08035
INFO: (function: getCLs) AsymptoticLimits.cc: 343 -- At r = 0.145447:	q_mu = 3.77850	q_A  = 8.08968	CLsb = 0.02596	CLb  = 0.81605	CLs  = 0.03181
INFO: (function: getCLs) AsymptoticLimits.cc: 343 -- At r = 0.123306:	q_mu = 2.87185	q_A  = 6.90548	CLsb = 0.04507	CLb  = 0.82464	CLs  = 0.05466
INFO: (function: getCLs) AsymptoticLimits.cc: 343 -- At r = 0.130647:	q_mu = 3.17226	q_A  = 7.30426	CLsb = 0.03745	CLb  = 0.82162	CLs  = 0.04558
INFO: (function: getCLs) AsymptoticLimits.cc: 343 -- At r = 0.127653:	q_mu = 3.04952	q_A  = 7.14236	CLsb = 0.04038	CLb  = 0.82284	CLs  = 0.04907
INFO: (function: getCLs) AsymptoticLimits.cc: 343 -- At r = 0.126180:	q_mu = 2.98928	q_A  = 7.06236	CLsb = 0.04191	CLb  = 0.82344	CLs  = 0.05089
INFO: (function: getCLs) AsymptoticLimits.cc: 343 -- At r = 0.127049:	q_mu = 3.02479	q_A  = 7.10956	CLsb = 0.04100	CLb  = 0.82308	CLs  = 0.04981
INFO: (function: getCLs) AsymptoticLimits.cc: 343 -- At r = 0.126754:	q_mu = 3.01274	q_A  = 7.09355	CLsb = 0.04131	CLb  = 0.82321	CLs  = 0.05018
