INFO: (function: improveOnce) CascadeMinimizer.cc: 188 -- Minimisation configured with Type=Minuit2, Algo=Migrad, strategy=0, tolerance=0.1
INFO: (function: improveOnce) CascadeMinimizer.cc: 211 -- Minimisation finished with status=0
INFO: (function: improveOnce) CascadeMinimizer.cc: 216 -- Minimization success! status=0
INFO: (function: generateAsimov) ToyMCSamplerOpt.cc: 139 -- Using internal logic for binned/unbinned Asimov dataset generation
INFO: (function: generateWithHisto) ToyMCSamplerOpt.cc: 214 -- Generating asimov with histogram for pdf pdf_binfail_LOW_obsOnly: in 6 x-bins
INFO: (function: generateWithHisto) ToyMCSamplerOpt.cc: 215 -- , in 1 y-bins
INFO: (function: generateAsimov) ToyMCSamplerOpt.cc: 139 -- Using internal logic for binned/unbinned Asimov dataset generation
INFO: (function: generateWithHisto) ToyMCSamplerOpt.cc: 214 -- Generating asimov with histogram for pdf pdf_binfail_SIG_obsOnly: in 8 x-bins
INFO: (function: generateWithHisto) ToyMCSamplerOpt.cc: 215 -- , in 1 y-bins
INFO: (function: generateAsimov) ToyMCSamplerOpt.cc: 139 -- Using internal logic for binned/unbinned Asimov dataset generation
INFO: (function: generateWithHisto) ToyMCSamplerOpt.cc: 214 -- Generating asimov with histogram for pdf pdf_binpass_LOW_obsOnly: in 6 x-bins
INFO: (function: generateWithHisto) ToyMCSamplerOpt.cc: 215 -- , in 1 y-bins
INFO: (function: generateAsimov) ToyMCSamplerOpt.cc: 139 -- Using internal logic for binned/unbinned Asimov dataset generation
INFO: (function: generateWithHisto) ToyMCSamplerOpt.cc: 214 -- Generating asimov with histogram for pdf pdf_binpass_SIG_obsOnly: in 8 x-bins
INFO: (function: generateWithHisto) ToyMCSamplerOpt.cc: 215 -- , in 1 y-bins
INFO: (function: runLimitExpected) AsymptoticLimits.cc: 436 -- Median for expected limits = 0.964844 (Sigma for expected limits = 0.492276)
INFO: (function: runLimit) AsymptoticLimits.cc: 193 -- NLL at global minimum of data = -777241 (r=6.99341e-11)
INFO: (function: runLimit) AsymptoticLimits.cc: 213 -- NLL at global minimum of asimov = -777227 (r=1.95399e-13)
INFO: (function: getCLs) AsymptoticLimits.cc: 343 -- At r = 1.200000:	q_mu = 6.58537	q_A  = 4.86631	CLsb = 0.00472	CLb  = 0.34840	CLs  = 0.01355
INFO: (function: getCLs) AsymptoticLimits.cc: 343 -- At r = 0.600000:	q_mu = 3.48094	q_A  = 2.23773	CLsb = 0.02797	CLb  = 0.33887	CLs  = 0.08255
INFO: (function: getCLs) AsymptoticLimits.cc: 343 -- At r = 0.900000:	q_mu = 5.06572	q_A  = 3.55175	CLsb = 0.01112	CLb  = 0.34397	CLs  = 0.03233
INFO: (function: getCLs) AsymptoticLimits.cc: 343 -- At r = 0.728349:	q_mu = 4.16693	q_A  = 2.79930	CLsb = 0.01868	CLb  = 0.34138	CLs  = 0.05472
INFO: (function: getCLs) AsymptoticLimits.cc: 343 -- At r = 0.786206:	q_mu = 4.47209	q_A  = 3.05280	CLsb = 0.01564	CLb  = 0.34231	CLs  = 0.04570
INFO: (function: getCLs) AsymptoticLimits.cc: 343 -- At r = 0.751528:	q_mu = 4.28947	q_A  = 2.90084	CLsb = 0.01739	CLb  = 0.34176	CLs  = 0.05089
INFO: (function: getCLs) AsymptoticLimits.cc: 343 -- At r = 0.763023:	q_mu = 4.35010	q_A  = 2.95120	CLsb = 0.01679	CLb  = 0.34195	CLs  = 0.04910
INFO: (function: getCLs) AsymptoticLimits.cc: 343 -- At r = 0.758372:	q_mu = 4.32558	q_A  = 2.93082	CLsb = 0.01703	CLb  = 0.34187	CLs  = 0.04982
INFO: (function: getCLs) AsymptoticLimits.cc: 343 -- At r = 0.756070:	q_mu = 4.31344	q_A  = 2.92074	CLsb = 0.01715	CLb  = 0.34184	CLs  = 0.05018
