INFO: (function: improveOnce) CascadeMinimizer.cc: 188 -- Minimisation configured with Type=Minuit2, Algo=Migrad, strategy=0, tolerance=0.1
INFO: (function: improveOnce) CascadeMinimizer.cc: 211 -- Minimisation finished with status=0
INFO: (function: improveOnce) CascadeMinimizer.cc: 216 -- Minimization success! status=0
INFO: (function: generateAsimov) ToyMCSamplerOpt.cc: 139 -- Using internal logic for binned/unbinned Asimov dataset generation
INFO: (function: generateWithHisto) ToyMCSamplerOpt.cc: 214 -- Generating asimov with histogram for pdf pdf_binfail_LOW_obsOnly: in 5 x-bins
INFO: (function: generateWithHisto) ToyMCSamplerOpt.cc: 215 -- , in 1 y-bins
INFO: (function: generateAsimov) ToyMCSamplerOpt.cc: 139 -- Using internal logic for binned/unbinned Asimov dataset generation
INFO: (function: generateWithHisto) ToyMCSamplerOpt.cc: 214 -- Generating asimov with histogram for pdf pdf_binfail_SIG_obsOnly: in 3 x-bins
INFO: (function: generateWithHisto) ToyMCSamplerOpt.cc: 215 -- , in 1 y-bins
INFO: (function: generateAsimov) ToyMCSamplerOpt.cc: 139 -- Using internal logic for binned/unbinned Asimov dataset generation
INFO: (function: generateWithHisto) ToyMCSamplerOpt.cc: 214 -- Generating asimov with histogram for pdf pdf_binpass_LOW_obsOnly: in 5 x-bins
INFO: (function: generateWithHisto) ToyMCSamplerOpt.cc: 215 -- , in 1 y-bins
INFO: (function: generateAsimov) ToyMCSamplerOpt.cc: 139 -- Using internal logic for binned/unbinned Asimov dataset generation
INFO: (function: generateWithHisto) ToyMCSamplerOpt.cc: 214 -- Generating asimov with histogram for pdf pdf_binpass_SIG_obsOnly: in 3 x-bins
INFO: (function: generateWithHisto) ToyMCSamplerOpt.cc: 215 -- , in 1 y-bins
INFO: (function: runLimitExpected) AsymptoticLimits.cc: 436 -- Median for expected limits = 2.44531 (Sigma for expected limits = 1.24763)
INFO: (function: runLimit) AsymptoticLimits.cc: 193 -- NLL at global minimum of data = -1.46004e+07 (r=3.1819)
INFO: (function: runLimit) AsymptoticLimits.cc: 213 -- NLL at global minimum of asimov = -1.46004e+07 (r=0.0119156)
INFO: (function: getCLs) AsymptoticLimits.cc: 343 -- At r = 7.974212:	q_mu = 10.03749	q_A  = 30.55901	CLsb = 0.00077	CLb  = 0.99086	CLs  = 0.00077
INFO: (function: getCLs) AsymptoticLimits.cc: 343 -- At r = 5.578058:	q_mu = 2.65435	q_A  = 16.84418	CLsb = 0.05163	CLb  = 0.99334	CLs  = 0.05198
INFO: (function: getCLs) AsymptoticLimits.cc: 343 -- At r = 6.776135:	q_mu = 5.86247	q_A  = 23.39041	CLsb = 0.00773	CLb  = 0.99213	CLs  = 0.00779
INFO: (function: getCLs) AsymptoticLimits.cc: 343 -- At r = 6.177097:	q_mu = 4.12607	q_A  = 20.03122	CLsb = 0.02111	CLb  = 0.99274	CLs  = 0.02127
INFO: (function: getCLs) AsymptoticLimits.cc: 343 -- At r = 5.718689:	q_mu = 2.97473	q_A  = 17.57594	CLsb = 0.04229	CLb  = 0.99320	CLs  = 0.04258
INFO: (function: getCLs) AsymptoticLimits.cc: 343 -- At r = 5.628077:	q_mu = 2.76648	q_A  = 17.10326	CLsb = 0.04813	CLb  = 0.99329	CLs  = 0.04845
INFO: (function: getCLs) AsymptoticLimits.cc: 343 -- At r = 5.600179:	q_mu = 2.70369	q_A  = 16.95859	CLsb = 0.05006	CLb  = 0.99332	CLs  = 0.05040
