INFO: (function: improveOnce) CascadeMinimizer.cc: 188 -- Minimisation configured with Type=Minuit2, Algo=Migrad, strategy=0, tolerance=0.1
INFO: (function: improveOnce) CascadeMinimizer.cc: 211 -- Minimisation finished with status=0
INFO: (function: improveOnce) CascadeMinimizer.cc: 216 -- Minimization success! status=0
INFO: (function: generateAsimov) ToyMCSamplerOpt.cc: 139 -- Using internal logic for binned/unbinned Asimov dataset generation
INFO: (function: generateWithHisto) ToyMCSamplerOpt.cc: 214 -- Generating asimov with histogram for pdf pdf_binfail_LOW_obsOnly: in 6 x-bins
INFO: (function: generateWithHisto) ToyMCSamplerOpt.cc: 215 -- , in 1 y-bins
INFO: (function: generateAsimov) ToyMCSamplerOpt.cc: 139 -- Using internal logic for binned/unbinned Asimov dataset generation
INFO: (function: generateWithHisto) ToyMCSamplerOpt.cc: 214 -- Generating asimov with histogram for pdf pdf_binfail_SIG_obsOnly: in 8 x-bins
INFO: (function: generateWithHisto) ToyMCSamplerOpt.cc: 215 -- , in 1 y-bins
INFO: (function: generateAsimov) ToyMCSamplerOpt.cc: 139 -- Using internal logic for binned/unbinned Asimov dataset generation
INFO: (function: generateWithHisto) ToyMCSamplerOpt.cc: 214 -- Generating asimov with histogram for pdf pdf_binpass_LOW_obsOnly: in 6 x-bins
INFO: (function: generateWithHisto) ToyMCSamplerOpt.cc: 215 -- , in 1 y-bins
INFO: (function: generateAsimov) ToyMCSamplerOpt.cc: 139 -- Using internal logic for binned/unbinned Asimov dataset generation
INFO: (function: generateWithHisto) ToyMCSamplerOpt.cc: 214 -- Generating asimov with histogram for pdf pdf_binpass_SIG_obsOnly: in 8 x-bins
INFO: (function: generateWithHisto) ToyMCSamplerOpt.cc: 215 -- , in 1 y-bins
INFO: (function: runLimitExpected) AsymptoticLimits.cc: 436 -- Median for expected limits = 0.375 (Sigma for expected limits = 0.19133)
INFO: (function: runLimit) AsymptoticLimits.cc: 193 -- NLL at global minimum of data = -777247 (r=2.00289e-08)
INFO: (function: runLimit) AsymptoticLimits.cc: 213 -- NLL at global minimum of asimov = -777232 (r=2.25375e-13)
INFO: (function: getCLs) AsymptoticLimits.cc: 343 -- At r = 1.200000:	q_mu = 12.96905	q_A  = 11.20085	CLsb = 0.00015	CLb  = 0.39583	CLs  = 0.00039
INFO: (function: getCLs) AsymptoticLimits.cc: 343 -- At r = 0.600000:	q_mu = 7.51587	q_A  = 6.07652	CLsb = 0.00292	CLb  = 0.38516	CLs  = 0.00757
INFO: (function: getCLs) AsymptoticLimits.cc: 343 -- At r = 0.300000:	q_mu = 4.16246	q_A  = 3.04170	CLsb = 0.01944	CLb  = 0.37399	CLs  = 0.05199
INFO: (function: getCLs) AsymptoticLimits.cc: 343 -- At r = 0.450000:	q_mu = 5.91232	q_A  = 4.60687	CLsb = 0.00713	CLb  = 0.38052	CLs  = 0.01875
INFO: (function: getCLs) AsymptoticLimits.cc: 343 -- At r = 0.334597:	q_mu = 4.58117	q_A  = 3.41142	CLsb = 0.01525	CLb  = 0.37575	CLs  = 0.04057
INFO: (function: getCLs) AsymptoticLimits.cc: 343 -- At r = 0.311280:	q_mu = 4.30008	q_A  = 3.16285	CLsb = 0.01795	CLb  = 0.37459	CLs  = 0.04791
INFO: (function: getCLs) AsymptoticLimits.cc: 343 -- At r = 0.306565:	q_mu = 4.24271	q_A  = 3.11228	CLsb = 0.01856	CLb  = 0.37434	CLs  = 0.04957
INFO: (function: getCLs) AsymptoticLimits.cc: 343 -- At r = 0.304297:	q_mu = 4.21504	q_A  = 3.08792	CLsb = 0.01886	CLb  = 0.37422	CLs  = 0.05039
INFO: (function: getCLs) AsymptoticLimits.cc: 343 -- At r = 0.305607:	q_mu = 4.23103	q_A  = 3.10200	CLsb = 0.01868	CLb  = 0.37429	CLs  = 0.04991
