INFO: (function: improveOnce) CascadeMinimizer.cc: 188 -- Minimisation configured with Type=Minuit2, Algo=Migrad, strategy=0, tolerance=0.1
INFO: (function: improveOnce) CascadeMinimizer.cc: 211 -- Minimisation finished with status=0
INFO: (function: improveOnce) CascadeMinimizer.cc: 216 -- Minimization success! status=0
INFO: (function: generateAsimov) ToyMCSamplerOpt.cc: 139 -- Using internal logic for binned/unbinned Asimov dataset generation
INFO: (function: generateWithHisto) ToyMCSamplerOpt.cc: 214 -- Generating asimov with histogram for pdf pdf_binfail_LOW_obsOnly: in 6 x-bins
INFO: (function: generateWithHisto) ToyMCSamplerOpt.cc: 215 -- , in 1 y-bins
INFO: (function: generateAsimov) ToyMCSamplerOpt.cc: 139 -- Using internal logic for binned/unbinned Asimov dataset generation
INFO: (function: generateWithHisto) ToyMCSamplerOpt.cc: 214 -- Generating asimov with histogram for pdf pdf_binfail_SIG_obsOnly: in 2 x-bins
INFO: (function: generateWithHisto) ToyMCSamplerOpt.cc: 215 -- , in 1 y-bins
INFO: (function: generateAsimov) ToyMCSamplerOpt.cc: 139 -- Using internal logic for binned/unbinned Asimov dataset generation
INFO: (function: generateWithHisto) ToyMCSamplerOpt.cc: 214 -- Generating asimov with histogram for pdf pdf_binpass_LOW_obsOnly: in 6 x-bins
INFO: (function: generateWithHisto) ToyMCSamplerOpt.cc: 215 -- , in 1 y-bins
INFO: (function: generateAsimov) ToyMCSamplerOpt.cc: 139 -- Using internal logic for binned/unbinned Asimov dataset generation
INFO: (function: generateWithHisto) ToyMCSamplerOpt.cc: 214 -- Generating asimov with histogram for pdf pdf_binpass_SIG_obsOnly: in 2 x-bins
INFO: (function: generateWithHisto) ToyMCSamplerOpt.cc: 215 -- , in 1 y-bins
INFO: (function: runLimitExpected) AsymptoticLimits.cc: 436 -- Median for expected limits = 0.494141 (Sigma for expected limits = 0.252117)
INFO: (function: runLimit) AsymptoticLimits.cc: 193 -- NLL at global minimum of data = -10988.7 (r=0.235109)
INFO: (function: runLimit) AsymptoticLimits.cc: 213 -- NLL at global minimum of asimov = -10997.1 (r=0.00134706)
INFO: (function: getCLs) AsymptoticLimits.cc: 343 -- At r = 1.435109:	q_mu = 6.31475	q_A  = 11.21214	CLsb = 0.00599	CLb  = 0.79829	CLs  = 0.00750
INFO: (function: getCLs) AsymptoticLimits.cc: 343 -- At r = 0.835109:	q_mu = 2.72035	q_A  = 6.72917	CLsb = 0.04954	CLb  = 0.82760	CLs  = 0.05986
INFO: (function: getCLs) AsymptoticLimits.cc: 343 -- At r = 1.135109:	q_mu = 4.53187	q_A  = 9.06096	CLsb = 0.01663	CLb  = 0.81093	CLs  = 0.02051
INFO: (function: getCLs) AsymptoticLimits.cc: 343 -- At r = 0.935437:	q_mu = 3.32427	q_A  = 7.53047	CLsb = 0.03413	CLb  = 0.82145	CLs  = 0.04155
INFO: (function: getCLs) AsymptoticLimits.cc: 343 -- At r = 0.894740:	q_mu = 3.07862	q_A  = 7.20811	CLsb = 0.03966	CLb  = 0.82386	CLs  = 0.04814
INFO: (function: getCLs) AsymptoticLimits.cc: 343 -- At r = 0.874526:	q_mu = 2.95680	q_A  = 7.04665	CLsb = 0.04276	CLb  = 0.82511	CLs  = 0.05182
INFO: (function: getCLs) AsymptoticLimits.cc: 343 -- At r = 0.886429:	q_mu = 3.02837	q_A  = 7.14184	CLsb = 0.04091	CLb  = 0.82438	CLs  = 0.04963
INFO: (function: getCLs) AsymptoticLimits.cc: 343 -- At r = 0.882394:	q_mu = 3.00406	q_A  = 7.10960	CLsb = 0.04153	CLb  = 0.82463	CLs  = 0.05036
INFO: (function: getCLs) AsymptoticLimits.cc: 343 -- At r = 0.884775:	q_mu = 3.01853	q_A  = 7.12863	CLsb = 0.04116	CLb  = 0.82448	CLs  = 0.04992
