INFO: (function: improveOnce) CascadeMinimizer.cc: 188 -- Minimisation configured with Type=Minuit2, Algo=Migrad, strategy=0, tolerance=0.1
INFO: (function: improveOnce) CascadeMinimizer.cc: 211 -- Minimisation finished with status=0
INFO: (function: improveOnce) CascadeMinimizer.cc: 216 -- Minimization success! status=0
INFO: (function: generateAsimov) ToyMCSamplerOpt.cc: 139 -- Using internal logic for binned/unbinned Asimov dataset generation
INFO: (function: generateWithHisto) ToyMCSamplerOpt.cc: 214 -- Generating asimov with histogram for pdf pdf_binfail_LOW_obsOnly: in 5 x-bins
INFO: (function: generateWithHisto) ToyMCSamplerOpt.cc: 215 -- , in 1 y-bins
INFO: (function: generateAsimov) ToyMCSamplerOpt.cc: 139 -- Using internal logic for binned/unbinned Asimov dataset generation
INFO: (function: generateWithHisto) ToyMCSamplerOpt.cc: 214 -- Generating asimov with histogram for pdf pdf_binfail_SIG_obsOnly: in 4 x-bins
INFO: (function: generateWithHisto) ToyMCSamplerOpt.cc: 215 -- , in 1 y-bins
INFO: (function: generateAsimov) ToyMCSamplerOpt.cc: 139 -- Using internal logic for binned/unbinned Asimov dataset generation
INFO: (function: generateWithHisto) ToyMCSamplerOpt.cc: 214 -- Generating asimov with histogram for pdf pdf_binpass_LOW_obsOnly: in 5 x-bins
INFO: (function: generateWithHisto) ToyMCSamplerOpt.cc: 215 -- , in 1 y-bins
INFO: (function: generateAsimov) ToyMCSamplerOpt.cc: 139 -- Using internal logic for binned/unbinned Asimov dataset generation
INFO: (function: generateWithHisto) ToyMCSamplerOpt.cc: 214 -- Generating asimov with histogram for pdf pdf_binpass_SIG_obsOnly: in 4 x-bins
INFO: (function: generateWithHisto) ToyMCSamplerOpt.cc: 215 -- , in 1 y-bins
INFO: (function: runLimitExpected) AsymptoticLimits.cc: 436 -- Median for expected limits = 51 (Sigma for expected limits = 26.0209)
INFO: (function: runLimit) AsymptoticLimits.cc: 193 -- NLL at global minimum of data = -76464.5 (r=9.98676)
INFO: (function: runLimit) AsymptoticLimits.cc: 213 -- NLL at global minimum of asimov = -76466.3 (r=0.353305)
INFO: (function: getCLs) AsymptoticLimits.cc: 343 -- At r = 56.114064:	q_mu = 2.44671	q_A  = 4.23867	CLsb = 0.05889	CLb  = 0.68956	CLs  = 0.08540
INFO: (function: getCLs) AsymptoticLimits.cc: 343 -- At r = 112.228128:	q_mu = 5.98385	q_A  = 8.24093	CLsb = 0.00722	CLb  = 0.66440	CLs  = 0.01086
INFO: (function: getCLs) AsymptoticLimits.cc: 343 -- At r = 61.107442:	q_mu = 2.77416	q_A  = 4.62690	CLsb = 0.04790	CLb  = 0.68632	CLs  = 0.06979
INFO: (function: getCLs) AsymptoticLimits.cc: 343 -- At r = 86.667785:	q_mu = 4.41999	q_A  = 6.51160	CLsb = 0.01776	CLb  = 0.67343	CLs  = 0.02637
INFO: (function: getCLs) AsymptoticLimits.cc: 343 -- At r = 73.226461:	q_mu = 3.56283	q_A  = 5.54142	CLsb = 0.02954	CLb  = 0.67956	CLs  = 0.04347
INFO: (function: getCLs) AsymptoticLimits.cc: 343 -- At r = 67.938006:	q_mu = 3.22013	q_A  = 5.14712	CLsb = 0.03637	CLb  = 0.68234	CLs  = 0.05330
INFO: (function: getCLs) AsymptoticLimits.cc: 343 -- At r = 70.322734:	q_mu = 3.37499	q_A  = 5.32583	CLsb = 0.03310	CLb  = 0.68106	CLs  = 0.04860
INFO: (function: getCLs) AsymptoticLimits.cc: 343 -- At r = 69.257572:	q_mu = 3.30589	q_A  = 5.24619	CLsb = 0.03452	CLb  = 0.68162	CLs  = 0.05064
INFO: (function: getCLs) AsymptoticLimits.cc: 343 -- At r = 69.732993:	q_mu = 3.33675	q_A  = 5.28177	CLsb = 0.03387	CLb  = 0.68137	CLs  = 0.04971
INFO: (function: getCLs) AsymptoticLimits.cc: 343 -- At r = 69.519659:	q_mu = 3.32290	q_A  = 5.26581	CLsb = 0.03416	CLb  = 0.68148	CLs  = 0.05013
