INFO: (function: improveOnce) CascadeMinimizer.cc: 188 -- Minimisation configured with Type=Minuit2, Algo=Migrad, strategy=0, tolerance=0.1
INFO: (function: improveOnce) CascadeMinimizer.cc: 211 -- Minimisation finished with status=0
INFO: (function: improveOnce) CascadeMinimizer.cc: 216 -- Minimization success! status=0
INFO: (function: generateAsimov) ToyMCSamplerOpt.cc: 139 -- Using internal logic for binned/unbinned Asimov dataset generation
INFO: (function: generateWithHisto) ToyMCSamplerOpt.cc: 214 -- Generating asimov with histogram for pdf pdf_binfail_LOW_obsOnly: in 5 x-bins
INFO: (function: generateWithHisto) ToyMCSamplerOpt.cc: 215 -- , in 1 y-bins
INFO: (function: generateAsimov) ToyMCSamplerOpt.cc: 139 -- Using internal logic for binned/unbinned Asimov dataset generation
INFO: (function: generateWithHisto) ToyMCSamplerOpt.cc: 214 -- Generating asimov with histogram for pdf pdf_binfail_SIG_obsOnly: in 4 x-bins
INFO: (function: generateWithHisto) ToyMCSamplerOpt.cc: 215 -- , in 1 y-bins
INFO: (function: generateAsimov) ToyMCSamplerOpt.cc: 139 -- Using internal logic for binned/unbinned Asimov dataset generation
INFO: (function: generateWithHisto) ToyMCSamplerOpt.cc: 214 -- Generating asimov with histogram for pdf pdf_binpass_LOW_obsOnly: in 5 x-bins
INFO: (function: generateWithHisto) ToyMCSamplerOpt.cc: 215 -- , in 1 y-bins
INFO: (function: generateAsimov) ToyMCSamplerOpt.cc: 139 -- Using internal logic for binned/unbinned Asimov dataset generation
INFO: (function: generateWithHisto) ToyMCSamplerOpt.cc: 214 -- Generating asimov with histogram for pdf pdf_binpass_SIG_obsOnly: in 4 x-bins
INFO: (function: generateWithHisto) ToyMCSamplerOpt.cc: 215 -- , in 1 y-bins
INFO: (function: runLimitExpected) AsymptoticLimits.cc: 436 -- Median for expected limits = 2715 (Sigma for expected limits = 1385.23)
INFO: (function: runLimit) AsymptoticLimits.cc: 193 -- NLL at global minimum of data = -76348.9 (r=557.693)
INFO: (function: runLimit) AsymptoticLimits.cc: 213 -- NLL at global minimum of asimov = -76349.6 (r=10.19)
INFO: (function: getCLs) AsymptoticLimits.cc: 343 -- At r = 3241.942498:	q_mu = 3.92990	q_A  = 5.01516	CLsb = 0.02372	CLb  = 0.60143	CLs  = 0.03943
INFO: (function: getCLs) AsymptoticLimits.cc: 343 -- At r = 1899.817628:	q_mu = 1.15374	q_A  = 2.37414	CLsb = 0.14138	CLb  = 0.67964	CLs  = 0.20803
INFO: (function: getCLs) AsymptoticLimits.cc: 343 -- At r = 2570.880063:	q_mu = 2.33031	q_A  = 3.54627	CLsb = 0.06344	CLb  = 0.63931	CLs  = 0.09923
INFO: (function: getCLs) AsymptoticLimits.cc: 343 -- At r = 2969.631483:	q_mu = 3.24253	q_A  = 4.38031	CLsb = 0.03587	CLb  = 0.61494	CLs  = 0.05834
INFO: (function: getCLs) AsymptoticLimits.cc: 343 -- At r = 3109.896458:	q_mu = 3.59083	q_A  = 4.70147	CLsb = 0.02905	CLb  = 0.60770	CLs  = 0.04780
INFO: (function: getCLs) AsymptoticLimits.cc: 343 -- At r = 3056.522712:	q_mu = 3.45679	q_A  = 4.57774	CLsb = 0.03150	CLb  = 0.61038	CLs  = 0.05160
INFO: (function: getCLs) AsymptoticLimits.cc: 343 -- At r = 3084.794861:	q_mu = 3.52757	q_A  = 4.64305	CLsb = 0.03018	CLb  = 0.60895	CLs  = 0.04956
INFO: (function: getCLs) AsymptoticLimits.cc: 343 -- At r = 3074.162915:	q_mu = 3.50089	q_A  = 4.61843	CLsb = 0.03067	CLb  = 0.60949	CLs  = 0.05032
