INFO: (function: improveOnce) CascadeMinimizer.cc: 188 -- Minimisation configured with Type=Minuit2, Algo=Migrad, strategy=0, tolerance=0.1
INFO: (function: improveOnce) CascadeMinimizer.cc: 211 -- Minimisation finished with status=0
INFO: (function: improveOnce) CascadeMinimizer.cc: 216 -- Minimization success! status=0
INFO: (function: generateAsimov) ToyMCSamplerOpt.cc: 139 -- Using internal logic for binned/unbinned Asimov dataset generation
INFO: (function: generateWithHisto) ToyMCSamplerOpt.cc: 214 -- Generating asimov with histogram for pdf pdf_binfail_LOW_obsOnly: in 6 x-bins
INFO: (function: generateWithHisto) ToyMCSamplerOpt.cc: 215 -- , in 1 y-bins
INFO: (function: generateAsimov) ToyMCSamplerOpt.cc: 139 -- Using internal logic for binned/unbinned Asimov dataset generation
INFO: (function: generateWithHisto) ToyMCSamplerOpt.cc: 214 -- Generating asimov with histogram for pdf pdf_binfail_SIG_obsOnly: in 3 x-bins
INFO: (function: generateWithHisto) ToyMCSamplerOpt.cc: 215 -- , in 1 y-bins
INFO: (function: generateAsimov) ToyMCSamplerOpt.cc: 139 -- Using internal logic for binned/unbinned Asimov dataset generation
INFO: (function: generateWithHisto) ToyMCSamplerOpt.cc: 214 -- Generating asimov with histogram for pdf pdf_binpass_LOW_obsOnly: in 6 x-bins
INFO: (function: generateWithHisto) ToyMCSamplerOpt.cc: 215 -- , in 1 y-bins
INFO: (function: generateAsimov) ToyMCSamplerOpt.cc: 139 -- Using internal logic for binned/unbinned Asimov dataset generation
INFO: (function: generateWithHisto) ToyMCSamplerOpt.cc: 214 -- Generating asimov with histogram for pdf pdf_binpass_SIG_obsOnly: in 3 x-bins
INFO: (function: generateWithHisto) ToyMCSamplerOpt.cc: 215 -- , in 1 y-bins
INFO: (function: runLimitExpected) AsymptoticLimits.cc: 436 -- Median for expected limits = 7.96875 (Sigma for expected limits = 4.06576)
INFO: (function: runLimit) AsymptoticLimits.cc: 193 -- NLL at global minimum of data = -70455.5 (r=0.00232068)
INFO: (function: runLimit) AsymptoticLimits.cc: 213 -- NLL at global minimum of asimov = -70467.2 (r=0.00145066)
INFO: (function: getCLs) AsymptoticLimits.cc: 343 -- At r = 1.450678:	q_mu = 0.00000	q_A  = 0.37898	CLsb = 0.50000	CLb  = 0.73093	CLs  = 0.68406
INFO: (function: getCLs) AsymptoticLimits.cc: 343 -- At r = 2.901357:	q_mu = 0.00000	q_A  = 1.08820	CLsb = 0.50000	CLb  = 0.85157	CLs  = 0.58715
INFO: (function: getCLs) AsymptoticLimits.cc: 343 -- At r = 5.802713:	q_mu = 0.00000	q_A  = 2.66552	CLsb = 0.50000	CLb  = 0.94873	CLs  = 0.52702
INFO: (function: getCLs) AsymptoticLimits.cc: 343 -- At r = 11.605427:	q_mu = 0.00000	q_A  = 5.73020	CLsb = 0.50000	CLb  = 0.99166	CLs  = 0.50420
INFO: (function: getCLs) AsymptoticLimits.cc: 343 -- At r = 23.210853:	q_mu = 0.00000	q_A  = 10.96205	CLsb = 0.50000	CLb  = 0.99954	CLs  = 0.50023
INFO: (function: getCLs) AsymptoticLimits.cc: 343 -- At r = 23.212013:	q_mu = 0.00000	q_A  = 10.96255	CLsb = 0.50000	CLb  = 0.99954	CLs  = 0.50023
INFO: (function: getCLs) AsymptoticLimits.cc: 343 -- At r = 34.816860:	q_mu = 0.00000	q_A  = 15.38032	CLsb = 0.50000	CLb  = 0.99996	CLs  = 0.50002
INFO: (function: getCLs) AsymptoticLimits.cc: 343 -- At r = 40.619283:	q_mu = 0.00000	q_A  = 17.46248	CLsb = 0.50000	CLb  = 0.99999	CLs  = 0.50001
INFO: (function: getCLs) AsymptoticLimits.cc: 343 -- At r = 43.520495:	q_mu = 0.00000	q_A  = 18.48977	CLsb = 0.50000	CLb  = 0.99999	CLs  = 0.50000
INFO: (function: getCLs) AsymptoticLimits.cc: 343 -- At r = 44.971100:	q_mu = 0.00000	q_A  = 19.00096	CLsb = 0.50000	CLb  = 0.99999	CLs  = 0.50000
INFO: (function: getCLs) AsymptoticLimits.cc: 343 -- At r = 45.696403:	q_mu = 0.00000	q_A  = 19.25596	CLsb = 0.50000	CLb  = 0.99999	CLs  = 0.50000
INFO: (function: getCLs) AsymptoticLimits.cc: 343 -- At r = 46.059055:	q_mu = 0.00000	q_A  = 19.38332	CLsb = 0.50000	CLb  = 0.99999	CLs  = 0.50000
INFO: (function: getCLs) AsymptoticLimits.cc: 343 -- At r = 46.240380:	q_mu = 0.00000	q_A  = 19.44697	CLsb = 0.50000	CLb  = 0.99999	CLs  = 0.50000
