INFO: (function: improveOnce) CascadeMinimizer.cc: 188 -- Minimisation configured with Type=Minuit2, Algo=Migrad, strategy=0, tolerance=0.1
INFO: (function: improveOnce) CascadeMinimizer.cc: 211 -- Minimisation finished with status=0
INFO: (function: improveOnce) CascadeMinimizer.cc: 216 -- Minimization success! status=0
INFO: (function: generateAsimov) ToyMCSamplerOpt.cc: 139 -- Using internal logic for binned/unbinned Asimov dataset generation
INFO: (function: generateWithHisto) ToyMCSamplerOpt.cc: 214 -- Generating asimov with histogram for pdf pdf_binfail_LOW_obsOnly: in 5 x-bins
INFO: (function: generateWithHisto) ToyMCSamplerOpt.cc: 215 -- , in 1 y-bins
INFO: (function: generateAsimov) ToyMCSamplerOpt.cc: 139 -- Using internal logic for binned/unbinned Asimov dataset generation
INFO: (function: generateWithHisto) ToyMCSamplerOpt.cc: 214 -- Generating asimov with histogram for pdf pdf_binfail_SIG_obsOnly: in 14 x-bins
INFO: (function: generateWithHisto) ToyMCSamplerOpt.cc: 215 -- , in 1 y-bins
INFO: (function: generateAsimov) ToyMCSamplerOpt.cc: 139 -- Using internal logic for binned/unbinned Asimov dataset generation
INFO: (function: generateWithHisto) ToyMCSamplerOpt.cc: 214 -- Generating asimov with histogram for pdf pdf_binpass_LOW_obsOnly: in 5 x-bins
INFO: (function: generateWithHisto) ToyMCSamplerOpt.cc: 215 -- , in 1 y-bins
INFO: (function: generateAsimov) ToyMCSamplerOpt.cc: 139 -- Using internal logic for binned/unbinned Asimov dataset generation
INFO: (function: generateWithHisto) ToyMCSamplerOpt.cc: 214 -- Generating asimov with histogram for pdf pdf_binpass_SIG_obsOnly: in 14 x-bins
INFO: (function: generateWithHisto) ToyMCSamplerOpt.cc: 215 -- , in 1 y-bins
INFO: (function: runLimitExpected) AsymptoticLimits.cc: 436 -- Median for expected limits = 1.38281 (Sigma for expected limits = 0.70553)
INFO: (function: runLimit) AsymptoticLimits.cc: 193 -- NLL at global minimum of data = -70689.9 (r=2.73034e-08)
INFO: (function: runLimit) AsymptoticLimits.cc: 213 -- NLL at global minimum of asimov = -70692.5 (r=6.1352e-05)
INFO: (function: getCLs) AsymptoticLimits.cc: 343 -- At r = 1.200000:	q_mu = 3.89809	q_A  = 3.33065	CLsb = 0.02383	CLb  = 0.43823	CLs  = 0.05437
INFO: (function: getCLs) AsymptoticLimits.cc: 343 -- At r = 2.400000:	q_mu = 7.35806	q_A  = 6.53439	CLsb = 0.00329	CLb  = 0.43600	CLs  = 0.00755
INFO: (function: getCLs) AsymptoticLimits.cc: 343 -- At r = 1.200000:	q_mu = 3.89807	q_A  = 3.33006	CLsb = 0.02382	CLb  = 0.43816	CLs  = 0.05437
INFO: (function: getCLs) AsymptoticLimits.cc: 343 -- At r = 1.800000:	q_mu = 5.67060	q_A  = 4.96208	CLsb = 0.00850	CLb  = 0.43682	CLs  = 0.01946
INFO: (function: getCLs) AsymptoticLimits.cc: 343 -- At r = 1.359190:	q_mu = 4.37759	q_A  = 3.76910	CLsb = 0.01795	CLb  = 0.43774	CLs  = 0.04100
INFO: (function: getCLs) AsymptoticLimits.cc: 343 -- At r = 1.269671:	q_mu = 4.10887	q_A  = 3.52279	CLsb = 0.02102	CLb  = 0.43797	CLs  = 0.04800
INFO: (function: getCLs) AsymptoticLimits.cc: 343 -- At r = 1.237519:	q_mu = 4.01177	q_A  = 3.43399	CLsb = 0.02227	CLb  = 0.43806	CLs  = 0.05083
INFO: (function: getCLs) AsymptoticLimits.cc: 343 -- At r = 1.251385:	q_mu = 4.05368	q_A  = 3.47230	CLsb = 0.02172	CLb  = 0.43802	CLs  = 0.04959
INFO: (function: getCLs) AsymptoticLimits.cc: 343 -- At r = 1.244942:	q_mu = 4.03422	q_A  = 3.45449	CLsb = 0.02197	CLb  = 0.43803	CLs  = 0.05017
INFO: (function: getCLs) AsymptoticLimits.cc: 343 -- At r = 1.247714:	q_mu = 4.04259	q_A  = 3.46213	CLsb = 0.02187	CLb  = 0.43802	CLs  = 0.04992
