INFO: (function: improveOnce) CascadeMinimizer.cc: 188 -- Minimisation configured with Type=Minuit2, Algo=Migrad, strategy=0, tolerance=0.1
INFO: (function: improveOnce) CascadeMinimizer.cc: 211 -- Minimisation finished with status=0
INFO: (function: improveOnce) CascadeMinimizer.cc: 216 -- Minimization success! status=0
INFO: (function: generateAsimov) ToyMCSamplerOpt.cc: 139 -- Using internal logic for binned/unbinned Asimov dataset generation
INFO: (function: generateWithHisto) ToyMCSamplerOpt.cc: 214 -- Generating asimov with histogram for pdf pdf_binfail_LOW_obsOnly: in 45 x-bins
INFO: (function: generateWithHisto) ToyMCSamplerOpt.cc: 215 -- , in 1 y-bins
INFO: (function: generateAsimov) ToyMCSamplerOpt.cc: 139 -- Using internal logic for binned/unbinned Asimov dataset generation
INFO: (function: generateWithHisto) ToyMCSamplerOpt.cc: 214 -- Generating asimov with histogram for pdf pdf_binfail_SIG_obsOnly: in 5 x-bins
INFO: (function: generateWithHisto) ToyMCSamplerOpt.cc: 215 -- , in 1 y-bins
INFO: (function: generateAsimov) ToyMCSamplerOpt.cc: 139 -- Using internal logic for binned/unbinned Asimov dataset generation
INFO: (function: generateWithHisto) ToyMCSamplerOpt.cc: 214 -- Generating asimov with histogram for pdf pdf_binpass_LOW_obsOnly: in 45 x-bins
INFO: (function: generateWithHisto) ToyMCSamplerOpt.cc: 215 -- , in 1 y-bins
INFO: (function: generateAsimov) ToyMCSamplerOpt.cc: 139 -- Using internal logic for binned/unbinned Asimov dataset generation
INFO: (function: generateWithHisto) ToyMCSamplerOpt.cc: 214 -- Generating asimov with histogram for pdf pdf_binpass_SIG_obsOnly: in 5 x-bins
INFO: (function: generateWithHisto) ToyMCSamplerOpt.cc: 215 -- , in 1 y-bins
DEBUG: (function: runLimitExpected) AsymptoticLimits.cc: 423 -- Best fit of asimov dataset is at r = 0.088410 (0.004421 times rMax), while it should be at zero
INFO: (function: runLimitExpected) AsymptoticLimits.cc: 436 -- Median for expected limits = 268 (Sigma for expected limits = 136.737)
INFO: (function: runLimit) AsymptoticLimits.cc: 193 -- NLL at global minimum of data = -772909 (r=9.83124)
INFO: (function: runLimit) AsymptoticLimits.cc: 213 -- NLL at global minimum of asimov = -772954 (r=0.141437)
INFO: (function: getCLs) AsymptoticLimits.cc: 343 -- At r = 59.351622:	q_mu = 8.05701	q_A  = 0.85925	CLsb = 0.00000	CLb  = 0.00005	CLs  = 0.01464
INFO: (function: getCLs) AsymptoticLimits.cc: 343 -- At r = 34.591432:	q_mu = 1.72706	q_A  = 0.60160	CLsb = 0.06666	CLb  = 0.23407	CLs  = 0.28479
INFO: (function: getCLs) AsymptoticLimits.cc: 343 -- At r = 46.971527:	q_mu = 4.58345	q_A  = 0.73667	CLsb = 0.00097	CLb  = 0.01251	CLs  = 0.07752
INFO: (function: getCLs) AsymptoticLimits.cc: 343 -- At r = 53.161574:	q_mu = 6.26007	q_A  = 0.79894	CLsb = 0.00004	CLb  = 0.00113	CLs  = 0.03490
INFO: (function: getCLs) AsymptoticLimits.cc: 343 -- At r = 49.692143:	q_mu = 5.30364	q_A  = 0.76434	CLsb = 0.00026	CLb  = 0.00471	CLs  = 0.05512
INFO: (function: getCLs) AsymptoticLimits.cc: 343 -- At r = 50.978412:	q_mu = 5.65356	q_A  = 0.77728	CLsb = 0.00013	CLb  = 0.00284	CLs  = 0.04666
INFO: (function: getCLs) AsymptoticLimits.cc: 343 -- At r = 50.294314:	q_mu = 5.46671	q_A  = 0.77039	CLsb = 0.00019	CLb  = 0.00373	CLs  = 0.05101
INFO: (function: getCLs) AsymptoticLimits.cc: 343 -- At r = 50.553694:	q_mu = 5.53733	q_A  = 0.77300	CLsb = 0.00017	CLb  = 0.00337	CLs  = 0.04932
INFO: (function: getCLs) AsymptoticLimits.cc: 343 -- At r = 50.417344:	q_mu = 5.50017	q_A  = 0.77163	CLsb = 0.00018	CLb  = 0.00356	CLs  = 0.05020
