INFO: (function: improveOnce) CascadeMinimizer.cc: 188 -- Minimisation configured with Type=Minuit2, Algo=Migrad, strategy=0, tolerance=0.1
INFO: (function: improveOnce) CascadeMinimizer.cc: 211 -- Minimisation finished with status=0
INFO: (function: improveOnce) CascadeMinimizer.cc: 216 -- Minimization success! status=0
INFO: (function: generateAsimov) ToyMCSamplerOpt.cc: 139 -- Using internal logic for binned/unbinned Asimov dataset generation
INFO: (function: generateWithHisto) ToyMCSamplerOpt.cc: 214 -- Generating asimov with histogram for pdf pdf_binfail_LOW_obsOnly: in 6 x-bins
INFO: (function: generateWithHisto) ToyMCSamplerOpt.cc: 215 -- , in 1 y-bins
INFO: (function: generateAsimov) ToyMCSamplerOpt.cc: 139 -- Using internal logic for binned/unbinned Asimov dataset generation
INFO: (function: generateWithHisto) ToyMCSamplerOpt.cc: 214 -- Generating asimov with histogram for pdf pdf_binfail_SIG_obsOnly: in 1 x-bins
INFO: (function: generateWithHisto) ToyMCSamplerOpt.cc: 215 -- , in 1 y-bins
INFO: (function: generateAsimov) ToyMCSamplerOpt.cc: 139 -- Using internal logic for binned/unbinned Asimov dataset generation
INFO: (function: generateWithHisto) ToyMCSamplerOpt.cc: 214 -- Generating asimov with histogram for pdf pdf_binpass_LOW_obsOnly: in 6 x-bins
INFO: (function: generateWithHisto) ToyMCSamplerOpt.cc: 215 -- , in 1 y-bins
INFO: (function: generateAsimov) ToyMCSamplerOpt.cc: 139 -- Using internal logic for binned/unbinned Asimov dataset generation
INFO: (function: generateWithHisto) ToyMCSamplerOpt.cc: 214 -- Generating asimov with histogram for pdf pdf_binpass_SIG_obsOnly: in 1 x-bins
INFO: (function: generateWithHisto) ToyMCSamplerOpt.cc: 215 -- , in 1 y-bins
INFO: (function: runLimitExpected) AsymptoticLimits.cc: 436 -- Median for expected limits = 0.101074 (Sigma for expected limits = 0.0515694)
INFO: (function: runLimit) AsymptoticLimits.cc: 193 -- NLL at global minimum of data = -3103.95 (r=0.0641386)
INFO: (function: runLimit) AsymptoticLimits.cc: 213 -- NLL at global minimum of asimov = -3107.05 (r=0.000181113)
INFO: (function: getCLs) AsymptoticLimits.cc: 343 -- At r = 1.264139:	q_mu = 58.29863	q_A  = 62.72314	CLsb = 0.00000	CLb  = 0.61196	CLs  = 0.00000
INFO: (function: getCLs) AsymptoticLimits.cc: 343 -- At r = 0.664139:	q_mu = 28.24274	q_A  = 32.68066	CLsb = 0.00000	CLb  = 0.65627	CLs  = 0.00000
INFO: (function: getCLs) AsymptoticLimits.cc: 343 -- At r = 0.364139:	q_mu = 12.22219	q_A  = 16.62223	CLsb = 0.00024	CLb  = 0.71938	CLs  = 0.00033
INFO: (function: getCLs) AsymptoticLimits.cc: 343 -- At r = 0.214139:	q_mu = 4.60518	q_A  = 8.98844	CLsb = 0.01594	CLb  = 0.80292	CLs  = 0.01985
INFO: (function: getCLs) AsymptoticLimits.cc: 343 -- At r = 0.139139:	q_mu = 1.47681	q_A  = 5.58457	CLsb = 0.11214	CLb  = 0.87450	CLs  = 0.12823
INFO: (function: getCLs) AsymptoticLimits.cc: 343 -- At r = 0.169428:	q_mu = 2.62820	q_A  = 6.96247	CLsb = 0.05249	CLb  = 0.84554	CLs  = 0.06208
INFO: (function: getCLs) AsymptoticLimits.cc: 343 -- At r = 0.185158:	q_mu = 3.29476	q_A  = 7.67073	CLsb = 0.03475	CLb  = 0.83008	CLs  = 0.04186
INFO: (function: getCLs) AsymptoticLimits.cc: 343 -- At r = 0.176340:	q_mu = 2.91647	q_A  = 7.27437	CLsb = 0.04384	CLb  = 0.83875	CLs  = 0.05227
INFO: (function: getCLs) AsymptoticLimits.cc: 343 -- At r = 0.179513:	q_mu = 3.05144	q_A  = 7.41732	CLsb = 0.04033	CLb  = 0.83563	CLs  = 0.04827
INFO: (function: getCLs) AsymptoticLimits.cc: 343 -- At r = 0.177754:	q_mu = 2.97638	q_A  = 7.33804	CLsb = 0.04224	CLb  = 0.83736	CLs  = 0.05045
INFO: (function: getCLs) AsymptoticLimits.cc: 343 -- At r = 0.178390:	q_mu = 3.00344	q_A  = 7.36671	CLsb = 0.04154	CLb  = 0.83673	CLs  = 0.04965
