INFO: (function: improveOnce) CascadeMinimizer.cc: 188 -- Minimisation configured with Type=Minuit2, Algo=Migrad, strategy=0, tolerance=0.1
INFO: (function: improveOnce) CascadeMinimizer.cc: 211 -- Minimisation finished with status=0
INFO: (function: improveOnce) CascadeMinimizer.cc: 216 -- Minimization success! status=0
INFO: (function: generateAsimov) ToyMCSamplerOpt.cc: 139 -- Using internal logic for binned/unbinned Asimov dataset generation
INFO: (function: generateWithHisto) ToyMCSamplerOpt.cc: 214 -- Generating asimov with histogram for pdf pdf_binfail_LOW_obsOnly: in 6 x-bins
INFO: (function: generateWithHisto) ToyMCSamplerOpt.cc: 215 -- , in 1 y-bins
INFO: (function: generateAsimov) ToyMCSamplerOpt.cc: 139 -- Using internal logic for binned/unbinned Asimov dataset generation
INFO: (function: generateWithHisto) ToyMCSamplerOpt.cc: 214 -- Generating asimov with histogram for pdf pdf_binfail_SIG_obsOnly: in 2 x-bins
INFO: (function: generateWithHisto) ToyMCSamplerOpt.cc: 215 -- , in 1 y-bins
INFO: (function: generateAsimov) ToyMCSamplerOpt.cc: 139 -- Using internal logic for binned/unbinned Asimov dataset generation
INFO: (function: generateWithHisto) ToyMCSamplerOpt.cc: 214 -- Generating asimov with histogram for pdf pdf_binpass_LOW_obsOnly: in 6 x-bins
INFO: (function: generateWithHisto) ToyMCSamplerOpt.cc: 215 -- , in 1 y-bins
INFO: (function: generateAsimov) ToyMCSamplerOpt.cc: 139 -- Using internal logic for binned/unbinned Asimov dataset generation
INFO: (function: generateWithHisto) ToyMCSamplerOpt.cc: 214 -- Generating asimov with histogram for pdf pdf_binpass_SIG_obsOnly: in 2 x-bins
INFO: (function: generateWithHisto) ToyMCSamplerOpt.cc: 215 -- , in 1 y-bins
INFO: (function: runLimitExpected) AsymptoticLimits.cc: 436 -- Median for expected limits = 74.75 (Sigma for expected limits = 38.1385)
INFO: (function: runLimit) AsymptoticLimits.cc: 193 -- NLL at global minimum of data = -11000 (r=36.9421)
INFO: (function: runLimit) AsymptoticLimits.cc: 213 -- NLL at global minimum of asimov = -11003.1 (r=0.163872)
INFO: (function: getCLs) AsymptoticLimits.cc: 343 -- At r = 137.466540:	q_mu = 3.12690	q_A  = 7.49912	CLsb = 0.03851	CLb  = 0.83401	CLs  = 0.04617
INFO: (function: getCLs) AsymptoticLimits.cc: 343 -- At r = 87.204342:	q_mu = 1.17668	q_A  = 4.58500	CLsb = 0.13902	CLb  = 0.85463	CLs  = 0.16266
INFO: (function: getCLs) AsymptoticLimits.cc: 343 -- At r = 112.335441:	q_mu = 2.11408	q_A  = 6.06534	CLsb = 0.07298	CLb  = 0.84347	CLs  = 0.08652
INFO: (function: getCLs) AsymptoticLimits.cc: 343 -- At r = 129.888115:	q_mu = 2.81670	q_A  = 7.07202	CLsb = 0.04664	CLb  = 0.83671	CLs  = 0.05575
INFO: (function: getCLs) AsymptoticLimits.cc: 343 -- At r = 133.386932:	q_mu = 2.95959	q_A  = 7.26983	CLsb = 0.04268	CLb  = 0.83545	CLs  = 0.05109
INFO: (function: getCLs) AsymptoticLimits.cc: 343 -- At r = 134.898718:	q_mu = 3.02146	q_A  = 7.35487	CLsb = 0.04108	CLb  = 0.83491	CLs  = 0.04921
INFO: (function: getCLs) AsymptoticLimits.cc: 343 -- At r = 134.082648:	q_mu = 2.98798	q_A  = 7.30893	CLsb = 0.04194	CLb  = 0.83520	CLs  = 0.05022
INFO: (function: getCLs) AsymptoticLimits.cc: 343 -- At r = 134.385828:	q_mu = 3.00043	q_A  = 7.32604	CLsb = 0.04162	CLb  = 0.83509	CLs  = 0.04984
