INFO: (function: improveOnce) CascadeMinimizer.cc: 188 -- Minimisation configured with Type=Minuit2, Algo=Migrad, strategy=0, tolerance=0.1
INFO: (function: improveOnce) CascadeMinimizer.cc: 211 -- Minimisation finished with status=0
INFO: (function: improveOnce) CascadeMinimizer.cc: 216 -- Minimization success! status=0
INFO: (function: generateAsimov) ToyMCSamplerOpt.cc: 139 -- Using internal logic for binned/unbinned Asimov dataset generation
INFO: (function: generateWithHisto) ToyMCSamplerOpt.cc: 214 -- Generating asimov with histogram for pdf pdf_binfail_LOW_obsOnly: in 6 x-bins
INFO: (function: generateWithHisto) ToyMCSamplerOpt.cc: 215 -- , in 1 y-bins
INFO: (function: generateAsimov) ToyMCSamplerOpt.cc: 139 -- Using internal logic for binned/unbinned Asimov dataset generation
INFO: (function: generateWithHisto) ToyMCSamplerOpt.cc: 214 -- Generating asimov with histogram for pdf pdf_binfail_SIG_obsOnly: in 19 x-bins
INFO: (function: generateWithHisto) ToyMCSamplerOpt.cc: 215 -- , in 1 y-bins
INFO: (function: generateAsimov) ToyMCSamplerOpt.cc: 139 -- Using internal logic for binned/unbinned Asimov dataset generation
INFO: (function: generateWithHisto) ToyMCSamplerOpt.cc: 214 -- Generating asimov with histogram for pdf pdf_binpass_LOW_obsOnly: in 6 x-bins
INFO: (function: generateWithHisto) ToyMCSamplerOpt.cc: 215 -- , in 1 y-bins
INFO: (function: generateAsimov) ToyMCSamplerOpt.cc: 139 -- Using internal logic for binned/unbinned Asimov dataset generation
INFO: (function: generateWithHisto) ToyMCSamplerOpt.cc: 214 -- Generating asimov with histogram for pdf pdf_binpass_SIG_obsOnly: in 19 x-bins
INFO: (function: generateWithHisto) ToyMCSamplerOpt.cc: 215 -- , in 1 y-bins
INFO: (function: runLimitExpected) AsymptoticLimits.cc: 436 -- Median for expected limits = 4.73438 (Sigma for expected limits = 2.41554)
INFO: (function: runLimit) AsymptoticLimits.cc: 193 -- NLL at global minimum of data = -146239 (r=2.38235e-06)
INFO: (function: runLimit) AsymptoticLimits.cc: 213 -- NLL at global minimum of asimov = -146221 (r=8.21807e-05)
INFO: (function: getCLs) AsymptoticLimits.cc: 343 -- At r = 2.803301:	q_mu = 3.01367	q_A  = 2.16236	CLsb = 0.03921	CLb  = 0.38611	CLs  = 0.10154
INFO: (function: getCLs) AsymptoticLimits.cc: 343 -- At r = 5.606602:	q_mu = 6.02680	q_A  = 4.62231	CLsb = 0.00663	CLb  = 0.37197	CLs  = 0.01783
INFO: (function: getCLs) AsymptoticLimits.cc: 343 -- At r = 2.803302:	q_mu = 3.01367	q_A  = 2.16209	CLsb = 0.03921	CLb  = 0.38607	CLs  = 0.10155
INFO: (function: getCLs) AsymptoticLimits.cc: 343 -- At r = 4.277340:	q_mu = 4.59816	q_A  = 3.44154	CLsb = 0.01512	CLb  = 0.37762	CLs  = 0.04005
INFO: (function: getCLs) AsymptoticLimits.cc: 343 -- At r = 3.701209:	q_mu = 3.97885	q_A  = 2.93688	CLsb = 0.02181	CLb  = 0.38056	CLs  = 0.05731
INFO: (function: getCLs) AsymptoticLimits.cc: 343 -- At r = 3.991864:	q_mu = 4.29127	q_A  = 3.19081	CLsb = 0.01812	CLb  = 0.37903	CLs  = 0.04780
INFO: (function: getCLs) AsymptoticLimits.cc: 343 -- At r = 3.875974:	q_mu = 4.16670	q_A  = 3.08936	CLsb = 0.01950	CLb  = 0.37962	CLs  = 0.05137
INFO: (function: getCLs) AsymptoticLimits.cc: 343 -- At r = 3.933966:	q_mu = 4.22903	q_A  = 3.14005	CLsb = 0.01880	CLb  = 0.37932	CLs  = 0.04955
INFO: (function: getCLs) AsymptoticLimits.cc: 343 -- At r = 3.910771:	q_mu = 4.20410	q_A  = 3.11973	CLsb = 0.01907	CLb  = 0.37944	CLs  = 0.05027
INFO: (function: getCLs) AsymptoticLimits.cc: 343 -- At r = 3.922369:	q_mu = 4.21657	q_A  = 3.12987	CLsb = 0.01893	CLb  = 0.37937	CLs  = 0.04991
