INFO: (function: improveOnce) CascadeMinimizer.cc: 188 -- Minimisation configured with Type=Minuit2, Algo=Migrad, strategy=0, tolerance=0.1
INFO: (function: improveOnce) CascadeMinimizer.cc: 211 -- Minimisation finished with status=0
INFO: (function: improveOnce) CascadeMinimizer.cc: 216 -- Minimization success! status=0
INFO: (function: generateAsimov) ToyMCSamplerOpt.cc: 139 -- Using internal logic for binned/unbinned Asimov dataset generation
INFO: (function: generateWithHisto) ToyMCSamplerOpt.cc: 214 -- Generating asimov with histogram for pdf pdf_binfail_LOW_obsOnly: in 5 x-bins
INFO: (function: generateWithHisto) ToyMCSamplerOpt.cc: 215 -- , in 1 y-bins
INFO: (function: generateAsimov) ToyMCSamplerOpt.cc: 139 -- Using internal logic for binned/unbinned Asimov dataset generation
INFO: (function: generateWithHisto) ToyMCSamplerOpt.cc: 214 -- Generating asimov with histogram for pdf pdf_binfail_SIG_obsOnly: in 14 x-bins
INFO: (function: generateWithHisto) ToyMCSamplerOpt.cc: 215 -- , in 1 y-bins
INFO: (function: generateAsimov) ToyMCSamplerOpt.cc: 139 -- Using internal logic for binned/unbinned Asimov dataset generation
INFO: (function: generateWithHisto) ToyMCSamplerOpt.cc: 214 -- Generating asimov with histogram for pdf pdf_binpass_LOW_obsOnly: in 5 x-bins
INFO: (function: generateWithHisto) ToyMCSamplerOpt.cc: 215 -- , in 1 y-bins
INFO: (function: generateAsimov) ToyMCSamplerOpt.cc: 139 -- Using internal logic for binned/unbinned Asimov dataset generation
INFO: (function: generateWithHisto) ToyMCSamplerOpt.cc: 214 -- Generating asimov with histogram for pdf pdf_binpass_SIG_obsOnly: in 14 x-bins
INFO: (function: generateWithHisto) ToyMCSamplerOpt.cc: 215 -- , in 1 y-bins
INFO: (function: runLimitExpected) AsymptoticLimits.cc: 436 -- Median for expected limits = 0.0131836 (Sigma for expected limits = 0.00672645)
INFO: (function: runLimit) AsymptoticLimits.cc: 193 -- NLL at global minimum of data = -74209.9 (r=7.62279e-11)
INFO: (function: runLimit) AsymptoticLimits.cc: 213 -- NLL at global minimum of asimov = -74212.7 (r=3.30173e-09)
INFO: (function: getCLs) AsymptoticLimits.cc: 343 -- At r = 1.200000:	q_mu = 17.87131	q_A  = 17.85301	CLsb = 0.00001	CLb  = 0.49914	CLs  = 0.00002
INFO: (function: getCLs) AsymptoticLimits.cc: 343 -- At r = 0.600000:	q_mu = 13.69809	q_A  = 13.68101	CLsb = 0.00011	CLb  = 0.49908	CLs  = 0.00022
INFO: (function: getCLs) AsymptoticLimits.cc: 343 -- At r = 0.300000:	q_mu = 10.79695	q_A  = 10.78158	CLsb = 0.00051	CLb  = 0.49907	CLs  = 0.00102
INFO: (function: getCLs) AsymptoticLimits.cc: 343 -- At r = 0.150000:	q_mu = 8.63075	q_A  = 8.61685	CLsb = 0.00165	CLb  = 0.49906	CLs  = 0.00331
INFO: (function: getCLs) AsymptoticLimits.cc: 343 -- At r = 0.075000:	q_mu = 6.91913	q_A  = 6.90612	CLsb = 0.00426	CLb  = 0.49901	CLs  = 0.00854
INFO: (function: getCLs) AsymptoticLimits.cc: 343 -- At r = 0.037500:	q_mu = 5.51526	q_A  = 5.50368	CLsb = 0.00943	CLb  = 0.49902	CLs  = 0.01889
INFO: (function: getCLs) AsymptoticLimits.cc: 343 -- At r = 0.018750:	q_mu = 4.34133	q_A  = 4.33120	CLsb = 0.01860	CLb  = 0.49903	CLs  = 0.03727
INFO: (function: getCLs) AsymptoticLimits.cc: 343 -- At r = 0.009375:	q_mu = 3.35482	q_A  = 3.34613	CLsb = 0.03350	CLb  = 0.49905	CLs  = 0.06714
INFO: (function: getCLs) AsymptoticLimits.cc: 343 -- At r = 0.013130:	q_mu = 3.81272	q_A  = 3.80331	CLsb = 0.02543	CLb  = 0.49904	CLs  = 0.05096
INFO: (function: getCLs) AsymptoticLimits.cc: 343 -- At r = 0.014528:	q_mu = 3.95806	q_A  = 3.94844	CLsb = 0.02332	CLb  = 0.49903	CLs  = 0.04674
INFO: (function: getCLs) AsymptoticLimits.cc: 343 -- At r = 0.013656:	q_mu = 3.86871	q_A  = 3.85921	CLsb = 0.02460	CLb  = 0.49904	CLs  = 0.04929
INFO: (function: getCLs) AsymptoticLimits.cc: 343 -- At r = 0.013371:	q_mu = 3.83851	q_A  = 3.82905	CLsb = 0.02504	CLb  = 0.49904	CLs  = 0.05018
