INFO: (function: improveOnce) CascadeMinimizer.cc: 188 -- Minimisation configured with Type=Minuit2, Algo=Migrad, strategy=0, tolerance=0.1
INFO: (function: improveOnce) CascadeMinimizer.cc: 211 -- Minimisation finished with status=0
INFO: (function: improveOnce) CascadeMinimizer.cc: 216 -- Minimization success! status=0
INFO: (function: generateAsimov) ToyMCSamplerOpt.cc: 139 -- Using internal logic for binned/unbinned Asimov dataset generation
INFO: (function: generateWithHisto) ToyMCSamplerOpt.cc: 214 -- Generating asimov with histogram for pdf pdf_binfail_LOW_obsOnly: in 5 x-bins
INFO: (function: generateWithHisto) ToyMCSamplerOpt.cc: 215 -- , in 1 y-bins
INFO: (function: generateAsimov) ToyMCSamplerOpt.cc: 139 -- Using internal logic for binned/unbinned Asimov dataset generation
INFO: (function: generateWithHisto) ToyMCSamplerOpt.cc: 214 -- Generating asimov with histogram for pdf pdf_binfail_SIG_obsOnly: in 3 x-bins
INFO: (function: generateWithHisto) ToyMCSamplerOpt.cc: 215 -- , in 1 y-bins
INFO: (function: generateAsimov) ToyMCSamplerOpt.cc: 139 -- Using internal logic for binned/unbinned Asimov dataset generation
INFO: (function: generateWithHisto) ToyMCSamplerOpt.cc: 214 -- Generating asimov with histogram for pdf pdf_binpass_LOW_obsOnly: in 5 x-bins
INFO: (function: generateWithHisto) ToyMCSamplerOpt.cc: 215 -- , in 1 y-bins
INFO: (function: generateAsimov) ToyMCSamplerOpt.cc: 139 -- Using internal logic for binned/unbinned Asimov dataset generation
INFO: (function: generateWithHisto) ToyMCSamplerOpt.cc: 214 -- Generating asimov with histogram for pdf pdf_binpass_SIG_obsOnly: in 3 x-bins
INFO: (function: generateWithHisto) ToyMCSamplerOpt.cc: 215 -- , in 1 y-bins
INFO: (function: runLimitExpected) AsymptoticLimits.cc: 436 -- Median for expected limits = 272 (Sigma for expected limits = 138.778)
INFO: (function: runLimit) AsymptoticLimits.cc: 193 -- NLL at global minimum of data = -44563.6 (r=6.05608e-07)
INFO: (function: runLimit) AsymptoticLimits.cc: 213 -- NLL at global minimum of asimov = -44564.3 (r=1.18748e-12)
INFO: (function: getCLs) AsymptoticLimits.cc: 343 -- At r = 208.502181:	q_mu = 3.03445	q_A  = 2.91187	CLsb = 0.04072	CLb  = 0.48567	CLs  = 0.08385
INFO: (function: getCLs) AsymptoticLimits.cc: 343 -- At r = 417.004362:	q_mu = 6.25080	q_A  = 5.98564	CLsb = 0.00620	CLb  = 0.47839	CLs  = 0.01295
INFO: (function: getCLs) AsymptoticLimits.cc: 343 -- At r = 208.502181:	q_mu = 3.03445	q_A  = 2.91188	CLsb = 0.04072	CLb  = 0.48567	CLs  = 0.08385
INFO: (function: getCLs) AsymptoticLimits.cc: 343 -- At r = 312.753272:	q_mu = 4.62349	q_A  = 4.43181	CLsb = 0.01575	CLb  = 0.48184	CLs  = 0.03269
INFO: (function: getCLs) AsymptoticLimits.cc: 343 -- At r = 254.272353:	q_mu = 3.72696	q_A  = 3.57463	CLsb = 0.02674	CLb  = 0.48393	CLs  = 0.05526
INFO: (function: getCLs) AsymptoticLimits.cc: 343 -- At r = 274.886435:	q_mu = 4.04154	q_A  = 3.87550	CLsb = 0.02217	CLb  = 0.48318	CLs  = 0.04589
INFO: (function: getCLs) AsymptoticLimits.cc: 343 -- At r = 263.154064:	q_mu = 3.86230	q_A  = 3.70408	CLsb = 0.02467	CLb  = 0.48361	CLs  = 0.05101
INFO: (function: getCLs) AsymptoticLimits.cc: 343 -- At r = 267.268387:	q_mu = 3.92510	q_A  = 3.76414	CLsb = 0.02376	CLb  = 0.48346	CLs  = 0.04915
INFO: (function: getCLs) AsymptoticLimits.cc: 343 -- At r = 264.920294:	q_mu = 3.88925	q_A  = 3.72986	CLsb = 0.02427	CLb  = 0.48354	CLs  = 0.05020
INFO: (function: getCLs) AsymptoticLimits.cc: 343 -- At r = 265.742824:	q_mu = 3.90180	q_A  = 3.74187	CLsb = 0.02409	CLb  = 0.48351	CLs  = 0.04983
