INFO: (function: improveOnce) CascadeMinimizer.cc: 188 -- Minimisation configured with Type=Minuit2, Algo=Migrad, strategy=0, tolerance=0.1
INFO: (function: improveOnce) CascadeMinimizer.cc: 211 -- Minimisation finished with status=0
INFO: (function: improveOnce) CascadeMinimizer.cc: 216 -- Minimization success! status=0
INFO: (function: generateAsimov) ToyMCSamplerOpt.cc: 139 -- Using internal logic for binned/unbinned Asimov dataset generation
INFO: (function: generateWithHisto) ToyMCSamplerOpt.cc: 214 -- Generating asimov with histogram for pdf pdf_binfail_LOW_obsOnly: in 5 x-bins
INFO: (function: generateWithHisto) ToyMCSamplerOpt.cc: 215 -- , in 1 y-bins
INFO: (function: generateAsimov) ToyMCSamplerOpt.cc: 139 -- Using internal logic for binned/unbinned Asimov dataset generation
INFO: (function: generateWithHisto) ToyMCSamplerOpt.cc: 214 -- Generating asimov with histogram for pdf pdf_binfail_SIG_obsOnly: in 4 x-bins
INFO: (function: generateWithHisto) ToyMCSamplerOpt.cc: 215 -- , in 1 y-bins
INFO: (function: generateAsimov) ToyMCSamplerOpt.cc: 139 -- Using internal logic for binned/unbinned Asimov dataset generation
INFO: (function: generateWithHisto) ToyMCSamplerOpt.cc: 214 -- Generating asimov with histogram for pdf pdf_binpass_LOW_obsOnly: in 5 x-bins
INFO: (function: generateWithHisto) ToyMCSamplerOpt.cc: 215 -- , in 1 y-bins
INFO: (function: generateAsimov) ToyMCSamplerOpt.cc: 139 -- Using internal logic for binned/unbinned Asimov dataset generation
INFO: (function: generateWithHisto) ToyMCSamplerOpt.cc: 214 -- Generating asimov with histogram for pdf pdf_binpass_SIG_obsOnly: in 4 x-bins
INFO: (function: generateWithHisto) ToyMCSamplerOpt.cc: 215 -- , in 1 y-bins
INFO: (function: runLimitExpected) AsymptoticLimits.cc: 436 -- Median for expected limits = 84.5 (Sigma for expected limits = 43.113)
INFO: (function: runLimit) AsymptoticLimits.cc: 193 -- NLL at global minimum of data = -76464.4 (r=15.8839)
INFO: (function: runLimit) AsymptoticLimits.cc: 213 -- NLL at global minimum of asimov = -76466.3 (r=0.489927)
INFO: (function: getCLs) AsymptoticLimits.cc: 343 -- At r = 90.631566:	q_mu = 2.37663	q_A  = 4.11551	CLsb = 0.06158	CLb  = 0.68688	CLs  = 0.08965
INFO: (function: getCLs) AsymptoticLimits.cc: 343 -- At r = 181.263132:	q_mu = 5.65943	q_A  = 7.82741	CLsb = 0.00868	CLb  = 0.66232	CLs  = 0.01311
INFO: (function: getCLs) AsymptoticLimits.cc: 343 -- At r = 98.573504:	q_mu = 2.68033	q_A  = 4.47481	CLsb = 0.05080	CLb  = 0.68375	CLs  = 0.07429
INFO: (function: getCLs) AsymptoticLimits.cc: 343 -- At r = 139.918318:	q_mu = 4.21715	q_A  = 6.23297	CLsb = 0.02001	CLb  = 0.67113	CLs  = 0.02981
INFO: (function: getCLs) AsymptoticLimits.cc: 343 -- At r = 121.187467:	q_mu = 3.53169	q_A  = 5.45878	CLsb = 0.03010	CLb  = 0.67621	CLs  = 0.04452
INFO: (function: getCLs) AsymptoticLimits.cc: 343 -- At r = 112.562036:	q_mu = 3.20973	q_A  = 5.09011	CLsb = 0.03660	CLb  = 0.67887	CLs  = 0.05391
INFO: (function: getCLs) AsymptoticLimits.cc: 343 -- At r = 117.002701:	q_mu = 3.37595	q_A  = 5.28091	CLsb = 0.03308	CLb  = 0.67747	CLs  = 0.04882
INFO: (function: getCLs) AsymptoticLimits.cc: 343 -- At r = 115.262069:	q_mu = 3.31091	q_A  = 5.20637	CLsb = 0.03441	CLb  = 0.67802	CLs  = 0.05075
INFO: (function: getCLs) AsymptoticLimits.cc: 343 -- At r = 116.147001:	q_mu = 3.34400	q_A  = 5.24431	CLsb = 0.03373	CLb  = 0.67774	CLs  = 0.04976
INFO: (function: getCLs) AsymptoticLimits.cc: 343 -- At r = 115.798241:	q_mu = 3.33096	q_A  = 5.22937	CLsb = 0.03399	CLb  = 0.67785	CLs  = 0.05015
