INFO: (function: improveOnce) CascadeMinimizer.cc: 188 -- Minimisation configured with Type=Minuit2, Algo=Migrad, strategy=0, tolerance=0.1
INFO: (function: improveOnce) CascadeMinimizer.cc: 211 -- Minimisation finished with status=0
INFO: (function: improveOnce) CascadeMinimizer.cc: 216 -- Minimization success! status=0
INFO: (function: generateAsimov) ToyMCSamplerOpt.cc: 139 -- Using internal logic for binned/unbinned Asimov dataset generation
INFO: (function: generateWithHisto) ToyMCSamplerOpt.cc: 214 -- Generating asimov with histogram for pdf pdf_binfail_LOW_obsOnly: in 6 x-bins
INFO: (function: generateWithHisto) ToyMCSamplerOpt.cc: 215 -- , in 1 y-bins
INFO: (function: generateAsimov) ToyMCSamplerOpt.cc: 139 -- Using internal logic for binned/unbinned Asimov dataset generation
INFO: (function: generateWithHisto) ToyMCSamplerOpt.cc: 214 -- Generating asimov with histogram for pdf pdf_binfail_SIG_obsOnly: in 3 x-bins
INFO: (function: generateWithHisto) ToyMCSamplerOpt.cc: 215 -- , in 1 y-bins
INFO: (function: generateAsimov) ToyMCSamplerOpt.cc: 139 -- Using internal logic for binned/unbinned Asimov dataset generation
INFO: (function: generateWithHisto) ToyMCSamplerOpt.cc: 214 -- Generating asimov with histogram for pdf pdf_binpass_LOW_obsOnly: in 6 x-bins
INFO: (function: generateWithHisto) ToyMCSamplerOpt.cc: 215 -- , in 1 y-bins
INFO: (function: generateAsimov) ToyMCSamplerOpt.cc: 139 -- Using internal logic for binned/unbinned Asimov dataset generation
INFO: (function: generateWithHisto) ToyMCSamplerOpt.cc: 214 -- Generating asimov with histogram for pdf pdf_binpass_SIG_obsOnly: in 3 x-bins
INFO: (function: generateWithHisto) ToyMCSamplerOpt.cc: 215 -- , in 1 y-bins
DEBUG: (function: runLimitExpected) AsymptoticLimits.cc: 423 -- Best fit of asimov dataset is at r = 0.142641 (0.007132 times rMax), while it should be at zero
INFO: (function: runLimitExpected) AsymptoticLimits.cc: 436 -- Median for expected limits = 4000 (Sigma for expected limits = 2040.85)
INFO: (function: runLimit) AsymptoticLimits.cc: 193 -- NLL at global minimum of data = -4.38878e+06 (r=0.0075248)
INFO: (function: runLimit) AsymptoticLimits.cc: 213 -- NLL at global minimum of asimov = -4.38877e+06 (r=6.47047)
INFO: (function: getCLs) AsymptoticLimits.cc: 343 -- At r = 3312.373691:	q_mu = 3.43029	q_A  = 1.03664	CLsb = 0.01413	CLb  = 0.11990	CLs  = 0.11785
INFO: (function: getCLs) AsymptoticLimits.cc: 343 -- At r = 6624.747382:	q_mu = 7.98830	q_A  = 3.66296	CLsb = 0.00117	CLb  = 0.12924	CLs  = 0.00904
INFO: (function: getCLs) AsymptoticLimits.cc: 343 -- At r = 3312.377454:	q_mu = 3.43029	q_A  = 1.03666	CLsb = 0.01413	CLb  = 0.11990	CLs  = 0.11785
INFO: (function: getCLs) AsymptoticLimits.cc: 343 -- At r = 4968.562418:	q_mu = 5.59679	q_A  = 2.19594	CLsb = 0.00428	CLb  = 0.12559	CLs  = 0.03406
INFO: (function: getCLs) AsymptoticLimits.cc: 343 -- At r = 4227.510872:	q_mu = 4.59612	q_A  = 1.63628	CLsb = 0.00742	CLb  = 0.12365	CLs  = 0.06003
INFO: (function: getCLs) AsymptoticLimits.cc: 343 -- At r = 4566.991609:	q_mu = 5.04845	q_A  = 1.88484	CLsb = 0.00578	CLb  = 0.12463	CLs  = 0.04641
INFO: (function: getCLs) AsymptoticLimits.cc: 343 -- At r = 4420.477598:	q_mu = 4.85195	q_A  = 1.77589	CLsb = 0.00645	CLb  = 0.12422	CLs  = 0.05189
INFO: (function: getCLs) AsymptoticLimits.cc: 343 -- At r = 4488.713968:	q_mu = 4.94322	q_A  = 1.82632	CLsb = 0.00613	CLb  = 0.12441	CLs  = 0.04926
INFO: (function: getCLs) AsymptoticLimits.cc: 343 -- At r = 4459.479374:	q_mu = 4.90407	q_A  = 1.80465	CLsb = 0.00626	CLb  = 0.12433	CLs  = 0.05037
INFO: (function: getCLs) AsymptoticLimits.cc: 343 -- At r = 4473.140191:	q_mu = 4.92235	q_A  = 1.81476	CLsb = 0.00620	CLb  = 0.12437	CLs  = 0.04985
