INFO: (function: improveOnce) CascadeMinimizer.cc: 188 -- Minimisation configured with Type=Minuit2, Algo=Migrad, strategy=0, tolerance=0.1
INFO: (function: improveOnce) CascadeMinimizer.cc: 211 -- Minimisation finished with status=0
INFO: (function: improveOnce) CascadeMinimizer.cc: 216 -- Minimization success! status=0
INFO: (function: generateAsimov) ToyMCSamplerOpt.cc: 139 -- Using internal logic for binned/unbinned Asimov dataset generation
INFO: (function: generateWithHisto) ToyMCSamplerOpt.cc: 214 -- Generating asimov with histogram for pdf pdf_binfail_LOW_obsOnly: in 5 x-bins
INFO: (function: generateWithHisto) ToyMCSamplerOpt.cc: 215 -- , in 1 y-bins
INFO: (function: generateAsimov) ToyMCSamplerOpt.cc: 139 -- Using internal logic for binned/unbinned Asimov dataset generation
INFO: (function: generateWithHisto) ToyMCSamplerOpt.cc: 214 -- Generating asimov with histogram for pdf pdf_binfail_SIG_obsOnly: in 4 x-bins
INFO: (function: generateWithHisto) ToyMCSamplerOpt.cc: 215 -- , in 1 y-bins
INFO: (function: generateAsimov) ToyMCSamplerOpt.cc: 139 -- Using internal logic for binned/unbinned Asimov dataset generation
INFO: (function: generateWithHisto) ToyMCSamplerOpt.cc: 214 -- Generating asimov with histogram for pdf pdf_binpass_LOW_obsOnly: in 5 x-bins
INFO: (function: generateWithHisto) ToyMCSamplerOpt.cc: 215 -- , in 1 y-bins
INFO: (function: generateAsimov) ToyMCSamplerOpt.cc: 139 -- Using internal logic for binned/unbinned Asimov dataset generation
INFO: (function: generateWithHisto) ToyMCSamplerOpt.cc: 214 -- Generating asimov with histogram for pdf pdf_binpass_SIG_obsOnly: in 4 x-bins
INFO: (function: generateWithHisto) ToyMCSamplerOpt.cc: 215 -- , in 1 y-bins
INFO: (function: runLimitExpected) AsymptoticLimits.cc: 436 -- Median for expected limits = 1.85156 (Sigma for expected limits = 0.944692)
INFO: (function: runLimit) AsymptoticLimits.cc: 193 -- NLL at global minimum of data = -76455.9 (r=0.384486)
INFO: (function: runLimit) AsymptoticLimits.cc: 213 -- NLL at global minimum of asimov = -76456.4 (r=0.0127362)
INFO: (function: getCLs) AsymptoticLimits.cc: 343 -- At r = 2.249556:	q_mu = 3.13462	q_A  = 4.85054	CLsb = 0.03832	CLb  = 0.66710	CLs  = 0.05745
INFO: (function: getCLs) AsymptoticLimits.cc: 343 -- At r = 4.499113:	q_mu = 8.47825	q_A  = 10.52917	CLsb = 0.00180	CLb  = 0.63048	CLs  = 0.00285
INFO: (function: getCLs) AsymptoticLimits.cc: 343 -- At r = 2.441799:	q_mu = 3.57416	q_A  = 5.34001	CLsb = 0.02934	CLb  = 0.66287	CLs  = 0.04427
INFO: (function: getCLs) AsymptoticLimits.cc: 343 -- At r = 1.413142:	q_mu = 1.35324	q_A  = 2.74987	CLsb = 0.12236	CLb  = 0.68969	CLs  = 0.17741
INFO: (function: getCLs) AsymptoticLimits.cc: 343 -- At r = 1.927471:	q_mu = 2.41890	q_A  = 4.03335	CLsb = 0.05994	CLb  = 0.67474	CLs  = 0.08883
INFO: (function: getCLs) AsymptoticLimits.cc: 343 -- At r = 2.266982:	q_mu = 3.17412	q_A  = 4.89502	CLsb = 0.03741	CLb  = 0.66672	CLs  = 0.05611
INFO: (function: getCLs) AsymptoticLimits.cc: 343 -- At r = 2.369930:	q_mu = 3.40892	q_A  = 5.15698	CLsb = 0.03242	CLb  = 0.66443	CLs  = 0.04880
INFO: (function: getCLs) AsymptoticLimits.cc: 343 -- At r = 2.334977:	q_mu = 3.32894	q_A  = 5.06797	CLsb = 0.03404	CLb  = 0.66519	CLs  = 0.05117
INFO: (function: getCLs) AsymptoticLimits.cc: 343 -- At r = 2.355570:	q_mu = 3.37603	q_A  = 5.12042	CLsb = 0.03308	CLb  = 0.66474	CLs  = 0.04976
INFO: (function: getCLs) AsymptoticLimits.cc: 343 -- At r = 2.348578:	q_mu = 3.36003	q_A  = 5.10262	CLsb = 0.03340	CLb  = 0.66489	CLs  = 0.05023
