INFO: (function: improveOnce) CascadeMinimizer.cc: 188 -- Minimisation configured with Type=Minuit2, Algo=Migrad, strategy=0, tolerance=0.1
INFO: (function: improveOnce) CascadeMinimizer.cc: 211 -- Minimisation finished with status=0
INFO: (function: improveOnce) CascadeMinimizer.cc: 216 -- Minimization success! status=0
INFO: (function: generateAsimov) ToyMCSamplerOpt.cc: 139 -- Using internal logic for binned/unbinned Asimov dataset generation
INFO: (function: generateWithHisto) ToyMCSamplerOpt.cc: 214 -- Generating asimov with histogram for pdf pdf_binfail_LOW_obsOnly: in 6 x-bins
INFO: (function: generateWithHisto) ToyMCSamplerOpt.cc: 215 -- , in 1 y-bins
INFO: (function: generateAsimov) ToyMCSamplerOpt.cc: 139 -- Using internal logic for binned/unbinned Asimov dataset generation
INFO: (function: generateWithHisto) ToyMCSamplerOpt.cc: 214 -- Generating asimov with histogram for pdf pdf_binfail_SIG_obsOnly: in 2 x-bins
INFO: (function: generateWithHisto) ToyMCSamplerOpt.cc: 215 -- , in 1 y-bins
INFO: (function: generateAsimov) ToyMCSamplerOpt.cc: 139 -- Using internal logic for binned/unbinned Asimov dataset generation
INFO: (function: generateWithHisto) ToyMCSamplerOpt.cc: 214 -- Generating asimov with histogram for pdf pdf_binpass_LOW_obsOnly: in 6 x-bins
INFO: (function: generateWithHisto) ToyMCSamplerOpt.cc: 215 -- , in 1 y-bins
INFO: (function: generateAsimov) ToyMCSamplerOpt.cc: 139 -- Using internal logic for binned/unbinned Asimov dataset generation
INFO: (function: generateWithHisto) ToyMCSamplerOpt.cc: 214 -- Generating asimov with histogram for pdf pdf_binpass_SIG_obsOnly: in 2 x-bins
INFO: (function: generateWithHisto) ToyMCSamplerOpt.cc: 215 -- , in 1 y-bins
INFO: (function: runLimitExpected) AsymptoticLimits.cc: 436 -- Median for expected limits = 2336 (Sigma for expected limits = 1191.86)
INFO: (function: runLimit) AsymptoticLimits.cc: 193 -- NLL at global minimum of data = -11000.1 (r=1074.41)
INFO: (function: runLimit) AsymptoticLimits.cc: 213 -- NLL at global minimum of asimov = -11003.1 (r=5.49377)
INFO: (function: getCLs) AsymptoticLimits.cc: 343 -- At r = 4034.307111:	q_mu = 2.72010	q_A  = 6.67955	CLsb = 0.04955	CLb  = 0.82516	CLs  = 0.06004
INFO: (function: getCLs) AsymptoticLimits.cc: 343 -- At r = 8068.614221:	q_mu = 7.20590	q_A  = 12.24839	CLsb = 0.00363	CLb  = 0.79258	CLs  = 0.00458
INFO: (function: getCLs) AsymptoticLimits.cc: 343 -- At r = 4571.510440:	q_mu = 3.34347	q_A  = 7.50982	CLsb = 0.03374	CLb  = 0.81909	CLs  = 0.04119
INFO: (function: getCLs) AsymptoticLimits.cc: 343 -- At r = 2822.958550:	q_mu = 1.34673	q_A  = 4.68325	CLsb = 0.12292	CLb  = 0.84221	CLs  = 0.14595
INFO: (function: getCLs) AsymptoticLimits.cc: 343 -- At r = 4007.424313:	q_mu = 2.68910	q_A  = 6.63717	CLsb = 0.05052	CLb  = 0.82547	CLs  = 0.06120
INFO: (function: getCLs) AsymptoticLimits.cc: 343 -- At r = 4237.744734:	q_mu = 2.95615	q_A  = 6.99776	CLsb = 0.04278	CLb  = 0.82277	CLs  = 0.05199
INFO: (function: getCLs) AsymptoticLimits.cc: 343 -- At r = 4349.235650:	q_mu = 3.08560	q_A  = 7.17017	CLsb = 0.03949	CLb  = 0.82151	CLs  = 0.04807
INFO: (function: getCLs) AsymptoticLimits.cc: 343 -- At r = 4304.503799:	q_mu = 3.03370	q_A  = 7.10117	CLsb = 0.04078	CLb  = 0.82201	CLs  = 0.04961
INFO: (function: getCLs) AsymptoticLimits.cc: 343 -- At r = 4282.134931:	q_mu = 3.00769	q_A  = 7.06657	CLsb = 0.04144	CLb  = 0.82227	CLs  = 0.05039
INFO: (function: getCLs) AsymptoticLimits.cc: 343 -- At r = 4295.483882:	q_mu = 3.02320	q_A  = 7.08722	CLsb = 0.04104	CLb  = 0.82211	CLs  = 0.04992
