INFO: (function: improveOnce) CascadeMinimizer.cc: 188 -- Minimisation configured with Type=Minuit2, Algo=Migrad, strategy=0, tolerance=0.1
INFO: (function: improveOnce) CascadeMinimizer.cc: 211 -- Minimisation finished with status=0
INFO: (function: improveOnce) CascadeMinimizer.cc: 216 -- Minimization success! status=0
INFO: (function: generateAsimov) ToyMCSamplerOpt.cc: 139 -- Using internal logic for binned/unbinned Asimov dataset generation
INFO: (function: generateWithHisto) ToyMCSamplerOpt.cc: 214 -- Generating asimov with histogram for pdf pdf_binfail_LOW_obsOnly: in 6 x-bins
INFO: (function: generateWithHisto) ToyMCSamplerOpt.cc: 215 -- , in 1 y-bins
INFO: (function: generateAsimov) ToyMCSamplerOpt.cc: 139 -- Using internal logic for binned/unbinned Asimov dataset generation
INFO: (function: generateWithHisto) ToyMCSamplerOpt.cc: 214 -- Generating asimov with histogram for pdf pdf_binfail_SIG_obsOnly: in 2 x-bins
INFO: (function: generateWithHisto) ToyMCSamplerOpt.cc: 215 -- , in 1 y-bins
INFO: (function: generateAsimov) ToyMCSamplerOpt.cc: 139 -- Using internal logic for binned/unbinned Asimov dataset generation
INFO: (function: generateWithHisto) ToyMCSamplerOpt.cc: 214 -- Generating asimov with histogram for pdf pdf_binpass_LOW_obsOnly: in 6 x-bins
INFO: (function: generateWithHisto) ToyMCSamplerOpt.cc: 215 -- , in 1 y-bins
INFO: (function: generateAsimov) ToyMCSamplerOpt.cc: 139 -- Using internal logic for binned/unbinned Asimov dataset generation
INFO: (function: generateWithHisto) ToyMCSamplerOpt.cc: 214 -- Generating asimov with histogram for pdf pdf_binpass_SIG_obsOnly: in 2 x-bins
INFO: (function: generateWithHisto) ToyMCSamplerOpt.cc: 215 -- , in 1 y-bins
INFO: (function: runLimitExpected) AsymptoticLimits.cc: 436 -- Median for expected limits = 11 (Sigma for expected limits = 5.61235)
INFO: (function: runLimit) AsymptoticLimits.cc: 193 -- NLL at global minimum of data = -11000 (r=5.27148)
INFO: (function: runLimit) AsymptoticLimits.cc: 213 -- NLL at global minimum of asimov = -11003.1 (r=0.0391674)
INFO: (function: getCLs) AsymptoticLimits.cc: 343 -- At r = 20.356329:	q_mu = 3.16910	q_A  = 7.32117	CLsb = 0.03752	CLb  = 0.82266	CLs  = 0.04561
INFO: (function: getCLs) AsymptoticLimits.cc: 343 -- At r = 12.813906:	q_mu = 1.22652	q_A  = 4.53962	CLsb = 0.13404	CLb  = 0.84688	CLs  = 0.15828
INFO: (function: getCLs) AsymptoticLimits.cc: 343 -- At r = 16.585118:	q_mu = 2.17313	q_A  = 5.96114	CLsb = 0.07022	CLb  = 0.83333	CLs  = 0.08426
INFO: (function: getCLs) AsymptoticLimits.cc: 343 -- At r = 19.150438:	q_mu = 2.84794	q_A  = 6.89298	CLsb = 0.04575	CLb  = 0.82584	CLs  = 0.05539
INFO: (function: getCLs) AsymptoticLimits.cc: 343 -- At r = 19.658938:	q_mu = 2.98316	q_A  = 7.07429	CLsb = 0.04207	CLb  = 0.82448	CLs  = 0.05102
INFO: (function: getCLs) AsymptoticLimits.cc: 343 -- At r = 19.899173:	q_mu = 3.04716	q_A  = 7.15957	CLsb = 0.04044	CLb  = 0.82385	CLs  = 0.04909
INFO: (function: getCLs) AsymptoticLimits.cc: 343 -- At r = 19.759506:	q_mu = 3.00994	q_A  = 7.11002	CLsb = 0.04138	CLb  = 0.82421	CLs  = 0.05020
INFO: (function: getCLs) AsymptoticLimits.cc: 343 -- At r = 19.807515:	q_mu = 3.02273	q_A  = 7.12706	CLsb = 0.04105	CLb  = 0.82409	CLs  = 0.04982
