INFO: (function: improveOnce) CascadeMinimizer.cc: 188 -- Minimisation configured with Type=Minuit2, Algo=Migrad, strategy=0, tolerance=0.1
INFO: (function: improveOnce) CascadeMinimizer.cc: 211 -- Minimisation finished with status=0
INFO: (function: improveOnce) CascadeMinimizer.cc: 216 -- Minimization success! status=0
INFO: (function: generateAsimov) ToyMCSamplerOpt.cc: 139 -- Using internal logic for binned/unbinned Asimov dataset generation
INFO: (function: generateWithHisto) ToyMCSamplerOpt.cc: 214 -- Generating asimov with histogram for pdf pdf_binfail_LOW_obsOnly: in 5 x-bins
INFO: (function: generateWithHisto) ToyMCSamplerOpt.cc: 215 -- , in 1 y-bins
INFO: (function: generateAsimov) ToyMCSamplerOpt.cc: 139 -- Using internal logic for binned/unbinned Asimov dataset generation
INFO: (function: generateWithHisto) ToyMCSamplerOpt.cc: 214 -- Generating asimov with histogram for pdf pdf_binfail_SIG_obsOnly: in 6 x-bins
INFO: (function: generateWithHisto) ToyMCSamplerOpt.cc: 215 -- , in 1 y-bins
INFO: (function: generateAsimov) ToyMCSamplerOpt.cc: 139 -- Using internal logic for binned/unbinned Asimov dataset generation
INFO: (function: generateWithHisto) ToyMCSamplerOpt.cc: 214 -- Generating asimov with histogram for pdf pdf_binpass_LOW_obsOnly: in 5 x-bins
INFO: (function: generateWithHisto) ToyMCSamplerOpt.cc: 215 -- , in 1 y-bins
INFO: (function: generateAsimov) ToyMCSamplerOpt.cc: 139 -- Using internal logic for binned/unbinned Asimov dataset generation
INFO: (function: generateWithHisto) ToyMCSamplerOpt.cc: 214 -- Generating asimov with histogram for pdf pdf_binpass_SIG_obsOnly: in 6 x-bins
INFO: (function: generateWithHisto) ToyMCSamplerOpt.cc: 215 -- , in 1 y-bins
INFO: (function: runLimitExpected) AsymptoticLimits.cc: 436 -- Median for expected limits = 0.00146484 (Sigma for expected limits = 0.000747383)
INFO: (function: runLimit) AsymptoticLimits.cc: 193 -- NLL at global minimum of data = -789241 (r=6.49738e-09)
INFO: (function: runLimit) AsymptoticLimits.cc: 213 -- NLL at global minimum of asimov = -789265 (r=2.89269e-11)
INFO: (function: getCLs) AsymptoticLimits.cc: 343 -- At r = 1.200000:	q_mu = 435.81534	q_A  = 440.57180	CLsb = 0.00000	CLb  = 0.54523	CLs  = 0.00000
INFO: (function: getCLs) AsymptoticLimits.cc: 343 -- At r = 0.600000:	q_mu = 228.00244	q_A  = 232.17767	CLsb = 0.00000	CLb  = 0.55473	CLs  = 0.00000
INFO: (function: getCLs) AsymptoticLimits.cc: 343 -- At r = 0.300000:	q_mu = 129.58257	q_A  = 133.63015	CLsb = 0.00000	CLb  = 0.57002	CLs  = 0.00000
INFO: (function: getCLs) AsymptoticLimits.cc: 343 -- At r = 0.150000:	q_mu = 81.56046	q_A  = 84.52244	CLsb = 0.00000	CLb  = 0.56455	CLs  = 0.00000
INFO: (function: getCLs) AsymptoticLimits.cc: 343 -- At r = 0.075000:	q_mu = 56.41445	q_A  = 58.42993	CLsb = 0.00000	CLb  = 0.55290	CLs  = 0.00000
INFO: (function: getCLs) AsymptoticLimits.cc: 343 -- At r = 0.037500:	q_mu = 39.18859	q_A  = 40.11245	CLsb = 0.00000	CLb  = 0.52924	CLs  = 0.00000
INFO: (function: getCLs) AsymptoticLimits.cc: 343 -- At r = 0.018750:	q_mu = 26.90659	q_A  = 26.84990	CLsb = 0.00000	CLb  = 0.49782	CLs  = 0.00000
INFO: (function: getCLs) AsymptoticLimits.cc: 343 -- At r = 0.009375:	q_mu = 17.75408	q_A  = 17.20113	CLsb = 0.00001	CLb  = 0.47343	CLs  = 0.00003
INFO: (function: getCLs) AsymptoticLimits.cc: 343 -- At r = 0.004688:	q_mu = 11.14861	q_A  = 10.24602	CLsb = 0.00042	CLb  = 0.44394	CLs  = 0.00094
INFO: (function: getCLs) AsymptoticLimits.cc: 343 -- At r = 0.002344:	q_mu = 6.66007	q_A  = 5.59135	CLsb = 0.00479	CLb  = 0.41061	CLs  = 0.01167
INFO: (function: getCLs) AsymptoticLimits.cc: 343 -- At r = 0.001172:	q_mu = 3.79383	q_A  = 2.75059	CLsb = 0.02425	CLb  = 0.37656	CLs  = 0.06439
INFO: (function: getCLs) AsymptoticLimits.cc: 343 -- At r = 0.001758:	q_mu = 5.30149	q_A  = 4.22091	CLsb = 0.01024	CLb  = 0.39628	CLs  = 0.02584
INFO: (function: getCLs) AsymptoticLimits.cc: 343 -- At r = 0.001419:	q_mu = 4.45005	q_A  = 3.38204	CLsb = 0.01661	CLb  = 0.38577	CLs  = 0.04306
