INFO: (function: improveOnce) CascadeMinimizer.cc: 188 -- Minimisation configured with Type=Minuit2, Algo=Migrad, strategy=0, tolerance=0.1
INFO: (function: improveOnce) CascadeMinimizer.cc: 211 -- Minimisation finished with status=0
INFO: (function: improveOnce) CascadeMinimizer.cc: 216 -- Minimization success! status=0
INFO: (function: generateAsimov) ToyMCSamplerOpt.cc: 139 -- Using internal logic for binned/unbinned Asimov dataset generation
INFO: (function: generateWithHisto) ToyMCSamplerOpt.cc: 214 -- Generating asimov with histogram for pdf pdf_binfail_LOW_obsOnly: in 6 x-bins
INFO: (function: generateWithHisto) ToyMCSamplerOpt.cc: 215 -- , in 1 y-bins
INFO: (function: generateAsimov) ToyMCSamplerOpt.cc: 139 -- Using internal logic for binned/unbinned Asimov dataset generation
INFO: (function: generateWithHisto) ToyMCSamplerOpt.cc: 214 -- Generating asimov with histogram for pdf pdf_binfail_SIG_obsOnly: in 2 x-bins
INFO: (function: generateWithHisto) ToyMCSamplerOpt.cc: 215 -- , in 1 y-bins
INFO: (function: generateAsimov) ToyMCSamplerOpt.cc: 139 -- Using internal logic for binned/unbinned Asimov dataset generation
INFO: (function: generateWithHisto) ToyMCSamplerOpt.cc: 214 -- Generating asimov with histogram for pdf pdf_binpass_LOW_obsOnly: in 6 x-bins
INFO: (function: generateWithHisto) ToyMCSamplerOpt.cc: 215 -- , in 1 y-bins
INFO: (function: generateAsimov) ToyMCSamplerOpt.cc: 139 -- Using internal logic for binned/unbinned Asimov dataset generation
INFO: (function: generateWithHisto) ToyMCSamplerOpt.cc: 214 -- Generating asimov with histogram for pdf pdf_binpass_SIG_obsOnly: in 2 x-bins
INFO: (function: generateWithHisto) ToyMCSamplerOpt.cc: 215 -- , in 1 y-bins
INFO: (function: runLimitExpected) AsymptoticLimits.cc: 436 -- Median for expected limits = 4000 (Sigma for expected limits = 2040.85)
DEBUG: (function: findExpectedLimitFromCrossing) AsymptoticLimits.cc: 678 -- fail search for crossing of r between 3984.375000 and 4000.000000
INFO: (function: runLimit) AsymptoticLimits.cc: 193 -- NLL at global minimum of data = -11003.9 (r=4168.97)
INFO: (function: runLimit) AsymptoticLimits.cc: 213 -- NLL at global minimum of asimov = -11004.1 (r=0.00984099)
INFO: (function: getCLs) AsymptoticLimits.cc: 343 -- At r = 14358.249058:	q_mu = 0.00000	q_A  = 2.53632	CLsb = 0.50000	CLb  = 0.94437	CLs  = 0.52945
INFO: (function: getCLs) AsymptoticLimits.cc: 343 -- At r = 28716.498117:	q_mu = 1.17207	q_A  = 5.56724	CLsb = 0.13949	CLb  = 0.89918	CLs  = 0.15513
INFO: (function: getCLs) AsymptoticLimits.cc: 343 -- At r = 57432.996233:	q_mu = 5.11292	q_A  = 10.90413	CLsb = 0.01187	CLb  = 0.85105	CLs  = 0.01395
INFO: (function: getCLs) AsymptoticLimits.cc: 343 -- At r = 30800.981535:	q_mu = 1.44744	q_A  = 5.98914	CLsb = 0.11447	CLb  = 0.89328	CLs  = 0.12814
INFO: (function: getCLs) AsymptoticLimits.cc: 343 -- At r = 44116.988884:	q_mu = 3.27286	q_A  = 8.55211	CLsb = 0.03522	CLb  = 0.86764	CLs  = 0.04059
INFO: (function: getCLs) AsymptoticLimits.cc: 343 -- At r = 39521.736034:	q_mu = 2.63696	q_A  = 7.69286	CLsb = 0.05220	CLb  = 0.87487	CLs  = 0.05967
INFO: (function: getCLs) AsymptoticLimits.cc: 343 -- At r = 42127.464414:	q_mu = 2.99738	q_A  = 8.18324	CLsb = 0.04170	CLb  = 0.87062	CLs  = 0.04790
INFO: (function: getCLs) AsymptoticLimits.cc: 343 -- At r = 41198.546824:	q_mu = 2.86885	q_A  = 8.00938	CLsb = 0.04515	CLb  = 0.87209	CLs  = 0.05178
INFO: (function: getCLs) AsymptoticLimits.cc: 343 -- At r = 41717.494905:	q_mu = 2.94077	q_A  = 8.10662	CLsb = 0.04318	CLb  = 0.87126	CLs  = 0.04957
INFO: (function: getCLs) AsymptoticLimits.cc: 343 -- At r = 41530.827421:	q_mu = 2.91494	q_A  = 8.07169	CLsb = 0.04388	CLb  = 0.87155	CLs  = 0.05035
INFO: (function: getCLs) AsymptoticLimits.cc: 343 -- At r = 41634.416713:	q_mu = 2.92918	q_A  = 8.09113	CLsb = 0.04350	CLb  = 0.87139	CLs  = 0.04992
