INFO: (function: improveOnce) CascadeMinimizer.cc: 188 -- Minimisation configured with Type=Minuit2, Algo=Migrad, strategy=0, tolerance=0.1
INFO: (function: improveOnce) CascadeMinimizer.cc: 211 -- Minimisation finished with status=0
INFO: (function: improveOnce) CascadeMinimizer.cc: 216 -- Minimization success! status=0
INFO: (function: generateAsimov) ToyMCSamplerOpt.cc: 139 -- Using internal logic for binned/unbinned Asimov dataset generation
INFO: (function: generateWithHisto) ToyMCSamplerOpt.cc: 214 -- Generating asimov with histogram for pdf pdf_binfail_LOW_obsOnly: in 6 x-bins
INFO: (function: generateWithHisto) ToyMCSamplerOpt.cc: 215 -- , in 1 y-bins
INFO: (function: generateAsimov) ToyMCSamplerOpt.cc: 139 -- Using internal logic for binned/unbinned Asimov dataset generation
INFO: (function: generateWithHisto) ToyMCSamplerOpt.cc: 214 -- Generating asimov with histogram for pdf pdf_binfail_SIG_obsOnly: in 8 x-bins
INFO: (function: generateWithHisto) ToyMCSamplerOpt.cc: 215 -- , in 1 y-bins
INFO: (function: generateAsimov) ToyMCSamplerOpt.cc: 139 -- Using internal logic for binned/unbinned Asimov dataset generation
INFO: (function: generateWithHisto) ToyMCSamplerOpt.cc: 214 -- Generating asimov with histogram for pdf pdf_binpass_LOW_obsOnly: in 6 x-bins
INFO: (function: generateWithHisto) ToyMCSamplerOpt.cc: 215 -- , in 1 y-bins
INFO: (function: generateAsimov) ToyMCSamplerOpt.cc: 139 -- Using internal logic for binned/unbinned Asimov dataset generation
INFO: (function: generateWithHisto) ToyMCSamplerOpt.cc: 214 -- Generating asimov with histogram for pdf pdf_binpass_SIG_obsOnly: in 8 x-bins
INFO: (function: generateWithHisto) ToyMCSamplerOpt.cc: 215 -- , in 1 y-bins
INFO: (function: runLimitExpected) AsymptoticLimits.cc: 436 -- Median for expected limits = 0.992188 (Sigma for expected limits = 0.506227)
INFO: (function: runLimit) AsymptoticLimits.cc: 193 -- NLL at global minimum of data = -777261 (r=3.38437e-06)
INFO: (function: runLimit) AsymptoticLimits.cc: 213 -- NLL at global minimum of asimov = -777248 (r=1.11022e-14)
INFO: (function: getCLs) AsymptoticLimits.cc: 343 -- At r = 1.200003:	q_mu = 5.96890	q_A  = 4.64982	CLsb = 0.00690	CLb  = 0.37986	CLs  = 0.01818
INFO: (function: getCLs) AsymptoticLimits.cc: 343 -- At r = 0.600003:	q_mu = 3.25437	q_A  = 2.25331	CLsb = 0.03329	CLb  = 0.36940	CLs  = 0.09011
INFO: (function: getCLs) AsymptoticLimits.cc: 343 -- At r = 0.896603:	q_mu = 4.64811	q_A  = 3.46594	CLsb = 0.01466	CLb  = 0.37543	CLs  = 0.03904
INFO: (function: getCLs) AsymptoticLimits.cc: 343 -- At r = 0.767111:	q_mu = 4.05365	q_A  = 2.94275	CLsb = 0.02071	CLb  = 0.37305	CLs  = 0.05552
INFO: (function: getCLs) AsymptoticLimits.cc: 343 -- At r = 0.823839:	q_mu = 4.31657	q_A  = 3.17325	CLsb = 0.01776	CLb  = 0.37414	CLs  = 0.04748
INFO: (function: getCLs) AsymptoticLimits.cc: 343 -- At r = 0.797504:	q_mu = 4.19501	q_A  = 3.06650	CLsb = 0.01907	CLb  = 0.37364	CLs  = 0.05104
INFO: (function: getCLs) AsymptoticLimits.cc: 343 -- At r = 0.808756:	q_mu = 4.24705	q_A  = 3.11216	CLsb = 0.01850	CLb  = 0.37386	CLs  = 0.04948
INFO: (function: getCLs) AsymptoticLimits.cc: 343 -- At r = 0.803471:	q_mu = 4.22263	q_A  = 3.09072	CLsb = 0.01876	CLb  = 0.37376	CLs  = 0.05020
INFO: (function: getCLs) AsymptoticLimits.cc: 343 -- At r = 0.805717:	q_mu = 4.23302	q_A  = 3.09984	CLsb = 0.01865	CLb  = 0.37380	CLs  = 0.04990
