INFO: (function: improveOnce) CascadeMinimizer.cc: 188 -- Minimisation configured with Type=Minuit2, Algo=Migrad, strategy=0, tolerance=0.1
INFO: (function: improveOnce) CascadeMinimizer.cc: 211 -- Minimisation finished with status=0
INFO: (function: improveOnce) CascadeMinimizer.cc: 216 -- Minimization success! status=0
INFO: (function: generateAsimov) ToyMCSamplerOpt.cc: 139 -- Using internal logic for binned/unbinned Asimov dataset generation
INFO: (function: generateWithHisto) ToyMCSamplerOpt.cc: 214 -- Generating asimov with histogram for pdf pdf_binfail_LOW_obsOnly: in 5 x-bins
INFO: (function: generateWithHisto) ToyMCSamplerOpt.cc: 215 -- , in 1 y-bins
INFO: (function: generateAsimov) ToyMCSamplerOpt.cc: 139 -- Using internal logic for binned/unbinned Asimov dataset generation
INFO: (function: generateWithHisto) ToyMCSamplerOpt.cc: 214 -- Generating asimov with histogram for pdf pdf_binfail_SIG_obsOnly: in 6 x-bins
INFO: (function: generateWithHisto) ToyMCSamplerOpt.cc: 215 -- , in 1 y-bins
INFO: (function: generateAsimov) ToyMCSamplerOpt.cc: 139 -- Using internal logic for binned/unbinned Asimov dataset generation
INFO: (function: generateWithHisto) ToyMCSamplerOpt.cc: 214 -- Generating asimov with histogram for pdf pdf_binpass_LOW_obsOnly: in 5 x-bins
INFO: (function: generateWithHisto) ToyMCSamplerOpt.cc: 215 -- , in 1 y-bins
INFO: (function: generateAsimov) ToyMCSamplerOpt.cc: 139 -- Using internal logic for binned/unbinned Asimov dataset generation
INFO: (function: generateWithHisto) ToyMCSamplerOpt.cc: 214 -- Generating asimov with histogram for pdf pdf_binpass_SIG_obsOnly: in 6 x-bins
INFO: (function: generateWithHisto) ToyMCSamplerOpt.cc: 215 -- , in 1 y-bins
INFO: (function: runLimitExpected) AsymptoticLimits.cc: 436 -- Median for expected limits = 264 (Sigma for expected limits = 134.696)
INFO: (function: runLimit) AsymptoticLimits.cc: 193 -- NLL at global minimum of data = -985576 (r=1.80776e-06)
INFO: (function: runLimit) AsymptoticLimits.cc: 213 -- NLL at global minimum of asimov = -985572 (r=1.97451e-12)
INFO: (function: getCLs) AsymptoticLimits.cc: 343 -- At r = 48.504134:	q_mu = 2.05220	q_A  = 1.18565	CLsb = 0.06854	CLb  = 0.34535	CLs  = 0.19845
INFO: (function: getCLs) AsymptoticLimits.cc: 343 -- At r = 97.008269:	q_mu = 3.06728	q_A  = 2.04238	CLsb = 0.03691	CLb  = 0.35996	CLs  = 0.10255
INFO: (function: getCLs) AsymptoticLimits.cc: 343 -- At r = 194.016538:	q_mu = 4.37622	q_A  = 3.21102	CLsb = 0.01713	CLb  = 0.37254	CLs  = 0.04597
INFO: (function: getCLs) AsymptoticLimits.cc: 343 -- At r = 97.008270:	q_mu = 3.06728	q_A  = 2.04249	CLsb = 0.03691	CLb  = 0.35997	CLs  = 0.10254
INFO: (function: getCLs) AsymptoticLimits.cc: 343 -- At r = 166.495000:	q_mu = 4.06122	q_A  = 2.92537	CLsb = 0.02055	CLb  = 0.36993	CLs  = 0.05556
INFO: (function: getCLs) AsymptoticLimits.cc: 343 -- At r = 178.758373:	q_mu = 4.20573	q_A  = 3.05625	CLsb = 0.01890	CLb  = 0.37117	CLs  = 0.05093
INFO: (function: getCLs) AsymptoticLimits.cc: 343 -- At r = 183.999567:	q_mu = 4.26543	q_A  = 3.11041	CLsb = 0.01826	CLb  = 0.37166	CLs  = 0.04913
INFO: (function: getCLs) AsymptoticLimits.cc: 343 -- At r = 180.901999:	q_mu = 4.23029	q_A  = 3.07853	CLsb = 0.01864	CLb  = 0.37137	CLs  = 0.05018
INFO: (function: getCLs) AsymptoticLimits.cc: 343 -- At r = 181.940817:	q_mu = 4.24212	q_A  = 3.08926	CLsb = 0.01851	CLb  = 0.37147	CLs  = 0.04982
INFO: (function: getCLs) AsymptoticLimits.cc: 343 -- At r = 181.319548:	q_mu = 4.23505	q_A  = 3.08285	CLsb = 0.01858	CLb  = 0.37141	CLs  = 0.05004
