INFO: (function: improveOnce) CascadeMinimizer.cc: 188 -- Minimisation configured with Type=Minuit2, Algo=Migrad, strategy=0, tolerance=0.1
INFO: (function: improveOnce) CascadeMinimizer.cc: 211 -- Minimisation finished with status=0
INFO: (function: improveOnce) CascadeMinimizer.cc: 216 -- Minimization success! status=0
INFO: (function: generateAsimov) ToyMCSamplerOpt.cc: 139 -- Using internal logic for binned/unbinned Asimov dataset generation
INFO: (function: generateWithHisto) ToyMCSamplerOpt.cc: 214 -- Generating asimov with histogram for pdf pdf_binfail_LOW_obsOnly: in 5 x-bins
INFO: (function: generateWithHisto) ToyMCSamplerOpt.cc: 215 -- , in 1 y-bins
INFO: (function: generateAsimov) ToyMCSamplerOpt.cc: 139 -- Using internal logic for binned/unbinned Asimov dataset generation
INFO: (function: generateWithHisto) ToyMCSamplerOpt.cc: 214 -- Generating asimov with histogram for pdf pdf_binfail_SIG_obsOnly: in 4 x-bins
INFO: (function: generateWithHisto) ToyMCSamplerOpt.cc: 215 -- , in 1 y-bins
INFO: (function: generateAsimov) ToyMCSamplerOpt.cc: 139 -- Using internal logic for binned/unbinned Asimov dataset generation
INFO: (function: generateWithHisto) ToyMCSamplerOpt.cc: 214 -- Generating asimov with histogram for pdf pdf_binpass_LOW_obsOnly: in 5 x-bins
INFO: (function: generateWithHisto) ToyMCSamplerOpt.cc: 215 -- , in 1 y-bins
INFO: (function: generateAsimov) ToyMCSamplerOpt.cc: 139 -- Using internal logic for binned/unbinned Asimov dataset generation
INFO: (function: generateWithHisto) ToyMCSamplerOpt.cc: 214 -- Generating asimov with histogram for pdf pdf_binpass_SIG_obsOnly: in 4 x-bins
INFO: (function: generateWithHisto) ToyMCSamplerOpt.cc: 215 -- , in 1 y-bins
INFO: (function: runLimitExpected) AsymptoticLimits.cc: 436 -- Median for expected limits = 0.419922 (Sigma for expected limits = 0.21425)
INFO: (function: runLimit) AsymptoticLimits.cc: 193 -- NLL at global minimum of data = -76474.7 (r=0.0976708)
INFO: (function: runLimit) AsymptoticLimits.cc: 213 -- NLL at global minimum of asimov = -76477.9 (r=0.000374797)
INFO: (function: getCLs) AsymptoticLimits.cc: 343 -- At r = 1.297671:	q_mu = 10.99385	q_A  = 13.96238	CLsb = 0.00046	CLb  = 0.66310	CLs  = 0.00069
INFO: (function: getCLs) AsymptoticLimits.cc: 343 -- At r = 0.697671:	q_mu = 4.68144	q_A  = 7.03323	CLsb = 0.01525	CLb  = 0.68735	CLs  = 0.02218
INFO: (function: getCLs) AsymptoticLimits.cc: 343 -- At r = 0.397671:	q_mu = 1.79946	q_A  = 3.58915	CLsb = 0.08989	CLb  = 0.70989	CLs  = 0.12662
INFO: (function: getCLs) AsymptoticLimits.cc: 343 -- At r = 0.525685:	q_mu = 2.97941	q_A  = 5.04634	CLsb = 0.04217	CLb  = 0.69858	CLs  = 0.06036
INFO: (function: getCLs) AsymptoticLimits.cc: 343 -- At r = 0.585958:	q_mu = 3.56432	q_A  = 5.74019	CLsb = 0.02952	CLb  = 0.69425	CLs  = 0.04252
INFO: (function: getCLs) AsymptoticLimits.cc: 343 -- At r = 0.551593:	q_mu = 3.22900	q_A  = 5.34415	CLsb = 0.03617	CLb  = 0.69665	CLs  = 0.05192
INFO: (function: getCLs) AsymptoticLimits.cc: 343 -- At r = 0.563657:	q_mu = 3.34619	q_A  = 5.48306	CLsb = 0.03368	CLb  = 0.69579	CLs  = 0.04841
INFO: (function: getCLs) AsymptoticLimits.cc: 343 -- At r = 0.556786:	q_mu = 3.27937	q_A  = 5.40392	CLsb = 0.03508	CLb  = 0.69628	CLs  = 0.05038
INFO: (function: getCLs) AsymptoticLimits.cc: 343 -- At r = 0.559199:	q_mu = 3.30282	q_A  = 5.43171	CLsb = 0.03458	CLb  = 0.69611	CLs  = 0.04968
INFO: (function: getCLs) AsymptoticLimits.cc: 343 -- At r = 0.557825:	q_mu = 3.28946	q_A  = 5.41589	CLsb = 0.03486	CLb  = 0.69621	CLs  = 0.05008
