INFO: (function: improveOnce) CascadeMinimizer.cc: 188 -- Minimisation configured with Type=Minuit2, Algo=Migrad, strategy=0, tolerance=0.1
INFO: (function: improveOnce) CascadeMinimizer.cc: 211 -- Minimisation finished with status=0
INFO: (function: improveOnce) CascadeMinimizer.cc: 216 -- Minimization success! status=0
INFO: (function: generateAsimov) ToyMCSamplerOpt.cc: 139 -- Using internal logic for binned/unbinned Asimov dataset generation
INFO: (function: generateWithHisto) ToyMCSamplerOpt.cc: 214 -- Generating asimov with histogram for pdf pdf_binfail_LOW_obsOnly: in 5 x-bins
INFO: (function: generateWithHisto) ToyMCSamplerOpt.cc: 215 -- , in 1 y-bins
INFO: (function: generateAsimov) ToyMCSamplerOpt.cc: 139 -- Using internal logic for binned/unbinned Asimov dataset generation
INFO: (function: generateWithHisto) ToyMCSamplerOpt.cc: 214 -- Generating asimov with histogram for pdf pdf_binfail_SIG_obsOnly: in 4 x-bins
INFO: (function: generateWithHisto) ToyMCSamplerOpt.cc: 215 -- , in 1 y-bins
INFO: (function: generateAsimov) ToyMCSamplerOpt.cc: 139 -- Using internal logic for binned/unbinned Asimov dataset generation
INFO: (function: generateWithHisto) ToyMCSamplerOpt.cc: 214 -- Generating asimov with histogram for pdf pdf_binpass_LOW_obsOnly: in 5 x-bins
INFO: (function: generateWithHisto) ToyMCSamplerOpt.cc: 215 -- , in 1 y-bins
INFO: (function: generateAsimov) ToyMCSamplerOpt.cc: 139 -- Using internal logic for binned/unbinned Asimov dataset generation
INFO: (function: generateWithHisto) ToyMCSamplerOpt.cc: 214 -- Generating asimov with histogram for pdf pdf_binpass_SIG_obsOnly: in 4 x-bins
INFO: (function: generateWithHisto) ToyMCSamplerOpt.cc: 215 -- , in 1 y-bins
INFO: (function: runLimitExpected) AsymptoticLimits.cc: 436 -- Median for expected limits = 6.59375 (Sigma for expected limits = 3.36422)
INFO: (function: runLimit) AsymptoticLimits.cc: 193 -- NLL at global minimum of data = -76464.6 (r=1.56376)
INFO: (function: runLimit) AsymptoticLimits.cc: 213 -- NLL at global minimum of asimov = -76466.3 (r=0.0450633)
INFO: (function: getCLs) AsymptoticLimits.cc: 343 -- At r = 8.687237:	q_mu = 3.25583	q_A  = 5.40490	CLsb = 0.03558	CLb  = 0.69863	CLs  = 0.05094
INFO: (function: getCLs) AsymptoticLimits.cc: 343 -- At r = 17.374474:	q_mu = 9.34298	q_A  = 12.24215	CLsb = 0.00112	CLb  = 0.67085	CLs  = 0.00167
INFO: (function: getCLs) AsymptoticLimits.cc: 343 -- At r = 9.469119:	q_mu = 3.76217	q_A  = 6.00335	CLsb = 0.02621	CLb  = 0.69516	CLs  = 0.03771
INFO: (function: getCLs) AsymptoticLimits.cc: 343 -- At r = 5.516441:	q_mu = 1.37639	q_A  = 3.04932	CLsb = 0.12036	CLb  = 0.71669	CLs  = 0.16794
INFO: (function: getCLs) AsymptoticLimits.cc: 343 -- At r = 7.492780:	q_mu = 2.50984	q_A  = 4.50198	CLsb = 0.05657	CLb  = 0.70455	CLs  = 0.08029
INFO: (function: getCLs) AsymptoticLimits.cc: 343 -- At r = 8.483545:	q_mu = 3.12610	q_A  = 5.24989	CLsb = 0.03852	CLb  = 0.69958	CLs  = 0.05507
INFO: (function: getCLs) AsymptoticLimits.cc: 343 -- At r = 8.881637:	q_mu = 3.38052	q_A  = 5.55320	CLsb = 0.03299	CLb  = 0.69774	CLs  = 0.04728
INFO: (function: getCLs) AsymptoticLimits.cc: 343 -- At r = 8.685046:	q_mu = 3.25443	q_A  = 5.40323	CLsb = 0.03562	CLb  = 0.69864	CLs  = 0.05098
INFO: (function: getCLs) AsymptoticLimits.cc: 343 -- At r = 8.764774:	q_mu = 3.30547	q_A  = 5.46401	CLsb = 0.03452	CLb  = 0.69827	CLs  = 0.04944
INFO: (function: getCLs) AsymptoticLimits.cc: 343 -- At r = 8.725478:	q_mu = 3.28029	q_A  = 5.43405	CLsb = 0.03506	CLb  = 0.69845	CLs  = 0.05019
