INFO: (function: improveOnce) CascadeMinimizer.cc: 188 -- Minimisation configured with Type=Minuit2, Algo=Migrad, strategy=0, tolerance=0.1
INFO: (function: improveOnce) CascadeMinimizer.cc: 211 -- Minimisation finished with status=0
INFO: (function: improveOnce) CascadeMinimizer.cc: 216 -- Minimization success! status=0
INFO: (function: generateAsimov) ToyMCSamplerOpt.cc: 139 -- Using internal logic for binned/unbinned Asimov dataset generation
INFO: (function: generateWithHisto) ToyMCSamplerOpt.cc: 214 -- Generating asimov with histogram for pdf pdf_binfail_LOW_obsOnly: in 5 x-bins
INFO: (function: generateWithHisto) ToyMCSamplerOpt.cc: 215 -- , in 1 y-bins
INFO: (function: generateAsimov) ToyMCSamplerOpt.cc: 139 -- Using internal logic for binned/unbinned Asimov dataset generation
INFO: (function: generateWithHisto) ToyMCSamplerOpt.cc: 214 -- Generating asimov with histogram for pdf pdf_binfail_SIG_obsOnly: in 4 x-bins
INFO: (function: generateWithHisto) ToyMCSamplerOpt.cc: 215 -- , in 1 y-bins
INFO: (function: generateAsimov) ToyMCSamplerOpt.cc: 139 -- Using internal logic for binned/unbinned Asimov dataset generation
INFO: (function: generateWithHisto) ToyMCSamplerOpt.cc: 214 -- Generating asimov with histogram for pdf pdf_binpass_LOW_obsOnly: in 5 x-bins
INFO: (function: generateWithHisto) ToyMCSamplerOpt.cc: 215 -- , in 1 y-bins
INFO: (function: generateAsimov) ToyMCSamplerOpt.cc: 139 -- Using internal logic for binned/unbinned Asimov dataset generation
INFO: (function: generateWithHisto) ToyMCSamplerOpt.cc: 214 -- Generating asimov with histogram for pdf pdf_binpass_SIG_obsOnly: in 4 x-bins
INFO: (function: generateWithHisto) ToyMCSamplerOpt.cc: 215 -- , in 1 y-bins
INFO: (function: runLimitExpected) AsymptoticLimits.cc: 436 -- Median for expected limits = 0.00341797 (Sigma for expected limits = 0.00174389)
INFO: (function: runLimit) AsymptoticLimits.cc: 193 -- NLL at global minimum of data = -78254.3 (r=0.000739297)
INFO: (function: runLimit) AsymptoticLimits.cc: 213 -- NLL at global minimum of asimov = -78260 (r=4.32865e-11)
INFO: (function: getCLs) AsymptoticLimits.cc: 343 -- At r = 1.200739:	q_mu = 1033.04928	q_A  = 1035.83717	CLsb = 0.00000	CLb  = 0.51728	CLs  = 0.00000
INFO: (function: getCLs) AsymptoticLimits.cc: 343 -- At r = 0.600739:	q_mu = 595.27535	q_A  = 600.25873	CLsb = 0.00000	CLb  = 0.54059	CLs  = 0.00000
INFO: (function: getCLs) AsymptoticLimits.cc: 343 -- At r = 0.300739:	q_mu = 339.72342	q_A  = 345.92813	CLsb = 0.00000	CLb  = 0.56653	CLs  = 0.00000
INFO: (function: getCLs) AsymptoticLimits.cc: 343 -- At r = 0.150739:	q_mu = 193.55930	q_A  = 199.18508	CLsb = 0.00000	CLb  = 0.57955	CLs  = 0.00000
INFO: (function: getCLs) AsymptoticLimits.cc: 343 -- At r = 0.075739:	q_mu = 119.98137	q_A  = 109.89454	CLsb = 0.00000	CLb  = 0.31522	CLs  = 0.00000
INFO: (function: getCLs) AsymptoticLimits.cc: 343 -- At r = 0.038239:	q_mu = 58.59229	q_A  = 58.18735	CLsb = 0.00000	CLb  = 0.48941	CLs  = 0.00000
INFO: (function: getCLs) AsymptoticLimits.cc: 343 -- At r = 0.019489:	q_mu = 27.52550	q_A  = 29.83055	CLsb = 0.00000	CLb  = 0.58522	CLs  = 0.00000
INFO: (function: getCLs) AsymptoticLimits.cc: 343 -- At r = 0.010114:	q_mu = 12.30381	q_A  = 14.93650	CLsb = 0.00023	CLb  = 0.63949	CLs  = 0.00035
INFO: (function: getCLs) AsymptoticLimits.cc: 343 -- At r = 0.005427:	q_mu = 4.98141	q_A  = 7.39500	CLsb = 0.01281	CLb  = 0.68704	CLs  = 0.01865
INFO: (function: getCLs) AsymptoticLimits.cc: 343 -- At r = 0.003083:	q_mu = 1.90293	q_A  = 3.73364	CLsb = 0.08388	CLb  = 0.70980	CLs  = 0.11817
INFO: (function: getCLs) AsymptoticLimits.cc: 343 -- At r = 0.004425:	q_mu = 3.61142	q_A  = 5.81198	CLsb = 0.02869	CLb  = 0.69513	CLs  = 0.04128
INFO: (function: getCLs) AsymptoticLimits.cc: 343 -- At r = 0.003961:	q_mu = 3.00020	q_A  = 5.08622	CLsb = 0.04163	CLb  = 0.69957	CLs  = 0.05950
INFO: (function: getCLs) AsymptoticLimits.cc: 343 -- At r = 0.004231:	q_mu = 3.35294	q_A  = 5.50682	CLsb = 0.03354	CLb  = 0.69692	CLs  = 0.04813
