INFO: (function: improveOnce) CascadeMinimizer.cc: 188 -- Minimisation configured with Type=Minuit2, Algo=Migrad, strategy=0, tolerance=0.1
INFO: (function: improveOnce) CascadeMinimizer.cc: 211 -- Minimisation finished with status=0
INFO: (function: improveOnce) CascadeMinimizer.cc: 216 -- Minimization success! status=0
INFO: (function: generateAsimov) ToyMCSamplerOpt.cc: 139 -- Using internal logic for binned/unbinned Asimov dataset generation
INFO: (function: generateWithHisto) ToyMCSamplerOpt.cc: 214 -- Generating asimov with histogram for pdf pdf_binfail_LOW_obsOnly: in 5 x-bins
INFO: (function: generateWithHisto) ToyMCSamplerOpt.cc: 215 -- , in 1 y-bins
INFO: (function: generateAsimov) ToyMCSamplerOpt.cc: 139 -- Using internal logic for binned/unbinned Asimov dataset generation
INFO: (function: generateWithHisto) ToyMCSamplerOpt.cc: 214 -- Generating asimov with histogram for pdf pdf_binfail_SIG_obsOnly: in 8 x-bins
INFO: (function: generateWithHisto) ToyMCSamplerOpt.cc: 215 -- , in 1 y-bins
INFO: (function: generateAsimov) ToyMCSamplerOpt.cc: 139 -- Using internal logic for binned/unbinned Asimov dataset generation
INFO: (function: generateWithHisto) ToyMCSamplerOpt.cc: 214 -- Generating asimov with histogram for pdf pdf_binpass_LOW_obsOnly: in 5 x-bins
INFO: (function: generateWithHisto) ToyMCSamplerOpt.cc: 215 -- , in 1 y-bins
INFO: (function: generateAsimov) ToyMCSamplerOpt.cc: 139 -- Using internal logic for binned/unbinned Asimov dataset generation
INFO: (function: generateWithHisto) ToyMCSamplerOpt.cc: 214 -- Generating asimov with histogram for pdf pdf_binpass_SIG_obsOnly: in 8 x-bins
INFO: (function: generateWithHisto) ToyMCSamplerOpt.cc: 215 -- , in 1 y-bins
INFO: (function: runLimitExpected) AsymptoticLimits.cc: 436 -- Median for expected limits = 0.914062 (Sigma for expected limits = 0.466367)
INFO: (function: runLimit) AsymptoticLimits.cc: 193 -- NLL at global minimum of data = -737506 (r=8.94006e-10)
INFO: (function: runLimit) AsymptoticLimits.cc: 213 -- NLL at global minimum of asimov = -737499 (r=5.4623e-13)
INFO: (function: getCLs) AsymptoticLimits.cc: 343 -- At r = 1.200000:	q_mu = 6.09740	q_A  = 4.83676	CLsb = 0.00646	CLb  = 0.38721	CLs  = 0.01669
INFO: (function: getCLs) AsymptoticLimits.cc: 343 -- At r = 0.600000:	q_mu = 3.64603	q_A  = 2.62486	CLsb = 0.02648	CLb  = 0.37633	CLs  = 0.07036
INFO: (function: getCLs) AsymptoticLimits.cc: 343 -- At r = 0.833944:	q_mu = 4.68643	q_A  = 3.54815	CLsb = 0.01442	CLb  = 0.38127	CLs  = 0.03781
INFO: (function: getCLs) AsymptoticLimits.cc: 343 -- At r = 0.702930:	q_mu = 4.12009	q_A  = 3.04153	CLsb = 0.02003	CLb  = 0.37858	CLs  = 0.05290
INFO: (function: getCLs) AsymptoticLimits.cc: 343 -- At r = 0.746712:	q_mu = 4.31354	q_A  = 3.21379	CLsb = 0.01789	CLb  = 0.37952	CLs  = 0.04714
INFO: (function: getCLs) AsymptoticLimits.cc: 343 -- At r = 0.728796:	q_mu = 4.23495	q_A  = 3.14374	CLsb = 0.01873	CLb  = 0.37915	CLs  = 0.04939
INFO: (function: getCLs) AsymptoticLimits.cc: 343 -- At r = 0.719932:	q_mu = 4.19576	q_A  = 3.10891	CLsb = 0.01916	CLb  = 0.37896	CLs  = 0.05056
INFO: (function: getCLs) AsymptoticLimits.cc: 343 -- At r = 0.725083:	q_mu = 4.21858	q_A  = 3.12907	CLsb = 0.01891	CLb  = 0.37906	CLs  = 0.04988
INFO: (function: getCLs) AsymptoticLimits.cc: 343 -- At r = 0.723309:	q_mu = 4.21070	q_A  = 3.12221	CLsb = 0.01899	CLb  = 0.37904	CLs  = 0.05011
