INFO: (function: improveOnce) CascadeMinimizer.cc: 188 -- Minimisation configured with Type=Minuit2, Algo=Migrad, strategy=0, tolerance=0.1
INFO: (function: improveOnce) CascadeMinimizer.cc: 211 -- Minimisation finished with status=0
INFO: (function: improveOnce) CascadeMinimizer.cc: 216 -- Minimization success! status=0
INFO: (function: generateAsimov) ToyMCSamplerOpt.cc: 139 -- Using internal logic for binned/unbinned Asimov dataset generation
INFO: (function: generateWithHisto) ToyMCSamplerOpt.cc: 214 -- Generating asimov with histogram for pdf pdf_binfail_LOW_obsOnly: in 5 x-bins
INFO: (function: generateWithHisto) ToyMCSamplerOpt.cc: 215 -- , in 1 y-bins
INFO: (function: generateAsimov) ToyMCSamplerOpt.cc: 139 -- Using internal logic for binned/unbinned Asimov dataset generation
INFO: (function: generateWithHisto) ToyMCSamplerOpt.cc: 214 -- Generating asimov with histogram for pdf pdf_binfail_SIG_obsOnly: in 3 x-bins
INFO: (function: generateWithHisto) ToyMCSamplerOpt.cc: 215 -- , in 1 y-bins
INFO: (function: generateAsimov) ToyMCSamplerOpt.cc: 139 -- Using internal logic for binned/unbinned Asimov dataset generation
INFO: (function: generateWithHisto) ToyMCSamplerOpt.cc: 214 -- Generating asimov with histogram for pdf pdf_binpass_LOW_obsOnly: in 5 x-bins
INFO: (function: generateWithHisto) ToyMCSamplerOpt.cc: 215 -- , in 1 y-bins
INFO: (function: generateAsimov) ToyMCSamplerOpt.cc: 139 -- Using internal logic for binned/unbinned Asimov dataset generation
INFO: (function: generateWithHisto) ToyMCSamplerOpt.cc: 214 -- Generating asimov with histogram for pdf pdf_binpass_SIG_obsOnly: in 3 x-bins
INFO: (function: generateWithHisto) ToyMCSamplerOpt.cc: 215 -- , in 1 y-bins
INFO: (function: runLimitExpected) AsymptoticLimits.cc: 436 -- Median for expected limits = 0.00830078 (Sigma for expected limits = 0.00423517)
INFO: (function: runLimit) AsymptoticLimits.cc: 193 -- NLL at global minimum of data = -14881.7 (r=1.27173e-10)
INFO: (function: runLimit) AsymptoticLimits.cc: 213 -- NLL at global minimum of asimov = -14879.8 (r=2.47247e-12)
INFO: (function: getCLs) AsymptoticLimits.cc: 343 -- At r = 1.200000:	q_mu = 572.13313	q_A  = 571.42979	CLsb = 0.00000	CLb  = 0.49413	CLs  = 0.00000
INFO: (function: getCLs) AsymptoticLimits.cc: 343 -- At r = 0.600000:	q_mu = 312.94806	q_A  = 312.73542	CLsb = 0.00000	CLb  = 0.49760	CLs  = 0.00000
INFO: (function: getCLs) AsymptoticLimits.cc: 343 -- At r = 0.300000:	q_mu = 177.00957	q_A  = 177.00233	CLsb = 0.00000	CLb  = 0.49989	CLs  = 0.00000
INFO: (function: getCLs) AsymptoticLimits.cc: 343 -- At r = 0.150000:	q_mu = 98.47471	q_A  = 98.38559	CLsb = 0.00000	CLb  = 0.49821	CLs  = 0.00000
INFO: (function: getCLs) AsymptoticLimits.cc: 343 -- At r = 0.075000:	q_mu = 50.73807	q_A  = 50.45220	CLsb = 0.00000	CLb  = 0.49197	CLs  = 0.00000
INFO: (function: getCLs) AsymptoticLimits.cc: 343 -- At r = 0.037500:	q_mu = 24.20663	q_A  = 23.68774	CLsb = 0.00000	CLb  = 0.47874	CLs  = 0.00000
INFO: (function: getCLs) AsymptoticLimits.cc: 343 -- At r = 0.018750:	q_mu = 11.01421	q_A  = 10.19469	CLsb = 0.00045	CLb  = 0.44894	CLs  = 0.00100
INFO: (function: getCLs) AsymptoticLimits.cc: 343 -- At r = 0.009375:	q_mu = 5.32915	q_A  = 4.38648	CLsb = 0.01019	CLb  = 0.41097	CLs  = 0.02478
INFO: (function: getCLs) AsymptoticLimits.cc: 343 -- At r = 0.004688:	q_mu = 2.62959	q_A  = 1.82922	CLsb = 0.04964	CLb  = 0.38366	CLs  = 0.12938
INFO: (function: getCLs) AsymptoticLimits.cc: 343 -- At r = 0.006845:	q_mu = 3.86840	q_A  = 2.98122	CLsb = 0.02365	CLb  = 0.39862	CLs  = 0.05934
INFO: (function: getCLs) AsymptoticLimits.cc: 343 -- At r = 0.007748:	q_mu = 4.38890	q_A  = 3.47798	CLsb = 0.01747	CLb  = 0.40353	CLs  = 0.04328
INFO: (function: getCLs) AsymptoticLimits.cc: 343 -- At r = 0.007237:	q_mu = 4.09427	q_A  = 3.19608	CLsb = 0.02073	CLb  = 0.40083	CLs  = 0.05171
