INFO: (function: improveOnce) CascadeMinimizer.cc: 188 -- Minimisation configured with Type=Minuit2, Algo=Migrad, strategy=0, tolerance=0.1
INFO: (function: improveOnce) CascadeMinimizer.cc: 211 -- Minimisation finished with status=0
INFO: (function: improveOnce) CascadeMinimizer.cc: 216 -- Minimization success! status=0
INFO: (function: generateAsimov) ToyMCSamplerOpt.cc: 139 -- Using internal logic for binned/unbinned Asimov dataset generation
INFO: (function: generateWithHisto) ToyMCSamplerOpt.cc: 214 -- Generating asimov with histogram for pdf pdf_binfail_LOW_obsOnly: in 5 x-bins
INFO: (function: generateWithHisto) ToyMCSamplerOpt.cc: 215 -- , in 1 y-bins
INFO: (function: generateAsimov) ToyMCSamplerOpt.cc: 139 -- Using internal logic for binned/unbinned Asimov dataset generation
INFO: (function: generateWithHisto) ToyMCSamplerOpt.cc: 214 -- Generating asimov with histogram for pdf pdf_binfail_SIG_obsOnly: in 3 x-bins
INFO: (function: generateWithHisto) ToyMCSamplerOpt.cc: 215 -- , in 1 y-bins
INFO: (function: generateAsimov) ToyMCSamplerOpt.cc: 139 -- Using internal logic for binned/unbinned Asimov dataset generation
INFO: (function: generateWithHisto) ToyMCSamplerOpt.cc: 214 -- Generating asimov with histogram for pdf pdf_binpass_LOW_obsOnly: in 5 x-bins
INFO: (function: generateWithHisto) ToyMCSamplerOpt.cc: 215 -- , in 1 y-bins
INFO: (function: generateAsimov) ToyMCSamplerOpt.cc: 139 -- Using internal logic for binned/unbinned Asimov dataset generation
INFO: (function: generateWithHisto) ToyMCSamplerOpt.cc: 214 -- Generating asimov with histogram for pdf pdf_binpass_SIG_obsOnly: in 3 x-bins
INFO: (function: generateWithHisto) ToyMCSamplerOpt.cc: 215 -- , in 1 y-bins
INFO: (function: runLimitExpected) AsymptoticLimits.cc: 436 -- Median for expected limits = 2.17969 (Sigma for expected limits = 1.11211)
INFO: (function: runLimit) AsymptoticLimits.cc: 193 -- NLL at global minimum of data = -44543 (r=2.0392e-09)
INFO: (function: runLimit) AsymptoticLimits.cc: 213 -- NLL at global minimum of asimov = -44542.4 (r=6.66134e-15)
INFO: (function: getCLs) AsymptoticLimits.cc: 343 -- At r = 1.641426:	q_mu = 3.06171	q_A  = 2.86281	CLsb = 0.03999	CLb  = 0.47657	CLs  = 0.08392
INFO: (function: getCLs) AsymptoticLimits.cc: 343 -- At r = 3.282852:	q_mu = 6.32918	q_A  = 5.91512	CLsb = 0.00591	CLb  = 0.46608	CLs  = 0.01269
INFO: (function: getCLs) AsymptoticLimits.cc: 343 -- At r = 1.641426:	q_mu = 3.06171	q_A  = 2.86281	CLsb = 0.03999	CLb  = 0.47657	CLs  = 0.08392
INFO: (function: getCLs) AsymptoticLimits.cc: 343 -- At r = 2.462139:	q_mu = 4.67355	q_A  = 4.36881	CLsb = 0.01527	CLb  = 0.47094	CLs  = 0.03242
INFO: (function: getCLs) AsymptoticLimits.cc: 343 -- At r = 1.998911:	q_mu = 3.75798	q_A  = 3.51344	CLsb = 0.02621	CLb  = 0.47400	CLs  = 0.05530
INFO: (function: getCLs) AsymptoticLimits.cc: 343 -- At r = 2.161461:	q_mu = 4.07760	q_A  = 3.81207	CLsb = 0.02167	CLb  = 0.47289	CLs  = 0.04582
INFO: (function: getCLs) AsymptoticLimits.cc: 343 -- At r = 2.068578:	q_mu = 3.89473	q_A  = 3.64122	CLsb = 0.02416	CLb  = 0.47352	CLs  = 0.05101
INFO: (function: getCLs) AsymptoticLimits.cc: 343 -- At r = 2.101033:	q_mu = 3.95856	q_A  = 3.70086	CLsb = 0.02325	CLb  = 0.47330	CLs  = 0.04913
INFO: (function: getCLs) AsymptoticLimits.cc: 343 -- At r = 2.082445:	q_mu = 3.92199	q_A  = 3.66671	CLsb = 0.02377	CLb  = 0.47343	CLs  = 0.05020
INFO: (function: getCLs) AsymptoticLimits.cc: 343 -- At r = 2.088933:	q_mu = 3.93475	q_A  = 3.67863	CLsb = 0.02359	CLb  = 0.47338	CLs  = 0.04983
