INFO: (function: improveOnce) CascadeMinimizer.cc: 188 -- Minimisation configured with Type=Minuit2, Algo=Migrad, strategy=0, tolerance=0.1
INFO: (function: improveOnce) CascadeMinimizer.cc: 211 -- Minimisation finished with status=0
INFO: (function: improveOnce) CascadeMinimizer.cc: 216 -- Minimization success! status=0
INFO: (function: generateAsimov) ToyMCSamplerOpt.cc: 139 -- Using internal logic for binned/unbinned Asimov dataset generation
INFO: (function: generateWithHisto) ToyMCSamplerOpt.cc: 214 -- Generating asimov with histogram for pdf pdf_binfail_LOW_obsOnly: in 5 x-bins
INFO: (function: generateWithHisto) ToyMCSamplerOpt.cc: 215 -- , in 1 y-bins
INFO: (function: generateAsimov) ToyMCSamplerOpt.cc: 139 -- Using internal logic for binned/unbinned Asimov dataset generation
INFO: (function: generateWithHisto) ToyMCSamplerOpt.cc: 214 -- Generating asimov with histogram for pdf pdf_binfail_SIG_obsOnly: in 8 x-bins
INFO: (function: generateWithHisto) ToyMCSamplerOpt.cc: 215 -- , in 1 y-bins
INFO: (function: generateAsimov) ToyMCSamplerOpt.cc: 139 -- Using internal logic for binned/unbinned Asimov dataset generation
INFO: (function: generateWithHisto) ToyMCSamplerOpt.cc: 214 -- Generating asimov with histogram for pdf pdf_binpass_LOW_obsOnly: in 5 x-bins
INFO: (function: generateWithHisto) ToyMCSamplerOpt.cc: 215 -- , in 1 y-bins
INFO: (function: generateAsimov) ToyMCSamplerOpt.cc: 139 -- Using internal logic for binned/unbinned Asimov dataset generation
INFO: (function: generateWithHisto) ToyMCSamplerOpt.cc: 214 -- Generating asimov with histogram for pdf pdf_binpass_SIG_obsOnly: in 8 x-bins
INFO: (function: generateWithHisto) ToyMCSamplerOpt.cc: 215 -- , in 1 y-bins
INFO: (function: runLimitExpected) AsymptoticLimits.cc: 436 -- Median for expected limits = 3.46875 (Sigma for expected limits = 1.7698)
INFO: (function: runLimit) AsymptoticLimits.cc: 193 -- NLL at global minimum of data = -3.58008e+06 (r=0.000159592)
INFO: (function: runLimit) AsymptoticLimits.cc: 213 -- NLL at global minimum of asimov = -3.58009e+06 (r=7.30749e-12)
INFO: (function: getCLs) AsymptoticLimits.cc: 343 -- At r = 1.288379:	q_mu = 2.71871	q_A  = 1.41061	CLsb = 0.04107	CLb  = 0.29092	CLs  = 0.14118
INFO: (function: getCLs) AsymptoticLimits.cc: 343 -- At r = 2.576757:	q_mu = 4.75109	q_A  = 2.90823	CLsb = 0.01236	CLb  = 0.29449	CLs  = 0.04198
INFO: (function: getCLs) AsymptoticLimits.cc: 343 -- At r = 1.288458:	q_mu = 2.71885	q_A  = 1.41070	CLsb = 0.04107	CLb  = 0.29092	CLs  = 0.14117
INFO: (function: getCLs) AsymptoticLimits.cc: 343 -- At r = 2.170514:	q_mu = 4.15710	q_A  = 2.45655	CLsb = 0.01744	CLb  = 0.29374	CLs  = 0.05936
INFO: (function: getCLs) AsymptoticLimits.cc: 343 -- At r = 2.412740:	q_mu = 4.51576	q_A  = 2.72802	CLsb = 0.01416	CLb  = 0.29419	CLs  = 0.04813
INFO: (function: getCLs) AsymptoticLimits.cc: 343 -- At r = 2.329040:	q_mu = 4.39336	q_A  = 2.63492	CLsb = 0.01520	CLb  = 0.29403	CLs  = 0.05169
INFO: (function: getCLs) AsymptoticLimits.cc: 343 -- At r = 2.376941:	q_mu = 4.46360	q_A  = 2.68829	CLsb = 0.01459	CLb  = 0.29412	CLs  = 0.04961
INFO: (function: getCLs) AsymptoticLimits.cc: 343 -- At r = 2.360096:	q_mu = 4.43896	q_A  = 2.66955	CLsb = 0.01480	CLb  = 0.29409	CLs  = 0.05033
INFO: (function: getCLs) AsymptoticLimits.cc: 343 -- At r = 2.369655:	q_mu = 4.45295	q_A  = 2.68019	CLsb = 0.01468	CLb  = 0.29411	CLs  = 0.04992
