INFO: (function: improveOnce) CascadeMinimizer.cc: 188 -- Minimisation configured with Type=Minuit2, Algo=Migrad, strategy=0, tolerance=0.1
INFO: (function: improveOnce) CascadeMinimizer.cc: 211 -- Minimisation finished with status=0
INFO: (function: improveOnce) CascadeMinimizer.cc: 216 -- Minimization success! status=0
INFO: (function: generateAsimov) ToyMCSamplerOpt.cc: 139 -- Using internal logic for binned/unbinned Asimov dataset generation
INFO: (function: generateWithHisto) ToyMCSamplerOpt.cc: 214 -- Generating asimov with histogram for pdf pdf_binfail_LOW_obsOnly: in 5 x-bins
INFO: (function: generateWithHisto) ToyMCSamplerOpt.cc: 215 -- , in 1 y-bins
INFO: (function: generateAsimov) ToyMCSamplerOpt.cc: 139 -- Using internal logic for binned/unbinned Asimov dataset generation
INFO: (function: generateWithHisto) ToyMCSamplerOpt.cc: 214 -- Generating asimov with histogram for pdf pdf_binfail_SIG_obsOnly: in 4 x-bins
INFO: (function: generateWithHisto) ToyMCSamplerOpt.cc: 215 -- , in 1 y-bins
INFO: (function: generateAsimov) ToyMCSamplerOpt.cc: 139 -- Using internal logic for binned/unbinned Asimov dataset generation
INFO: (function: generateWithHisto) ToyMCSamplerOpt.cc: 214 -- Generating asimov with histogram for pdf pdf_binpass_LOW_obsOnly: in 5 x-bins
INFO: (function: generateWithHisto) ToyMCSamplerOpt.cc: 215 -- , in 1 y-bins
INFO: (function: generateAsimov) ToyMCSamplerOpt.cc: 139 -- Using internal logic for binned/unbinned Asimov dataset generation
INFO: (function: generateWithHisto) ToyMCSamplerOpt.cc: 214 -- Generating asimov with histogram for pdf pdf_binpass_SIG_obsOnly: in 4 x-bins
INFO: (function: generateWithHisto) ToyMCSamplerOpt.cc: 215 -- , in 1 y-bins
INFO: (function: runLimitExpected) AsymptoticLimits.cc: 436 -- Median for expected limits = 0.0522461 (Sigma for expected limits = 0.0266567)
INFO: (function: runLimit) AsymptoticLimits.cc: 193 -- NLL at global minimum of data = -76582.3 (r=0.0106569)
INFO: (function: runLimit) AsymptoticLimits.cc: 213 -- NLL at global minimum of asimov = -76586.8 (r=3.12845e-07)
INFO: (function: getCLs) AsymptoticLimits.cc: 343 -- At r = 1.210657:	q_mu = 44.55467	q_A  = 48.19035	CLsb = 0.00000	CLb  = 0.60526	CLs  = 0.00000
INFO: (function: getCLs) AsymptoticLimits.cc: 343 -- At r = 0.610657:	q_mu = 28.37239	q_A  = 31.70753	CLsb = 0.00000	CLb  = 0.61958	CLs  = 0.00000
INFO: (function: getCLs) AsymptoticLimits.cc: 343 -- At r = 0.310657:	q_mu = 16.73815	q_A  = 19.72481	CLsb = 0.00002	CLb  = 0.63684	CLs  = 0.00003
INFO: (function: getCLs) AsymptoticLimits.cc: 343 -- At r = 0.160657:	q_mu = 8.98034	q_A  = 11.56615	CLsb = 0.00136	CLb  = 0.65696	CLs  = 0.00208
INFO: (function: getCLs) AsymptoticLimits.cc: 343 -- At r = 0.085657:	q_mu = 4.29968	q_A  = 6.44361	CLsb = 0.01906	CLb  = 0.67898	CLs  = 0.02807
INFO: (function: getCLs) AsymptoticLimits.cc: 343 -- At r = 0.048157:	q_mu = 1.80513	q_A  = 3.50072	CLsb = 0.08955	CLb  = 0.70107	CLs  = 0.12773
INFO: (function: getCLs) AsymptoticLimits.cc: 343 -- At r = 0.066727:	q_mu = 3.03782	q_A  = 4.99177	CLsb = 0.04067	CLb  = 0.68839	CLs  = 0.05908
INFO: (function: getCLs) AsymptoticLimits.cc: 343 -- At r = 0.073910:	q_mu = 3.51834	q_A  = 5.55096	CLsb = 0.03035	CLb  = 0.68450	CLs  = 0.04433
INFO: (function: getCLs) AsymptoticLimits.cc: 343 -- At r = 0.070067:	q_mu = 3.26136	q_A  = 5.25304	CLsb = 0.03547	CLb  = 0.68653	CLs  = 0.05166
INFO: (function: getCLs) AsymptoticLimits.cc: 343 -- At r = 0.071491:	q_mu = 3.35668	q_A  = 5.36383	CLsb = 0.03347	CLb  = 0.68576	CLs  = 0.04880
INFO: (function: getCLs) AsymptoticLimits.cc: 343 -- At r = 0.070721:	q_mu = 3.30511	q_A  = 5.30394	CLsb = 0.03453	CLb  = 0.68617	CLs  = 0.05033
INFO: (function: getCLs) AsymptoticLimits.cc: 343 -- At r = 0.071005:	q_mu = 3.32414	q_A  = 5.32605	CLsb = 0.03413	CLb  = 0.68602	CLs  = 0.04976
