INFO: (function: improveOnce) CascadeMinimizer.cc: 188 -- Minimisation configured with Type=Minuit2, Algo=Migrad, strategy=0, tolerance=0.1
INFO: (function: improveOnce) CascadeMinimizer.cc: 211 -- Minimisation finished with status=0
INFO: (function: improveOnce) CascadeMinimizer.cc: 216 -- Minimization success! status=0
INFO: (function: generateAsimov) ToyMCSamplerOpt.cc: 139 -- Using internal logic for binned/unbinned Asimov dataset generation
INFO: (function: generateWithHisto) ToyMCSamplerOpt.cc: 214 -- Generating asimov with histogram for pdf pdf_binfail_LOW_obsOnly: in 5 x-bins
INFO: (function: generateWithHisto) ToyMCSamplerOpt.cc: 215 -- , in 1 y-bins
INFO: (function: generateAsimov) ToyMCSamplerOpt.cc: 139 -- Using internal logic for binned/unbinned Asimov dataset generation
INFO: (function: generateWithHisto) ToyMCSamplerOpt.cc: 214 -- Generating asimov with histogram for pdf pdf_binfail_SIG_obsOnly: in 4 x-bins
INFO: (function: generateWithHisto) ToyMCSamplerOpt.cc: 215 -- , in 1 y-bins
INFO: (function: generateAsimov) ToyMCSamplerOpt.cc: 139 -- Using internal logic for binned/unbinned Asimov dataset generation
INFO: (function: generateWithHisto) ToyMCSamplerOpt.cc: 214 -- Generating asimov with histogram for pdf pdf_binpass_LOW_obsOnly: in 5 x-bins
INFO: (function: generateWithHisto) ToyMCSamplerOpt.cc: 215 -- , in 1 y-bins
INFO: (function: generateAsimov) ToyMCSamplerOpt.cc: 139 -- Using internal logic for binned/unbinned Asimov dataset generation
INFO: (function: generateWithHisto) ToyMCSamplerOpt.cc: 214 -- Generating asimov with histogram for pdf pdf_binpass_SIG_obsOnly: in 4 x-bins
INFO: (function: generateWithHisto) ToyMCSamplerOpt.cc: 215 -- , in 1 y-bins
INFO: (function: runLimitExpected) AsymptoticLimits.cc: 436 -- Median for expected limits = 0.210938 (Sigma for expected limits = 0.107623)
INFO: (function: runLimit) AsymptoticLimits.cc: 193 -- NLL at global minimum of data = -76456.1 (r=0.0453633)
INFO: (function: runLimit) AsymptoticLimits.cc: 213 -- NLL at global minimum of asimov = -76453.9 (r=2.65882e-05)
INFO: (function: getCLs) AsymptoticLimits.cc: 343 -- At r = 1.245363:	q_mu = 22.98430	q_A  = 25.49544	CLsb = 0.00000	CLb  = 0.60068	CLs  = 0.00000
INFO: (function: getCLs) AsymptoticLimits.cc: 343 -- At r = 0.645363:	q_mu = 11.09735	q_A  = 13.44733	CLsb = 0.00043	CLb  = 0.63149	CLs  = 0.00068
INFO: (function: getCLs) AsymptoticLimits.cc: 343 -- At r = 0.345363:	q_mu = 4.84379	q_A  = 6.86008	CLsb = 0.01387	CLb  = 0.66214	CLs  = 0.02095
INFO: (function: getCLs) AsymptoticLimits.cc: 343 -- At r = 0.195363:	q_mu = 1.90098	q_A  = 3.50374	CLsb = 0.08398	CLb  = 0.68902	CLs  = 0.12189
INFO: (function: getCLs) AsymptoticLimits.cc: 343 -- At r = 0.256089:	q_mu = 3.04553	q_A  = 4.85580	CLsb = 0.04048	CLb  = 0.67668	CLs  = 0.05982
INFO: (function: getCLs) AsymptoticLimits.cc: 343 -- At r = 0.286152:	q_mu = 3.64051	q_A  = 5.53066	CLsb = 0.02819	CLb  = 0.67138	CLs  = 0.04200
INFO: (function: getCLs) AsymptoticLimits.cc: 343 -- At r = 0.268279:	q_mu = 3.28501	q_A  = 5.12931	CLsb = 0.03496	CLb  = 0.67449	CLs  = 0.05183
INFO: (function: getCLs) AsymptoticLimits.cc: 343 -- At r = 0.274295:	q_mu = 3.40412	q_A  = 5.26435	CLsb = 0.03252	CLb  = 0.67343	CLs  = 0.04829
INFO: (function: getCLs) AsymptoticLimits.cc: 343 -- At r = 0.270721:	q_mu = 3.33328	q_A  = 5.18411	CLsb = 0.03395	CLb  = 0.67405	CLs  = 0.05036
INFO: (function: getCLs) AsymptoticLimits.cc: 343 -- At r = 0.271924:	q_mu = 3.35710	q_A  = 5.21112	CLsb = 0.03346	CLb  = 0.67384	CLs  = 0.04965
INFO: (function: getCLs) AsymptoticLimits.cc: 343 -- At r = 0.271209:	q_mu = 3.34294	q_A  = 5.19507	CLsb = 0.03375	CLb  = 0.67397	CLs  = 0.05007
