INFO: (function: improveOnce) CascadeMinimizer.cc: 188 -- Minimisation configured with Type=Minuit2, Algo=Migrad, strategy=0, tolerance=0.1
INFO: (function: improveOnce) CascadeMinimizer.cc: 211 -- Minimisation finished with status=0
INFO: (function: improveOnce) CascadeMinimizer.cc: 216 -- Minimization success! status=0
INFO: (function: generateAsimov) ToyMCSamplerOpt.cc: 139 -- Using internal logic for binned/unbinned Asimov dataset generation
INFO: (function: generateWithHisto) ToyMCSamplerOpt.cc: 214 -- Generating asimov with histogram for pdf pdf_binfail_LOW_obsOnly: in 6 x-bins
INFO: (function: generateWithHisto) ToyMCSamplerOpt.cc: 215 -- , in 1 y-bins
INFO: (function: generateAsimov) ToyMCSamplerOpt.cc: 139 -- Using internal logic for binned/unbinned Asimov dataset generation
INFO: (function: generateWithHisto) ToyMCSamplerOpt.cc: 214 -- Generating asimov with histogram for pdf pdf_binfail_SIG_obsOnly: in 8 x-bins
INFO: (function: generateWithHisto) ToyMCSamplerOpt.cc: 215 -- , in 1 y-bins
INFO: (function: generateAsimov) ToyMCSamplerOpt.cc: 139 -- Using internal logic for binned/unbinned Asimov dataset generation
INFO: (function: generateWithHisto) ToyMCSamplerOpt.cc: 214 -- Generating asimov with histogram for pdf pdf_binpass_LOW_obsOnly: in 6 x-bins
INFO: (function: generateWithHisto) ToyMCSamplerOpt.cc: 215 -- , in 1 y-bins
INFO: (function: generateAsimov) ToyMCSamplerOpt.cc: 139 -- Using internal logic for binned/unbinned Asimov dataset generation
INFO: (function: generateWithHisto) ToyMCSamplerOpt.cc: 214 -- Generating asimov with histogram for pdf pdf_binpass_SIG_obsOnly: in 8 x-bins
INFO: (function: generateWithHisto) ToyMCSamplerOpt.cc: 215 -- , in 1 y-bins
INFO: (function: runLimitExpected) AsymptoticLimits.cc: 436 -- Median for expected limits = 0.019043 (Sigma for expected limits = 0.00971598)
INFO: (function: runLimit) AsymptoticLimits.cc: 193 -- NLL at global minimum of data = -777621 (r=1.21761e-09)
INFO: (function: runLimit) AsymptoticLimits.cc: 213 -- NLL at global minimum of asimov = -777609 (r=1.37668e-13)
INFO: (function: getCLs) AsymptoticLimits.cc: 343 -- At r = 1.200000:	q_mu = 42.29165	q_A  = 41.09102	CLsb = 0.00000	CLb  = 0.46269	CLs  = 0.00000
INFO: (function: getCLs) AsymptoticLimits.cc: 343 -- At r = 0.600000:	q_mu = 32.05516	q_A  = 30.90489	CLsb = 0.00000	CLb  = 0.45880	CLs  = 0.00000
INFO: (function: getCLs) AsymptoticLimits.cc: 343 -- At r = 0.300000:	q_mu = 23.54736	q_A  = 22.45423	CLsb = 0.00000	CLb  = 0.45409	CLs  = 0.00000
INFO: (function: getCLs) AsymptoticLimits.cc: 343 -- At r = 0.150000:	q_mu = 16.67166	q_A  = 15.64427	CLsb = 0.00002	CLb  = 0.44833	CLs  = 0.00005
INFO: (function: getCLs) AsymptoticLimits.cc: 343 -- At r = 0.075000:	q_mu = 11.30996	q_A  = 10.35927	CLsb = 0.00038	CLb  = 0.44129	CLs  = 0.00086
INFO: (function: getCLs) AsymptoticLimits.cc: 343 -- At r = 0.037500:	q_mu = 7.31286	q_A  = 6.45164	CLsb = 0.00337	CLb  = 0.43269	CLs  = 0.00779
INFO: (function: getCLs) AsymptoticLimits.cc: 343 -- At r = 0.018750:	q_mu = 4.48544	q_A  = 3.72770	CLsb = 0.01671	CLb  = 0.42221	CLs  = 0.03958
INFO: (function: getCLs) AsymptoticLimits.cc: 343 -- At r = 0.009375:	q_mu = 2.60390	q_A  = 1.96467	CLsb = 0.05158	CLb  = 0.40981	CLs  = 0.12587
INFO: (function: getCLs) AsymptoticLimits.cc: 343 -- At r = 0.015360:	q_mu = 3.85737	q_A  = 3.13220	CLsb = 0.02415	CLb  = 0.41884	CLs  = 0.05767
INFO: (function: getCLs) AsymptoticLimits.cc: 343 -- At r = 0.017066:	q_mu = 4.17964	q_A  = 3.43710	CLsb = 0.01998	CLb  = 0.42064	CLs  = 0.04749
INFO: (function: getCLs) AsymptoticLimits.cc: 343 -- At r = 0.016363:	q_mu = 4.04848	q_A  = 3.31281	CLsb = 0.02158	CLb  = 0.41992	CLs  = 0.05138
INFO: (function: getCLs) AsymptoticLimits.cc: 343 -- At r = 0.016699:	q_mu = 4.11139	q_A  = 3.37240	CLsb = 0.02079	CLb  = 0.42027	CLs  = 0.04948
