INFO: (function: improveOnce) CascadeMinimizer.cc: 188 -- Minimisation configured with Type=Minuit2, Algo=Migrad, strategy=0, tolerance=0.1
INFO: (function: improveOnce) CascadeMinimizer.cc: 211 -- Minimisation finished with status=0
INFO: (function: improveOnce) CascadeMinimizer.cc: 216 -- Minimization success! status=0
INFO: (function: generateAsimov) ToyMCSamplerOpt.cc: 139 -- Using internal logic for binned/unbinned Asimov dataset generation
INFO: (function: generateWithHisto) ToyMCSamplerOpt.cc: 214 -- Generating asimov with histogram for pdf pdf_binfail_LOW_obsOnly: in 5 x-bins
INFO: (function: generateWithHisto) ToyMCSamplerOpt.cc: 215 -- , in 1 y-bins
INFO: (function: generateAsimov) ToyMCSamplerOpt.cc: 139 -- Using internal logic for binned/unbinned Asimov dataset generation
INFO: (function: generateWithHisto) ToyMCSamplerOpt.cc: 214 -- Generating asimov with histogram for pdf pdf_binfail_SIG_obsOnly: in 14 x-bins
INFO: (function: generateWithHisto) ToyMCSamplerOpt.cc: 215 -- , in 1 y-bins
INFO: (function: generateAsimov) ToyMCSamplerOpt.cc: 139 -- Using internal logic for binned/unbinned Asimov dataset generation
INFO: (function: generateWithHisto) ToyMCSamplerOpt.cc: 214 -- Generating asimov with histogram for pdf pdf_binpass_LOW_obsOnly: in 5 x-bins
INFO: (function: generateWithHisto) ToyMCSamplerOpt.cc: 215 -- , in 1 y-bins
INFO: (function: generateAsimov) ToyMCSamplerOpt.cc: 139 -- Using internal logic for binned/unbinned Asimov dataset generation
INFO: (function: generateWithHisto) ToyMCSamplerOpt.cc: 214 -- Generating asimov with histogram for pdf pdf_binpass_SIG_obsOnly: in 14 x-bins
INFO: (function: generateWithHisto) ToyMCSamplerOpt.cc: 215 -- , in 1 y-bins
INFO: (function: runLimitExpected) AsymptoticLimits.cc: 436 -- Median for expected limits = 0.0200195 (Sigma for expected limits = 0.0102142)
INFO: (function: runLimit) AsymptoticLimits.cc: 193 -- NLL at global minimum of data = -70279.8 (r=5.97178e-10)
INFO: (function: runLimit) AsymptoticLimits.cc: 213 -- NLL at global minimum of asimov = -70286.4 (r=7.70254e-08)
INFO: (function: getCLs) AsymptoticLimits.cc: 343 -- At r = 1.200000:	q_mu = 103.23533	q_A  = 99.25735	CLsb = 0.00000	CLb  = 0.42088	CLs  = 0.00000
INFO: (function: getCLs) AsymptoticLimits.cc: 343 -- At r = 0.600000:	q_mu = 67.76128	q_A  = 64.17682	CLsb = 0.00000	CLb  = 0.41149	CLs  = 0.00000
INFO: (function: getCLs) AsymptoticLimits.cc: 343 -- At r = 0.300000:	q_mu = 42.60259	q_A  = 39.91808	CLsb = 0.00000	CLb  = 0.41588	CLs  = 0.00000
INFO: (function: getCLs) AsymptoticLimits.cc: 343 -- At r = 0.150000:	q_mu = 25.39084	q_A  = 23.61320	CLsb = 0.00000	CLb  = 0.42743	CLs  = 0.00000
INFO: (function: getCLs) AsymptoticLimits.cc: 343 -- At r = 0.075000:	q_mu = 14.36118	q_A  = 13.29527	CLsb = 0.00007	CLb  = 0.44190	CLs  = 0.00017
INFO: (function: getCLs) AsymptoticLimits.cc: 343 -- At r = 0.037500:	q_mu = 7.70751	q_A  = 7.14549	CLsb = 0.00273	CLb  = 0.45814	CLs  = 0.00596
INFO: (function: getCLs) AsymptoticLimits.cc: 343 -- At r = 0.018750:	q_mu = 3.90205	q_A  = 3.67252	CLsb = 0.02406	CLb  = 0.47612	CLs  = 0.05054
INFO: (function: getCLs) AsymptoticLimits.cc: 343 -- At r = 0.028125:	q_mu = 5.85908	q_A  = 5.44948	CLsb = 0.00771	CLb  = 0.46505	CLs  = 0.01659
INFO: (function: getCLs) AsymptoticLimits.cc: 343 -- At r = 0.020697:	q_mu = 4.31787	q_A  = 4.04802	CLsb = 0.01881	CLb  = 0.47327	CLs  = 0.03974
INFO: (function: getCLs) AsymptoticLimits.cc: 343 -- At r = 0.019209:	q_mu = 4.00010	q_A  = 3.76129	CLsb = 0.02270	CLb  = 0.47545	CLs  = 0.04774
INFO: (function: getCLs) AsymptoticLimits.cc: 343 -- At r = 0.018911:	q_mu = 3.93605	q_A  = 3.70363	CLsb = 0.02358	CLb  = 0.47592	CLs  = 0.04954
