INFO: (function: improveOnce) CascadeMinimizer.cc: 188 -- Minimisation configured with Type=Minuit2, Algo=Migrad, strategy=0, tolerance=0.1
INFO: (function: improveOnce) CascadeMinimizer.cc: 211 -- Minimisation finished with status=0
INFO: (function: improveOnce) CascadeMinimizer.cc: 216 -- Minimization success! status=0
INFO: (function: generateAsimov) ToyMCSamplerOpt.cc: 139 -- Using internal logic for binned/unbinned Asimov dataset generation
INFO: (function: generateWithHisto) ToyMCSamplerOpt.cc: 214 -- Generating asimov with histogram for pdf pdf_binfail_LOW_obsOnly: in 5 x-bins
INFO: (function: generateWithHisto) ToyMCSamplerOpt.cc: 215 -- , in 1 y-bins
INFO: (function: generateAsimov) ToyMCSamplerOpt.cc: 139 -- Using internal logic for binned/unbinned Asimov dataset generation
INFO: (function: generateWithHisto) ToyMCSamplerOpt.cc: 214 -- Generating asimov with histogram for pdf pdf_binfail_SIG_obsOnly: in 14 x-bins
INFO: (function: generateWithHisto) ToyMCSamplerOpt.cc: 215 -- , in 1 y-bins
INFO: (function: generateAsimov) ToyMCSamplerOpt.cc: 139 -- Using internal logic for binned/unbinned Asimov dataset generation
INFO: (function: generateWithHisto) ToyMCSamplerOpt.cc: 214 -- Generating asimov with histogram for pdf pdf_binpass_LOW_obsOnly: in 5 x-bins
INFO: (function: generateWithHisto) ToyMCSamplerOpt.cc: 215 -- , in 1 y-bins
INFO: (function: generateAsimov) ToyMCSamplerOpt.cc: 139 -- Using internal logic for binned/unbinned Asimov dataset generation
INFO: (function: generateWithHisto) ToyMCSamplerOpt.cc: 214 -- Generating asimov with histogram for pdf pdf_binpass_SIG_obsOnly: in 14 x-bins
INFO: (function: generateWithHisto) ToyMCSamplerOpt.cc: 215 -- , in 1 y-bins
INFO: (function: runLimitExpected) AsymptoticLimits.cc: 436 -- Median for expected limits = 79.75 (Sigma for expected limits = 40.6895)
INFO: (function: runLimit) AsymptoticLimits.cc: 193 -- NLL at global minimum of data = -70695.5 (r=0.000183174)
INFO: (function: runLimit) AsymptoticLimits.cc: 213 -- NLL at global minimum of asimov = -70698.3 (r=3.29389e-05)
INFO: (function: getCLs) AsymptoticLimits.cc: 343 -- At r = 45.005944:	q_mu = 2.74298	q_A  = 2.25861	CLsb = 0.04805	CLb  = 0.43599	CLs  = 0.11022
INFO: (function: getCLs) AsymptoticLimits.cc: 343 -- At r = 90.011887:	q_mu = 4.99045	q_A  = 4.27928	CLsb = 0.01253	CLb  = 0.43176	CLs  = 0.02902
INFO: (function: getCLs) AsymptoticLimits.cc: 343 -- At r = 45.006035:	q_mu = 2.74299	q_A  = 2.26088	CLsb = 0.04806	CLb  = 0.43632	CLs  = 0.11016
INFO: (function: getCLs) AsymptoticLimits.cc: 343 -- At r = 66.324064:	q_mu = 3.85038	q_A  = 3.24713	CLsb = 0.02446	CLb  = 0.43353	CLs  = 0.05641
INFO: (function: getCLs) AsymptoticLimits.cc: 343 -- At r = 74.500085:	q_mu = 4.25331	q_A  = 3.61048	CLsb = 0.01926	CLb  = 0.43284	CLs  = 0.04450
INFO: (function: getCLs) AsymptoticLimits.cc: 343 -- At r = 69.649853:	q_mu = 4.01555	q_A  = 3.39588	CLsb = 0.02217	CLb  = 0.43324	CLs  = 0.05117
INFO: (function: getCLs) AsymptoticLimits.cc: 343 -- At r = 71.259967:	q_mu = 4.09488	q_A  = 3.46738	CLsb = 0.02115	CLb  = 0.43310	CLs  = 0.04883
INFO: (function: getCLs) AsymptoticLimits.cc: 343 -- At r = 70.607339:	q_mu = 4.06277	q_A  = 3.43841	CLsb = 0.02155	CLb  = 0.43315	CLs  = 0.04976
INFO: (function: getCLs) AsymptoticLimits.cc: 343 -- At r = 70.284465:	q_mu = 4.04686	q_A  = 3.42406	CLsb = 0.02176	CLb  = 0.43318	CLs  = 0.05023
INFO: (function: getCLs) AsymptoticLimits.cc: 343 -- At r = 70.475832:	q_mu = 4.05630	q_A  = 3.43256	CLsb = 0.02164	CLb  = 0.43316	CLs  = 0.04995
