INFO: (function: improveOnce) CascadeMinimizer.cc: 188 -- Minimisation configured with Type=Minuit2, Algo=Migrad, strategy=0, tolerance=0.1
INFO: (function: improveOnce) CascadeMinimizer.cc: 211 -- Minimisation finished with status=0
INFO: (function: improveOnce) CascadeMinimizer.cc: 216 -- Minimization success! status=0
INFO: (function: generateAsimov) ToyMCSamplerOpt.cc: 139 -- Using internal logic for binned/unbinned Asimov dataset generation
INFO: (function: generateWithHisto) ToyMCSamplerOpt.cc: 214 -- Generating asimov with histogram for pdf pdf_binfail_LOW_obsOnly: in 5 x-bins
INFO: (function: generateWithHisto) ToyMCSamplerOpt.cc: 215 -- , in 1 y-bins
INFO: (function: generateAsimov) ToyMCSamplerOpt.cc: 139 -- Using internal logic for binned/unbinned Asimov dataset generation
INFO: (function: generateWithHisto) ToyMCSamplerOpt.cc: 214 -- Generating asimov with histogram for pdf pdf_binfail_SIG_obsOnly: in 6 x-bins
INFO: (function: generateWithHisto) ToyMCSamplerOpt.cc: 215 -- , in 1 y-bins
INFO: (function: generateAsimov) ToyMCSamplerOpt.cc: 139 -- Using internal logic for binned/unbinned Asimov dataset generation
INFO: (function: generateWithHisto) ToyMCSamplerOpt.cc: 214 -- Generating asimov with histogram for pdf pdf_binpass_LOW_obsOnly: in 5 x-bins
INFO: (function: generateWithHisto) ToyMCSamplerOpt.cc: 215 -- , in 1 y-bins
INFO: (function: generateAsimov) ToyMCSamplerOpt.cc: 139 -- Using internal logic for binned/unbinned Asimov dataset generation
INFO: (function: generateWithHisto) ToyMCSamplerOpt.cc: 214 -- Generating asimov with histogram for pdf pdf_binpass_SIG_obsOnly: in 6 x-bins
INFO: (function: generateWithHisto) ToyMCSamplerOpt.cc: 215 -- , in 1 y-bins
INFO: (function: runLimitExpected) AsymptoticLimits.cc: 436 -- Median for expected limits = 63.75 (Sigma for expected limits = 32.5261)
INFO: (function: runLimit) AsymptoticLimits.cc: 193 -- NLL at global minimum of data = -985574 (r=5.41124e-06)
INFO: (function: runLimit) AsymptoticLimits.cc: 213 -- NLL at global minimum of asimov = -985571 (r=6.17673e-13)
INFO: (function: getCLs) AsymptoticLimits.cc: 343 -- At r = 21.846332:	q_mu = 2.39188	q_A  = 1.30648	CLsb = 0.05285	CLb  = 0.31746	CLs  = 0.16648
INFO: (function: getCLs) AsymptoticLimits.cc: 343 -- At r = 43.692663:	q_mu = 4.09126	q_A  = 2.71411	CLsb = 0.01944	CLb  = 0.33799	CLs  = 0.05752
INFO: (function: getCLs) AsymptoticLimits.cc: 343 -- At r = 87.385326:	q_mu = 6.62773	q_A  = 4.98560	CLsb = 0.00465	CLb  = 0.35654	CLs  = 0.01305
INFO: (function: getCLs) AsymptoticLimits.cc: 343 -- At r = 43.692666:	q_mu = 4.09126	q_A  = 2.71411	CLsb = 0.01944	CLb  = 0.33799	CLs  = 0.05752
INFO: (function: getCLs) AsymptoticLimits.cc: 343 -- At r = 65.538996:	q_mu = 5.46144	q_A  = 3.92505	CLsb = 0.00892	CLb  = 0.34910	CLs  = 0.02555
INFO: (function: getCLs) AsymptoticLimits.cc: 343 -- At r = 51.080296:	q_mu = 4.58313	q_A  = 3.14337	CLsb = 0.01467	CLb  = 0.34236	CLs  = 0.04284
INFO: (function: getCLs) AsymptoticLimits.cc: 343 -- At r = 47.980526:	q_mu = 4.38076	q_A  = 2.96591	CLsb = 0.01646	CLb  = 0.34062	CLs  = 0.04834
INFO: (function: getCLs) AsymptoticLimits.cc: 343 -- At r = 46.455686:	q_mu = 4.27913	q_A  = 2.87722	CLsb = 0.01745	CLb  = 0.33972	CLs  = 0.05137
INFO: (function: getCLs) AsymptoticLimits.cc: 343 -- At r = 47.302636:	q_mu = 4.33576	q_A  = 2.92660	CLsb = 0.01689	CLb  = 0.34022	CLs  = 0.04966
INFO: (function: getCLs) AsymptoticLimits.cc: 343 -- At r = 46.995631:	q_mu = 4.31528	q_A  = 2.90873	CLsb = 0.01709	CLb  = 0.34004	CLs  = 0.05027
INFO: (function: getCLs) AsymptoticLimits.cc: 343 -- At r = 47.164604:	q_mu = 4.32656	q_A  = 2.91857	CLsb = 0.01698	CLb  = 0.34014	CLs  = 0.04993
