INFO: (function: improveOnce) CascadeMinimizer.cc: 188 -- Minimisation configured with Type=Minuit2, Algo=Migrad, strategy=0, tolerance=0.1
INFO: (function: improveOnce) CascadeMinimizer.cc: 211 -- Minimisation finished with status=0
INFO: (function: improveOnce) CascadeMinimizer.cc: 216 -- Minimization success! status=0
INFO: (function: generateAsimov) ToyMCSamplerOpt.cc: 139 -- Using internal logic for binned/unbinned Asimov dataset generation
INFO: (function: generateWithHisto) ToyMCSamplerOpt.cc: 214 -- Generating asimov with histogram for pdf pdf_binfail_LOW_obsOnly: in 5 x-bins
INFO: (function: generateWithHisto) ToyMCSamplerOpt.cc: 215 -- , in 1 y-bins
INFO: (function: generateAsimov) ToyMCSamplerOpt.cc: 139 -- Using internal logic for binned/unbinned Asimov dataset generation
INFO: (function: generateWithHisto) ToyMCSamplerOpt.cc: 214 -- Generating asimov with histogram for pdf pdf_binfail_SIG_obsOnly: in 4 x-bins
INFO: (function: generateWithHisto) ToyMCSamplerOpt.cc: 215 -- , in 1 y-bins
INFO: (function: generateAsimov) ToyMCSamplerOpt.cc: 139 -- Using internal logic for binned/unbinned Asimov dataset generation
INFO: (function: generateWithHisto) ToyMCSamplerOpt.cc: 214 -- Generating asimov with histogram for pdf pdf_binpass_LOW_obsOnly: in 5 x-bins
INFO: (function: generateWithHisto) ToyMCSamplerOpt.cc: 215 -- , in 1 y-bins
INFO: (function: generateAsimov) ToyMCSamplerOpt.cc: 139 -- Using internal logic for binned/unbinned Asimov dataset generation
INFO: (function: generateWithHisto) ToyMCSamplerOpt.cc: 214 -- Generating asimov with histogram for pdf pdf_binpass_SIG_obsOnly: in 4 x-bins
INFO: (function: generateWithHisto) ToyMCSamplerOpt.cc: 215 -- , in 1 y-bins
INFO: (function: runLimitExpected) AsymptoticLimits.cc: 436 -- Median for expected limits = 5.64062 (Sigma for expected limits = 2.87792)
INFO: (function: runLimit) AsymptoticLimits.cc: 193 -- NLL at global minimum of data = -76464.7 (r=1.06497)
INFO: (function: runLimit) AsymptoticLimits.cc: 213 -- NLL at global minimum of asimov = -76466.6 (r=0.0338613)
INFO: (function: getCLs) AsymptoticLimits.cc: 343 -- At r = 6.002187:	q_mu = 2.34229	q_A  = 4.09190	CLsb = 0.06295	CLb  = 0.68878	CLs  = 0.09140
INFO: (function: getCLs) AsymptoticLimits.cc: 343 -- At r = 12.004375:	q_mu = 5.62008	q_A  = 7.81573	CLsb = 0.00888	CLb  = 0.66458	CLs  = 0.01336
INFO: (function: getCLs) AsymptoticLimits.cc: 343 -- At r = 6.534671:	q_mu = 2.64826	q_A  = 4.45582	CLsb = 0.05183	CLb  = 0.68564	CLs  = 0.07560
INFO: (function: getCLs) AsymptoticLimits.cc: 343 -- At r = 9.269523:	q_mu = 4.17914	q_A  = 6.21570	CLsb = 0.02046	CLb  = 0.67322	CLs  = 0.03039
INFO: (function: getCLs) AsymptoticLimits.cc: 343 -- At r = 8.074260:	q_mu = 3.52009	q_A  = 5.46810	CLsb = 0.03031	CLb  = 0.67803	CLs  = 0.04471
INFO: (function: getCLs) AsymptoticLimits.cc: 343 -- At r = 7.504080:	q_mu = 3.19990	q_A  = 5.09994	CLsb = 0.03682	CLb  = 0.68064	CLs  = 0.05410
INFO: (function: getCLs) AsymptoticLimits.cc: 343 -- At r = 7.806646:	q_mu = 3.37024	q_A  = 5.29626	CLsb = 0.03319	CLb  = 0.67923	CLs  = 0.04887
INFO: (function: getCLs) AsymptoticLimits.cc: 343 -- At r = 7.691593:	q_mu = 3.30558	q_A  = 5.22187	CLsb = 0.03452	CLb  = 0.67976	CLs  = 0.05079
INFO: (function: getCLs) AsymptoticLimits.cc: 343 -- At r = 7.751897:	q_mu = 3.33949	q_A  = 5.26090	CLsb = 0.03382	CLb  = 0.67948	CLs  = 0.04977
INFO: (function: getCLs) AsymptoticLimits.cc: 343 -- At r = 7.728846:	q_mu = 3.32653	q_A  = 5.24599	CLsb = 0.03409	CLb  = 0.67958	CLs  = 0.05016
