INFO: (function: improveOnce) CascadeMinimizer.cc: 188 -- Minimisation configured with Type=Minuit2, Algo=Migrad, strategy=0, tolerance=0.1
INFO: (function: improveOnce) CascadeMinimizer.cc: 211 -- Minimisation finished with status=0
INFO: (function: improveOnce) CascadeMinimizer.cc: 216 -- Minimization success! status=0
INFO: (function: generateAsimov) ToyMCSamplerOpt.cc: 139 -- Using internal logic for binned/unbinned Asimov dataset generation
INFO: (function: generateWithHisto) ToyMCSamplerOpt.cc: 214 -- Generating asimov with histogram for pdf pdf_binfail_LOW_obsOnly: in 6 x-bins
INFO: (function: generateWithHisto) ToyMCSamplerOpt.cc: 215 -- , in 1 y-bins
INFO: (function: generateAsimov) ToyMCSamplerOpt.cc: 139 -- Using internal logic for binned/unbinned Asimov dataset generation
INFO: (function: generateWithHisto) ToyMCSamplerOpt.cc: 214 -- Generating asimov with histogram for pdf pdf_binfail_SIG_obsOnly: in 2 x-bins
INFO: (function: generateWithHisto) ToyMCSamplerOpt.cc: 215 -- , in 1 y-bins
INFO: (function: generateAsimov) ToyMCSamplerOpt.cc: 139 -- Using internal logic for binned/unbinned Asimov dataset generation
INFO: (function: generateWithHisto) ToyMCSamplerOpt.cc: 214 -- Generating asimov with histogram for pdf pdf_binpass_LOW_obsOnly: in 6 x-bins
INFO: (function: generateWithHisto) ToyMCSamplerOpt.cc: 215 -- , in 1 y-bins
INFO: (function: generateAsimov) ToyMCSamplerOpt.cc: 139 -- Using internal logic for binned/unbinned Asimov dataset generation
INFO: (function: generateWithHisto) ToyMCSamplerOpt.cc: 214 -- Generating asimov with histogram for pdf pdf_binpass_SIG_obsOnly: in 2 x-bins
INFO: (function: generateWithHisto) ToyMCSamplerOpt.cc: 215 -- , in 1 y-bins
INFO: (function: runLimitExpected) AsymptoticLimits.cc: 436 -- Median for expected limits = 0.0668945 (Sigma for expected limits = 0.0341305)
INFO: (function: runLimit) AsymptoticLimits.cc: 193 -- NLL at global minimum of data = -10941.7 (r=0.0327085)
INFO: (function: runLimit) AsymptoticLimits.cc: 213 -- NLL at global minimum of asimov = -10958.3 (r=4.7497e-06)
INFO: (function: getCLs) AsymptoticLimits.cc: 343 -- At r = 1.232709:	q_mu = 56.66485	q_A  = 60.56661	CLsb = 0.00000	CLb  = 0.60058	CLs  = 0.00000
INFO: (function: getCLs) AsymptoticLimits.cc: 343 -- At r = 0.632709:	q_mu = 29.32224	q_A  = 33.54204	CLsb = 0.00000	CLb  = 0.64675	CLs  = 0.00000
INFO: (function: getCLs) AsymptoticLimits.cc: 343 -- At r = 0.332709:	q_mu = 13.69094	q_A  = 18.44100	CLsb = 0.00011	CLb  = 0.72380	CLs  = 0.00015
INFO: (function: getCLs) AsymptoticLimits.cc: 343 -- At r = 0.182709:	q_mu = 5.94710	q_A  = 10.84925	CLsb = 0.00737	CLb  = 0.80377	CLs  = 0.00917
INFO: (function: getCLs) AsymptoticLimits.cc: 343 -- At r = 0.107709:	q_mu = 2.48235	q_A  = 6.46321	CLsb = 0.05757	CLb  = 0.83316	CLs  = 0.06909
INFO: (function: getCLs) AsymptoticLimits.cc: 343 -- At r = 0.145209:	q_mu = 4.20939	q_A  = 8.73001	CLsb = 0.02010	CLb  = 0.81673	CLs  = 0.02461
INFO: (function: getCLs) AsymptoticLimits.cc: 343 -- At r = 0.124608:	q_mu = 3.25491	q_A  = 7.50364	CLsb = 0.03560	CLb  = 0.82514	CLs  = 0.04315
INFO: (function: getCLs) AsymptoticLimits.cc: 343 -- At r = 0.116997:	q_mu = 3.24000	q_A  = 7.03901	CLsb = 0.03593	CLb  = 0.80320	CLs  = 0.04473
INFO: (function: getCLs) AsymptoticLimits.cc: 343 -- At r = 0.113237:	q_mu = 3.12308	q_A  = 6.80705	CLsb = 0.03860	CLb  = 0.80005	CLs  = 0.04824
INFO: (function: getCLs) AsymptoticLimits.cc: 343 -- At r = 0.111690:	q_mu = 3.07678	q_A  = 6.71119	CLsb = 0.03971	CLb  = 0.79857	CLs  = 0.04972
INFO: (function: getCLs) AsymptoticLimits.cc: 343 -- At r = 0.110840:	q_mu = 3.05193	q_A  = 6.65841	CLsb = 0.04032	CLb  = 0.79769	CLs  = 0.05055
INFO: (function: getCLs) AsymptoticLimits.cc: 343 -- At r = 0.111291:	q_mu = 3.06516	q_A  = 6.68643	CLsb = 0.03999	CLb  = 0.79816	CLs  = 0.05011
