INFO: (function: improveOnce) CascadeMinimizer.cc: 188 -- Minimisation configured with Type=Minuit2, Algo=Migrad, strategy=0, tolerance=0.1
INFO: (function: improveOnce) CascadeMinimizer.cc: 211 -- Minimisation finished with status=0
INFO: (function: improveOnce) CascadeMinimizer.cc: 216 -- Minimization success! status=0
INFO: (function: generateAsimov) ToyMCSamplerOpt.cc: 139 -- Using internal logic for binned/unbinned Asimov dataset generation
INFO: (function: generateWithHisto) ToyMCSamplerOpt.cc: 214 -- Generating asimov with histogram for pdf pdf_binfail_LOW_obsOnly: in 6 x-bins
INFO: (function: generateWithHisto) ToyMCSamplerOpt.cc: 215 -- , in 1 y-bins
INFO: (function: generateAsimov) ToyMCSamplerOpt.cc: 139 -- Using internal logic for binned/unbinned Asimov dataset generation
INFO: (function: generateWithHisto) ToyMCSamplerOpt.cc: 214 -- Generating asimov with histogram for pdf pdf_binfail_SIG_obsOnly: in 2 x-bins
INFO: (function: generateWithHisto) ToyMCSamplerOpt.cc: 215 -- , in 1 y-bins
INFO: (function: generateAsimov) ToyMCSamplerOpt.cc: 139 -- Using internal logic for binned/unbinned Asimov dataset generation
INFO: (function: generateWithHisto) ToyMCSamplerOpt.cc: 214 -- Generating asimov with histogram for pdf pdf_binpass_LOW_obsOnly: in 6 x-bins
INFO: (function: generateWithHisto) ToyMCSamplerOpt.cc: 215 -- , in 1 y-bins
INFO: (function: generateAsimov) ToyMCSamplerOpt.cc: 139 -- Using internal logic for binned/unbinned Asimov dataset generation
INFO: (function: generateWithHisto) ToyMCSamplerOpt.cc: 214 -- Generating asimov with histogram for pdf pdf_binpass_SIG_obsOnly: in 2 x-bins
INFO: (function: generateWithHisto) ToyMCSamplerOpt.cc: 215 -- , in 1 y-bins
INFO: (function: runLimitExpected) AsymptoticLimits.cc: 436 -- Median for expected limits = 317 (Sigma for expected limits = 161.738)
INFO: (function: runLimit) AsymptoticLimits.cc: 193 -- NLL at global minimum of data = -11000.7 (r=161.88)
INFO: (function: runLimit) AsymptoticLimits.cc: 213 -- NLL at global minimum of asimov = -11003.7 (r=0.926264)
INFO: (function: getCLs) AsymptoticLimits.cc: 343 -- At r = 592.494329:	q_mu = 3.31718	q_A  = 7.76973	CLsb = 0.03428	CLb  = 0.83301	CLs  = 0.04115
INFO: (function: getCLs) AsymptoticLimits.cc: 343 -- At r = 377.187215:	q_mu = 1.21657	q_A  = 4.71031	CLsb = 0.13502	CLb  = 0.85709	CLs  = 0.15753
INFO: (function: getCLs) AsymptoticLimits.cc: 343 -- At r = 484.840772:	q_mu = 2.22301	q_A  = 6.25663	CLsb = 0.06798	CLb  = 0.84384	CLs  = 0.08057
INFO: (function: getCLs) AsymptoticLimits.cc: 343 -- At r = 545.996288:	q_mu = 2.83767	q_A  = 7.12070	CLsb = 0.04604	CLb  = 0.83742	CLs  = 0.05498
INFO: (function: getCLs) AsymptoticLimits.cc: 343 -- At r = 567.482046:	q_mu = 3.05817	q_A  = 7.42148	CLsb = 0.04017	CLb  = 0.83534	CLs  = 0.04808
INFO: (function: getCLs) AsymptoticLimits.cc: 343 -- At r = 558.170666:	q_mu = 2.96237	q_A  = 7.29131	CLsb = 0.04261	CLb  = 0.83623	CLs  = 0.05096
INFO: (function: getCLs) AsymptoticLimits.cc: 343 -- At r = 562.465497:	q_mu = 3.00651	q_A  = 7.35138	CLsb = 0.04147	CLb  = 0.83582	CLs  = 0.04961
INFO: (function: getCLs) AsymptoticLimits.cc: 343 -- At r = 560.602717:	q_mu = 2.98736	q_A  = 7.32533	CLsb = 0.04196	CLb  = 0.83600	CLs  = 0.05019
