INFO: (function: improveOnce) CascadeMinimizer.cc: 188 -- Minimisation configured with Type=Minuit2, Algo=Migrad, strategy=0, tolerance=0.1
INFO: (function: improveOnce) CascadeMinimizer.cc: 211 -- Minimisation finished with status=0
INFO: (function: improveOnce) CascadeMinimizer.cc: 216 -- Minimization success! status=0
INFO: (function: generateAsimov) ToyMCSamplerOpt.cc: 139 -- Using internal logic for binned/unbinned Asimov dataset generation
INFO: (function: generateWithHisto) ToyMCSamplerOpt.cc: 214 -- Generating asimov with histogram for pdf pdf_binfail_LOW_obsOnly: in 6 x-bins
INFO: (function: generateWithHisto) ToyMCSamplerOpt.cc: 215 -- , in 1 y-bins
INFO: (function: generateAsimov) ToyMCSamplerOpt.cc: 139 -- Using internal logic for binned/unbinned Asimov dataset generation
INFO: (function: generateWithHisto) ToyMCSamplerOpt.cc: 214 -- Generating asimov with histogram for pdf pdf_binfail_SIG_obsOnly: in 2 x-bins
INFO: (function: generateWithHisto) ToyMCSamplerOpt.cc: 215 -- , in 1 y-bins
INFO: (function: generateAsimov) ToyMCSamplerOpt.cc: 139 -- Using internal logic for binned/unbinned Asimov dataset generation
INFO: (function: generateWithHisto) ToyMCSamplerOpt.cc: 214 -- Generating asimov with histogram for pdf pdf_binpass_LOW_obsOnly: in 6 x-bins
INFO: (function: generateWithHisto) ToyMCSamplerOpt.cc: 215 -- , in 1 y-bins
INFO: (function: generateAsimov) ToyMCSamplerOpt.cc: 139 -- Using internal logic for binned/unbinned Asimov dataset generation
INFO: (function: generateWithHisto) ToyMCSamplerOpt.cc: 214 -- Generating asimov with histogram for pdf pdf_binpass_SIG_obsOnly: in 2 x-bins
INFO: (function: generateWithHisto) ToyMCSamplerOpt.cc: 215 -- , in 1 y-bins
INFO: (function: runLimitExpected) AsymptoticLimits.cc: 436 -- Median for expected limits = 11.875 (Sigma for expected limits = 6.05879)
INFO: (function: runLimit) AsymptoticLimits.cc: 193 -- NLL at global minimum of data = -10999.7 (r=5.45971)
INFO: (function: runLimit) AsymptoticLimits.cc: 213 -- NLL at global minimum of asimov = -11002.8 (r=0.0191988)
INFO: (function: getCLs) AsymptoticLimits.cc: 343 -- At r = 19.652952:	q_mu = 2.56957	q_A  = 6.43895	CLsb = 0.05447	CLb  = 0.82498	CLs  = 0.06602
INFO: (function: getCLs) AsymptoticLimits.cc: 343 -- At r = 39.305903:	q_mu = 7.00422	q_A  = 11.92952	CLsb = 0.00407	CLb  = 0.79027	CLs  = 0.00514
INFO: (function: getCLs) AsymptoticLimits.cc: 343 -- At r = 22.382804:	q_mu = 3.20440	q_A  = 7.28759	CLsb = 0.03672	CLb  = 0.81845	CLs  = 0.04487
INFO: (function: getCLs) AsymptoticLimits.cc: 343 -- At r = 13.921255:	q_mu = 1.27253	q_A  = 4.55024	CLsb = 0.12965	CLb  = 0.84257	CLs  = 0.15387
INFO: (function: getCLs) AsymptoticLimits.cc: 343 -- At r = 18.152030:	q_mu = 2.22270	q_A  = 5.95862	CLsb = 0.06800	CLb  = 0.82898	CLs  = 0.08203
INFO: (function: getCLs) AsymptoticLimits.cc: 343 -- At r = 20.928825:	q_mu = 2.86611	q_A  = 6.83952	CLsb = 0.04523	CLb  = 0.82181	CLs  = 0.05504
INFO: (function: getCLs) AsymptoticLimits.cc: 343 -- At r = 21.766113:	q_mu = 3.06086	q_A  = 7.09863	CLsb = 0.04010	CLb  = 0.81985	CLs  = 0.04891
INFO: (function: getCLs) AsymptoticLimits.cc: 343 -- At r = 21.473678:	q_mu = 2.99279	q_A  = 7.00847	CLsb = 0.04182	CLb  = 0.82053	CLs  = 0.05096
INFO: (function: getCLs) AsymptoticLimits.cc: 343 -- At r = 21.640851:	q_mu = 3.03170	q_A  = 7.06005	CLsb = 0.04083	CLb  = 0.82014	CLs  = 0.04978
INFO: (function: getCLs) AsymptoticLimits.cc: 343 -- At r = 21.582290:	q_mu = 3.01807	q_A  = 7.04199	CLsb = 0.04117	CLb  = 0.82028	CLs  = 0.05019
