 <<< Combine >>> 
>>> random number generator seed is 123456
>>> method used is FitDiagnostics
Warning: Did not find a parameter with name mask_pass_HIGH
Set Default Value of Parameter mask_pass_SIG To : 1
Set Default Value of Parameter r To : 1
>>> 1 out of 4 channels masked

SimNLL created with 0 channels, 0 generic constraints, 6 fast gaussian constraints, 0 fast poisson constraints, 0 fast group constraints, 
SimNLL created with 4 channels, 0 generic constraints, 6 fast gaussian constraints, 0 fast poisson constraints, 0 fast group constraints, 
>> Found 16 floating parameters
>> The following parameters are protected in the event of negative eigenvalues: r
>> Verifying eigenvalues are all positive (iteration 0)
Eigenvalue 15 : -6.95973e-05
 - -0.999818	r
 - -0.015727	systOnF
 - 0.00690208	systOnTrigger
 - -0.00538511	systOnG
 - -0.0047461	pileup
>> Attempt 0 failed, remove the variable with largest eigenvector component...
>> Dropping systOnF from the hessian
>> Verifying eigenvalues are all positive (iteration 1)
Eigenvalue 14 : -2.22261e-05
 - -0.999942	r
 - 0.00690464	systOnTrigger
 - -0.00538711	systOnG
 - -0.00474786	pileup
 - 0.00410541	lumi
>> Attempt 1 failed, remove the variable with largest eigenvector component...
>> Dropping systOnTrigger from the hessian
>> Verifying eigenvalues are all positive (iteration 2)
Eigenvalue 13 : -1.30995e-05
 - 0.999966	r
 - 0.00538749	systOnG
 - 0.0047482	pileup
 - -0.0041057	lumi
 - -5.39148e-07	Background_fail_par1
>> Attempt 2 failed, remove the variable with largest eigenvector component...
>> Dropping systOnG from the hessian
>> Verifying eigenvalues are all positive (iteration 3)
Eigenvalue 12 : -7.54338e-06
 - -0.99998	r
 - -0.00474841	pileup
 - 0.00410588	lumi
 - 5.39419e-07	Background_fail_par1
 - -3.41272e-07	Background_fail_par0
>> Attempt 3 failed, remove the variable with largest eigenvector component...
>> Dropping pileup from the hessian
>> Verifying eigenvalues are all positive (iteration 4)
Eigenvalue 11 : -3.2274e-06
 - -0.999992	r
 - 0.00410602	lumi
 - 5.39636e-07	Background_fail_par1
 - -3.41545e-07	Background_fail_par0
 - 3.94177e-08	Background_fail_LOW_bin_5-1
>> Attempt 4 failed, remove the variable with largest eigenvector component...
>> Dropping lumi from the hessian
>> Verifying eigenvalues are all positive (iteration 5)
Eigenvalue 10 : -2.91057e-10
 - -1	r
 - 5.39792e-07	Background_fail_par1
 - -3.41742e-07	Background_fail_par0
 - 3.94187e-08	Background_fail_LOW_bin_5-1
 - 3.8261e-08	Background_fail_SIG_bin_1-1
>> Attempt 5 failed, remove the variable with largest eigenvector component...
>> Dropping Background_fail_par1 from the hessian
>> Verifying eigenvalues are all positive (iteration 6)
Eigenvalue 9 : -2.91051e-10
 - 1	r
 - -3.15174e-07	Background_fail_par0
 - -3.94187e-08	Background_fail_LOW_bin_5-1
 - -3.8261e-08	Background_fail_SIG_bin_1-1
 - -1.89392e-08	Background_fail_LOW_bin_4-1
>> Attempt 6 failed, remove the variable with largest eigenvector component...
>> Dropping Background_fail_par0 from the hessian
>> Verifying eigenvalues are all positive (iteration 7)
Eigenvalue 8 : -2.91039e-10
 - -1	r
 - 3.94187e-08	Background_fail_LOW_bin_5-1
 - 3.8261e-08	Background_fail_SIG_bin_1-1
 - 1.89392e-08	Background_fail_LOW_bin_4-1
 - 1.09263e-08	Background_fail_LOW_bin_3-1
>> Attempt 7 failed, remove the variable with largest eigenvector component...
>> Dropping Background_fail_LOW_bin_5-1 from the hessian
>> Verifying eigenvalues are all positive (iteration 8)
Eigenvalue 7 : -2.91039e-10
 - 1	r
 - -3.8261e-08	Background_fail_SIG_bin_1-1
 - -1.89241e-08	Background_fail_LOW_bin_4-1
 - -1.08952e-08	Background_fail_LOW_bin_3-1
 - -6.84264e-09	Background_rpf_0x0_par0
>> Attempt 8 failed, remove the variable with largest eigenvector component...
>> Dropping Background_fail_SIG_bin_1-1 from the hessian
>> Verifying eigenvalues are all positive (iteration 9)
Eigenvalue 6 : -2.91038e-10
 - 1	r
 - -1.89241e-08	Background_fail_LOW_bin_4-1
 - -1.08952e-08	Background_fail_LOW_bin_3-1
 - -6.84264e-09	Background_rpf_0x0_par0
 - -2.57909e-09	Background_fail_LOW_bin_1-1
>> Attempt 9 failed, remove the variable with largest eigenvector component...
>> Dropping Background_fail_LOW_bin_4-1 from the hessian
>> Verifying eigenvalues are all positive (iteration 10)
Eigenvalue 5 : -2.91038e-10
 - 1	r
 - -1.08658e-08	Background_fail_LOW_bin_3-1
 - -7.40208e-09	Background_rpf_0x0_par0
 - -2.38219e-09	Background_fail_LOW_bin_1-1
 - 3.74915e-10	Background_fail_LOW_bin_2-1
>> Attempt 10 failed, remove the variable with largest eigenvector component...
>> Dropping Background_fail_LOW_bin_3-1 from the hessian
>> Verifying eigenvalues are all positive (iteration 11)
Eigenvalue 4 : -2.91038e-10
 - 1	r
 - -8.03946e-09	Background_rpf_0x0_par0
 - -2.15786e-09	Background_fail_LOW_bin_1-1
 - 4.52269e-10	Background_fail_LOW_bin_2-1
 - 0	systOnPt
>> Attempt 11 failed, remove the variable with largest eigenvector component...
>> Dropping Background_rpf_0x0_par0 from the hessian
>> Verifying eigenvalues are all positive (iteration 12)
Eigenvalue 3 : -2.91038e-10
 - 1	r
 - -4.98739e-09	Background_fail_LOW_bin_1-1
 - -5.23431e-10	Background_fail_LOW_bin_2-1
 - 0	systOnPt
>> Attempt 12 failed, remove the variable with largest eigenvector component...
>> Dropping Background_fail_LOW_bin_1-1 from the hessian
>> Verifying eigenvalues are all positive (iteration 13)
Eigenvalue 2 : -2.91038e-10
 - -1	r
 - 5.23431e-10	Background_fail_LOW_bin_2-1
 - -0	systOnPt
>> Attempt 13 failed, remove the variable with largest eigenvector component...
>> Dropping Background_fail_LOW_bin_2-1 from the hessian
>> Verifying eigenvalues are all positive (iteration 14)
Eigenvalue 1 : -2.91038e-10
 - 1	r
 - 0	systOnPt
>> Attempt 14 failed, remove the variable with largest eigenvector component...
>> Dropping systOnPt from the hessian
>> Verifying eigenvalues are all positive (iteration 15)
Eigenvalue 0 : -2.91038e-10
 - 1	r
>> Attempt 15 failed, remove the variable with largest eigenvector component...
>> Dropping r from the hessian
>> Verifying eigenvalues are all positive (iteration 16)
