INFO: (function: improveOnce) CascadeMinimizer.cc: 188 -- Minimisation configured with Type=Minuit2, Algo=Migrad, strategy=0, tolerance=0.1
INFO: (function: improveOnce) CascadeMinimizer.cc: 211 -- Minimisation finished with status=0
INFO: (function: improveOnce) CascadeMinimizer.cc: 216 -- Minimization success! status=0
INFO: (function: generateAsimov) ToyMCSamplerOpt.cc: 139 -- Using internal logic for binned/unbinned Asimov dataset generation
INFO: (function: generateWithHisto) ToyMCSamplerOpt.cc: 214 -- Generating asimov with histogram for pdf pdf_binfail_LOW_obsOnly: in 5 x-bins
INFO: (function: generateWithHisto) ToyMCSamplerOpt.cc: 215 -- , in 1 y-bins
INFO: (function: generateAsimov) ToyMCSamplerOpt.cc: 139 -- Using internal logic for binned/unbinned Asimov dataset generation
INFO: (function: generateWithHisto) ToyMCSamplerOpt.cc: 214 -- Generating asimov with histogram for pdf pdf_binfail_SIG_obsOnly: in 6 x-bins
INFO: (function: generateWithHisto) ToyMCSamplerOpt.cc: 215 -- , in 1 y-bins
INFO: (function: generateAsimov) ToyMCSamplerOpt.cc: 139 -- Using internal logic for binned/unbinned Asimov dataset generation
INFO: (function: generateWithHisto) ToyMCSamplerOpt.cc: 214 -- Generating asimov with histogram for pdf pdf_binpass_LOW_obsOnly: in 5 x-bins
INFO: (function: generateWithHisto) ToyMCSamplerOpt.cc: 215 -- , in 1 y-bins
INFO: (function: generateAsimov) ToyMCSamplerOpt.cc: 139 -- Using internal logic for binned/unbinned Asimov dataset generation
INFO: (function: generateWithHisto) ToyMCSamplerOpt.cc: 214 -- Generating asimov with histogram for pdf pdf_binpass_SIG_obsOnly: in 6 x-bins
INFO: (function: generateWithHisto) ToyMCSamplerOpt.cc: 215 -- , in 1 y-bins
INFO: (function: runLimitExpected) AsymptoticLimits.cc: 436 -- Median for expected limits = 0.000488281 (Sigma for expected limits = 0.000249128)
DEBUG: (function: findExpectedLimitFromCrossing) AsymptoticLimits.cc: 678 -- fail search for crossing of r between 0.000000 and 0.000488
INFO: (function: runLimit) AsymptoticLimits.cc: 193 -- NLL at global minimum of data = -801434 (r=0.000318178)
INFO: (function: runLimit) AsymptoticLimits.cc: 213 -- NLL at global minimum of asimov = -801504 (r=1.69404e-06)
INFO: (function: getCLs) AsymptoticLimits.cc: 343 -- At r = 7.193135:	q_mu = 21749.11547	q_A  = 21788.99279	CLsb = 0.00000	CLb  = 0.55375	CLs  = 0.00000
INFO: (function: getCLs) AsymptoticLimits.cc: 343 -- At r = 3.596727:	q_mu = 9273.25101	q_A  = 9316.23454	CLsb = 0.00000	CLb  = 0.58820	CLs  = 0.00000
INFO: (function: getCLs) AsymptoticLimits.cc: 343 -- At r = 1.798522:	q_mu = 3985.40512	q_A  = 4030.94055	CLsb = 0.00000	CLb  = 0.64044	CLs  = 0.00000
INFO: (function: getCLs) AsymptoticLimits.cc: 343 -- At r = 0.899420:	q_mu = 1718.28685	q_A  = 1765.14709	CLsb = 0.00000	CLb  = 0.71275	CLs  = 0.00000
INFO: (function: getCLs) AsymptoticLimits.cc: 343 -- At r = 0.449869:	q_mu = 813.10500	q_A  = 858.93648	CLsb = 0.00000	CLb  = 0.78600	CLs  = 0.00000
INFO: (function: getCLs) AsymptoticLimits.cc: 343 -- At r = 0.225094:	q_mu = 410.16828	q_A  = 454.55902	CLsb = 0.00000	CLb  = 0.85719	CLs  = 0.00000
INFO: (function: getCLs) AsymptoticLimits.cc: 343 -- At r = 0.112706:	q_mu = 194.64290	q_A  = 240.48891	CLsb = 0.00000	CLb  = 0.94018	CLs  = 0.00000
INFO: (function: getCLs) AsymptoticLimits.cc: 343 -- At r = 0.056512:	q_mu = 86.99712	q_A  = 135.23107	CLsb = 0.00000	CLb  = 0.98932	CLs  = 0.00000
INFO: (function: getCLs) AsymptoticLimits.cc: 343 -- At r = 0.028415:	q_mu = 36.95791	q_A  = 85.46798	CLsb = 0.00000	CLb  = 0.99923	CLs  = 0.00000
INFO: (function: getCLs) AsymptoticLimits.cc: 343 -- At r = 0.014367:	q_mu = 10.79047	q_A  = 58.85633	CLsb = 0.00051	CLb  = 0.99999	CLs  = 0.00051
INFO: (function: getCLs) AsymptoticLimits.cc: 343 -- At r = 0.007342:	q_mu = 0.00000	q_A  = 40.48998	CLsb = 0.50000	CLb  = 1.00000	CLs  = 0.50000
INFO: (function: getCLs) AsymptoticLimits.cc: 343 -- At r = 0.010855:	q_mu = 2.64664	q_A  = 50.48983	CLsb = 0.05188	CLb  = 1.00000	CLs  = 0.05188
INFO: (function: getCLs) AsymptoticLimits.cc: 343 -- At r = 0.012611:	q_mu = 6.83330	q_A  = 54.80385	CLsb = 0.00447	CLb  = 1.00000	CLs  = 0.00447
INFO: (function: getCLs) AsymptoticLimits.cc: 343 -- At r = 0.011733:	q_mu = 4.76996	q_A  = 52.68818	CLsb = 0.01448	CLb  = 1.00000	CLs  = 0.01448
INFO: (function: getCLs) AsymptoticLimits.cc: 343 -- At r = 0.011294:	q_mu = 3.71576	q_A  = 51.60285	CLsb = 0.02695	CLb  = 1.00000	CLs  = 0.02695
