INFO: (function: improveOnce) CascadeMinimizer.cc: 188 -- Minimisation configured with Type=Minuit2, Algo=Migrad, strategy=0, tolerance=0.1
INFO: (function: improveOnce) CascadeMinimizer.cc: 211 -- Minimisation finished with status=0
INFO: (function: improveOnce) CascadeMinimizer.cc: 216 -- Minimization success! status=0
INFO: (function: generateAsimov) ToyMCSamplerOpt.cc: 139 -- Using internal logic for binned/unbinned Asimov dataset generation
INFO: (function: generateWithHisto) ToyMCSamplerOpt.cc: 214 -- Generating asimov with histogram for pdf pdf_binfail_LOW_obsOnly: in 5 x-bins
INFO: (function: generateWithHisto) ToyMCSamplerOpt.cc: 215 -- , in 1 y-bins
INFO: (function: generateAsimov) ToyMCSamplerOpt.cc: 139 -- Using internal logic for binned/unbinned Asimov dataset generation
INFO: (function: generateWithHisto) ToyMCSamplerOpt.cc: 214 -- Generating asimov with histogram for pdf pdf_binfail_SIG_obsOnly: in 8 x-bins
INFO: (function: generateWithHisto) ToyMCSamplerOpt.cc: 215 -- , in 1 y-bins
INFO: (function: generateAsimov) ToyMCSamplerOpt.cc: 139 -- Using internal logic for binned/unbinned Asimov dataset generation
INFO: (function: generateWithHisto) ToyMCSamplerOpt.cc: 214 -- Generating asimov with histogram for pdf pdf_binpass_LOW_obsOnly: in 5 x-bins
INFO: (function: generateWithHisto) ToyMCSamplerOpt.cc: 215 -- , in 1 y-bins
INFO: (function: generateAsimov) ToyMCSamplerOpt.cc: 139 -- Using internal logic for binned/unbinned Asimov dataset generation
INFO: (function: generateWithHisto) ToyMCSamplerOpt.cc: 214 -- Generating asimov with histogram for pdf pdf_binpass_SIG_obsOnly: in 8 x-bins
INFO: (function: generateWithHisto) ToyMCSamplerOpt.cc: 215 -- , in 1 y-bins
INFO: (function: runLimitExpected) AsymptoticLimits.cc: 436 -- Median for expected limits = 2.82812 (Sigma for expected limits = 1.44295)
INFO: (function: runLimit) AsymptoticLimits.cc: 193 -- NLL at global minimum of data = -737508 (r=1.00929e-06)
INFO: (function: runLimit) AsymptoticLimits.cc: 213 -- NLL at global minimum of asimov = -737502 (r=6.77236e-14)
INFO: (function: getCLs) AsymptoticLimits.cc: 343 -- At r = 1.378206:	q_mu = 2.85830	q_A  = 1.95851	CLsb = 0.04263	CLb  = 0.37392	CLs  = 0.11401
INFO: (function: getCLs) AsymptoticLimits.cc: 343 -- At r = 2.756411:	q_mu = 4.89716	q_A  = 3.76211	CLsb = 0.01280	CLb  = 0.38492	CLs  = 0.03326
INFO: (function: getCLs) AsymptoticLimits.cc: 343 -- At r = 1.378206:	q_mu = 2.85830	q_A  = 1.95851	CLsb = 0.04263	CLb  = 0.37392	CLs  = 0.11401
INFO: (function: getCLs) AsymptoticLimits.cc: 343 -- At r = 2.115821:	q_mu = 4.01080	q_A  = 2.96275	CLsb = 0.02140	CLb  = 0.38040	CLs  = 0.05625
INFO: (function: getCLs) AsymptoticLimits.cc: 343 -- At r = 2.358790:	q_mu = 4.35790	q_A  = 3.27350	CLsb = 0.01747	CLb  = 0.38221	CLs  = 0.04572
INFO: (function: getCLs) AsymptoticLimits.cc: 343 -- At r = 2.226261:	q_mu = 4.17032	q_A  = 3.10512	CLsb = 0.01949	CLb  = 0.38123	CLs  = 0.05113
INFO: (function: getCLs) AsymptoticLimits.cc: 343 -- At r = 2.273885:	q_mu = 4.23819	q_A  = 3.16593	CLsb = 0.01873	CLb  = 0.38159	CLs  = 0.04910
INFO: (function: getCLs) AsymptoticLimits.cc: 343 -- At r = 2.247199:	q_mu = 4.20024	q_A  = 3.13189	CLsb = 0.01915	CLb  = 0.38139	CLs  = 0.05022
INFO: (function: getCLs) AsymptoticLimits.cc: 343 -- At r = 2.256683:	q_mu = 4.21374	q_A  = 3.14400	CLsb = 0.01900	CLb  = 0.38146	CLs  = 0.04982
INFO: (function: getCLs) AsymptoticLimits.cc: 343 -- At r = 2.251338:	q_mu = 4.20613	q_A  = 3.13718	CLsb = 0.01909	CLb  = 0.38142	CLs  = 0.05004
