INFO: (function: improveOnce) CascadeMinimizer.cc: 188 -- Minimisation configured with Type=Minuit2, Algo=Migrad, strategy=0, tolerance=0.1
INFO: (function: improveOnce) CascadeMinimizer.cc: 211 -- Minimisation finished with status=0
INFO: (function: improveOnce) CascadeMinimizer.cc: 216 -- Minimization success! status=0
INFO: (function: generateAsimov) ToyMCSamplerOpt.cc: 139 -- Using internal logic for binned/unbinned Asimov dataset generation
INFO: (function: generateWithHisto) ToyMCSamplerOpt.cc: 214 -- Generating asimov with histogram for pdf pdf_binfail_LOW_obsOnly: in 5 x-bins
INFO: (function: generateWithHisto) ToyMCSamplerOpt.cc: 215 -- , in 1 y-bins
INFO: (function: generateAsimov) ToyMCSamplerOpt.cc: 139 -- Using internal logic for binned/unbinned Asimov dataset generation
INFO: (function: generateWithHisto) ToyMCSamplerOpt.cc: 214 -- Generating asimov with histogram for pdf pdf_binfail_SIG_obsOnly: in 6 x-bins
INFO: (function: generateWithHisto) ToyMCSamplerOpt.cc: 215 -- , in 1 y-bins
INFO: (function: generateAsimov) ToyMCSamplerOpt.cc: 139 -- Using internal logic for binned/unbinned Asimov dataset generation
INFO: (function: generateWithHisto) ToyMCSamplerOpt.cc: 214 -- Generating asimov with histogram for pdf pdf_binpass_LOW_obsOnly: in 5 x-bins
INFO: (function: generateWithHisto) ToyMCSamplerOpt.cc: 215 -- , in 1 y-bins
INFO: (function: generateAsimov) ToyMCSamplerOpt.cc: 139 -- Using internal logic for binned/unbinned Asimov dataset generation
INFO: (function: generateWithHisto) ToyMCSamplerOpt.cc: 214 -- Generating asimov with histogram for pdf pdf_binpass_SIG_obsOnly: in 6 x-bins
INFO: (function: generateWithHisto) ToyMCSamplerOpt.cc: 215 -- , in 1 y-bins
INFO: (function: runLimitExpected) AsymptoticLimits.cc: 436 -- Median for expected limits = 0.0581055 (Sigma for expected limits = 0.0296462)
INFO: (function: runLimit) AsymptoticLimits.cc: 193 -- NLL at global minimum of data = -61694.9 (r=1.33469e-10)
INFO: (function: runLimit) AsymptoticLimits.cc: 213 -- NLL at global minimum of asimov = -61690.3 (r=1.1624e-12)
INFO: (function: getCLs) AsymptoticLimits.cc: 343 -- At r = 1.200000:	q_mu = 32.86687	q_A  = 35.17142	CLsb = 0.00000	CLb  = 0.57832	CLs  = 0.00000
INFO: (function: getCLs) AsymptoticLimits.cc: 343 -- At r = 0.600000:	q_mu = 21.26436	q_A  = 22.86621	CLsb = 0.00000	CLb  = 0.56770	CLs  = 0.00000
INFO: (function: getCLs) AsymptoticLimits.cc: 343 -- At r = 0.300000:	q_mu = 13.32815	q_A  = 14.28800	CLsb = 0.00013	CLb  = 0.55139	CLs  = 0.00024
INFO: (function: getCLs) AsymptoticLimits.cc: 343 -- At r = 0.150000:	q_mu = 8.03132	q_A  = 8.48303	CLsb = 0.00230	CLb  = 0.53133	CLs  = 0.00433
INFO: (function: getCLs) AsymptoticLimits.cc: 343 -- At r = 0.075000:	q_mu = 4.67940	q_A  = 4.78498	CLsb = 0.01526	CLb  = 0.50968	CLs  = 0.02995
INFO: (function: getCLs) AsymptoticLimits.cc: 343 -- At r = 0.037500:	q_mu = 2.62759	q_A  = 2.56336	CLsb = 0.05250	CLb  = 0.49200	CLs  = 0.10670
INFO: (function: getCLs) AsymptoticLimits.cc: 343 -- At r = 0.055397:	q_mu = 3.65334	q_A  = 3.66961	CLsb = 0.02798	CLb  = 0.50170	CLs  = 0.05577
INFO: (function: getCLs) AsymptoticLimits.cc: 343 -- At r = 0.062071:	q_mu = 4.01266	q_A  = 4.05967	CLsb = 0.02258	CLb  = 0.50467	CLs  = 0.04474
INFO: (function: getCLs) AsymptoticLimits.cc: 343 -- At r = 0.059378:	q_mu = 3.86898	q_A  = 3.90363	CLsb = 0.02459	CLb  = 0.50351	CLs  = 0.04884
INFO: (function: getCLs) AsymptoticLimits.cc: 343 -- At r = 0.058020:	q_mu = 3.79586	q_A  = 3.82424	CLsb = 0.02569	CLb  = 0.50290	CLs  = 0.05108
INFO: (function: getCLs) AsymptoticLimits.cc: 343 -- At r = 0.058811:	q_mu = 3.83851	q_A  = 3.87054	CLsb = 0.02504	CLb  = 0.50325	CLs  = 0.04976
INFO: (function: getCLs) AsymptoticLimits.cc: 343 -- At r = 0.058538:	q_mu = 3.82383	q_A  = 3.85460	CLsb = 0.02526	CLb  = 0.50313	CLs  = 0.05021
