INFO: (function: improveOnce) CascadeMinimizer.cc: 188 -- Minimisation configured with Type=Minuit2, Algo=Migrad, strategy=0, tolerance=0.1
INFO: (function: improveOnce) CascadeMinimizer.cc: 211 -- Minimisation finished with status=0
INFO: (function: improveOnce) CascadeMinimizer.cc: 216 -- Minimization success! status=0
INFO: (function: generateAsimov) ToyMCSamplerOpt.cc: 139 -- Using internal logic for binned/unbinned Asimov dataset generation
INFO: (function: generateWithHisto) ToyMCSamplerOpt.cc: 214 -- Generating asimov with histogram for pdf pdf_binfail_LOW_obsOnly: in 5 x-bins
INFO: (function: generateWithHisto) ToyMCSamplerOpt.cc: 215 -- , in 1 y-bins
INFO: (function: generateAsimov) ToyMCSamplerOpt.cc: 139 -- Using internal logic for binned/unbinned Asimov dataset generation
INFO: (function: generateWithHisto) ToyMCSamplerOpt.cc: 214 -- Generating asimov with histogram for pdf pdf_binfail_SIG_obsOnly: in 3 x-bins
INFO: (function: generateWithHisto) ToyMCSamplerOpt.cc: 215 -- , in 1 y-bins
INFO: (function: generateAsimov) ToyMCSamplerOpt.cc: 139 -- Using internal logic for binned/unbinned Asimov dataset generation
INFO: (function: generateWithHisto) ToyMCSamplerOpt.cc: 214 -- Generating asimov with histogram for pdf pdf_binpass_LOW_obsOnly: in 5 x-bins
INFO: (function: generateWithHisto) ToyMCSamplerOpt.cc: 215 -- , in 1 y-bins
INFO: (function: generateAsimov) ToyMCSamplerOpt.cc: 139 -- Using internal logic for binned/unbinned Asimov dataset generation
INFO: (function: generateWithHisto) ToyMCSamplerOpt.cc: 214 -- Generating asimov with histogram for pdf pdf_binpass_SIG_obsOnly: in 3 x-bins
INFO: (function: generateWithHisto) ToyMCSamplerOpt.cc: 215 -- , in 1 y-bins
INFO: (function: runLimitExpected) AsymptoticLimits.cc: 436 -- Median for expected limits = 1.0625 (Sigma for expected limits = 0.542102)
INFO: (function: runLimit) AsymptoticLimits.cc: 193 -- NLL at global minimum of data = -57606.2 (r=1.21975e-07)
INFO: (function: runLimit) AsymptoticLimits.cc: 213 -- NLL at global minimum of asimov = -57604.8 (r=3.33067e-15)
INFO: (function: getCLs) AsymptoticLimits.cc: 343 -- At r = 1.738316:	q_mu = 6.59989	q_A  = 6.11353	CLsb = 0.00507	CLb  = 0.46083	CLs  = 0.01101
INFO: (function: getCLs) AsymptoticLimits.cc: 343 -- At r = 0.869158:	q_mu = 3.50104	q_A  = 3.12448	CLsb = 0.03046	CLb  = 0.45759	CLs  = 0.06656
INFO: (function: getCLs) AsymptoticLimits.cc: 343 -- At r = 1.303737:	q_mu = 5.14271	q_A  = 4.70244	CLsb = 0.01160	CLb  = 0.45957	CLs  = 0.02525
INFO: (function: getCLs) AsymptoticLimits.cc: 343 -- At r = 1.058666:	q_mu = 4.24244	q_A  = 3.83512	CLsb = 0.01959	CLb  = 0.45859	CLs  = 0.04271
INFO: (function: getCLs) AsymptoticLimits.cc: 343 -- At r = 0.966926:	q_mu = 3.88872	q_A  = 3.49558	CLsb = 0.02415	CLb  = 0.45813	CLs  = 0.05271
INFO: (function: getCLs) AsymptoticLimits.cc: 343 -- At r = 1.003674:	q_mu = 4.03157	q_A  = 3.63263	CLsb = 0.02218	CLb  = 0.45832	CLs  = 0.04840
INFO: (function: getCLs) AsymptoticLimits.cc: 343 -- At r = 0.985114:	q_mu = 3.95961	q_A  = 3.56357	CLsb = 0.02315	CLb  = 0.45823	CLs  = 0.05052
INFO: (function: getCLs) AsymptoticLimits.cc: 343 -- At r = 0.992421:	q_mu = 3.98799	q_A  = 3.59080	CLsb = 0.02276	CLb  = 0.45827	CLs  = 0.04967
INFO: (function: getCLs) AsymptoticLimits.cc: 343 -- At r = 0.988700:	q_mu = 3.97355	q_A  = 3.57694	CLsb = 0.02296	CLb  = 0.45825	CLs  = 0.05010
