INFO: (function: improveOnce) CascadeMinimizer.cc: 188 -- Minimisation configured with Type=Minuit2, Algo=Migrad, strategy=0, tolerance=0.1
INFO: (function: improveOnce) CascadeMinimizer.cc: 211 -- Minimisation finished with status=0
INFO: (function: improveOnce) CascadeMinimizer.cc: 216 -- Minimization success! status=0
INFO: (function: generateAsimov) ToyMCSamplerOpt.cc: 139 -- Using internal logic for binned/unbinned Asimov dataset generation
INFO: (function: generateWithHisto) ToyMCSamplerOpt.cc: 214 -- Generating asimov with histogram for pdf pdf_binfail_LOW_obsOnly: in 9 x-bins
INFO: (function: generateWithHisto) ToyMCSamplerOpt.cc: 215 -- , in 1 y-bins
INFO: (function: generateAsimov) ToyMCSamplerOpt.cc: 139 -- Using internal logic for binned/unbinned Asimov dataset generation
INFO: (function: generateWithHisto) ToyMCSamplerOpt.cc: 214 -- Generating asimov with histogram for pdf pdf_binfail_SIG_obsOnly: in 5 x-bins
INFO: (function: generateWithHisto) ToyMCSamplerOpt.cc: 215 -- , in 1 y-bins
INFO: (function: generateAsimov) ToyMCSamplerOpt.cc: 139 -- Using internal logic for binned/unbinned Asimov dataset generation
INFO: (function: generateWithHisto) ToyMCSamplerOpt.cc: 214 -- Generating asimov with histogram for pdf pdf_binpass_LOW_obsOnly: in 9 x-bins
INFO: (function: generateWithHisto) ToyMCSamplerOpt.cc: 215 -- , in 1 y-bins
INFO: (function: generateAsimov) ToyMCSamplerOpt.cc: 139 -- Using internal logic for binned/unbinned Asimov dataset generation
INFO: (function: generateWithHisto) ToyMCSamplerOpt.cc: 214 -- Generating asimov with histogram for pdf pdf_binpass_SIG_obsOnly: in 5 x-bins
INFO: (function: generateWithHisto) ToyMCSamplerOpt.cc: 215 -- , in 1 y-bins
DEBUG: (function: runLimitExpected) AsymptoticLimits.cc: 423 -- Best fit of asimov dataset is at r = 0.085789 (0.004289 times rMax), while it should be at zero
INFO: (function: runLimitExpected) AsymptoticLimits.cc: 436 -- Median for expected limits = 4000 (Sigma for expected limits = 2040.85)
DEBUG: (function: findExpectedLimitFromCrossing) AsymptoticLimits.cc: 678 -- fail search for crossing of r between 3984.375000 and 4000.000000
INFO: (function: runLimit) AsymptoticLimits.cc: 193 -- NLL at global minimum of data = -61100.5 (r=4168.87)
INFO: (function: runLimit) AsymptoticLimits.cc: 213 -- NLL at global minimum of asimov = -61102.1 (r=5.57702)
INFO: (function: getCLs) AsymptoticLimits.cc: 343 -- At r = 15993.303260:	q_mu = 0.00000	q_A  = 0.75651	CLsb = 0.50000	CLb  = 0.80779	CLs  = 0.61897
INFO: (function: getCLs) AsymptoticLimits.cc: 343 -- At r = 31986.606520:	q_mu = 0.00000	q_A  = 1.16147	CLsb = 0.50000	CLb  = 0.85942	CLs  = 0.58179
INFO: (function: getCLs) AsymptoticLimits.cc: 343 -- At r = 63973.213039:	q_mu = 0.00000	q_A  = 2.59405	CLsb = 0.50000	CLb  = 0.94637	CLs  = 0.52834
INFO: (function: getCLs) AsymptoticLimits.cc: 343 -- At r = 127946.426079:	q_mu = 0.00000	q_A  = 7.81597	CLsb = 0.50000	CLb  = 0.99741	CLs  = 0.50130
INFO: (function: getCLs) AsymptoticLimits.cc: 343 -- At r = 255892.852157:	q_mu = 9.36352	q_A  = 24.73251	CLsb = 0.00111	CLb  = 0.97214	CLs  = 0.00114
INFO: (function: getCLs) AsymptoticLimits.cc: 343 -- At r = 130030.862397:	q_mu = 0.00000	q_A  = 8.03214	CLsb = 0.50000	CLb  = 0.99770	CLs  = 0.50115
INFO: (function: getCLs) AsymptoticLimits.cc: 343 -- At r = 192961.857277:	q_mu = 2.19046	q_A  = 15.60835	CLsb = 0.06943	CLb  = 0.99326	CLs  = 0.06991
INFO: (function: getCLs) AsymptoticLimits.cc: 343 -- At r = 224427.354717:	q_mu = 5.48213	q_A  = 20.01502	CLsb = 0.00961	CLb  = 0.98351	CLs  = 0.00977
INFO: (function: getCLs) AsymptoticLimits.cc: 343 -- At r = 208694.605997:	q_mu = 3.74963	q_A  = 17.76880	CLsb = 0.02641	CLb  = 0.98866	CLs  = 0.02671
INFO: (function: getCLs) AsymptoticLimits.cc: 343 -- At r = 200492.790399:	q_mu = 2.91456	q_A  = 16.63118	CLsb = 0.04389	CLb  = 0.99113	CLs  = 0.04428
INFO: (function: getCLs) AsymptoticLimits.cc: 343 -- At r = 197384.555800:	q_mu = 2.61070	q_A  = 16.20660	CLsb = 0.05307	CLb  = 0.99202	CLs  = 0.05350
INFO: (function: getCLs) AsymptoticLimits.cc: 343 -- At r = 198895.976184:	q_mu = 2.75780	q_A  = 16.41252	CLsb = 0.04839	CLb  = 0.99159	CLs  = 0.04880
INFO: (function: getCLs) AsymptoticLimits.cc: 343 -- At r = 198274.399710:	q_mu = 2.69703	q_A  = 16.32771	CLsb = 0.05027	CLb  = 0.99177	CLs  = 0.05068
