INFO: (function: improveOnce) CascadeMinimizer.cc: 188 -- Minimisation configured with Type=Minuit2, Algo=Migrad, strategy=0, tolerance=0.1
INFO: (function: improveOnce) CascadeMinimizer.cc: 211 -- Minimisation finished with status=0
INFO: (function: improveOnce) CascadeMinimizer.cc: 216 -- Minimization success! status=0
INFO: (function: generateAsimov) ToyMCSamplerOpt.cc: 139 -- Using internal logic for binned/unbinned Asimov dataset generation
INFO: (function: generateWithHisto) ToyMCSamplerOpt.cc: 214 -- Generating asimov with histogram for pdf pdf_binfail_LOW_obsOnly: in 5 x-bins
INFO: (function: generateWithHisto) ToyMCSamplerOpt.cc: 215 -- , in 1 y-bins
INFO: (function: generateAsimov) ToyMCSamplerOpt.cc: 139 -- Using internal logic for binned/unbinned Asimov dataset generation
INFO: (function: generateWithHisto) ToyMCSamplerOpt.cc: 214 -- Generating asimov with histogram for pdf pdf_binfail_SIG_obsOnly: in 14 x-bins
INFO: (function: generateWithHisto) ToyMCSamplerOpt.cc: 215 -- , in 1 y-bins
INFO: (function: generateAsimov) ToyMCSamplerOpt.cc: 139 -- Using internal logic for binned/unbinned Asimov dataset generation
INFO: (function: generateWithHisto) ToyMCSamplerOpt.cc: 214 -- Generating asimov with histogram for pdf pdf_binpass_LOW_obsOnly: in 5 x-bins
INFO: (function: generateWithHisto) ToyMCSamplerOpt.cc: 215 -- , in 1 y-bins
INFO: (function: generateAsimov) ToyMCSamplerOpt.cc: 139 -- Using internal logic for binned/unbinned Asimov dataset generation
INFO: (function: generateWithHisto) ToyMCSamplerOpt.cc: 214 -- Generating asimov with histogram for pdf pdf_binpass_SIG_obsOnly: in 14 x-bins
INFO: (function: generateWithHisto) ToyMCSamplerOpt.cc: 215 -- , in 1 y-bins
INFO: (function: runLimitExpected) AsymptoticLimits.cc: 436 -- Median for expected limits = 46.25 (Sigma for expected limits = 23.5974)
INFO: (function: runLimit) AsymptoticLimits.cc: 193 -- NLL at global minimum of data = -70693.8 (r=4.8823e-07)
INFO: (function: runLimit) AsymptoticLimits.cc: 213 -- NLL at global minimum of asimov = -70696.5 (r=0.00193739)
INFO: (function: getCLs) AsymptoticLimits.cc: 343 -- At r = 30.961908:	q_mu = 2.91302	q_A  = 2.56219	CLsb = 0.04361	CLb  = 0.45637	CLs  = 0.09555
INFO: (function: getCLs) AsymptoticLimits.cc: 343 -- At r = 61.923816:	q_mu = 5.53758	q_A  = 5.10130	CLsb = 0.00926	CLb  = 0.46153	CLs  = 0.02006
INFO: (function: getCLs) AsymptoticLimits.cc: 343 -- At r = 30.961908:	q_mu = 2.91305	q_A  = 2.56252	CLsb = 0.04361	CLb  = 0.45641	CLs  = 0.09555
INFO: (function: getCLs) AsymptoticLimits.cc: 343 -- At r = 47.429565:	q_mu = 4.33211	q_A  = 3.93159	CLsb = 0.01859	CLb  = 0.45978	CLs  = 0.04043
INFO: (function: getCLs) AsymptoticLimits.cc: 343 -- At r = 40.881304:	q_mu = 3.77546	q_A  = 3.39224	CLsb = 0.02584	CLb  = 0.45857	CLs  = 0.05634
INFO: (function: getCLs) AsymptoticLimits.cc: 343 -- At r = 44.075934:	q_mu = 4.04811	q_A  = 3.65614	CLsb = 0.02197	CLb  = 0.45918	CLs  = 0.04785
INFO: (function: getCLs) AsymptoticLimits.cc: 343 -- At r = 42.750230:	q_mu = 3.93520	q_A  = 3.54683	CLsb = 0.02349	CLb  = 0.45894	CLs  = 0.05119
INFO: (function: getCLs) AsymptoticLimits.cc: 343 -- At r = 43.385782:	q_mu = 3.98937	q_A  = 3.59926	CLsb = 0.02275	CLb  = 0.45906	CLs  = 0.04956
INFO: (function: getCLs) AsymptoticLimits.cc: 343 -- At r = 43.119992:	q_mu = 3.96673	q_A  = 3.57732	CLsb = 0.02306	CLb  = 0.45900	CLs  = 0.05024
INFO: (function: getCLs) AsymptoticLimits.cc: 343 -- At r = 43.247009:	q_mu = 3.97755	q_A  = 3.58779	CLsb = 0.02291	CLb  = 0.45903	CLs  = 0.04991
