INFO: (function: improveOnce) CascadeMinimizer.cc: 188 -- Minimisation configured with Type=Minuit2, Algo=Migrad, strategy=0, tolerance=0.1
INFO: (function: improveOnce) CascadeMinimizer.cc: 211 -- Minimisation finished with status=0
INFO: (function: improveOnce) CascadeMinimizer.cc: 216 -- Minimization success! status=0
INFO: (function: generateAsimov) ToyMCSamplerOpt.cc: 139 -- Using internal logic for binned/unbinned Asimov dataset generation
INFO: (function: generateWithHisto) ToyMCSamplerOpt.cc: 214 -- Generating asimov with histogram for pdf pdf_binfail_LOW_obsOnly: in 5 x-bins
INFO: (function: generateWithHisto) ToyMCSamplerOpt.cc: 215 -- , in 1 y-bins
INFO: (function: generateAsimov) ToyMCSamplerOpt.cc: 139 -- Using internal logic for binned/unbinned Asimov dataset generation
INFO: (function: generateWithHisto) ToyMCSamplerOpt.cc: 214 -- Generating asimov with histogram for pdf pdf_binfail_SIG_obsOnly: in 14 x-bins
INFO: (function: generateWithHisto) ToyMCSamplerOpt.cc: 215 -- , in 1 y-bins
INFO: (function: generateAsimov) ToyMCSamplerOpt.cc: 139 -- Using internal logic for binned/unbinned Asimov dataset generation
INFO: (function: generateWithHisto) ToyMCSamplerOpt.cc: 214 -- Generating asimov with histogram for pdf pdf_binpass_LOW_obsOnly: in 5 x-bins
INFO: (function: generateWithHisto) ToyMCSamplerOpt.cc: 215 -- , in 1 y-bins
INFO: (function: generateAsimov) ToyMCSamplerOpt.cc: 139 -- Using internal logic for binned/unbinned Asimov dataset generation
INFO: (function: generateWithHisto) ToyMCSamplerOpt.cc: 214 -- Generating asimov with histogram for pdf pdf_binpass_SIG_obsOnly: in 14 x-bins
INFO: (function: generateWithHisto) ToyMCSamplerOpt.cc: 215 -- , in 1 y-bins
INFO: (function: runLimitExpected) AsymptoticLimits.cc: 436 -- Median for expected limits = 0.867188 (Sigma for expected limits = 0.442451)
INFO: (function: runLimit) AsymptoticLimits.cc: 193 -- NLL at global minimum of data = -738313 (r=2.35344)
INFO: (function: runLimit) AsymptoticLimits.cc: 213 -- NLL at global minimum of asimov = -738324 (r=7.44542e-05)
INFO: (function: getCLs) AsymptoticLimits.cc: 343 -- At r = 5.709900:	q_mu = 0.00000	q_A  = 15.45573	CLsb = 0.50000	CLb  = 0.99996	CLs  = 0.50002
INFO: (function: getCLs) AsymptoticLimits.cc: 343 -- At r = 11.419801:	q_mu = 4.65566	q_A  = 23.29469	CLsb = 0.01548	CLb  = 0.99619	CLs  = 0.01553
INFO: (function: getCLs) AsymptoticLimits.cc: 343 -- At r = 6.886618:	q_mu = 0.00000	q_A  = 17.34002	CLsb = 0.50000	CLb  = 0.99998	CLs  = 0.50001
INFO: (function: getCLs) AsymptoticLimits.cc: 343 -- At r = 9.153209:	q_mu = 1.91200	q_A  = 20.51699	CLsb = 0.08337	CLb  = 0.99917	CLs  = 0.08344
INFO: (function: getCLs) AsymptoticLimits.cc: 343 -- At r = 10.158909:	q_mu = 3.17294	q_A  = 21.78519	CLsb = 0.03743	CLb  = 0.99805	CLs  = 0.03751
INFO: (function: getCLs) AsymptoticLimits.cc: 343 -- At r = 9.668489:	q_mu = 2.56780	q_A  = 21.17563	CLsb = 0.05453	CLb  = 0.99865	CLs  = 0.05460
INFO: (function: getCLs) AsymptoticLimits.cc: 343 -- At r = 9.858581:	q_mu = 2.80444	q_A  = 21.41378	CLsb = 0.04700	CLb  = 0.99843	CLs  = 0.04708
INFO: (function: getCLs) AsymptoticLimits.cc: 343 -- At r = 9.758786:	q_mu = 2.68055	q_A  = 21.28906	CLsb = 0.05079	CLb  = 0.99854	CLs  = 0.05086
INFO: (function: getCLs) AsymptoticLimits.cc: 343 -- At r = 9.796425:	q_mu = 2.72736	q_A  = 21.33618	CLsb = 0.04932	CLb  = 0.99850	CLs  = 0.04940
INFO: (function: getCLs) AsymptoticLimits.cc: 343 -- At r = 9.776394:	q_mu = 2.70246	q_A  = 21.31112	CLsb = 0.05010	CLb  = 0.99852	CLs  = 0.05017
