INFO: (function: improveOnce) CascadeMinimizer.cc: 188 -- Minimisation configured with Type=Minuit2, Algo=Migrad, strategy=0, tolerance=0.1
INFO: (function: improveOnce) CascadeMinimizer.cc: 211 -- Minimisation finished with status=0
INFO: (function: improveOnce) CascadeMinimizer.cc: 216 -- Minimization success! status=0
INFO: (function: generateAsimov) ToyMCSamplerOpt.cc: 139 -- Using internal logic for binned/unbinned Asimov dataset generation
INFO: (function: generateWithHisto) ToyMCSamplerOpt.cc: 214 -- Generating asimov with histogram for pdf pdf_binfail_LOW_obsOnly: in 6 x-bins
INFO: (function: generateWithHisto) ToyMCSamplerOpt.cc: 215 -- , in 1 y-bins
INFO: (function: generateAsimov) ToyMCSamplerOpt.cc: 139 -- Using internal logic for binned/unbinned Asimov dataset generation
INFO: (function: generateWithHisto) ToyMCSamplerOpt.cc: 214 -- Generating asimov with histogram for pdf pdf_binfail_SIG_obsOnly: in 3 x-bins
INFO: (function: generateWithHisto) ToyMCSamplerOpt.cc: 215 -- , in 1 y-bins
INFO: (function: generateAsimov) ToyMCSamplerOpt.cc: 139 -- Using internal logic for binned/unbinned Asimov dataset generation
INFO: (function: generateWithHisto) ToyMCSamplerOpt.cc: 214 -- Generating asimov with histogram for pdf pdf_binpass_LOW_obsOnly: in 6 x-bins
INFO: (function: generateWithHisto) ToyMCSamplerOpt.cc: 215 -- , in 1 y-bins
INFO: (function: generateAsimov) ToyMCSamplerOpt.cc: 139 -- Using internal logic for binned/unbinned Asimov dataset generation
INFO: (function: generateWithHisto) ToyMCSamplerOpt.cc: 214 -- Generating asimov with histogram for pdf pdf_binpass_SIG_obsOnly: in 3 x-bins
INFO: (function: generateWithHisto) ToyMCSamplerOpt.cc: 215 -- , in 1 y-bins
INFO: (function: runLimitExpected) AsymptoticLimits.cc: 436 -- Median for expected limits = 1.86719 (Sigma for expected limits = 0.952664)
INFO: (function: runLimit) AsymptoticLimits.cc: 193 -- NLL at global minimum of data = -77542.7 (r=0.567228)
INFO: (function: runLimit) AsymptoticLimits.cc: 213 -- NLL at global minimum of asimov = -77544.5 (r=0.0134961)
INFO: (function: getCLs) AsymptoticLimits.cc: 343 -- At r = 2.659174:	q_mu = 3.06656	q_A  = 5.76289	CLsb = 0.03996	CLb  = 0.74197	CLs  = 0.05386
INFO: (function: getCLs) AsymptoticLimits.cc: 343 -- At r = 5.318349:	q_mu = 8.56991	q_A  = 12.02933	CLsb = 0.00171	CLb  = 0.70571	CLs  = 0.00242
INFO: (function: getCLs) AsymptoticLimits.cc: 343 -- At r = 2.942788:	q_mu = 3.63265	q_A  = 6.44651	CLsb = 0.02833	CLb  = 0.73665	CLs  = 0.03846
INFO: (function: getCLs) AsymptoticLimits.cc: 343 -- At r = 1.755008:	q_mu = 1.38496	q_A  = 3.57975	CLsb = 0.11963	CLb  = 0.76275	CLs  = 0.15684
INFO: (function: getCLs) AsymptoticLimits.cc: 343 -- At r = 2.348898:	q_mu = 2.46407	q_A  = 5.01271	CLsb = 0.05824	CLb  = 0.74831	CLs  = 0.07783
INFO: (function: getCLs) AsymptoticLimits.cc: 343 -- At r = 2.647090:	q_mu = 3.04273	q_A  = 5.73364	CLsb = 0.04055	CLb  = 0.74221	CLs  = 0.05463
INFO: (function: getCLs) AsymptoticLimits.cc: 343 -- At r = 2.765938:	q_mu = 3.27825	q_A  = 6.02052	CLsb = 0.03510	CLb  = 0.73991	CLs  = 0.04744
INFO: (function: getCLs) AsymptoticLimits.cc: 343 -- At r = 2.706779:	q_mu = 3.16071	q_A  = 5.87777	CLsb = 0.03772	CLb  = 0.74105	CLs  = 0.05089
INFO: (function: getCLs) AsymptoticLimits.cc: 343 -- At r = 2.730552:	q_mu = 3.20788	q_A  = 5.93517	CLsb = 0.03664	CLb  = 0.74059	CLs  = 0.04948
INFO: (function: getCLs) AsymptoticLimits.cc: 343 -- At r = 2.718719:	q_mu = 3.18439	q_A  = 5.90660	CLsb = 0.03717	CLb  = 0.74082	CLs  = 0.05018
