INFO: (function: improveOnce) CascadeMinimizer.cc: 188 -- Minimisation configured with Type=Minuit2, Algo=Migrad, strategy=0, tolerance=0.1
INFO: (function: improveOnce) CascadeMinimizer.cc: 211 -- Minimisation finished with status=0
INFO: (function: improveOnce) CascadeMinimizer.cc: 216 -- Minimization success! status=0
INFO: (function: generateAsimov) ToyMCSamplerOpt.cc: 139 -- Using internal logic for binned/unbinned Asimov dataset generation
INFO: (function: generateWithHisto) ToyMCSamplerOpt.cc: 214 -- Generating asimov with histogram for pdf pdf_binfail_LOW_obsOnly: in 6 x-bins
INFO: (function: generateWithHisto) ToyMCSamplerOpt.cc: 215 -- , in 1 y-bins
INFO: (function: generateAsimov) ToyMCSamplerOpt.cc: 139 -- Using internal logic for binned/unbinned Asimov dataset generation
INFO: (function: generateWithHisto) ToyMCSamplerOpt.cc: 214 -- Generating asimov with histogram for pdf pdf_binfail_SIG_obsOnly: in 3 x-bins
INFO: (function: generateWithHisto) ToyMCSamplerOpt.cc: 215 -- , in 1 y-bins
INFO: (function: generateAsimov) ToyMCSamplerOpt.cc: 139 -- Using internal logic for binned/unbinned Asimov dataset generation
INFO: (function: generateWithHisto) ToyMCSamplerOpt.cc: 214 -- Generating asimov with histogram for pdf pdf_binpass_LOW_obsOnly: in 6 x-bins
INFO: (function: generateWithHisto) ToyMCSamplerOpt.cc: 215 -- , in 1 y-bins
INFO: (function: generateAsimov) ToyMCSamplerOpt.cc: 139 -- Using internal logic for binned/unbinned Asimov dataset generation
INFO: (function: generateWithHisto) ToyMCSamplerOpt.cc: 214 -- Generating asimov with histogram for pdf pdf_binpass_SIG_obsOnly: in 3 x-bins
INFO: (function: generateWithHisto) ToyMCSamplerOpt.cc: 215 -- , in 1 y-bins
INFO: (function: runLimitExpected) AsymptoticLimits.cc: 436 -- Median for expected limits = 15.75 (Sigma for expected limits = 8.03586)
INFO: (function: runLimit) AsymptoticLimits.cc: 193 -- NLL at global minimum of data = -77542.6 (r=4.82244)
INFO: (function: runLimit) AsymptoticLimits.cc: 213 -- NLL at global minimum of asimov = -77544 (r=0.0614984)
INFO: (function: getCLs) AsymptoticLimits.cc: 343 -- At r = 22.292321:	q_mu = 2.99828	q_A  = 5.71248	CLsb = 0.04168	CLb  = 0.74490	CLs  = 0.05595
INFO: (function: getCLs) AsymptoticLimits.cc: 343 -- At r = 44.584642:	q_mu = 8.45404	q_A  = 11.96654	CLsb = 0.00182	CLb  = 0.70942	CLs  = 0.00257
INFO: (function: getCLs) AsymptoticLimits.cc: 343 -- At r = 24.703540:	q_mu = 3.56504	q_A  = 6.40268	CLsb = 0.02950	CLb  = 0.73964	CLs  = 0.03989
INFO: (function: getCLs) AsymptoticLimits.cc: 343 -- At r = 14.762989:	q_mu = 1.35305	q_A  = 3.55741	CLsb = 0.12237	CLb  = 0.76513	CLs  = 0.15994
INFO: (function: getCLs) AsymptoticLimits.cc: 343 -- At r = 19.733264:	q_mu = 2.41397	q_A  = 4.97821	CLsb = 0.06013	CLb  = 0.75095	CLs  = 0.08007
INFO: (function: getCLs) AsymptoticLimits.cc: 343 -- At r = 22.420380:	q_mu = 3.02803	q_A  = 5.74921	CLsb = 0.04092	CLb  = 0.74461	CLs  = 0.05495
INFO: (function: getCLs) AsymptoticLimits.cc: 343 -- At r = 23.415576:	q_mu = 3.26065	q_A  = 6.03428	CLsb = 0.03548	CLb  = 0.74240	CLs  = 0.04779
INFO: (function: getCLs) AsymptoticLimits.cc: 343 -- At r = 22.958995:	q_mu = 3.15361	q_A  = 5.90354	CLsb = 0.03788	CLb  = 0.74340	CLs  = 0.05095
INFO: (function: getCLs) AsymptoticLimits.cc: 343 -- At r = 23.158076:	q_mu = 3.20022	q_A  = 5.96055	CLsb = 0.03681	CLb  = 0.74296	CLs  = 0.04955
INFO: (function: getCLs) AsymptoticLimits.cc: 343 -- At r = 23.066765:	q_mu = 3.17883	q_A  = 5.93440	CLsb = 0.03730	CLb  = 0.74317	CLs  = 0.05019
