INFO: (function: improveOnce) CascadeMinimizer.cc: 188 -- Minimisation configured with Type=Minuit2, Algo=Migrad, strategy=0, tolerance=0.1
INFO: (function: improveOnce) CascadeMinimizer.cc: 211 -- Minimisation finished with status=0
INFO: (function: improveOnce) CascadeMinimizer.cc: 216 -- Minimization success! status=0
INFO: (function: generateAsimov) ToyMCSamplerOpt.cc: 139 -- Using internal logic for binned/unbinned Asimov dataset generation
INFO: (function: generateWithHisto) ToyMCSamplerOpt.cc: 214 -- Generating asimov with histogram for pdf pdf_binfail_LOW_obsOnly: in 5 x-bins
INFO: (function: generateWithHisto) ToyMCSamplerOpt.cc: 215 -- , in 1 y-bins
INFO: (function: generateAsimov) ToyMCSamplerOpt.cc: 139 -- Using internal logic for binned/unbinned Asimov dataset generation
INFO: (function: generateWithHisto) ToyMCSamplerOpt.cc: 214 -- Generating asimov with histogram for pdf pdf_binfail_SIG_obsOnly: in 14 x-bins
INFO: (function: generateWithHisto) ToyMCSamplerOpt.cc: 215 -- , in 1 y-bins
INFO: (function: generateAsimov) ToyMCSamplerOpt.cc: 139 -- Using internal logic for binned/unbinned Asimov dataset generation
INFO: (function: generateWithHisto) ToyMCSamplerOpt.cc: 214 -- Generating asimov with histogram for pdf pdf_binpass_LOW_obsOnly: in 5 x-bins
INFO: (function: generateWithHisto) ToyMCSamplerOpt.cc: 215 -- , in 1 y-bins
INFO: (function: generateAsimov) ToyMCSamplerOpt.cc: 139 -- Using internal logic for binned/unbinned Asimov dataset generation
INFO: (function: generateWithHisto) ToyMCSamplerOpt.cc: 214 -- Generating asimov with histogram for pdf pdf_binpass_SIG_obsOnly: in 14 x-bins
INFO: (function: generateWithHisto) ToyMCSamplerOpt.cc: 215 -- , in 1 y-bins
INFO: (function: runLimitExpected) AsymptoticLimits.cc: 436 -- Median for expected limits = 3.875 (Sigma for expected limits = 1.97708)
INFO: (function: runLimit) AsymptoticLimits.cc: 193 -- NLL at global minimum of data = -70695.1 (r=6.68638e-07)
INFO: (function: runLimit) AsymptoticLimits.cc: 213 -- NLL at global minimum of asimov = -70697.9 (r=4.36871e-06)
INFO: (function: getCLs) AsymptoticLimits.cc: 343 -- At r = 1.639655:	q_mu = 2.34093	q_A  = 1.97940	CLsb = 0.06234	CLb  = 0.44888	CLs  = 0.13889
INFO: (function: getCLs) AsymptoticLimits.cc: 343 -- At r = 3.279310:	q_mu = 3.93229	q_A  = 3.40774	CLsb = 0.02340	CLb  = 0.44351	CLs  = 0.05276
INFO: (function: getCLs) AsymptoticLimits.cc: 343 -- At r = 6.558621:	q_mu = 6.37604	q_A  = 5.60333	CLsb = 0.00570	CLb  = 0.43517	CLs  = 0.01309
INFO: (function: getCLs) AsymptoticLimits.cc: 343 -- At r = 3.279311:	q_mu = 3.93225	q_A  = 3.40114	CLsb = 0.02339	CLb  = 0.44275	CLs  = 0.05284
INFO: (function: getCLs) AsymptoticLimits.cc: 343 -- At r = 4.918966:	q_mu = 5.22990	q_A  = 4.56808	CLsb = 0.01095	CLb  = 0.43848	CLs  = 0.02497
INFO: (function: getCLs) AsymptoticLimits.cc: 343 -- At r = 3.703854:	q_mu = 4.28938	q_A  = 3.72012	CLsb = 0.01893	CLb  = 0.44134	CLs  = 0.04290
INFO: (function: getCLs) AsymptoticLimits.cc: 343 -- At r = 3.454163:	q_mu = 4.08088	q_A  = 3.53427	CLsb = 0.02142	CLb  = 0.44221	CLs  = 0.04843
INFO: (function: getCLs) AsymptoticLimits.cc: 343 -- At r = 3.367960:	q_mu = 4.00816	q_A  = 3.46894	CLsb = 0.02236	CLb  = 0.44245	CLs  = 0.05054
INFO: (function: getCLs) AsymptoticLimits.cc: 343 -- At r = 3.402529:	q_mu = 4.03726	q_A  = 3.49520	CLsb = 0.02198	CLb  = 0.44237	CLs  = 0.04968
INFO: (function: getCLs) AsymptoticLimits.cc: 343 -- At r = 3.385288:	q_mu = 4.02264	q_A  = 3.48210	CLsb = 0.02217	CLb  = 0.44242	CLs  = 0.05011
INFO: (function: getCLs) AsymptoticLimits.cc: 343 -- At r = 3.392252:	q_mu = 4.02853	q_A  = 3.48739	CLsb = 0.02209	CLb  = 0.44240	CLs  = 0.04994
