INFO: (function: improveOnce) CascadeMinimizer.cc: 188 -- Minimisation configured with Type=Minuit2, Algo=Migrad, strategy=0, tolerance=0.1
INFO: (function: improveOnce) CascadeMinimizer.cc: 211 -- Minimisation finished with status=0
INFO: (function: improveOnce) CascadeMinimizer.cc: 216 -- Minimization success! status=0
INFO: (function: generateAsimov) ToyMCSamplerOpt.cc: 139 -- Using internal logic for binned/unbinned Asimov dataset generation
INFO: (function: generateWithHisto) ToyMCSamplerOpt.cc: 214 -- Generating asimov with histogram for pdf pdf_binfail_LOW_obsOnly: in 5 x-bins
INFO: (function: generateWithHisto) ToyMCSamplerOpt.cc: 215 -- , in 1 y-bins
INFO: (function: generateAsimov) ToyMCSamplerOpt.cc: 139 -- Using internal logic for binned/unbinned Asimov dataset generation
INFO: (function: generateWithHisto) ToyMCSamplerOpt.cc: 214 -- Generating asimov with histogram for pdf pdf_binfail_SIG_obsOnly: in 4 x-bins
INFO: (function: generateWithHisto) ToyMCSamplerOpt.cc: 215 -- , in 1 y-bins
INFO: (function: generateAsimov) ToyMCSamplerOpt.cc: 139 -- Using internal logic for binned/unbinned Asimov dataset generation
INFO: (function: generateWithHisto) ToyMCSamplerOpt.cc: 214 -- Generating asimov with histogram for pdf pdf_binpass_LOW_obsOnly: in 5 x-bins
INFO: (function: generateWithHisto) ToyMCSamplerOpt.cc: 215 -- , in 1 y-bins
INFO: (function: generateAsimov) ToyMCSamplerOpt.cc: 139 -- Using internal logic for binned/unbinned Asimov dataset generation
INFO: (function: generateWithHisto) ToyMCSamplerOpt.cc: 214 -- Generating asimov with histogram for pdf pdf_binpass_SIG_obsOnly: in 4 x-bins
INFO: (function: generateWithHisto) ToyMCSamplerOpt.cc: 215 -- , in 1 y-bins
INFO: (function: runLimitExpected) AsymptoticLimits.cc: 436 -- Median for expected limits = 3233 (Sigma for expected limits = 1649.52)
INFO: (function: runLimit) AsymptoticLimits.cc: 193 -- NLL at global minimum of data = -76443.9 (r=687.614)
INFO: (function: runLimit) AsymptoticLimits.cc: 213 -- NLL at global minimum of asimov = -76444.7 (r=6.00597)
INFO: (function: getCLs) AsymptoticLimits.cc: 343 -- At r = 4044.377493:	q_mu = 4.68114	q_A  = 5.58637	CLsb = 0.01525	CLb  = 0.57924	CLs  = 0.02632
INFO: (function: getCLs) AsymptoticLimits.cc: 343 -- At r = 2365.995838:	q_mu = 1.23381	q_A  = 2.40238	CLsb = 0.13333	CLb  = 0.66974	CLs  = 0.19908
INFO: (function: getCLs) AsymptoticLimits.cc: 343 -- At r = 3205.186666:	q_mu = 2.74411	q_A  = 3.77849	CLsb = 0.04881	CLb  = 0.61306	CLs  = 0.07961
INFO: (function: getCLs) AsymptoticLimits.cc: 343 -- At r = 3655.190809:	q_mu = 3.74269	q_A  = 4.70726	CLsb = 0.02652	CLb  = 0.59290	CLs  = 0.04473
INFO: (function: getCLs) AsymptoticLimits.cc: 343 -- At r = 3495.621125:	q_mu = 3.37687	q_A  = 4.36605	CLsb = 0.03306	CLb  = 0.59943	CLs  = 0.05515
INFO: (function: getCLs) AsymptoticLimits.cc: 343 -- At r = 3587.283591:	q_mu = 3.58555	q_A  = 4.56057	CLsb = 0.02914	CLb  = 0.59561	CLs  = 0.04893
INFO: (function: getCLs) AsymptoticLimits.cc: 343 -- At r = 3555.677402:	q_mu = 3.51314	q_A  = 4.49304	CLsb = 0.03044	CLb  = 0.59690	CLs  = 0.05100
INFO: (function: getCLs) AsymptoticLimits.cc: 343 -- At r = 3574.071364:	q_mu = 3.55522	q_A  = 4.53228	CLsb = 0.02968	CLb  = 0.59615	CLs  = 0.04979
