INFO: (function: improveOnce) CascadeMinimizer.cc: 188 -- Minimisation configured with Type=Minuit2, Algo=Migrad, strategy=0, tolerance=0.1
INFO: (function: improveOnce) CascadeMinimizer.cc: 211 -- Minimisation finished with status=0
INFO: (function: improveOnce) CascadeMinimizer.cc: 216 -- Minimization success! status=0
INFO: (function: generateAsimov) ToyMCSamplerOpt.cc: 139 -- Using internal logic for binned/unbinned Asimov dataset generation
INFO: (function: generateWithHisto) ToyMCSamplerOpt.cc: 214 -- Generating asimov with histogram for pdf pdf_binfail_LOW_obsOnly: in 5 x-bins
INFO: (function: generateWithHisto) ToyMCSamplerOpt.cc: 215 -- , in 1 y-bins
INFO: (function: generateAsimov) ToyMCSamplerOpt.cc: 139 -- Using internal logic for binned/unbinned Asimov dataset generation
INFO: (function: generateWithHisto) ToyMCSamplerOpt.cc: 214 -- Generating asimov with histogram for pdf pdf_binfail_SIG_obsOnly: in 14 x-bins
INFO: (function: generateWithHisto) ToyMCSamplerOpt.cc: 215 -- , in 1 y-bins
INFO: (function: generateAsimov) ToyMCSamplerOpt.cc: 139 -- Using internal logic for binned/unbinned Asimov dataset generation
INFO: (function: generateWithHisto) ToyMCSamplerOpt.cc: 214 -- Generating asimov with histogram for pdf pdf_binpass_LOW_obsOnly: in 5 x-bins
INFO: (function: generateWithHisto) ToyMCSamplerOpt.cc: 215 -- , in 1 y-bins
INFO: (function: generateAsimov) ToyMCSamplerOpt.cc: 139 -- Using internal logic for binned/unbinned Asimov dataset generation
INFO: (function: generateWithHisto) ToyMCSamplerOpt.cc: 214 -- Generating asimov with histogram for pdf pdf_binpass_SIG_obsOnly: in 14 x-bins
INFO: (function: generateWithHisto) ToyMCSamplerOpt.cc: 215 -- , in 1 y-bins
INFO: (function: runLimitExpected) AsymptoticLimits.cc: 436 -- Median for expected limits = 4000 (Sigma for expected limits = 2040.85)
DEBUG: (function: findExpectedLimitFromCrossing) AsymptoticLimits.cc: 678 -- fail search for crossing of r between 3984.375000 and 4000.000000
INFO: (function: runLimit) AsymptoticLimits.cc: 193 -- NLL at global minimum of data = -822738 (r=1.40988)
INFO: (function: runLimit) AsymptoticLimits.cc: 213 -- NLL at global minimum of asimov = -822736 (r=0.000182357)
INFO: (function: getCLs) AsymptoticLimits.cc: 343 -- At r = 251.549879:	q_mu = 0.00000	q_A  = 0.52339	CLsb = 0.50000	CLb  = 0.76530	CLs  = 0.65334
INFO: (function: getCLs) AsymptoticLimits.cc: 343 -- At r = 503.099757:	q_mu = 0.00000	q_A  = 0.60770	CLsb = 0.50000	CLb  = 0.78217	CLs  = 0.63925
INFO: (function: getCLs) AsymptoticLimits.cc: 343 -- At r = 1006.199514:	q_mu = 0.00000	q_A  = 0.69939	CLsb = 0.50000	CLb  = 0.79851	CLs  = 0.62617
INFO: (function: getCLs) AsymptoticLimits.cc: 343 -- At r = 2012.399028:	q_mu = 0.00000	q_A  = 0.79982	CLsb = 0.50000	CLb  = 0.81443	CLs  = 0.61393
INFO: (function: getCLs) AsymptoticLimits.cc: 343 -- At r = 4024.798057:	q_mu = 0.03751	q_A  = 0.91206	CLsb = 0.42321	CLb  = 0.77677	CLs  = 0.54483
INFO: (function: getCLs) AsymptoticLimits.cc: 343 -- At r = 4025.502996:	q_mu = 0.03755	q_A  = 0.91059	CLsb = 0.42317	CLb  = 0.77651	CLs  = 0.54496
INFO: (function: getCLs) AsymptoticLimits.cc: 343 -- At r = 6037.549554:	q_mu = 0.14316	q_A  = 0.98370	CLsb = 0.35258	CLb  = 0.73021	CLs  = 0.48285
INFO: (function: getCLs) AsymptoticLimits.cc: 343 -- At r = 7043.572834:	q_mu = 0.18805	q_A  = 1.01374	CLsb = 0.33227	CLb  = 0.71675	CLs  = 0.46359
INFO: (function: getCLs) AsymptoticLimits.cc: 343 -- At r = 7546.584473:	q_mu = 0.20918	q_A  = 1.02762	CLsb = 0.32371	CLb  = 0.71102	CLs  = 0.45527
INFO: (function: getCLs) AsymptoticLimits.cc: 343 -- At r = 7798.090293:	q_mu = 0.21943	q_A  = 1.03434	CLsb = 0.31974	CLb  = 0.70836	CLs  = 0.45138
INFO: (function: getCLs) AsymptoticLimits.cc: 343 -- At r = 7923.843203:	q_mu = 0.22449	q_A  = 1.03763	CLsb = 0.31782	CLb  = 0.70707	CLs  = 0.44949
INFO: (function: getCLs) AsymptoticLimits.cc: 343 -- At r = 7986.719658:	q_mu = 0.22701	q_A  = 1.03926	CLsb = 0.31688	CLb  = 0.70643	CLs  = 0.44856
INFO: (function: getCLs) AsymptoticLimits.cc: 343 -- At r = 8018.157886:	q_mu = 0.22826	q_A  = 1.04007	CLsb = 0.31641	CLb  = 0.70611	CLs  = 0.44810
