INFO: (function: improveOnce) CascadeMinimizer.cc: 188 -- Minimisation configured with Type=Minuit2, Algo=Migrad, strategy=0, tolerance=0.1
INFO: (function: improveOnce) CascadeMinimizer.cc: 211 -- Minimisation finished with status=0
INFO: (function: improveOnce) CascadeMinimizer.cc: 216 -- Minimization success! status=0
INFO: (function: generateAsimov) ToyMCSamplerOpt.cc: 139 -- Using internal logic for binned/unbinned Asimov dataset generation
INFO: (function: generateWithHisto) ToyMCSamplerOpt.cc: 214 -- Generating asimov with histogram for pdf pdf_binfail_LOW_obsOnly: in 6 x-bins
INFO: (function: generateWithHisto) ToyMCSamplerOpt.cc: 215 -- , in 1 y-bins
INFO: (function: generateAsimov) ToyMCSamplerOpt.cc: 139 -- Using internal logic for binned/unbinned Asimov dataset generation
INFO: (function: generateWithHisto) ToyMCSamplerOpt.cc: 214 -- Generating asimov with histogram for pdf pdf_binfail_SIG_obsOnly: in 2 x-bins
INFO: (function: generateWithHisto) ToyMCSamplerOpt.cc: 215 -- , in 1 y-bins
INFO: (function: generateAsimov) ToyMCSamplerOpt.cc: 139 -- Using internal logic for binned/unbinned Asimov dataset generation
INFO: (function: generateWithHisto) ToyMCSamplerOpt.cc: 214 -- Generating asimov with histogram for pdf pdf_binpass_LOW_obsOnly: in 6 x-bins
INFO: (function: generateWithHisto) ToyMCSamplerOpt.cc: 215 -- , in 1 y-bins
INFO: (function: generateAsimov) ToyMCSamplerOpt.cc: 139 -- Using internal logic for binned/unbinned Asimov dataset generation
INFO: (function: generateWithHisto) ToyMCSamplerOpt.cc: 214 -- Generating asimov with histogram for pdf pdf_binpass_SIG_obsOnly: in 2 x-bins
INFO: (function: generateWithHisto) ToyMCSamplerOpt.cc: 215 -- , in 1 y-bins
INFO: (function: runLimitExpected) AsymptoticLimits.cc: 436 -- Median for expected limits = 1.85938 (Sigma for expected limits = 0.948678)
INFO: (function: runLimit) AsymptoticLimits.cc: 193 -- NLL at global minimum of data = -10990.4 (r=0.923889)
INFO: (function: runLimit) AsymptoticLimits.cc: 213 -- NLL at global minimum of asimov = -10996 (r=0.0045989)
INFO: (function: getCLs) AsymptoticLimits.cc: 343 -- At r = 3.316421:	q_mu = 3.03736	q_A  = 7.28754	CLsb = 0.04068	CLb  = 0.83065	CLs  = 0.04898
INFO: (function: getCLs) AsymptoticLimits.cc: 343 -- At r = 2.120155:	q_mu = 1.13003	q_A  = 4.46963	CLsb = 0.14388	CLb  = 0.85340	CLs  = 0.16860
INFO: (function: getCLs) AsymptoticLimits.cc: 343 -- At r = 2.718288:	q_mu = 2.04018	q_A  = 5.89890	CLsb = 0.07660	CLb  = 0.84145	CLs  = 0.09103
INFO: (function: getCLs) AsymptoticLimits.cc: 343 -- At r = 3.180858:	q_mu = 2.80691	q_A  = 6.97664	CLsb = 0.04693	CLb  = 0.83296	CLs  = 0.05634
INFO: (function: getCLs) AsymptoticLimits.cc: 343 -- At r = 3.273321:	q_mu = 2.96384	q_A  = 7.18897	CLsb = 0.04257	CLb  = 0.83138	CLs  = 0.05121
INFO: (function: getCLs) AsymptoticLimits.cc: 343 -- At r = 3.291806:	q_mu = 3.01542	q_A  = 7.23138	CLsb = 0.04124	CLb  = 0.82961	CLs  = 0.04971
INFO: (function: getCLs) AsymptoticLimits.cc: 343 -- At r = 3.285192:	q_mu = 2.98414	q_A  = 7.21614	CLsb = 0.04204	CLb  = 0.83118	CLs  = 0.05058
