INFO: (function: improveOnce) CascadeMinimizer.cc: 188 -- Minimisation configured with Type=Minuit2, Algo=Migrad, strategy=0, tolerance=0.1
INFO: (function: improveOnce) CascadeMinimizer.cc: 211 -- Minimisation finished with status=0
INFO: (function: improveOnce) CascadeMinimizer.cc: 216 -- Minimization success! status=0
INFO: (function: generateAsimov) ToyMCSamplerOpt.cc: 139 -- Using internal logic for binned/unbinned Asimov dataset generation
INFO: (function: generateWithHisto) ToyMCSamplerOpt.cc: 214 -- Generating asimov with histogram for pdf pdf_binfail_LOW_obsOnly: in 18 x-bins
INFO: (function: generateWithHisto) ToyMCSamplerOpt.cc: 215 -- , in 1 y-bins
INFO: (function: generateAsimov) ToyMCSamplerOpt.cc: 139 -- Using internal logic for binned/unbinned Asimov dataset generation
INFO: (function: generateWithHisto) ToyMCSamplerOpt.cc: 214 -- Generating asimov with histogram for pdf pdf_binfail_SIG_obsOnly: in 2 x-bins
INFO: (function: generateWithHisto) ToyMCSamplerOpt.cc: 215 -- , in 1 y-bins
INFO: (function: generateAsimov) ToyMCSamplerOpt.cc: 139 -- Using internal logic for binned/unbinned Asimov dataset generation
INFO: (function: generateWithHisto) ToyMCSamplerOpt.cc: 214 -- Generating asimov with histogram for pdf pdf_binpass_LOW_obsOnly: in 18 x-bins
INFO: (function: generateWithHisto) ToyMCSamplerOpt.cc: 215 -- , in 1 y-bins
INFO: (function: generateAsimov) ToyMCSamplerOpt.cc: 139 -- Using internal logic for binned/unbinned Asimov dataset generation
INFO: (function: generateWithHisto) ToyMCSamplerOpt.cc: 214 -- Generating asimov with histogram for pdf pdf_binpass_SIG_obsOnly: in 2 x-bins
INFO: (function: generateWithHisto) ToyMCSamplerOpt.cc: 215 -- , in 1 y-bins
DEBUG: (function: runLimitExpected) AsymptoticLimits.cc: 423 -- Best fit of asimov dataset is at r = 0.088211 (0.004411 times rMax), while it should be at zero
INFO: (function: runLimitExpected) AsymptoticLimits.cc: 436 -- Median for expected limits = 2781 (Sigma for expected limits = 1418.9)
INFO: (function: runLimit) AsymptoticLimits.cc: 193 -- NLL at global minimum of data = -3.22885e+06 (r=2.17132e-05)
INFO: (function: runLimit) AsymptoticLimits.cc: 213 -- NLL at global minimum of asimov = -3.22884e+06 (r=0.502307)
INFO: (function: getCLs) AsymptoticLimits.cc: 343 -- At r = 1008.152038:	q_mu = 2.99886	q_A  = 0.50508	CLsb = 0.00685	CLb  = 0.03967	CLs  = 0.17259
INFO: (function: getCLs) AsymptoticLimits.cc: 343 -- At r = 2016.304076:	q_mu = 6.99772	q_A  = 2.01715	CLsb = 0.00075	CLb  = 0.03977	CLs  = 0.01893
INFO: (function: getCLs) AsymptoticLimits.cc: 343 -- At r = 1008.152049:	q_mu = 2.99886	q_A  = 0.50508	CLsb = 0.00685	CLb  = 0.03967	CLs  = 0.17259
INFO: (function: getCLs) AsymptoticLimits.cc: 343 -- At r = 1512.228062:	q_mu = 4.87385	q_A  = 1.13565	CLsb = 0.00240	CLb  = 0.03972	CLs  = 0.06053
INFO: (function: getCLs) AsymptoticLimits.cc: 343 -- At r = 1679.319556:	q_mu = 5.55029	q_A  = 1.40003	CLsb = 0.00166	CLb  = 0.03973	CLs  = 0.04170
INFO: (function: getCLs) AsymptoticLimits.cc: 343 -- At r = 1580.782108:	q_mu = 5.14804	q_A  = 1.24076	CLsb = 0.00207	CLb  = 0.03972	CLs  = 0.05203
INFO: (function: getCLs) AsymptoticLimits.cc: 343 -- At r = 1614.656395:	q_mu = 5.28523	q_A  = 1.29440	CLsb = 0.00192	CLb  = 0.03973	CLs  = 0.04824
INFO: (function: getCLs) AsymptoticLimits.cc: 343 -- At r = 1595.045002:	q_mu = 5.20565	q_A  = 1.26319	CLsb = 0.00200	CLb  = 0.03972	CLs  = 0.05040
INFO: (function: getCLs) AsymptoticLimits.cc: 343 -- At r = 1601.842390:	q_mu = 5.23319	q_A  = 1.27396	CLsb = 0.00197	CLb  = 0.03972	CLs  = 0.04964
INFO: (function: getCLs) AsymptoticLimits.cc: 343 -- At r = 1597.924188:	q_mu = 5.21731	q_A  = 1.26774	CLsb = 0.00199	CLb  = 0.03972	CLs  = 0.05008
