INFO: (function: improveOnce) CascadeMinimizer.cc: 188 -- Minimisation configured with Type=Minuit2, Algo=Migrad, strategy=0, tolerance=0.1
INFO: (function: improveOnce) CascadeMinimizer.cc: 211 -- Minimisation finished with status=0
INFO: (function: improveOnce) CascadeMinimizer.cc: 216 -- Minimization success! status=0
INFO: (function: generateAsimov) ToyMCSamplerOpt.cc: 139 -- Using internal logic for binned/unbinned Asimov dataset generation
INFO: (function: generateWithHisto) ToyMCSamplerOpt.cc: 214 -- Generating asimov with histogram for pdf pdf_binfail_LOW_obsOnly: in 5 x-bins
INFO: (function: generateWithHisto) ToyMCSamplerOpt.cc: 215 -- , in 1 y-bins
INFO: (function: generateAsimov) ToyMCSamplerOpt.cc: 139 -- Using internal logic for binned/unbinned Asimov dataset generation
INFO: (function: generateWithHisto) ToyMCSamplerOpt.cc: 214 -- Generating asimov with histogram for pdf pdf_binfail_SIG_obsOnly: in 6 x-bins
INFO: (function: generateWithHisto) ToyMCSamplerOpt.cc: 215 -- , in 1 y-bins
INFO: (function: generateAsimov) ToyMCSamplerOpt.cc: 139 -- Using internal logic for binned/unbinned Asimov dataset generation
INFO: (function: generateWithHisto) ToyMCSamplerOpt.cc: 214 -- Generating asimov with histogram for pdf pdf_binpass_LOW_obsOnly: in 5 x-bins
INFO: (function: generateWithHisto) ToyMCSamplerOpt.cc: 215 -- , in 1 y-bins
INFO: (function: generateAsimov) ToyMCSamplerOpt.cc: 139 -- Using internal logic for binned/unbinned Asimov dataset generation
INFO: (function: generateWithHisto) ToyMCSamplerOpt.cc: 214 -- Generating asimov with histogram for pdf pdf_binpass_SIG_obsOnly: in 6 x-bins
INFO: (function: generateWithHisto) ToyMCSamplerOpt.cc: 215 -- , in 1 y-bins
INFO: (function: runLimitExpected) AsymptoticLimits.cc: 436 -- Median for expected limits = 0.0170898 (Sigma for expected limits = 0.00871947)
INFO: (function: runLimit) AsymptoticLimits.cc: 193 -- NLL at global minimum of data = -61851.8 (r=1.39888e-13)
INFO: (function: runLimit) AsymptoticLimits.cc: 213 -- NLL at global minimum of asimov = -61846 (r=1.64646e-12)
INFO: (function: getCLs) AsymptoticLimits.cc: 343 -- At r = 1.200000:	q_mu = 76.27018	q_A  = 78.47104	CLsb = 0.00000	CLb  = 0.54978	CLs  = 0.00000
INFO: (function: getCLs) AsymptoticLimits.cc: 343 -- At r = 0.600000:	q_mu = 49.97342	q_A  = 52.34982	CLsb = 0.00000	CLb  = 0.56597	CLs  = 0.00000
INFO: (function: getCLs) AsymptoticLimits.cc: 343 -- At r = 0.300000:	q_mu = 32.17282	q_A  = 34.56700	CLsb = 0.00000	CLb  = 0.58210	CLs  = 0.00000
INFO: (function: getCLs) AsymptoticLimits.cc: 343 -- At r = 0.150000:	q_mu = 20.28510	q_A  = 22.00981	CLsb = 0.00000	CLb  = 0.57439	CLs  = 0.00001
INFO: (function: getCLs) AsymptoticLimits.cc: 343 -- At r = 0.075000:	q_mu = 12.33959	q_A  = 13.41975	CLsb = 0.00022	CLb  = 0.55982	CLs  = 0.00040
INFO: (function: getCLs) AsymptoticLimits.cc: 343 -- At r = 0.037500:	q_mu = 7.20034	q_A  = 7.75491	CLsb = 0.00364	CLb  = 0.54039	CLs  = 0.00674
INFO: (function: getCLs) AsymptoticLimits.cc: 343 -- At r = 0.018750:	q_mu = 4.08019	q_A  = 4.25219	CLsb = 0.02169	CLb  = 0.51681	CLs  = 0.04198
INFO: (function: getCLs) AsymptoticLimits.cc: 343 -- At r = 0.009375:	q_mu = 2.25425	q_A  = 2.23120	CLsb = 0.06662	CLb  = 0.49692	CLs  = 0.13407
INFO: (function: getCLs) AsymptoticLimits.cc: 343 -- At r = 0.015745:	q_mu = 3.52513	q_A  = 3.63366	CLsb = 0.03022	CLb  = 0.51144	CLs  = 0.05909
INFO: (function: getCLs) AsymptoticLimits.cc: 343 -- At r = 0.017521:	q_mu = 3.85603	q_A  = 4.00166	CLsb = 0.02478	CLb  = 0.51465	CLs  = 0.04816
INFO: (function: getCLs) AsymptoticLimits.cc: 343 -- At r = 0.016905:	q_mu = 3.74224	q_A  = 3.87492	CLsb = 0.02653	CLb  = 0.51356	CLs  = 0.05165
INFO: (function: getCLs) AsymptoticLimits.cc: 343 -- At r = 0.017257:	q_mu = 3.80736	q_A  = 3.94742	CLsb = 0.02551	CLb  = 0.51419	CLs  = 0.04962
