INFO: (function: improveOnce) CascadeMinimizer.cc: 188 -- Minimisation configured with Type=Minuit2, Algo=Migrad, strategy=0, tolerance=0.1
INFO: (function: improveOnce) CascadeMinimizer.cc: 211 -- Minimisation finished with status=0
INFO: (function: improveOnce) CascadeMinimizer.cc: 216 -- Minimization success! status=0
INFO: (function: generateAsimov) ToyMCSamplerOpt.cc: 139 -- Using internal logic for binned/unbinned Asimov dataset generation
INFO: (function: generateWithHisto) ToyMCSamplerOpt.cc: 214 -- Generating asimov with histogram for pdf pdf_binfail_LOW_obsOnly: in 6 x-bins
INFO: (function: generateWithHisto) ToyMCSamplerOpt.cc: 215 -- , in 1 y-bins
INFO: (function: generateAsimov) ToyMCSamplerOpt.cc: 139 -- Using internal logic for binned/unbinned Asimov dataset generation
INFO: (function: generateWithHisto) ToyMCSamplerOpt.cc: 214 -- Generating asimov with histogram for pdf pdf_binfail_SIG_obsOnly: in 8 x-bins
INFO: (function: generateWithHisto) ToyMCSamplerOpt.cc: 215 -- , in 1 y-bins
INFO: (function: generateAsimov) ToyMCSamplerOpt.cc: 139 -- Using internal logic for binned/unbinned Asimov dataset generation
INFO: (function: generateWithHisto) ToyMCSamplerOpt.cc: 214 -- Generating asimov with histogram for pdf pdf_binpass_LOW_obsOnly: in 6 x-bins
INFO: (function: generateWithHisto) ToyMCSamplerOpt.cc: 215 -- , in 1 y-bins
INFO: (function: generateAsimov) ToyMCSamplerOpt.cc: 139 -- Using internal logic for binned/unbinned Asimov dataset generation
INFO: (function: generateWithHisto) ToyMCSamplerOpt.cc: 214 -- Generating asimov with histogram for pdf pdf_binpass_SIG_obsOnly: in 8 x-bins
INFO: (function: generateWithHisto) ToyMCSamplerOpt.cc: 215 -- , in 1 y-bins
INFO: (function: runLimitExpected) AsymptoticLimits.cc: 436 -- Median for expected limits = 29.875 (Sigma for expected limits = 15.2426)
INFO: (function: runLimit) AsymptoticLimits.cc: 193 -- NLL at global minimum of data = -777268 (r=3.62851e-08)
INFO: (function: runLimit) AsymptoticLimits.cc: 213 -- NLL at global minimum of asimov = -777257 (r=1.2083e-13)
INFO: (function: getCLs) AsymptoticLimits.cc: 343 -- At r = 16.681288:	q_mu = 3.09712	q_A  = 2.01960	CLsb = 0.03591	CLb  = 0.35230	CLs  = 0.10193
INFO: (function: getCLs) AsymptoticLimits.cc: 343 -- At r = 33.362575:	q_mu = 5.79246	q_A  = 4.32169	CLsb = 0.00750	CLb  = 0.36177	CLs  = 0.02072
INFO: (function: getCLs) AsymptoticLimits.cc: 343 -- At r = 16.681288:	q_mu = 3.09714	q_A  = 2.01960	CLsb = 0.03591	CLb  = 0.35230	CLs  = 0.10193
INFO: (function: getCLs) AsymptoticLimits.cc: 343 -- At r = 25.983542:	q_mu = 4.63550	q_A  = 3.30978	CLsb = 0.01449	CLb  = 0.35780	CLs  = 0.04051
INFO: (function: getCLs) AsymptoticLimits.cc: 343 -- At r = 22.425816:	q_mu = 4.05776	q_A  = 2.81744	CLsb = 0.02028	CLb  = 0.35589	CLs  = 0.05699
INFO: (function: getCLs) AsymptoticLimits.cc: 343 -- At r = 24.228104:	q_mu = 4.35205	q_A  = 3.06704	CLsb = 0.01708	CLb  = 0.35686	CLs  = 0.04786
INFO: (function: getCLs) AsymptoticLimits.cc: 343 -- At r = 23.506645:	q_mu = 4.23471	q_A  = 2.96730	CLsb = 0.01829	CLb  = 0.35648	CLs  = 0.05130
INFO: (function: getCLs) AsymptoticLimits.cc: 343 -- At r = 23.864714:	q_mu = 4.29300	q_A  = 3.01686	CLsb = 0.01768	CLb  = 0.35668	CLs  = 0.04956
INFO: (function: getCLs) AsymptoticLimits.cc: 343 -- At r = 23.719979:	q_mu = 4.26944	q_A  = 2.99683	CLsb = 0.01792	CLb  = 0.35660	CLs  = 0.05026
INFO: (function: getCLs) AsymptoticLimits.cc: 343 -- At r = 23.791546:	q_mu = 4.28110	q_A  = 3.00673	CLsb = 0.01780	CLb  = 0.35664	CLs  = 0.04991
