INFO: (function: improveOnce) CascadeMinimizer.cc: 188 -- Minimisation configured with Type=Minuit2, Algo=Migrad, strategy=0, tolerance=0.1
INFO: (function: improveOnce) CascadeMinimizer.cc: 211 -- Minimisation finished with status=0
INFO: (function: improveOnce) CascadeMinimizer.cc: 216 -- Minimization success! status=0
INFO: (function: generateAsimov) ToyMCSamplerOpt.cc: 139 -- Using internal logic for binned/unbinned Asimov dataset generation
INFO: (function: generateWithHisto) ToyMCSamplerOpt.cc: 214 -- Generating asimov with histogram for pdf pdf_binfail_LOW_obsOnly: in 5 x-bins
INFO: (function: generateWithHisto) ToyMCSamplerOpt.cc: 215 -- , in 1 y-bins
INFO: (function: generateAsimov) ToyMCSamplerOpt.cc: 139 -- Using internal logic for binned/unbinned Asimov dataset generation
INFO: (function: generateWithHisto) ToyMCSamplerOpt.cc: 214 -- Generating asimov with histogram for pdf pdf_binfail_SIG_obsOnly: in 4 x-bins
INFO: (function: generateWithHisto) ToyMCSamplerOpt.cc: 215 -- , in 1 y-bins
INFO: (function: generateAsimov) ToyMCSamplerOpt.cc: 139 -- Using internal logic for binned/unbinned Asimov dataset generation
INFO: (function: generateWithHisto) ToyMCSamplerOpt.cc: 214 -- Generating asimov with histogram for pdf pdf_binpass_LOW_obsOnly: in 5 x-bins
INFO: (function: generateWithHisto) ToyMCSamplerOpt.cc: 215 -- , in 1 y-bins
INFO: (function: generateAsimov) ToyMCSamplerOpt.cc: 139 -- Using internal logic for binned/unbinned Asimov dataset generation
INFO: (function: generateWithHisto) ToyMCSamplerOpt.cc: 214 -- Generating asimov with histogram for pdf pdf_binpass_SIG_obsOnly: in 4 x-bins
INFO: (function: generateWithHisto) ToyMCSamplerOpt.cc: 215 -- , in 1 y-bins
INFO: (function: runLimitExpected) AsymptoticLimits.cc: 436 -- Median for expected limits = 0.0439453 (Sigma for expected limits = 0.0224215)
INFO: (function: runLimit) AsymptoticLimits.cc: 193 -- NLL at global minimum of data = -76398.4 (r=0.00956077)
INFO: (function: runLimit) AsymptoticLimits.cc: 213 -- NLL at global minimum of asimov = -76393.3 (r=2.10674e-08)
INFO: (function: getCLs) AsymptoticLimits.cc: 343 -- At r = 1.209561:	q_mu = 89.86773	q_A  = 91.19296	CLsb = 0.00000	CLb  = 0.52776	CLs  = 0.00000
INFO: (function: getCLs) AsymptoticLimits.cc: 343 -- At r = 0.609561:	q_mu = 51.36008	q_A  = 53.59396	CLsb = 0.00000	CLb  = 0.56127	CLs  = 0.00000
INFO: (function: getCLs) AsymptoticLimits.cc: 343 -- At r = 0.309561:	q_mu = 27.40384	q_A  = 30.05714	CLsb = 0.00000	CLb  = 0.59777	CLs  = 0.00000
INFO: (function: getCLs) AsymptoticLimits.cc: 343 -- At r = 0.159561:	q_mu = 13.49423	q_A  = 16.00524	CLsb = 0.00012	CLb  = 0.62824	CLs  = 0.00019
INFO: (function: getCLs) AsymptoticLimits.cc: 343 -- At r = 0.084561:	q_mu = 6.03053	q_A  = 8.20495	CLsb = 0.00703	CLb  = 0.65863	CLs  = 0.01067
INFO: (function: getCLs) AsymptoticLimits.cc: 343 -- At r = 0.047061:	q_mu = 2.42518	q_A  = 4.17110	CLsb = 0.05970	CLb  = 0.68617	CLs  = 0.08700
INFO: (function: getCLs) AsymptoticLimits.cc: 343 -- At r = 0.065811:	q_mu = 4.18623	q_A  = 6.18882	CLsb = 0.02038	CLb  = 0.67065	CLs  = 0.03038
INFO: (function: getCLs) AsymptoticLimits.cc: 343 -- At r = 0.054959:	q_mu = 3.15026	q_A  = 5.01902	CLsb = 0.03796	CLb  = 0.67919	CLs  = 0.05589
INFO: (function: getCLs) AsymptoticLimits.cc: 343 -- At r = 0.058715:	q_mu = 3.50455	q_A  = 5.42378	CLsb = 0.03060	CLb  = 0.67611	CLs  = 0.04526
INFO: (function: getCLs) AsymptoticLimits.cc: 343 -- At r = 0.056544:	q_mu = 3.29917	q_A  = 5.18985	CLsb = 0.03466	CLb  = 0.67787	CLs  = 0.05113
INFO: (function: getCLs) AsymptoticLimits.cc: 343 -- At r = 0.057296:	q_mu = 3.37009	q_A  = 5.27083	CLsb = 0.03320	CLb  = 0.67726	CLs  = 0.04901
INFO: (function: getCLs) AsymptoticLimits.cc: 343 -- At r = 0.056862:	q_mu = 3.32910	q_A  = 5.22405	CLsb = 0.03403	CLb  = 0.67761	CLs  = 0.05022
