INFO: (function: improveOnce) CascadeMinimizer.cc: 188 -- Minimisation configured with Type=Minuit2, Algo=Migrad, strategy=0, tolerance=0.1
INFO: (function: improveOnce) CascadeMinimizer.cc: 211 -- Minimisation finished with status=0
INFO: (function: improveOnce) CascadeMinimizer.cc: 216 -- Minimization success! status=0
INFO: (function: generateAsimov) ToyMCSamplerOpt.cc: 139 -- Using internal logic for binned/unbinned Asimov dataset generation
INFO: (function: generateWithHisto) ToyMCSamplerOpt.cc: 214 -- Generating asimov with histogram for pdf pdf_binfail_LOW_obsOnly: in 5 x-bins
INFO: (function: generateWithHisto) ToyMCSamplerOpt.cc: 215 -- , in 1 y-bins
INFO: (function: generateAsimov) ToyMCSamplerOpt.cc: 139 -- Using internal logic for binned/unbinned Asimov dataset generation
INFO: (function: generateWithHisto) ToyMCSamplerOpt.cc: 214 -- Generating asimov with histogram for pdf pdf_binfail_SIG_obsOnly: in 3 x-bins
INFO: (function: generateWithHisto) ToyMCSamplerOpt.cc: 215 -- , in 1 y-bins
INFO: (function: generateAsimov) ToyMCSamplerOpt.cc: 139 -- Using internal logic for binned/unbinned Asimov dataset generation
INFO: (function: generateWithHisto) ToyMCSamplerOpt.cc: 214 -- Generating asimov with histogram for pdf pdf_binpass_LOW_obsOnly: in 5 x-bins
INFO: (function: generateWithHisto) ToyMCSamplerOpt.cc: 215 -- , in 1 y-bins
INFO: (function: generateAsimov) ToyMCSamplerOpt.cc: 139 -- Using internal logic for binned/unbinned Asimov dataset generation
INFO: (function: generateWithHisto) ToyMCSamplerOpt.cc: 214 -- Generating asimov with histogram for pdf pdf_binpass_SIG_obsOnly: in 3 x-bins
INFO: (function: generateWithHisto) ToyMCSamplerOpt.cc: 215 -- , in 1 y-bins
INFO: (function: runLimitExpected) AsymptoticLimits.cc: 436 -- Median for expected limits = 255.5 (Sigma for expected limits = 130.36)
INFO: (function: runLimit) AsymptoticLimits.cc: 193 -- NLL at global minimum of data = -13827.8 (r=4.4275e-06)
INFO: (function: runLimit) AsymptoticLimits.cc: 213 -- NLL at global minimum of asimov = -13826.8 (r=7.83489e-11)
INFO: (function: getCLs) AsymptoticLimits.cc: 343 -- At r = 144.393769:	q_mu = 2.95065	q_A  = 1.90289	CLsb = 0.03927	CLb  = 0.35206	CLs  = 0.11154
INFO: (function: getCLs) AsymptoticLimits.cc: 343 -- At r = 288.787538:	q_mu = 5.78454	q_A  = 4.42475	CLsb = 0.00762	CLb  = 0.37326	CLs  = 0.02041
INFO: (function: getCLs) AsymptoticLimits.cc: 343 -- At r = 144.393771:	q_mu = 2.95060	q_A  = 1.90286	CLsb = 0.03927	CLb  = 0.35206	CLs  = 0.11155
INFO: (function: getCLs) AsymptoticLimits.cc: 343 -- At r = 227.845378:	q_mu = 4.59961	q_A  = 3.34726	CLsb = 0.01494	CLb  = 0.36608	CLs  = 0.04080
INFO: (function: getCLs) AsymptoticLimits.cc: 343 -- At r = 197.653950:	q_mu = 4.00711	q_A  = 2.81909	CLsb = 0.02104	CLb  = 0.36175	CLs  = 0.05815
INFO: (function: getCLs) AsymptoticLimits.cc: 343 -- At r = 213.984374:	q_mu = 4.32807	q_A  = 3.10418	CLsb = 0.01746	CLb  = 0.36417	CLs  = 0.04795
INFO: (function: getCLs) AsymptoticLimits.cc: 343 -- At r = 207.888400:	q_mu = 4.20840	q_A  = 2.99759	CLsb = 0.01872	CLb  = 0.36329	CLs  = 0.05152
INFO: (function: getCLs) AsymptoticLimits.cc: 343 -- At r = 211.141973:	q_mu = 4.27229	q_A  = 3.05446	CLsb = 0.01804	CLb  = 0.36377	CLs  = 0.04958
INFO: (function: getCLs) AsymptoticLimits.cc: 343 -- At r = 209.920309:	q_mu = 4.24831	q_A  = 3.03310	CLsb = 0.01829	CLb  = 0.36359	CLs  = 0.05030
INFO: (function: getCLs) AsymptoticLimits.cc: 343 -- At r = 210.570511:	q_mu = 4.26107	q_A  = 3.04446	CLsb = 0.01815	CLb  = 0.36368	CLs  = 0.04992
