INFO: (function: improveOnce) CascadeMinimizer.cc: 188 -- Minimisation configured with Type=Minuit2, Algo=Migrad, strategy=0, tolerance=0.1
INFO: (function: improveOnce) CascadeMinimizer.cc: 211 -- Minimisation finished with status=0
INFO: (function: improveOnce) CascadeMinimizer.cc: 216 -- Minimization success! status=0
INFO: (function: generateAsimov) ToyMCSamplerOpt.cc: 139 -- Using internal logic for binned/unbinned Asimov dataset generation
INFO: (function: generateWithHisto) ToyMCSamplerOpt.cc: 214 -- Generating asimov with histogram for pdf pdf_binfail_LOW_obsOnly: in 9 x-bins
INFO: (function: generateWithHisto) ToyMCSamplerOpt.cc: 215 -- , in 1 y-bins
INFO: (function: generateAsimov) ToyMCSamplerOpt.cc: 139 -- Using internal logic for binned/unbinned Asimov dataset generation
INFO: (function: generateWithHisto) ToyMCSamplerOpt.cc: 214 -- Generating asimov with histogram for pdf pdf_binfail_SIG_obsOnly: in 5 x-bins
INFO: (function: generateWithHisto) ToyMCSamplerOpt.cc: 215 -- , in 1 y-bins
INFO: (function: generateAsimov) ToyMCSamplerOpt.cc: 139 -- Using internal logic for binned/unbinned Asimov dataset generation
INFO: (function: generateWithHisto) ToyMCSamplerOpt.cc: 214 -- Generating asimov with histogram for pdf pdf_binpass_LOW_obsOnly: in 9 x-bins
INFO: (function: generateWithHisto) ToyMCSamplerOpt.cc: 215 -- , in 1 y-bins
INFO: (function: generateAsimov) ToyMCSamplerOpt.cc: 139 -- Using internal logic for binned/unbinned Asimov dataset generation
INFO: (function: generateWithHisto) ToyMCSamplerOpt.cc: 214 -- Generating asimov with histogram for pdf pdf_binpass_SIG_obsOnly: in 5 x-bins
INFO: (function: generateWithHisto) ToyMCSamplerOpt.cc: 215 -- , in 1 y-bins
DEBUG: (function: runLimitExpected) AsymptoticLimits.cc: 423 -- Best fit of asimov dataset is at r = 0.088282 (0.004414 times rMax), while it should be at zero
INFO: (function: runLimitExpected) AsymptoticLimits.cc: 436 -- Median for expected limits = 829 (Sigma for expected limits = 422.967)
INFO: (function: runLimit) AsymptoticLimits.cc: 193 -- NLL at global minimum of data = -60110.7 (r=47.3652)
INFO: (function: runLimit) AsymptoticLimits.cc: 213 -- NLL at global minimum of asimov = -60152.9 (r=0.355367)
INFO: (function: getCLs) AsymptoticLimits.cc: 343 -- At r = 172.850186:	q_mu = 0.00000	q_A  = 0.79878	CLsb = 0.50000	CLb  = 0.81427	CLs  = 0.61405
INFO: (function: getCLs) AsymptoticLimits.cc: 343 -- At r = 345.700372:	q_mu = 0.00000	q_A  = 1.32521	CLsb = 0.50000	CLb  = 0.87517	CLs  = 0.57132
INFO: (function: getCLs) AsymptoticLimits.cc: 343 -- At r = 691.400744:	q_mu = 0.00000	q_A  = 2.96321	CLsb = 0.50000	CLb  = 0.95741	CLs  = 0.52224
INFO: (function: getCLs) AsymptoticLimits.cc: 343 -- At r = 1382.801488:	q_mu = 0.00000	q_A  = 8.34717	CLsb = 0.50000	CLb  = 0.99807	CLs  = 0.50097
INFO: (function: getCLs) AsymptoticLimits.cc: 343 -- At r = 2765.602975:	q_mu = 1.68019	q_A  = 24.49255	CLsb = 0.09745	CLb  = 0.99987	CLs  = 0.09746
INFO: (function: getCLs) AsymptoticLimits.cc: 343 -- At r = 2789.285586:	q_mu = 1.90053	q_A  = 24.81195	CLsb = 0.08401	CLb  = 0.99984	CLs  = 0.08402
INFO: (function: getCLs) AsymptoticLimits.cc: 343 -- At r = 4160.245768:	q_mu = 16.84605	q_A  = 44.68938	CLsb = 0.00002	CLb  = 0.99507	CLs  = 0.00002
INFO: (function: getCLs) AsymptoticLimits.cc: 343 -- At r = 3474.765677:	q_mu = 8.89608	q_A  = 34.47225	CLsb = 0.00143	CLb  = 0.99807	CLs  = 0.00143
INFO: (function: getCLs) AsymptoticLimits.cc: 343 -- At r = 3132.025631:	q_mu = 5.25765	q_A  = 29.54954	CLsb = 0.01093	CLb  = 0.99916	CLs  = 0.01093
INFO: (function: getCLs) AsymptoticLimits.cc: 343 -- At r = 2960.655608:	q_mu = 3.54099	q_A  = 27.15497	CLsb = 0.02993	CLb  = 0.99956	CLs  = 0.02995
INFO: (function: getCLs) AsymptoticLimits.cc: 343 -- At r = 2858.265692:	q_mu = 2.55128	q_A  = 25.74851	CLsb = 0.05510	CLb  = 0.99975	CLs  = 0.05512
INFO: (function: getCLs) AsymptoticLimits.cc: 343 -- At r = 2891.826051:	q_mu = 2.87258	q_A  = 26.20735	CLsb = 0.04505	CLb  = 0.99969	CLs  = 0.04506
INFO: (function: getCLs) AsymptoticLimits.cc: 343 -- At r = 2877.967618:	q_mu = 2.73947	q_A  = 26.01757	CLsb = 0.04895	CLb  = 0.99972	CLs  = 0.04896
INFO: (function: getCLs) AsymptoticLimits.cc: 343 -- At r = 2871.235536:	q_mu = 2.67506	q_A  = 25.92556	CLsb = 0.05097	CLb  = 0.99973	CLs  = 0.05098
