INFO: (function: improveOnce) CascadeMinimizer.cc: 188 -- Minimisation configured with Type=Minuit2, Algo=Migrad, strategy=0, tolerance=0.1
INFO: (function: improveOnce) CascadeMinimizer.cc: 211 -- Minimisation finished with status=0
INFO: (function: improveOnce) CascadeMinimizer.cc: 216 -- Minimization success! status=0
INFO: (function: generateAsimov) ToyMCSamplerOpt.cc: 139 -- Using internal logic for binned/unbinned Asimov dataset generation
INFO: (function: generateWithHisto) ToyMCSamplerOpt.cc: 214 -- Generating asimov with histogram for pdf pdf_binfail_LOW_obsOnly: in 6 x-bins
INFO: (function: generateWithHisto) ToyMCSamplerOpt.cc: 215 -- , in 1 y-bins
INFO: (function: generateAsimov) ToyMCSamplerOpt.cc: 139 -- Using internal logic for binned/unbinned Asimov dataset generation
INFO: (function: generateWithHisto) ToyMCSamplerOpt.cc: 214 -- Generating asimov with histogram for pdf pdf_binfail_SIG_obsOnly: in 2 x-bins
INFO: (function: generateWithHisto) ToyMCSamplerOpt.cc: 215 -- , in 1 y-bins
INFO: (function: generateAsimov) ToyMCSamplerOpt.cc: 139 -- Using internal logic for binned/unbinned Asimov dataset generation
INFO: (function: generateWithHisto) ToyMCSamplerOpt.cc: 214 -- Generating asimov with histogram for pdf pdf_binpass_LOW_obsOnly: in 6 x-bins
INFO: (function: generateWithHisto) ToyMCSamplerOpt.cc: 215 -- , in 1 y-bins
INFO: (function: generateAsimov) ToyMCSamplerOpt.cc: 139 -- Using internal logic for binned/unbinned Asimov dataset generation
INFO: (function: generateWithHisto) ToyMCSamplerOpt.cc: 214 -- Generating asimov with histogram for pdf pdf_binpass_SIG_obsOnly: in 2 x-bins
INFO: (function: generateWithHisto) ToyMCSamplerOpt.cc: 215 -- , in 1 y-bins
INFO: (function: runLimitExpected) AsymptoticLimits.cc: 436 -- Median for expected limits = 0.233398 (Sigma for expected limits = 0.119083)
INFO: (function: runLimit) AsymptoticLimits.cc: 193 -- NLL at global minimum of data = -11011.1 (r=0.107834)
INFO: (function: runLimit) AsymptoticLimits.cc: 213 -- NLL at global minimum of asimov = -11020.7 (r=0.00013816)
INFO: (function: getCLs) AsymptoticLimits.cc: 343 -- At r = 1.307834:	q_mu = 12.58082	q_A  = 18.13270	CLsb = 0.00019	CLb  = 0.76155	CLs  = 0.00026
INFO: (function: getCLs) AsymptoticLimits.cc: 343 -- At r = 0.707834:	q_mu = 6.42551	q_A  = 11.20843	CLsb = 0.00562	CLb  = 0.79190	CLs  = 0.00710
INFO: (function: getCLs) AsymptoticLimits.cc: 343 -- At r = 0.407834:	q_mu = 2.86730	q_A  = 6.82433	CLsb = 0.04520	CLb  = 0.82096	CLs  = 0.05506
INFO: (function: getCLs) AsymptoticLimits.cc: 343 -- At r = 0.557834:	q_mu = 4.67691	q_A  = 9.11911	CLsb = 0.01529	CLb  = 0.80432	CLs  = 0.01900
INFO: (function: getCLs) AsymptoticLimits.cc: 343 -- At r = 0.448699:	q_mu = 3.36257	q_A  = 7.47230	CLsb = 0.03335	CLb  = 0.81589	CLs  = 0.04087
INFO: (function: getCLs) AsymptoticLimits.cc: 343 -- At r = 0.426577:	q_mu = 3.09432	q_A  = 7.12376	CLsb = 0.03928	CLb  = 0.81858	CLs  = 0.04799
INFO: (function: getCLs) AsymptoticLimits.cc: 343 -- At r = 0.418347:	q_mu = 2.99459	q_A  = 6.99276	CLsb = 0.04177	CLb  = 0.81961	CLs  = 0.05096
INFO: (function: getCLs) AsymptoticLimits.cc: 343 -- At r = 0.422085:	q_mu = 3.03987	q_A  = 7.05235	CLsb = 0.04062	CLb  = 0.81914	CLs  = 0.04959
INFO: (function: getCLs) AsymptoticLimits.cc: 343 -- At r = 0.420437:	q_mu = 3.01990	q_A  = 7.02609	CLsb = 0.04112	CLb  = 0.81935	CLs  = 0.05019
