INFO: (function: improveOnce) CascadeMinimizer.cc: 188 -- Minimisation configured with Type=Minuit2, Algo=Migrad, strategy=0, tolerance=0.1
INFO: (function: improveOnce) CascadeMinimizer.cc: 211 -- Minimisation finished with status=0
INFO: (function: improveOnce) CascadeMinimizer.cc: 216 -- Minimization success! status=0
INFO: (function: generateAsimov) ToyMCSamplerOpt.cc: 139 -- Using internal logic for binned/unbinned Asimov dataset generation
INFO: (function: generateWithHisto) ToyMCSamplerOpt.cc: 214 -- Generating asimov with histogram for pdf pdf_binfail_LOW_obsOnly: in 6 x-bins
INFO: (function: generateWithHisto) ToyMCSamplerOpt.cc: 215 -- , in 1 y-bins
INFO: (function: generateAsimov) ToyMCSamplerOpt.cc: 139 -- Using internal logic for binned/unbinned Asimov dataset generation
INFO: (function: generateWithHisto) ToyMCSamplerOpt.cc: 214 -- Generating asimov with histogram for pdf pdf_binfail_SIG_obsOnly: in 2 x-bins
INFO: (function: generateWithHisto) ToyMCSamplerOpt.cc: 215 -- , in 1 y-bins
INFO: (function: generateAsimov) ToyMCSamplerOpt.cc: 139 -- Using internal logic for binned/unbinned Asimov dataset generation
INFO: (function: generateWithHisto) ToyMCSamplerOpt.cc: 214 -- Generating asimov with histogram for pdf pdf_binpass_LOW_obsOnly: in 6 x-bins
INFO: (function: generateWithHisto) ToyMCSamplerOpt.cc: 215 -- , in 1 y-bins
INFO: (function: generateAsimov) ToyMCSamplerOpt.cc: 139 -- Using internal logic for binned/unbinned Asimov dataset generation
INFO: (function: generateWithHisto) ToyMCSamplerOpt.cc: 214 -- Generating asimov with histogram for pdf pdf_binpass_SIG_obsOnly: in 2 x-bins
INFO: (function: generateWithHisto) ToyMCSamplerOpt.cc: 215 -- , in 1 y-bins
INFO: (function: runLimitExpected) AsymptoticLimits.cc: 436 -- Median for expected limits = 111.5 (Sigma for expected limits = 56.8888)
INFO: (function: runLimit) AsymptoticLimits.cc: 193 -- NLL at global minimum of data = -11000.6 (r=39.1115)
INFO: (function: runLimit) AsymptoticLimits.cc: 213 -- NLL at global minimum of asimov = -11004 (r=0.456847)
INFO: (function: getCLs) AsymptoticLimits.cc: 343 -- At r = 147.090014:	q_mu = 1.78872	q_A  = 4.87643	CLsb = 0.09054	CLb  = 0.80808	CLs  = 0.11204
INFO: (function: getCLs) AsymptoticLimits.cc: 343 -- At r = 294.180028:	q_mu = 4.43780	q_A  = 8.27498	CLsb = 0.01758	CLb  = 0.77936	CLs  = 0.02255
INFO: (function: getCLs) AsymptoticLimits.cc: 343 -- At r = 166.645772:	q_mu = 2.17020	q_A  = 5.40090	CLsb = 0.07035	CLb  = 0.80257	CLs  = 0.08766
INFO: (function: getCLs) AsymptoticLimits.cc: 343 -- At r = 234.345371:	q_mu = 3.42304	q_A  = 7.02605	CLsb = 0.03215	CLb  = 0.78830	CLs  = 0.04078
INFO: (function: getCLs) AsymptoticLimits.cc: 343 -- At r = 206.379367:	q_mu = 2.91926	q_A  = 6.38644	CLsb = 0.04376	CLb  = 0.79348	CLs  = 0.05515
INFO: (function: getCLs) AsymptoticLimits.cc: 343 -- At r = 219.242172:	q_mu = 3.15333	q_A  = 6.68563	CLsb = 0.03789	CLb  = 0.79100	CLs  = 0.04790
INFO: (function: getCLs) AsymptoticLimits.cc: 343 -- At r = 213.535053:	q_mu = 3.04994	q_A  = 6.55397	CLsb = 0.04037	CLb  = 0.79208	CLs  = 0.05097
INFO: (function: getCLs) AsymptoticLimits.cc: 343 -- At r = 216.084033:	q_mu = 3.09622	q_A  = 6.61299	CLsb = 0.03924	CLb  = 0.79159	CLs  = 0.04957
INFO: (function: getCLs) AsymptoticLimits.cc: 343 -- At r = 214.937749:	q_mu = 3.07543	q_A  = 6.58649	CLsb = 0.03974	CLb  = 0.79181	CLs  = 0.05019
INFO: (function: getCLs) AsymptoticLimits.cc: 343 -- At r = 215.446566:	q_mu = 3.08466	q_A  = 6.59826	CLsb = 0.03952	CLb  = 0.79172	CLs  = 0.04991
