INFO: (function: improveOnce) CascadeMinimizer.cc: 188 -- Minimisation configured with Type=Minuit2, Algo=Migrad, strategy=0, tolerance=0.1
INFO: (function: improveOnce) CascadeMinimizer.cc: 211 -- Minimisation finished with status=0
INFO: (function: improveOnce) CascadeMinimizer.cc: 216 -- Minimization success! status=0
INFO: (function: generateAsimov) ToyMCSamplerOpt.cc: 139 -- Using internal logic for binned/unbinned Asimov dataset generation
INFO: (function: generateWithHisto) ToyMCSamplerOpt.cc: 214 -- Generating asimov with histogram for pdf pdf_binfail_LOW_obsOnly: in 6 x-bins
INFO: (function: generateWithHisto) ToyMCSamplerOpt.cc: 215 -- , in 1 y-bins
INFO: (function: generateAsimov) ToyMCSamplerOpt.cc: 139 -- Using internal logic for binned/unbinned Asimov dataset generation
INFO: (function: generateWithHisto) ToyMCSamplerOpt.cc: 214 -- Generating asimov with histogram for pdf pdf_binfail_SIG_obsOnly: in 4 x-bins
INFO: (function: generateWithHisto) ToyMCSamplerOpt.cc: 215 -- , in 1 y-bins
INFO: (function: generateAsimov) ToyMCSamplerOpt.cc: 139 -- Using internal logic for binned/unbinned Asimov dataset generation
INFO: (function: generateWithHisto) ToyMCSamplerOpt.cc: 214 -- Generating asimov with histogram for pdf pdf_binpass_LOW_obsOnly: in 6 x-bins
INFO: (function: generateWithHisto) ToyMCSamplerOpt.cc: 215 -- , in 1 y-bins
INFO: (function: generateAsimov) ToyMCSamplerOpt.cc: 139 -- Using internal logic for binned/unbinned Asimov dataset generation
INFO: (function: generateWithHisto) ToyMCSamplerOpt.cc: 214 -- Generating asimov with histogram for pdf pdf_binpass_SIG_obsOnly: in 4 x-bins
INFO: (function: generateWithHisto) ToyMCSamplerOpt.cc: 215 -- , in 1 y-bins
INFO: (function: runLimitExpected) AsymptoticLimits.cc: 436 -- Median for expected limits = 1.76562 (Sigma for expected limits = 0.900846)
INFO: (function: runLimit) AsymptoticLimits.cc: 193 -- NLL at global minimum of data = -28167.7 (r=0.583329)
INFO: (function: runLimit) AsymptoticLimits.cc: 213 -- NLL at global minimum of asimov = -28170.7 (r=0.00301925)
INFO: (function: getCLs) AsymptoticLimits.cc: 343 -- At r = 2.689332:	q_mu = 3.26095	q_A  = 6.35455	CLsb = 0.03547	CLb  = 0.76270	CLs  = 0.04651
INFO: (function: getCLs) AsymptoticLimits.cc: 343 -- At r = 1.636330:	q_mu = 1.17832	q_A  = 3.50940	CLsb = 0.13885	CLb  = 0.78460	CLs  = 0.17697
INFO: (function: getCLs) AsymptoticLimits.cc: 343 -- At r = 2.162831:	q_mu = 2.16435	q_A  = 4.91703	CLsb = 0.07062	CLb  = 0.77225	CLs  = 0.09145
INFO: (function: getCLs) AsymptoticLimits.cc: 343 -- At r = 2.538971:	q_mu = 2.93912	q_A  = 5.94167	CLsb = 0.04323	CLb  = 0.76521	CLs  = 0.05649
INFO: (function: getCLs) AsymptoticLimits.cc: 343 -- At r = 2.614508:	q_mu = 3.10001	q_A  = 6.14887	CLsb = 0.03915	CLb  = 0.76393	CLs  = 0.05124
INFO: (function: getCLs) AsymptoticLimits.cc: 343 -- At r = 2.644640:	q_mu = 3.16463	q_A  = 6.23165	CLsb = 0.03762	CLb  = 0.76343	CLs  = 0.04928
INFO: (function: getCLs) AsymptoticLimits.cc: 343 -- At r = 2.629689:	q_mu = 3.13255	q_A  = 6.19057	CLsb = 0.03837	CLb  = 0.76368	CLs  = 0.05025
INFO: (function: getCLs) AsymptoticLimits.cc: 343 -- At r = 2.635716:	q_mu = 3.14548	q_A  = 6.20712	CLsb = 0.03807	CLb  = 0.76358	CLs  = 0.04986
