INFO: (function: improveOnce) CascadeMinimizer.cc: 188 -- Minimisation configured with Type=Minuit2, Algo=Migrad, strategy=0, tolerance=0.1
INFO: (function: improveOnce) CascadeMinimizer.cc: 211 -- Minimisation finished with status=0
INFO: (function: improveOnce) CascadeMinimizer.cc: 216 -- Minimization success! status=0
INFO: (function: generateAsimov) ToyMCSamplerOpt.cc: 139 -- Using internal logic for binned/unbinned Asimov dataset generation
INFO: (function: generateWithHisto) ToyMCSamplerOpt.cc: 214 -- Generating asimov with histogram for pdf pdf_binfail_LOW_obsOnly: in 5 x-bins
INFO: (function: generateWithHisto) ToyMCSamplerOpt.cc: 215 -- , in 1 y-bins
INFO: (function: generateAsimov) ToyMCSamplerOpt.cc: 139 -- Using internal logic for binned/unbinned Asimov dataset generation
INFO: (function: generateWithHisto) ToyMCSamplerOpt.cc: 214 -- Generating asimov with histogram for pdf pdf_binfail_SIG_obsOnly: in 4 x-bins
INFO: (function: generateWithHisto) ToyMCSamplerOpt.cc: 215 -- , in 1 y-bins
INFO: (function: generateAsimov) ToyMCSamplerOpt.cc: 139 -- Using internal logic for binned/unbinned Asimov dataset generation
INFO: (function: generateWithHisto) ToyMCSamplerOpt.cc: 214 -- Generating asimov with histogram for pdf pdf_binpass_LOW_obsOnly: in 5 x-bins
INFO: (function: generateWithHisto) ToyMCSamplerOpt.cc: 215 -- , in 1 y-bins
INFO: (function: generateAsimov) ToyMCSamplerOpt.cc: 139 -- Using internal logic for binned/unbinned Asimov dataset generation
INFO: (function: generateWithHisto) ToyMCSamplerOpt.cc: 214 -- Generating asimov with histogram for pdf pdf_binpass_SIG_obsOnly: in 4 x-bins
INFO: (function: generateWithHisto) ToyMCSamplerOpt.cc: 215 -- , in 1 y-bins
INFO: (function: runLimitExpected) AsymptoticLimits.cc: 436 -- Median for expected limits = 8.9375 (Sigma for expected limits = 4.56003)
INFO: (function: runLimit) AsymptoticLimits.cc: 193 -- NLL at global minimum of data = -76464.6 (r=1.62101)
INFO: (function: runLimit) AsymptoticLimits.cc: 213 -- NLL at global minimum of asimov = -76466.5 (r=0.0502742)
INFO: (function: getCLs) AsymptoticLimits.cc: 343 -- At r = 9.538964:	q_mu = 2.35921	q_A  = 4.08879	CLsb = 0.06227	CLb  = 0.68655	CLs  = 0.09070
INFO: (function: getCLs) AsymptoticLimits.cc: 343 -- At r = 19.077929:	q_mu = 5.52185	q_A  = 7.67490	CLsb = 0.00939	CLb  = 0.66294	CLs  = 0.01416
INFO: (function: getCLs) AsymptoticLimits.cc: 343 -- At r = 10.349471:	q_mu = 2.64539	q_A  = 4.42795	CLsb = 0.05193	CLb  = 0.68361	CLs  = 0.07596
INFO: (function: getCLs) AsymptoticLimits.cc: 343 -- At r = 14.713700:	q_mu = 4.13457	q_A  = 6.13623	CLsb = 0.02101	CLb  = 0.67140	CLs  = 0.03129
INFO: (function: getCLs) AsymptoticLimits.cc: 343 -- At r = 12.868463:	q_mu = 3.51685	q_A  = 5.43686	CLsb = 0.03037	CLb  = 0.67594	CLs  = 0.04494
INFO: (function: getCLs) AsymptoticLimits.cc: 343 -- At r = 11.954707:	q_mu = 3.20427	q_A  = 5.07848	CLsb = 0.03672	CLb  = 0.67850	CLs  = 0.05412
INFO: (function: getCLs) AsymptoticLimits.cc: 343 -- At r = 12.448869:	q_mu = 3.37385	q_A  = 5.27333	CLsb = 0.03312	CLb  = 0.67709	CLs  = 0.04891
INFO: (function: getCLs) AsymptoticLimits.cc: 343 -- At r = 12.264304:	q_mu = 3.31066	q_A  = 5.20084	CLsb = 0.03442	CLb  = 0.67761	CLs  = 0.05079
INFO: (function: getCLs) AsymptoticLimits.cc: 343 -- At r = 12.362760:	q_mu = 3.34439	q_A  = 5.23955	CLsb = 0.03372	CLb  = 0.67733	CLs  = 0.04978
INFO: (function: getCLs) AsymptoticLimits.cc: 343 -- At r = 12.325771:	q_mu = 3.33172	q_A  = 5.22502	CLsb = 0.03398	CLb  = 0.67743	CLs  = 0.05016
