INFO: (function: improveOnce) CascadeMinimizer.cc: 188 -- Minimisation configured with Type=Minuit2, Algo=Migrad, strategy=0, tolerance=0.1
INFO: (function: improveOnce) CascadeMinimizer.cc: 211 -- Minimisation finished with status=0
INFO: (function: improveOnce) CascadeMinimizer.cc: 216 -- Minimization success! status=0
INFO: (function: generateAsimov) ToyMCSamplerOpt.cc: 139 -- Using internal logic for binned/unbinned Asimov dataset generation
INFO: (function: generateWithHisto) ToyMCSamplerOpt.cc: 214 -- Generating asimov with histogram for pdf pdf_binfail_LOW_obsOnly: in 5 x-bins
INFO: (function: generateWithHisto) ToyMCSamplerOpt.cc: 215 -- , in 1 y-bins
INFO: (function: generateAsimov) ToyMCSamplerOpt.cc: 139 -- Using internal logic for binned/unbinned Asimov dataset generation
INFO: (function: generateWithHisto) ToyMCSamplerOpt.cc: 214 -- Generating asimov with histogram for pdf pdf_binfail_SIG_obsOnly: in 14 x-bins
INFO: (function: generateWithHisto) ToyMCSamplerOpt.cc: 215 -- , in 1 y-bins
INFO: (function: generateAsimov) ToyMCSamplerOpt.cc: 139 -- Using internal logic for binned/unbinned Asimov dataset generation
INFO: (function: generateWithHisto) ToyMCSamplerOpt.cc: 214 -- Generating asimov with histogram for pdf pdf_binpass_LOW_obsOnly: in 5 x-bins
INFO: (function: generateWithHisto) ToyMCSamplerOpt.cc: 215 -- , in 1 y-bins
INFO: (function: generateAsimov) ToyMCSamplerOpt.cc: 139 -- Using internal logic for binned/unbinned Asimov dataset generation
INFO: (function: generateWithHisto) ToyMCSamplerOpt.cc: 214 -- Generating asimov with histogram for pdf pdf_binpass_SIG_obsOnly: in 14 x-bins
INFO: (function: generateWithHisto) ToyMCSamplerOpt.cc: 215 -- , in 1 y-bins
INFO: (function: runLimitExpected) AsymptoticLimits.cc: 436 -- Median for expected limits = 4000 (Sigma for expected limits = 2040.85)
DEBUG: (function: findExpectedLimitFromCrossing) AsymptoticLimits.cc: 678 -- fail search for crossing of r between 3984.375000 and 4000.000000
INFO: (function: runLimit) AsymptoticLimits.cc: 193 -- NLL at global minimum of data = -822603 (r=516.653)
INFO: (function: runLimit) AsymptoticLimits.cc: 213 -- NLL at global minimum of asimov = -822601 (r=0.0251071)
INFO: (function: getCLs) AsymptoticLimits.cc: 343 -- At r = 2297.105569:	q_mu = 0.00000	q_A  = 0.39641	CLsb = 0.50000	CLb  = 0.73553	CLs  = 0.67979
INFO: (function: getCLs) AsymptoticLimits.cc: 343 -- At r = 4594.211138:	q_mu = 0.10965	q_A  = 0.49385	CLsb = 0.37027	CLb  = 0.64491	CLs  = 0.57415
INFO: (function: getCLs) AsymptoticLimits.cc: 343 -- At r = 9188.422276:	q_mu = 0.31680	q_A  = 0.61879	CLsb = 0.28677	CLb  = 0.58854	CLs  = 0.48726
INFO: (function: getCLs) AsymptoticLimits.cc: 343 -- At r = 18376.844551:	q_mu = 0.61816	q_A  = 0.78021	CLsb = 0.21587	CLb  = 0.53866	CLs  = 0.40075
INFO: (function: getCLs) AsymptoticLimits.cc: 343 -- At r = 36753.689103:	q_mu = 1.09190	q_A  = 1.03731	CLsb = 0.14795	CLb  = 0.48931	CLs  = 0.30236
INFO: (function: getCLs) AsymptoticLimits.cc: 343 -- At r = 37012.015661:	q_mu = 1.09820	q_A  = 1.04059	CLsb = 0.14724	CLb  = 0.48874	CLs  = 0.30127
INFO: (function: getCLs) AsymptoticLimits.cc: 343 -- At r = 55259.696934:	q_mu = 1.52556	q_A  = 1.26263	CLsb = 0.10736	CLb  = 0.45343	CLs  = 0.23678
INFO: (function: getCLs) AsymptoticLimits.cc: 343 -- At r = 64383.537570:	q_mu = 1.72741	q_A  = 1.38132	CLsb = 0.09300	CLb  = 0.44147	CLs  = 0.21065
INFO: (function: getCLs) AsymptoticLimits.cc: 343 -- At r = 68945.457888:	q_mu = 1.82630	q_A  = 1.44252	CLsb = 0.08679	CLb  = 0.43653	CLs  = 0.19881
INFO: (function: getCLs) AsymptoticLimits.cc: 343 -- At r = 71226.418047:	q_mu = 1.87530	q_A  = 1.47267	CLsb = 0.08388	CLb  = 0.43412	CLs  = 0.19322
INFO: (function: getCLs) AsymptoticLimits.cc: 343 -- At r = 72366.898126:	q_mu = 1.89970	q_A  = 1.48817	CLsb = 0.08248	CLb  = 0.43303	CLs  = 0.19047
INFO: (function: getCLs) AsymptoticLimits.cc: 343 -- At r = 72937.138166:	q_mu = 1.91188	q_A  = 1.49596	CLsb = 0.08179	CLb  = 0.43249	CLs  = 0.18912
INFO: (function: getCLs) AsymptoticLimits.cc: 343 -- At r = 73222.258186:	q_mu = 1.91796	q_A  = 1.49986	CLsb = 0.08145	CLb  = 0.43223	CLs  = 0.18844
