INFO: (function: improveOnce) CascadeMinimizer.cc: 188 -- Minimisation configured with Type=Minuit2, Algo=Migrad, strategy=0, tolerance=0.1
INFO: (function: improveOnce) CascadeMinimizer.cc: 211 -- Minimisation finished with status=0
INFO: (function: improveOnce) CascadeMinimizer.cc: 216 -- Minimization success! status=0
INFO: (function: generateAsimov) ToyMCSamplerOpt.cc: 139 -- Using internal logic for binned/unbinned Asimov dataset generation
INFO: (function: generateWithHisto) ToyMCSamplerOpt.cc: 214 -- Generating asimov with histogram for pdf pdf_binfail_LOW_obsOnly: in 5 x-bins
INFO: (function: generateWithHisto) ToyMCSamplerOpt.cc: 215 -- , in 1 y-bins
INFO: (function: generateAsimov) ToyMCSamplerOpt.cc: 139 -- Using internal logic for binned/unbinned Asimov dataset generation
INFO: (function: generateWithHisto) ToyMCSamplerOpt.cc: 214 -- Generating asimov with histogram for pdf pdf_binfail_SIG_obsOnly: in 3 x-bins
INFO: (function: generateWithHisto) ToyMCSamplerOpt.cc: 215 -- , in 1 y-bins
INFO: (function: generateAsimov) ToyMCSamplerOpt.cc: 139 -- Using internal logic for binned/unbinned Asimov dataset generation
INFO: (function: generateWithHisto) ToyMCSamplerOpt.cc: 214 -- Generating asimov with histogram for pdf pdf_binpass_LOW_obsOnly: in 5 x-bins
INFO: (function: generateWithHisto) ToyMCSamplerOpt.cc: 215 -- , in 1 y-bins
INFO: (function: generateAsimov) ToyMCSamplerOpt.cc: 139 -- Using internal logic for binned/unbinned Asimov dataset generation
INFO: (function: generateWithHisto) ToyMCSamplerOpt.cc: 214 -- Generating asimov with histogram for pdf pdf_binpass_SIG_obsOnly: in 3 x-bins
INFO: (function: generateWithHisto) ToyMCSamplerOpt.cc: 215 -- , in 1 y-bins
INFO: (function: runLimitExpected) AsymptoticLimits.cc: 436 -- Median for expected limits = 2426 (Sigma for expected limits = 1237.78)
INFO: (function: runLimit) AsymptoticLimits.cc: 193 -- NLL at global minimum of data = -13823.8 (r=0.00519048)
INFO: (function: runLimit) AsymptoticLimits.cc: 213 -- NLL at global minimum of asimov = -13823.2 (r=5.69858e-10)
INFO: (function: getCLs) AsymptoticLimits.cc: 343 -- At r = 1404.454743:	q_mu = 2.60589	q_A  = 1.67582	CLsb = 0.04909	CLb  = 0.35971	CLs  = 0.13646
INFO: (function: getCLs) AsymptoticLimits.cc: 343 -- At r = 2808.909485:	q_mu = 5.64864	q_A  = 4.87775	CLsb = 0.00858	CLb  = 0.43073	CLs  = 0.01993
INFO: (function: getCLs) AsymptoticLimits.cc: 343 -- At r = 1404.457338:	q_mu = 2.60590	q_A  = 1.67583	CLsb = 0.04909	CLb  = 0.35971	CLs  = 0.13646
INFO: (function: getCLs) AsymptoticLimits.cc: 343 -- At r = 1990.825253:	q_mu = 3.63466	q_A  = 2.77246	CLsb = 0.02718	CLb  = 0.39785	CLs  = 0.06831
INFO: (function: getCLs) AsymptoticLimits.cc: 343 -- At r = 2320.238813:	q_mu = 4.38647	q_A  = 3.56144	CLsb = 0.01761	CLb  = 0.41349	CLs  = 0.04259
INFO: (function: getCLs) AsymptoticLimits.cc: 343 -- At r = 2164.931029:	q_mu = 4.02018	q_A  = 3.17769	CLsb = 0.02175	CLb  = 0.40660	CLs  = 0.05349
INFO: (function: getCLs) AsymptoticLimits.cc: 343 -- At r = 2232.782575:	q_mu = 4.17780	q_A  = 3.34295	CLsb = 0.01986	CLb  = 0.40971	CLs  = 0.04847
INFO: (function: getCLs) AsymptoticLimits.cc: 343 -- At r = 2202.092234:	q_mu = 4.10602	q_A  = 3.26772	CLsb = 0.02070	CLb  = 0.40832	CLs  = 0.05069
INFO: (function: getCLs) AsymptoticLimits.cc: 343 -- At r = 2215.739015:	q_mu = 4.13784	q_A  = 3.30108	CLsb = 0.02032	CLb  = 0.40894	CLs  = 0.04969
INFO: (function: getCLs) AsymptoticLimits.cc: 343 -- At r = 2209.615404:	q_mu = 4.12355	q_A  = 3.28609	CLsb = 0.02049	CLb  = 0.40866	CLs  = 0.05014
