INFO: (function: improveOnce) CascadeMinimizer.cc: 188 -- Minimisation configured with Type=Minuit2, Algo=Migrad, strategy=0, tolerance=0.1
INFO: (function: improveOnce) CascadeMinimizer.cc: 211 -- Minimisation finished with status=0
INFO: (function: improveOnce) CascadeMinimizer.cc: 216 -- Minimization success! status=0
INFO: (function: generateAsimov) ToyMCSamplerOpt.cc: 139 -- Using internal logic for binned/unbinned Asimov dataset generation
INFO: (function: generateWithHisto) ToyMCSamplerOpt.cc: 214 -- Generating asimov with histogram for pdf pdf_binfail_LOW_obsOnly: in 5 x-bins
INFO: (function: generateWithHisto) ToyMCSamplerOpt.cc: 215 -- , in 1 y-bins
INFO: (function: generateAsimov) ToyMCSamplerOpt.cc: 139 -- Using internal logic for binned/unbinned Asimov dataset generation
INFO: (function: generateWithHisto) ToyMCSamplerOpt.cc: 214 -- Generating asimov with histogram for pdf pdf_binfail_SIG_obsOnly: in 3 x-bins
INFO: (function: generateWithHisto) ToyMCSamplerOpt.cc: 215 -- , in 1 y-bins
INFO: (function: generateAsimov) ToyMCSamplerOpt.cc: 139 -- Using internal logic for binned/unbinned Asimov dataset generation
INFO: (function: generateWithHisto) ToyMCSamplerOpt.cc: 214 -- Generating asimov with histogram for pdf pdf_binpass_LOW_obsOnly: in 5 x-bins
INFO: (function: generateWithHisto) ToyMCSamplerOpt.cc: 215 -- , in 1 y-bins
INFO: (function: generateAsimov) ToyMCSamplerOpt.cc: 139 -- Using internal logic for binned/unbinned Asimov dataset generation
INFO: (function: generateWithHisto) ToyMCSamplerOpt.cc: 214 -- Generating asimov with histogram for pdf pdf_binpass_SIG_obsOnly: in 3 x-bins
INFO: (function: generateWithHisto) ToyMCSamplerOpt.cc: 215 -- , in 1 y-bins
INFO: (function: runLimitExpected) AsymptoticLimits.cc: 436 -- Median for expected limits = 57.75 (Sigma for expected limits = 29.4648)
INFO: (function: runLimit) AsymptoticLimits.cc: 193 -- NLL at global minimum of data = -13828.7 (r=7.21132e-06)
INFO: (function: runLimit) AsymptoticLimits.cc: 213 -- NLL at global minimum of asimov = -13827.5 (r=8.83448e-13)
INFO: (function: getCLs) AsymptoticLimits.cc: 343 -- At r = 22.590325:	q_mu = 2.43964	q_A  = 1.50373	CLsb = 0.05393	CLb  = 0.35138	CLs  = 0.15349
INFO: (function: getCLs) AsymptoticLimits.cc: 343 -- At r = 45.180649:	q_mu = 4.25223	q_A  = 3.06718	CLsb = 0.01832	CLb  = 0.36756	CLs  = 0.04985
INFO: (function: getCLs) AsymptoticLimits.cc: 343 -- At r = 22.590328:	q_mu = 2.43964	q_A  = 1.50372	CLsb = 0.05393	CLb  = 0.35137	CLs  = 0.15349
INFO: (function: getCLs) AsymptoticLimits.cc: 343 -- At r = 33.885489:	q_mu = 3.39762	q_A  = 2.31587	CLsb = 0.03024	CLb  = 0.36114	CLs  = 0.08375
INFO: (function: getCLs) AsymptoticLimits.cc: 343 -- At r = 42.870428:	q_mu = 4.08443	q_A  = 2.91816	CLsb = 0.02020	CLb  = 0.36642	CLs  = 0.05513
INFO: (function: getCLs) AsymptoticLimits.cc: 343 -- At r = 44.664628:	q_mu = 4.21504	q_A  = 3.03400	CLsb = 0.01872	CLb  = 0.36730	CLs  = 0.05098
INFO: (function: getCLs) AsymptoticLimits.cc: 343 -- At r = 45.022983:	q_mu = 4.24089	q_A  = 3.05697	CLsb = 0.01844	CLb  = 0.36747	CLs  = 0.05019
INFO: (function: getCLs) AsymptoticLimits.cc: 343 -- At r = 45.094686:	q_mu = 4.24605	q_A  = 3.06156	CLsb = 0.01839	CLb  = 0.36750	CLs  = 0.05004
