INFO: (function: improveOnce) CascadeMinimizer.cc: 188 -- Minimisation configured with Type=Minuit2, Algo=Migrad, strategy=0, tolerance=0.1
INFO: (function: improveOnce) CascadeMinimizer.cc: 211 -- Minimisation finished with status=0
INFO: (function: improveOnce) CascadeMinimizer.cc: 216 -- Minimization success! status=0
INFO: (function: generateAsimov) ToyMCSamplerOpt.cc: 139 -- Using internal logic for binned/unbinned Asimov dataset generation
INFO: (function: generateWithHisto) ToyMCSamplerOpt.cc: 214 -- Generating asimov with histogram for pdf pdf_binfail_LOW_obsOnly: in 5 x-bins
INFO: (function: generateWithHisto) ToyMCSamplerOpt.cc: 215 -- , in 1 y-bins
INFO: (function: generateAsimov) ToyMCSamplerOpt.cc: 139 -- Using internal logic for binned/unbinned Asimov dataset generation
INFO: (function: generateWithHisto) ToyMCSamplerOpt.cc: 214 -- Generating asimov with histogram for pdf pdf_binfail_SIG_obsOnly: in 4 x-bins
INFO: (function: generateWithHisto) ToyMCSamplerOpt.cc: 215 -- , in 1 y-bins
INFO: (function: generateAsimov) ToyMCSamplerOpt.cc: 139 -- Using internal logic for binned/unbinned Asimov dataset generation
INFO: (function: generateWithHisto) ToyMCSamplerOpt.cc: 214 -- Generating asimov with histogram for pdf pdf_binpass_LOW_obsOnly: in 5 x-bins
INFO: (function: generateWithHisto) ToyMCSamplerOpt.cc: 215 -- , in 1 y-bins
INFO: (function: generateAsimov) ToyMCSamplerOpt.cc: 139 -- Using internal logic for binned/unbinned Asimov dataset generation
INFO: (function: generateWithHisto) ToyMCSamplerOpt.cc: 214 -- Generating asimov with histogram for pdf pdf_binpass_SIG_obsOnly: in 4 x-bins
INFO: (function: generateWithHisto) ToyMCSamplerOpt.cc: 215 -- , in 1 y-bins
INFO: (function: runLimitExpected) AsymptoticLimits.cc: 436 -- Median for expected limits = 180.5 (Sigma for expected limits = 92.0935)
INFO: (function: runLimit) AsymptoticLimits.cc: 193 -- NLL at global minimum of data = -76464.2 (r=35.0586)
INFO: (function: runLimit) AsymptoticLimits.cc: 213 -- NLL at global minimum of asimov = -76466 (r=1.34251)
INFO: (function: getCLs) AsymptoticLimits.cc: 343 -- At r = 193.530136:	q_mu = 2.37531	q_A  = 4.12932	CLsb = 0.06163	CLb  = 0.68824	CLs  = 0.08955
INFO: (function: getCLs) AsymptoticLimits.cc: 343 -- At r = 387.060272:	q_mu = 5.84755	q_A  = 8.04735	CLsb = 0.00780	CLb  = 0.66225	CLs  = 0.01178
INFO: (function: getCLs) AsymptoticLimits.cc: 343 -- At r = 211.059436:	q_mu = 2.70196	q_A  = 4.51575	CLsb = 0.05011	CLb  = 0.68484	CLs  = 0.07317
INFO: (function: getCLs) AsymptoticLimits.cc: 343 -- At r = 299.059854:	q_mu = 4.31361	q_A  = 6.35670	CLsb = 0.01890	CLb  = 0.67160	CLs  = 0.02815
INFO: (function: getCLs) AsymptoticLimits.cc: 343 -- At r = 256.722382:	q_mu = 3.54610	q_A  = 5.49118	CLsb = 0.02984	CLb  = 0.67732	CLs  = 0.04406
INFO: (function: getCLs) AsymptoticLimits.cc: 343 -- At r = 238.482645:	q_mu = 3.21047	q_A  = 5.10692	CLsb = 0.03658	CLb  = 0.68013	CLs  = 0.05379
INFO: (function: getCLs) AsymptoticLimits.cc: 343 -- At r = 247.473520:	q_mu = 3.37623	q_A  = 5.29721	CLsb = 0.03307	CLb  = 0.67872	CLs  = 0.04873
INFO: (function: getCLs) AsymptoticLimits.cc: 343 -- At r = 243.798389:	q_mu = 3.30854	q_A  = 5.21963	CLsb = 0.03446	CLb  = 0.67929	CLs  = 0.05073
INFO: (function: getCLs) AsymptoticLimits.cc: 343 -- At r = 245.591021:	q_mu = 3.34157	q_A  = 5.25751	CLsb = 0.03378	CLb  = 0.67901	CLs  = 0.04974
INFO: (function: getCLs) AsymptoticLimits.cc: 343 -- At r = 244.854881:	q_mu = 3.32801	q_A  = 5.24196	CLsb = 0.03405	CLb  = 0.67912	CLs  = 0.05014
