INFO: (function: improveOnce) CascadeMinimizer.cc: 188 -- Minimisation configured with Type=Minuit2, Algo=Migrad, strategy=0, tolerance=0.1
INFO: (function: improveOnce) CascadeMinimizer.cc: 211 -- Minimisation finished with status=0
INFO: (function: improveOnce) CascadeMinimizer.cc: 216 -- Minimization success! status=0
INFO: (function: generateAsimov) ToyMCSamplerOpt.cc: 139 -- Using internal logic for binned/unbinned Asimov dataset generation
INFO: (function: generateWithHisto) ToyMCSamplerOpt.cc: 214 -- Generating asimov with histogram for pdf pdf_binfail_LOW_obsOnly: in 5 x-bins
INFO: (function: generateWithHisto) ToyMCSamplerOpt.cc: 215 -- , in 1 y-bins
INFO: (function: generateAsimov) ToyMCSamplerOpt.cc: 139 -- Using internal logic for binned/unbinned Asimov dataset generation
INFO: (function: generateWithHisto) ToyMCSamplerOpt.cc: 214 -- Generating asimov with histogram for pdf pdf_binfail_SIG_obsOnly: in 4 x-bins
INFO: (function: generateWithHisto) ToyMCSamplerOpt.cc: 215 -- , in 1 y-bins
INFO: (function: generateAsimov) ToyMCSamplerOpt.cc: 139 -- Using internal logic for binned/unbinned Asimov dataset generation
INFO: (function: generateWithHisto) ToyMCSamplerOpt.cc: 214 -- Generating asimov with histogram for pdf pdf_binpass_LOW_obsOnly: in 5 x-bins
INFO: (function: generateWithHisto) ToyMCSamplerOpt.cc: 215 -- , in 1 y-bins
INFO: (function: generateAsimov) ToyMCSamplerOpt.cc: 139 -- Using internal logic for binned/unbinned Asimov dataset generation
INFO: (function: generateWithHisto) ToyMCSamplerOpt.cc: 214 -- Generating asimov with histogram for pdf pdf_binpass_SIG_obsOnly: in 4 x-bins
INFO: (function: generateWithHisto) ToyMCSamplerOpt.cc: 215 -- , in 1 y-bins
INFO: (function: runLimitExpected) AsymptoticLimits.cc: 436 -- Median for expected limits = 0.101074 (Sigma for expected limits = 0.0515694)
INFO: (function: runLimit) AsymptoticLimits.cc: 193 -- NLL at global minimum of data = -76531.7 (r=0.0183827)
INFO: (function: runLimit) AsymptoticLimits.cc: 213 -- NLL at global minimum of asimov = -76535.9 (r=1.68988e-06)
INFO: (function: getCLs) AsymptoticLimits.cc: 343 -- At r = 1.218383:	q_mu = 22.46432	q_A  = 25.43384	CLsb = 0.00000	CLb  = 0.61926	CLs  = 0.00000
INFO: (function: getCLs) AsymptoticLimits.cc: 343 -- At r = 0.618383:	q_mu = 14.10099	q_A  = 16.79037	CLsb = 0.00009	CLb  = 0.63400	CLs  = 0.00014
INFO: (function: getCLs) AsymptoticLimits.cc: 343 -- At r = 0.318383:	q_mu = 8.12792	q_A  = 10.49718	CLsb = 0.00218	CLb  = 0.65136	CLs  = 0.00335
INFO: (function: getCLs) AsymptoticLimits.cc: 343 -- At r = 0.168383:	q_mu = 4.20889	q_A  = 6.22196	CLsb = 0.02011	CLb  = 0.67105	CLs  = 0.02996
INFO: (function: getCLs) AsymptoticLimits.cc: 343 -- At r = 0.093383:	q_mu = 1.91435	q_A  = 3.55236	CLsb = 0.08324	CLb  = 0.69187	CLs  = 0.12031
INFO: (function: getCLs) AsymptoticLimits.cc: 343 -- At r = 0.131281:	q_mu = 3.09902	q_A  = 4.95899	CLsb = 0.03917	CLb  = 0.67956	CLs  = 0.05764
INFO: (function: getCLs) AsymptoticLimits.cc: 343 -- At r = 0.145151:	q_mu = 3.52069	q_A  = 5.44339	CLsb = 0.03030	CLb  = 0.67608	CLs  = 0.04482
INFO: (function: getCLs) AsymptoticLimits.cc: 343 -- At r = 0.137554:	q_mu = 3.29069	q_A  = 5.17998	CLsb = 0.03484	CLb  = 0.67793	CLs  = 0.05139
INFO: (function: getCLs) AsymptoticLimits.cc: 343 -- At r = 0.140290:	q_mu = 3.37380	q_A  = 5.27536	CLsb = 0.03312	CLb  = 0.67725	CLs  = 0.04890
INFO: (function: getCLs) AsymptoticLimits.cc: 343 -- At r = 0.138764:	q_mu = 3.32746	q_A  = 5.22221	CLsb = 0.03407	CLb  = 0.67763	CLs  = 0.05027
INFO: (function: getCLs) AsymptoticLimits.cc: 343 -- At r = 0.139309:	q_mu = 3.34403	q_A  = 5.24123	CLsb = 0.03372	CLb  = 0.67749	CLs  = 0.04978
INFO: (function: getCLs) AsymptoticLimits.cc: 343 -- At r = 0.139004:	q_mu = 3.33475	q_A  = 5.23058	CLsb = 0.03392	CLb  = 0.67757	CLs  = 0.05005
