INFO: (function: improveOnce) CascadeMinimizer.cc: 188 -- Minimisation configured with Type=Minuit2, Algo=Migrad, strategy=0, tolerance=0.1
INFO: (function: improveOnce) CascadeMinimizer.cc: 211 -- Minimisation finished with status=0
INFO: (function: improveOnce) CascadeMinimizer.cc: 216 -- Minimization success! status=0
INFO: (function: generateAsimov) ToyMCSamplerOpt.cc: 139 -- Using internal logic for binned/unbinned Asimov dataset generation
INFO: (function: generateWithHisto) ToyMCSamplerOpt.cc: 214 -- Generating asimov with histogram for pdf pdf_binfail_LOW_obsOnly: in 6 x-bins
INFO: (function: generateWithHisto) ToyMCSamplerOpt.cc: 215 -- , in 1 y-bins
INFO: (function: generateAsimov) ToyMCSamplerOpt.cc: 139 -- Using internal logic for binned/unbinned Asimov dataset generation
INFO: (function: generateWithHisto) ToyMCSamplerOpt.cc: 214 -- Generating asimov with histogram for pdf pdf_binfail_SIG_obsOnly: in 2 x-bins
INFO: (function: generateWithHisto) ToyMCSamplerOpt.cc: 215 -- , in 1 y-bins
INFO: (function: generateAsimov) ToyMCSamplerOpt.cc: 139 -- Using internal logic for binned/unbinned Asimov dataset generation
INFO: (function: generateWithHisto) ToyMCSamplerOpt.cc: 214 -- Generating asimov with histogram for pdf pdf_binpass_LOW_obsOnly: in 6 x-bins
INFO: (function: generateWithHisto) ToyMCSamplerOpt.cc: 215 -- , in 1 y-bins
INFO: (function: generateAsimov) ToyMCSamplerOpt.cc: 139 -- Using internal logic for binned/unbinned Asimov dataset generation
INFO: (function: generateWithHisto) ToyMCSamplerOpt.cc: 214 -- Generating asimov with histogram for pdf pdf_binpass_SIG_obsOnly: in 2 x-bins
INFO: (function: generateWithHisto) ToyMCSamplerOpt.cc: 215 -- , in 1 y-bins
INFO: (function: runLimitExpected) AsymptoticLimits.cc: 436 -- Median for expected limits = 55.25 (Sigma for expected limits = 28.1893)
INFO: (function: runLimit) AsymptoticLimits.cc: 193 -- NLL at global minimum of data = -10996.5 (r=27.7564)
INFO: (function: runLimit) AsymptoticLimits.cc: 213 -- NLL at global minimum of asimov = -10999.9 (r=0.157981)
INFO: (function: getCLs) AsymptoticLimits.cc: 343 -- At r = 99.039500:	q_mu = 3.12175	q_A  = 7.34643	CLsb = 0.03863	CLb  = 0.82731	CLs  = 0.04669
INFO: (function: getCLs) AsymptoticLimits.cc: 343 -- At r = 63.397960:	q_mu = 1.16023	q_A  = 4.49924	CLsb = 0.14071	CLb  = 0.85176	CLs  = 0.16520
INFO: (function: getCLs) AsymptoticLimits.cc: 343 -- At r = 81.218730:	q_mu = 2.09330	q_A  = 5.94030	CLsb = 0.07397	CLb  = 0.83902	CLs  = 0.08817
INFO: (function: getCLs) AsymptoticLimits.cc: 343 -- At r = 93.939218:	q_mu = 2.82149	q_A  = 6.94804	CLsb = 0.04651	CLb  = 0.83051	CLs  = 0.05600
INFO: (function: getCLs) AsymptoticLimits.cc: 343 -- At r = 96.481731:	q_mu = 2.97068	q_A  = 7.14703	CLsb = 0.04239	CLb  = 0.82890	CLs  = 0.05114
INFO: (function: getCLs) AsymptoticLimits.cc: 343 -- At r = 97.501241:	q_mu = 3.03080	q_A  = 7.22660	CLsb = 0.04085	CLb  = 0.82826	CLs  = 0.04932
INFO: (function: getCLs) AsymptoticLimits.cc: 343 -- At r = 96.989454:	q_mu = 3.00061	q_A  = 7.18668	CLsb = 0.04162	CLb  = 0.82858	CLs  = 0.05023
INFO: (function: getCLs) AsymptoticLimits.cc: 343 -- At r = 97.193268:	q_mu = 3.01262	q_A  = 7.20258	CLsb = 0.04131	CLb  = 0.82845	CLs  = 0.04986
