INFO: (function: improveOnce) CascadeMinimizer.cc: 188 -- Minimisation configured with Type=Minuit2, Algo=Migrad, strategy=0, tolerance=0.1
INFO: (function: improveOnce) CascadeMinimizer.cc: 211 -- Minimisation finished with status=0
INFO: (function: improveOnce) CascadeMinimizer.cc: 216 -- Minimization success! status=0
INFO: (function: generateAsimov) ToyMCSamplerOpt.cc: 139 -- Using internal logic for binned/unbinned Asimov dataset generation
INFO: (function: generateWithHisto) ToyMCSamplerOpt.cc: 214 -- Generating asimov with histogram for pdf pdf_binfail_LOW_obsOnly: in 6 x-bins
INFO: (function: generateWithHisto) ToyMCSamplerOpt.cc: 215 -- , in 1 y-bins
INFO: (function: generateAsimov) ToyMCSamplerOpt.cc: 139 -- Using internal logic for binned/unbinned Asimov dataset generation
INFO: (function: generateWithHisto) ToyMCSamplerOpt.cc: 214 -- Generating asimov with histogram for pdf pdf_binfail_SIG_obsOnly: in 3 x-bins
INFO: (function: generateWithHisto) ToyMCSamplerOpt.cc: 215 -- , in 1 y-bins
INFO: (function: generateAsimov) ToyMCSamplerOpt.cc: 139 -- Using internal logic for binned/unbinned Asimov dataset generation
INFO: (function: generateWithHisto) ToyMCSamplerOpt.cc: 214 -- Generating asimov with histogram for pdf pdf_binpass_LOW_obsOnly: in 6 x-bins
INFO: (function: generateWithHisto) ToyMCSamplerOpt.cc: 215 -- , in 1 y-bins
INFO: (function: generateAsimov) ToyMCSamplerOpt.cc: 139 -- Using internal logic for binned/unbinned Asimov dataset generation
INFO: (function: generateWithHisto) ToyMCSamplerOpt.cc: 214 -- Generating asimov with histogram for pdf pdf_binpass_SIG_obsOnly: in 3 x-bins
INFO: (function: generateWithHisto) ToyMCSamplerOpt.cc: 215 -- , in 1 y-bins
INFO: (function: runLimitExpected) AsymptoticLimits.cc: 436 -- Median for expected limits = 5.8125 (Sigma for expected limits = 2.96562)
INFO: (function: runLimit) AsymptoticLimits.cc: 193 -- NLL at global minimum of data = -60508.3 (r=3.3178)
INFO: (function: runLimit) AsymptoticLimits.cc: 213 -- NLL at global minimum of asimov = -60509 (r=0.0265327)
INFO: (function: getCLs) AsymptoticLimits.cc: 343 -- At r = 10.806158:	q_mu = 2.77325	q_A  = 7.43381	CLsb = 0.04793	CLb  = 0.85570	CLs  = 0.05601
INFO: (function: getCLs) AsymptoticLimits.cc: 343 -- At r = 21.612316:	q_mu = 9.10151	q_A  = 14.11277	CLsb = 0.00128	CLb  = 0.77030	CLs  = 0.00166
INFO: (function: getCLs) AsymptoticLimits.cc: 343 -- At r = 12.465057:	q_mu = 3.64281	q_A  = 8.55206	CLsb = 0.02816	CLb  = 0.84513	CLs  = 0.03332
INFO: (function: getCLs) AsymptoticLimits.cc: 343 -- At r = 7.891428:	q_mu = 1.38641	q_A  = 5.37720	CLsb = 0.11951	CLb  = 0.87315	CLs  = 0.13687
INFO: (function: getCLs) AsymptoticLimits.cc: 343 -- At r = 10.498997:	q_mu = 2.62092	q_A  = 7.22263	CLsb = 0.05273	CLb  = 0.85737	CLs  = 0.06150
INFO: (function: getCLs) AsymptoticLimits.cc: 343 -- At r = 11.423467:	q_mu = 3.08840	q_A  = 7.85442	CLsb = 0.03943	CLb  = 0.85203	CLs  = 0.04627
INFO: (function: getCLs) AsymptoticLimits.cc: 343 -- At r = 11.037234:	q_mu = 2.88991	q_A  = 7.59182	CLsb = 0.04457	CLb  = 0.85437	CLs  = 0.05216
INFO: (function: getCLs) AsymptoticLimits.cc: 343 -- At r = 11.223760:	q_mu = 2.98525	q_A  = 7.71887	CLsb = 0.04201	CLb  = 0.85326	CLs  = 0.04924
INFO: (function: getCLs) AsymptoticLimits.cc: 343 -- At r = 11.146797:	q_mu = 2.94579	q_A  = 7.66651	CLsb = 0.04305	CLb  = 0.85372	CLs  = 0.05043
INFO: (function: getCLs) AsymptoticLimits.cc: 343 -- At r = 11.184158:	q_mu = 2.96493	q_A  = 7.69195	CLsb = 0.04254	CLb  = 0.85349	CLs  = 0.04985
