INFO: (function: improveOnce) CascadeMinimizer.cc: 188 -- Minimisation configured with Type=Minuit2, Algo=Migrad, strategy=0, tolerance=0.1
INFO: (function: improveOnce) CascadeMinimizer.cc: 211 -- Minimisation finished with status=0
INFO: (function: improveOnce) CascadeMinimizer.cc: 216 -- Minimization success! status=0
INFO: (function: generateAsimov) ToyMCSamplerOpt.cc: 139 -- Using internal logic for binned/unbinned Asimov dataset generation
INFO: (function: generateWithHisto) ToyMCSamplerOpt.cc: 214 -- Generating asimov with histogram for pdf pdf_binfail_LOW_obsOnly: in 6 x-bins
INFO: (function: generateWithHisto) ToyMCSamplerOpt.cc: 215 -- , in 1 y-bins
INFO: (function: generateAsimov) ToyMCSamplerOpt.cc: 139 -- Using internal logic for binned/unbinned Asimov dataset generation
INFO: (function: generateWithHisto) ToyMCSamplerOpt.cc: 214 -- Generating asimov with histogram for pdf pdf_binfail_SIG_obsOnly: in 2 x-bins
INFO: (function: generateWithHisto) ToyMCSamplerOpt.cc: 215 -- , in 1 y-bins
INFO: (function: generateAsimov) ToyMCSamplerOpt.cc: 139 -- Using internal logic for binned/unbinned Asimov dataset generation
INFO: (function: generateWithHisto) ToyMCSamplerOpt.cc: 214 -- Generating asimov with histogram for pdf pdf_binpass_LOW_obsOnly: in 6 x-bins
INFO: (function: generateWithHisto) ToyMCSamplerOpt.cc: 215 -- , in 1 y-bins
INFO: (function: generateAsimov) ToyMCSamplerOpt.cc: 139 -- Using internal logic for binned/unbinned Asimov dataset generation
INFO: (function: generateWithHisto) ToyMCSamplerOpt.cc: 214 -- Generating asimov with histogram for pdf pdf_binpass_SIG_obsOnly: in 2 x-bins
INFO: (function: generateWithHisto) ToyMCSamplerOpt.cc: 215 -- , in 1 y-bins
INFO: (function: runLimitExpected) AsymptoticLimits.cc: 436 -- Median for expected limits = 785 (Sigma for expected limits = 400.518)
INFO: (function: runLimit) AsymptoticLimits.cc: 193 -- NLL at global minimum of data = -11000.4 (r=372.102)
INFO: (function: runLimit) AsymptoticLimits.cc: 213 -- NLL at global minimum of asimov = -11003.4 (r=1.41303)
INFO: (function: getCLs) AsymptoticLimits.cc: 343 -- At r = 1403.795453:	q_mu = 2.98775	q_A  = 7.07054	CLsb = 0.04195	CLb  = 0.82395	CLs  = 0.05091
INFO: (function: getCLs) AsymptoticLimits.cc: 343 -- At r = 2807.590905:	q_mu = 8.08652	q_A  = 13.27553	CLsb = 0.00223	CLb  = 0.78811	CLs  = 0.00283
INFO: (function: getCLs) AsymptoticLimits.cc: 343 -- At r = 1589.846529:	q_mu = 3.68301	q_A  = 7.97799	CLsb = 0.02748	CLb  = 0.81738	CLs  = 0.03363
INFO: (function: getCLs) AsymptoticLimits.cc: 343 -- At r = 980.974341:	q_mu = 1.45959	q_A  = 4.89365	CLsb = 0.11350	CLb  = 0.84232	CLs  = 0.13474
INFO: (function: getCLs) AsymptoticLimits.cc: 343 -- At r = 1328.852180:	q_mu = 2.70913	q_A  = 6.69647	CLsb = 0.04989	CLb  = 0.82685	CLs  = 0.06033
INFO: (function: getCLs) AsymptoticLimits.cc: 343 -- At r = 1448.150970:	q_mu = 3.15313	q_A  = 7.28960	CLsb = 0.03789	CLb  = 0.82231	CLs  = 0.04608
INFO: (function: getCLs) AsymptoticLimits.cc: 343 -- At r = 1395.370730:	q_mu = 2.95635	q_A  = 7.02874	CLsb = 0.04277	CLb  = 0.82427	CLs  = 0.05189
INFO: (function: getCLs) AsymptoticLimits.cc: 343 -- At r = 1419.109629:	q_mu = 3.04483	q_A  = 7.14636	CLsb = 0.04050	CLb  = 0.82338	CLs  = 0.04918
INFO: (function: getCLs) AsymptoticLimits.cc: 343 -- At r = 1408.525302:	q_mu = 3.00536	q_A  = 7.09398	CLsb = 0.04149	CLb  = 0.82378	CLs  = 0.05037
INFO: (function: getCLs) AsymptoticLimits.cc: 343 -- At r = 1413.268734:	q_mu = 3.02305	q_A  = 7.11747	CLsb = 0.04104	CLb  = 0.82360	CLs  = 0.04984
