INFO: (function: improveOnce) CascadeMinimizer.cc: 188 -- Minimisation configured with Type=Minuit2, Algo=Migrad, strategy=0, tolerance=0.1
INFO: (function: improveOnce) CascadeMinimizer.cc: 211 -- Minimisation finished with status=0
INFO: (function: improveOnce) CascadeMinimizer.cc: 216 -- Minimization success! status=0
INFO: (function: generateAsimov) ToyMCSamplerOpt.cc: 139 -- Using internal logic for binned/unbinned Asimov dataset generation
INFO: (function: generateWithHisto) ToyMCSamplerOpt.cc: 214 -- Generating asimov with histogram for pdf pdf_binfail_LOW_obsOnly: in 6 x-bins
INFO: (function: generateWithHisto) ToyMCSamplerOpt.cc: 215 -- , in 1 y-bins
INFO: (function: generateAsimov) ToyMCSamplerOpt.cc: 139 -- Using internal logic for binned/unbinned Asimov dataset generation
INFO: (function: generateWithHisto) ToyMCSamplerOpt.cc: 214 -- Generating asimov with histogram for pdf pdf_binfail_SIG_obsOnly: in 2 x-bins
INFO: (function: generateWithHisto) ToyMCSamplerOpt.cc: 215 -- , in 1 y-bins
INFO: (function: generateAsimov) ToyMCSamplerOpt.cc: 139 -- Using internal logic for binned/unbinned Asimov dataset generation
INFO: (function: generateWithHisto) ToyMCSamplerOpt.cc: 214 -- Generating asimov with histogram for pdf pdf_binpass_LOW_obsOnly: in 6 x-bins
INFO: (function: generateWithHisto) ToyMCSamplerOpt.cc: 215 -- , in 1 y-bins
INFO: (function: generateAsimov) ToyMCSamplerOpt.cc: 139 -- Using internal logic for binned/unbinned Asimov dataset generation
INFO: (function: generateWithHisto) ToyMCSamplerOpt.cc: 214 -- Generating asimov with histogram for pdf pdf_binpass_SIG_obsOnly: in 2 x-bins
INFO: (function: generateWithHisto) ToyMCSamplerOpt.cc: 215 -- , in 1 y-bins
INFO: (function: runLimitExpected) AsymptoticLimits.cc: 436 -- Median for expected limits = 88.75 (Sigma for expected limits = 45.2814)
INFO: (function: runLimit) AsymptoticLimits.cc: 193 -- NLL at global minimum of data = -11000 (r=40.0873)
INFO: (function: runLimit) AsymptoticLimits.cc: 213 -- NLL at global minimum of asimov = -11003.4 (r=0.238746)
INFO: (function: getCLs) AsymptoticLimits.cc: 343 -- At r = 143.445087:	q_mu = 2.50641	q_A  = 6.18700	CLsb = 0.05669	CLb  = 0.81706	CLs  = 0.06939
INFO: (function: getCLs) AsymptoticLimits.cc: 343 -- At r = 286.890175:	q_mu = 6.57739	q_A  = 11.25722	CLsb = 0.00516	CLb  = 0.78539	CLs  = 0.00658
INFO: (function: getCLs) AsymptoticLimits.cc: 343 -- At r = 163.488731:	q_mu = 3.10098	q_A  = 6.98015	CLsb = 0.03912	CLb  = 0.81085	CLs  = 0.04825
INFO: (function: getCLs) AsymptoticLimits.cc: 343 -- At r = 101.788009:	q_mu = 1.28425	q_A  = 4.42439	CLsb = 0.12855	CLb  = 0.83402	CLs  = 0.15414
INFO: (function: getCLs) AsymptoticLimits.cc: 343 -- At r = 132.638370:	q_mu = 2.18551	q_A  = 5.74520	CLsb = 0.06966	CLb  = 0.82084	CLs  = 0.08486
INFO: (function: getCLs) AsymptoticLimits.cc: 343 -- At r = 155.760414:	q_mu = 2.87200	q_A  = 6.67824	CLsb = 0.04507	CLb  = 0.81314	CLs  = 0.05542
INFO: (function: getCLs) AsymptoticLimits.cc: 343 -- At r = 160.352984:	q_mu = 3.00810	q_A  = 6.85823	CLsb = 0.04142	CLb  = 0.81177	CLs  = 0.05103
INFO: (function: getCLs) AsymptoticLimits.cc: 343 -- At r = 161.892894:	q_mu = 3.05369	q_A  = 6.91820	CLsb = 0.04028	CLb  = 0.81132	CLs  = 0.04964
INFO: (function: getCLs) AsymptoticLimits.cc: 343 -- At r = 161.265156:	q_mu = 3.03511	q_A  = 6.89377	CLsb = 0.04074	CLb  = 0.81150	CLs  = 0.05020
