INFO: (function: improveOnce) CascadeMinimizer.cc: 188 -- Minimisation configured with Type=Minuit2, Algo=Migrad, strategy=0, tolerance=0.1
INFO: (function: improveOnce) CascadeMinimizer.cc: 211 -- Minimisation finished with status=0
INFO: (function: improveOnce) CascadeMinimizer.cc: 216 -- Minimization success! status=0
INFO: (function: generateAsimov) ToyMCSamplerOpt.cc: 139 -- Using internal logic for binned/unbinned Asimov dataset generation
INFO: (function: generateWithHisto) ToyMCSamplerOpt.cc: 214 -- Generating asimov with histogram for pdf pdf_binfail_LOW_obsOnly: in 5 x-bins
INFO: (function: generateWithHisto) ToyMCSamplerOpt.cc: 215 -- , in 1 y-bins
INFO: (function: generateAsimov) ToyMCSamplerOpt.cc: 139 -- Using internal logic for binned/unbinned Asimov dataset generation
INFO: (function: generateWithHisto) ToyMCSamplerOpt.cc: 214 -- Generating asimov with histogram for pdf pdf_binfail_SIG_obsOnly: in 3 x-bins
INFO: (function: generateWithHisto) ToyMCSamplerOpt.cc: 215 -- , in 1 y-bins
INFO: (function: generateAsimov) ToyMCSamplerOpt.cc: 139 -- Using internal logic for binned/unbinned Asimov dataset generation
INFO: (function: generateWithHisto) ToyMCSamplerOpt.cc: 214 -- Generating asimov with histogram for pdf pdf_binpass_LOW_obsOnly: in 5 x-bins
INFO: (function: generateWithHisto) ToyMCSamplerOpt.cc: 215 -- , in 1 y-bins
INFO: (function: generateAsimov) ToyMCSamplerOpt.cc: 139 -- Using internal logic for binned/unbinned Asimov dataset generation
INFO: (function: generateWithHisto) ToyMCSamplerOpt.cc: 214 -- Generating asimov with histogram for pdf pdf_binpass_SIG_obsOnly: in 3 x-bins
INFO: (function: generateWithHisto) ToyMCSamplerOpt.cc: 215 -- , in 1 y-bins
INFO: (function: runLimitExpected) AsymptoticLimits.cc: 436 -- Median for expected limits = 527 (Sigma for expected limits = 268.883)
INFO: (function: runLimit) AsymptoticLimits.cc: 193 -- NLL at global minimum of data = -13826.9 (r=7.15133e-06)
INFO: (function: runLimit) AsymptoticLimits.cc: 213 -- NLL at global minimum of asimov = -13826 (r=1.32915e-10)
INFO: (function: getCLs) AsymptoticLimits.cc: 343 -- At r = 294.821133:	q_mu = 2.89540	q_A  = 1.88455	CLsb = 0.04085	CLb  = 0.35637	CLs  = 0.11461
INFO: (function: getCLs) AsymptoticLimits.cc: 343 -- At r = 589.642265:	q_mu = 5.66248	q_A  = 4.37001	CLsb = 0.00821	CLb  = 0.37861	CLs  = 0.02168
INFO: (function: getCLs) AsymptoticLimits.cc: 343 -- At r = 294.821136:	q_mu = 2.89540	q_A  = 1.88463	CLsb = 0.04085	CLb  = 0.35639	CLs  = 0.11461
INFO: (function: getCLs) AsymptoticLimits.cc: 343 -- At r = 471.267475:	q_mu = 4.56230	q_A  = 3.35962	CLsb = 0.01535	CLb  = 0.37143	CLs  = 0.04132
INFO: (function: getCLs) AsymptoticLimits.cc: 343 -- At r = 409.596954:	q_mu = 3.98392	q_A  = 2.83850	CLsb = 0.02145	CLb  = 0.36695	CLs  = 0.05845
INFO: (function: getCLs) AsymptoticLimits.cc: 343 -- At r = 444.143666:	q_mu = 4.30838	q_A  = 3.12977	CLsb = 0.01777	CLb  = 0.36953	CLs  = 0.04808
INFO: (function: getCLs) AsymptoticLimits.cc: 343 -- At r = 431.693537:	q_mu = 4.19159	q_A  = 3.02459	CLsb = 0.01901	CLb  = 0.36862	CLs  = 0.05157
INFO: (function: getCLs) AsymptoticLimits.cc: 343 -- At r = 438.577881:	q_mu = 4.25619	q_A  = 3.08272	CLsb = 0.01831	CLb  = 0.36912	CLs  = 0.04961
INFO: (function: getCLs) AsymptoticLimits.cc: 343 -- At r = 436.082945:	q_mu = 4.23279	q_A  = 3.06165	CLsb = 0.01856	CLb  = 0.36894	CLs  = 0.05031
INFO: (function: getCLs) AsymptoticLimits.cc: 343 -- At r = 437.458787:	q_mu = 4.24570	q_A  = 3.07327	CLsb = 0.01842	CLb  = 0.36904	CLs  = 0.04992
