INFO: (function: improveOnce) CascadeMinimizer.cc: 188 -- Minimisation configured with Type=Minuit2, Algo=Migrad, strategy=0, tolerance=0.1
INFO: (function: improveOnce) CascadeMinimizer.cc: 211 -- Minimisation finished with status=0
INFO: (function: improveOnce) CascadeMinimizer.cc: 216 -- Minimization success! status=0
INFO: (function: generateAsimov) ToyMCSamplerOpt.cc: 139 -- Using internal logic for binned/unbinned Asimov dataset generation
INFO: (function: generateWithHisto) ToyMCSamplerOpt.cc: 214 -- Generating asimov with histogram for pdf pdf_binfail_LOW_obsOnly: in 5 x-bins
INFO: (function: generateWithHisto) ToyMCSamplerOpt.cc: 215 -- , in 1 y-bins
INFO: (function: generateAsimov) ToyMCSamplerOpt.cc: 139 -- Using internal logic for binned/unbinned Asimov dataset generation
INFO: (function: generateWithHisto) ToyMCSamplerOpt.cc: 214 -- Generating asimov with histogram for pdf pdf_binfail_SIG_obsOnly: in 4 x-bins
INFO: (function: generateWithHisto) ToyMCSamplerOpt.cc: 215 -- , in 1 y-bins
INFO: (function: generateAsimov) ToyMCSamplerOpt.cc: 139 -- Using internal logic for binned/unbinned Asimov dataset generation
INFO: (function: generateWithHisto) ToyMCSamplerOpt.cc: 214 -- Generating asimov with histogram for pdf pdf_binpass_LOW_obsOnly: in 5 x-bins
INFO: (function: generateWithHisto) ToyMCSamplerOpt.cc: 215 -- , in 1 y-bins
INFO: (function: generateAsimov) ToyMCSamplerOpt.cc: 139 -- Using internal logic for binned/unbinned Asimov dataset generation
INFO: (function: generateWithHisto) ToyMCSamplerOpt.cc: 214 -- Generating asimov with histogram for pdf pdf_binpass_SIG_obsOnly: in 4 x-bins
INFO: (function: generateWithHisto) ToyMCSamplerOpt.cc: 215 -- , in 1 y-bins
INFO: (function: runLimitExpected) AsymptoticLimits.cc: 436 -- Median for expected limits = 2.54688 (Sigma for expected limits = 1.29945)
INFO: (function: runLimit) AsymptoticLimits.cc: 193 -- NLL at global minimum of data = -76459.5 (r=0.541384)
INFO: (function: runLimit) AsymptoticLimits.cc: 213 -- NLL at global minimum of asimov = -76460.5 (r=0.0236544)
INFO: (function: getCLs) AsymptoticLimits.cc: 343 -- At r = 3.158567:	q_mu = 3.17839	q_A  = 4.97534	CLsb = 0.03731	CLb  = 0.67283	CLs  = 0.05545
INFO: (function: getCLs) AsymptoticLimits.cc: 343 -- At r = 6.317134:	q_mu = 8.57989	q_A  = 10.77191	CLsb = 0.00170	CLb  = 0.63792	CLs  = 0.00266
INFO: (function: getCLs) AsymptoticLimits.cc: 343 -- At r = 3.429259:	q_mu = 3.62437	q_A  = 5.47704	CLsb = 0.02847	CLb  = 0.66877	CLs  = 0.04257
INFO: (function: getCLs) AsymptoticLimits.cc: 343 -- At r = 1.985322:	q_mu = 1.37610	q_A  = 2.82740	CLsb = 0.12038	CLb  = 0.69442	CLs  = 0.17336
INFO: (function: getCLs) AsymptoticLimits.cc: 343 -- At r = 2.707290:	q_mu = 2.45537	q_A  = 4.14135	CLsb = 0.05856	CLb  = 0.68013	CLs  = 0.08610
INFO: (function: getCLs) AsymptoticLimits.cc: 343 -- At r = 3.152953:	q_mu = 3.16922	q_A  = 4.96498	CLsb = 0.03752	CLb  = 0.67292	CLs  = 0.05576
INFO: (function: getCLs) AsymptoticLimits.cc: 343 -- At r = 3.297470:	q_mu = 3.40628	q_A  = 5.23274	CLsb = 0.03247	CLb  = 0.67072	CLs  = 0.04842
INFO: (function: getCLs) AsymptoticLimits.cc: 343 -- At r = 3.242212:	q_mu = 3.31536	q_A  = 5.13033	CLsb = 0.03432	CLb  = 0.67155	CLs  = 0.05110
INFO: (function: getCLs) AsymptoticLimits.cc: 343 -- At r = 3.271118:	q_mu = 3.36288	q_A  = 5.18390	CLsb = 0.03334	CLb  = 0.67112	CLs  = 0.04968
INFO: (function: getCLs) AsymptoticLimits.cc: 343 -- At r = 3.260066:	q_mu = 3.34470	q_A  = 5.16342	CLsb = 0.03371	CLb  = 0.67128	CLs  = 0.05022
