INFO: (function: improveOnce) CascadeMinimizer.cc: 188 -- Minimisation configured with Type=Minuit2, Algo=Migrad, strategy=0, tolerance=0.1
INFO: (function: improveOnce) CascadeMinimizer.cc: 211 -- Minimisation finished with status=0
INFO: (function: improveOnce) CascadeMinimizer.cc: 216 -- Minimization success! status=0
INFO: (function: generateAsimov) ToyMCSamplerOpt.cc: 139 -- Using internal logic for binned/unbinned Asimov dataset generation
INFO: (function: generateWithHisto) ToyMCSamplerOpt.cc: 214 -- Generating asimov with histogram for pdf pdf_binfail_LOW_obsOnly: in 5 x-bins
INFO: (function: generateWithHisto) ToyMCSamplerOpt.cc: 215 -- , in 1 y-bins
INFO: (function: generateAsimov) ToyMCSamplerOpt.cc: 139 -- Using internal logic for binned/unbinned Asimov dataset generation
INFO: (function: generateWithHisto) ToyMCSamplerOpt.cc: 214 -- Generating asimov with histogram for pdf pdf_binfail_SIG_obsOnly: in 4 x-bins
INFO: (function: generateWithHisto) ToyMCSamplerOpt.cc: 215 -- , in 1 y-bins
INFO: (function: generateAsimov) ToyMCSamplerOpt.cc: 139 -- Using internal logic for binned/unbinned Asimov dataset generation
INFO: (function: generateWithHisto) ToyMCSamplerOpt.cc: 214 -- Generating asimov with histogram for pdf pdf_binpass_LOW_obsOnly: in 5 x-bins
INFO: (function: generateWithHisto) ToyMCSamplerOpt.cc: 215 -- , in 1 y-bins
INFO: (function: generateAsimov) ToyMCSamplerOpt.cc: 139 -- Using internal logic for binned/unbinned Asimov dataset generation
INFO: (function: generateWithHisto) ToyMCSamplerOpt.cc: 214 -- Generating asimov with histogram for pdf pdf_binpass_SIG_obsOnly: in 4 x-bins
INFO: (function: generateWithHisto) ToyMCSamplerOpt.cc: 215 -- , in 1 y-bins
INFO: (function: runLimitExpected) AsymptoticLimits.cc: 436 -- Median for expected limits = 0.0200195 (Sigma for expected limits = 0.0102142)
INFO: (function: runLimit) AsymptoticLimits.cc: 193 -- NLL at global minimum of data = -76807.4 (r=0.00380688)
INFO: (function: runLimit) AsymptoticLimits.cc: 213 -- NLL at global minimum of asimov = -76812.4 (r=1.33925e-08)
INFO: (function: getCLs) AsymptoticLimits.cc: 343 -- At r = 1.203807:	q_mu = 56.66933	q_A  = 60.26808	CLsb = 0.00000	CLb  = 0.59303	CLs  = 0.00000
INFO: (function: getCLs) AsymptoticLimits.cc: 343 -- At r = 0.603807:	q_mu = 40.35440	q_A  = 43.73417	CLsb = 0.00000	CLb  = 0.60283	CLs  = 0.00000
INFO: (function: getCLs) AsymptoticLimits.cc: 343 -- At r = 0.303807:	q_mu = 27.32381	q_A  = 30.46089	CLsb = 0.00000	CLb  = 0.61483	CLs  = 0.00000
INFO: (function: getCLs) AsymptoticLimits.cc: 343 -- At r = 0.153807:	q_mu = 17.35400	q_A  = 20.21285	CLsb = 0.00002	CLb  = 0.62932	CLs  = 0.00002
INFO: (function: getCLs) AsymptoticLimits.cc: 343 -- At r = 0.078807:	q_mu = 10.16099	q_A  = 12.69764	CLsb = 0.00072	CLb  = 0.64645	CLs  = 0.00111
INFO: (function: getCLs) AsymptoticLimits.cc: 343 -- At r = 0.041307:	q_mu = 5.37365	q_A  = 7.54674	CLsb = 0.01022	CLb  = 0.66605	CLs  = 0.01535
INFO: (function: getCLs) AsymptoticLimits.cc: 343 -- At r = 0.022557:	q_mu = 2.51082	q_A  = 4.29448	CLsb = 0.05653	CLb  = 0.68714	CLs  = 0.08227
INFO: (function: getCLs) AsymptoticLimits.cc: 343 -- At r = 0.030756:	q_mu = 3.80205	q_A  = 5.79115	CLsb = 0.02559	CLb  = 0.67602	CLs  = 0.03786
INFO: (function: getCLs) AsymptoticLimits.cc: 343 -- At r = 0.026766:	q_mu = 3.18014	q_A  = 5.07866	CLsb = 0.03727	CLb  = 0.68093	CLs  = 0.05473
INFO: (function: getCLs) AsymptoticLimits.cc: 343 -- At r = 0.028347:	q_mu = 3.42828	q_A  = 5.36451	CLsb = 0.03204	CLb  = 0.67888	CLs  = 0.04720
INFO: (function: getCLs) AsymptoticLimits.cc: 343 -- At r = 0.027539:	q_mu = 3.30168	q_A  = 5.21895	CLsb = 0.03460	CLb  = 0.67991	CLs  = 0.05090
INFO: (function: getCLs) AsymptoticLimits.cc: 343 -- At r = 0.027853:	q_mu = 3.35093	q_A  = 5.27565	CLsb = 0.03358	CLb  = 0.67951	CLs  = 0.04942
