INFO: (function: improveOnce) CascadeMinimizer.cc: 188 -- Minimisation configured with Type=Minuit2, Algo=Migrad, strategy=0, tolerance=0.1
INFO: (function: improveOnce) CascadeMinimizer.cc: 211 -- Minimisation finished with status=0
INFO: (function: improveOnce) CascadeMinimizer.cc: 216 -- Minimization success! status=0
INFO: (function: generateAsimov) ToyMCSamplerOpt.cc: 139 -- Using internal logic for binned/unbinned Asimov dataset generation
INFO: (function: generateWithHisto) ToyMCSamplerOpt.cc: 214 -- Generating asimov with histogram for pdf pdf_binfail_LOW_obsOnly: in 6 x-bins
INFO: (function: generateWithHisto) ToyMCSamplerOpt.cc: 215 -- , in 1 y-bins
INFO: (function: generateAsimov) ToyMCSamplerOpt.cc: 139 -- Using internal logic for binned/unbinned Asimov dataset generation
INFO: (function: generateWithHisto) ToyMCSamplerOpt.cc: 214 -- Generating asimov with histogram for pdf pdf_binfail_SIG_obsOnly: in 3 x-bins
INFO: (function: generateWithHisto) ToyMCSamplerOpt.cc: 215 -- , in 1 y-bins
INFO: (function: generateAsimov) ToyMCSamplerOpt.cc: 139 -- Using internal logic for binned/unbinned Asimov dataset generation
INFO: (function: generateWithHisto) ToyMCSamplerOpt.cc: 214 -- Generating asimov with histogram for pdf pdf_binpass_LOW_obsOnly: in 6 x-bins
INFO: (function: generateWithHisto) ToyMCSamplerOpt.cc: 215 -- , in 1 y-bins
INFO: (function: generateAsimov) ToyMCSamplerOpt.cc: 139 -- Using internal logic for binned/unbinned Asimov dataset generation
INFO: (function: generateWithHisto) ToyMCSamplerOpt.cc: 214 -- Generating asimov with histogram for pdf pdf_binpass_SIG_obsOnly: in 3 x-bins
INFO: (function: generateWithHisto) ToyMCSamplerOpt.cc: 215 -- , in 1 y-bins
INFO: (function: runLimitExpected) AsymptoticLimits.cc: 436 -- Median for expected limits = 0.412109 (Sigma for expected limits = 0.210264)
INFO: (function: runLimit) AsymptoticLimits.cc: 193 -- NLL at global minimum of data = -60496.7 (r=0.227603)
INFO: (function: runLimit) AsymptoticLimits.cc: 213 -- NLL at global minimum of asimov = -60499 (r=0.00161713)
INFO: (function: getCLs) AsymptoticLimits.cc: 343 -- At r = 1.427603:	q_mu = 7.15487	q_A  = 12.51240	CLsb = 0.00374	CLb  = 0.80577	CLs  = 0.00464
INFO: (function: getCLs) AsymptoticLimits.cc: 343 -- At r = 0.827603:	q_mu = 3.09032	q_A  = 7.75940	CLsb = 0.03938	CLb  = 0.84794	CLs  = 0.04644
INFO: (function: getCLs) AsymptoticLimits.cc: 343 -- At r = 0.527603:	q_mu = 1.20010	q_A  = 4.98643	CLsb = 0.13665	CLb  = 0.87234	CLs  = 0.15665
INFO: (function: getCLs) AsymptoticLimits.cc: 343 -- At r = 0.677603:	q_mu = 2.12192	q_A  = 6.41027	CLsb = 0.07260	CLb  = 0.85885	CLs  = 0.08453
INFO: (function: getCLs) AsymptoticLimits.cc: 343 -- At r = 0.782812:	q_mu = 2.79875	q_A  = 7.36420	CLsb = 0.04717	CLb  = 0.85101	CLs  = 0.05543
INFO: (function: getCLs) AsymptoticLimits.cc: 343 -- At r = 0.803688:	q_mu = 2.93457	q_A  = 7.54920	CLsb = 0.04335	CLb  = 0.84955	CLs  = 0.05103
INFO: (function: getCLs) AsymptoticLimits.cc: 343 -- At r = 0.812604:	q_mu = 2.99260	q_A  = 7.62779	CLsb = 0.04182	CLb  = 0.84895	CLs  = 0.04926
INFO: (function: getCLs) AsymptoticLimits.cc: 343 -- At r = 0.807815:	q_mu = 2.96142	q_A  = 7.58561	CLsb = 0.04264	CLb  = 0.84927	CLs  = 0.05020
INFO: (function: getCLs) AsymptoticLimits.cc: 343 -- At r = 0.809597:	q_mu = 2.97302	q_A  = 7.60132	CLsb = 0.04233	CLb  = 0.84915	CLs  = 0.04985
