INFO: (function: improveOnce) CascadeMinimizer.cc: 188 -- Minimisation configured with Type=Minuit2, Algo=Migrad, strategy=0, tolerance=0.1
INFO: (function: improveOnce) CascadeMinimizer.cc: 211 -- Minimisation finished with status=0
INFO: (function: improveOnce) CascadeMinimizer.cc: 216 -- Minimization success! status=0
INFO: (function: generateAsimov) ToyMCSamplerOpt.cc: 139 -- Using internal logic for binned/unbinned Asimov dataset generation
INFO: (function: generateWithHisto) ToyMCSamplerOpt.cc: 214 -- Generating asimov with histogram for pdf pdf_binfail_LOW_obsOnly: in 5 x-bins
INFO: (function: generateWithHisto) ToyMCSamplerOpt.cc: 215 -- , in 1 y-bins
INFO: (function: generateAsimov) ToyMCSamplerOpt.cc: 139 -- Using internal logic for binned/unbinned Asimov dataset generation
INFO: (function: generateWithHisto) ToyMCSamplerOpt.cc: 214 -- Generating asimov with histogram for pdf pdf_binfail_SIG_obsOnly: in 3 x-bins
INFO: (function: generateWithHisto) ToyMCSamplerOpt.cc: 215 -- , in 1 y-bins
INFO: (function: generateAsimov) ToyMCSamplerOpt.cc: 139 -- Using internal logic for binned/unbinned Asimov dataset generation
INFO: (function: generateWithHisto) ToyMCSamplerOpt.cc: 214 -- Generating asimov with histogram for pdf pdf_binpass_LOW_obsOnly: in 5 x-bins
INFO: (function: generateWithHisto) ToyMCSamplerOpt.cc: 215 -- , in 1 y-bins
INFO: (function: generateAsimov) ToyMCSamplerOpt.cc: 139 -- Using internal logic for binned/unbinned Asimov dataset generation
INFO: (function: generateWithHisto) ToyMCSamplerOpt.cc: 214 -- Generating asimov with histogram for pdf pdf_binpass_SIG_obsOnly: in 3 x-bins
INFO: (function: generateWithHisto) ToyMCSamplerOpt.cc: 215 -- , in 1 y-bins
INFO: (function: runLimitExpected) AsymptoticLimits.cc: 436 -- Median for expected limits = 5.1875 (Sigma for expected limits = 2.64673)
INFO: (function: runLimit) AsymptoticLimits.cc: 193 -- NLL at global minimum of data = -13828.4 (r=2.37465e-06)
INFO: (function: runLimit) AsymptoticLimits.cc: 213 -- NLL at global minimum of asimov = -13827.3 (r=2.03171e-13)
INFO: (function: getCLs) AsymptoticLimits.cc: 343 -- At r = 2.875774:	q_mu = 2.91502	q_A  = 1.87065	CLsb = 0.04010	CLb  = 0.35131	CLs  = 0.11415
INFO: (function: getCLs) AsymptoticLimits.cc: 343 -- At r = 5.751549:	q_mu = 5.68443	q_A  = 4.32565	CLsb = 0.00805	CLb  = 0.37196	CLs  = 0.02165
INFO: (function: getCLs) AsymptoticLimits.cc: 343 -- At r = 2.875776:	q_mu = 2.91517	q_A  = 1.87064	CLsb = 0.04010	CLb  = 0.35129	CLs  = 0.11414
INFO: (function: getCLs) AsymptoticLimits.cc: 343 -- At r = 4.593268:	q_mu = 4.58182	q_A  = 3.32600	CLsb = 0.01508	CLb  = 0.36531	CLs  = 0.04127
INFO: (function: getCLs) AsymptoticLimits.cc: 343 -- At r = 3.990732:	q_mu = 4.00192	q_A  = 2.81038	CLsb = 0.02109	CLb  = 0.36115	CLs  = 0.05839
INFO: (function: getCLs) AsymptoticLimits.cc: 343 -- At r = 4.326763:	q_mu = 4.32589	q_A  = 3.09747	CLsb = 0.01747	CLb  = 0.36355	CLs  = 0.04807
INFO: (function: getCLs) AsymptoticLimits.cc: 343 -- At r = 4.205042:	q_mu = 4.20871	q_A  = 2.99332	CLsb = 0.01870	CLb  = 0.36270	CLs  = 0.05156
INFO: (function: getCLs) AsymptoticLimits.cc: 343 -- At r = 4.271990:	q_mu = 4.27319	q_A  = 3.05058	CLsb = 0.01801	CLb  = 0.36317	CLs  = 0.04960
INFO: (function: getCLs) AsymptoticLimits.cc: 343 -- At r = 4.247596:	q_mu = 4.24970	q_A  = 3.02971	CLsb = 0.01826	CLb  = 0.36300	CLs  = 0.05031
INFO: (function: getCLs) AsymptoticLimits.cc: 343 -- At r = 4.260976:	q_mu = 4.26258	q_A  = 3.04115	CLsb = 0.01813	CLb  = 0.36309	CLs  = 0.04992
