INFO: (function: improveOnce) CascadeMinimizer.cc: 188 -- Minimisation configured with Type=Minuit2, Algo=Migrad, strategy=0, tolerance=0.1
INFO: (function: improveOnce) CascadeMinimizer.cc: 211 -- Minimisation finished with status=0
INFO: (function: improveOnce) CascadeMinimizer.cc: 216 -- Minimization success! status=0
INFO: (function: generateAsimov) ToyMCSamplerOpt.cc: 139 -- Using internal logic for binned/unbinned Asimov dataset generation
INFO: (function: generateWithHisto) ToyMCSamplerOpt.cc: 214 -- Generating asimov with histogram for pdf pdf_binfail_LOW_obsOnly: in 5 x-bins
INFO: (function: generateWithHisto) ToyMCSamplerOpt.cc: 215 -- , in 1 y-bins
INFO: (function: generateAsimov) ToyMCSamplerOpt.cc: 139 -- Using internal logic for binned/unbinned Asimov dataset generation
INFO: (function: generateWithHisto) ToyMCSamplerOpt.cc: 214 -- Generating asimov with histogram for pdf pdf_binfail_SIG_obsOnly: in 4 x-bins
INFO: (function: generateWithHisto) ToyMCSamplerOpt.cc: 215 -- , in 1 y-bins
INFO: (function: generateAsimov) ToyMCSamplerOpt.cc: 139 -- Using internal logic for binned/unbinned Asimov dataset generation
INFO: (function: generateWithHisto) ToyMCSamplerOpt.cc: 214 -- Generating asimov with histogram for pdf pdf_binpass_LOW_obsOnly: in 5 x-bins
INFO: (function: generateWithHisto) ToyMCSamplerOpt.cc: 215 -- , in 1 y-bins
INFO: (function: generateAsimov) ToyMCSamplerOpt.cc: 139 -- Using internal logic for binned/unbinned Asimov dataset generation
INFO: (function: generateWithHisto) ToyMCSamplerOpt.cc: 214 -- Generating asimov with histogram for pdf pdf_binpass_SIG_obsOnly: in 4 x-bins
INFO: (function: generateWithHisto) ToyMCSamplerOpt.cc: 215 -- , in 1 y-bins
INFO: (function: runLimitExpected) AsymptoticLimits.cc: 436 -- Median for expected limits = 227.5 (Sigma for expected limits = 116.074)
INFO: (function: runLimit) AsymptoticLimits.cc: 193 -- NLL at global minimum of data = -76463.4 (r=49.4003)
INFO: (function: runLimit) AsymptoticLimits.cc: 213 -- NLL at global minimum of asimov = -76464.7 (r=0.72922)
INFO: (function: getCLs) AsymptoticLimits.cc: 343 -- At r = 280.912149:	q_mu = 3.12520	q_A  = 4.94836	CLsb = 0.03855	CLb  = 0.67604	CLs  = 0.05702
INFO: (function: getCLs) AsymptoticLimits.cc: 343 -- At r = 561.824299:	q_mu = 8.55552	q_A  = 10.80222	CLsb = 0.00172	CLb  = 0.64121	CLs  = 0.00269
INFO: (function: getCLs) AsymptoticLimits.cc: 343 -- At r = 305.612297:	q_mu = 3.58003	q_A  = 5.46499	CLsb = 0.02924	CLb  = 0.67207	CLs  = 0.04351
INFO: (function: getCLs) AsymptoticLimits.cc: 343 -- At r = 177.506296:	q_mu = 1.35411	q_A  = 2.82146	CLsb = 0.12228	CLb  = 0.69709	CLs  = 0.17541
INFO: (function: getCLs) AsymptoticLimits.cc: 343 -- At r = 241.559297:	q_mu = 2.42158	q_A  = 4.12998	CLsb = 0.05984	CLb  = 0.68300	CLs  = 0.08761
INFO: (function: getCLs) AsymptoticLimits.cc: 343 -- At r = 282.617149:	q_mu = 3.15633	q_A  = 4.98408	CLsb = 0.03782	CLb  = 0.67577	CLs  = 0.05596
INFO: (function: getCLs) AsymptoticLimits.cc: 343 -- At r = 295.446185:	q_mu = 3.39179	q_A  = 5.25216	CLsb = 0.03276	CLb  = 0.67367	CLs  = 0.04863
INFO: (function: getCLs) AsymptoticLimits.cc: 343 -- At r = 290.849947:	q_mu = 3.30716	q_A  = 5.15621	CLsb = 0.03449	CLb  = 0.67443	CLs  = 0.05114
INFO: (function: getCLs) AsymptoticLimits.cc: 343 -- At r = 293.415454:	q_mu = 3.35434	q_A  = 5.20966	CLsb = 0.03351	CLb  = 0.67400	CLs  = 0.04972
INFO: (function: getCLs) AsymptoticLimits.cc: 343 -- At r = 292.497490:	q_mu = 3.33758	q_A  = 5.19045	CLsb = 0.03386	CLb  = 0.67413	CLs  = 0.05022
