INFO: (function: improveOnce) CascadeMinimizer.cc: 188 -- Minimisation configured with Type=Minuit2, Algo=Migrad, strategy=0, tolerance=0.1
INFO: (function: improveOnce) CascadeMinimizer.cc: 211 -- Minimisation finished with status=0
INFO: (function: improveOnce) CascadeMinimizer.cc: 216 -- Minimization success! status=0
INFO: (function: generateAsimov) ToyMCSamplerOpt.cc: 139 -- Using internal logic for binned/unbinned Asimov dataset generation
INFO: (function: generateWithHisto) ToyMCSamplerOpt.cc: 214 -- Generating asimov with histogram for pdf pdf_binfail_LOW_obsOnly: in 6 x-bins
INFO: (function: generateWithHisto) ToyMCSamplerOpt.cc: 215 -- , in 1 y-bins
INFO: (function: generateAsimov) ToyMCSamplerOpt.cc: 139 -- Using internal logic for binned/unbinned Asimov dataset generation
INFO: (function: generateWithHisto) ToyMCSamplerOpt.cc: 214 -- Generating asimov with histogram for pdf pdf_binfail_SIG_obsOnly: in 1 x-bins
INFO: (function: generateWithHisto) ToyMCSamplerOpt.cc: 215 -- , in 1 y-bins
INFO: (function: generateAsimov) ToyMCSamplerOpt.cc: 139 -- Using internal logic for binned/unbinned Asimov dataset generation
INFO: (function: generateWithHisto) ToyMCSamplerOpt.cc: 214 -- Generating asimov with histogram for pdf pdf_binpass_LOW_obsOnly: in 6 x-bins
INFO: (function: generateWithHisto) ToyMCSamplerOpt.cc: 215 -- , in 1 y-bins
INFO: (function: generateAsimov) ToyMCSamplerOpt.cc: 139 -- Using internal logic for binned/unbinned Asimov dataset generation
INFO: (function: generateWithHisto) ToyMCSamplerOpt.cc: 214 -- Generating asimov with histogram for pdf pdf_binpass_SIG_obsOnly: in 1 x-bins
INFO: (function: generateWithHisto) ToyMCSamplerOpt.cc: 215 -- , in 1 y-bins
INFO: (function: runLimitExpected) AsymptoticLimits.cc: 436 -- Median for expected limits = 731 (Sigma for expected limits = 372.966)
INFO: (function: runLimit) AsymptoticLimits.cc: 193 -- NLL at global minimum of data = -3152.3 (r=405.958)
INFO: (function: runLimit) AsymptoticLimits.cc: 213 -- NLL at global minimum of asimov = -3155.09 (r=1.26228)
INFO: (function: getCLs) AsymptoticLimits.cc: 343 -- At r = 1403.699503:	q_mu = 2.71433	q_A  = 7.42194	CLsb = 0.04973	CLb  = 0.85922	CLs  = 0.05787
INFO: (function: getCLs) AsymptoticLimits.cc: 343 -- At r = 2807.399007:	q_mu = 8.29064	q_A  = 13.55225	CLsb = 0.00199	CLb  = 0.78872	CLs  = 0.00253
INFO: (function: getCLs) AsymptoticLimits.cc: 343 -- At r = 1606.678426:	q_mu = 3.46639	q_A  = 8.41010	CLsb = 0.03131	CLb  = 0.85041	CLs  = 0.03682
INFO: (function: getCLs) AsymptoticLimits.cc: 343 -- At r = 1006.318136:	q_mu = 1.36094	q_A  = 5.36244	CLsb = 0.12169	CLb  = 0.87474	CLs  = 0.13911
INFO: (function: getCLs) AsymptoticLimits.cc: 343 -- At r = 1376.064068:	q_mu = 2.61578	q_A  = 7.28423	CLsb = 0.05290	CLb  = 0.86028	CLs  = 0.06149
INFO: (function: getCLs) AsymptoticLimits.cc: 343 -- At r = 1496.625994:	q_mu = 3.05314	q_A  = 7.87939	CLsb = 0.04029	CLb  = 0.85536	CLs  = 0.04710
INFO: (function: getCLs) AsymptoticLimits.cc: 343 -- At r = 1450.925193:	q_mu = 2.88540	q_A  = 7.65549	CLsb = 0.04469	CLb  = 0.85729	CLs  = 0.05213
INFO: (function: getCLs) AsymptoticLimits.cc: 343 -- At r = 1475.120245:	q_mu = 2.97408	q_A  = 7.77429	CLsb = 0.04230	CLb  = 0.85627	CLs  = 0.04941
INFO: (function: getCLs) AsymptoticLimits.cc: 343 -- At r = 1465.971942:	q_mu = 2.94045	q_A  = 7.72944	CLsb = 0.04319	CLb  = 0.85666	CLs  = 0.05042
INFO: (function: getCLs) AsymptoticLimits.cc: 343 -- At r = 1470.816470:	q_mu = 2.95825	q_A  = 7.75318	CLsb = 0.04272	CLb  = 0.85645	CLs  = 0.04988
