INFO: (function: improveOnce) CascadeMinimizer.cc: 188 -- Minimisation configured with Type=Minuit2, Algo=Migrad, strategy=0, tolerance=0.1
INFO: (function: improveOnce) CascadeMinimizer.cc: 211 -- Minimisation finished with status=0
INFO: (function: improveOnce) CascadeMinimizer.cc: 216 -- Minimization success! status=0
INFO: (function: generateAsimov) ToyMCSamplerOpt.cc: 139 -- Using internal logic for binned/unbinned Asimov dataset generation
INFO: (function: generateWithHisto) ToyMCSamplerOpt.cc: 214 -- Generating asimov with histogram for pdf pdf_binfail_LOW_obsOnly: in 18 x-bins
INFO: (function: generateWithHisto) ToyMCSamplerOpt.cc: 215 -- , in 1 y-bins
INFO: (function: generateAsimov) ToyMCSamplerOpt.cc: 139 -- Using internal logic for binned/unbinned Asimov dataset generation
INFO: (function: generateWithHisto) ToyMCSamplerOpt.cc: 214 -- Generating asimov with histogram for pdf pdf_binfail_SIG_obsOnly: in 2 x-bins
INFO: (function: generateWithHisto) ToyMCSamplerOpt.cc: 215 -- , in 1 y-bins
INFO: (function: generateAsimov) ToyMCSamplerOpt.cc: 139 -- Using internal logic for binned/unbinned Asimov dataset generation
INFO: (function: generateWithHisto) ToyMCSamplerOpt.cc: 214 -- Generating asimov with histogram for pdf pdf_binpass_LOW_obsOnly: in 18 x-bins
INFO: (function: generateWithHisto) ToyMCSamplerOpt.cc: 215 -- , in 1 y-bins
INFO: (function: generateAsimov) ToyMCSamplerOpt.cc: 139 -- Using internal logic for binned/unbinned Asimov dataset generation
INFO: (function: generateWithHisto) ToyMCSamplerOpt.cc: 214 -- Generating asimov with histogram for pdf pdf_binpass_SIG_obsOnly: in 2 x-bins
INFO: (function: generateWithHisto) ToyMCSamplerOpt.cc: 215 -- , in 1 y-bins
DEBUG: (function: runLimitExpected) AsymptoticLimits.cc: 423 -- Best fit of asimov dataset is at r = 0.151948 (0.007597 times rMax), while it should be at zero
INFO: (function: runLimitExpected) AsymptoticLimits.cc: 436 -- Median for expected limits = 961 (Sigma for expected limits = 490.315)
INFO: (function: runLimit) AsymptoticLimits.cc: 193 -- NLL at global minimum of data = -3.22884e+06 (r=0.000211783)
INFO: (function: runLimit) AsymptoticLimits.cc: 213 -- NLL at global minimum of asimov = -3.22882e+06 (r=0.0928239)
INFO: (function: getCLs) AsymptoticLimits.cc: 343 -- At r = 347.688782:	q_mu = 3.00158	q_A  = 0.50378	CLsb = 0.00677	CLb  = 0.03924	CLs  = 0.17248
INFO: (function: getCLs) AsymptoticLimits.cc: 343 -- At r = 695.377563:	q_mu = 7.00053	q_A  = 2.01195	CLsb = 0.00074	CLb  = 0.03933	CLs  = 0.01892
INFO: (function: getCLs) AsymptoticLimits.cc: 343 -- At r = 347.688887:	q_mu = 3.00158	q_A  = 0.50378	CLsb = 0.00677	CLb  = 0.03924	CLs  = 0.17248
INFO: (function: getCLs) AsymptoticLimits.cc: 343 -- At r = 521.533225:	q_mu = 4.87694	q_A  = 1.13273	CLsb = 0.00238	CLb  = 0.03929	CLs  = 0.06049
INFO: (function: getCLs) AsymptoticLimits.cc: 343 -- At r = 579.095279:	q_mu = 5.55259	q_A  = 1.39611	CLsb = 0.00164	CLb  = 0.03930	CLs  = 0.04170
INFO: (function: getCLs) AsymptoticLimits.cc: 343 -- At r = 545.108451:	q_mu = 5.15034	q_A  = 1.23725	CLsb = 0.00204	CLb  = 0.03929	CLs  = 0.05202
INFO: (function: getCLs) AsymptoticLimits.cc: 343 -- At r = 556.777413:	q_mu = 5.28736	q_A  = 1.29069	CLsb = 0.00190	CLb  = 0.03929	CLs  = 0.04824
INFO: (function: getCLs) AsymptoticLimits.cc: 343 -- At r = 550.013062:	q_mu = 5.20777	q_A  = 1.25956	CLsb = 0.00198	CLb  = 0.03929	CLs  = 0.05040
INFO: (function: getCLs) AsymptoticLimits.cc: 343 -- At r = 552.354620:	q_mu = 5.23528	q_A  = 1.27029	CLsb = 0.00195	CLb  = 0.03929	CLs  = 0.04964
INFO: (function: getCLs) AsymptoticLimits.cc: 343 -- At r = 551.003153:	q_mu = 5.21940	q_A  = 1.26409	CLsb = 0.00197	CLb  = 0.03929	CLs  = 0.05008
