INFO: (function: improveOnce) CascadeMinimizer.cc: 188 -- Minimisation configured with Type=Minuit2, Algo=Migrad, strategy=0, tolerance=0.1
INFO: (function: improveOnce) CascadeMinimizer.cc: 211 -- Minimisation finished with status=0
INFO: (function: improveOnce) CascadeMinimizer.cc: 216 -- Minimization success! status=0
INFO: (function: generateAsimov) ToyMCSamplerOpt.cc: 139 -- Using internal logic for binned/unbinned Asimov dataset generation
INFO: (function: generateWithHisto) ToyMCSamplerOpt.cc: 214 -- Generating asimov with histogram for pdf pdf_binfail_LOW_obsOnly: in 5 x-bins
INFO: (function: generateWithHisto) ToyMCSamplerOpt.cc: 215 -- , in 1 y-bins
INFO: (function: generateAsimov) ToyMCSamplerOpt.cc: 139 -- Using internal logic for binned/unbinned Asimov dataset generation
INFO: (function: generateWithHisto) ToyMCSamplerOpt.cc: 214 -- Generating asimov with histogram for pdf pdf_binfail_SIG_obsOnly: in 6 x-bins
INFO: (function: generateWithHisto) ToyMCSamplerOpt.cc: 215 -- , in 1 y-bins
INFO: (function: generateAsimov) ToyMCSamplerOpt.cc: 139 -- Using internal logic for binned/unbinned Asimov dataset generation
INFO: (function: generateWithHisto) ToyMCSamplerOpt.cc: 214 -- Generating asimov with histogram for pdf pdf_binpass_LOW_obsOnly: in 5 x-bins
INFO: (function: generateWithHisto) ToyMCSamplerOpt.cc: 215 -- , in 1 y-bins
INFO: (function: generateAsimov) ToyMCSamplerOpt.cc: 139 -- Using internal logic for binned/unbinned Asimov dataset generation
INFO: (function: generateWithHisto) ToyMCSamplerOpt.cc: 214 -- Generating asimov with histogram for pdf pdf_binpass_SIG_obsOnly: in 6 x-bins
INFO: (function: generateWithHisto) ToyMCSamplerOpt.cc: 215 -- , in 1 y-bins
INFO: (function: runLimitExpected) AsymptoticLimits.cc: 436 -- Median for expected limits = 0.166016 (Sigma for expected limits = 0.0847034)
INFO: (function: runLimit) AsymptoticLimits.cc: 193 -- NLL at global minimum of data = -11214.9 (r=9.91933e-09)
INFO: (function: runLimit) AsymptoticLimits.cc: 213 -- NLL at global minimum of asimov = -11216.8 (r=4.22643e-10)
INFO: (function: getCLs) AsymptoticLimits.cc: 343 -- At r = 1.200000:	q_mu = 16.95664	q_A  = 17.79604	CLsb = 0.00002	CLb  = 0.54010	CLs  = 0.00004
INFO: (function: getCLs) AsymptoticLimits.cc: 343 -- At r = 0.600000:	q_mu = 10.41395	q_A  = 10.87897	CLsb = 0.00063	CLb  = 0.52841	CLs  = 0.00118
INFO: (function: getCLs) AsymptoticLimits.cc: 343 -- At r = 0.300000:	q_mu = 6.12593	q_A  = 6.34283	CLsb = 0.00666	CLb  = 0.51732	CLs  = 0.01288
INFO: (function: getCLs) AsymptoticLimits.cc: 343 -- At r = 0.150000:	q_mu = 3.44671	q_A  = 3.51430	CLsb = 0.03169	CLb  = 0.50723	CLs  = 0.06247
INFO: (function: getCLs) AsymptoticLimits.cc: 343 -- At r = 0.225000:	q_mu = 4.84851	q_A  = 4.99268	CLsb = 0.01384	CLb  = 0.51296	CLs  = 0.02697
INFO: (function: getCLs) AsymptoticLimits.cc: 343 -- At r = 0.180910:	q_mu = 4.04175	q_A  = 4.14077	CLsb = 0.02219	CLb  = 0.50976	CLs  = 0.04354
INFO: (function: getCLs) AsymptoticLimits.cc: 343 -- At r = 0.165252:	q_mu = 3.74366	q_A  = 3.82682	CLsb = 0.02650	CLb  = 0.50853	CLs  = 0.05212
INFO: (function: getCLs) AsymptoticLimits.cc: 343 -- At r = 0.171274:	q_mu = 3.85909	q_A  = 3.94820	CLsb = 0.02474	CLb  = 0.50900	CLs  = 0.04860
INFO: (function: getCLs) AsymptoticLimits.cc: 343 -- At r = 0.168115:	q_mu = 3.79866	q_A  = 3.88454	CLsb = 0.02565	CLb  = 0.50874	CLs  = 0.05041
INFO: (function: getCLs) AsymptoticLimits.cc: 343 -- At r = 0.169315:	q_mu = 3.82164	q_A  = 3.90875	CLsb = 0.02530	CLb  = 0.50884	CLs  = 0.04972
INFO: (function: getCLs) AsymptoticLimits.cc: 343 -- At r = 0.168682:	q_mu = 3.80952	q_A  = 3.89598	CLsb = 0.02548	CLb  = 0.50879	CLs  = 0.05008
