INFO: (function: improveOnce) CascadeMinimizer.cc: 188 -- Minimisation configured with Type=Minuit2, Algo=Migrad, strategy=0, tolerance=0.1
INFO: (function: improveOnce) CascadeMinimizer.cc: 211 -- Minimisation finished with status=0
INFO: (function: improveOnce) CascadeMinimizer.cc: 216 -- Minimization success! status=0
INFO: (function: generateAsimov) ToyMCSamplerOpt.cc: 139 -- Using internal logic for binned/unbinned Asimov dataset generation
INFO: (function: generateWithHisto) ToyMCSamplerOpt.cc: 214 -- Generating asimov with histogram for pdf pdf_binfail_LOW_obsOnly: in 5 x-bins
INFO: (function: generateWithHisto) ToyMCSamplerOpt.cc: 215 -- , in 1 y-bins
INFO: (function: generateAsimov) ToyMCSamplerOpt.cc: 139 -- Using internal logic for binned/unbinned Asimov dataset generation
INFO: (function: generateWithHisto) ToyMCSamplerOpt.cc: 214 -- Generating asimov with histogram for pdf pdf_binfail_SIG_obsOnly: in 8 x-bins
INFO: (function: generateWithHisto) ToyMCSamplerOpt.cc: 215 -- , in 1 y-bins
INFO: (function: generateAsimov) ToyMCSamplerOpt.cc: 139 -- Using internal logic for binned/unbinned Asimov dataset generation
INFO: (function: generateWithHisto) ToyMCSamplerOpt.cc: 214 -- Generating asimov with histogram for pdf pdf_binpass_LOW_obsOnly: in 5 x-bins
INFO: (function: generateWithHisto) ToyMCSamplerOpt.cc: 215 -- , in 1 y-bins
INFO: (function: generateAsimov) ToyMCSamplerOpt.cc: 139 -- Using internal logic for binned/unbinned Asimov dataset generation
INFO: (function: generateWithHisto) ToyMCSamplerOpt.cc: 214 -- Generating asimov with histogram for pdf pdf_binpass_SIG_obsOnly: in 8 x-bins
INFO: (function: generateWithHisto) ToyMCSamplerOpt.cc: 215 -- , in 1 y-bins
INFO: (function: runLimitExpected) AsymptoticLimits.cc: 436 -- Median for expected limits = 0.0244141 (Sigma for expected limits = 0.0124564)
INFO: (function: runLimit) AsymptoticLimits.cc: 193 -- NLL at global minimum of data = -737570 (r=1.35328e-09)
INFO: (function: runLimit) AsymptoticLimits.cc: 213 -- NLL at global minimum of asimov = -737551 (r=1.11022e-14)
INFO: (function: getCLs) AsymptoticLimits.cc: 343 -- At r = 1.200000:	q_mu = 51.12563	q_A  = 51.23384	CLsb = 0.00000	CLb  = 0.50302	CLs  = 0.00000
INFO: (function: getCLs) AsymptoticLimits.cc: 343 -- At r = 0.600000:	q_mu = 35.56809	q_A  = 34.38021	CLsb = 0.00000	CLb  = 0.45966	CLs  = 0.00000
INFO: (function: getCLs) AsymptoticLimits.cc: 343 -- At r = 0.300000:	q_mu = 25.06136	q_A  = 23.45967	CLsb = 0.00000	CLb  = 0.43434	CLs  = 0.00000
INFO: (function: getCLs) AsymptoticLimits.cc: 343 -- At r = 0.150000:	q_mu = 17.18295	q_A  = 15.52113	CLsb = 0.00002	CLb  = 0.41648	CLs  = 0.00004
INFO: (function: getCLs) AsymptoticLimits.cc: 343 -- At r = 0.075000:	q_mu = 11.22828	q_A  = 9.68981	CLsb = 0.00039	CLb  = 0.40241	CLs  = 0.00097
INFO: (function: getCLs) AsymptoticLimits.cc: 343 -- At r = 0.037500:	q_mu = 6.96543	q_A  = 5.62077	CLsb = 0.00397	CLb  = 0.38836	CLs  = 0.01023
INFO: (function: getCLs) AsymptoticLimits.cc: 343 -- At r = 0.018750:	q_mu = 4.10301	q_A  = 3.00076	CLsb = 0.02016	CLb  = 0.37519	CLs  = 0.05374
INFO: (function: getCLs) AsymptoticLimits.cc: 343 -- At r = 0.028125:	q_mu = 5.62637	q_A  = 4.37731	CLsb = 0.00841	CLb  = 0.38266	CLs  = 0.02197
INFO: (function: getCLs) AsymptoticLimits.cc: 343 -- At r = 0.021230:	q_mu = 4.52793	q_A  = 3.37915	CLsb = 0.01575	CLb  = 0.37734	CLs  = 0.04174
INFO: (function: getCLs) AsymptoticLimits.cc: 343 -- At r = 0.019812:	q_mu = 4.28716	q_A  = 3.16410	CLsb = 0.01811	CLb  = 0.37612	CLs  = 0.04815
INFO: (function: getCLs) AsymptoticLimits.cc: 343 -- At r = 0.019307:	q_mu = 4.19996	q_A  = 3.08677	CLsb = 0.01905	CLb  = 0.37570	CLs  = 0.05071
INFO: (function: getCLs) AsymptoticLimits.cc: 343 -- At r = 0.019518:	q_mu = 4.23643	q_A  = 3.11900	CLsb = 0.01865	CLb  = 0.37586	CLs  = 0.04962
