INFO: (function: improveOnce) CascadeMinimizer.cc: 188 -- Minimisation configured with Type=Minuit2, Algo=Migrad, strategy=0, tolerance=0.1
INFO: (function: improveOnce) CascadeMinimizer.cc: 211 -- Minimisation finished with status=0
INFO: (function: improveOnce) CascadeMinimizer.cc: 216 -- Minimization success! status=0
INFO: (function: generateAsimov) ToyMCSamplerOpt.cc: 139 -- Using internal logic for binned/unbinned Asimov dataset generation
INFO: (function: generateWithHisto) ToyMCSamplerOpt.cc: 214 -- Generating asimov with histogram for pdf pdf_binfail_LOW_obsOnly: in 5 x-bins
INFO: (function: generateWithHisto) ToyMCSamplerOpt.cc: 215 -- , in 1 y-bins
INFO: (function: generateAsimov) ToyMCSamplerOpt.cc: 139 -- Using internal logic for binned/unbinned Asimov dataset generation
INFO: (function: generateWithHisto) ToyMCSamplerOpt.cc: 214 -- Generating asimov with histogram for pdf pdf_binfail_SIG_obsOnly: in 3 x-bins
INFO: (function: generateWithHisto) ToyMCSamplerOpt.cc: 215 -- , in 1 y-bins
INFO: (function: generateAsimov) ToyMCSamplerOpt.cc: 139 -- Using internal logic for binned/unbinned Asimov dataset generation
INFO: (function: generateWithHisto) ToyMCSamplerOpt.cc: 214 -- Generating asimov with histogram for pdf pdf_binpass_LOW_obsOnly: in 5 x-bins
INFO: (function: generateWithHisto) ToyMCSamplerOpt.cc: 215 -- , in 1 y-bins
INFO: (function: generateAsimov) ToyMCSamplerOpt.cc: 139 -- Using internal logic for binned/unbinned Asimov dataset generation
INFO: (function: generateWithHisto) ToyMCSamplerOpt.cc: 214 -- Generating asimov with histogram for pdf pdf_binpass_SIG_obsOnly: in 3 x-bins
INFO: (function: generateWithHisto) ToyMCSamplerOpt.cc: 215 -- , in 1 y-bins
INFO: (function: runLimitExpected) AsymptoticLimits.cc: 436 -- Median for expected limits = 0.6875 (Sigma for expected limits = 0.350772)
INFO: (function: runLimit) AsymptoticLimits.cc: 193 -- NLL at global minimum of data = -13827.4 (r=3.10667e-09)
INFO: (function: runLimit) AsymptoticLimits.cc: 213 -- NLL at global minimum of asimov = -13826.7 (r=1.14131e-12)
INFO: (function: getCLs) AsymptoticLimits.cc: 343 -- At r = 1.200000:	q_mu = 8.70125	q_A  = 7.21704	CLsb = 0.00152	CLb  = 0.39118	CLs  = 0.00390
INFO: (function: getCLs) AsymptoticLimits.cc: 343 -- At r = 0.600000:	q_mu = 4.48607	q_A  = 3.27663	CLsb = 0.01601	CLb  = 0.36916	CLs  = 0.04336
INFO: (function: getCLs) AsymptoticLimits.cc: 343 -- At r = 0.300000:	q_mu = 2.28935	q_A  = 1.37071	CLsb = 0.05902	CLb  = 0.34741	CLs  = 0.16987
INFO: (function: getCLs) AsymptoticLimits.cc: 343 -- At r = 0.450000:	q_mu = 3.39756	q_A  = 2.30991	CLsb = 0.03021	CLb  = 0.36024	CLs  = 0.08387
INFO: (function: getCLs) AsymptoticLimits.cc: 343 -- At r = 0.544091:	q_mu = 4.08212	q_A  = 2.91428	CLsb = 0.02022	CLb  = 0.36616	CLs  = 0.05523
INFO: (function: getCLs) AsymptoticLimits.cc: 343 -- At r = 0.573664:	q_mu = 4.29599	q_A  = 3.10567	CLsb = 0.01786	CLb  = 0.36779	CLs  = 0.04857
INFO: (function: getCLs) AsymptoticLimits.cc: 343 -- At r = 0.562410:	q_mu = 4.21467	q_A  = 3.03270	CLsb = 0.01872	CLb  = 0.36717	CLs  = 0.05100
INFO: (function: getCLs) AsymptoticLimits.cc: 343 -- At r = 0.568311:	q_mu = 4.25732	q_A  = 3.07096	CLsb = 0.01827	CLb  = 0.36750	CLs  = 0.04971
INFO: (function: getCLs) AsymptoticLimits.cc: 343 -- At r = 0.566057:	q_mu = 4.24103	q_A  = 3.05635	CLsb = 0.01844	CLb  = 0.36737	CLs  = 0.05020
INFO: (function: getCLs) AsymptoticLimits.cc: 343 -- At r = 0.567236:	q_mu = 4.24955	q_A  = 3.06399	CLsb = 0.01835	CLb  = 0.36744	CLs  = 0.04994
