INFO: (function: improveOnce) CascadeMinimizer.cc: 188 -- Minimisation configured with Type=Minuit2, Algo=Migrad, strategy=0, tolerance=0.1
INFO: (function: improveOnce) CascadeMinimizer.cc: 211 -- Minimisation finished with status=0
INFO: (function: improveOnce) CascadeMinimizer.cc: 216 -- Minimization success! status=0
INFO: (function: generateAsimov) ToyMCSamplerOpt.cc: 139 -- Using internal logic for binned/unbinned Asimov dataset generation
INFO: (function: generateWithHisto) ToyMCSamplerOpt.cc: 214 -- Generating asimov with histogram for pdf pdf_binfail_LOW_obsOnly: in 5 x-bins
INFO: (function: generateWithHisto) ToyMCSamplerOpt.cc: 215 -- , in 1 y-bins
INFO: (function: generateAsimov) ToyMCSamplerOpt.cc: 139 -- Using internal logic for binned/unbinned Asimov dataset generation
INFO: (function: generateWithHisto) ToyMCSamplerOpt.cc: 214 -- Generating asimov with histogram for pdf pdf_binfail_SIG_obsOnly: in 6 x-bins
INFO: (function: generateWithHisto) ToyMCSamplerOpt.cc: 215 -- , in 1 y-bins
INFO: (function: generateAsimov) ToyMCSamplerOpt.cc: 139 -- Using internal logic for binned/unbinned Asimov dataset generation
INFO: (function: generateWithHisto) ToyMCSamplerOpt.cc: 214 -- Generating asimov with histogram for pdf pdf_binpass_LOW_obsOnly: in 5 x-bins
INFO: (function: generateWithHisto) ToyMCSamplerOpt.cc: 215 -- , in 1 y-bins
INFO: (function: generateAsimov) ToyMCSamplerOpt.cc: 139 -- Using internal logic for binned/unbinned Asimov dataset generation
INFO: (function: generateWithHisto) ToyMCSamplerOpt.cc: 214 -- Generating asimov with histogram for pdf pdf_binpass_SIG_obsOnly: in 6 x-bins
INFO: (function: generateWithHisto) ToyMCSamplerOpt.cc: 215 -- , in 1 y-bins
INFO: (function: runLimitExpected) AsymptoticLimits.cc: 436 -- Median for expected limits = 0.369141 (Sigma for expected limits = 0.188341)
INFO: (function: runLimit) AsymptoticLimits.cc: 193 -- NLL at global minimum of data = -985549 (r=5.43859e-07)
INFO: (function: runLimit) AsymptoticLimits.cc: 213 -- NLL at global minimum of asimov = -985545 (r=1.11022e-15)
INFO: (function: getCLs) AsymptoticLimits.cc: 343 -- At r = 1.200001:	q_mu = 17.01504	q_A  = 14.50409	CLsb = 0.00002	CLb  = 0.37083	CLs  = 0.00005
INFO: (function: getCLs) AsymptoticLimits.cc: 343 -- At r = 0.600001:	q_mu = 8.88851	q_A  = 6.82817	CLsb = 0.00132	CLb  = 0.34670	CLs  = 0.00380
INFO: (function: getCLs) AsymptoticLimits.cc: 343 -- At r = 0.300001:	q_mu = 4.55696	q_A  = 2.96754	CLsb = 0.01448	CLb  = 0.32228	CLs  = 0.04494
INFO: (function: getCLs) AsymptoticLimits.cc: 343 -- At r = 0.150001:	q_mu = 2.31028	q_A  = 1.16727	CLsb = 0.05377	CLb  = 0.29841	CLs  = 0.18018
INFO: (function: getCLs) AsymptoticLimits.cc: 343 -- At r = 0.225001:	q_mu = 3.44234	q_A  = 2.04305	CLsb = 0.02750	CLb  = 0.31225	CLs  = 0.08808
INFO: (function: getCLs) AsymptoticLimits.cc: 343 -- At r = 0.275479:	q_mu = 4.19422	q_A  = 2.66185	CLsb = 0.01781	CLb  = 0.31932	CLs  = 0.05579
INFO: (function: getCLs) AsymptoticLimits.cc: 343 -- At r = 0.285413:	q_mu = 4.34135	q_A  = 2.78533	CLsb = 0.01638	CLb  = 0.32055	CLs  = 0.05109
INFO: (function: getCLs) AsymptoticLimits.cc: 343 -- At r = 0.290289:	q_mu = 4.41348	q_A  = 2.84613	CLsb = 0.01572	CLb  = 0.32114	CLs  = 0.04894
INFO: (function: getCLs) AsymptoticLimits.cc: 343 -- At r = 0.287366:	q_mu = 4.37025	q_A  = 2.80967	CLsb = 0.01611	CLb  = 0.32078	CLs  = 0.05022
INFO: (function: getCLs) AsymptoticLimits.cc: 343 -- At r = 0.288340:	q_mu = 4.38466	q_A  = 2.82182	CLsb = 0.01598	CLb  = 0.32090	CLs  = 0.04979
INFO: (function: getCLs) AsymptoticLimits.cc: 343 -- At r = 0.287950:	q_mu = 4.37889	q_A  = 2.81695	CLsb = 0.01603	CLb  = 0.32085	CLs  = 0.04996
