INFO: (function: improveOnce) CascadeMinimizer.cc: 188 -- Minimisation configured with Type=Minuit2, Algo=Migrad, strategy=0, tolerance=0.1
INFO: (function: improveOnce) CascadeMinimizer.cc: 211 -- Minimisation finished with status=0
INFO: (function: improveOnce) CascadeMinimizer.cc: 216 -- Minimization success! status=0
INFO: (function: generateAsimov) ToyMCSamplerOpt.cc: 139 -- Using internal logic for binned/unbinned Asimov dataset generation
INFO: (function: generateWithHisto) ToyMCSamplerOpt.cc: 214 -- Generating asimov with histogram for pdf pdf_binfail_LOW_obsOnly: in 5 x-bins
INFO: (function: generateWithHisto) ToyMCSamplerOpt.cc: 215 -- , in 1 y-bins
INFO: (function: generateAsimov) ToyMCSamplerOpt.cc: 139 -- Using internal logic for binned/unbinned Asimov dataset generation
INFO: (function: generateWithHisto) ToyMCSamplerOpt.cc: 214 -- Generating asimov with histogram for pdf pdf_binfail_SIG_obsOnly: in 6 x-bins
INFO: (function: generateWithHisto) ToyMCSamplerOpt.cc: 215 -- , in 1 y-bins
INFO: (function: generateAsimov) ToyMCSamplerOpt.cc: 139 -- Using internal logic for binned/unbinned Asimov dataset generation
INFO: (function: generateWithHisto) ToyMCSamplerOpt.cc: 214 -- Generating asimov with histogram for pdf pdf_binpass_LOW_obsOnly: in 5 x-bins
INFO: (function: generateWithHisto) ToyMCSamplerOpt.cc: 215 -- , in 1 y-bins
INFO: (function: generateAsimov) ToyMCSamplerOpt.cc: 139 -- Using internal logic for binned/unbinned Asimov dataset generation
INFO: (function: generateWithHisto) ToyMCSamplerOpt.cc: 214 -- Generating asimov with histogram for pdf pdf_binpass_SIG_obsOnly: in 6 x-bins
INFO: (function: generateWithHisto) ToyMCSamplerOpt.cc: 215 -- , in 1 y-bins
INFO: (function: runLimitExpected) AsymptoticLimits.cc: 436 -- Median for expected limits = 110 (Sigma for expected limits = 56.1235)
INFO: (function: runLimit) AsymptoticLimits.cc: 193 -- NLL at global minimum of data = -1.57292e+06 (r=0.00258606)
INFO: (function: runLimit) AsymptoticLimits.cc: 213 -- NLL at global minimum of asimov = -1.57294e+06 (r=2.88031e-13)
INFO: (function: getCLs) AsymptoticLimits.cc: 343 -- At r = 112.229189:	q_mu = 3.47864	q_A  = 3.94986	CLsb = 0.03108	CLb  = 0.54868	CLs  = 0.05665
INFO: (function: getCLs) AsymptoticLimits.cc: 343 -- At r = 224.458378:	q_mu = 9.05975	q_A  = 10.29829	CLsb = 0.00131	CLb  = 0.57893	CLs  = 0.00226
INFO: (function: getCLs) AsymptoticLimits.cc: 343 -- At r = 112.230482:	q_mu = 3.47869	q_A  = 3.94992	CLsb = 0.03108	CLb  = 0.54868	CLs  = 0.05665
INFO: (function: getCLs) AsymptoticLimits.cc: 343 -- At r = 168.344430:	q_mu = 6.11889	q_A  = 6.98862	CLsb = 0.00669	CLb  = 0.56748	CLs  = 0.01178
INFO: (function: getCLs) AsymptoticLimits.cc: 343 -- At r = 140.287456:	q_mu = 4.75337	q_A  = 5.42696	CLsb = 0.01462	CLb  = 0.55937	CLs  = 0.02614
INFO: (function: getCLs) AsymptoticLimits.cc: 343 -- At r = 121.464843:	q_mu = 3.88691	q_A  = 4.42524	CLsb = 0.02433	CLb  = 0.55255	CLs  = 0.04404
INFO: (function: getCLs) AsymptoticLimits.cc: 343 -- At r = 117.739308:	q_mu = 3.72079	q_A  = 4.23210	CLsb = 0.02687	CLb  = 0.55103	CLs  = 0.04876
INFO: (function: getCLs) AsymptoticLimits.cc: 343 -- At r = 115.900560:	q_mu = 3.63950	q_A  = 4.13745	CLsb = 0.02821	CLb  = 0.55026	CLs  = 0.05127
INFO: (function: getCLs) AsymptoticLimits.cc: 343 -- At r = 116.636180:	q_mu = 3.67197	q_A  = 4.17526	CLsb = 0.02767	CLb  = 0.55057	CLs  = 0.05025
INFO: (function: getCLs) AsymptoticLimits.cc: 343 -- At r = 117.004250:	q_mu = 3.68824	q_A  = 4.19421	CLsb = 0.02740	CLb  = 0.55073	CLs  = 0.04975
