INFO: (function: improveOnce) CascadeMinimizer.cc: 188 -- Minimisation configured with Type=Minuit2, Algo=Migrad, strategy=0, tolerance=0.1
INFO: (function: improveOnce) CascadeMinimizer.cc: 211 -- Minimisation finished with status=0
INFO: (function: improveOnce) CascadeMinimizer.cc: 216 -- Minimization success! status=0
INFO: (function: generateAsimov) ToyMCSamplerOpt.cc: 139 -- Using internal logic for binned/unbinned Asimov dataset generation
INFO: (function: generateWithHisto) ToyMCSamplerOpt.cc: 214 -- Generating asimov with histogram for pdf pdf_binfail_LOW_obsOnly: in 45 x-bins
INFO: (function: generateWithHisto) ToyMCSamplerOpt.cc: 215 -- , in 1 y-bins
INFO: (function: generateAsimov) ToyMCSamplerOpt.cc: 139 -- Using internal logic for binned/unbinned Asimov dataset generation
INFO: (function: generateWithHisto) ToyMCSamplerOpt.cc: 214 -- Generating asimov with histogram for pdf pdf_binfail_SIG_obsOnly: in 5 x-bins
INFO: (function: generateWithHisto) ToyMCSamplerOpt.cc: 215 -- , in 1 y-bins
INFO: (function: generateAsimov) ToyMCSamplerOpt.cc: 139 -- Using internal logic for binned/unbinned Asimov dataset generation
INFO: (function: generateWithHisto) ToyMCSamplerOpt.cc: 214 -- Generating asimov with histogram for pdf pdf_binpass_LOW_obsOnly: in 45 x-bins
INFO: (function: generateWithHisto) ToyMCSamplerOpt.cc: 215 -- , in 1 y-bins
INFO: (function: generateAsimov) ToyMCSamplerOpt.cc: 139 -- Using internal logic for binned/unbinned Asimov dataset generation
INFO: (function: generateWithHisto) ToyMCSamplerOpt.cc: 214 -- Generating asimov with histogram for pdf pdf_binpass_SIG_obsOnly: in 5 x-bins
INFO: (function: generateWithHisto) ToyMCSamplerOpt.cc: 215 -- , in 1 y-bins
DEBUG: (function: runLimitExpected) AsymptoticLimits.cc: 423 -- Best fit of asimov dataset is at r = 0.085645 (0.004282 times rMax), while it should be at zero
INFO: (function: runLimitExpected) AsymptoticLimits.cc: 436 -- Median for expected limits = 4000 (Sigma for expected limits = 2040.85)
INFO: (function: runLimit) AsymptoticLimits.cc: 193 -- NLL at global minimum of data = -60324.4 (r=7488.15)
INFO: (function: runLimit) AsymptoticLimits.cc: 213 -- NLL at global minimum of asimov = -60352.9 (r=5.59513)
INFO: (function: getCLs) AsymptoticLimits.cc: 343 -- At r = 12424.281184:	q_mu = 0.27359	q_A  = 10.86163	CLsb = 0.30047	CLb  = 0.99722	CLs  = 0.30131
INFO: (function: getCLs) AsymptoticLimits.cc: 343 -- At r = 24848.562368:	q_mu = 10.83625	q_A  = 29.79732	CLsb = 0.00050	CLb  = 0.98488	CLs  = 0.00051
INFO: (function: getCLs) AsymptoticLimits.cc: 343 -- At r = 16168.357801:	q_mu = 2.42255	q_A  = 16.21027	CLsb = 0.05980	CLb  = 0.99324	CLs  = 0.06021
INFO: (function: getCLs) AsymptoticLimits.cc: 343 -- At r = 20508.460085:	q_mu = 6.19518	q_A  = 22.88039	CLsb = 0.00640	CLb  = 0.98911	CLs  = 0.00648
INFO: (function: getCLs) AsymptoticLimits.cc: 343 -- At r = 18338.408943:	q_mu = 4.17322	q_A  = 19.50083	CLsb = 0.02053	CLb  = 0.99118	CLs  = 0.02072
INFO: (function: getCLs) AsymptoticLimits.cc: 343 -- At r = 16904.654909:	q_mu = 2.98198	q_A  = 17.31488	CLsb = 0.04210	CLb  = 0.99254	CLs  = 0.04241
INFO: (function: getCLs) AsymptoticLimits.cc: 343 -- At r = 16480.728880:	q_mu = 2.65531	q_A  = 16.67718	CLsb = 0.05160	CLb  = 0.99294	CLs  = 0.05197
INFO: (function: getCLs) AsymptoticLimits.cc: 343 -- At r = 16629.992671:	q_mu = 2.76886	q_A  = 16.90106	CLsb = 0.04806	CLb  = 0.99280	CLs  = 0.04841
INFO: (function: getCLs) AsymptoticLimits.cc: 343 -- At r = 16545.665283:	q_mu = 2.70451	q_A  = 16.77451	CLsb = 0.05003	CLb  = 0.99288	CLs  = 0.05039
