INFO: (function: improveOnce) CascadeMinimizer.cc: 188 -- Minimisation configured with Type=Minuit2, Algo=Migrad, strategy=0, tolerance=0.1
INFO: (function: improveOnce) CascadeMinimizer.cc: 211 -- Minimisation finished with status=0
INFO: (function: improveOnce) CascadeMinimizer.cc: 216 -- Minimization success! status=0
INFO: (function: generateAsimov) ToyMCSamplerOpt.cc: 139 -- Using internal logic for binned/unbinned Asimov dataset generation
INFO: (function: generateWithHisto) ToyMCSamplerOpt.cc: 214 -- Generating asimov with histogram for pdf pdf_binfail_LOW_obsOnly: in 5 x-bins
INFO: (function: generateWithHisto) ToyMCSamplerOpt.cc: 215 -- , in 1 y-bins
INFO: (function: generateAsimov) ToyMCSamplerOpt.cc: 139 -- Using internal logic for binned/unbinned Asimov dataset generation
INFO: (function: generateWithHisto) ToyMCSamplerOpt.cc: 214 -- Generating asimov with histogram for pdf pdf_binfail_SIG_obsOnly: in 14 x-bins
INFO: (function: generateWithHisto) ToyMCSamplerOpt.cc: 215 -- , in 1 y-bins
INFO: (function: generateAsimov) ToyMCSamplerOpt.cc: 139 -- Using internal logic for binned/unbinned Asimov dataset generation
INFO: (function: generateWithHisto) ToyMCSamplerOpt.cc: 214 -- Generating asimov with histogram for pdf pdf_binpass_LOW_obsOnly: in 5 x-bins
INFO: (function: generateWithHisto) ToyMCSamplerOpt.cc: 215 -- , in 1 y-bins
INFO: (function: generateAsimov) ToyMCSamplerOpt.cc: 139 -- Using internal logic for binned/unbinned Asimov dataset generation
INFO: (function: generateWithHisto) ToyMCSamplerOpt.cc: 214 -- Generating asimov with histogram for pdf pdf_binpass_SIG_obsOnly: in 14 x-bins
INFO: (function: generateWithHisto) ToyMCSamplerOpt.cc: 215 -- , in 1 y-bins
INFO: (function: runLimitExpected) AsymptoticLimits.cc: 436 -- Median for expected limits = 0.11377 (Sigma for expected limits = 0.0580467)
INFO: (function: runLimit) AsymptoticLimits.cc: 193 -- NLL at global minimum of data = -70548.2 (r=4.0441e-08)
INFO: (function: runLimit) AsymptoticLimits.cc: 213 -- NLL at global minimum of asimov = -70549.5 (r=6.30285e-06)
INFO: (function: getCLs) AsymptoticLimits.cc: 343 -- At r = 1.200000:	q_mu = 33.69585	q_A  = 31.72893	CLsb = 0.00000	CLb  = 0.43070	CLs  = 0.00000
INFO: (function: getCLs) AsymptoticLimits.cc: 343 -- At r = 0.600000:	q_mu = 19.31091	q_A  = 18.08295	CLsb = 0.00001	CLb  = 0.44260	CLs  = 0.00001
INFO: (function: getCLs) AsymptoticLimits.cc: 343 -- At r = 0.300000:	q_mu = 10.44442	q_A  = 9.77766	CLsb = 0.00061	CLb  = 0.45755	CLs  = 0.00134
INFO: (function: getCLs) AsymptoticLimits.cc: 343 -- At r = 0.150000:	q_mu = 5.33666	q_A  = 5.05695	CLsb = 0.01042	CLb  = 0.47520	CLs  = 0.02192
INFO: (function: getCLs) AsymptoticLimits.cc: 343 -- At r = 0.075000:	q_mu = 2.52237	q_A  = 2.51399	CLsb = 0.05612	CLb  = 0.49895	CLs  = 0.11248
INFO: (function: getCLs) AsymptoticLimits.cc: 343 -- At r = 0.119747:	q_mu = 4.22829	q_A  = 4.04600	CLsb = 0.01985	CLb  = 0.48193	CLs  = 0.04120
INFO: (function: getCLs) AsymptoticLimits.cc: 343 -- At r = 0.103895:	q_mu = 3.63398	q_A  = 3.50821	CLsb = 0.02829	CLb  = 0.48661	CLs  = 0.05813
INFO: (function: getCLs) AsymptoticLimits.cc: 343 -- At r = 0.112614:	q_mu = 3.96206	q_A  = 3.80473	CLsb = 0.02325	CLb  = 0.48392	CLs  = 0.04804
INFO: (function: getCLs) AsymptoticLimits.cc: 343 -- At r = 0.109406:	q_mu = 3.84168	q_A  = 3.69576	CLsb = 0.02498	CLb  = 0.48486	CLs  = 0.05151
INFO: (function: getCLs) AsymptoticLimits.cc: 343 -- At r = 0.111141:	q_mu = 3.90685	q_A  = 3.75470	CLsb = 0.02402	CLb  = 0.48434	CLs  = 0.04960
INFO: (function: getCLs) AsymptoticLimits.cc: 343 -- At r = 0.110498:	q_mu = 3.88272	q_A  = 3.73287	CLsb = 0.02437	CLb  = 0.48453	CLs  = 0.05030
INFO: (function: getCLs) AsymptoticLimits.cc: 343 -- At r = 0.110845:	q_mu = 3.89574	q_A  = 3.74465	CLsb = 0.02418	CLb  = 0.48443	CLs  = 0.04992
