INFO: (function: improveOnce) CascadeMinimizer.cc: 188 -- Minimisation configured with Type=Minuit2, Algo=Migrad, strategy=0, tolerance=0.1
INFO: (function: improveOnce) CascadeMinimizer.cc: 211 -- Minimisation finished with status=0
INFO: (function: improveOnce) CascadeMinimizer.cc: 216 -- Minimization success! status=0
INFO: (function: generateAsimov) ToyMCSamplerOpt.cc: 139 -- Using internal logic for binned/unbinned Asimov dataset generation
INFO: (function: generateWithHisto) ToyMCSamplerOpt.cc: 214 -- Generating asimov with histogram for pdf pdf_binfail_LOW_obsOnly: in 45 x-bins
INFO: (function: generateWithHisto) ToyMCSamplerOpt.cc: 215 -- , in 1 y-bins
INFO: (function: generateAsimov) ToyMCSamplerOpt.cc: 139 -- Using internal logic for binned/unbinned Asimov dataset generation
INFO: (function: generateWithHisto) ToyMCSamplerOpt.cc: 214 -- Generating asimov with histogram for pdf pdf_binfail_SIG_obsOnly: in 5 x-bins
INFO: (function: generateWithHisto) ToyMCSamplerOpt.cc: 215 -- , in 1 y-bins
INFO: (function: generateAsimov) ToyMCSamplerOpt.cc: 139 -- Using internal logic for binned/unbinned Asimov dataset generation
INFO: (function: generateWithHisto) ToyMCSamplerOpt.cc: 214 -- Generating asimov with histogram for pdf pdf_binpass_LOW_obsOnly: in 45 x-bins
INFO: (function: generateWithHisto) ToyMCSamplerOpt.cc: 215 -- , in 1 y-bins
INFO: (function: generateAsimov) ToyMCSamplerOpt.cc: 139 -- Using internal logic for binned/unbinned Asimov dataset generation
INFO: (function: generateWithHisto) ToyMCSamplerOpt.cc: 214 -- Generating asimov with histogram for pdf pdf_binpass_SIG_obsOnly: in 5 x-bins
INFO: (function: generateWithHisto) ToyMCSamplerOpt.cc: 215 -- , in 1 y-bins
DEBUG: (function: runLimitExpected) AsymptoticLimits.cc: 423 -- Best fit of asimov dataset is at r = 0.088250 (0.004413 times rMax), while it should be at zero
INFO: (function: runLimitExpected) AsymptoticLimits.cc: 436 -- Median for expected limits = 330 (Sigma for expected limits = 168.37)
INFO: (function: runLimit) AsymptoticLimits.cc: 193 -- NLL at global minimum of data = -1005.09 (r=159.559)
INFO: (function: runLimit) AsymptoticLimits.cc: 213 -- NLL at global minimum of asimov = -1012.7 (r=0.236249)
INFO: (function: getCLs) AsymptoticLimits.cc: 343 -- At r = 644.406746:	q_mu = 6.32954	q_A  = 11.23469	CLsb = 0.00594	CLb  = 0.79841	CLs  = 0.00744
INFO: (function: getCLs) AsymptoticLimits.cc: 343 -- At r = 401.983078:	q_mu = 1.74816	q_A  = 5.20385	CLsb = 0.09305	CLb  = 0.83122	CLs  = 0.11195
INFO: (function: getCLs) AsymptoticLimits.cc: 343 -- At r = 523.194912:	q_mu = 3.72240	q_A  = 7.96672	CLsb = 0.02684	CLb  = 0.81412	CLs  = 0.03297
INFO: (function: getCLs) AsymptoticLimits.cc: 343 -- At r = 465.923614:	q_mu = 2.70641	q_A  = 6.59324	CLsb = 0.04997	CLb  = 0.82190	CLs  = 0.06080
INFO: (function: getCLs) AsymptoticLimits.cc: 343 -- At r = 492.022574:	q_mu = 3.15120	q_A  = 7.20455	CLsb = 0.03794	CLb  = 0.81832	CLs  = 0.04636
INFO: (function: getCLs) AsymptoticLimits.cc: 343 -- At r = 480.980991:	q_mu = 2.95920	q_A  = 6.94284	CLsb = 0.04270	CLb  = 0.81982	CLs  = 0.05208
INFO: (function: getCLs) AsymptoticLimits.cc: 343 -- At r = 486.281239:	q_mu = 3.05061	q_A  = 7.06796	CLsb = 0.04035	CLb  = 0.81911	CLs  = 0.04927
INFO: (function: getCLs) AsymptoticLimits.cc: 343 -- At r = 484.090647:	q_mu = 3.01267	q_A  = 7.01606	CLsb = 0.04131	CLb  = 0.81940	CLs  = 0.05041
INFO: (function: getCLs) AsymptoticLimits.cc: 343 -- At r = 485.154098:	q_mu = 3.03105	q_A  = 7.04120	CLsb = 0.04084	CLb  = 0.81926	CLs  = 0.04985
