INFO: (function: improveOnce) CascadeMinimizer.cc: 188 -- Minimisation configured with Type=Minuit2, Algo=Migrad, strategy=0, tolerance=0.1
INFO: (function: improveOnce) CascadeMinimizer.cc: 211 -- Minimisation finished with status=0
INFO: (function: improveOnce) CascadeMinimizer.cc: 216 -- Minimization success! status=0
INFO: (function: generateAsimov) ToyMCSamplerOpt.cc: 139 -- Using internal logic for binned/unbinned Asimov dataset generation
INFO: (function: generateWithHisto) ToyMCSamplerOpt.cc: 214 -- Generating asimov with histogram for pdf pdf_binfail_LOW_obsOnly: in 5 x-bins
INFO: (function: generateWithHisto) ToyMCSamplerOpt.cc: 215 -- , in 1 y-bins
INFO: (function: generateAsimov) ToyMCSamplerOpt.cc: 139 -- Using internal logic for binned/unbinned Asimov dataset generation
INFO: (function: generateWithHisto) ToyMCSamplerOpt.cc: 214 -- Generating asimov with histogram for pdf pdf_binfail_SIG_obsOnly: in 3 x-bins
INFO: (function: generateWithHisto) ToyMCSamplerOpt.cc: 215 -- , in 1 y-bins
INFO: (function: generateAsimov) ToyMCSamplerOpt.cc: 139 -- Using internal logic for binned/unbinned Asimov dataset generation
INFO: (function: generateWithHisto) ToyMCSamplerOpt.cc: 214 -- Generating asimov with histogram for pdf pdf_binpass_LOW_obsOnly: in 5 x-bins
INFO: (function: generateWithHisto) ToyMCSamplerOpt.cc: 215 -- , in 1 y-bins
INFO: (function: generateAsimov) ToyMCSamplerOpt.cc: 139 -- Using internal logic for binned/unbinned Asimov dataset generation
INFO: (function: generateWithHisto) ToyMCSamplerOpt.cc: 214 -- Generating asimov with histogram for pdf pdf_binpass_SIG_obsOnly: in 3 x-bins
INFO: (function: generateWithHisto) ToyMCSamplerOpt.cc: 215 -- , in 1 y-bins
INFO: (function: runLimitExpected) AsymptoticLimits.cc: 436 -- Median for expected limits = 0.0615234 (Sigma for expected limits = 0.0313901)
INFO: (function: runLimit) AsymptoticLimits.cc: 193 -- NLL at global minimum of data = -13918.1 (r=3.9979e-10)
INFO: (function: runLimit) AsymptoticLimits.cc: 213 -- NLL at global minimum of asimov = -13915.3 (r=1.08136e-12)
INFO: (function: getCLs) AsymptoticLimits.cc: 343 -- At r = 1.200000:	q_mu = 59.48739	q_A  = 57.53795	CLsb = 0.00000	CLb  = 0.44888	CLs  = 0.00000
INFO: (function: getCLs) AsymptoticLimits.cc: 343 -- At r = 0.600000:	q_mu = 36.09413	q_A  = 34.29502	CLsb = 0.00000	CLb  = 0.43896	CLs  = 0.00000
INFO: (function: getCLs) AsymptoticLimits.cc: 343 -- At r = 0.300000:	q_mu = 20.86841	q_A  = 19.15271	CLsb = 0.00000	CLb  = 0.42230	CLs  = 0.00001
INFO: (function: getCLs) AsymptoticLimits.cc: 343 -- At r = 0.150000:	q_mu = 11.57843	q_A  = 9.96468	CLsb = 0.00032	CLb  = 0.39913	CLs  = 0.00081
INFO: (function: getCLs) AsymptoticLimits.cc: 343 -- At r = 0.075000:	q_mu = 6.20893	q_A  = 4.79627	CLsb = 0.00599	CLb  = 0.37353	CLs  = 0.01604
INFO: (function: getCLs) AsymptoticLimits.cc: 343 -- At r = 0.037500:	q_mu = 3.23393	q_A  = 2.12458	CLsb = 0.03302	CLb  = 0.35177	CLs  = 0.09387
INFO: (function: getCLs) AsymptoticLimits.cc: 343 -- At r = 0.055697:	q_mu = 4.70425	q_A  = 3.41496	CLsb = 0.01402	CLb  = 0.36360	CLs  = 0.03855
INFO: (function: getCLs) AsymptoticLimits.cc: 343 -- At r = 0.047804:	q_mu = 4.07238	q_A  = 2.85203	CLsb = 0.02018	CLb  = 0.35894	CLs  = 0.05621
INFO: (function: getCLs) AsymptoticLimits.cc: 343 -- At r = 0.051344:	q_mu = 4.35684	q_A  = 3.10402	CLsb = 0.01711	CLb  = 0.36109	CLs  = 0.04740
INFO: (function: getCLs) AsymptoticLimits.cc: 343 -- At r = 0.049748:	q_mu = 4.22883	q_A  = 2.99033	CLsb = 0.01843	CLb  = 0.36013	CLs  = 0.05117
INFO: (function: getCLs) AsymptoticLimits.cc: 343 -- At r = 0.050452:	q_mu = 4.28539	q_A  = 3.04050	CLsb = 0.01784	CLb  = 0.36056	CLs  = 0.04946
INFO: (function: getCLs) AsymptoticLimits.cc: 343 -- At r = 0.050132:	q_mu = 4.25972	q_A  = 3.01771	CLsb = 0.01810	CLb  = 0.36037	CLs  = 0.05023
