INFO: (function: improveOnce) CascadeMinimizer.cc: 188 -- Minimisation configured with Type=Minuit2, Algo=Migrad, strategy=0, tolerance=0.1
INFO: (function: improveOnce) CascadeMinimizer.cc: 211 -- Minimisation finished with status=0
INFO: (function: improveOnce) CascadeMinimizer.cc: 216 -- Minimization success! status=0
INFO: (function: generateAsimov) ToyMCSamplerOpt.cc: 139 -- Using internal logic for binned/unbinned Asimov dataset generation
INFO: (function: generateWithHisto) ToyMCSamplerOpt.cc: 214 -- Generating asimov with histogram for pdf pdf_binfail_LOW_obsOnly: in 5 x-bins
INFO: (function: generateWithHisto) ToyMCSamplerOpt.cc: 215 -- , in 1 y-bins
INFO: (function: generateAsimov) ToyMCSamplerOpt.cc: 139 -- Using internal logic for binned/unbinned Asimov dataset generation
INFO: (function: generateWithHisto) ToyMCSamplerOpt.cc: 214 -- Generating asimov with histogram for pdf pdf_binfail_SIG_obsOnly: in 3 x-bins
INFO: (function: generateWithHisto) ToyMCSamplerOpt.cc: 215 -- , in 1 y-bins
INFO: (function: generateAsimov) ToyMCSamplerOpt.cc: 139 -- Using internal logic for binned/unbinned Asimov dataset generation
INFO: (function: generateWithHisto) ToyMCSamplerOpt.cc: 214 -- Generating asimov with histogram for pdf pdf_binpass_LOW_obsOnly: in 5 x-bins
INFO: (function: generateWithHisto) ToyMCSamplerOpt.cc: 215 -- , in 1 y-bins
INFO: (function: generateAsimov) ToyMCSamplerOpt.cc: 139 -- Using internal logic for binned/unbinned Asimov dataset generation
INFO: (function: generateWithHisto) ToyMCSamplerOpt.cc: 214 -- Generating asimov with histogram for pdf pdf_binpass_SIG_obsOnly: in 3 x-bins
INFO: (function: generateWithHisto) ToyMCSamplerOpt.cc: 215 -- , in 1 y-bins
INFO: (function: runLimitExpected) AsymptoticLimits.cc: 436 -- Median for expected limits = 0.0551758 (Sigma for expected limits = 0.0281514)
INFO: (function: runLimit) AsymptoticLimits.cc: 193 -- NLL at global minimum of data = -13896.9 (r=3.07673e-08)
INFO: (function: runLimit) AsymptoticLimits.cc: 213 -- NLL at global minimum of asimov = -13898.1 (r=1.04694e-12)
INFO: (function: getCLs) AsymptoticLimits.cc: 343 -- At r = 1.200000:	q_mu = 72.57931	q_A  = 71.03713	CLsb = 0.00000	CLb  = 0.46355	CLs  = 0.00000
INFO: (function: getCLs) AsymptoticLimits.cc: 343 -- At r = 0.600000:	q_mu = 42.67694	q_A  = 40.86978	CLsb = 0.00000	CLb  = 0.44380	CLs  = 0.00000
INFO: (function: getCLs) AsymptoticLimits.cc: 343 -- At r = 0.300000:	q_mu = 24.17027	q_A  = 22.27650	CLsb = 0.00000	CLb  = 0.42050	CLs  = 0.00000
INFO: (function: getCLs) AsymptoticLimits.cc: 343 -- At r = 0.150000:	q_mu = 13.14638	q_A  = 11.44662	CLsb = 0.00014	CLb  = 0.40083	CLs  = 0.00035
INFO: (function: getCLs) AsymptoticLimits.cc: 343 -- At r = 0.075000:	q_mu = 6.90934	q_A  = 5.47798	CLsb = 0.00407	CLb  = 0.37989	CLs  = 0.01071
INFO: (function: getCLs) AsymptoticLimits.cc: 343 -- At r = 0.037500:	q_mu = 3.55708	q_A  = 2.43081	CLsb = 0.02741	CLb  = 0.35898	CLs  = 0.07636
INFO: (function: getCLs) AsymptoticLimits.cc: 343 -- At r = 0.056250:	q_mu = 5.25239	q_A  = 3.94529	CLsb = 0.01030	CLb  = 0.37107	CLs  = 0.02775
INFO: (function: getCLs) AsymptoticLimits.cc: 343 -- At r = 0.047525:	q_mu = 4.46826	q_A  = 3.23634	CLsb = 0.01612	CLb  = 0.36603	CLs  = 0.04405
INFO: (function: getCLs) AsymptoticLimits.cc: 343 -- At r = 0.043672:	q_mu = 4.11926	q_A  = 2.92532	CLsb = 0.01973	CLb  = 0.36353	CLs  = 0.05427
INFO: (function: getCLs) AsymptoticLimits.cc: 343 -- At r = 0.045652:	q_mu = 4.29874	q_A  = 3.08500	CLsb = 0.01778	CLb  = 0.36485	CLs  = 0.04873
INFO: (function: getCLs) AsymptoticLimits.cc: 343 -- At r = 0.044878:	q_mu = 4.22860	q_A  = 3.02250	CLsb = 0.01852	CLb  = 0.36434	CLs  = 0.05082
INFO: (function: getCLs) AsymptoticLimits.cc: 343 -- At r = 0.045273:	q_mu = 4.26439	q_A  = 3.05438	CLsb = 0.01814	CLb  = 0.36460	CLs  = 0.04974
