INFO: (function: improveOnce) CascadeMinimizer.cc: 188 -- Minimisation configured with Type=Minuit2, Algo=Migrad, strategy=0, tolerance=0.1
INFO: (function: improveOnce) CascadeMinimizer.cc: 211 -- Minimisation finished with status=0
INFO: (function: improveOnce) CascadeMinimizer.cc: 216 -- Minimization success! status=0
INFO: (function: generateAsimov) ToyMCSamplerOpt.cc: 139 -- Using internal logic for binned/unbinned Asimov dataset generation
INFO: (function: generateWithHisto) ToyMCSamplerOpt.cc: 214 -- Generating asimov with histogram for pdf pdf_binfail_LOW_obsOnly: in 6 x-bins
INFO: (function: generateWithHisto) ToyMCSamplerOpt.cc: 215 -- , in 1 y-bins
INFO: (function: generateAsimov) ToyMCSamplerOpt.cc: 139 -- Using internal logic for binned/unbinned Asimov dataset generation
INFO: (function: generateWithHisto) ToyMCSamplerOpt.cc: 214 -- Generating asimov with histogram for pdf pdf_binfail_SIG_obsOnly: in 2 x-bins
INFO: (function: generateWithHisto) ToyMCSamplerOpt.cc: 215 -- , in 1 y-bins
INFO: (function: generateAsimov) ToyMCSamplerOpt.cc: 139 -- Using internal logic for binned/unbinned Asimov dataset generation
INFO: (function: generateWithHisto) ToyMCSamplerOpt.cc: 214 -- Generating asimov with histogram for pdf pdf_binpass_LOW_obsOnly: in 6 x-bins
INFO: (function: generateWithHisto) ToyMCSamplerOpt.cc: 215 -- , in 1 y-bins
INFO: (function: generateAsimov) ToyMCSamplerOpt.cc: 139 -- Using internal logic for binned/unbinned Asimov dataset generation
INFO: (function: generateWithHisto) ToyMCSamplerOpt.cc: 214 -- Generating asimov with histogram for pdf pdf_binpass_SIG_obsOnly: in 2 x-bins
INFO: (function: generateWithHisto) ToyMCSamplerOpt.cc: 215 -- , in 1 y-bins
INFO: (function: runLimitExpected) AsymptoticLimits.cc: 436 -- Median for expected limits = 0.753906 (Sigma for expected limits = 0.384653)
INFO: (function: runLimit) AsymptoticLimits.cc: 193 -- NLL at global minimum of data = -11001.8 (r=0.345261)
INFO: (function: runLimit) AsymptoticLimits.cc: 213 -- NLL at global minimum of asimov = -11008 (r=0.00371654)
INFO: (function: getCLs) AsymptoticLimits.cc: 343 -- At r = 1.545261:	q_mu = 3.70051	q_A  = 7.89631	CLsb = 0.02720	CLb  = 0.81229	CLs  = 0.03348
INFO: (function: getCLs) AsymptoticLimits.cc: 343 -- At r = 0.945261:	q_mu = 1.50276	q_A  = 4.88319	CLsb = 0.11012	CLb  = 0.83742	CLs  = 0.13150
INFO: (function: getCLs) AsymptoticLimits.cc: 343 -- At r = 1.284564:	q_mu = 2.73344	q_A  = 6.63499	CLsb = 0.04913	CLb  = 0.82188	CLs  = 0.05978
INFO: (function: getCLs) AsymptoticLimits.cc: 343 -- At r = 1.400993:	q_mu = 3.16513	q_A  = 7.20697	CLsb = 0.03761	CLb  = 0.81740	CLs  = 0.04602
INFO: (function: getCLs) AsymptoticLimits.cc: 343 -- At r = 1.348154:	q_mu = 2.96902	q_A  = 6.94917	CLsb = 0.04244	CLb  = 0.81939	CLs  = 0.05179
INFO: (function: getCLs) AsymptoticLimits.cc: 343 -- At r = 1.371301:	q_mu = 3.05491	q_A  = 7.06246	CLsb = 0.04025	CLb  = 0.81851	CLs  = 0.04917
INFO: (function: getCLs) AsymptoticLimits.cc: 343 -- At r = 1.360705:	q_mu = 3.01559	q_A  = 7.01067	CLsb = 0.04123	CLb  = 0.81891	CLs  = 0.05035
INFO: (function: getCLs) AsymptoticLimits.cc: 343 -- At r = 1.365329:	q_mu = 3.03275	q_A  = 7.03329	CLsb = 0.04080	CLb  = 0.81874	CLs  = 0.04983
