 <<< Combine >>> 
>>> random number generator seed is 123456
>>> method used is FitDiagnostics
Warning: Did not find a parameter with name mask_pass_HIGH
Set Default Value of Parameter mask_pass_SIG To : 1
Set Default Value of Parameter r To : 1
>>> 1 out of 4 channels masked

SimNLL created with 0 channels, 0 generic constraints, 1 fast gaussian constraints, 0 fast poisson constraints, 0 fast group constraints, 
SimNLL created with 4 channels, 0 generic constraints, 1 fast gaussian constraints, 0 fast poisson constraints, 0 fast group constraints, 
>> Found 20 floating parameters
>> The following parameters are protected in the event of negative eigenvalues: r
>> Verifying eigenvalues are all positive (iteration 0)
Eigenvalue 19 : -3.20427e-06
 - -0.999992	r
 - 0.00408373	lumi
 - 8.70195e-05	Background_fail_par0
 - -3.08802e-05	Background_fail_par1
 - 1.79191e-05	Background_fail_LOW_bin_1-3
>> Attempt 0 failed, remove the variable with largest eigenvector component...
>> Dropping lumi from the hessian
>> Verifying eigenvalues are all positive (iteration 1)
Eigenvalue 18 : -1.21748e-08
 - -1	r
 - 8.70235e-05	Background_fail_par0
 - -3.08833e-05	Background_fail_par1
 - 1.79198e-05	Background_fail_LOW_bin_1-3
 - -8.87953e-06	Background_fail_par2
>> Attempt 1 failed, remove the variable with largest eigenvector component...
>> Dropping Background_fail_par0 from the hessian
>> Verifying eigenvalues are all positive (iteration 2)
Eigenvalue 17 : -1.13917e-08
 - -1	r
 - 2.80701e-05	Background_fail_par1
 - 1.79197e-05	Background_fail_LOW_bin_1-3
 - -1.57719e-06	Background_fail_par2
 - 3.43872e-07	Background_fail_LOW_bin_3-1
>> Attempt 2 failed, remove the variable with largest eigenvector component...
>> Dropping Background_fail_par1 from the hessian
>> Verifying eigenvalues are all positive (iteration 3)
Eigenvalue 16 : -1.12464e-08
 - 1	r
 - -1.79197e-05	Background_fail_LOW_bin_1-3
 - -5.81135e-06	Background_fail_par2
 - -3.42513e-07	Background_fail_LOW_bin_3-1
 - -3.33997e-07	Background_fail_LOW_bin_1-2
>> Attempt 3 failed, remove the variable with largest eigenvector component...
>> Dropping Background_fail_LOW_bin_1-3 from the hessian
>> Verifying eigenvalues are all positive (iteration 4)
Eigenvalue 15 : -1.11828e-08
 - -1	r
 - 5.81134e-06	Background_fail_par2
 - 3.40467e-07	Background_fail_LOW_bin_3-1
 - 3.33698e-07	Background_fail_LOW_bin_1-2
 - 2.94735e-07	Background_fail_LOW_bin_1-1
>> Attempt 4 failed, remove the variable with largest eigenvector component...
>> Dropping Background_fail_par2 from the hessian
>> Verifying eigenvalues are all positive (iteration 5)
Eigenvalue 14 : -1.11759e-08
 - -1	r
 - 3.4041e-07	Background_fail_LOW_bin_3-1
 - 3.33689e-07	Background_fail_LOW_bin_1-2
 - 2.94442e-07	Background_fail_LOW_bin_1-1
 - -1.71906e-07	Background_rpf_0x0_par0
>> Attempt 5 failed, remove the variable with largest eigenvector component...
>> Dropping Background_fail_LOW_bin_3-1 from the hessian
>> Verifying eigenvalues are all positive (iteration 6)
Eigenvalue 13 : -1.11759e-08
 - -1	r
 - 3.33448e-07	Background_fail_LOW_bin_1-2
 - 2.85952e-07	Background_fail_LOW_bin_1-1
 - 1.47288e-07	Background_fail_LOW_bin_2-1
 - -1.46497e-07	Background_rpf_0x0_par0
>> Attempt 6 failed, remove the variable with largest eigenvector component...
>> Dropping Background_fail_LOW_bin_1-2 from the hessian
>> Verifying eigenvalues are all positive (iteration 7)
Eigenvalue 12 : -1.11759e-08
 - 1	r
 - -2.84741e-07	Background_fail_LOW_bin_1-1
 - -1.46795e-07	Background_fail_LOW_bin_2-1
 - 1.42873e-07	Background_rpf_0x0_par0
 - -1.20826e-07	Background_fail_LOW_bin_6-1
>> Attempt 7 failed, remove the variable with largest eigenvector component...
>> Dropping Background_fail_LOW_bin_1-1 from the hessian
>> Verifying eigenvalues are all positive (iteration 8)
Eigenvalue 11 : -1.11759e-08
 - -1	r
 - 1.3299e-07	Background_fail_LOW_bin_2-1
 - 1.19671e-07	Background_fail_LOW_bin_6-1
 - 9.45792e-08	Background_fail_LOW_bin_3-2
 - -7.26564e-08	Background_fail_LOW_bin_4-1
>> Attempt 8 failed, remove the variable with largest eigenvector component...
>> Dropping Background_fail_LOW_bin_2-1 from the hessian
>> Verifying eigenvalues are all positive (iteration 9)
Eigenvalue 10 : -1.11759e-08
 - -1	r
 - 1.19463e-07	Background_fail_LOW_bin_6-1
 - 9.45432e-08	Background_fail_LOW_bin_3-2
 - -7.32966e-08	Background_fail_LOW_bin_4-1
 - 5.51702e-08	Background_fail_LOW_bin_5-1
>> Attempt 9 failed, remove the variable with largest eigenvector component...
>> Dropping Background_fail_LOW_bin_6-1 from the hessian
>> Verifying eigenvalues are all positive (iteration 10)
Eigenvalue 9 : -1.11759e-08
 - 1	r
 - -9.45405e-08	Background_fail_LOW_bin_3-2
 - 7.33436e-08	Background_fail_LOW_bin_4-1
 - -5.51436e-08	Background_fail_LOW_bin_5-1
 - 2.16654e-08	Background_rpf_0x0_par0
>> Attempt 10 failed, remove the variable with largest eigenvector component...
>> Dropping Background_fail_LOW_bin_3-2 from the hessian
>> Verifying eigenvalues are all positive (iteration 11)
Eigenvalue 8 : -1.11759e-08
 - 1	r
 - 7.33503e-08	Background_fail_LOW_bin_4-1
 - -5.51398e-08	Background_fail_LOW_bin_5-1
 - 2.14744e-08	Background_rpf_0x0_par0
 - -1.95481e-08	Background_fail_LOW_bin_2-2
>> Attempt 11 failed, remove the variable with largest eigenvector component...
>> Dropping Background_fail_LOW_bin_4-1 from the hessian
>> Verifying eigenvalues are all positive (iteration 12)
Eigenvalue 7 : -1.11759e-08
 - -1	r
 - 5.51901e-08	Background_fail_LOW_bin_5-1
 - -2.40162e-08	Background_rpf_0x0_par0
 - 1.95582e-08	Background_fail_LOW_bin_2-2
 - -4.86486e-09	Background_fail_SIG_bin_3-1
>> Attempt 12 failed, remove the variable with largest eigenvector component...
>> Dropping Background_fail_LOW_bin_5-1 from the hessian
>> Verifying eigenvalues are all positive (iteration 13)
Eigenvalue 6 : -1.11759e-08
 - -1	r
 - -2.29363e-08	Background_rpf_0x0_par0
 - 1.95539e-08	Background_fail_LOW_bin_2-2
 - -4.86486e-09	Background_fail_SIG_bin_3-1
 - 1.13397e-09	Background_fail_SIG_bin_4-1
>> Attempt 13 failed, remove the variable with largest eigenvector component...
>> Dropping Background_rpf_0x0_par0 from the hessian
>> Verifying eigenvalues are all positive (iteration 14)
Eigenvalue 5 : -1.11759e-08
 - -1	r
 - 1.94624e-08	Background_fail_LOW_bin_2-2
 - -4.86486e-09	Background_fail_SIG_bin_3-1
 - 1.13397e-09	Background_fail_SIG_bin_4-1
 - -6.0614e-17	Background_fail_SIG_bin_2-1
>> Attempt 14 failed, remove the variable with largest eigenvector component...
>> Dropping Background_fail_LOW_bin_2-2 from the hessian
>> Verifying eigenvalues are all positive (iteration 15)
Eigenvalue 4 : -1.11759e-08
 - 1	r
 - 4.86486e-09	Background_fail_SIG_bin_3-1
 - -1.13397e-09	Background_fail_SIG_bin_4-1
 - 0	Background_fail_SIG_bin_1-1
 - 0	Background_fail_SIG_bin_2-1
>> Attempt 15 failed, remove the variable with largest eigenvector component...
>> Dropping Background_fail_SIG_bin_3-1 from the hessian
>> Verifying eigenvalues are all positive (iteration 16)
Eigenvalue 3 : -1.11759e-08
 - 1	r
 - -1.13397e-09	Background_fail_SIG_bin_4-1
 - 0	Background_fail_SIG_bin_1-1
 - 0	Background_fail_SIG_bin_2-1
>> Attempt 16 failed, remove the variable with largest eigenvector component...
>> Dropping Background_fail_SIG_bin_4-1 from the hessian
>> Verifying eigenvalues are all positive (iteration 17)
Eigenvalue 2 : -1.11759e-08
 - 1	r
 - 0	Background_fail_SIG_bin_1-1
 - 0	Background_fail_SIG_bin_2-1
>> Attempt 17 failed, remove the variable with largest eigenvector component...
>> Dropping Background_fail_SIG_bin_1-1 from the hessian
>> Verifying eigenvalues are all positive (iteration 18)
Eigenvalue 1 : -1.11759e-08
 - 1	r
 - 0	Background_fail_SIG_bin_2-1
>> Attempt 18 failed, remove the variable with largest eigenvector component...
>> Dropping Background_fail_SIG_bin_2-1 from the hessian
>> Verifying eigenvalues are all positive (iteration 19)
Eigenvalue 0 : -1.11759e-08
 - 1	r
>> Attempt 19 failed, remove the variable with largest eigenvector component...
>> Dropping r from the hessian
>> Inverting Hessian...
>> Matrix inverted
>> Note: the following parameters were dropped to make the covariance matrix pos-def:
     - lumi
     - Background_fail_par0
     - Background_fail_par1
     - Background_fail_LOW_bin_1-3
     - Background_fail_par2
     - Background_fail_LOW_bin_3-1
     - Background_fail_LOW_bin_1-2
     - Background_fail_LOW_bin_1-1
     - Background_fail_LOW_bin_2-1
     - Background_fail_LOW_bin_6-1
     - Background_fail_LOW_bin_3-2
     - Background_fail_LOW_bin_4-1
     - Background_fail_LOW_bin_5-1
     - Background_rpf_0x0_par0
     - Background_fail_LOW_bin_2-2
     - Background_fail_SIG_bin_3-1
     - Background_fail_SIG_bin_4-1
     - Background_fail_SIG_bin_1-1
     - Background_fail_SIG_bin_2-1
     - r

 --- FitDiagnostics ---
Best fit r: 1.05175e-06  0/+0  (68% CL)
Done in 0.03 min (cpu), 0.04 min (real)
