INFO: (function: improveOnce) CascadeMinimizer.cc: 188 -- Minimisation configured with Type=Minuit2, Algo=Migrad, strategy=0, tolerance=0.1
INFO: (function: improveOnce) CascadeMinimizer.cc: 211 -- Minimisation finished with status=0
INFO: (function: improveOnce) CascadeMinimizer.cc: 216 -- Minimization success! status=0
INFO: (function: generateAsimov) ToyMCSamplerOpt.cc: 139 -- Using internal logic for binned/unbinned Asimov dataset generation
INFO: (function: generateWithHisto) ToyMCSamplerOpt.cc: 214 -- Generating asimov with histogram for pdf pdf_binfail_LOW_obsOnly: in 5 x-bins
INFO: (function: generateWithHisto) ToyMCSamplerOpt.cc: 215 -- , in 1 y-bins
INFO: (function: generateAsimov) ToyMCSamplerOpt.cc: 139 -- Using internal logic for binned/unbinned Asimov dataset generation
INFO: (function: generateWithHisto) ToyMCSamplerOpt.cc: 214 -- Generating asimov with histogram for pdf pdf_binfail_SIG_obsOnly: in 3 x-bins
INFO: (function: generateWithHisto) ToyMCSamplerOpt.cc: 215 -- , in 1 y-bins
INFO: (function: generateAsimov) ToyMCSamplerOpt.cc: 139 -- Using internal logic for binned/unbinned Asimov dataset generation
INFO: (function: generateWithHisto) ToyMCSamplerOpt.cc: 214 -- Generating asimov with histogram for pdf pdf_binpass_LOW_obsOnly: in 5 x-bins
INFO: (function: generateWithHisto) ToyMCSamplerOpt.cc: 215 -- , in 1 y-bins
INFO: (function: generateAsimov) ToyMCSamplerOpt.cc: 139 -- Using internal logic for binned/unbinned Asimov dataset generation
INFO: (function: generateWithHisto) ToyMCSamplerOpt.cc: 214 -- Generating asimov with histogram for pdf pdf_binpass_SIG_obsOnly: in 3 x-bins
INFO: (function: generateWithHisto) ToyMCSamplerOpt.cc: 215 -- , in 1 y-bins
INFO: (function: runLimitExpected) AsymptoticLimits.cc: 436 -- Median for expected limits = 5.40625 (Sigma for expected limits = 2.75834)
INFO: (function: runLimit) AsymptoticLimits.cc: 193 -- NLL at global minimum of data = -13826.9 (r=4.49744e-07)
INFO: (function: runLimit) AsymptoticLimits.cc: 213 -- NLL at global minimum of asimov = -13826 (r=9.10383e-14)
INFO: (function: getCLs) AsymptoticLimits.cc: 343 -- At r = 3.154440:	q_mu = 3.03967	q_A  = 2.00203	CLsb = 0.03741	CLb  = 0.35693	CLs  = 0.10480
INFO: (function: getCLs) AsymptoticLimits.cc: 343 -- At r = 6.308880:	q_mu = 5.92888	q_A  = 4.60325	CLsb = 0.00706	CLb  = 0.37869	CLs  = 0.01863
INFO: (function: getCLs) AsymptoticLimits.cc: 343 -- At r = 3.154440:	q_mu = 3.03967	q_A  = 2.00203	CLsb = 0.03741	CLb  = 0.35693	CLs  = 0.10480
INFO: (function: getCLs) AsymptoticLimits.cc: 343 -- At r = 4.866527:	q_mu = 4.62053	q_A  = 3.40134	CLsb = 0.01482	CLb  = 0.37050	CLs  = 0.04001
INFO: (function: getCLs) AsymptoticLimits.cc: 343 -- At r = 4.206970:	q_mu = 4.01559	q_A  = 2.85742	CLsb = 0.02103	CLb  = 0.36596	CLs  = 0.05746
INFO: (function: getCLs) AsymptoticLimits.cc: 343 -- At r = 4.541555:	q_mu = 4.32300	q_A  = 3.13274	CLsb = 0.01759	CLb  = 0.36834	CLs  = 0.04776
INFO: (function: getCLs) AsymptoticLimits.cc: 343 -- At r = 4.408383:	q_mu = 4.20078	q_A  = 3.02300	CLsb = 0.01888	CLb  = 0.36742	CLs  = 0.05139
INFO: (function: getCLs) AsymptoticLimits.cc: 343 -- At r = 4.475029:	q_mu = 4.26197	q_A  = 3.07789	CLsb = 0.01823	CLb  = 0.36789	CLs  = 0.04954
INFO: (function: getCLs) AsymptoticLimits.cc: 343 -- At r = 4.448343:	q_mu = 4.23747	q_A  = 3.05591	CLsb = 0.01849	CLb  = 0.36770	CLs  = 0.05028
INFO: (function: getCLs) AsymptoticLimits.cc: 343 -- At r = 4.461661:	q_mu = 4.24970	q_A  = 3.06688	CLsb = 0.01836	CLb  = 0.36779	CLs  = 0.04991
