INFO: (function: improveOnce) CascadeMinimizer.cc: 188 -- Minimisation configured with Type=Minuit2, Algo=Migrad, strategy=0, tolerance=0.1
INFO: (function: improveOnce) CascadeMinimizer.cc: 211 -- Minimisation finished with status=0
INFO: (function: improveOnce) CascadeMinimizer.cc: 216 -- Minimization success! status=0
INFO: (function: generateAsimov) ToyMCSamplerOpt.cc: 139 -- Using internal logic for binned/unbinned Asimov dataset generation
INFO: (function: generateWithHisto) ToyMCSamplerOpt.cc: 214 -- Generating asimov with histogram for pdf pdf_binfail_LOW_obsOnly: in 5 x-bins
INFO: (function: generateWithHisto) ToyMCSamplerOpt.cc: 215 -- , in 1 y-bins
INFO: (function: generateAsimov) ToyMCSamplerOpt.cc: 139 -- Using internal logic for binned/unbinned Asimov dataset generation
INFO: (function: generateWithHisto) ToyMCSamplerOpt.cc: 214 -- Generating asimov with histogram for pdf pdf_binfail_SIG_obsOnly: in 3 x-bins
INFO: (function: generateWithHisto) ToyMCSamplerOpt.cc: 215 -- , in 1 y-bins
INFO: (function: generateAsimov) ToyMCSamplerOpt.cc: 139 -- Using internal logic for binned/unbinned Asimov dataset generation
INFO: (function: generateWithHisto) ToyMCSamplerOpt.cc: 214 -- Generating asimov with histogram for pdf pdf_binpass_LOW_obsOnly: in 5 x-bins
INFO: (function: generateWithHisto) ToyMCSamplerOpt.cc: 215 -- , in 1 y-bins
INFO: (function: generateAsimov) ToyMCSamplerOpt.cc: 139 -- Using internal logic for binned/unbinned Asimov dataset generation
INFO: (function: generateWithHisto) ToyMCSamplerOpt.cc: 214 -- Generating asimov with histogram for pdf pdf_binpass_SIG_obsOnly: in 3 x-bins
INFO: (function: generateWithHisto) ToyMCSamplerOpt.cc: 215 -- , in 1 y-bins
INFO: (function: runLimitExpected) AsymptoticLimits.cc: 436 -- Median for expected limits = 0.972656 (Sigma for expected limits = 0.496262)
INFO: (function: runLimit) AsymptoticLimits.cc: 193 -- NLL at global minimum of data = -13704.8 (r=15.0312)
INFO: (function: runLimit) AsymptoticLimits.cc: 213 -- NLL at global minimum of asimov = -13825.1 (r=0.00176677)
INFO: (function: getCLs) AsymptoticLimits.cc: 343 -- At r = 31.874019:	q_mu = 0.00000	q_A  = 104.24285	CLsb = 0.50000	CLb  = 1.00000	CLs  = 0.50000
INFO: (function: getCLs) AsymptoticLimits.cc: 343 -- At r = 63.748038:	q_mu = 0.00000	q_A  = 170.74289	CLsb = 0.50000	CLb  = 1.00000	CLs  = 0.50000
INFO: (function: getCLs) AsymptoticLimits.cc: 343 -- At r = 127.496076:	q_mu = 57.80945	q_A  = 299.52377	CLsb = 0.00000	CLb  = 1.00000	CLs  = 0.00000
INFO: (function: getCLs) AsymptoticLimits.cc: 343 -- At r = 71.263657:	q_mu = 0.00000	q_A  = 185.89951	CLsb = 0.50000	CLb  = 1.00000	CLs  = 0.50000
INFO: (function: getCLs) AsymptoticLimits.cc: 343 -- At r = 99.379866:	q_mu = 1.06684	q_A  = 242.81679	CLsb = 0.15083	CLb  = 1.00000	CLs  = 0.15083
INFO: (function: getCLs) AsymptoticLimits.cc: 343 -- At r = 113.437971:	q_mu = 29.48765	q_A  = 271.22474	CLsb = 0.00000	CLb  = 1.00000	CLs  = 0.00000
INFO: (function: getCLs) AsymptoticLimits.cc: 343 -- At r = 106.408918:	q_mu = 15.28708	q_A  = 257.03179	CLsb = 0.00005	CLb  = 1.00000	CLs  = 0.00005
INFO: (function: getCLs) AsymptoticLimits.cc: 343 -- At r = 102.894392:	q_mu = 8.17903	q_A  = 249.92677	CLsb = 0.00212	CLb  = 1.00000	CLs  = 0.00212
INFO: (function: getCLs) AsymptoticLimits.cc: 343 -- At r = 101.137129:	q_mu = 4.62340	q_A  = 246.37232	CLsb = 0.01577	CLb  = 1.00000	CLs  = 0.01577
INFO: (function: getCLs) AsymptoticLimits.cc: 343 -- At r = 100.258498:	q_mu = 2.84541	q_A  = 244.59467	CLsb = 0.04582	CLb  = 1.00000	CLs  = 0.04582
INFO: (function: getCLs) AsymptoticLimits.cc: 343 -- At r = 99.819182:	q_mu = 1.95624	q_A  = 243.70575	CLsb = 0.08096	CLb  = 1.00000	CLs  = 0.08096
