INFO: (function: improveOnce) CascadeMinimizer.cc: 188 -- Minimisation configured with Type=Minuit2, Algo=Migrad, strategy=0, tolerance=0.1
INFO: (function: improveOnce) CascadeMinimizer.cc: 211 -- Minimisation finished with status=0
INFO: (function: improveOnce) CascadeMinimizer.cc: 216 -- Minimization success! status=0
INFO: (function: generateAsimov) ToyMCSamplerOpt.cc: 139 -- Using internal logic for binned/unbinned Asimov dataset generation
INFO: (function: generateWithHisto) ToyMCSamplerOpt.cc: 214 -- Generating asimov with histogram for pdf pdf_binfail_LOW_obsOnly: in 5 x-bins
INFO: (function: generateWithHisto) ToyMCSamplerOpt.cc: 215 -- , in 1 y-bins
INFO: (function: generateAsimov) ToyMCSamplerOpt.cc: 139 -- Using internal logic for binned/unbinned Asimov dataset generation
INFO: (function: generateWithHisto) ToyMCSamplerOpt.cc: 214 -- Generating asimov with histogram for pdf pdf_binfail_SIG_obsOnly: in 4 x-bins
INFO: (function: generateWithHisto) ToyMCSamplerOpt.cc: 215 -- , in 1 y-bins
INFO: (function: generateAsimov) ToyMCSamplerOpt.cc: 139 -- Using internal logic for binned/unbinned Asimov dataset generation
INFO: (function: generateWithHisto) ToyMCSamplerOpt.cc: 214 -- Generating asimov with histogram for pdf pdf_binpass_LOW_obsOnly: in 5 x-bins
INFO: (function: generateWithHisto) ToyMCSamplerOpt.cc: 215 -- , in 1 y-bins
INFO: (function: generateAsimov) ToyMCSamplerOpt.cc: 139 -- Using internal logic for binned/unbinned Asimov dataset generation
INFO: (function: generateWithHisto) ToyMCSamplerOpt.cc: 214 -- Generating asimov with histogram for pdf pdf_binpass_SIG_obsOnly: in 4 x-bins
INFO: (function: generateWithHisto) ToyMCSamplerOpt.cc: 215 -- , in 1 y-bins
INFO: (function: runLimitExpected) AsymptoticLimits.cc: 436 -- Median for expected limits = 18.5625 (Sigma for expected limits = 9.47084)
INFO: (function: runLimit) AsymptoticLimits.cc: 193 -- NLL at global minimum of data = -76464.6 (r=3.50429)
INFO: (function: runLimit) AsymptoticLimits.cc: 213 -- NLL at global minimum of asimov = -76466.4 (r=0.10778)
INFO: (function: getCLs) AsymptoticLimits.cc: 343 -- At r = 22.204984:	q_mu = 2.77356	q_A  = 4.60196	CLsb = 0.04792	CLb  = 0.68432	CLs  = 0.07002
INFO: (function: getCLs) AsymptoticLimits.cc: 343 -- At r = 44.409969:	q_mu = 6.37842	q_A  = 8.64110	CLsb = 0.00578	CLb  = 0.66057	CLs  = 0.00874
INFO: (function: getCLs) AsymptoticLimits.cc: 343 -- At r = 23.957131:	q_mu = 3.07724	q_A  = 4.95631	CLsb = 0.03970	CLb  = 0.68156	CLs  = 0.05825
INFO: (function: getCLs) AsymptoticLimits.cc: 343 -- At r = 34.183550:	q_mu = 4.78761	q_A  = 6.89383	CLsb = 0.01433	CLb  = 0.66914	CLs  = 0.02142
INFO: (function: getCLs) AsymptoticLimits.cc: 343 -- At r = 27.250702:	q_mu = 3.64052	q_A  = 5.60382	CLsb = 0.02819	CLb  = 0.67696	CLs  = 0.04165
INFO: (function: getCLs) AsymptoticLimits.cc: 343 -- At r = 25.814984:	q_mu = 3.39630	q_A  = 5.32447	CLsb = 0.03267	CLb  = 0.67888	CLs  = 0.04813
INFO: (function: getCLs) AsymptoticLimits.cc: 343 -- At r = 25.145811:	q_mu = 3.28175	q_A  = 5.19275	CLsb = 0.03503	CLb  = 0.67982	CLs  = 0.05152
INFO: (function: getCLs) AsymptoticLimits.cc: 343 -- At r = 25.515177:	q_mu = 3.34503	q_A  = 5.26558	CLsb = 0.03370	CLb  = 0.67930	CLs  = 0.04962
INFO: (function: getCLs) AsymptoticLimits.cc: 343 -- At r = 25.380905:	q_mu = 3.32205	q_A  = 5.23914	CLsb = 0.03418	CLb  = 0.67949	CLs  = 0.05030
INFO: (function: getCLs) AsymptoticLimits.cc: 343 -- At r = 25.454694:	q_mu = 3.33468	q_A  = 5.25367	CLsb = 0.03392	CLb  = 0.67938	CLs  = 0.04992
