INFO: (function: improveOnce) CascadeMinimizer.cc: 188 -- Minimisation configured with Type=Minuit2, Algo=Migrad, strategy=0, tolerance=0.1
INFO: (function: improveOnce) CascadeMinimizer.cc: 211 -- Minimisation finished with status=0
INFO: (function: improveOnce) CascadeMinimizer.cc: 216 -- Minimization success! status=0
INFO: (function: generateAsimov) ToyMCSamplerOpt.cc: 139 -- Using internal logic for binned/unbinned Asimov dataset generation
INFO: (function: generateWithHisto) ToyMCSamplerOpt.cc: 214 -- Generating asimov with histogram for pdf pdf_binfail_LOW_obsOnly: in 45 x-bins
INFO: (function: generateWithHisto) ToyMCSamplerOpt.cc: 215 -- , in 1 y-bins
INFO: (function: generateAsimov) ToyMCSamplerOpt.cc: 139 -- Using internal logic for binned/unbinned Asimov dataset generation
INFO: (function: generateWithHisto) ToyMCSamplerOpt.cc: 214 -- Generating asimov with histogram for pdf pdf_binfail_SIG_obsOnly: in 5 x-bins
INFO: (function: generateWithHisto) ToyMCSamplerOpt.cc: 215 -- , in 1 y-bins
INFO: (function: generateAsimov) ToyMCSamplerOpt.cc: 139 -- Using internal logic for binned/unbinned Asimov dataset generation
INFO: (function: generateWithHisto) ToyMCSamplerOpt.cc: 214 -- Generating asimov with histogram for pdf pdf_binpass_LOW_obsOnly: in 45 x-bins
INFO: (function: generateWithHisto) ToyMCSamplerOpt.cc: 215 -- , in 1 y-bins
INFO: (function: generateAsimov) ToyMCSamplerOpt.cc: 139 -- Using internal logic for binned/unbinned Asimov dataset generation
INFO: (function: generateWithHisto) ToyMCSamplerOpt.cc: 214 -- Generating asimov with histogram for pdf pdf_binpass_SIG_obsOnly: in 5 x-bins
INFO: (function: generateWithHisto) ToyMCSamplerOpt.cc: 215 -- , in 1 y-bins
DEBUG: (function: runLimitExpected) AsymptoticLimits.cc: 423 -- Best fit of asimov dataset is at r = 0.050919 (0.002546 times rMax), while it should be at zero
INFO: (function: runLimitExpected) AsymptoticLimits.cc: 436 -- Median for expected limits = 294.5 (Sigma for expected limits = 150.258)
INFO: (function: runLimit) AsymptoticLimits.cc: 193 -- NLL at global minimum of data = -10644 (r=33.434)
INFO: (function: runLimit) AsymptoticLimits.cc: 213 -- NLL at global minimum of asimov = -10666.8 (r=0.000310381)
INFO: (function: getCLs) AsymptoticLimits.cc: 343 -- At r = 336.212794:	q_mu = 1.25004	q_A  = 4.76762	CLsb = 0.13177	CLb  = 0.85666	CLs  = 0.15382
INFO: (function: getCLs) AsymptoticLimits.cc: 343 -- At r = 672.425589:	q_mu = 7.10053	q_A  = 16.60120	CLsb = 0.00385	CLb  = 0.92070	CLs  = 0.00418
INFO: (function: getCLs) AsymptoticLimits.cc: 343 -- At r = 352.929791:	q_mu = 1.39379	q_A  = 5.17398	CLsb = 0.11888	CLb  = 0.86303	CLs  = 0.13775
INFO: (function: getCLs) AsymptoticLimits.cc: 343 -- At r = 512.677690:	q_mu = 3.48270	q_A  = 10.01888	CLsb = 0.03101	CLb  = 0.90304	CLs  = 0.03434
INFO: (function: getCLs) AsymptoticLimits.cc: 343 -- At r = 446.155348:	q_mu = 2.44364	q_A  = 7.78964	CLsb = 0.05900	CLb  = 0.89023	CLs  = 0.06628
INFO: (function: getCLs) AsymptoticLimits.cc: 343 -- At r = 482.264255:	q_mu = 2.97583	q_A  = 8.96226	CLsb = 0.04226	CLb  = 0.89772	CLs  = 0.04707
INFO: (function: getCLs) AsymptoticLimits.cc: 343 -- At r = 469.949596:	q_mu = 2.78579	q_A  = 8.55229	CLsb = 0.04755	CLb  = 0.89533	CLs  = 0.05311
INFO: (function: getCLs) AsymptoticLimits.cc: 343 -- At r = 474.877529:	q_mu = 2.86071	q_A  = 8.71513	CLsb = 0.04538	CLb  = 0.89631	CLs  = 0.05063
INFO: (function: getCLs) AsymptoticLimits.cc: 343 -- At r = 477.376184:	q_mu = 2.89931	q_A  = 8.79845	CLsb = 0.04431	CLb  = 0.89679	CLs  = 0.04941
INFO: (function: getCLs) AsymptoticLimits.cc: 343 -- At r = 475.905108:	q_mu = 2.87652	q_A  = 8.74932	CLsb = 0.04494	CLb  = 0.89651	CLs  = 0.05013
