INFO: (function: improveOnce) CascadeMinimizer.cc: 188 -- Minimisation configured with Type=Minuit2, Algo=Migrad, strategy=0, tolerance=0.1
INFO: (function: improveOnce) CascadeMinimizer.cc: 211 -- Minimisation finished with status=0
INFO: (function: improveOnce) CascadeMinimizer.cc: 216 -- Minimization success! status=0
INFO: (function: generateAsimov) ToyMCSamplerOpt.cc: 139 -- Using internal logic for binned/unbinned Asimov dataset generation
INFO: (function: generateWithHisto) ToyMCSamplerOpt.cc: 214 -- Generating asimov with histogram for pdf pdf_binfail_LOW_obsOnly: in 5 x-bins
INFO: (function: generateWithHisto) ToyMCSamplerOpt.cc: 215 -- , in 1 y-bins
INFO: (function: generateAsimov) ToyMCSamplerOpt.cc: 139 -- Using internal logic for binned/unbinned Asimov dataset generation
INFO: (function: generateWithHisto) ToyMCSamplerOpt.cc: 214 -- Generating asimov with histogram for pdf pdf_binfail_SIG_obsOnly: in 6 x-bins
INFO: (function: generateWithHisto) ToyMCSamplerOpt.cc: 215 -- , in 1 y-bins
INFO: (function: generateAsimov) ToyMCSamplerOpt.cc: 139 -- Using internal logic for binned/unbinned Asimov dataset generation
INFO: (function: generateWithHisto) ToyMCSamplerOpt.cc: 214 -- Generating asimov with histogram for pdf pdf_binpass_LOW_obsOnly: in 5 x-bins
INFO: (function: generateWithHisto) ToyMCSamplerOpt.cc: 215 -- , in 1 y-bins
INFO: (function: generateAsimov) ToyMCSamplerOpt.cc: 139 -- Using internal logic for binned/unbinned Asimov dataset generation
INFO: (function: generateWithHisto) ToyMCSamplerOpt.cc: 214 -- Generating asimov with histogram for pdf pdf_binpass_SIG_obsOnly: in 6 x-bins
INFO: (function: generateWithHisto) ToyMCSamplerOpt.cc: 215 -- , in 1 y-bins
INFO: (function: runLimitExpected) AsymptoticLimits.cc: 436 -- Median for expected limits = 1.91406 (Sigma for expected limits = 0.97658)
INFO: (function: runLimit) AsymptoticLimits.cc: 193 -- NLL at global minimum of data = -985559 (r=1.42322e-05)
INFO: (function: runLimit) AsymptoticLimits.cc: 213 -- NLL at global minimum of asimov = -985555 (r=4.44089e-15)
INFO: (function: getCLs) AsymptoticLimits.cc: 343 -- At r = 1.200014:	q_mu = 3.52249	q_A  = 2.13025	CLsb = 0.02640	CLb  = 0.31670	CLs  = 0.08337
INFO: (function: getCLs) AsymptoticLimits.cc: 343 -- At r = 2.400028:	q_mu = 6.89270	q_A  = 5.05040	CLsb = 0.00394	CLb  = 0.34094	CLs  = 0.01156
INFO: (function: getCLs) AsymptoticLimits.cc: 343 -- At r = 1.200021:	q_mu = 3.52251	q_A  = 2.13020	CLsb = 0.02640	CLb  = 0.31669	CLs  = 0.08337
INFO: (function: getCLs) AsymptoticLimits.cc: 343 -- At r = 1.800025:	q_mu = 5.22107	q_A  = 3.56661	CLsb = 0.00999	CLb  = 0.33068	CLs  = 0.03022
INFO: (function: getCLs) AsymptoticLimits.cc: 343 -- At r = 1.441882:	q_mu = 4.21055	q_A  = 2.70107	CLsb = 0.01775	CLb  = 0.32303	CLs  = 0.05493
INFO: (function: getCLs) AsymptoticLimits.cc: 343 -- At r = 1.558621:	q_mu = 4.54093	q_A  = 2.98092	CLsb = 0.01469	CLb  = 0.32572	CLs  = 0.04511
INFO: (function: getCLs) AsymptoticLimits.cc: 343 -- At r = 1.509806:	q_mu = 4.40291	q_A  = 2.86359	CLsb = 0.01590	CLb  = 0.32462	CLs  = 0.04897
INFO: (function: getCLs) AsymptoticLimits.cc: 343 -- At r = 1.486341:	q_mu = 4.33650	q_A  = 2.80735	CLsb = 0.01651	CLb  = 0.32408	CLs  = 0.05094
INFO: (function: getCLs) AsymptoticLimits.cc: 343 -- At r = 1.499901:	q_mu = 4.37488	q_A  = 2.83984	CLsb = 0.01615	CLb  = 0.32439	CLs  = 0.04979
INFO: (function: getCLs) AsymptoticLimits.cc: 343 -- At r = 1.495203:	q_mu = 4.36159	q_A  = 2.82858	CLsb = 0.01627	CLb  = 0.32428	CLs  = 0.05019
