INFO: (function: improveOnce) CascadeMinimizer.cc: 188 -- Minimisation configured with Type=Minuit2, Algo=Migrad, strategy=0, tolerance=0.1
INFO: (function: improveOnce) CascadeMinimizer.cc: 211 -- Minimisation finished with status=0
INFO: (function: improveOnce) CascadeMinimizer.cc: 216 -- Minimization success! status=0
INFO: (function: generateAsimov) ToyMCSamplerOpt.cc: 139 -- Using internal logic for binned/unbinned Asimov dataset generation
INFO: (function: generateWithHisto) ToyMCSamplerOpt.cc: 214 -- Generating asimov with histogram for pdf pdf_binfail_LOW_obsOnly: in 6 x-bins
INFO: (function: generateWithHisto) ToyMCSamplerOpt.cc: 215 -- , in 1 y-bins
INFO: (function: generateAsimov) ToyMCSamplerOpt.cc: 139 -- Using internal logic for binned/unbinned Asimov dataset generation
INFO: (function: generateWithHisto) ToyMCSamplerOpt.cc: 214 -- Generating asimov with histogram for pdf pdf_binfail_SIG_obsOnly: in 2 x-bins
INFO: (function: generateWithHisto) ToyMCSamplerOpt.cc: 215 -- , in 1 y-bins
INFO: (function: generateAsimov) ToyMCSamplerOpt.cc: 139 -- Using internal logic for binned/unbinned Asimov dataset generation
INFO: (function: generateWithHisto) ToyMCSamplerOpt.cc: 214 -- Generating asimov with histogram for pdf pdf_binpass_LOW_obsOnly: in 6 x-bins
INFO: (function: generateWithHisto) ToyMCSamplerOpt.cc: 215 -- , in 1 y-bins
INFO: (function: generateAsimov) ToyMCSamplerOpt.cc: 139 -- Using internal logic for binned/unbinned Asimov dataset generation
INFO: (function: generateWithHisto) ToyMCSamplerOpt.cc: 214 -- Generating asimov with histogram for pdf pdf_binpass_SIG_obsOnly: in 2 x-bins
INFO: (function: generateWithHisto) ToyMCSamplerOpt.cc: 215 -- , in 1 y-bins
INFO: (function: runLimitExpected) AsymptoticLimits.cc: 436 -- Median for expected limits = 0.859375 (Sigma for expected limits = 0.438465)
INFO: (function: runLimit) AsymptoticLimits.cc: 193 -- NLL at global minimum of data = -10995.4 (r=0.417144)
INFO: (function: runLimit) AsymptoticLimits.cc: 213 -- NLL at global minimum of asimov = -11002.1 (r=0.00177093)
INFO: (function: getCLs) AsymptoticLimits.cc: 343 -- At r = 1.617144:	q_mu = 3.30547	q_A  = 7.59202	CLsb = 0.03452	CLb  = 0.82569	CLs  = 0.04181
INFO: (function: getCLs) AsymptoticLimits.cc: 343 -- At r = 1.017144:	q_mu = 1.26299	q_A  = 4.64844	CLsb = 0.13054	CLb  = 0.84901	CLs  = 0.15376
INFO: (function: getCLs) AsymptoticLimits.cc: 343 -- At r = 1.317144:	q_mu = 2.25092	q_A  = 6.14917	CLsb = 0.06677	CLb  = 0.83632	CLs  = 0.07983
INFO: (function: getCLs) AsymptoticLimits.cc: 343 -- At r = 1.490791:	q_mu = 2.85673	q_A  = 6.99157	CLsb = 0.04550	CLb  = 0.82995	CLs  = 0.05482
INFO: (function: getCLs) AsymptoticLimits.cc: 343 -- At r = 1.550399:	q_mu = 3.06777	q_A  = 7.27615	CLsb = 0.03993	CLb  = 0.82791	CLs  = 0.04823
INFO: (function: getCLs) AsymptoticLimits.cc: 343 -- At r = 1.525050:	q_mu = 2.97784	q_A  = 7.15542	CLsb = 0.04221	CLb  = 0.82877	CLs  = 0.05093
INFO: (function: getCLs) AsymptoticLimits.cc: 343 -- At r = 1.536960:	q_mu = 3.02006	q_A  = 7.21219	CLsb = 0.04112	CLb  = 0.82836	CLs  = 0.04964
INFO: (function: getCLs) AsymptoticLimits.cc: 343 -- At r = 1.531887:	q_mu = 3.00207	q_A  = 7.18802	CLsb = 0.04158	CLb  = 0.82854	CLs  = 0.05018
