INFO: (function: improveOnce) CascadeMinimizer.cc: 188 -- Minimisation configured with Type=Minuit2, Algo=Migrad, strategy=0, tolerance=0.1
INFO: (function: improveOnce) CascadeMinimizer.cc: 211 -- Minimisation finished with status=0
INFO: (function: improveOnce) CascadeMinimizer.cc: 216 -- Minimization success! status=0
INFO: (function: generateAsimov) ToyMCSamplerOpt.cc: 139 -- Using internal logic for binned/unbinned Asimov dataset generation
INFO: (function: generateWithHisto) ToyMCSamplerOpt.cc: 214 -- Generating asimov with histogram for pdf pdf_binfail_LOW_obsOnly: in 5 x-bins
INFO: (function: generateWithHisto) ToyMCSamplerOpt.cc: 215 -- , in 1 y-bins
INFO: (function: generateAsimov) ToyMCSamplerOpt.cc: 139 -- Using internal logic for binned/unbinned Asimov dataset generation
INFO: (function: generateWithHisto) ToyMCSamplerOpt.cc: 214 -- Generating asimov with histogram for pdf pdf_binfail_SIG_obsOnly: in 4 x-bins
INFO: (function: generateWithHisto) ToyMCSamplerOpt.cc: 215 -- , in 1 y-bins
INFO: (function: generateAsimov) ToyMCSamplerOpt.cc: 139 -- Using internal logic for binned/unbinned Asimov dataset generation
INFO: (function: generateWithHisto) ToyMCSamplerOpt.cc: 214 -- Generating asimov with histogram for pdf pdf_binpass_LOW_obsOnly: in 5 x-bins
INFO: (function: generateWithHisto) ToyMCSamplerOpt.cc: 215 -- , in 1 y-bins
INFO: (function: generateAsimov) ToyMCSamplerOpt.cc: 139 -- Using internal logic for binned/unbinned Asimov dataset generation
INFO: (function: generateWithHisto) ToyMCSamplerOpt.cc: 214 -- Generating asimov with histogram for pdf pdf_binpass_SIG_obsOnly: in 4 x-bins
INFO: (function: generateWithHisto) ToyMCSamplerOpt.cc: 215 -- , in 1 y-bins
INFO: (function: runLimitExpected) AsymptoticLimits.cc: 436 -- Median for expected limits = 1.53516 (Sigma for expected limits = 0.783257)
INFO: (function: runLimit) AsymptoticLimits.cc: 193 -- NLL at global minimum of data = -76455.2 (r=0.340047)
INFO: (function: runLimit) AsymptoticLimits.cc: 213 -- NLL at global minimum of asimov = -76456.6 (r=0.00889091)
INFO: (function: getCLs) AsymptoticLimits.cc: 343 -- At r = 1.936871:	q_mu = 3.13867	q_A  = 5.07786	CLsb = 0.03823	CLb  = 0.68502	CLs  = 0.05581
INFO: (function: getCLs) AsymptoticLimits.cc: 343 -- At r = 3.873742:	q_mu = 8.58658	q_A  = 11.05860	CLsb = 0.00169	CLb  = 0.65364	CLs  = 0.00259
INFO: (function: getCLs) AsymptoticLimits.cc: 343 -- At r = 2.106895:	q_mu = 3.59537	q_A  = 5.60563	CLsb = 0.02897	CLb  = 0.68135	CLs  = 0.04252
INFO: (function: getCLs) AsymptoticLimits.cc: 343 -- At r = 1.223471:	q_mu = 1.35664	q_A  = 2.89885	CLsb = 0.12206	CLb  = 0.70466	CLs  = 0.17322
INFO: (function: getCLs) AsymptoticLimits.cc: 343 -- At r = 1.665183:	q_mu = 2.43001	q_A  = 4.23916	CLsb = 0.05952	CLb  = 0.69149	CLs  = 0.08607
INFO: (function: getCLs) AsymptoticLimits.cc: 343 -- At r = 1.937341:	q_mu = 3.13989	q_A  = 5.07954	CLsb = 0.03820	CLb  = 0.68503	CLs  = 0.05576
INFO: (function: getCLs) AsymptoticLimits.cc: 343 -- At r = 2.025823:	q_mu = 3.37649	q_A  = 5.35394	CLsb = 0.03307	CLb  = 0.68308	CLs  = 0.04841
INFO: (function: getCLs) AsymptoticLimits.cc: 343 -- At r = 1.991931:	q_mu = 3.28560	q_A  = 5.24860	CLsb = 0.03495	CLb  = 0.68380	CLs  = 0.05110
INFO: (function: getCLs) AsymptoticLimits.cc: 343 -- At r = 2.009634:	q_mu = 3.33304	q_A  = 5.30370	CLsb = 0.03395	CLb  = 0.68343	CLs  = 0.04968
INFO: (function: getCLs) AsymptoticLimits.cc: 343 -- At r = 2.002851:	q_mu = 3.31485	q_A  = 5.28267	CLsb = 0.03433	CLb  = 0.68358	CLs  = 0.05022
