INFO: (function: improveOnce) CascadeMinimizer.cc: 188 -- Minimisation configured with Type=Minuit2, Algo=Migrad, strategy=0, tolerance=0.1
INFO: (function: improveOnce) CascadeMinimizer.cc: 211 -- Minimisation finished with status=0
INFO: (function: improveOnce) CascadeMinimizer.cc: 216 -- Minimization success! status=0
INFO: (function: generateAsimov) ToyMCSamplerOpt.cc: 139 -- Using internal logic for binned/unbinned Asimov dataset generation
INFO: (function: generateWithHisto) ToyMCSamplerOpt.cc: 214 -- Generating asimov with histogram for pdf pdf_binfail_LOW_obsOnly: in 5 x-bins
INFO: (function: generateWithHisto) ToyMCSamplerOpt.cc: 215 -- , in 1 y-bins
INFO: (function: generateAsimov) ToyMCSamplerOpt.cc: 139 -- Using internal logic for binned/unbinned Asimov dataset generation
INFO: (function: generateWithHisto) ToyMCSamplerOpt.cc: 214 -- Generating asimov with histogram for pdf pdf_binfail_SIG_obsOnly: in 4 x-bins
INFO: (function: generateWithHisto) ToyMCSamplerOpt.cc: 215 -- , in 1 y-bins
INFO: (function: generateAsimov) ToyMCSamplerOpt.cc: 139 -- Using internal logic for binned/unbinned Asimov dataset generation
INFO: (function: generateWithHisto) ToyMCSamplerOpt.cc: 214 -- Generating asimov with histogram for pdf pdf_binpass_LOW_obsOnly: in 5 x-bins
INFO: (function: generateWithHisto) ToyMCSamplerOpt.cc: 215 -- , in 1 y-bins
INFO: (function: generateAsimov) ToyMCSamplerOpt.cc: 139 -- Using internal logic for binned/unbinned Asimov dataset generation
INFO: (function: generateWithHisto) ToyMCSamplerOpt.cc: 214 -- Generating asimov with histogram for pdf pdf_binpass_SIG_obsOnly: in 4 x-bins
INFO: (function: generateWithHisto) ToyMCSamplerOpt.cc: 215 -- , in 1 y-bins
INFO: (function: runLimitExpected) AsymptoticLimits.cc: 436 -- Median for expected limits = 16.625 (Sigma for expected limits = 8.4823)
INFO: (function: runLimit) AsymptoticLimits.cc: 193 -- NLL at global minimum of data = -76464.4 (r=3.70389)
INFO: (function: runLimit) AsymptoticLimits.cc: 213 -- NLL at global minimum of asimov = -76466 (r=0.0421623)
INFO: (function: getCLs) AsymptoticLimits.cc: 343 -- At r = 21.973828:	q_mu = 3.33366	q_A  = 5.35103	CLsb = 0.03394	CLb  = 0.68701	CLs  = 0.04940
INFO: (function: getCLs) AsymptoticLimits.cc: 343 -- At r = 12.838861:	q_mu = 1.25766	q_A  = 2.79587	CLsb = 0.13105	CLb  = 0.70906	CLs  = 0.18482
INFO: (function: getCLs) AsymptoticLimits.cc: 343 -- At r = 17.406345:	q_mu = 2.25418	q_A  = 4.06431	CLsb = 0.06663	CLb  = 0.69659	CLs  = 0.09565
INFO: (function: getCLs) AsymptoticLimits.cc: 343 -- At r = 20.993484:	q_mu = 3.09699	q_A  = 5.07443	CLsb = 0.03922	CLb  = 0.68893	CLs  = 0.05693
INFO: (function: getCLs) AsymptoticLimits.cc: 343 -- At r = 21.710918:	q_mu = 3.26994	q_A  = 5.27690	CLsb = 0.03528	CLb  = 0.68753	CLs  = 0.05131
INFO: (function: getCLs) AsymptoticLimits.cc: 343 -- At r = 21.854407:	q_mu = 3.30468	q_A  = 5.31737	CLsb = 0.03454	CLb  = 0.68725	CLs  = 0.05026
INFO: (function: getCLs) AsymptoticLimits.cc: 343 -- At r = 21.907015:	q_mu = 3.31742	q_A  = 5.33221	CLsb = 0.03427	CLb  = 0.68715	CLs  = 0.04988
