INFO: (function: improveOnce) CascadeMinimizer.cc: 188 -- Minimisation configured with Type=Minuit2, Algo=Migrad, strategy=0, tolerance=0.1
INFO: (function: improveOnce) CascadeMinimizer.cc: 211 -- Minimisation finished with status=0
INFO: (function: improveOnce) CascadeMinimizer.cc: 216 -- Minimization success! status=0
INFO: (function: generateAsimov) ToyMCSamplerOpt.cc: 139 -- Using internal logic for binned/unbinned Asimov dataset generation
INFO: (function: generateWithHisto) ToyMCSamplerOpt.cc: 214 -- Generating asimov with histogram for pdf pdf_binfail_LOW_obsOnly: in 6 x-bins
INFO: (function: generateWithHisto) ToyMCSamplerOpt.cc: 215 -- , in 1 y-bins
INFO: (function: generateAsimov) ToyMCSamplerOpt.cc: 139 -- Using internal logic for binned/unbinned Asimov dataset generation
INFO: (function: generateWithHisto) ToyMCSamplerOpt.cc: 214 -- Generating asimov with histogram for pdf pdf_binfail_SIG_obsOnly: in 3 x-bins
INFO: (function: generateWithHisto) ToyMCSamplerOpt.cc: 215 -- , in 1 y-bins
INFO: (function: generateAsimov) ToyMCSamplerOpt.cc: 139 -- Using internal logic for binned/unbinned Asimov dataset generation
INFO: (function: generateWithHisto) ToyMCSamplerOpt.cc: 214 -- Generating asimov with histogram for pdf pdf_binpass_LOW_obsOnly: in 6 x-bins
INFO: (function: generateWithHisto) ToyMCSamplerOpt.cc: 215 -- , in 1 y-bins
INFO: (function: generateAsimov) ToyMCSamplerOpt.cc: 139 -- Using internal logic for binned/unbinned Asimov dataset generation
INFO: (function: generateWithHisto) ToyMCSamplerOpt.cc: 214 -- Generating asimov with histogram for pdf pdf_binpass_SIG_obsOnly: in 3 x-bins
INFO: (function: generateWithHisto) ToyMCSamplerOpt.cc: 215 -- , in 1 y-bins
INFO: (function: runLimitExpected) AsymptoticLimits.cc: 436 -- Median for expected limits = 0.490234 (Sigma for expected limits = 0.250124)
INFO: (function: runLimit) AsymptoticLimits.cc: 193 -- NLL at global minimum of data = -4.38876e+06 (r=2.54471e-07)
INFO: (function: runLimit) AsymptoticLimits.cc: 213 -- NLL at global minimum of asimov = -4.38874e+06 (r=2.19599e-08)
INFO: (function: getCLs) AsymptoticLimits.cc: 343 -- At r = 1.200000:	q_mu = 22.87282	q_A  = 15.25498	CLsb = 0.00000	CLb  = 0.16473	CLs  = 0.00000
INFO: (function: getCLs) AsymptoticLimits.cc: 343 -- At r = 0.600000:	q_mu = 10.35600	q_A  = 5.37016	CLsb = 0.00035	CLb  = 0.14102	CLs  = 0.00245
INFO: (function: getCLs) AsymptoticLimits.cc: 343 -- At r = 0.300000:	q_mu = 4.52466	q_A  = 1.61845	CLsb = 0.00788	CLb  = 0.12668	CLs  = 0.06221
INFO: (function: getCLs) AsymptoticLimits.cc: 343 -- At r = 0.450000:	q_mu = 7.35004	q_A  = 3.31086	CLsb = 0.00170	CLb  = 0.13352	CLs  = 0.01271
INFO: (function: getCLs) AsymptoticLimits.cc: 343 -- At r = 0.375000:	q_mu = 5.90781	q_A  = 2.40929	CLsb = 0.00369	CLb  = 0.12988	CLs  = 0.02841
INFO: (function: getCLs) AsymptoticLimits.cc: 343 -- At r = 0.331728:	q_mu = 5.10147	q_A  = 1.93865	CLsb = 0.00573	CLb  = 0.12803	CLs  = 0.04478
INFO: (function: getCLs) AsymptoticLimits.cc: 343 -- At r = 0.316874:	q_mu = 4.82973	q_A  = 1.78605	CLsb = 0.00666	CLb  = 0.12741	CLs  = 0.05226
INFO: (function: getCLs) AsymptoticLimits.cc: 343 -- At r = 0.323251:	q_mu = 4.94604	q_A  = 1.85099	CLsb = 0.00625	CLb  = 0.12767	CLs  = 0.04892
INFO: (function: getCLs) AsymptoticLimits.cc: 343 -- At r = 0.320287:	q_mu = 4.89191	q_A  = 1.82070	CLsb = 0.00643	CLb  = 0.12755	CLs  = 0.05045
INFO: (function: getCLs) AsymptoticLimits.cc: 343 -- At r = 0.321564:	q_mu = 4.91521	q_A  = 1.83372	CLsb = 0.00635	CLb  = 0.12760	CLs  = 0.04978
