INFO: (function: improveOnce) CascadeMinimizer.cc: 188 -- Minimisation configured with Type=Minuit2, Algo=Migrad, strategy=0, tolerance=0.1
INFO: (function: improveOnce) CascadeMinimizer.cc: 211 -- Minimisation finished with status=0
INFO: (function: improveOnce) CascadeMinimizer.cc: 216 -- Minimization success! status=0
INFO: (function: generateAsimov) ToyMCSamplerOpt.cc: 139 -- Using internal logic for binned/unbinned Asimov dataset generation
INFO: (function: generateWithHisto) ToyMCSamplerOpt.cc: 214 -- Generating asimov with histogram for pdf pdf_binfail_LOW_obsOnly: in 5 x-bins
INFO: (function: generateWithHisto) ToyMCSamplerOpt.cc: 215 -- , in 1 y-bins
INFO: (function: generateAsimov) ToyMCSamplerOpt.cc: 139 -- Using internal logic for binned/unbinned Asimov dataset generation
INFO: (function: generateWithHisto) ToyMCSamplerOpt.cc: 214 -- Generating asimov with histogram for pdf pdf_binfail_SIG_obsOnly: in 4 x-bins
INFO: (function: generateWithHisto) ToyMCSamplerOpt.cc: 215 -- , in 1 y-bins
INFO: (function: generateAsimov) ToyMCSamplerOpt.cc: 139 -- Using internal logic for binned/unbinned Asimov dataset generation
INFO: (function: generateWithHisto) ToyMCSamplerOpt.cc: 214 -- Generating asimov with histogram for pdf pdf_binpass_LOW_obsOnly: in 5 x-bins
INFO: (function: generateWithHisto) ToyMCSamplerOpt.cc: 215 -- , in 1 y-bins
INFO: (function: generateAsimov) ToyMCSamplerOpt.cc: 139 -- Using internal logic for binned/unbinned Asimov dataset generation
INFO: (function: generateWithHisto) ToyMCSamplerOpt.cc: 214 -- Generating asimov with histogram for pdf pdf_binpass_SIG_obsOnly: in 4 x-bins
INFO: (function: generateWithHisto) ToyMCSamplerOpt.cc: 215 -- , in 1 y-bins
INFO: (function: runLimitExpected) AsymptoticLimits.cc: 436 -- Median for expected limits = 0.174805 (Sigma for expected limits = 0.0891877)
INFO: (function: runLimit) AsymptoticLimits.cc: 193 -- NLL at global minimum of data = -76497 (r=0.0358579)
INFO: (function: runLimit) AsymptoticLimits.cc: 213 -- NLL at global minimum of asimov = -76500.9 (r=1.31734e-05)
INFO: (function: getCLs) AsymptoticLimits.cc: 343 -- At r = 1.235858:	q_mu = 19.37723	q_A  = 22.46199	CLsb = 0.00001	CLb  = 0.63211	CLs  = 0.00001
INFO: (function: getCLs) AsymptoticLimits.cc: 343 -- At r = 0.635858:	q_mu = 10.68084	q_A  = 13.37671	CLsb = 0.00054	CLb  = 0.65146	CLs  = 0.00083
INFO: (function: getCLs) AsymptoticLimits.cc: 343 -- At r = 0.335858:	q_mu = 5.28134	q_A  = 7.54365	CLsb = 0.01078	CLb  = 0.67309	CLs  = 0.01601
INFO: (function: getCLs) AsymptoticLimits.cc: 343 -- At r = 0.185858:	q_mu = 2.30131	q_A  = 4.11328	CLsb = 0.06463	CLb  = 0.69536	CLs  = 0.09295
INFO: (function: getCLs) AsymptoticLimits.cc: 343 -- At r = 0.258163:	q_mu = 3.74862	q_A  = 5.81588	CLsb = 0.02643	CLb  = 0.68278	CLs  = 0.03870
INFO: (function: getCLs) AsymptoticLimits.cc: 343 -- At r = 0.226793:	q_mu = 3.12036	q_A  = 5.08841	CLsb = 0.03866	CLb  = 0.68768	CLs  = 0.05622
INFO: (function: getCLs) AsymptoticLimits.cc: 343 -- At r = 0.240946:	q_mu = 3.40413	q_A  = 5.41878	CLsb = 0.03252	CLb  = 0.68538	CLs  = 0.04744
INFO: (function: getCLs) AsymptoticLimits.cc: 343 -- At r = 0.234613:	q_mu = 3.27719	q_A  = 5.27139	CLsb = 0.03512	CLb  = 0.68639	CLs  = 0.05117
INFO: (function: getCLs) AsymptoticLimits.cc: 343 -- At r = 0.237432:	q_mu = 3.33370	q_A  = 5.33708	CLsb = 0.03394	CLb  = 0.68594	CLs  = 0.04948
INFO: (function: getCLs) AsymptoticLimits.cc: 343 -- At r = 0.236163:	q_mu = 3.30826	q_A  = 5.30753	CLsb = 0.03447	CLb  = 0.68614	CLs  = 0.05023
INFO: (function: getCLs) AsymptoticLimits.cc: 343 -- At r = 0.236726:	q_mu = 3.31955	q_A  = 5.32065	CLsb = 0.03423	CLb  = 0.68605	CLs  = 0.04989
