INFO: (function: improveOnce) CascadeMinimizer.cc: 188 -- Minimisation configured with Type=Minuit2, Algo=Migrad, strategy=0, tolerance=0.1
INFO: (function: improveOnce) CascadeMinimizer.cc: 211 -- Minimisation finished with status=0
INFO: (function: improveOnce) CascadeMinimizer.cc: 216 -- Minimization success! status=0
INFO: (function: generateAsimov) ToyMCSamplerOpt.cc: 139 -- Using internal logic for binned/unbinned Asimov dataset generation
INFO: (function: generateWithHisto) ToyMCSamplerOpt.cc: 214 -- Generating asimov with histogram for pdf pdf_binCh2017_obsOnly: in 1 x-bins
INFO: (function: generateAsimov) ToyMCSamplerOpt.cc: 139 -- Using internal logic for binned/unbinned Asimov dataset generation
INFO: (function: generateWithHisto) ToyMCSamplerOpt.cc: 214 -- Generating asimov with histogram for pdf pdf_binCh2018_obsOnly: in 1 x-bins
INFO: (function: runLimitExpected) AsymptoticLimits.cc: 436 -- Median for expected limits = 0.144043 (Sigma for expected limits = 0.0734927)
INFO: (function: runLimit) AsymptoticLimits.cc: 193 -- NLL at global minimum of data = -29.4977 (r=7.36858e-08)
INFO: (function: runLimit) AsymptoticLimits.cc: 213 -- NLL at global minimum of asimov = -29.4243 (r=8.09238e-06)
INFO: (function: getCLs) AsymptoticLimits.cc: 343 -- At r = 1.200000:	q_mu = 23.20050	q_A  = 23.07561	CLsb = 0.00000	CLb  = 0.49481	CLs  = 0.00000
INFO: (function: getCLs) AsymptoticLimits.cc: 343 -- At r = 0.600000:	q_mu = 13.60254	q_A  = 13.48562	CLsb = 0.00011	CLb  = 0.49365	CLs  = 0.00023
INFO: (function: getCLs) AsymptoticLimits.cc: 343 -- At r = 0.300000:	q_mu = 7.58774	q_A  = 7.48005	CLsb = 0.00294	CLb  = 0.49215	CLs  = 0.00597
INFO: (function: getCLs) AsymptoticLimits.cc: 343 -- At r = 0.150000:	q_mu = 4.08443	q_A  = 3.98733	CLsb = 0.02163	CLb  = 0.49030	CLs  = 0.04412
INFO: (function: getCLs) AsymptoticLimits.cc: 343 -- At r = 0.075000:	q_mu = 2.14804	q_A  = 2.06176	CLsb = 0.07133	CLb  = 0.48802	CLs  = 0.14617
INFO: (function: getCLs) AsymptoticLimits.cc: 343 -- At r = 0.128734:	q_mu = 3.55334	q_A  = 3.45864	CLsb = 0.02970	CLb  = 0.48984	CLs  = 0.06063
INFO: (function: getCLs) AsymptoticLimits.cc: 343 -- At r = 0.139053:	q_mu = 3.81245	q_A  = 3.71654	CLsb = 0.02543	CLb  = 0.49008	CLs  = 0.05188
INFO: (function: getCLs) AsymptoticLimits.cc: 343 -- At r = 0.143241:	q_mu = 3.91683	q_A  = 3.82046	CLsb = 0.02389	CLb  = 0.49017	CLs  = 0.04875
INFO: (function: getCLs) AsymptoticLimits.cc: 343 -- At r = 0.141040:	q_mu = 3.86201	q_A  = 3.76588	CLsb = 0.02469	CLb  = 0.49012	CLs  = 0.05037
INFO: (function: getCLs) AsymptoticLimits.cc: 343 -- At r = 0.141875:	q_mu = 3.88282	q_A  = 3.78660	CLsb = 0.02438	CLb  = 0.49014	CLs  = 0.04975
INFO: (function: getCLs) AsymptoticLimits.cc: 343 -- At r = 0.141434:	q_mu = 3.87184	q_A  = 3.77567	CLsb = 0.02454	CLb  = 0.49013	CLs  = 0.05007
