INFO: (function: improveOnce) CascadeMinimizer.cc: 188 -- Minimisation configured with Type=Minuit2, Algo=Migrad, strategy=0, tolerance=0.1
INFO: (function: improveOnce) CascadeMinimizer.cc: 211 -- Minimisation finished with status=0
INFO: (function: improveOnce) CascadeMinimizer.cc: 216 -- Minimization success! status=0
INFO: (function: generateAsimov) ToyMCSamplerOpt.cc: 139 -- Using internal logic for binned/unbinned Asimov dataset generation
INFO: (function: generateWithHisto) ToyMCSamplerOpt.cc: 214 -- Generating asimov with histogram for pdf pdf_binfail_LOW_obsOnly: in 5 x-bins
INFO: (function: generateWithHisto) ToyMCSamplerOpt.cc: 215 -- , in 1 y-bins
INFO: (function: generateAsimov) ToyMCSamplerOpt.cc: 139 -- Using internal logic for binned/unbinned Asimov dataset generation
INFO: (function: generateWithHisto) ToyMCSamplerOpt.cc: 214 -- Generating asimov with histogram for pdf pdf_binfail_SIG_obsOnly: in 6 x-bins
INFO: (function: generateWithHisto) ToyMCSamplerOpt.cc: 215 -- , in 1 y-bins
INFO: (function: generateAsimov) ToyMCSamplerOpt.cc: 139 -- Using internal logic for binned/unbinned Asimov dataset generation
INFO: (function: generateWithHisto) ToyMCSamplerOpt.cc: 214 -- Generating asimov with histogram for pdf pdf_binpass_LOW_obsOnly: in 5 x-bins
INFO: (function: generateWithHisto) ToyMCSamplerOpt.cc: 215 -- , in 1 y-bins
INFO: (function: generateAsimov) ToyMCSamplerOpt.cc: 139 -- Using internal logic for binned/unbinned Asimov dataset generation
INFO: (function: generateWithHisto) ToyMCSamplerOpt.cc: 214 -- Generating asimov with histogram for pdf pdf_binpass_SIG_obsOnly: in 6 x-bins
INFO: (function: generateWithHisto) ToyMCSamplerOpt.cc: 215 -- , in 1 y-bins
INFO: (function: runLimitExpected) AsymptoticLimits.cc: 436 -- Median for expected limits = 291 (Sigma for expected limits = 148.472)
INFO: (function: runLimit) AsymptoticLimits.cc: 193 -- NLL at global minimum of data = -985572 (r=0.00129234)
INFO: (function: runLimit) AsymptoticLimits.cc: 213 -- NLL at global minimum of asimov = -985569 (r=4.78483e-12)
INFO: (function: getCLs) AsymptoticLimits.cc: 343 -- At r = 276.736656:	q_mu = 5.30783	q_A  = 3.60377	CLsb = 0.00946	CLb  = 0.32678	CLs  = 0.02894
INFO: (function: getCLs) AsymptoticLimits.cc: 343 -- At r = 138.368974:	q_mu = 2.70423	q_A  = 1.45899	CLsb = 0.04241	CLb  = 0.30312	CLs  = 0.13992
INFO: (function: getCLs) AsymptoticLimits.cc: 343 -- At r = 210.658819:	q_mu = 4.07497	q_A  = 2.55696	CLsb = 0.01905	CLb  = 0.31751	CLs  = 0.06001
INFO: (function: getCLs) AsymptoticLimits.cc: 343 -- At r = 237.101352:	q_mu = 4.57033	q_A  = 2.97242	CLsb = 0.01435	CLb  = 0.32154	CLs  = 0.04464
INFO: (function: getCLs) AsymptoticLimits.cc: 343 -- At r = 223.705695:	q_mu = 4.31979	q_A  = 2.76132	CLsb = 0.01656	CLb  = 0.31956	CLs  = 0.05182
INFO: (function: getCLs) AsymptoticLimits.cc: 343 -- At r = 228.951904:	q_mu = 4.41799	q_A  = 2.84384	CLsb = 0.01566	CLb  = 0.32035	CLs  = 0.04887
INFO: (function: getCLs) AsymptoticLimits.cc: 343 -- At r = 226.265157:	q_mu = 4.36771	q_A  = 2.80155	CLsb = 0.01611	CLb  = 0.31995	CLs  = 0.05036
INFO: (function: getCLs) AsymptoticLimits.cc: 343 -- At r = 227.312824:	q_mu = 4.38732	q_A  = 2.81803	CLsb = 0.01593	CLb  = 0.32010	CLs  = 0.04977
INFO: (function: getCLs) AsymptoticLimits.cc: 343 -- At r = 226.775164:	q_mu = 4.37726	q_A  = 2.80957	CLsb = 0.01602	CLb  = 0.32002	CLs  = 0.05007
