INFO: (function: improveOnce) CascadeMinimizer.cc: 188 -- Minimisation configured with Type=Minuit2, Algo=Migrad, strategy=0, tolerance=0.1
INFO: (function: improveOnce) CascadeMinimizer.cc: 211 -- Minimisation finished with status=0
INFO: (function: improveOnce) CascadeMinimizer.cc: 216 -- Minimization success! status=0
INFO: (function: generateAsimov) ToyMCSamplerOpt.cc: 139 -- Using internal logic for binned/unbinned Asimov dataset generation
INFO: (function: generateWithHisto) ToyMCSamplerOpt.cc: 214 -- Generating asimov with histogram for pdf pdf_binfail_LOW_obsOnly: in 5 x-bins
INFO: (function: generateWithHisto) ToyMCSamplerOpt.cc: 215 -- , in 1 y-bins
INFO: (function: generateAsimov) ToyMCSamplerOpt.cc: 139 -- Using internal logic for binned/unbinned Asimov dataset generation
INFO: (function: generateWithHisto) ToyMCSamplerOpt.cc: 214 -- Generating asimov with histogram for pdf pdf_binfail_SIG_obsOnly: in 4 x-bins
INFO: (function: generateWithHisto) ToyMCSamplerOpt.cc: 215 -- , in 1 y-bins
INFO: (function: generateAsimov) ToyMCSamplerOpt.cc: 139 -- Using internal logic for binned/unbinned Asimov dataset generation
INFO: (function: generateWithHisto) ToyMCSamplerOpt.cc: 214 -- Generating asimov with histogram for pdf pdf_binpass_LOW_obsOnly: in 5 x-bins
INFO: (function: generateWithHisto) ToyMCSamplerOpt.cc: 215 -- , in 1 y-bins
INFO: (function: generateAsimov) ToyMCSamplerOpt.cc: 139 -- Using internal logic for binned/unbinned Asimov dataset generation
INFO: (function: generateWithHisto) ToyMCSamplerOpt.cc: 214 -- Generating asimov with histogram for pdf pdf_binpass_SIG_obsOnly: in 4 x-bins
INFO: (function: generateWithHisto) ToyMCSamplerOpt.cc: 215 -- , in 1 y-bins
INFO: (function: runLimitExpected) AsymptoticLimits.cc: 436 -- Median for expected limits = 95 (Sigma for expected limits = 48.4703)
INFO: (function: runLimit) AsymptoticLimits.cc: 193 -- NLL at global minimum of data = -76464.4 (r=17.4701)
INFO: (function: runLimit) AsymptoticLimits.cc: 213 -- NLL at global minimum of asimov = -76466.2 (r=0.57974)
INFO: (function: getCLs) AsymptoticLimits.cc: 343 -- At r = 99.278535:	q_mu = 2.29741	q_A  = 4.01522	CLsb = 0.06479	CLb  = 0.68725	CLs  = 0.09428
INFO: (function: getCLs) AsymptoticLimits.cc: 343 -- At r = 198.557070:	q_mu = 5.49763	q_A  = 7.64161	CLsb = 0.00952	CLb  = 0.66263	CLs  = 0.01437
INFO: (function: getCLs) AsymptoticLimits.cc: 343 -- At r = 108.013609:	q_mu = 2.59439	q_A  = 4.36766	CLsb = 0.05362	CLb  = 0.68410	CLs  = 0.07838
INFO: (function: getCLs) AsymptoticLimits.cc: 343 -- At r = 153.285340:	q_mu = 4.09164	q_A  = 6.08460	CLsb = 0.02155	CLb  = 0.67145	CLs  = 0.03209
INFO: (function: getCLs) AsymptoticLimits.cc: 343 -- At r = 126.247085:	q_mu = 3.20721	q_A  = 5.08053	CLsb = 0.03666	CLb  = 0.67837	CLs  = 0.05404
INFO: (function: getCLs) AsymptoticLimits.cc: 343 -- At r = 134.878192:	q_mu = 3.49297	q_A  = 5.40767	CLsb = 0.03081	CLb  = 0.67598	CLs  = 0.04559
INFO: (function: getCLs) AsymptoticLimits.cc: 343 -- At r = 131.125683:	q_mu = 3.36911	q_A  = 5.26623	CLsb = 0.03321	CLb  = 0.67700	CLs  = 0.04906
INFO: (function: getCLs) AsymptoticLimits.cc: 343 -- At r = 129.384757:	q_mu = 3.31145	q_A  = 5.20020	CLsb = 0.03440	CLb  = 0.67748	CLs  = 0.05078
INFO: (function: getCLs) AsymptoticLimits.cc: 343 -- At r = 130.357454:	q_mu = 3.34368	q_A  = 5.23713	CLsb = 0.03373	CLb  = 0.67721	CLs  = 0.04981
INFO: (function: getCLs) AsymptoticLimits.cc: 343 -- At r = 130.008671:	q_mu = 3.33213	q_A  = 5.22389	CLsb = 0.03397	CLb  = 0.67730	CLs  = 0.05015
