INFO: (function: improveOnce) CascadeMinimizer.cc: 188 -- Minimisation configured with Type=Minuit2, Algo=Migrad, strategy=0, tolerance=0.1
INFO: (function: improveOnce) CascadeMinimizer.cc: 211 -- Minimisation finished with status=0
INFO: (function: improveOnce) CascadeMinimizer.cc: 216 -- Minimization success! status=0
INFO: (function: generateAsimov) ToyMCSamplerOpt.cc: 139 -- Using internal logic for binned/unbinned Asimov dataset generation
INFO: (function: generateWithHisto) ToyMCSamplerOpt.cc: 214 -- Generating asimov with histogram for pdf pdf_binfail_LOW_obsOnly: in 5 x-bins
INFO: (function: generateWithHisto) ToyMCSamplerOpt.cc: 215 -- , in 1 y-bins
INFO: (function: generateAsimov) ToyMCSamplerOpt.cc: 139 -- Using internal logic for binned/unbinned Asimov dataset generation
INFO: (function: generateWithHisto) ToyMCSamplerOpt.cc: 214 -- Generating asimov with histogram for pdf pdf_binfail_SIG_obsOnly: in 4 x-bins
INFO: (function: generateWithHisto) ToyMCSamplerOpt.cc: 215 -- , in 1 y-bins
INFO: (function: generateAsimov) ToyMCSamplerOpt.cc: 139 -- Using internal logic for binned/unbinned Asimov dataset generation
INFO: (function: generateWithHisto) ToyMCSamplerOpt.cc: 214 -- Generating asimov with histogram for pdf pdf_binpass_LOW_obsOnly: in 5 x-bins
INFO: (function: generateWithHisto) ToyMCSamplerOpt.cc: 215 -- , in 1 y-bins
INFO: (function: generateAsimov) ToyMCSamplerOpt.cc: 139 -- Using internal logic for binned/unbinned Asimov dataset generation
INFO: (function: generateWithHisto) ToyMCSamplerOpt.cc: 214 -- Generating asimov with histogram for pdf pdf_binpass_SIG_obsOnly: in 4 x-bins
INFO: (function: generateWithHisto) ToyMCSamplerOpt.cc: 215 -- , in 1 y-bins
INFO: (function: runLimitExpected) AsymptoticLimits.cc: 436 -- Median for expected limits = 0.589844 (Sigma for expected limits = 0.300946)
INFO: (function: runLimit) AsymptoticLimits.cc: 193 -- NLL at global minimum of data = -76441.2 (r=0.123934)
INFO: (function: runLimit) AsymptoticLimits.cc: 213 -- NLL at global minimum of asimov = -76440.5 (r=0.000566423)
INFO: (function: getCLs) AsymptoticLimits.cc: 343 -- At r = 1.323934:	q_mu = 7.57853	q_A  = 9.65325	CLsb = 0.00295	CLb  = 0.63835	CLs  = 0.00463
INFO: (function: getCLs) AsymptoticLimits.cc: 343 -- At r = 0.723934:	q_mu = 3.14957	q_A  = 4.90043	CLsb = 0.03797	CLb  = 0.66966	CLs  = 0.05671
INFO: (function: getCLs) AsymptoticLimits.cc: 343 -- At r = 1.023934:	q_mu = 5.33554	q_A  = 7.28967	CLsb = 0.01045	CLb  = 0.65175	CLs  = 0.01603
INFO: (function: getCLs) AsymptoticLimits.cc: 343 -- At r = 0.807839:	q_mu = 3.74957	q_A  = 5.56954	CLsb = 0.02641	CLb  = 0.66407	CLs  = 0.03977
INFO: (function: getCLs) AsymptoticLimits.cc: 343 -- At r = 0.764527:	q_mu = 3.43818	q_A  = 5.22407	CLsb = 0.03185	CLb  = 0.66691	CLs  = 0.04776
INFO: (function: getCLs) AsymptoticLimits.cc: 343 -- At r = 0.747745:	q_mu = 3.31845	q_A  = 5.09025	CLsb = 0.03425	CLb  = 0.66804	CLs  = 0.05127
INFO: (function: getCLs) AsymptoticLimits.cc: 343 -- At r = 0.755863:	q_mu = 3.37630	q_A  = 5.15498	CLsb = 0.03307	CLb  = 0.66749	CLs  = 0.04954
INFO: (function: getCLs) AsymptoticLimits.cc: 343 -- At r = 0.752507:	q_mu = 3.35237	q_A  = 5.12822	CLsb = 0.03355	CLb  = 0.66771	CLs  = 0.05025
INFO: (function: getCLs) AsymptoticLimits.cc: 343 -- At r = 0.754131:	q_mu = 3.36394	q_A  = 5.14117	CLsb = 0.03332	CLb  = 0.66760	CLs  = 0.04991
