INFO: (function: improveOnce) CascadeMinimizer.cc: 188 -- Minimisation configured with Type=Minuit2, Algo=Migrad, strategy=0, tolerance=0.1
INFO: (function: improveOnce) CascadeMinimizer.cc: 211 -- Minimisation finished with status=0
INFO: (function: improveOnce) CascadeMinimizer.cc: 216 -- Minimization success! status=0
INFO: (function: generateAsimov) ToyMCSamplerOpt.cc: 139 -- Using internal logic for binned/unbinned Asimov dataset generation
INFO: (function: generateWithHisto) ToyMCSamplerOpt.cc: 214 -- Generating asimov with histogram for pdf pdf_binfail_LOW_obsOnly: in 6 x-bins
INFO: (function: generateWithHisto) ToyMCSamplerOpt.cc: 215 -- , in 1 y-bins
INFO: (function: generateAsimov) ToyMCSamplerOpt.cc: 139 -- Using internal logic for binned/unbinned Asimov dataset generation
INFO: (function: generateWithHisto) ToyMCSamplerOpt.cc: 214 -- Generating asimov with histogram for pdf pdf_binfail_SIG_obsOnly: in 2 x-bins
INFO: (function: generateWithHisto) ToyMCSamplerOpt.cc: 215 -- , in 1 y-bins
INFO: (function: generateAsimov) ToyMCSamplerOpt.cc: 139 -- Using internal logic for binned/unbinned Asimov dataset generation
INFO: (function: generateWithHisto) ToyMCSamplerOpt.cc: 214 -- Generating asimov with histogram for pdf pdf_binpass_LOW_obsOnly: in 6 x-bins
INFO: (function: generateWithHisto) ToyMCSamplerOpt.cc: 215 -- , in 1 y-bins
INFO: (function: generateAsimov) ToyMCSamplerOpt.cc: 139 -- Using internal logic for binned/unbinned Asimov dataset generation
INFO: (function: generateWithHisto) ToyMCSamplerOpt.cc: 214 -- Generating asimov with histogram for pdf pdf_binpass_SIG_obsOnly: in 2 x-bins
INFO: (function: generateWithHisto) ToyMCSamplerOpt.cc: 215 -- , in 1 y-bins
INFO: (function: runLimitExpected) AsymptoticLimits.cc: 436 -- Median for expected limits = 0.0200195 (Sigma for expected limits = 0.0102142)
INFO: (function: runLimit) AsymptoticLimits.cc: 193 -- NLL at global minimum of data = -11270.9 (r=0.00943383)
INFO: (function: runLimit) AsymptoticLimits.cc: 213 -- NLL at global minimum of asimov = -11289.3 (r=0.000112918)
INFO: (function: getCLs) AsymptoticLimits.cc: 343 -- At r = 1.209434:	q_mu = 106.25840	q_A  = 108.26047	CLsb = 0.00000	CLb  = 0.53850	CLs  = 0.00000
INFO: (function: getCLs) AsymptoticLimits.cc: 343 -- At r = 0.609434:	q_mu = 63.94092	q_A  = 66.97625	CLsb = 0.00000	CLb  = 0.57440	CLs  = 0.00000
INFO: (function: getCLs) AsymptoticLimits.cc: 343 -- At r = 0.309434:	q_mu = 36.22593	q_A  = 40.14068	CLsb = 0.00000	CLb  = 0.62433	CLs  = 0.00000
INFO: (function: getCLs) AsymptoticLimits.cc: 343 -- At r = 0.159434:	q_mu = 19.16829	q_A  = 24.00760	CLsb = 0.00001	CLb  = 0.69902	CLs  = 0.00001
INFO: (function: getCLs) AsymptoticLimits.cc: 343 -- At r = 0.084434:	q_mu = 9.55021	q_A  = 14.85367	CLsb = 0.00100	CLb  = 0.77748	CLs  = 0.00129
INFO: (function: getCLs) AsymptoticLimits.cc: 343 -- At r = 0.046934:	q_mu = 4.53145	q_A  = 9.00605	CLsb = 0.01664	CLb  = 0.80847	CLs  = 0.02058
INFO: (function: getCLs) AsymptoticLimits.cc: 343 -- At r = 0.028184:	q_mu = 1.87353	q_A  = 5.48739	CLsb = 0.08554	CLb  = 0.83491	CLs  = 0.10245
INFO: (function: getCLs) AsymptoticLimits.cc: 343 -- At r = 0.038638:	q_mu = 3.34876	q_A  = 7.50851	CLsb = 0.03363	CLb  = 0.81864	CLs  = 0.04108
INFO: (function: getCLs) AsymptoticLimits.cc: 343 -- At r = 0.034748:	q_mu = 2.79336	q_A  = 6.77475	CLsb = 0.04733	CLb  = 0.82420	CLs  = 0.05742
INFO: (function: getCLs) AsymptoticLimits.cc: 343 -- At r = 0.036812:	q_mu = 3.08770	q_A  = 7.16668	CLsb = 0.03944	CLb  = 0.82118	CLs  = 0.04803
INFO: (function: getCLs) AsymptoticLimits.cc: 343 -- At r = 0.036028:	q_mu = 2.97570	q_A  = 7.01850	CLsb = 0.04226	CLb  = 0.82232	CLs  = 0.05139
INFO: (function: getCLs) AsymptoticLimits.cc: 343 -- At r = 0.036440:	q_mu = 3.03456	q_A  = 7.09643	CLsb = 0.04075	CLb  = 0.82171	CLs  = 0.04960
