INFO: (function: improveOnce) CascadeMinimizer.cc: 188 -- Minimisation configured with Type=Minuit2, Algo=Migrad, strategy=0, tolerance=0.1
INFO: (function: improveOnce) CascadeMinimizer.cc: 211 -- Minimisation finished with status=0
INFO: (function: improveOnce) CascadeMinimizer.cc: 216 -- Minimization success! status=0
INFO: (function: generateAsimov) ToyMCSamplerOpt.cc: 139 -- Using internal logic for binned/unbinned Asimov dataset generation
INFO: (function: generateWithHisto) ToyMCSamplerOpt.cc: 214 -- Generating asimov with histogram for pdf pdf_binfail_LOW_obsOnly: in 45 x-bins
INFO: (function: generateWithHisto) ToyMCSamplerOpt.cc: 215 -- , in 1 y-bins
INFO: (function: generateAsimov) ToyMCSamplerOpt.cc: 139 -- Using internal logic for binned/unbinned Asimov dataset generation
INFO: (function: generateWithHisto) ToyMCSamplerOpt.cc: 214 -- Generating asimov with histogram for pdf pdf_binfail_SIG_obsOnly: in 5 x-bins
INFO: (function: generateWithHisto) ToyMCSamplerOpt.cc: 215 -- , in 1 y-bins
INFO: (function: generateAsimov) ToyMCSamplerOpt.cc: 139 -- Using internal logic for binned/unbinned Asimov dataset generation
INFO: (function: generateWithHisto) ToyMCSamplerOpt.cc: 214 -- Generating asimov with histogram for pdf pdf_binpass_LOW_obsOnly: in 45 x-bins
INFO: (function: generateWithHisto) ToyMCSamplerOpt.cc: 215 -- , in 1 y-bins
INFO: (function: generateAsimov) ToyMCSamplerOpt.cc: 139 -- Using internal logic for binned/unbinned Asimov dataset generation
INFO: (function: generateWithHisto) ToyMCSamplerOpt.cc: 214 -- Generating asimov with histogram for pdf pdf_binpass_SIG_obsOnly: in 5 x-bins
INFO: (function: generateWithHisto) ToyMCSamplerOpt.cc: 215 -- , in 1 y-bins
DEBUG: (function: runLimitExpected) AsymptoticLimits.cc: 423 -- Best fit of asimov dataset is at r = 0.088189 (0.004409 times rMax), while it should be at zero
INFO: (function: runLimitExpected) AsymptoticLimits.cc: 436 -- Median for expected limits = 516 (Sigma for expected limits = 263.27)
INFO: (function: runLimit) AsymptoticLimits.cc: 193 -- NLL at global minimum of data = -991.593 (r=304.221)
INFO: (function: runLimit) AsymptoticLimits.cc: 213 -- NLL at global minimum of asimov = -1001.95 (r=0.168418)
INFO: (function: getCLs) AsymptoticLimits.cc: 343 -- At r = 1231.992277:	q_mu = 7.42620	q_A  = 18.01327	CLsb = 0.00321	CLb  = 0.93563	CLs  = 0.00344
INFO: (function: getCLs) AsymptoticLimits.cc: 343 -- At r = 768.106573:	q_mu = 1.79775	q_A  = 7.56891	CLsb = 0.08999	CLb  = 0.92078	CLs  = 0.09773
INFO: (function: getCLs) AsymptoticLimits.cc: 343 -- At r = 1000.049425:	q_mu = 4.11044	q_A  = 12.22761	CLsb = 0.02131	CLb  = 0.92913	CLs  = 0.02293
INFO: (function: getCLs) AsymptoticLimits.cc: 343 -- At r = 900.287642:	q_mu = 2.99335	q_A  = 10.08220	CLsb = 0.04180	CLb  = 0.92579	CLs  = 0.04515
INFO: (function: getCLs) AsymptoticLimits.cc: 343 -- At r = 859.892205:	q_mu = 2.59358	q_A  = 9.27400	CLsb = 0.05365	CLb  = 0.92434	CLs  = 0.05804
INFO: (function: getCLs) AsymptoticLimits.cc: 343 -- At r = 879.087232:	q_mu = 2.77979	q_A  = 9.65370	CLsb = 0.04773	CLb  = 0.92503	CLs  = 0.05160
INFO: (function: getCLs) AsymptoticLimits.cc: 343 -- At r = 887.328121:	q_mu = 2.86174	q_A  = 9.81923	CLsb = 0.04535	CLb  = 0.92533	CLs  = 0.04901
INFO: (function: getCLs) AsymptoticLimits.cc: 343 -- At r = 883.125335:	q_mu = 2.81988	q_A  = 9.73458	CLsb = 0.04655	CLb  = 0.92518	CLs  = 0.05032
