INFO: (function: improveOnce) CascadeMinimizer.cc: 188 -- Minimisation configured with Type=Minuit2, Algo=Migrad, strategy=0, tolerance=0.1
INFO: (function: improveOnce) CascadeMinimizer.cc: 211 -- Minimisation finished with status=0
INFO: (function: improveOnce) CascadeMinimizer.cc: 216 -- Minimization success! status=0
INFO: (function: generateAsimov) ToyMCSamplerOpt.cc: 139 -- Using internal logic for binned/unbinned Asimov dataset generation
INFO: (function: generateWithHisto) ToyMCSamplerOpt.cc: 214 -- Generating asimov with histogram for pdf pdf_binfail_LOW_obsOnly: in 6 x-bins
INFO: (function: generateWithHisto) ToyMCSamplerOpt.cc: 215 -- , in 1 y-bins
INFO: (function: generateAsimov) ToyMCSamplerOpt.cc: 139 -- Using internal logic for binned/unbinned Asimov dataset generation
INFO: (function: generateWithHisto) ToyMCSamplerOpt.cc: 214 -- Generating asimov with histogram for pdf pdf_binfail_SIG_obsOnly: in 3 x-bins
INFO: (function: generateWithHisto) ToyMCSamplerOpt.cc: 215 -- , in 1 y-bins
INFO: (function: generateAsimov) ToyMCSamplerOpt.cc: 139 -- Using internal logic for binned/unbinned Asimov dataset generation
INFO: (function: generateWithHisto) ToyMCSamplerOpt.cc: 214 -- Generating asimov with histogram for pdf pdf_binpass_LOW_obsOnly: in 6 x-bins
INFO: (function: generateWithHisto) ToyMCSamplerOpt.cc: 215 -- , in 1 y-bins
INFO: (function: generateAsimov) ToyMCSamplerOpt.cc: 139 -- Using internal logic for binned/unbinned Asimov dataset generation
INFO: (function: generateWithHisto) ToyMCSamplerOpt.cc: 214 -- Generating asimov with histogram for pdf pdf_binpass_SIG_obsOnly: in 3 x-bins
INFO: (function: generateWithHisto) ToyMCSamplerOpt.cc: 215 -- , in 1 y-bins
INFO: (function: runLimitExpected) AsymptoticLimits.cc: 436 -- Median for expected limits = 0.145508 (Sigma for expected limits = 0.07424)
INFO: (function: runLimit) AsymptoticLimits.cc: 193 -- NLL at global minimum of data = -70266.6 (r=0.0434396)
INFO: (function: runLimit) AsymptoticLimits.cc: 213 -- NLL at global minimum of asimov = -70272.7 (r=1.13008e-07)
INFO: (function: getCLs) AsymptoticLimits.cc: 343 -- At r = 1.243440:	q_mu = 19.76626	q_A  = 22.72021	CLsb = 0.00000	CLb  = 0.62576	CLs  = 0.00001
INFO: (function: getCLs) AsymptoticLimits.cc: 343 -- At r = 0.643440:	q_mu = 11.15429	q_A  = 14.41684	CLsb = 0.00042	CLb  = 0.67622	CLs  = 0.00062
INFO: (function: getCLs) AsymptoticLimits.cc: 343 -- At r = 0.343440:	q_mu = 5.78988	q_A  = 8.74930	CLsb = 0.00806	CLb  = 0.70942	CLs  = 0.01136
INFO: (function: getCLs) AsymptoticLimits.cc: 343 -- At r = 0.193440:	q_mu = 2.64412	q_A  = 5.14178	CLsb = 0.05197	CLb  = 0.73939	CLs  = 0.07028
INFO: (function: getCLs) AsymptoticLimits.cc: 343 -- At r = 0.268440:	q_mu = 4.25221	q_A  = 7.03096	CLsb = 0.01960	CLb  = 0.72224	CLs  = 0.02714
INFO: (function: getCLs) AsymptoticLimits.cc: 343 -- At r = 0.229909:	q_mu = 3.43193	q_A  = 6.08379	CLsb = 0.03197	CLb  = 0.73039	CLs  = 0.04378
INFO: (function: getCLs) AsymptoticLimits.cc: 343 -- At r = 0.214423:	q_mu = 3.09823	q_A  = 5.68940	CLsb = 0.03919	CLb  = 0.73404	CLs  = 0.05339
INFO: (function: getCLs) AsymptoticLimits.cc: 343 -- At r = 0.221612:	q_mu = 3.25335	q_A  = 5.87351	CLsb = 0.03564	CLb  = 0.73231	CLs  = 0.04867
INFO: (function: getCLs) AsymptoticLimits.cc: 343 -- At r = 0.218495:	q_mu = 3.18613	q_A  = 5.79390	CLsb = 0.03713	CLb  = 0.73305	CLs  = 0.05065
INFO: (function: getCLs) AsymptoticLimits.cc: 343 -- At r = 0.219929:	q_mu = 3.21705	q_A  = 5.83055	CLsb = 0.03644	CLb  = 0.73271	CLs  = 0.04973
INFO: (function: getCLs) AsymptoticLimits.cc: 343 -- At r = 0.219304:	q_mu = 3.20359	q_A  = 5.81460	CLsb = 0.03674	CLb  = 0.73286	CLs  = 0.05013
