INFO: (function: improveOnce) CascadeMinimizer.cc: 188 -- Minimisation configured with Type=Minuit2, Algo=Migrad, strategy=0, tolerance=0.1
INFO: (function: improveOnce) CascadeMinimizer.cc: 211 -- Minimisation finished with status=0
INFO: (function: improveOnce) CascadeMinimizer.cc: 216 -- Minimization success! status=0
INFO: (function: generateAsimov) ToyMCSamplerOpt.cc: 139 -- Using internal logic for binned/unbinned Asimov dataset generation
INFO: (function: generateWithHisto) ToyMCSamplerOpt.cc: 214 -- Generating asimov with histogram for pdf pdf_binfail_LOW_obsOnly: in 6 x-bins
INFO: (function: generateWithHisto) ToyMCSamplerOpt.cc: 215 -- , in 1 y-bins
INFO: (function: generateAsimov) ToyMCSamplerOpt.cc: 139 -- Using internal logic for binned/unbinned Asimov dataset generation
INFO: (function: generateWithHisto) ToyMCSamplerOpt.cc: 214 -- Generating asimov with histogram for pdf pdf_binfail_SIG_obsOnly: in 3 x-bins
INFO: (function: generateWithHisto) ToyMCSamplerOpt.cc: 215 -- , in 1 y-bins
INFO: (function: generateAsimov) ToyMCSamplerOpt.cc: 139 -- Using internal logic for binned/unbinned Asimov dataset generation
INFO: (function: generateWithHisto) ToyMCSamplerOpt.cc: 214 -- Generating asimov with histogram for pdf pdf_binpass_LOW_obsOnly: in 6 x-bins
INFO: (function: generateWithHisto) ToyMCSamplerOpt.cc: 215 -- , in 1 y-bins
INFO: (function: generateAsimov) ToyMCSamplerOpt.cc: 139 -- Using internal logic for binned/unbinned Asimov dataset generation
INFO: (function: generateWithHisto) ToyMCSamplerOpt.cc: 214 -- Generating asimov with histogram for pdf pdf_binpass_SIG_obsOnly: in 3 x-bins
INFO: (function: generateWithHisto) ToyMCSamplerOpt.cc: 215 -- , in 1 y-bins
INFO: (function: runLimitExpected) AsymptoticLimits.cc: 436 -- Median for expected limits = 4000 (Sigma for expected limits = 2040.85)
INFO: (function: runLimit) AsymptoticLimits.cc: 193 -- NLL at global minimum of data = -60510.8 (r=3517.47)
INFO: (function: runLimit) AsymptoticLimits.cc: 213 -- NLL at global minimum of asimov = -60511 (r=9.36704)
INFO: (function: getCLs) AsymptoticLimits.cc: 343 -- At r = 11697.229442:	q_mu = 2.77122	q_A  = 7.49754	CLsb = 0.04799	CLb  = 0.85847	CLs  = 0.05590
INFO: (function: getCLs) AsymptoticLimits.cc: 343 -- At r = 23394.458884:	q_mu = 8.05011	q_A  = 14.11285	CLsb = 0.00228	CLb  = 0.82107	CLs  = 0.00277
INFO: (function: getCLs) AsymptoticLimits.cc: 343 -- At r = 13455.965841:	q_mu = 3.56830	q_A  = 8.58506	CLsb = 0.02945	CLb  = 0.85107	CLs  = 0.03460
INFO: (function: getCLs) AsymptoticLimits.cc: 343 -- At r = 8486.719320:	q_mu = 1.38577	q_A  = 5.41190	CLsb = 0.11956	CLb  = 0.87476	CLs  = 0.13668
INFO: (function: getCLs) AsymptoticLimits.cc: 343 -- At r = 11396.663243:	q_mu = 2.63647	q_A  = 7.30796	CLsb = 0.05222	CLb  = 0.85984	CLs  = 0.06073
INFO: (function: getCLs) AsymptoticLimits.cc: 343 -- At r = 12377.799063:	q_mu = 3.07828	q_A  = 7.92267	CLsb = 0.03967	CLb  = 0.85548	CLs  = 0.04637
INFO: (function: getCLs) AsymptoticLimits.cc: 343 -- At r = 11962.483785:	q_mu = 2.89057	q_A  = 7.66396	CLsb = 0.04455	CLb  = 0.85729	CLs  = 0.05197
INFO: (function: getCLs) AsymptoticLimits.cc: 343 -- At r = 12158.100222:	q_mu = 2.97888	q_A  = 7.78605	CLsb = 0.04218	CLb  = 0.85643	CLs  = 0.04925
INFO: (function: getCLs) AsymptoticLimits.cc: 343 -- At r = 12074.906825:	q_mu = 2.94130	q_A  = 7.73417	CLsb = 0.04317	CLb  = 0.85679	CLs  = 0.05039
INFO: (function: getCLs) AsymptoticLimits.cc: 343 -- At r = 12114.003059:	q_mu = 2.95895	q_A  = 7.75870	CLsb = 0.04270	CLb  = 0.85663	CLs  = 0.04985
