INFO: (function: improveOnce) CascadeMinimizer.cc: 188 -- Minimisation configured with Type=Minuit2, Algo=Migrad, strategy=0, tolerance=0.1
INFO: (function: improveOnce) CascadeMinimizer.cc: 211 -- Minimisation finished with status=0
INFO: (function: improveOnce) CascadeMinimizer.cc: 216 -- Minimization success! status=0
INFO: (function: generateAsimov) ToyMCSamplerOpt.cc: 139 -- Using internal logic for binned/unbinned Asimov dataset generation
INFO: (function: generateWithHisto) ToyMCSamplerOpt.cc: 214 -- Generating asimov with histogram for pdf pdf_binfail_LOW_obsOnly: in 6 x-bins
INFO: (function: generateWithHisto) ToyMCSamplerOpt.cc: 215 -- , in 1 y-bins
INFO: (function: generateAsimov) ToyMCSamplerOpt.cc: 139 -- Using internal logic for binned/unbinned Asimov dataset generation
INFO: (function: generateWithHisto) ToyMCSamplerOpt.cc: 214 -- Generating asimov with histogram for pdf pdf_binfail_SIG_obsOnly: in 19 x-bins
INFO: (function: generateWithHisto) ToyMCSamplerOpt.cc: 215 -- , in 1 y-bins
INFO: (function: generateAsimov) ToyMCSamplerOpt.cc: 139 -- Using internal logic for binned/unbinned Asimov dataset generation
INFO: (function: generateWithHisto) ToyMCSamplerOpt.cc: 214 -- Generating asimov with histogram for pdf pdf_binpass_LOW_obsOnly: in 6 x-bins
INFO: (function: generateWithHisto) ToyMCSamplerOpt.cc: 215 -- , in 1 y-bins
INFO: (function: generateAsimov) ToyMCSamplerOpt.cc: 139 -- Using internal logic for binned/unbinned Asimov dataset generation
INFO: (function: generateWithHisto) ToyMCSamplerOpt.cc: 214 -- Generating asimov with histogram for pdf pdf_binpass_SIG_obsOnly: in 19 x-bins
INFO: (function: generateWithHisto) ToyMCSamplerOpt.cc: 215 -- , in 1 y-bins
INFO: (function: runLimitExpected) AsymptoticLimits.cc: 436 -- Median for expected limits = 0.012207 (Sigma for expected limits = 0.00622819)
INFO: (function: runLimit) AsymptoticLimits.cc: 193 -- NLL at global minimum of data = -2630.04 (r=5.48124e-09)
INFO: (function: runLimit) AsymptoticLimits.cc: 213 -- NLL at global minimum of asimov = -2630.01 (r=1.33526e-07)
INFO: (function: getCLs) AsymptoticLimits.cc: 343 -- At r = 1.200000:	q_mu = 411.37606	q_A  = 407.21568	CLsb = 0.00000	CLb  = 0.45895	CLs  = 0.00000
INFO: (function: getCLs) AsymptoticLimits.cc: 343 -- At r = 0.600000:	q_mu = 208.42664	q_A  = 205.00589	CLsb = 0.00000	CLb  = 0.45246	CLs  = 0.00000
INFO: (function: getCLs) AsymptoticLimits.cc: 343 -- At r = 0.300000:	q_mu = 104.89948	q_A  = 102.35023	CLsb = 0.00000	CLb  = 0.44987	CLs  = 0.00000
INFO: (function: getCLs) AsymptoticLimits.cc: 343 -- At r = 0.150000:	q_mu = 52.62008	q_A  = 50.85705	CLsb = 0.00000	CLb  = 0.45081	CLs  = 0.00000
INFO: (function: getCLs) AsymptoticLimits.cc: 343 -- At r = 0.075000:	q_mu = 26.35226	q_A  = 25.19807	CLsb = 0.00000	CLb  = 0.45424	CLs  = 0.00000
INFO: (function: getCLs) AsymptoticLimits.cc: 343 -- At r = 0.037500:	q_mu = 13.18661	q_A  = 12.46000	CLsb = 0.00014	CLb  = 0.45901	CLs  = 0.00031
INFO: (function: getCLs) AsymptoticLimits.cc: 343 -- At r = 0.018750:	q_mu = 6.59640	q_A  = 6.15058	CLsb = 0.00509	CLb  = 0.46419	CLs  = 0.01096
INFO: (function: getCLs) AsymptoticLimits.cc: 343 -- At r = 0.009375:	q_mu = 3.29860	q_A  = 3.03085	CLsb = 0.03454	CLb  = 0.46935	CLs  = 0.07360
INFO: (function: getCLs) AsymptoticLimits.cc: 343 -- At r = 0.014063:	q_mu = 4.94747	q_A  = 4.58670	CLsb = 0.01301	CLb  = 0.46644	CLs  = 0.02789
INFO: (function: getCLs) AsymptoticLimits.cc: 343 -- At r = 0.011807:	q_mu = 4.15405	q_A  = 3.83641	CLsb = 0.02069	CLb  = 0.46769	CLs  = 0.04423
INFO: (function: getCLs) AsymptoticLimits.cc: 343 -- At r = 0.010852:	q_mu = 3.81825	q_A  = 3.51971	CLsb = 0.02525	CLb  = 0.46829	CLs  = 0.05393
INFO: (function: getCLs) AsymptoticLimits.cc: 343 -- At r = 0.011335:	q_mu = 3.98788	q_A  = 3.67962	CLsb = 0.02283	CLb  = 0.46798	CLs  = 0.04878
