 <<< Combine >>> 
>>> random number generator seed is 123456
>>> method used is FitDiagnostics
Warning: Did not find a parameter with name mask_pass_HIGH
Set Default Value of Parameter mask_pass_SIG To : 1
Set Default Value of Parameter r To : 1
>>> 1 out of 4 channels masked

SimNLL created with 0 channels, 0 generic constraints, 6 fast gaussian constraints, 0 fast poisson constraints, 0 fast group constraints, 
SimNLL created with 4 channels, 0 generic constraints, 6 fast gaussian constraints, 0 fast poisson constraints, 0 fast group constraints, 
  [WARNING] Found [Background_fail_SIG_bin_1-1] at boundary. 
  [WARNING] Found [Background_fail_SIG_bin_2-1] at boundary. 
 [WARNING] After the fit some parameters are at their boundary.
 [WARNING] Are you sure your model is correct?
Running Minos for POI 
>> Found 16 floating parameters
>> The following parameters are protected in the event of negative eigenvalues: r
>> Verifying eigenvalues are all positive (iteration 0)
Eigenvalue 15 : -0.0103919
 - -0.6447	systOnG
 - 0.517532	Background_fail_SIG_bin_2-1
 - 0.297787	Background_fail_LOW_bin_6-1
 - 0.291543	Background_fail_SIG_bin_1-1
 - 0.207523	Background_fail_LOW_bin_5-1
>> Attempt 0 failed, remove the variable with largest eigenvector component...
>> Dropping systOnG from the hessian
>> Verifying eigenvalues are all positive (iteration 1)
Eigenvalue 14 : -0.00067005
 - -0.704541	r
 - 0.405718	Background_fail_LOW_bin_1-1
 - 0.3096	Background_fail_LOW_bin_2-1
 - 0.272386	Background_fail_LOW_bin_3-1
 - 0.250455	Background_fail_LOW_bin_4-1
>> Attempt 1 failed, remove the variable with largest eigenvector component...
>> Dropping Background_fail_LOW_bin_1-1 from the hessian
>> Verifying eigenvalues are all positive (iteration 2)
>> All eigenvalues are positive
>> Inverting Hessian...
>> Matrix inverted
>> Note: the following parameters were dropped to make the covariance matrix pos-def:
     - systOnG
     - Background_fail_LOW_bin_1-1

 --- FitDiagnostics ---
Best fit r: 3.31729  -3.31729/+26.6827  (68% CL)
Done in 0.01 min (cpu), 0.01 min (real)
Printing Message Summary From ... combine_logger.out
----------------------------------------------
Messages of type INFO : 22
Messages of type DEBUG : 2
Messages of type ERROR : 0
----------------------------------------------
INFO: (function: improveOnce) CascadeMinimizer.cc: 188 -- Minimisation configured with Type=Minuit2, Algo=Migrad, strategy=0, tolerance=0.1
INFO: (function: improveOnce) CascadeMinimizer.cc: 211 -- Minimisation finished with status=0
INFO: (function: improveOnce) CascadeMinimizer.cc: 216 -- Minimization success! status=0
INFO: (function: improveOnce) CascadeMinimizer.cc: 188 -- Minimisation configured with Type=Minuit2, Algo=Migrad, strategy=0, tolerance=0.1
INFO: (function: improveOnce) CascadeMinimizer.cc: 211 -- Minimisation finished with status=0
INFO: (function: improveOnce) CascadeMinimizer.cc: 216 -- Minimization success! status=0
INFO: (function: improveOnce) CascadeMinimizer.cc: 188 -- Minimisation configured with Type=Minuit2, Algo=Migrad, strategy=0, tolerance=0.1
INFO: (function: improveOnce) CascadeMinimizer.cc: 211 -- Minimisation finished with status=0
INFO: (function: improveOnce) CascadeMinimizer.cc: 216 -- Minimization success! status=0
INFO: (function: improveOnce) CascadeMinimizer.cc: 188 -- Minimisation configured with Type=Minuit2, Algo=Migrad, strategy=0, tolerance=0.1
INFO: (function: improveOnce) CascadeMinimizer.cc: 211 -- Minimisation finished with status=0
INFO: (function: improveOnce) CascadeMinimizer.cc: 216 -- Minimization success! status=0
DEBUG: (function: runSpecific) FitDiagnostics.cc: 318 -- Fit B-only, status = 0, numBadNLL = 0, covariance quality = -1
INFO: (function: improveOnce) CascadeMinimizer.cc: 188 -- Minimisation configured with Type=Minuit2, Algo=Migrad, strategy=0, tolerance=0.1
INFO: (function: improveOnce) CascadeMinimizer.cc: 211 -- Minimisation finished with status=0
INFO: (function: improveOnce) CascadeMinimizer.cc: 216 -- Minimization success! status=0
INFO: (function: anyParameterAtBoundaries) utils.cc: 1039 -- Found parameter Background_fail_SIG_bin_1-1 at boundary (within ~1sigma): 0.0872992+/-4.5795
INFO: (function: anyParameterAtBoundaries) utils.cc: 1039 -- Found parameter Background_fail_SIG_bin_2-1 at boundary (within ~1sigma): 8.3212e-05+/-9.47356
INFO: (function: minimize) CascadeMinimizer.cc: 480 -- After fit, some parameters are found at the boundary (within ~1sigma)
INFO: (function: improveOnce) CascadeMinimizer.cc: 188 -- Minimisation configured with Type=Minuit2, Algo=Migrad, strategy=0, tolerance=0.1
INFO: (function: improveOnce) CascadeMinimizer.cc: 211 -- Minimisation finished with status=0
INFO: (function: improveOnce) CascadeMinimizer.cc: 216 -- Minimization success! status=0
INFO: (function: doFit) FitterAlgoBase.cc: 343 -- Running Minos for POI r
DEBUG: (function: runSpecific) FitDiagnostics.cc: 443 -- Fit S+B, status = 0, numBadNLL = 0, covariance quality = -1
