INFO: (function: improveOnce) CascadeMinimizer.cc: 188 -- Minimisation configured with Type=Minuit2, Algo=Migrad, strategy=0, tolerance=0.1
INFO: (function: improveOnce) CascadeMinimizer.cc: 211 -- Minimisation finished with status=0
INFO: (function: improveOnce) CascadeMinimizer.cc: 216 -- Minimization success! status=0
INFO: (function: generateAsimov) ToyMCSamplerOpt.cc: 139 -- Using internal logic for binned/unbinned Asimov dataset generation
INFO: (function: generateWithHisto) ToyMCSamplerOpt.cc: 214 -- Generating asimov with histogram for pdf pdf_binfail_LOW_obsOnly: in 5 x-bins
INFO: (function: generateWithHisto) ToyMCSamplerOpt.cc: 215 -- , in 1 y-bins
INFO: (function: generateAsimov) ToyMCSamplerOpt.cc: 139 -- Using internal logic for binned/unbinned Asimov dataset generation
INFO: (function: generateWithHisto) ToyMCSamplerOpt.cc: 214 -- Generating asimov with histogram for pdf pdf_binfail_SIG_obsOnly: in 4 x-bins
INFO: (function: generateWithHisto) ToyMCSamplerOpt.cc: 215 -- , in 1 y-bins
INFO: (function: generateAsimov) ToyMCSamplerOpt.cc: 139 -- Using internal logic for binned/unbinned Asimov dataset generation
INFO: (function: generateWithHisto) ToyMCSamplerOpt.cc: 214 -- Generating asimov with histogram for pdf pdf_binpass_LOW_obsOnly: in 5 x-bins
INFO: (function: generateWithHisto) ToyMCSamplerOpt.cc: 215 -- , in 1 y-bins
INFO: (function: generateAsimov) ToyMCSamplerOpt.cc: 139 -- Using internal logic for binned/unbinned Asimov dataset generation
INFO: (function: generateWithHisto) ToyMCSamplerOpt.cc: 214 -- Generating asimov with histogram for pdf pdf_binpass_SIG_obsOnly: in 4 x-bins
INFO: (function: generateWithHisto) ToyMCSamplerOpt.cc: 215 -- , in 1 y-bins
INFO: (function: runLimitExpected) AsymptoticLimits.cc: 436 -- Median for expected limits = 0.705078 (Sigma for expected limits = 0.35974)
INFO: (function: runLimit) AsymptoticLimits.cc: 193 -- NLL at global minimum of data = -76461.4 (r=0.155158)
INFO: (function: runLimit) AsymptoticLimits.cc: 213 -- NLL at global minimum of asimov = -76462.3 (r=0.00131948)
INFO: (function: getCLs) AsymptoticLimits.cc: 343 -- At r = 1.355158:	q_mu = 5.94276	q_A  = 8.20053	CLsb = 0.00739	CLb  = 0.66490	CLs  = 0.01111
INFO: (function: getCLs) AsymptoticLimits.cc: 343 -- At r = 0.755158:	q_mu = 2.38642	q_A  = 4.17595	CLsb = 0.06120	CLb  = 0.69101	CLs  = 0.08856
INFO: (function: getCLs) AsymptoticLimits.cc: 343 -- At r = 1.055158:	q_mu = 4.12278	q_A  = 6.18926	CLsb = 0.02115	CLb  = 0.67629	CLs  = 0.03128
INFO: (function: getCLs) AsymptoticLimits.cc: 343 -- At r = 0.886994:	q_mu = 3.13260	q_A  = 5.05861	CLsb = 0.03837	CLb  = 0.68411	CLs  = 0.05609
INFO: (function: getCLs) AsymptoticLimits.cc: 343 -- At r = 0.947099:	q_mu = 3.48247	q_A  = 5.46259	CLsb = 0.03101	CLb  = 0.68121	CLs  = 0.04552
INFO: (function: getCLs) AsymptoticLimits.cc: 343 -- At r = 0.913468:	q_mu = 3.28605	q_A  = 5.23650	CLsb = 0.03494	CLb  = 0.68282	CLs  = 0.05116
INFO: (function: getCLs) AsymptoticLimits.cc: 343 -- At r = 0.925494:	q_mu = 3.35610	q_A  = 5.31733	CLsb = 0.03348	CLb  = 0.68224	CLs  = 0.04907
INFO: (function: getCLs) AsymptoticLimits.cc: 343 -- At r = 0.918768:	q_mu = 3.31690	q_A  = 5.27212	CLsb = 0.03429	CLb  = 0.68256	CLs  = 0.05023
INFO: (function: getCLs) AsymptoticLimits.cc: 343 -- At r = 0.921174:	q_mu = 3.33091	q_A  = 5.28829	CLsb = 0.03399	CLb  = 0.68245	CLs  = 0.04981
