INFO: (function: improveOnce) CascadeMinimizer.cc: 188 -- Minimisation configured with Type=Minuit2, Algo=Migrad, strategy=0, tolerance=0.1
INFO: (function: improveOnce) CascadeMinimizer.cc: 211 -- Minimisation finished with status=0
INFO: (function: improveOnce) CascadeMinimizer.cc: 216 -- Minimization success! status=0
INFO: (function: generateAsimov) ToyMCSamplerOpt.cc: 139 -- Using internal logic for binned/unbinned Asimov dataset generation
INFO: (function: generateWithHisto) ToyMCSamplerOpt.cc: 214 -- Generating asimov with histogram for pdf pdf_binfail_LOW_obsOnly: in 6 x-bins
INFO: (function: generateWithHisto) ToyMCSamplerOpt.cc: 215 -- , in 1 y-bins
INFO: (function: generateAsimov) ToyMCSamplerOpt.cc: 139 -- Using internal logic for binned/unbinned Asimov dataset generation
INFO: (function: generateWithHisto) ToyMCSamplerOpt.cc: 214 -- Generating asimov with histogram for pdf pdf_binfail_SIG_obsOnly: in 8 x-bins
INFO: (function: generateWithHisto) ToyMCSamplerOpt.cc: 215 -- , in 1 y-bins
INFO: (function: generateAsimov) ToyMCSamplerOpt.cc: 139 -- Using internal logic for binned/unbinned Asimov dataset generation
INFO: (function: generateWithHisto) ToyMCSamplerOpt.cc: 214 -- Generating asimov with histogram for pdf pdf_binpass_LOW_obsOnly: in 6 x-bins
INFO: (function: generateWithHisto) ToyMCSamplerOpt.cc: 215 -- , in 1 y-bins
INFO: (function: generateAsimov) ToyMCSamplerOpt.cc: 139 -- Using internal logic for binned/unbinned Asimov dataset generation
INFO: (function: generateWithHisto) ToyMCSamplerOpt.cc: 214 -- Generating asimov with histogram for pdf pdf_binpass_SIG_obsOnly: in 8 x-bins
INFO: (function: generateWithHisto) ToyMCSamplerOpt.cc: 215 -- , in 1 y-bins
INFO: (function: runLimitExpected) AsymptoticLimits.cc: 436 -- Median for expected limits = 91.5 (Sigma for expected limits = 46.6845)
INFO: (function: runLimit) AsymptoticLimits.cc: 193 -- NLL at global minimum of data = -777268 (r=2.78159e-06)
INFO: (function: runLimit) AsymptoticLimits.cc: 213 -- NLL at global minimum of asimov = -777257 (r=1.62833e-11)
INFO: (function: getCLs) AsymptoticLimits.cc: 343 -- At r = 54.035612:	q_mu = 3.27151	q_A  = 2.15963	CLsb = 0.03231	CLb  = 0.35260	CLs  = 0.09163
INFO: (function: getCLs) AsymptoticLimits.cc: 343 -- At r = 108.071224:	q_mu = 6.08747	q_A  = 4.58401	CLsb = 0.00635	CLb  = 0.36275	CLs  = 0.01750
INFO: (function: getCLs) AsymptoticLimits.cc: 343 -- At r = 54.035613:	q_mu = 3.27155	q_A  = 2.15963	CLsb = 0.03231	CLb  = 0.35260	CLs  = 0.09163
INFO: (function: getCLs) AsymptoticLimits.cc: 343 -- At r = 80.660662:	q_mu = 4.70050	q_A  = 3.36402	CLsb = 0.01396	CLb  = 0.35780	CLs  = 0.03901
INFO: (function: getCLs) AsymptoticLimits.cc: 343 -- At r = 69.144985:	q_mu = 4.09287	q_A  = 2.84436	CLsb = 0.01986	CLb  = 0.35564	CLs  = 0.05584
INFO: (function: getCLs) AsymptoticLimits.cc: 343 -- At r = 74.285883:	q_mu = 4.36609	q_A  = 3.07662	CLsb = 0.01694	CLb  = 0.35660	CLs  = 0.04749
INFO: (function: getCLs) AsymptoticLimits.cc: 343 -- At r = 71.950945:	q_mu = 4.24239	q_A  = 2.97118	CLsb = 0.01820	CLb  = 0.35616	CLs  = 0.05110
INFO: (function: getCLs) AsymptoticLimits.cc: 343 -- At r = 72.972318:	q_mu = 4.29659	q_A  = 3.01731	CLsb = 0.01763	CLb  = 0.35635	CLs  = 0.04948
INFO: (function: getCLs) AsymptoticLimits.cc: 343 -- At r = 72.503976:	q_mu = 4.27175	q_A  = 2.99616	CLsb = 0.01789	CLb  = 0.35626	CLs  = 0.05022
INFO: (function: getCLs) AsymptoticLimits.cc: 343 -- At r = 72.707981:	q_mu = 4.28257	q_A  = 3.00538	CLsb = 0.01778	CLb  = 0.35630	CLs  = 0.04990
