INFO: (function: improveOnce) CascadeMinimizer.cc: 188 -- Minimisation configured with Type=Minuit2, Algo=Migrad, strategy=0, tolerance=0.1
INFO: (function: improveOnce) CascadeMinimizer.cc: 211 -- Minimisation finished with status=0
INFO: (function: improveOnce) CascadeMinimizer.cc: 216 -- Minimization success! status=0
INFO: (function: generateAsimov) ToyMCSamplerOpt.cc: 139 -- Using internal logic for binned/unbinned Asimov dataset generation
INFO: (function: generateWithHisto) ToyMCSamplerOpt.cc: 214 -- Generating asimov with histogram for pdf pdf_binfail_LOW_obsOnly: in 6 x-bins
INFO: (function: generateWithHisto) ToyMCSamplerOpt.cc: 215 -- , in 1 y-bins
INFO: (function: generateAsimov) ToyMCSamplerOpt.cc: 139 -- Using internal logic for binned/unbinned Asimov dataset generation
INFO: (function: generateWithHisto) ToyMCSamplerOpt.cc: 214 -- Generating asimov with histogram for pdf pdf_binfail_SIG_obsOnly: in 1 x-bins
INFO: (function: generateWithHisto) ToyMCSamplerOpt.cc: 215 -- , in 1 y-bins
INFO: (function: generateAsimov) ToyMCSamplerOpt.cc: 139 -- Using internal logic for binned/unbinned Asimov dataset generation
INFO: (function: generateWithHisto) ToyMCSamplerOpt.cc: 214 -- Generating asimov with histogram for pdf pdf_binpass_LOW_obsOnly: in 6 x-bins
INFO: (function: generateWithHisto) ToyMCSamplerOpt.cc: 215 -- , in 1 y-bins
INFO: (function: generateAsimov) ToyMCSamplerOpt.cc: 139 -- Using internal logic for binned/unbinned Asimov dataset generation
INFO: (function: generateWithHisto) ToyMCSamplerOpt.cc: 214 -- Generating asimov with histogram for pdf pdf_binpass_SIG_obsOnly: in 1 x-bins
INFO: (function: generateWithHisto) ToyMCSamplerOpt.cc: 215 -- , in 1 y-bins
INFO: (function: runLimitExpected) AsymptoticLimits.cc: 436 -- Median for expected limits = 4000 (Sigma for expected limits = 2040.85)
INFO: (function: runLimit) AsymptoticLimits.cc: 193 -- NLL at global minimum of data = -3152.92 (r=3471.99)
INFO: (function: runLimit) AsymptoticLimits.cc: 213 -- NLL at global minimum of asimov = -3155.07 (r=32.8811)
INFO: (function: getCLs) AsymptoticLimits.cc: 343 -- At r = 12781.730839:	q_mu = 3.31274	q_A  = 8.23116	CLsb = 0.03437	CLb  = 0.85289	CLs  = 0.04030
INFO: (function: getCLs) AsymptoticLimits.cc: 343 -- At r = 8126.858315:	q_mu = 1.27664	q_A  = 5.23298	CLsb = 0.12926	CLb  = 0.87650	CLs  = 0.14747
INFO: (function: getCLs) AsymptoticLimits.cc: 343 -- At r = 11231.737598:	q_mu = 2.61066	q_A  = 7.26584	CLsb = 0.05307	CLb  = 0.85988	CLs  = 0.06172
INFO: (function: getCLs) AsymptoticLimits.cc: 343 -- At r = 12154.433987:	q_mu = 3.02728	q_A  = 7.84439	CLsb = 0.04094	CLb  = 0.85563	CLs  = 0.04785
INFO: (function: getCLs) AsymptoticLimits.cc: 343 -- At r = 11842.204610:	q_mu = 2.88588	q_A  = 7.64994	CLsb = 0.04468	CLb  = 0.85703	CLs  = 0.05213
INFO: (function: getCLs) AsymptoticLimits.cc: 343 -- At r = 12026.222800:	q_mu = 2.96910	q_A  = 7.76469	CLsb = 0.04243	CLb  = 0.85620	CLs  = 0.04956
INFO: (function: getCLs) AsymptoticLimits.cc: 343 -- At r = 11963.780436:	q_mu = 2.94079	q_A  = 7.72580	CLsb = 0.04318	CLb  = 0.85648	CLs  = 0.05042
INFO: (function: getCLs) AsymptoticLimits.cc: 343 -- At r = 12000.607334:	q_mu = 2.95748	q_A  = 7.74874	CLsb = 0.04274	CLb  = 0.85632	CLs  = 0.04991
