INFO: (function: improveOnce) CascadeMinimizer.cc: 188 -- Minimisation configured with Type=Minuit2, Algo=Migrad, strategy=0, tolerance=0.1
INFO: (function: improveOnce) CascadeMinimizer.cc: 211 -- Minimisation finished with status=0
INFO: (function: improveOnce) CascadeMinimizer.cc: 216 -- Minimization success! status=0
INFO: (function: generateAsimov) ToyMCSamplerOpt.cc: 139 -- Using internal logic for binned/unbinned Asimov dataset generation
INFO: (function: generateWithHisto) ToyMCSamplerOpt.cc: 214 -- Generating asimov with histogram for pdf pdf_binfail_LOW_obsOnly: in 5 x-bins
INFO: (function: generateWithHisto) ToyMCSamplerOpt.cc: 215 -- , in 1 y-bins
INFO: (function: generateAsimov) ToyMCSamplerOpt.cc: 139 -- Using internal logic for binned/unbinned Asimov dataset generation
INFO: (function: generateWithHisto) ToyMCSamplerOpt.cc: 214 -- Generating asimov with histogram for pdf pdf_binfail_SIG_obsOnly: in 4 x-bins
INFO: (function: generateWithHisto) ToyMCSamplerOpt.cc: 215 -- , in 1 y-bins
INFO: (function: generateAsimov) ToyMCSamplerOpt.cc: 139 -- Using internal logic for binned/unbinned Asimov dataset generation
INFO: (function: generateWithHisto) ToyMCSamplerOpt.cc: 214 -- Generating asimov with histogram for pdf pdf_binpass_LOW_obsOnly: in 5 x-bins
INFO: (function: generateWithHisto) ToyMCSamplerOpt.cc: 215 -- , in 1 y-bins
INFO: (function: generateAsimov) ToyMCSamplerOpt.cc: 139 -- Using internal logic for binned/unbinned Asimov dataset generation
INFO: (function: generateWithHisto) ToyMCSamplerOpt.cc: 214 -- Generating asimov with histogram for pdf pdf_binpass_SIG_obsOnly: in 4 x-bins
INFO: (function: generateWithHisto) ToyMCSamplerOpt.cc: 215 -- , in 1 y-bins
INFO: (function: runLimitExpected) AsymptoticLimits.cc: 436 -- Median for expected limits = 0.0625 (Sigma for expected limits = 0.0318883)
INFO: (function: runLimit) AsymptoticLimits.cc: 193 -- NLL at global minimum of data = -76518 (r=0.0132439)
INFO: (function: runLimit) AsymptoticLimits.cc: 213 -- NLL at global minimum of asimov = -76514.2 (r=5.99813e-07)
INFO: (function: getCLs) AsymptoticLimits.cc: 343 -- At r = 1.213244:	q_mu = 51.46771	q_A  = 53.93085	CLsb = 0.00000	CLb  = 0.56736	CLs  = 0.00000
INFO: (function: getCLs) AsymptoticLimits.cc: 343 -- At r = 0.613244:	q_mu = 30.42802	q_A  = 33.28536	CLsb = 0.00000	CLb  = 0.59994	CLs  = 0.00000
INFO: (function: getCLs) AsymptoticLimits.cc: 343 -- At r = 0.313244:	q_mu = 16.72978	q_A  = 19.41433	CLsb = 0.00002	CLb  = 0.62399	CLs  = 0.00003
INFO: (function: getCLs) AsymptoticLimits.cc: 343 -- At r = 0.163244:	q_mu = 8.33583	q_A  = 10.71068	CLsb = 0.00194	CLb  = 0.65008	CLs  = 0.00299
INFO: (function: getCLs) AsymptoticLimits.cc: 343 -- At r = 0.088244:	q_mu = 3.70403	q_A  = 5.67770	CLsb = 0.02714	CLb  = 0.67660	CLs  = 0.04011
INFO: (function: getCLs) AsymptoticLimits.cc: 343 -- At r = 0.050744:	q_mu = 1.45189	q_A  = 2.99804	CLsb = 0.11411	CLb  = 0.70074	CLs  = 0.16284
INFO: (function: getCLs) AsymptoticLimits.cc: 343 -- At r = 0.069494:	q_mu = 2.54998	q_A  = 4.34532	CLsb = 0.05515	CLb  = 0.68711	CLs  = 0.08026
INFO: (function: getCLs) AsymptoticLimits.cc: 343 -- At r = 0.079729:	q_mu = 3.17631	q_A  = 5.07550	CLsb = 0.03736	CLb  = 0.68106	CLs  = 0.05485
INFO: (function: getCLs) AsymptoticLimits.cc: 343 -- At r = 0.083448:	q_mu = 3.40625	q_A  = 5.33914	CLsb = 0.03247	CLb  = 0.67905	CLs  = 0.04782
INFO: (function: getCLs) AsymptoticLimits.cc: 343 -- At r = 0.081738:	q_mu = 3.30043	q_A  = 5.21808	CLsb = 0.03463	CLb  = 0.67997	CLs  = 0.05093
INFO: (function: getCLs) AsymptoticLimits.cc: 343 -- At r = 0.082481:	q_mu = 3.34637	q_A  = 5.27069	CLsb = 0.03368	CLb  = 0.67957	CLs  = 0.04956
INFO: (function: getCLs) AsymptoticLimits.cc: 343 -- At r = 0.082139:	q_mu = 3.32520	q_A  = 5.24645	CLsb = 0.03411	CLb  = 0.67975	CLs  = 0.05018
