INFO: (function: improveOnce) CascadeMinimizer.cc: 188 -- Minimisation configured with Type=Minuit2, Algo=Migrad, strategy=0, tolerance=0.1
INFO: (function: improveOnce) CascadeMinimizer.cc: 211 -- Minimisation finished with status=0
INFO: (function: improveOnce) CascadeMinimizer.cc: 216 -- Minimization success! status=0
INFO: (function: generateAsimov) ToyMCSamplerOpt.cc: 139 -- Using internal logic for binned/unbinned Asimov dataset generation
INFO: (function: generateWithHisto) ToyMCSamplerOpt.cc: 214 -- Generating asimov with histogram for pdf pdf_binfail_LOW_obsOnly: in 5 x-bins
INFO: (function: generateWithHisto) ToyMCSamplerOpt.cc: 215 -- , in 1 y-bins
INFO: (function: generateAsimov) ToyMCSamplerOpt.cc: 139 -- Using internal logic for binned/unbinned Asimov dataset generation
INFO: (function: generateWithHisto) ToyMCSamplerOpt.cc: 214 -- Generating asimov with histogram for pdf pdf_binfail_SIG_obsOnly: in 4 x-bins
INFO: (function: generateWithHisto) ToyMCSamplerOpt.cc: 215 -- , in 1 y-bins
INFO: (function: generateAsimov) ToyMCSamplerOpt.cc: 139 -- Using internal logic for binned/unbinned Asimov dataset generation
INFO: (function: generateWithHisto) ToyMCSamplerOpt.cc: 214 -- Generating asimov with histogram for pdf pdf_binpass_LOW_obsOnly: in 5 x-bins
INFO: (function: generateWithHisto) ToyMCSamplerOpt.cc: 215 -- , in 1 y-bins
INFO: (function: generateAsimov) ToyMCSamplerOpt.cc: 139 -- Using internal logic for binned/unbinned Asimov dataset generation
INFO: (function: generateWithHisto) ToyMCSamplerOpt.cc: 214 -- Generating asimov with histogram for pdf pdf_binpass_SIG_obsOnly: in 4 x-bins
INFO: (function: generateWithHisto) ToyMCSamplerOpt.cc: 215 -- , in 1 y-bins
INFO: (function: runLimitExpected) AsymptoticLimits.cc: 436 -- Median for expected limits = 0.15332 (Sigma for expected limits = 0.0782261)
INFO: (function: runLimit) AsymptoticLimits.cc: 193 -- NLL at global minimum of data = -76497.1 (r=0.0359935)
INFO: (function: runLimit) AsymptoticLimits.cc: 213 -- NLL at global minimum of asimov = -76500.9 (r=1.95932e-05)
INFO: (function: getCLs) AsymptoticLimits.cc: 343 -- At r = 1.235994:	q_mu = 34.61528	q_A  = 38.59791	CLsb = 0.00000	CLb  = 0.62902	CLs  = 0.00000
INFO: (function: getCLs) AsymptoticLimits.cc: 343 -- At r = 0.635994:	q_mu = 16.28687	q_A  = 19.61062	CLsb = 0.00003	CLb  = 0.65272	CLs  = 0.00004
INFO: (function: getCLs) AsymptoticLimits.cc: 343 -- At r = 0.335994:	q_mu = 7.09690	q_A  = 9.76168	CLsb = 0.00386	CLb  = 0.67737	CLs  = 0.00570
INFO: (function: getCLs) AsymptoticLimits.cc: 343 -- At r = 0.185994:	q_mu = 2.81932	q_A  = 4.87077	CLsb = 0.04657	CLb  = 0.70122	CLs  = 0.06641
INFO: (function: getCLs) AsymptoticLimits.cc: 343 -- At r = 0.260994:	q_mu = 4.89831	q_A  = 7.30050	CLsb = 0.01344	CLb  = 0.68748	CLs  = 0.01955
INFO: (function: getCLs) AsymptoticLimits.cc: 343 -- At r = 0.214921:	q_mu = 3.60094	q_A  = 5.80182	CLsb = 0.02887	CLb  = 0.69535	CLs  = 0.04152
INFO: (function: getCLs) AsymptoticLimits.cc: 343 -- At r = 0.199981:	q_mu = 3.19337	q_A  = 5.31973	CLsb = 0.03697	CLb  = 0.69828	CLs  = 0.05294
INFO: (function: getCLs) AsymptoticLimits.cc: 343 -- At r = 0.205782:	q_mu = 3.35072	q_A  = 5.50664	CLsb = 0.03359	CLb  = 0.69712	CLs  = 0.04818
INFO: (function: getCLs) AsymptoticLimits.cc: 343 -- At r = 0.202797:	q_mu = 3.26960	q_A  = 5.41042	CLsb = 0.03529	CLb  = 0.69771	CLs  = 0.05058
INFO: (function: getCLs) AsymptoticLimits.cc: 343 -- At r = 0.203958:	q_mu = 3.30111	q_A  = 5.44783	CLsb = 0.03462	CLb  = 0.69748	CLs  = 0.04963
INFO: (function: getCLs) AsymptoticLimits.cc: 343 -- At r = 0.203361:	q_mu = 3.28490	q_A  = 5.42859	CLsb = 0.03496	CLb  = 0.69760	CLs  = 0.05011
