INFO: (function: improveOnce) CascadeMinimizer.cc: 188 -- Minimisation configured with Type=Minuit2, Algo=Migrad, strategy=0, tolerance=0.1
INFO: (function: improveOnce) CascadeMinimizer.cc: 211 -- Minimisation finished with status=0
INFO: (function: improveOnce) CascadeMinimizer.cc: 216 -- Minimization success! status=0
INFO: (function: generateAsimov) ToyMCSamplerOpt.cc: 139 -- Using internal logic for binned/unbinned Asimov dataset generation
INFO: (function: generateWithHisto) ToyMCSamplerOpt.cc: 214 -- Generating asimov with histogram for pdf pdf_binfail_LOW_obsOnly: in 6 x-bins
INFO: (function: generateWithHisto) ToyMCSamplerOpt.cc: 215 -- , in 1 y-bins
INFO: (function: generateAsimov) ToyMCSamplerOpt.cc: 139 -- Using internal logic for binned/unbinned Asimov dataset generation
INFO: (function: generateWithHisto) ToyMCSamplerOpt.cc: 214 -- Generating asimov with histogram for pdf pdf_binfail_SIG_obsOnly: in 3 x-bins
INFO: (function: generateWithHisto) ToyMCSamplerOpt.cc: 215 -- , in 1 y-bins
INFO: (function: generateAsimov) ToyMCSamplerOpt.cc: 139 -- Using internal logic for binned/unbinned Asimov dataset generation
INFO: (function: generateWithHisto) ToyMCSamplerOpt.cc: 214 -- Generating asimov with histogram for pdf pdf_binpass_LOW_obsOnly: in 6 x-bins
INFO: (function: generateWithHisto) ToyMCSamplerOpt.cc: 215 -- , in 1 y-bins
INFO: (function: generateAsimov) ToyMCSamplerOpt.cc: 139 -- Using internal logic for binned/unbinned Asimov dataset generation
INFO: (function: generateWithHisto) ToyMCSamplerOpt.cc: 214 -- Generating asimov with histogram for pdf pdf_binpass_SIG_obsOnly: in 3 x-bins
INFO: (function: generateWithHisto) ToyMCSamplerOpt.cc: 215 -- , in 1 y-bins
INFO: (function: runLimitExpected) AsymptoticLimits.cc: 436 -- Median for expected limits = 619 (Sigma for expected limits = 315.822)
INFO: (function: runLimit) AsymptoticLimits.cc: 193 -- NLL at global minimum of data = -60510.4 (r=346.71)
INFO: (function: runLimit) AsymptoticLimits.cc: 213 -- NLL at global minimum of asimov = -60511.3 (r=0.908958)
INFO: (function: getCLs) AsymptoticLimits.cc: 343 -- At r = 1212.676093:	q_mu = 2.89673	q_A  = 7.58909	CLsb = 0.04438	CLb  = 0.85380	CLs  = 0.05198
INFO: (function: getCLs) AsymptoticLimits.cc: 343 -- At r = 2425.352187:	q_mu = 7.99261	q_A  = 13.93194	CLsb = 0.00235	CLb  = 0.81738	CLs  = 0.00287
INFO: (function: getCLs) AsymptoticLimits.cc: 343 -- At r = 1386.030938:	q_mu = 3.64381	q_A  = 8.59446	CLsb = 0.02814	CLb  = 0.84679	CLs  = 0.03323
INFO: (function: getCLs) AsymptoticLimits.cc: 343 -- At r = 866.370314:	q_mu = 1.44832	q_A  = 5.46019	CLsb = 0.11440	CLb  = 0.87144	CLs  = 0.13128
INFO: (function: getCLs) AsymptoticLimits.cc: 343 -- At r = 1158.466809:	q_mu = 2.66450	q_A  = 7.26656	CLsb = 0.05130	CLb  = 0.85618	CLs  = 0.05992
INFO: (function: getCLs) AsymptoticLimits.cc: 343 -- At r = 1259.878710:	q_mu = 3.09967	q_A  = 7.86667	CLsb = 0.03915	CLb  = 0.85180	CLs  = 0.04597
INFO: (function: getCLs) AsymptoticLimits.cc: 343 -- At r = 1213.859621:	q_mu = 2.90180	q_A  = 7.59603	CLsb = 0.04424	CLb  = 0.85374	CLs  = 0.05182
INFO: (function: getCLs) AsymptoticLimits.cc: 343 -- At r = 1234.041200:	q_mu = 2.98852	q_A  = 7.71511	CLsb = 0.04193	CLb  = 0.85288	CLs  = 0.04916
INFO: (function: getCLs) AsymptoticLimits.cc: 343 -- At r = 1224.816308:	q_mu = 2.94886	q_A  = 7.66074	CLsb = 0.04297	CLb  = 0.85327	CLs  = 0.05036
INFO: (function: getCLs) AsymptoticLimits.cc: 343 -- At r = 1228.848808:	q_mu = 2.96619	q_A  = 7.68452	CLsb = 0.04251	CLb  = 0.85310	CLs  = 0.04983
