INFO: (function: improveOnce) CascadeMinimizer.cc: 188 -- Minimisation configured with Type=Minuit2, Algo=Migrad, strategy=0, tolerance=0.1
INFO: (function: improveOnce) CascadeMinimizer.cc: 211 -- Minimisation finished with status=0
INFO: (function: improveOnce) CascadeMinimizer.cc: 216 -- Minimization success! status=0
INFO: (function: generateAsimov) ToyMCSamplerOpt.cc: 139 -- Using internal logic for binned/unbinned Asimov dataset generation
INFO: (function: generateWithHisto) ToyMCSamplerOpt.cc: 214 -- Generating asimov with histogram for pdf pdf_binfail_LOW_obsOnly: in 5 x-bins
INFO: (function: generateWithHisto) ToyMCSamplerOpt.cc: 215 -- , in 1 y-bins
INFO: (function: generateAsimov) ToyMCSamplerOpt.cc: 139 -- Using internal logic for binned/unbinned Asimov dataset generation
INFO: (function: generateWithHisto) ToyMCSamplerOpt.cc: 214 -- Generating asimov with histogram for pdf pdf_binfail_SIG_obsOnly: in 3 x-bins
INFO: (function: generateWithHisto) ToyMCSamplerOpt.cc: 215 -- , in 1 y-bins
INFO: (function: generateAsimov) ToyMCSamplerOpt.cc: 139 -- Using internal logic for binned/unbinned Asimov dataset generation
INFO: (function: generateWithHisto) ToyMCSamplerOpt.cc: 214 -- Generating asimov with histogram for pdf pdf_binpass_LOW_obsOnly: in 5 x-bins
INFO: (function: generateWithHisto) ToyMCSamplerOpt.cc: 215 -- , in 1 y-bins
INFO: (function: generateAsimov) ToyMCSamplerOpt.cc: 139 -- Using internal logic for binned/unbinned Asimov dataset generation
INFO: (function: generateWithHisto) ToyMCSamplerOpt.cc: 214 -- Generating asimov with histogram for pdf pdf_binpass_SIG_obsOnly: in 3 x-bins
INFO: (function: generateWithHisto) ToyMCSamplerOpt.cc: 215 -- , in 1 y-bins
INFO: (function: runLimitExpected) AsymptoticLimits.cc: 436 -- Median for expected limits = 0.175293 (Sigma for expected limits = 0.0894368)
INFO: (function: runLimit) AsymptoticLimits.cc: 193 -- NLL at global minimum of data = -13236.8 (r=6.78829e-09)
INFO: (function: runLimit) AsymptoticLimits.cc: 213 -- NLL at global minimum of asimov = -13255.8 (r=2.39586e-12)
INFO: (function: getCLs) AsymptoticLimits.cc: 343 -- At r = 1.200000:	q_mu = 55.61071	q_A  = 56.63809	CLsb = 0.00000	CLb  = 0.52733	CLs  = 0.00000
INFO: (function: getCLs) AsymptoticLimits.cc: 343 -- At r = 0.600000:	q_mu = 22.77852	q_A  = 23.32730	CLsb = 0.00000	CLb  = 0.52279	CLs  = 0.00000
INFO: (function: getCLs) AsymptoticLimits.cc: 343 -- At r = 0.300000:	q_mu = 8.92791	q_A  = 8.85707	CLsb = 0.00140	CLb  = 0.49525	CLs  = 0.00284
INFO: (function: getCLs) AsymptoticLimits.cc: 343 -- At r = 0.150000:	q_mu = 3.54871	q_A  = 3.01784	CLsb = 0.02938	CLb  = 0.43928	CLs  = 0.06688
INFO: (function: getCLs) AsymptoticLimits.cc: 343 -- At r = 0.225000:	q_mu = 5.98335	q_A  = 5.69792	CLsb = 0.00721	CLb  = 0.47616	CLs  = 0.01513
INFO: (function: getCLs) AsymptoticLimits.cc: 343 -- At r = 0.176746:	q_mu = 4.33291	q_A  = 3.89422	CLsb = 0.01856	CLb  = 0.45575	CLs  = 0.04072
INFO: (function: getCLs) AsymptoticLimits.cc: 343 -- At r = 0.162541:	q_mu = 3.90117	q_A  = 3.41491	CLsb = 0.02388	CLb  = 0.44766	CLs  = 0.05334
INFO: (function: getCLs) AsymptoticLimits.cc: 343 -- At r = 0.168104:	q_mu = 4.06649	q_A  = 3.59907	CLsb = 0.02168	CLb  = 0.45098	CLs  = 0.04806
INFO: (function: getCLs) AsymptoticLimits.cc: 343 -- At r = 0.165304:	q_mu = 3.98257	q_A  = 3.50568	CLsb = 0.02277	CLb  = 0.44933	CLs  = 0.05067
INFO: (function: getCLs) AsymptoticLimits.cc: 343 -- At r = 0.166427:	q_mu = 4.01612	q_A  = 3.54298	CLsb = 0.02232	CLb  = 0.44999	CLs  = 0.04961
INFO: (function: getCLs) AsymptoticLimits.cc: 343 -- At r = 0.165868:	q_mu = 3.99936	q_A  = 3.52441	CLsb = 0.02254	CLb  = 0.44967	CLs  = 0.05013
