INFO: (function: improveOnce) CascadeMinimizer.cc: 188 -- Minimisation configured with Type=Minuit2, Algo=Migrad, strategy=0, tolerance=0.1
INFO: (function: improveOnce) CascadeMinimizer.cc: 211 -- Minimisation finished with status=0
INFO: (function: improveOnce) CascadeMinimizer.cc: 216 -- Minimization success! status=0
INFO: (function: generateAsimov) ToyMCSamplerOpt.cc: 139 -- Using internal logic for binned/unbinned Asimov dataset generation
INFO: (function: generateWithHisto) ToyMCSamplerOpt.cc: 214 -- Generating asimov with histogram for pdf pdf_binfail_LOW_obsOnly: in 6 x-bins
INFO: (function: generateWithHisto) ToyMCSamplerOpt.cc: 215 -- , in 1 y-bins
INFO: (function: generateAsimov) ToyMCSamplerOpt.cc: 139 -- Using internal logic for binned/unbinned Asimov dataset generation
INFO: (function: generateWithHisto) ToyMCSamplerOpt.cc: 214 -- Generating asimov with histogram for pdf pdf_binfail_SIG_obsOnly: in 2 x-bins
INFO: (function: generateWithHisto) ToyMCSamplerOpt.cc: 215 -- , in 1 y-bins
INFO: (function: generateAsimov) ToyMCSamplerOpt.cc: 139 -- Using internal logic for binned/unbinned Asimov dataset generation
INFO: (function: generateWithHisto) ToyMCSamplerOpt.cc: 214 -- Generating asimov with histogram for pdf pdf_binpass_LOW_obsOnly: in 6 x-bins
INFO: (function: generateWithHisto) ToyMCSamplerOpt.cc: 215 -- , in 1 y-bins
INFO: (function: generateAsimov) ToyMCSamplerOpt.cc: 139 -- Using internal logic for binned/unbinned Asimov dataset generation
INFO: (function: generateWithHisto) ToyMCSamplerOpt.cc: 214 -- Generating asimov with histogram for pdf pdf_binpass_SIG_obsOnly: in 2 x-bins
INFO: (function: generateWithHisto) ToyMCSamplerOpt.cc: 215 -- , in 1 y-bins
INFO: (function: runLimitExpected) AsymptoticLimits.cc: 436 -- Median for expected limits = 6.125 (Sigma for expected limits = 3.12506)
INFO: (function: runLimit) AsymptoticLimits.cc: 193 -- NLL at global minimum of data = -960366 (r=2.82481)
INFO: (function: runLimit) AsymptoticLimits.cc: 213 -- NLL at global minimum of asimov = -960370 (r=0.0159836)
INFO: (function: getCLs) AsymptoticLimits.cc: 343 -- At r = 10.282700:	q_mu = 4.50124	q_A  = 8.53678	CLsb = 0.01694	CLb  = 0.78819	CLs  = 0.02149
INFO: (function: getCLs) AsymptoticLimits.cc: 343 -- At r = 6.553754:	q_mu = 1.34396	q_A  = 4.28633	CLsb = 0.12317	CLb  = 0.81887	CLs  = 0.15041
INFO: (function: getCLs) AsymptoticLimits.cc: 343 -- At r = 8.418227:	q_mu = 2.76485	q_A  = 6.32330	CLsb = 0.04818	CLb  = 0.80285	CLs  = 0.06001
INFO: (function: getCLs) AsymptoticLimits.cc: 343 -- At r = 9.056110:	q_mu = 3.32797	q_A  = 7.06320	CLsb = 0.03406	CLb  = 0.79769	CLs  = 0.04269
INFO: (function: getCLs) AsymptoticLimits.cc: 343 -- At r = 8.691721:	q_mu = 3.00202	q_A  = 6.63812	CLsb = 0.04158	CLb  = 0.80062	CLs  = 0.05194
INFO: (function: getCLs) AsymptoticLimits.cc: 343 -- At r = 8.821094:	q_mu = 3.11647	q_A  = 6.78832	CLsb = 0.03875	CLb  = 0.79957	CLs  = 0.04847
INFO: (function: getCLs) AsymptoticLimits.cc: 343 -- At r = 8.748580:	q_mu = 3.05215	q_A  = 6.70403	CLsb = 0.04032	CLb  = 0.80016	CLs  = 0.05038
INFO: (function: getCLs) AsymptoticLimits.cc: 343 -- At r = 8.774529:	q_mu = 3.07511	q_A  = 6.73416	CLsb = 0.03975	CLb  = 0.79995	CLs  = 0.04969
