INFO: (function: improveOnce) CascadeMinimizer.cc: 188 -- Minimisation configured with Type=Minuit2, Algo=Migrad, strategy=0, tolerance=0.1
INFO: (function: improveOnce) CascadeMinimizer.cc: 211 -- Minimisation finished with status=0
INFO: (function: improveOnce) CascadeMinimizer.cc: 216 -- Minimization success! status=0
INFO: (function: generateAsimov) ToyMCSamplerOpt.cc: 139 -- Using internal logic for binned/unbinned Asimov dataset generation
INFO: (function: generateWithHisto) ToyMCSamplerOpt.cc: 214 -- Generating asimov with histogram for pdf pdf_binfail_LOW_obsOnly: in 6 x-bins
INFO: (function: generateWithHisto) ToyMCSamplerOpt.cc: 215 -- , in 1 y-bins
INFO: (function: generateAsimov) ToyMCSamplerOpt.cc: 139 -- Using internal logic for binned/unbinned Asimov dataset generation
INFO: (function: generateWithHisto) ToyMCSamplerOpt.cc: 214 -- Generating asimov with histogram for pdf pdf_binfail_SIG_obsOnly: in 8 x-bins
INFO: (function: generateWithHisto) ToyMCSamplerOpt.cc: 215 -- , in 1 y-bins
INFO: (function: generateAsimov) ToyMCSamplerOpt.cc: 139 -- Using internal logic for binned/unbinned Asimov dataset generation
INFO: (function: generateWithHisto) ToyMCSamplerOpt.cc: 214 -- Generating asimov with histogram for pdf pdf_binpass_LOW_obsOnly: in 6 x-bins
INFO: (function: generateWithHisto) ToyMCSamplerOpt.cc: 215 -- , in 1 y-bins
INFO: (function: generateAsimov) ToyMCSamplerOpt.cc: 139 -- Using internal logic for binned/unbinned Asimov dataset generation
INFO: (function: generateWithHisto) ToyMCSamplerOpt.cc: 214 -- Generating asimov with histogram for pdf pdf_binpass_SIG_obsOnly: in 8 x-bins
INFO: (function: generateWithHisto) ToyMCSamplerOpt.cc: 215 -- , in 1 y-bins
INFO: (function: runLimitExpected) AsymptoticLimits.cc: 436 -- Median for expected limits = 0.839844 (Sigma for expected limits = 0.4285)
INFO: (function: runLimit) AsymptoticLimits.cc: 193 -- NLL at global minimum of data = -777259 (r=2.56061e-06)
INFO: (function: runLimit) AsymptoticLimits.cc: 213 -- NLL at global minimum of asimov = -777245 (r=2.02061e-13)
INFO: (function: getCLs) AsymptoticLimits.cc: 343 -- At r = 1.200003:	q_mu = 7.22885	q_A  = 5.58306	CLsb = 0.00335	CLb  = 0.36382	CLs  = 0.00922
INFO: (function: getCLs) AsymptoticLimits.cc: 343 -- At r = 0.600003:	q_mu = 3.88442	q_A  = 2.64639	CLsb = 0.02236	CLb  = 0.35178	CLs  = 0.06356
INFO: (function: getCLs) AsymptoticLimits.cc: 343 -- At r = 0.900003:	q_mu = 5.60836	q_A  = 4.13065	CLsb = 0.00829	CLb  = 0.35810	CLs  = 0.02315
INFO: (function: getCLs) AsymptoticLimits.cc: 343 -- At r = 0.717018:	q_mu = 4.56982	q_A  = 3.22673	CLsb = 0.01500	CLb  = 0.35426	CLs  = 0.04233
INFO: (function: getCLs) AsymptoticLimits.cc: 343 -- At r = 0.655281:	q_mu = 4.21028	q_A  = 2.92065	CLsb = 0.01848	CLb  = 0.35297	CLs  = 0.05234
INFO: (function: getCLs) AsymptoticLimits.cc: 343 -- At r = 0.678288:	q_mu = 4.34483	q_A  = 3.03477	CLsb = 0.01708	CLb  = 0.35345	CLs  = 0.04834
INFO: (function: getCLs) AsymptoticLimits.cc: 343 -- At r = 0.665865:	q_mu = 4.27226	q_A  = 2.97316	CLsb = 0.01782	CLb  = 0.35320	CLs  = 0.05046
INFO: (function: getCLs) AsymptoticLimits.cc: 343 -- At r = 0.670452:	q_mu = 4.29908	q_A  = 2.99591	CLsb = 0.01754	CLb  = 0.35329	CLs  = 0.04966
INFO: (function: getCLs) AsymptoticLimits.cc: 343 -- At r = 0.667964:	q_mu = 4.28453	q_A  = 2.98357	CLsb = 0.01769	CLb  = 0.35324	CLs  = 0.05009
