INFO: (function: improveOnce) CascadeMinimizer.cc: 188 -- Minimisation configured with Type=Minuit2, Algo=Migrad, strategy=0, tolerance=0.1
INFO: (function: improveOnce) CascadeMinimizer.cc: 211 -- Minimisation finished with status=0
INFO: (function: improveOnce) CascadeMinimizer.cc: 216 -- Minimization success! status=0
INFO: (function: generateAsimov) ToyMCSamplerOpt.cc: 139 -- Using internal logic for binned/unbinned Asimov dataset generation
INFO: (function: generateWithHisto) ToyMCSamplerOpt.cc: 214 -- Generating asimov with histogram for pdf pdf_binfail_LOW_obsOnly: in 38 x-bins
INFO: (function: generateWithHisto) ToyMCSamplerOpt.cc: 215 -- , in 1 y-bins
INFO: (function: generateAsimov) ToyMCSamplerOpt.cc: 139 -- Using internal logic for binned/unbinned Asimov dataset generation
INFO: (function: generateWithHisto) ToyMCSamplerOpt.cc: 214 -- Generating asimov with histogram for pdf pdf_binfail_SIG_obsOnly: in 2 x-bins
INFO: (function: generateWithHisto) ToyMCSamplerOpt.cc: 215 -- , in 1 y-bins
INFO: (function: generateAsimov) ToyMCSamplerOpt.cc: 139 -- Using internal logic for binned/unbinned Asimov dataset generation
INFO: (function: generateWithHisto) ToyMCSamplerOpt.cc: 214 -- Generating asimov with histogram for pdf pdf_binpass_LOW_obsOnly: in 38 x-bins
INFO: (function: generateWithHisto) ToyMCSamplerOpt.cc: 215 -- , in 1 y-bins
INFO: (function: generateAsimov) ToyMCSamplerOpt.cc: 139 -- Using internal logic for binned/unbinned Asimov dataset generation
INFO: (function: generateWithHisto) ToyMCSamplerOpt.cc: 214 -- Generating asimov with histogram for pdf pdf_binpass_SIG_obsOnly: in 2 x-bins
INFO: (function: generateWithHisto) ToyMCSamplerOpt.cc: 215 -- , in 1 y-bins
DEBUG: (function: runLimitExpected) AsymptoticLimits.cc: 423 -- Best fit of asimov dataset is at r = 0.094053 (0.004703 times rMax), while it should be at zero
INFO: (function: runLimitExpected) AsymptoticLimits.cc: 436 -- Median for expected limits = 75.75 (Sigma for expected limits = 38.6487)
INFO: (function: runLimit) AsymptoticLimits.cc: 193 -- NLL at global minimum of data = -43224 (r=47.7225)
INFO: (function: runLimit) AsymptoticLimits.cc: 213 -- NLL at global minimum of asimov = -43232.5 (r=0.27845)
INFO: (function: getCLs) AsymptoticLimits.cc: 343 -- At r = 150.552519:	q_mu = 5.67293	q_A  = 12.49888	CLsb = 0.00861	CLb  = 0.87566	CLs  = 0.00984
INFO: (function: getCLs) AsymptoticLimits.cc: 343 -- At r = 99.137520:	q_mu = 1.63601	q_A  = 6.20953	CLsb = 0.10044	CLb  = 0.88740	CLs  = 0.11318
INFO: (function: getCLs) AsymptoticLimits.cc: 343 -- At r = 124.845019:	q_mu = 3.43254	q_A  = 9.20974	CLsb = 0.03196	CLb  = 0.88141	CLs  = 0.03626
INFO: (function: getCLs) AsymptoticLimits.cc: 343 -- At r = 113.899085:	q_mu = 2.60541	q_A  = 7.89046	CLsb = 0.05325	CLb  = 0.88393	CLs  = 0.06024
INFO: (function: getCLs) AsymptoticLimits.cc: 343 -- At r = 119.303052:	q_mu = 3.00308	q_A  = 8.53475	CLsb = 0.04155	CLb  = 0.88268	CLs  = 0.04708
INFO: (function: getCLs) AsymptoticLimits.cc: 343 -- At r = 117.165914:	q_mu = 2.84326	q_A  = 8.27825	CLsb = 0.04588	CLb  = 0.88317	CLs  = 0.05195
INFO: (function: getCLs) AsymptoticLimits.cc: 343 -- At r = 118.256888:	q_mu = 2.92442	q_A  = 8.40891	CLsb = 0.04362	CLb  = 0.88292	CLs  = 0.04941
INFO: (function: getCLs) AsymptoticLimits.cc: 343 -- At r = 117.831559:	q_mu = 2.89267	q_A  = 8.35789	CLsb = 0.04449	CLb  = 0.88302	CLs  = 0.05039
