INFO: (function: improveOnce) CascadeMinimizer.cc: 188 -- Minimisation configured with Type=Minuit2, Algo=Migrad, strategy=0, tolerance=0.1
INFO: (function: improveOnce) CascadeMinimizer.cc: 211 -- Minimisation finished with status=0
INFO: (function: improveOnce) CascadeMinimizer.cc: 216 -- Minimization success! status=0
INFO: (function: generateAsimov) ToyMCSamplerOpt.cc: 139 -- Using internal logic for binned/unbinned Asimov dataset generation
INFO: (function: generateWithHisto) ToyMCSamplerOpt.cc: 214 -- Generating asimov with histogram for pdf pdf_binfail_LOW_obsOnly: in 6 x-bins
INFO: (function: generateWithHisto) ToyMCSamplerOpt.cc: 215 -- , in 1 y-bins
INFO: (function: generateAsimov) ToyMCSamplerOpt.cc: 139 -- Using internal logic for binned/unbinned Asimov dataset generation
INFO: (function: generateWithHisto) ToyMCSamplerOpt.cc: 214 -- Generating asimov with histogram for pdf pdf_binfail_SIG_obsOnly: in 19 x-bins
INFO: (function: generateWithHisto) ToyMCSamplerOpt.cc: 215 -- , in 1 y-bins
INFO: (function: generateAsimov) ToyMCSamplerOpt.cc: 139 -- Using internal logic for binned/unbinned Asimov dataset generation
INFO: (function: generateWithHisto) ToyMCSamplerOpt.cc: 214 -- Generating asimov with histogram for pdf pdf_binpass_LOW_obsOnly: in 6 x-bins
INFO: (function: generateWithHisto) ToyMCSamplerOpt.cc: 215 -- , in 1 y-bins
INFO: (function: generateAsimov) ToyMCSamplerOpt.cc: 139 -- Using internal logic for binned/unbinned Asimov dataset generation
INFO: (function: generateWithHisto) ToyMCSamplerOpt.cc: 214 -- Generating asimov with histogram for pdf pdf_binpass_SIG_obsOnly: in 19 x-bins
INFO: (function: generateWithHisto) ToyMCSamplerOpt.cc: 215 -- , in 1 y-bins
INFO: (function: runLimitExpected) AsymptoticLimits.cc: 436 -- Median for expected limits = 0.162109 (Sigma for expected limits = 0.0827104)
INFO: (function: runLimit) AsymptoticLimits.cc: 193 -- NLL at global minimum of data = -146259 (r=8.4398e-09)
INFO: (function: runLimit) AsymptoticLimits.cc: 213 -- NLL at global minimum of asimov = -146238 (r=1.66275e-05)
INFO: (function: getCLs) AsymptoticLimits.cc: 343 -- At r = 1.200000:	q_mu = 38.93031	q_A  = 33.09271	CLsb = 0.00000	CLb  = 0.30594	CLs  = 0.00000
INFO: (function: getCLs) AsymptoticLimits.cc: 343 -- At r = 0.600000:	q_mu = 19.47069	q_A  = 15.84773	CLsb = 0.00000	CLb  = 0.32454	CLs  = 0.00001
INFO: (function: getCLs) AsymptoticLimits.cc: 343 -- At r = 0.300000:	q_mu = 9.73625	q_A  = 7.51763	CLsb = 0.00083	CLb  = 0.34289	CLs  = 0.00241
INFO: (function: getCLs) AsymptoticLimits.cc: 343 -- At r = 0.150000:	q_mu = 4.86827	q_A  = 3.52462	CLsb = 0.01270	CLb  = 0.36023	CLs  = 0.03526
INFO: (function: getCLs) AsymptoticLimits.cc: 343 -- At r = 0.075000:	q_mu = 2.43415	q_A  = 1.62921	CLsb = 0.05572	CLb  = 0.37626	CLs  = 0.14810
INFO: (function: getCLs) AsymptoticLimits.cc: 343 -- At r = 0.120395:	q_mu = 3.90745	q_A  = 2.76411	CLsb = 0.02241	CLb  = 0.36548	CLs  = 0.06131
INFO: (function: getCLs) AsymptoticLimits.cc: 343 -- At r = 0.135044:	q_mu = 4.38287	q_A  = 3.13873	CLsb = 0.01689	CLb  = 0.36275	CLs  = 0.04655
INFO: (function: getCLs) AsymptoticLimits.cc: 343 -- At r = 0.129072:	q_mu = 4.18907	q_A  = 2.98553	CLsb = 0.01894	CLb  = 0.36382	CLs  = 0.05206
INFO: (function: getCLs) AsymptoticLimits.cc: 343 -- At r = 0.131991:	q_mu = 4.28380	q_A  = 3.06034	CLsb = 0.01791	CLb  = 0.36329	CLs  = 0.04929
INFO: (function: getCLs) AsymptoticLimits.cc: 343 -- At r = 0.130795:	q_mu = 4.24498	q_A  = 3.02966	CLsb = 0.01832	CLb  = 0.36350	CLs  = 0.05040
INFO: (function: getCLs) AsymptoticLimits.cc: 343 -- At r = 0.131378:	q_mu = 4.26391	q_A  = 3.04462	CLsb = 0.01812	CLb  = 0.36340	CLs  = 0.04986
