INFO: (function: improveOnce) CascadeMinimizer.cc: 188 -- Minimisation configured with Type=Minuit2, Algo=Migrad, strategy=0, tolerance=0.1
INFO: (function: improveOnce) CascadeMinimizer.cc: 211 -- Minimisation finished with status=0
INFO: (function: improveOnce) CascadeMinimizer.cc: 216 -- Minimization success! status=0
INFO: (function: generateAsimov) ToyMCSamplerOpt.cc: 139 -- Using internal logic for binned/unbinned Asimov dataset generation
INFO: (function: generateWithHisto) ToyMCSamplerOpt.cc: 214 -- Generating asimov with histogram for pdf pdf_binfail_LOW_obsOnly: in 45 x-bins
INFO: (function: generateWithHisto) ToyMCSamplerOpt.cc: 215 -- , in 1 y-bins
INFO: (function: generateAsimov) ToyMCSamplerOpt.cc: 139 -- Using internal logic for binned/unbinned Asimov dataset generation
INFO: (function: generateWithHisto) ToyMCSamplerOpt.cc: 214 -- Generating asimov with histogram for pdf pdf_binfail_SIG_obsOnly: in 5 x-bins
INFO: (function: generateWithHisto) ToyMCSamplerOpt.cc: 215 -- , in 1 y-bins
INFO: (function: generateAsimov) ToyMCSamplerOpt.cc: 139 -- Using internal logic for binned/unbinned Asimov dataset generation
INFO: (function: generateWithHisto) ToyMCSamplerOpt.cc: 214 -- Generating asimov with histogram for pdf pdf_binpass_LOW_obsOnly: in 45 x-bins
INFO: (function: generateWithHisto) ToyMCSamplerOpt.cc: 215 -- , in 1 y-bins
INFO: (function: generateAsimov) ToyMCSamplerOpt.cc: 139 -- Using internal logic for binned/unbinned Asimov dataset generation
INFO: (function: generateWithHisto) ToyMCSamplerOpt.cc: 214 -- Generating asimov with histogram for pdf pdf_binpass_SIG_obsOnly: in 5 x-bins
INFO: (function: generateWithHisto) ToyMCSamplerOpt.cc: 215 -- , in 1 y-bins
INFO: (function: runLimitExpected) AsymptoticLimits.cc: 436 -- Median for expected limits = 3.71875 (Sigma for expected limits = 1.89736)
INFO: (function: runLimit) AsymptoticLimits.cc: 193 -- NLL at global minimum of data = -1010.77 (r=2.33952)
INFO: (function: runLimit) AsymptoticLimits.cc: 213 -- NLL at global minimum of asimov = -1020.98 (r=0.00140169)
INFO: (function: getCLs) AsymptoticLimits.cc: 343 -- At r = 8.161552:	q_mu = 7.11367	q_A  = 15.12914	CLsb = 0.00382	CLb  = 0.88924	CLs  = 0.00430
INFO: (function: getCLs) AsymptoticLimits.cc: 343 -- At r = 5.250536:	q_mu = 1.91245	q_A  = 6.84080	CLsb = 0.08335	CLb  = 0.89113	CLs  = 0.09353
INFO: (function: getCLs) AsymptoticLimits.cc: 343 -- At r = 6.706044:	q_mu = 4.14176	q_A  = 10.52435	CLsb = 0.02092	CLb  = 0.88667	CLs  = 0.02359
INFO: (function: getCLs) AsymptoticLimits.cc: 343 -- At r = 6.071065:	q_mu = 3.07026	q_A  = 8.82293	CLsb = 0.03987	CLb  = 0.88841	CLs  = 0.04488
INFO: (function: getCLs) AsymptoticLimits.cc: 343 -- At r = 5.810312:	q_mu = 2.67362	q_A  = 8.16604	CLsb = 0.05101	CLb  = 0.88924	CLs  = 0.05737
INFO: (function: getCLs) AsymptoticLimits.cc: 343 -- At r = 5.927059:	q_mu = 2.84789	q_A  = 8.45701	CLsb = 0.04575	CLb  = 0.88887	CLs  = 0.05147
INFO: (function: getCLs) AsymptoticLimits.cc: 343 -- At r = 5.980164:	q_mu = 2.92895	q_A  = 8.59115	CLsb = 0.04350	CLb  = 0.88870	CLs  = 0.04895
INFO: (function: getCLs) AsymptoticLimits.cc: 343 -- At r = 5.951558:	q_mu = 2.88516	q_A  = 8.51872	CLsb = 0.04470	CLb  = 0.88879	CLs  = 0.05029
