INFO: (function: improveOnce) CascadeMinimizer.cc: 188 -- Minimisation configured with Type=Minuit2, Algo=Migrad, strategy=0, tolerance=0.1
INFO: (function: improveOnce) CascadeMinimizer.cc: 211 -- Minimisation finished with status=0
INFO: (function: improveOnce) CascadeMinimizer.cc: 216 -- Minimization success! status=0
INFO: (function: generateAsimov) ToyMCSamplerOpt.cc: 139 -- Using internal logic for binned/unbinned Asimov dataset generation
INFO: (function: generateWithHisto) ToyMCSamplerOpt.cc: 214 -- Generating asimov with histogram for pdf pdf_binfail_LOW_obsOnly: in 5 x-bins
INFO: (function: generateWithHisto) ToyMCSamplerOpt.cc: 215 -- , in 1 y-bins
INFO: (function: generateAsimov) ToyMCSamplerOpt.cc: 139 -- Using internal logic for binned/unbinned Asimov dataset generation
INFO: (function: generateWithHisto) ToyMCSamplerOpt.cc: 214 -- Generating asimov with histogram for pdf pdf_binfail_SIG_obsOnly: in 6 x-bins
INFO: (function: generateWithHisto) ToyMCSamplerOpt.cc: 215 -- , in 1 y-bins
INFO: (function: generateAsimov) ToyMCSamplerOpt.cc: 139 -- Using internal logic for binned/unbinned Asimov dataset generation
INFO: (function: generateWithHisto) ToyMCSamplerOpt.cc: 214 -- Generating asimov with histogram for pdf pdf_binpass_LOW_obsOnly: in 5 x-bins
INFO: (function: generateWithHisto) ToyMCSamplerOpt.cc: 215 -- , in 1 y-bins
INFO: (function: generateAsimov) ToyMCSamplerOpt.cc: 139 -- Using internal logic for binned/unbinned Asimov dataset generation
INFO: (function: generateWithHisto) ToyMCSamplerOpt.cc: 214 -- Generating asimov with histogram for pdf pdf_binpass_SIG_obsOnly: in 6 x-bins
INFO: (function: generateWithHisto) ToyMCSamplerOpt.cc: 215 -- , in 1 y-bins
INFO: (function: runLimitExpected) AsymptoticLimits.cc: 436 -- Median for expected limits = 2.92188 (Sigma for expected limits = 1.49078)
INFO: (function: runLimit) AsymptoticLimits.cc: 193 -- NLL at global minimum of data = -786467 (r=8.06186e-10)
INFO: (function: runLimit) AsymptoticLimits.cc: 213 -- NLL at global minimum of asimov = -786477 (r=1.66533e-14)
INFO: (function: getCLs) AsymptoticLimits.cc: 343 -- At r = 1.200000:	q_mu = 2.48017	q_A  = 1.48267	CLsb = 0.05184	CLb  = 0.34105	CLs  = 0.15201
INFO: (function: getCLs) AsymptoticLimits.cc: 343 -- At r = 2.400000:	q_mu = 4.34996	q_A  = 3.16085	CLsb = 0.01733	CLb  = 0.36903	CLs  = 0.04696
INFO: (function: getCLs) AsymptoticLimits.cc: 343 -- At r = 1.200000:	q_mu = 2.48017	q_A  = 1.48267	CLsb = 0.05184	CLb  = 0.34105	CLs  = 0.15201
INFO: (function: getCLs) AsymptoticLimits.cc: 343 -- At r = 1.800000:	q_mu = 3.46338	q_A  = 2.34487	CLsb = 0.02895	CLb  = 0.35748	CLs  = 0.08097
INFO: (function: getCLs) AsymptoticLimits.cc: 343 -- At r = 2.224771:	q_mu = 4.09949	q_A  = 2.92749	CLsb = 0.02001	CLb  = 0.36599	CLs  = 0.05468
INFO: (function: getCLs) AsymptoticLimits.cc: 343 -- At r = 2.307214:	q_mu = 4.21814	q_A  = 3.03779	CLsb = 0.01869	CLb  = 0.36745	CLs  = 0.05087
INFO: (function: getCLs) AsymptoticLimits.cc: 343 -- At r = 2.341795:	q_mu = 4.26747	q_A  = 3.08378	CLsb = 0.01817	CLb  = 0.36805	CLs  = 0.04937
INFO: (function: getCLs) AsymptoticLimits.cc: 343 -- At r = 2.323152:	q_mu = 4.24091	q_A  = 3.05899	CLsb = 0.01845	CLb  = 0.36773	CLs  = 0.05017
INFO: (function: getCLs) AsymptoticLimits.cc: 343 -- At r = 2.330052:	q_mu = 4.25075	q_A  = 3.06817	CLsb = 0.01835	CLb  = 0.36785	CLs  = 0.04987
