INFO: (function: improveOnce) CascadeMinimizer.cc: 188 -- Minimisation configured with Type=Minuit2, Algo=Migrad, strategy=0, tolerance=0.1
INFO: (function: improveOnce) CascadeMinimizer.cc: 211 -- Minimisation finished with status=0
INFO: (function: improveOnce) CascadeMinimizer.cc: 216 -- Minimization success! status=0
INFO: (function: generateAsimov) ToyMCSamplerOpt.cc: 139 -- Using internal logic for binned/unbinned Asimov dataset generation
INFO: (function: generateWithHisto) ToyMCSamplerOpt.cc: 214 -- Generating asimov with histogram for pdf pdf_binfail_LOW_obsOnly: in 6 x-bins
INFO: (function: generateWithHisto) ToyMCSamplerOpt.cc: 215 -- , in 1 y-bins
INFO: (function: generateAsimov) ToyMCSamplerOpt.cc: 139 -- Using internal logic for binned/unbinned Asimov dataset generation
INFO: (function: generateWithHisto) ToyMCSamplerOpt.cc: 214 -- Generating asimov with histogram for pdf pdf_binfail_SIG_obsOnly: in 2 x-bins
INFO: (function: generateWithHisto) ToyMCSamplerOpt.cc: 215 -- , in 1 y-bins
INFO: (function: generateAsimov) ToyMCSamplerOpt.cc: 139 -- Using internal logic for binned/unbinned Asimov dataset generation
INFO: (function: generateWithHisto) ToyMCSamplerOpt.cc: 214 -- Generating asimov with histogram for pdf pdf_binpass_LOW_obsOnly: in 6 x-bins
INFO: (function: generateWithHisto) ToyMCSamplerOpt.cc: 215 -- , in 1 y-bins
INFO: (function: generateAsimov) ToyMCSamplerOpt.cc: 139 -- Using internal logic for binned/unbinned Asimov dataset generation
INFO: (function: generateWithHisto) ToyMCSamplerOpt.cc: 214 -- Generating asimov with histogram for pdf pdf_binpass_SIG_obsOnly: in 2 x-bins
INFO: (function: generateWithHisto) ToyMCSamplerOpt.cc: 215 -- , in 1 y-bins
INFO: (function: runLimitExpected) AsymptoticLimits.cc: 436 -- Median for expected limits = 0.0820312 (Sigma for expected limits = 0.0418534)
INFO: (function: runLimit) AsymptoticLimits.cc: 193 -- NLL at global minimum of data = -11097.9 (r=0.0309388)
INFO: (function: runLimit) AsymptoticLimits.cc: 213 -- NLL at global minimum of asimov = -11107.4 (r=2.49145e-06)
INFO: (function: getCLs) AsymptoticLimits.cc: 343 -- At r = 1.230939:	q_mu = 19.07705	q_A  = 24.65547	CLsb = 0.00001	CLb  = 0.72498	CLs  = 0.00001
INFO: (function: getCLs) AsymptoticLimits.cc: 343 -- At r = 0.630939:	q_mu = 12.16539	q_A  = 17.20226	CLsb = 0.00024	CLb  = 0.74527	CLs  = 0.00033
INFO: (function: getCLs) AsymptoticLimits.cc: 343 -- At r = 0.330939:	q_mu = 7.10694	q_A  = 11.54591	CLsb = 0.00384	CLb  = 0.76793	CLs  = 0.00500
INFO: (function: getCLs) AsymptoticLimits.cc: 343 -- At r = 0.180939:	q_mu = 3.70909	q_A  = 7.50872	CLsb = 0.02706	CLb  = 0.79226	CLs  = 0.03415
INFO: (function: getCLs) AsymptoticLimits.cc: 343 -- At r = 0.105939:	q_mu = 1.68580	q_A  = 4.83970	CLsb = 0.09708	CLb  = 0.81635	CLs  = 0.11892
INFO: (function: getCLs) AsymptoticLimits.cc: 343 -- At r = 0.147607:	q_mu = 2.83482	q_A  = 6.39847	CLsb = 0.04612	CLb  = 0.80118	CLs  = 0.05757
INFO: (function: getCLs) AsymptoticLimits.cc: 343 -- At r = 0.161471:	q_mu = 3.20405	q_A  = 6.87316	CLsb = 0.03673	CLb  = 0.79721	CLs  = 0.04607
INFO: (function: getCLs) AsymptoticLimits.cc: 343 -- At r = 0.154623:	q_mu = 3.02264	q_A  = 6.64113	CLsb = 0.04105	CLb  = 0.79911	CLs  = 0.05138
INFO: (function: getCLs) AsymptoticLimits.cc: 343 -- At r = 0.157357:	q_mu = 3.09526	q_A  = 6.73431	CLsb = 0.03926	CLb  = 0.79834	CLs  = 0.04918
INFO: (function: getCLs) AsymptoticLimits.cc: 343 -- At r = 0.155980:	q_mu = 3.05874	q_A  = 6.68748	CLsb = 0.04015	CLb  = 0.79873	CLs  = 0.05027
INFO: (function: getCLs) AsymptoticLimits.cc: 343 -- At r = 0.156525:	q_mu = 3.07320	q_A  = 6.70604	CLsb = 0.03980	CLb  = 0.79858	CLs  = 0.04983
