INFO: (function: improveOnce) CascadeMinimizer.cc: 188 -- Minimisation configured with Type=Minuit2, Algo=Migrad, strategy=0, tolerance=0.1
INFO: (function: improveOnce) CascadeMinimizer.cc: 211 -- Minimisation finished with status=0
INFO: (function: improveOnce) CascadeMinimizer.cc: 216 -- Minimization success! status=0
INFO: (function: generateAsimov) ToyMCSamplerOpt.cc: 139 -- Using internal logic for binned/unbinned Asimov dataset generation
INFO: (function: generateWithHisto) ToyMCSamplerOpt.cc: 214 -- Generating asimov with histogram for pdf pdf_binfail_LOW_obsOnly: in 5 x-bins
INFO: (function: generateWithHisto) ToyMCSamplerOpt.cc: 215 -- , in 1 y-bins
INFO: (function: generateAsimov) ToyMCSamplerOpt.cc: 139 -- Using internal logic for binned/unbinned Asimov dataset generation
INFO: (function: generateWithHisto) ToyMCSamplerOpt.cc: 214 -- Generating asimov with histogram for pdf pdf_binfail_SIG_obsOnly: in 4 x-bins
INFO: (function: generateWithHisto) ToyMCSamplerOpt.cc: 215 -- , in 1 y-bins
INFO: (function: generateAsimov) ToyMCSamplerOpt.cc: 139 -- Using internal logic for binned/unbinned Asimov dataset generation
INFO: (function: generateWithHisto) ToyMCSamplerOpt.cc: 214 -- Generating asimov with histogram for pdf pdf_binpass_LOW_obsOnly: in 5 x-bins
INFO: (function: generateWithHisto) ToyMCSamplerOpt.cc: 215 -- , in 1 y-bins
INFO: (function: generateAsimov) ToyMCSamplerOpt.cc: 139 -- Using internal logic for binned/unbinned Asimov dataset generation
INFO: (function: generateWithHisto) ToyMCSamplerOpt.cc: 214 -- Generating asimov with histogram for pdf pdf_binpass_SIG_obsOnly: in 4 x-bins
INFO: (function: generateWithHisto) ToyMCSamplerOpt.cc: 215 -- , in 1 y-bins
INFO: (function: runLimitExpected) AsymptoticLimits.cc: 436 -- Median for expected limits = 0.00634766 (Sigma for expected limits = 0.00323866)
INFO: (function: runLimit) AsymptoticLimits.cc: 193 -- NLL at global minimum of data = -77595.8 (r=0.0011685)
INFO: (function: runLimit) AsymptoticLimits.cc: 213 -- NLL at global minimum of asimov = -77601.3 (r=2.21725e-10)
INFO: (function: getCLs) AsymptoticLimits.cc: 343 -- At r = 1.201168:	q_mu = 82.20197	q_A  = 86.16730	CLsb = 0.00000	CLb  = 0.58555	CLs  = 0.00000
INFO: (function: getCLs) AsymptoticLimits.cc: 343 -- At r = 0.601168:	q_mu = 62.13628	q_A  = 65.71228	CLsb = 0.00000	CLb  = 0.58849	CLs  = 0.00000
INFO: (function: getCLs) AsymptoticLimits.cc: 343 -- At r = 0.301168:	q_mu = 45.86306	q_A  = 49.25648	CLsb = 0.00000	CLb  = 0.59719	CLs  = 0.00000
INFO: (function: getCLs) AsymptoticLimits.cc: 343 -- At r = 0.151168:	q_mu = 32.46910	q_A  = 35.65051	CLsb = 0.00000	CLb  = 0.60743	CLs  = 0.00000
INFO: (function: getCLs) AsymptoticLimits.cc: 343 -- At r = 0.076168:	q_mu = 21.80616	q_A  = 24.74541	CLsb = 0.00000	CLb  = 0.61973	CLs  = 0.00000
INFO: (function: getCLs) AsymptoticLimits.cc: 343 -- At r = 0.038668:	q_mu = 13.69286	q_A  = 16.35398	CLsb = 0.00011	CLb  = 0.63443	CLs  = 0.00017
INFO: (function: getCLs) AsymptoticLimits.cc: 343 -- At r = 0.019918:	q_mu = 7.89402	q_A  = 10.23770	CLsb = 0.00248	CLb  = 0.65174	CLs  = 0.00381
INFO: (function: getCLs) AsymptoticLimits.cc: 343 -- At r = 0.010543:	q_mu = 4.08729	q_A  = 6.07803	CLsb = 0.02160	CLb  = 0.67136	CLs  = 0.03218
INFO: (function: getCLs) AsymptoticLimits.cc: 343 -- At r = 0.005856:	q_mu = 1.85821	q_A  = 3.47786	CLsb = 0.08642	CLb  = 0.69207	CLs  = 0.12486
INFO: (function: getCLs) AsymptoticLimits.cc: 343 -- At r = 0.008387:	q_mu = 3.08641	q_A  = 4.93782	CLsb = 0.03947	CLb  = 0.67914	CLs  = 0.05812
INFO: (function: getCLs) AsymptoticLimits.cc: 343 -- At r = 0.009258:	q_mu = 3.49633	q_A  = 5.40868	CLsb = 0.03075	CLb  = 0.67574	CLs  = 0.04551
INFO: (function: getCLs) AsymptoticLimits.cc: 343 -- At r = 0.008816:	q_mu = 3.28917	q_A  = 5.17149	CLsb = 0.03487	CLb  = 0.67742	CLs  = 0.05147
