INFO: (function: improveOnce) CascadeMinimizer.cc: 188 -- Minimisation configured with Type=Minuit2, Algo=Migrad, strategy=0, tolerance=0.1
INFO: (function: improveOnce) CascadeMinimizer.cc: 211 -- Minimisation finished with status=0
INFO: (function: improveOnce) CascadeMinimizer.cc: 216 -- Minimization success! status=0
INFO: (function: generateAsimov) ToyMCSamplerOpt.cc: 139 -- Using internal logic for binned/unbinned Asimov dataset generation
INFO: (function: generateWithHisto) ToyMCSamplerOpt.cc: 214 -- Generating asimov with histogram for pdf pdf_binfail_LOW_obsOnly: in 45 x-bins
INFO: (function: generateWithHisto) ToyMCSamplerOpt.cc: 215 -- , in 1 y-bins
INFO: (function: generateAsimov) ToyMCSamplerOpt.cc: 139 -- Using internal logic for binned/unbinned Asimov dataset generation
INFO: (function: generateWithHisto) ToyMCSamplerOpt.cc: 214 -- Generating asimov with histogram for pdf pdf_binfail_SIG_obsOnly: in 5 x-bins
INFO: (function: generateWithHisto) ToyMCSamplerOpt.cc: 215 -- , in 1 y-bins
INFO: (function: generateAsimov) ToyMCSamplerOpt.cc: 139 -- Using internal logic for binned/unbinned Asimov dataset generation
INFO: (function: generateWithHisto) ToyMCSamplerOpt.cc: 214 -- Generating asimov with histogram for pdf pdf_binpass_LOW_obsOnly: in 45 x-bins
INFO: (function: generateWithHisto) ToyMCSamplerOpt.cc: 215 -- , in 1 y-bins
INFO: (function: generateAsimov) ToyMCSamplerOpt.cc: 139 -- Using internal logic for binned/unbinned Asimov dataset generation
INFO: (function: generateWithHisto) ToyMCSamplerOpt.cc: 214 -- Generating asimov with histogram for pdf pdf_binpass_SIG_obsOnly: in 5 x-bins
INFO: (function: generateWithHisto) ToyMCSamplerOpt.cc: 215 -- , in 1 y-bins
DEBUG: (function: runLimitExpected) AsymptoticLimits.cc: 423 -- Best fit of asimov dataset is at r = 0.049829 (0.002491 times rMax), while it should be at zero
INFO: (function: runLimitExpected) AsymptoticLimits.cc: 436 -- Median for expected limits = 106.5 (Sigma for expected limits = 54.3377)
INFO: (function: runLimit) AsymptoticLimits.cc: 193 -- NLL at global minimum of data = -10892 (r=2.55944)
INFO: (function: runLimit) AsymptoticLimits.cc: 213 -- NLL at global minimum of asimov = -10904.6 (r=2.55944)
INFO: (function: getCLs) AsymptoticLimits.cc: 343 -- At r = 44.813791:	q_mu = 0.00000	q_A  = 0.00000	CLsb = 0.50000	CLb  = 0.50000	CLs  = 1.00000
INFO: (function: getCLs) AsymptoticLimits.cc: 343 -- At r = 89.627583:	q_mu = 0.00000	q_A  = 0.00000	CLsb = 0.50000	CLb  = 0.50000	CLs  = 1.00000
INFO: (function: getCLs) AsymptoticLimits.cc: 343 -- At r = 179.255165:	q_mu = 0.00000	q_A  = 0.00000	CLsb = 0.50000	CLb  = 0.50000	CLs  = 1.00000
INFO: (function: getCLs) AsymptoticLimits.cc: 343 -- At r = 358.510331:	q_mu = 0.00000	q_A  = 17.04189	CLsb = 0.50000	CLb  = 0.99998	CLs  = 0.50001
INFO: (function: getCLs) AsymptoticLimits.cc: 343 -- At r = 717.020661:	q_mu = 42.19447	q_A  = 69.73861	CLsb = 0.00000	CLb  = 0.96822	CLs  = 0.00000
INFO: (function: getCLs) AsymptoticLimits.cc: 343 -- At r = 359.790051:	q_mu = 0.00000	q_A  = 17.21011	CLsb = 0.50000	CLb  = 0.99998	CLs  = 0.50001
INFO: (function: getCLs) AsymptoticLimits.cc: 343 -- At r = 538.405356:	q_mu = 33.58187	q_A  = 43.59447	CLsb = 0.00000	CLb  = 0.79035	CLs  = 0.00000
INFO: (function: getCLs) AsymptoticLimits.cc: 343 -- At r = 449.097704:	q_mu = 8.98491	q_A  = 29.76602	CLsb = 0.00136	CLb  = 0.99302	CLs  = 0.00137
INFO: (function: getCLs) AsymptoticLimits.cc: 343 -- At r = 404.443877:	q_mu = 4.20684	q_A  = 23.29794	CLsb = 0.02013	CLb  = 0.99725	CLs  = 0.02019
INFO: (function: getCLs) AsymptoticLimits.cc: 343 -- At r = 382.116964:	q_mu = 1.95389	q_A  = 20.20275	CLsb = 0.08108	CLb  = 0.99902	CLs  = 0.08116
INFO: (function: getCLs) AsymptoticLimits.cc: 343 -- At r = 392.800918:	q_mu = 3.02010	q_A  = 21.67147	CLsb = 0.04112	CLb  = 0.99824	CLs  = 0.04119
INFO: (function: getCLs) AsymptoticLimits.cc: 343 -- At r = 388.222059:	q_mu = 2.56051	q_A  = 21.03917	CLsb = 0.05478	CLb  = 0.99859	CLs  = 0.05486
INFO: (function: getCLs) AsymptoticLimits.cc: 343 -- At r = 390.323531:	q_mu = 2.77087	q_A  = 21.32876	CLsb = 0.04800	CLb  = 0.99843	CLs  = 0.04807
INFO: (function: getCLs) AsymptoticLimits.cc: 343 -- At r = 389.402732:	q_mu = 2.67857	q_A  = 21.20174	CLsb = 0.05085	CLb  = 0.99850	CLs  = 0.05093
