 <<< Combine >>> 
>>> random number generator seed is 123456
>>> method used is FitDiagnostics
Warning: Did not find a parameter with name mask_pass_HIGH
Set Default Value of Parameter mask_pass_SIG To : 1
Set Default Value of Parameter r To : 1
>>> 1 out of 4 channels masked

SimNLL created with 0 channels, 0 generic constraints, 6 fast gaussian constraints, 0 fast poisson constraints, 0 fast group constraints, 
SimNLL created with 4 channels, 0 generic constraints, 6 fast gaussian constraints, 0 fast poisson constraints, 0 fast group constraints, 
>> Found 16 floating parameters
>> The following parameters are protected in the event of negative eigenvalues: r
>> Verifying eigenvalues are all positive (iteration 0)
Eigenvalue 15 : -0.00205996
 - 0.994723	r
 - 0.101059	systOnG
 - 0.0159959	systOnF
 - -0.00647385	systOnTrigger
 - -0.00385282	lumi
>> Attempt 0 failed, remove the variable with largest eigenvector component...
>> Dropping systOnG from the hessian
>> Verifying eigenvalues are all positive (iteration 1)
Eigenvalue 14 : -6.37143e-05
 - -0.999838	r
 - -0.0162399	systOnF
 - 0.00657498	systOnTrigger
 - 0.00391301	lumi
 - -0.000937885	pileup
>> Attempt 1 failed, remove the variable with largest eigenvector component...
>> Dropping systOnF from the hessian
>> Verifying eigenvalues are all positive (iteration 2)
Eigenvalue 13 : -1.1384e-05
 - 0.99997	r
 - -0.00657765	systOnTrigger
 - -0.00391459	lumi
 - 0.000938265	pileup
 - -4.64194e-05	Background_fail_par1
>> Attempt 2 failed, remove the variable with largest eigenvector component...
>> Dropping systOnTrigger from the hessian
>> Verifying eigenvalues are all positive (iteration 3)
Eigenvalue 12 : -3.10192e-06
 - -0.999992	r
 - 0.00391485	lumi
 - -0.000938326	pileup
 - 4.64538e-05	Background_fail_par1
 - 3.6381e-05	Background_fail_LOW_bin_1-1
>> Attempt 3 failed, remove the variable with largest eigenvector component...
>> Dropping lumi from the hessian
>> Verifying eigenvalues are all positive (iteration 4)
Eigenvalue 11 : -1.68325e-07
 - -1	r
 - -0.000938348	pileup
 - 4.64661e-05	Background_fail_par1
 - 3.63819e-05	Background_fail_LOW_bin_1-1
 - -2.91401e-05	Background_fail_par0
>> Attempt 4 failed, remove the variable with largest eigenvector component...
>> Dropping pileup from the hessian
>> Verifying eigenvalues are all positive (iteration 5)
>> All eigenvalues are positive
>> Inverting Hessian...
>> Matrix inverted
>> Note: the following parameters were dropped to make the covariance matrix pos-def:
     - systOnG
     - systOnF
     - systOnTrigger
     - lumi
     - pileup

 --- FitDiagnostics ---
Best fit r: 1.82411e-05  -1.82411e-05/+30  (68% CL)
Done in 0.00 min (cpu), 0.00 min (real)
