INFO: (function: improveOnce) CascadeMinimizer.cc: 188 -- Minimisation configured with Type=Minuit2, Algo=Migrad, strategy=0, tolerance=0.1
INFO: (function: improveOnce) CascadeMinimizer.cc: 211 -- Minimisation finished with status=0
INFO: (function: improveOnce) CascadeMinimizer.cc: 216 -- Minimization success! status=0
INFO: (function: generateAsimov) ToyMCSamplerOpt.cc: 139 -- Using internal logic for binned/unbinned Asimov dataset generation
INFO: (function: generateWithHisto) ToyMCSamplerOpt.cc: 214 -- Generating asimov with histogram for pdf pdf_binfail_LOW_obsOnly: in 6 x-bins
INFO: (function: generateWithHisto) ToyMCSamplerOpt.cc: 215 -- , in 1 y-bins
INFO: (function: generateAsimov) ToyMCSamplerOpt.cc: 139 -- Using internal logic for binned/unbinned Asimov dataset generation
INFO: (function: generateWithHisto) ToyMCSamplerOpt.cc: 214 -- Generating asimov with histogram for pdf pdf_binfail_SIG_obsOnly: in 3 x-bins
INFO: (function: generateWithHisto) ToyMCSamplerOpt.cc: 215 -- , in 1 y-bins
INFO: (function: generateAsimov) ToyMCSamplerOpt.cc: 139 -- Using internal logic for binned/unbinned Asimov dataset generation
INFO: (function: generateWithHisto) ToyMCSamplerOpt.cc: 214 -- Generating asimov with histogram for pdf pdf_binpass_LOW_obsOnly: in 6 x-bins
INFO: (function: generateWithHisto) ToyMCSamplerOpt.cc: 215 -- , in 1 y-bins
INFO: (function: generateAsimov) ToyMCSamplerOpt.cc: 139 -- Using internal logic for binned/unbinned Asimov dataset generation
INFO: (function: generateWithHisto) ToyMCSamplerOpt.cc: 214 -- Generating asimov with histogram for pdf pdf_binpass_SIG_obsOnly: in 3 x-bins
INFO: (function: generateWithHisto) ToyMCSamplerOpt.cc: 215 -- , in 1 y-bins
INFO: (function: runLimitExpected) AsymptoticLimits.cc: 436 -- Median for expected limits = 0.180176 (Sigma for expected limits = 0.0919281)
INFO: (function: runLimit) AsymptoticLimits.cc: 193 -- NLL at global minimum of data = -77555 (r=0.0545701)
INFO: (function: runLimit) AsymptoticLimits.cc: 213 -- NLL at global minimum of asimov = -77555.1 (r=8.94236e-05)
INFO: (function: getCLs) AsymptoticLimits.cc: 343 -- At r = 1.254570:	q_mu = 23.99793	q_A  = 28.06008	CLsb = 0.00000	CLb  = 0.65484	CLs  = 0.00000
INFO: (function: getCLs) AsymptoticLimits.cc: 343 -- At r = 0.654570:	q_mu = 11.67385	q_A  = 15.30757	CLsb = 0.00032	CLb  = 0.68998	CLs  = 0.00046
INFO: (function: getCLs) AsymptoticLimits.cc: 343 -- At r = 0.354570:	q_mu = 5.15623	q_A  = 8.18517	CLsb = 0.01158	CLb  = 0.72249	CLs  = 0.01603
INFO: (function: getCLs) AsymptoticLimits.cc: 343 -- At r = 0.204570:	q_mu = 2.04655	q_A  = 4.45211	CLsb = 0.07628	CLb  = 0.75157	CLs  = 0.10149
INFO: (function: getCLs) AsymptoticLimits.cc: 343 -- At r = 0.280602:	q_mu = 3.58080	q_A  = 6.35347	CLsb = 0.02923	CLb  = 0.73510	CLs  = 0.03976
INFO: (function: getCLs) AsymptoticLimits.cc: 343 -- At r = 0.250518:	q_mu = 2.95832	q_A  = 5.60232	CLsb = 0.04272	CLb  = 0.74117	CLs  = 0.05764
INFO: (function: getCLs) AsymptoticLimits.cc: 343 -- At r = 0.265746:	q_mu = 3.27148	q_A  = 5.98287	CLsb = 0.03525	CLb  = 0.73802	CLs  = 0.04776
INFO: (function: getCLs) AsymptoticLimits.cc: 343 -- At r = 0.259728:	q_mu = 3.14719	q_A  = 5.83255	CLsb = 0.03803	CLb  = 0.73925	CLs  = 0.05144
INFO: (function: getCLs) AsymptoticLimits.cc: 343 -- At r = 0.262774:	q_mu = 3.21003	q_A  = 5.90866	CLsb = 0.03659	CLb  = 0.73863	CLs  = 0.04954
INFO: (function: getCLs) AsymptoticLimits.cc: 343 -- At r = 0.261571:	q_mu = 3.18518	q_A  = 5.87859	CLsb = 0.03715	CLb  = 0.73887	CLs  = 0.05029
INFO: (function: getCLs) AsymptoticLimits.cc: 343 -- At r = 0.262180:	q_mu = 3.19776	q_A  = 5.89381	CLsb = 0.03687	CLb  = 0.73875	CLs  = 0.04991
