INFO: (function: improveOnce) CascadeMinimizer.cc: 188 -- Minimisation configured with Type=Minuit2, Algo=Migrad, strategy=0, tolerance=0.1
INFO: (function: improveOnce) CascadeMinimizer.cc: 211 -- Minimisation finished with status=0
INFO: (function: improveOnce) CascadeMinimizer.cc: 216 -- Minimization success! status=0
INFO: (function: generateAsimov) ToyMCSamplerOpt.cc: 139 -- Using internal logic for binned/unbinned Asimov dataset generation
INFO: (function: generateWithHisto) ToyMCSamplerOpt.cc: 214 -- Generating asimov with histogram for pdf pdf_binfail_LOW_obsOnly: in 6 x-bins
INFO: (function: generateWithHisto) ToyMCSamplerOpt.cc: 215 -- , in 1 y-bins
INFO: (function: generateAsimov) ToyMCSamplerOpt.cc: 139 -- Using internal logic for binned/unbinned Asimov dataset generation
INFO: (function: generateWithHisto) ToyMCSamplerOpt.cc: 214 -- Generating asimov with histogram for pdf pdf_binfail_SIG_obsOnly: in 4 x-bins
INFO: (function: generateWithHisto) ToyMCSamplerOpt.cc: 215 -- , in 1 y-bins
INFO: (function: generateAsimov) ToyMCSamplerOpt.cc: 139 -- Using internal logic for binned/unbinned Asimov dataset generation
INFO: (function: generateWithHisto) ToyMCSamplerOpt.cc: 214 -- Generating asimov with histogram for pdf pdf_binpass_LOW_obsOnly: in 6 x-bins
INFO: (function: generateWithHisto) ToyMCSamplerOpt.cc: 215 -- , in 1 y-bins
INFO: (function: generateAsimov) ToyMCSamplerOpt.cc: 139 -- Using internal logic for binned/unbinned Asimov dataset generation
INFO: (function: generateWithHisto) ToyMCSamplerOpt.cc: 214 -- Generating asimov with histogram for pdf pdf_binpass_SIG_obsOnly: in 4 x-bins
INFO: (function: generateWithHisto) ToyMCSamplerOpt.cc: 215 -- , in 1 y-bins
INFO: (function: runLimitExpected) AsymptoticLimits.cc: 436 -- Median for expected limits = 0.0151367 (Sigma for expected limits = 0.00772296)
INFO: (function: runLimit) AsymptoticLimits.cc: 193 -- NLL at global minimum of data = -28418.9 (r=0.00505025)
INFO: (function: runLimit) AsymptoticLimits.cc: 213 -- NLL at global minimum of asimov = -28435.7 (r=4.70015e-08)
INFO: (function: getCLs) AsymptoticLimits.cc: 343 -- At r = 1.205050:	q_mu = 441.37536	q_A  = 450.83936	CLsb = 0.00000	CLb  = 0.58864	CLs  = 0.00000
INFO: (function: getCLs) AsymptoticLimits.cc: 343 -- At r = 0.605050:	q_mu = 215.09169	q_A  = 223.92366	CLsb = 0.00000	CLb  = 0.61718	CLs  = 0.00000
INFO: (function: getCLs) AsymptoticLimits.cc: 343 -- At r = 0.305050:	q_mu = 101.99810	q_A  = 109.27307	CLsb = 0.00000	CLb  = 0.63832	CLs  = 0.00000
INFO: (function: getCLs) AsymptoticLimits.cc: 343 -- At r = 0.155050:	q_mu = 46.66604	q_A  = 52.69642	CLsb = 0.00000	CLb  = 0.66567	CLs  = 0.00000
INFO: (function: getCLs) AsymptoticLimits.cc: 343 -- At r = 0.080050:	q_mu = 20.39961	q_A  = 25.59086	CLsb = 0.00000	CLb  = 0.70614	CLs  = 0.00000
INFO: (function: getCLs) AsymptoticLimits.cc: 343 -- At r = 0.042550:	q_mu = 8.52731	q_A  = 12.86641	CLsb = 0.00175	CLb  = 0.74756	CLs  = 0.00234
INFO: (function: getCLs) AsymptoticLimits.cc: 343 -- At r = 0.023800:	q_mu = 3.39912	q_A  = 6.66445	CLsb = 0.03262	CLb  = 0.76971	CLs  = 0.04237
INFO: (function: getCLs) AsymptoticLimits.cc: 343 -- At r = 0.014425:	q_mu = 1.23139	q_A  = 3.67163	CLsb = 0.13357	CLb  = 0.79001	CLs  = 0.16907
INFO: (function: getCLs) AsymptoticLimits.cc: 343 -- At r = 0.019113:	q_mu = 2.25821	q_A  = 5.15259	CLsb = 0.06645	CLb  = 0.77852	CLs  = 0.08536
INFO: (function: getCLs) AsymptoticLimits.cc: 343 -- At r = 0.021977:	q_mu = 2.94483	q_A  = 6.07342	CLsb = 0.04308	CLb  = 0.77288	CLs  = 0.05573
INFO: (function: getCLs) AsymptoticLimits.cc: 343 -- At r = 0.022919:	q_mu = 3.17810	q_A  = 6.37854	CLsb = 0.03732	CLb  = 0.77121	CLs  = 0.04839
INFO: (function: getCLs) AsymptoticLimits.cc: 343 -- At r = 0.022556:	q_mu = 3.08769	q_A  = 6.26075	CLsb = 0.03944	CLb  = 0.77185	CLs  = 0.05110
