INFO: (function: improveOnce) CascadeMinimizer.cc: 188 -- Minimisation configured with Type=Minuit2, Algo=Migrad, strategy=0, tolerance=0.1
INFO: (function: improveOnce) CascadeMinimizer.cc: 211 -- Minimisation finished with status=0
INFO: (function: improveOnce) CascadeMinimizer.cc: 216 -- Minimization success! status=0
INFO: (function: generateAsimov) ToyMCSamplerOpt.cc: 139 -- Using internal logic for binned/unbinned Asimov dataset generation
INFO: (function: generateWithHisto) ToyMCSamplerOpt.cc: 214 -- Generating asimov with histogram for pdf pdf_binfail_LOW_obsOnly: in 5 x-bins
INFO: (function: generateWithHisto) ToyMCSamplerOpt.cc: 215 -- , in 1 y-bins
INFO: (function: generateAsimov) ToyMCSamplerOpt.cc: 139 -- Using internal logic for binned/unbinned Asimov dataset generation
INFO: (function: generateWithHisto) ToyMCSamplerOpt.cc: 214 -- Generating asimov with histogram for pdf pdf_binfail_SIG_obsOnly: in 6 x-bins
INFO: (function: generateWithHisto) ToyMCSamplerOpt.cc: 215 -- , in 1 y-bins
INFO: (function: generateAsimov) ToyMCSamplerOpt.cc: 139 -- Using internal logic for binned/unbinned Asimov dataset generation
INFO: (function: generateWithHisto) ToyMCSamplerOpt.cc: 214 -- Generating asimov with histogram for pdf pdf_binpass_LOW_obsOnly: in 5 x-bins
INFO: (function: generateWithHisto) ToyMCSamplerOpt.cc: 215 -- , in 1 y-bins
INFO: (function: generateAsimov) ToyMCSamplerOpt.cc: 139 -- Using internal logic for binned/unbinned Asimov dataset generation
INFO: (function: generateWithHisto) ToyMCSamplerOpt.cc: 214 -- Generating asimov with histogram for pdf pdf_binpass_SIG_obsOnly: in 6 x-bins
INFO: (function: generateWithHisto) ToyMCSamplerOpt.cc: 215 -- , in 1 y-bins
INFO: (function: runLimitExpected) AsymptoticLimits.cc: 436 -- Median for expected limits = 0.000488281 (Sigma for expected limits = 0.000249128)
DEBUG: (function: findExpectedLimitFromCrossing) AsymptoticLimits.cc: 678 -- fail search for crossing of r between 0.000000 and 0.000488
INFO: (function: runLimit) AsymptoticLimits.cc: 193 -- NLL at global minimum of data = -43587 (r=2.74444e-06)
INFO: (function: runLimit) AsymptoticLimits.cc: 213 -- NLL at global minimum of asimov = -43702.6 (r=2.38159e-08)
INFO: (function: getCLs) AsymptoticLimits.cc: 343 -- At r = 1.200003:	q_mu = 7730.31604	q_A  = 6248.29172	CLsb = 0.00000	CLb  = 0.00000	CLs  = 0.00000
INFO: (function: getCLs) AsymptoticLimits.cc: 343 -- At r = 0.600003:	q_mu = 2852.38288	q_A  = 2968.54337	CLsb = 0.00000	CLb  = 0.85918	CLs  = 0.00000
INFO: (function: getCLs) AsymptoticLimits.cc: 343 -- At r = 0.300003:	q_mu = 1334.28951	q_A  = 1433.34790	CLsb = 0.00000	CLb  = 0.90851	CLs  = 0.00000
INFO: (function: getCLs) AsymptoticLimits.cc: 343 -- At r = 0.150003:	q_mu = 617.24298	q_A  = 705.97829	CLsb = 0.00000	CLb  = 0.95782	CLs  = 0.00000
INFO: (function: getCLs) AsymptoticLimits.cc: 343 -- At r = 0.075003:	q_mu = 288.99670	q_A  = 333.59579	CLsb = 0.00000	CLb  = 0.89701	CLs  = 0.00000
INFO: (function: getCLs) AsymptoticLimits.cc: 343 -- At r = 0.037503:	q_mu = 131.24298	q_A  = 183.79580	CLsb = 0.00000	CLb  = 0.98218	CLs  = 0.00000
INFO: (function: getCLs) AsymptoticLimits.cc: 343 -- At r = 0.018753:	q_mu = 50.32013	q_A  = 111.16324	CLsb = 0.00000	CLb  = 0.99972	CLs  = 0.00000
INFO: (function: getCLs) AsymptoticLimits.cc: 343 -- At r = 0.009378:	q_mu = 14.65418	q_A  = 71.45343	CLsb = 0.00006	CLb  = 1.00000	CLs  = 0.00006
INFO: (function: getCLs) AsymptoticLimits.cc: 343 -- At r = 0.004690:	q_mu = 0.00000	q_A  = 46.49210	CLsb = 0.50000	CLb  = 1.00000	CLs  = 0.50000
INFO: (function: getCLs) AsymptoticLimits.cc: 343 -- At r = 0.007034:	q_mu = 4.13939	q_A  = 59.89594	CLsb = 0.02095	CLb  = 1.00000	CLs  = 0.02095
INFO: (function: getCLs) AsymptoticLimits.cc: 343 -- At r = 0.005862:	q_mu = 0.00000	q_A  = 53.48822	CLsb = 0.50000	CLb  = 1.00000	CLs  = 0.50000
INFO: (function: getCLs) AsymptoticLimits.cc: 343 -- At r = 0.006448:	q_mu = 1.28399	q_A  = 56.75546	CLsb = 0.12858	CLb  = 1.00000	CLs  = 0.12858
INFO: (function: getCLs) AsymptoticLimits.cc: 343 -- At r = 0.006692:	q_mu = 2.48716	q_A  = 58.07768	CLsb = 0.05739	CLb  = 1.00000	CLs  = 0.05739
