INFO: (function: improveOnce) CascadeMinimizer.cc: 188 -- Minimisation configured with Type=Minuit2, Algo=Migrad, strategy=0, tolerance=0.1
INFO: (function: improveOnce) CascadeMinimizer.cc: 211 -- Minimisation finished with status=0
INFO: (function: improveOnce) CascadeMinimizer.cc: 216 -- Minimization success! status=0
INFO: (function: generateAsimov) ToyMCSamplerOpt.cc: 139 -- Using internal logic for binned/unbinned Asimov dataset generation
INFO: (function: generateWithHisto) ToyMCSamplerOpt.cc: 214 -- Generating asimov with histogram for pdf pdf_binfail_LOW_obsOnly: in 1 x-bins
INFO: (function: generateWithHisto) ToyMCSamplerOpt.cc: 215 -- , in 1 y-bins
INFO: (function: generateAsimov) ToyMCSamplerOpt.cc: 139 -- Using internal logic for binned/unbinned Asimov dataset generation
INFO: (function: generateWithHisto) ToyMCSamplerOpt.cc: 214 -- Generating asimov with histogram for pdf pdf_binfail_SIG_obsOnly: in 1 x-bins
INFO: (function: generateWithHisto) ToyMCSamplerOpt.cc: 215 -- , in 1 y-bins
INFO: (function: generateAsimov) ToyMCSamplerOpt.cc: 139 -- Using internal logic for binned/unbinned Asimov dataset generation
INFO: (function: generateWithHisto) ToyMCSamplerOpt.cc: 214 -- Generating asimov with histogram for pdf pdf_binpass_LOW_obsOnly: in 1 x-bins
INFO: (function: generateWithHisto) ToyMCSamplerOpt.cc: 215 -- , in 1 y-bins
INFO: (function: generateAsimov) ToyMCSamplerOpt.cc: 139 -- Using internal logic for binned/unbinned Asimov dataset generation
INFO: (function: generateWithHisto) ToyMCSamplerOpt.cc: 214 -- Generating asimov with histogram for pdf pdf_binpass_SIG_obsOnly: in 1 x-bins
INFO: (function: generateWithHisto) ToyMCSamplerOpt.cc: 215 -- , in 1 y-bins
INFO: (function: runLimitExpected) AsymptoticLimits.cc: 436 -- Median for expected limits = 0.578125 (Sigma for expected limits = 0.294967)
INFO: (function: runLimit) AsymptoticLimits.cc: 193 -- NLL at global minimum of data = -77541.4 (r=0.178937)
INFO: (function: runLimit) AsymptoticLimits.cc: 213 -- NLL at global minimum of asimov = -77545 (r=0.00146464)
INFO: (function: getCLs) AsymptoticLimits.cc: 343 -- At r = 1.378937:	q_mu = 6.61621	q_A  = 10.01317	CLsb = 0.00505	CLb  = 0.72313	CLs  = 0.00699
INFO: (function: getCLs) AsymptoticLimits.cc: 343 -- At r = 0.778937:	q_mu = 2.70904	q_A  = 5.40299	CLsb = 0.04989	CLb  = 0.75128	CLs  = 0.06641
INFO: (function: getCLs) AsymptoticLimits.cc: 343 -- At r = 1.078937:	q_mu = 4.62870	q_A  = 7.72805	CLsb = 0.01572	CLb  = 0.73516	CLs  = 0.02138
INFO: (function: getCLs) AsymptoticLimits.cc: 343 -- At r = 0.899042:	q_mu = 3.46343	q_A  = 6.33747	CLsb = 0.03137	CLb  = 0.74422	CLs  = 0.04215
INFO: (function: getCLs) AsymptoticLimits.cc: 343 -- At r = 0.838926:	q_mu = 3.08254	q_A  = 5.87017	CLsb = 0.03957	CLb  = 0.74765	CLs  = 0.05292
INFO: (function: getCLs) AsymptoticLimits.cc: 343 -- At r = 0.862957:	q_mu = 3.23410	q_A  = 6.05710	CLsb = 0.03606	CLb  = 0.74626	CLs  = 0.04832
INFO: (function: getCLs) AsymptoticLimits.cc: 343 -- At r = 0.850934:	q_mu = 3.15814	q_A  = 5.96359	CLsb = 0.03777	CLb  = 0.74695	CLs  = 0.05057
INFO: (function: getCLs) AsymptoticLimits.cc: 343 -- At r = 0.855740:	q_mu = 3.18848	q_A  = 6.00098	CLsb = 0.03708	CLb  = 0.74667	CLs  = 0.04966
INFO: (function: getCLs) AsymptoticLimits.cc: 343 -- At r = 0.853335:	q_mu = 3.17330	q_A  = 5.98227	CLsb = 0.03743	CLb  = 0.74681	CLs  = 0.05011
