INFO: (function: improveOnce) CascadeMinimizer.cc: 188 -- Minimisation configured with Type=Minuit2, Algo=Migrad, strategy=0, tolerance=0.1
INFO: (function: improveOnce) CascadeMinimizer.cc: 211 -- Minimisation finished with status=0
INFO: (function: improveOnce) CascadeMinimizer.cc: 216 -- Minimization success! status=0
INFO: (function: generateAsimov) ToyMCSamplerOpt.cc: 139 -- Using internal logic for binned/unbinned Asimov dataset generation
INFO: (function: generateWithHisto) ToyMCSamplerOpt.cc: 214 -- Generating asimov with histogram for pdf pdf_binfail_LOW_obsOnly: in 5 x-bins
INFO: (function: generateWithHisto) ToyMCSamplerOpt.cc: 215 -- , in 1 y-bins
INFO: (function: generateAsimov) ToyMCSamplerOpt.cc: 139 -- Using internal logic for binned/unbinned Asimov dataset generation
INFO: (function: generateWithHisto) ToyMCSamplerOpt.cc: 214 -- Generating asimov with histogram for pdf pdf_binfail_SIG_obsOnly: in 3 x-bins
INFO: (function: generateWithHisto) ToyMCSamplerOpt.cc: 215 -- , in 1 y-bins
INFO: (function: generateAsimov) ToyMCSamplerOpt.cc: 139 -- Using internal logic for binned/unbinned Asimov dataset generation
INFO: (function: generateWithHisto) ToyMCSamplerOpt.cc: 214 -- Generating asimov with histogram for pdf pdf_binpass_LOW_obsOnly: in 5 x-bins
INFO: (function: generateWithHisto) ToyMCSamplerOpt.cc: 215 -- , in 1 y-bins
INFO: (function: generateAsimov) ToyMCSamplerOpt.cc: 139 -- Using internal logic for binned/unbinned Asimov dataset generation
INFO: (function: generateWithHisto) ToyMCSamplerOpt.cc: 214 -- Generating asimov with histogram for pdf pdf_binpass_SIG_obsOnly: in 3 x-bins
INFO: (function: generateWithHisto) ToyMCSamplerOpt.cc: 215 -- , in 1 y-bins
INFO: (function: runLimitExpected) AsymptoticLimits.cc: 436 -- Median for expected limits = 2.79688 (Sigma for expected limits = 1.427)
INFO: (function: runLimit) AsymptoticLimits.cc: 193 -- NLL at global minimum of data = -13827.3 (r=6.2667e-06)
INFO: (function: runLimit) AsymptoticLimits.cc: 213 -- NLL at global minimum of asimov = -13826.3 (r=4.76286e-13)
INFO: (function: getCLs) AsymptoticLimits.cc: 343 -- At r = 1.609330:	q_mu = 3.00239	q_A  = 1.95503	CLsb = 0.03813	CLb  = 0.35400	CLs  = 0.10772
INFO: (function: getCLs) AsymptoticLimits.cc: 343 -- At r = 3.218660:	q_mu = 5.88937	q_A  = 4.53744	CLsb = 0.00719	CLb  = 0.37549	CLs  = 0.01916
INFO: (function: getCLs) AsymptoticLimits.cc: 343 -- At r = 1.609333:	q_mu = 3.00239	q_A  = 1.95492	CLsb = 0.03813	CLb  = 0.35399	CLs  = 0.10773
INFO: (function: getCLs) AsymptoticLimits.cc: 343 -- At r = 2.503439:	q_mu = 4.61733	q_A  = 3.37591	CLsb = 0.01481	CLb  = 0.36775	CLs  = 0.04027
INFO: (function: getCLs) AsymptoticLimits.cc: 343 -- At r = 2.167251:	q_mu = 4.01373	q_A  = 2.83601	CLsb = 0.02099	CLb  = 0.36329	CLs  = 0.05778
INFO: (function: getCLs) AsymptoticLimits.cc: 343 -- At r = 2.342176:	q_mu = 4.32825	q_A  = 3.11641	CLsb = 0.01749	CLb  = 0.36571	CLs  = 0.04783
INFO: (function: getCLs) AsymptoticLimits.cc: 343 -- At r = 2.274296:	q_mu = 4.20639	q_A  = 3.00731	CLsb = 0.01877	CLb  = 0.36478	CLs  = 0.05145
INFO: (function: getCLs) AsymptoticLimits.cc: 343 -- At r = 2.309144:	q_mu = 4.26897	q_A  = 3.06320	CLsb = 0.01810	CLb  = 0.36525	CLs  = 0.04956
INFO: (function: getCLs) AsymptoticLimits.cc: 343 -- At r = 2.295552:	q_mu = 4.24456	q_A  = 3.04140	CLsb = 0.01836	CLb  = 0.36507	CLs  = 0.05029
INFO: (function: getCLs) AsymptoticLimits.cc: 343 -- At r = 2.302517:	q_mu = 4.25707	q_A  = 3.05257	CLsb = 0.01823	CLb  = 0.36516	CLs  = 0.04991
