INFO: (function: improveOnce) CascadeMinimizer.cc: 188 -- Minimisation configured with Type=Minuit2, Algo=Migrad, strategy=0, tolerance=0.1
INFO: (function: improveOnce) CascadeMinimizer.cc: 211 -- Minimisation finished with status=0
INFO: (function: improveOnce) CascadeMinimizer.cc: 216 -- Minimization success! status=0
INFO: (function: generateAsimov) ToyMCSamplerOpt.cc: 139 -- Using internal logic for binned/unbinned Asimov dataset generation
INFO: (function: generateWithHisto) ToyMCSamplerOpt.cc: 214 -- Generating asimov with histogram for pdf pdf_binfail_LOW_obsOnly: in 5 x-bins
INFO: (function: generateWithHisto) ToyMCSamplerOpt.cc: 215 -- , in 1 y-bins
INFO: (function: generateAsimov) ToyMCSamplerOpt.cc: 139 -- Using internal logic for binned/unbinned Asimov dataset generation
INFO: (function: generateWithHisto) ToyMCSamplerOpt.cc: 214 -- Generating asimov with histogram for pdf pdf_binfail_SIG_obsOnly: in 4 x-bins
INFO: (function: generateWithHisto) ToyMCSamplerOpt.cc: 215 -- , in 1 y-bins
INFO: (function: generateAsimov) ToyMCSamplerOpt.cc: 139 -- Using internal logic for binned/unbinned Asimov dataset generation
INFO: (function: generateWithHisto) ToyMCSamplerOpt.cc: 214 -- Generating asimov with histogram for pdf pdf_binpass_LOW_obsOnly: in 5 x-bins
INFO: (function: generateWithHisto) ToyMCSamplerOpt.cc: 215 -- , in 1 y-bins
INFO: (function: generateAsimov) ToyMCSamplerOpt.cc: 139 -- Using internal logic for binned/unbinned Asimov dataset generation
INFO: (function: generateWithHisto) ToyMCSamplerOpt.cc: 214 -- Generating asimov with histogram for pdf pdf_binpass_SIG_obsOnly: in 4 x-bins
INFO: (function: generateWithHisto) ToyMCSamplerOpt.cc: 215 -- , in 1 y-bins
INFO: (function: runLimitExpected) AsymptoticLimits.cc: 436 -- Median for expected limits = 230 (Sigma for expected limits = 117.349)
INFO: (function: runLimit) AsymptoticLimits.cc: 193 -- NLL at global minimum of data = -76463.5 (r=50.033)
INFO: (function: runLimit) AsymptoticLimits.cc: 213 -- NLL at global minimum of asimov = -76464.8 (r=0.540991)
INFO: (function: getCLs) AsymptoticLimits.cc: 343 -- At r = 283.019558:	q_mu = 3.06238	q_A  = 4.91761	CLsb = 0.04006	CLb  = 0.67997	CLs  = 0.05892
INFO: (function: getCLs) AsymptoticLimits.cc: 343 -- At r = 566.039116:	q_mu = 8.32185	q_A  = 10.63921	CLsb = 0.00196	CLb  = 0.64692	CLs  = 0.00303
INFO: (function: getCLs) AsymptoticLimits.cc: 343 -- At r = 308.036055:	q_mu = 3.50979	q_A  = 5.42888	CLsb = 0.03050	CLb  = 0.67600	CLs  = 0.04512
INFO: (function: getCLs) AsymptoticLimits.cc: 343 -- At r = 179.034524:	q_mu = 1.33065	q_A  = 2.81771	CLsb = 0.12434	CLb  = 0.70023	CLs  = 0.17758
INFO: (function: getCLs) AsymptoticLimits.cc: 343 -- At r = 243.535290:	q_mu = 2.37612	q_A  = 4.11272	CLsb = 0.06160	CLb  = 0.68670	CLs  = 0.08971
INFO: (function: getCLs) AsymptoticLimits.cc: 343 -- At r = 287.429552:	q_mu = 3.14067	q_A  = 5.00772	CLsb = 0.03818	CLb  = 0.67925	CLs  = 0.05621
INFO: (function: getCLs) AsymptoticLimits.cc: 343 -- At r = 296.214920:	q_mu = 3.29737	q_A  = 5.18727	CLsb = 0.03470	CLb  = 0.67785	CLs  = 0.05118
INFO: (function: getCLs) AsymptoticLimits.cc: 343 -- At r = 300.336079:	q_mu = 3.37126	q_A  = 5.27150	CLsb = 0.03317	CLb  = 0.67720	CLs  = 0.04898
INFO: (function: getCLs) AsymptoticLimits.cc: 343 -- At r = 297.971177:	q_mu = 3.32885	q_A  = 5.22316	CLsb = 0.03404	CLb  = 0.67757	CLs  = 0.05023
INFO: (function: getCLs) AsymptoticLimits.cc: 343 -- At r = 298.794983:	q_mu = 3.34361	q_A  = 5.24001	CLsb = 0.03373	CLb  = 0.67744	CLs  = 0.04980
