INFO: (function: improveOnce) CascadeMinimizer.cc: 188 -- Minimisation configured with Type=Minuit2, Algo=Migrad, strategy=0, tolerance=0.1
INFO: (function: improveOnce) CascadeMinimizer.cc: 211 -- Minimisation finished with status=0
INFO: (function: improveOnce) CascadeMinimizer.cc: 216 -- Minimization success! status=0
INFO: (function: generateAsimov) ToyMCSamplerOpt.cc: 139 -- Using internal logic for binned/unbinned Asimov dataset generation
INFO: (function: generateWithHisto) ToyMCSamplerOpt.cc: 214 -- Generating asimov with histogram for pdf pdf_binfail_LOW_obsOnly: in 5 x-bins
INFO: (function: generateWithHisto) ToyMCSamplerOpt.cc: 215 -- , in 1 y-bins
INFO: (function: generateAsimov) ToyMCSamplerOpt.cc: 139 -- Using internal logic for binned/unbinned Asimov dataset generation
INFO: (function: generateWithHisto) ToyMCSamplerOpt.cc: 214 -- Generating asimov with histogram for pdf pdf_binfail_SIG_obsOnly: in 4 x-bins
INFO: (function: generateWithHisto) ToyMCSamplerOpt.cc: 215 -- , in 1 y-bins
INFO: (function: generateAsimov) ToyMCSamplerOpt.cc: 139 -- Using internal logic for binned/unbinned Asimov dataset generation
INFO: (function: generateWithHisto) ToyMCSamplerOpt.cc: 214 -- Generating asimov with histogram for pdf pdf_binpass_LOW_obsOnly: in 5 x-bins
INFO: (function: generateWithHisto) ToyMCSamplerOpt.cc: 215 -- , in 1 y-bins
INFO: (function: generateAsimov) ToyMCSamplerOpt.cc: 139 -- Using internal logic for binned/unbinned Asimov dataset generation
INFO: (function: generateWithHisto) ToyMCSamplerOpt.cc: 214 -- Generating asimov with histogram for pdf pdf_binpass_SIG_obsOnly: in 4 x-bins
INFO: (function: generateWithHisto) ToyMCSamplerOpt.cc: 215 -- , in 1 y-bins
INFO: (function: runLimitExpected) AsymptoticLimits.cc: 436 -- Median for expected limits = 21.5 (Sigma for expected limits = 10.9696)
INFO: (function: runLimit) AsymptoticLimits.cc: 193 -- NLL at global minimum of data = -76463.1 (r=4.81428)
INFO: (function: runLimit) AsymptoticLimits.cc: 213 -- NLL at global minimum of asimov = -76464.7 (r=0.0476004)
INFO: (function: getCLs) AsymptoticLimits.cc: 343 -- At r = 27.667063:	q_mu = 3.19366	q_A  = 5.18486	CLsb = 0.03696	CLb  = 0.68791	CLs  = 0.05373
INFO: (function: getCLs) AsymptoticLimits.cc: 343 -- At r = 55.334126:	q_mu = 8.67997	q_A  = 11.24332	CLsb = 0.00161	CLb  = 0.65797	CLs  = 0.00244
INFO: (function: getCLs) AsymptoticLimits.cc: 343 -- At r = 30.074203:	q_mu = 3.65144	q_A  = 5.71600	CLsb = 0.02801	CLb  = 0.68437	CLs  = 0.04093
INFO: (function: getCLs) AsymptoticLimits.cc: 343 -- At r = 17.444241:	q_mu = 1.38343	q_A  = 2.96007	CLsb = 0.11976	CLb  = 0.70688	CLs  = 0.16942
INFO: (function: getCLs) AsymptoticLimits.cc: 343 -- At r = 23.759222:	q_mu = 2.47165	q_A  = 4.32587	CLsb = 0.05796	CLb  = 0.69418	CLs  = 0.08349
INFO: (function: getCLs) AsymptoticLimits.cc: 343 -- At r = 27.392617:	q_mu = 3.14205	q_A  = 5.12436	CLsb = 0.03815	CLb  = 0.68833	CLs  = 0.05542
INFO: (function: getCLs) AsymptoticLimits.cc: 343 -- At r = 28.657552:	q_mu = 3.38101	q_A  = 5.40334	CLsb = 0.03298	CLb  = 0.68643	CLs  = 0.04804
INFO: (function: getCLs) AsymptoticLimits.cc: 343 -- At r = 28.121432:	q_mu = 3.27944	q_A  = 5.28506	CLsb = 0.03508	CLb  = 0.68723	CLs  = 0.05104
INFO: (function: getCLs) AsymptoticLimits.cc: 343 -- At r = 28.374450:	q_mu = 3.32730	q_A  = 5.34088	CLsb = 0.03407	CLb  = 0.68685	CLs  = 0.04960
INFO: (function: getCLs) AsymptoticLimits.cc: 343 -- At r = 28.267289:	q_mu = 3.30702	q_A  = 5.31724	CLsb = 0.03449	CLb  = 0.68701	CLs  = 0.05021
