INFO: (function: improveOnce) CascadeMinimizer.cc: 188 -- Minimisation configured with Type=Minuit2, Algo=Migrad, strategy=0, tolerance=0.1
INFO: (function: improveOnce) CascadeMinimizer.cc: 211 -- Minimisation finished with status=0
INFO: (function: improveOnce) CascadeMinimizer.cc: 216 -- Minimization success! status=0
INFO: (function: generateAsimov) ToyMCSamplerOpt.cc: 139 -- Using internal logic for binned/unbinned Asimov dataset generation
INFO: (function: generateWithHisto) ToyMCSamplerOpt.cc: 214 -- Generating asimov with histogram for pdf pdf_binfail_LOW_obsOnly: in 6 x-bins
INFO: (function: generateWithHisto) ToyMCSamplerOpt.cc: 215 -- , in 1 y-bins
INFO: (function: generateAsimov) ToyMCSamplerOpt.cc: 139 -- Using internal logic for binned/unbinned Asimov dataset generation
INFO: (function: generateWithHisto) ToyMCSamplerOpt.cc: 214 -- Generating asimov with histogram for pdf pdf_binfail_SIG_obsOnly: in 3 x-bins
INFO: (function: generateWithHisto) ToyMCSamplerOpt.cc: 215 -- , in 1 y-bins
INFO: (function: generateAsimov) ToyMCSamplerOpt.cc: 139 -- Using internal logic for binned/unbinned Asimov dataset generation
INFO: (function: generateWithHisto) ToyMCSamplerOpt.cc: 214 -- Generating asimov with histogram for pdf pdf_binpass_LOW_obsOnly: in 6 x-bins
INFO: (function: generateWithHisto) ToyMCSamplerOpt.cc: 215 -- , in 1 y-bins
INFO: (function: generateAsimov) ToyMCSamplerOpt.cc: 139 -- Using internal logic for binned/unbinned Asimov dataset generation
INFO: (function: generateWithHisto) ToyMCSamplerOpt.cc: 214 -- Generating asimov with histogram for pdf pdf_binpass_SIG_obsOnly: in 3 x-bins
INFO: (function: generateWithHisto) ToyMCSamplerOpt.cc: 215 -- , in 1 y-bins
INFO: (function: runLimitExpected) AsymptoticLimits.cc: 436 -- Median for expected limits = 46.875 (Sigma for expected limits = 23.9163)
INFO: (function: runLimit) AsymptoticLimits.cc: 193 -- NLL at global minimum of data = -60507.2 (r=27.1823)
INFO: (function: runLimit) AsymptoticLimits.cc: 213 -- NLL at global minimum of asimov = -60507.8 (r=0.207488)
INFO: (function: getCLs) AsymptoticLimits.cc: 343 -- At r = 90.557083:	q_mu = 3.00491	q_A  = 7.80638	CLsb = 0.04151	CLb  = 0.85555	CLs  = 0.04851
INFO: (function: getCLs) AsymptoticLimits.cc: 343 -- At r = 58.869708:	q_mu = 1.11173	q_A  = 4.95599	CLsb = 0.14585	CLb  = 0.87937	CLs  = 0.16586
INFO: (function: getCLs) AsymptoticLimits.cc: 343 -- At r = 74.713396:	q_mu = 2.01318	q_A  = 6.40394	CLsb = 0.07797	CLb  = 0.86687	CLs  = 0.08994
INFO: (function: getCLs) AsymptoticLimits.cc: 343 -- At r = 86.769018:	q_mu = 2.75903	q_A  = 7.47529	CLsb = 0.04835	CLb  = 0.85838	CLs  = 0.05633
INFO: (function: getCLs) AsymptoticLimits.cc: 343 -- At r = 89.187579:	q_mu = 2.91244	q_A  = 7.68699	CLsb = 0.04395	CLb  = 0.85678	CLs  = 0.05130
INFO: (function: getCLs) AsymptoticLimits.cc: 343 -- At r = 89.964346:	q_mu = 2.96193	q_A  = 7.75475	CLsb = 0.04262	CLb  = 0.85627	CLs  = 0.04978
INFO: (function: getCLs) AsymptoticLimits.cc: 343 -- At r = 89.716823:	q_mu = 2.94615	q_A  = 7.73317	CLsb = 0.04304	CLb  = 0.85643	CLs  = 0.05026
