INFO: (function: improveOnce) CascadeMinimizer.cc: 188 -- Minimisation configured with Type=Minuit2, Algo=Migrad, strategy=0, tolerance=0.1
INFO: (function: improveOnce) CascadeMinimizer.cc: 211 -- Minimisation finished with status=0
INFO: (function: improveOnce) CascadeMinimizer.cc: 216 -- Minimization success! status=0
INFO: (function: generateAsimov) ToyMCSamplerOpt.cc: 139 -- Using internal logic for binned/unbinned Asimov dataset generation
INFO: (function: generateWithHisto) ToyMCSamplerOpt.cc: 214 -- Generating asimov with histogram for pdf pdf_binfail_LOW_obsOnly: in 5 x-bins
INFO: (function: generateWithHisto) ToyMCSamplerOpt.cc: 215 -- , in 1 y-bins
INFO: (function: generateAsimov) ToyMCSamplerOpt.cc: 139 -- Using internal logic for binned/unbinned Asimov dataset generation
INFO: (function: generateWithHisto) ToyMCSamplerOpt.cc: 214 -- Generating asimov with histogram for pdf pdf_binfail_SIG_obsOnly: in 4 x-bins
INFO: (function: generateWithHisto) ToyMCSamplerOpt.cc: 215 -- , in 1 y-bins
INFO: (function: generateAsimov) ToyMCSamplerOpt.cc: 139 -- Using internal logic for binned/unbinned Asimov dataset generation
INFO: (function: generateWithHisto) ToyMCSamplerOpt.cc: 214 -- Generating asimov with histogram for pdf pdf_binpass_LOW_obsOnly: in 5 x-bins
INFO: (function: generateWithHisto) ToyMCSamplerOpt.cc: 215 -- , in 1 y-bins
INFO: (function: generateAsimov) ToyMCSamplerOpt.cc: 139 -- Using internal logic for binned/unbinned Asimov dataset generation
INFO: (function: generateWithHisto) ToyMCSamplerOpt.cc: 214 -- Generating asimov with histogram for pdf pdf_binpass_SIG_obsOnly: in 4 x-bins
INFO: (function: generateWithHisto) ToyMCSamplerOpt.cc: 215 -- , in 1 y-bins
INFO: (function: runLimitExpected) AsymptoticLimits.cc: 436 -- Median for expected limits = 85 (Sigma for expected limits = 43.3681)
INFO: (function: runLimit) AsymptoticLimits.cc: 193 -- NLL at global minimum of data = -76464.4 (r=16.1526)
INFO: (function: runLimit) AsymptoticLimits.cc: 213 -- NLL at global minimum of asimov = -76466.2 (r=0.518656)
INFO: (function: getCLs) AsymptoticLimits.cc: 343 -- At r = 92.902755:	q_mu = 2.44498	q_A  = 4.20558	CLsb = 0.05895	CLb  = 0.68691	CLs  = 0.08582
INFO: (function: getCLs) AsymptoticLimits.cc: 343 -- At r = 185.805510:	q_mu = 5.83075	q_A  = 8.02685	CLsb = 0.00787	CLb  = 0.66220	CLs  = 0.01189
INFO: (function: getCLs) AsymptoticLimits.cc: 343 -- At r = 100.979041:	q_mu = 2.75512	q_A  = 4.57170	CLsb = 0.04847	CLb  = 0.68378	CLs  = 0.07089
INFO: (function: getCLs) AsymptoticLimits.cc: 343 -- At r = 143.392275:	q_mu = 4.34040	q_A  = 6.38189	CLsb = 0.01861	CLb  = 0.67107	CLs  = 0.02773
INFO: (function: getCLs) AsymptoticLimits.cc: 343 -- At r = 122.081193:	q_mu = 3.55460	q_A  = 5.49507	CLsb = 0.02969	CLb  = 0.67681	CLs  = 0.04387
INFO: (function: getCLs) AsymptoticLimits.cc: 343 -- At r = 113.258408:	q_mu = 3.22262	q_A  = 5.11472	CLsb = 0.03631	CLb  = 0.67954	CLs  = 0.05344
INFO: (function: getCLs) AsymptoticLimits.cc: 343 -- At r = 117.401832:	q_mu = 3.37897	q_A  = 5.29434	CLsb = 0.03302	CLb  = 0.67823	CLs  = 0.04868
INFO: (function: getCLs) AsymptoticLimits.cc: 343 -- At r = 115.622687:	q_mu = 3.31193	q_A  = 5.21743	CLsb = 0.03439	CLb  = 0.67878	CLs  = 0.05066
INFO: (function: getCLs) AsymptoticLimits.cc: 343 -- At r = 116.448379:	q_mu = 3.34306	q_A  = 5.25317	CLsb = 0.03374	CLb  = 0.67852	CLs  = 0.04973
INFO: (function: getCLs) AsymptoticLimits.cc: 343 -- At r = 116.091958:	q_mu = 3.32963	q_A  = 5.23775	CLsb = 0.03402	CLb  = 0.67864	CLs  = 0.05013
