INFO: (function: improveOnce) CascadeMinimizer.cc: 188 -- Minimisation configured with Type=Minuit2, Algo=Migrad, strategy=0, tolerance=0.1
INFO: (function: improveOnce) CascadeMinimizer.cc: 211 -- Minimisation finished with status=0
INFO: (function: improveOnce) CascadeMinimizer.cc: 216 -- Minimization success! status=0
INFO: (function: generateAsimov) ToyMCSamplerOpt.cc: 139 -- Using internal logic for binned/unbinned Asimov dataset generation
INFO: (function: generateWithHisto) ToyMCSamplerOpt.cc: 214 -- Generating asimov with histogram for pdf pdf_binfail_LOW_obsOnly: in 5 x-bins
INFO: (function: generateWithHisto) ToyMCSamplerOpt.cc: 215 -- , in 1 y-bins
INFO: (function: generateAsimov) ToyMCSamplerOpt.cc: 139 -- Using internal logic for binned/unbinned Asimov dataset generation
INFO: (function: generateWithHisto) ToyMCSamplerOpt.cc: 214 -- Generating asimov with histogram for pdf pdf_binfail_SIG_obsOnly: in 14 x-bins
INFO: (function: generateWithHisto) ToyMCSamplerOpt.cc: 215 -- , in 1 y-bins
INFO: (function: generateAsimov) ToyMCSamplerOpt.cc: 139 -- Using internal logic for binned/unbinned Asimov dataset generation
INFO: (function: generateWithHisto) ToyMCSamplerOpt.cc: 214 -- Generating asimov with histogram for pdf pdf_binpass_LOW_obsOnly: in 5 x-bins
INFO: (function: generateWithHisto) ToyMCSamplerOpt.cc: 215 -- , in 1 y-bins
INFO: (function: generateAsimov) ToyMCSamplerOpt.cc: 139 -- Using internal logic for binned/unbinned Asimov dataset generation
INFO: (function: generateWithHisto) ToyMCSamplerOpt.cc: 214 -- Generating asimov with histogram for pdf pdf_binpass_SIG_obsOnly: in 14 x-bins
INFO: (function: generateWithHisto) ToyMCSamplerOpt.cc: 215 -- , in 1 y-bins
INFO: (function: runLimitExpected) AsymptoticLimits.cc: 436 -- Median for expected limits = 131.5 (Sigma for expected limits = 67.0931)
INFO: (function: runLimit) AsymptoticLimits.cc: 193 -- NLL at global minimum of data = -70694.9 (r=0.000205566)
INFO: (function: runLimit) AsymptoticLimits.cc: 213 -- NLL at global minimum of asimov = -70697.7 (r=0.00341159)
INFO: (function: getCLs) AsymptoticLimits.cc: 343 -- At r = 78.703558:	q_mu = 2.85279	q_A  = 2.35177	CLsb = 0.04486	CLb  = 0.43512	CLs  = 0.10309
INFO: (function: getCLs) AsymptoticLimits.cc: 343 -- At r = 157.407116:	q_mu = 5.25770	q_A  = 4.52801	CLsb = 0.01074	CLb  = 0.43193	CLs  = 0.02487
INFO: (function: getCLs) AsymptoticLimits.cc: 343 -- At r = 78.703661:	q_mu = 2.85278	q_A  = 2.35277	CLsb = 0.04486	CLb  = 0.43526	CLs  = 0.10307
INFO: (function: getCLs) AsymptoticLimits.cc: 343 -- At r = 110.738142:	q_mu = 3.87040	q_A  = 3.26451	CLsb = 0.02416	CLb  = 0.43342	CLs  = 0.05575
INFO: (function: getCLs) AsymptoticLimits.cc: 343 -- At r = 125.108410:	q_mu = 4.30822	q_A  = 3.66147	CLsb = 0.01865	CLb  = 0.43290	CLs  = 0.04308
INFO: (function: getCLs) AsymptoticLimits.cc: 343 -- At r = 118.466645:	q_mu = 4.10712	q_A  = 3.47888	CLsb = 0.02100	CLb  = 0.43313	CLs  = 0.04848
INFO: (function: getCLs) AsymptoticLimits.cc: 343 -- At r = 115.552835:	q_mu = 4.01821	q_A  = 3.39826	CLsb = 0.02213	CLb  = 0.43323	CLs  = 0.05109
INFO: (function: getCLs) AsymptoticLimits.cc: 343 -- At r = 117.090454:	q_mu = 4.06518	q_A  = 3.44080	CLsb = 0.02152	CLb  = 0.43317	CLs  = 0.04969
INFO: (function: getCLs) AsymptoticLimits.cc: 343 -- At r = 116.506280:	q_mu = 4.04735	q_A  = 3.42464	CLsb = 0.02175	CLb  = 0.43319	CLs  = 0.05021
INFO: (function: getCLs) AsymptoticLimits.cc: 343 -- At r = 116.813549:	q_mu = 4.05673	q_A  = 3.43313	CLsb = 0.02163	CLb  = 0.43318	CLs  = 0.04994
