INFO: (function: improveOnce) CascadeMinimizer.cc: 188 -- Minimisation configured with Type=Minuit2, Algo=Migrad, strategy=0, tolerance=0.1
INFO: (function: improveOnce) CascadeMinimizer.cc: 211 -- Minimisation finished with status=0
INFO: (function: improveOnce) CascadeMinimizer.cc: 216 -- Minimization success! status=0
INFO: (function: generateAsimov) ToyMCSamplerOpt.cc: 139 -- Using internal logic for binned/unbinned Asimov dataset generation
INFO: (function: generateWithHisto) ToyMCSamplerOpt.cc: 214 -- Generating asimov with histogram for pdf pdf_binfail_LOW_obsOnly: in 6 x-bins
INFO: (function: generateWithHisto) ToyMCSamplerOpt.cc: 215 -- , in 1 y-bins
INFO: (function: generateAsimov) ToyMCSamplerOpt.cc: 139 -- Using internal logic for binned/unbinned Asimov dataset generation
INFO: (function: generateWithHisto) ToyMCSamplerOpt.cc: 214 -- Generating asimov with histogram for pdf pdf_binfail_SIG_obsOnly: in 19 x-bins
INFO: (function: generateWithHisto) ToyMCSamplerOpt.cc: 215 -- , in 1 y-bins
INFO: (function: generateAsimov) ToyMCSamplerOpt.cc: 139 -- Using internal logic for binned/unbinned Asimov dataset generation
INFO: (function: generateWithHisto) ToyMCSamplerOpt.cc: 214 -- Generating asimov with histogram for pdf pdf_binpass_LOW_obsOnly: in 6 x-bins
INFO: (function: generateWithHisto) ToyMCSamplerOpt.cc: 215 -- , in 1 y-bins
INFO: (function: generateAsimov) ToyMCSamplerOpt.cc: 139 -- Using internal logic for binned/unbinned Asimov dataset generation
INFO: (function: generateWithHisto) ToyMCSamplerOpt.cc: 214 -- Generating asimov with histogram for pdf pdf_binpass_SIG_obsOnly: in 19 x-bins
INFO: (function: generateWithHisto) ToyMCSamplerOpt.cc: 215 -- , in 1 y-bins
INFO: (function: runLimitExpected) AsymptoticLimits.cc: 436 -- Median for expected limits = 0.410156 (Sigma for expected limits = 0.209267)
INFO: (function: runLimit) AsymptoticLimits.cc: 193 -- NLL at global minimum of data = -2287.56 (r=1.54265e-06)
INFO: (function: runLimit) AsymptoticLimits.cc: 213 -- NLL at global minimum of asimov = -2287.5 (r=7.11236e-08)
INFO: (function: getCLs) AsymptoticLimits.cc: 343 -- At r = 1.200002:	q_mu = 11.89941	q_A  = 11.42635	CLsb = 0.00028	CLb  = 0.47211	CLs  = 0.00059
INFO: (function: getCLs) AsymptoticLimits.cc: 343 -- At r = 0.600002:	q_mu = 5.95231	q_A  = 5.66365	CLsb = 0.00733	CLb  = 0.47582	CLs  = 0.01541
INFO: (function: getCLs) AsymptoticLimits.cc: 343 -- At r = 0.300002:	q_mu = 2.97681	q_A  = 2.80356	CLsb = 0.04216	CLb  = 0.47937	CLs  = 0.08795
INFO: (function: getCLs) AsymptoticLimits.cc: 343 -- At r = 0.437832:	q_mu = 4.34402	q_A  = 4.11488	CLsb = 0.01853	CLb  = 0.47748	CLs  = 0.03882
INFO: (function: getCLs) AsymptoticLimits.cc: 343 -- At r = 0.376141:	q_mu = 3.73208	q_A  = 3.52713	CLsb = 0.02664	CLb  = 0.47824	CLs  = 0.05571
INFO: (function: getCLs) AsymptoticLimits.cc: 343 -- At r = 0.403244:	q_mu = 4.00092	q_A  = 3.78518	CLsb = 0.02270	CLb  = 0.47789	CLs  = 0.04749
INFO: (function: getCLs) AsymptoticLimits.cc: 343 -- At r = 0.390830:	q_mu = 3.87777	q_A  = 3.66694	CLsb = 0.02442	CLb  = 0.47805	CLs  = 0.05108
INFO: (function: getCLs) AsymptoticLimits.cc: 343 -- At r = 0.396234:	q_mu = 3.93138	q_A  = 3.71839	CLsb = 0.02365	CLb  = 0.47798	CLs  = 0.04949
INFO: (function: getCLs) AsymptoticLimits.cc: 343 -- At r = 0.393748:	q_mu = 3.90672	q_A  = 3.69472	CLsb = 0.02400	CLb  = 0.47801	CLs  = 0.05021
INFO: (function: getCLs) AsymptoticLimits.cc: 343 -- At r = 0.394829:	q_mu = 3.91744	q_A  = 3.70500	CLsb = 0.02385	CLb  = 0.47800	CLs  = 0.04990
