INFO: (function: improveOnce) CascadeMinimizer.cc: 188 -- Minimisation configured with Type=Minuit2, Algo=Migrad, strategy=0, tolerance=0.1
INFO: (function: improveOnce) CascadeMinimizer.cc: 211 -- Minimisation finished with status=0
INFO: (function: improveOnce) CascadeMinimizer.cc: 216 -- Minimization success! status=0
INFO: (function: generateAsimov) ToyMCSamplerOpt.cc: 139 -- Using internal logic for binned/unbinned Asimov dataset generation
INFO: (function: generateWithHisto) ToyMCSamplerOpt.cc: 214 -- Generating asimov with histogram for pdf pdf_binfail_LOW_obsOnly: in 5 x-bins
INFO: (function: generateWithHisto) ToyMCSamplerOpt.cc: 215 -- , in 1 y-bins
INFO: (function: generateAsimov) ToyMCSamplerOpt.cc: 139 -- Using internal logic for binned/unbinned Asimov dataset generation
INFO: (function: generateWithHisto) ToyMCSamplerOpt.cc: 214 -- Generating asimov with histogram for pdf pdf_binfail_SIG_obsOnly: in 4 x-bins
INFO: (function: generateWithHisto) ToyMCSamplerOpt.cc: 215 -- , in 1 y-bins
INFO: (function: generateAsimov) ToyMCSamplerOpt.cc: 139 -- Using internal logic for binned/unbinned Asimov dataset generation
INFO: (function: generateWithHisto) ToyMCSamplerOpt.cc: 214 -- Generating asimov with histogram for pdf pdf_binpass_LOW_obsOnly: in 5 x-bins
INFO: (function: generateWithHisto) ToyMCSamplerOpt.cc: 215 -- , in 1 y-bins
INFO: (function: generateAsimov) ToyMCSamplerOpt.cc: 139 -- Using internal logic for binned/unbinned Asimov dataset generation
INFO: (function: generateWithHisto) ToyMCSamplerOpt.cc: 214 -- Generating asimov with histogram for pdf pdf_binpass_SIG_obsOnly: in 4 x-bins
INFO: (function: generateWithHisto) ToyMCSamplerOpt.cc: 215 -- , in 1 y-bins
INFO: (function: runLimitExpected) AsymptoticLimits.cc: 436 -- Median for expected limits = 14.25 (Sigma for expected limits = 7.27054)
INFO: (function: runLimit) AsymptoticLimits.cc: 193 -- NLL at global minimum of data = -76518.6 (r=0.0464514)
INFO: (function: runLimit) AsymptoticLimits.cc: 213 -- NLL at global minimum of asimov = -76522.7 (r=2.71913e-08)
INFO: (function: getCLs) AsymptoticLimits.cc: 343 -- At r = 2.664572:	q_mu = 1.42957	q_A  = 2.18906	CLsb = 0.11592	CLb  = 0.61176	CLs  = 0.18948
INFO: (function: getCLs) AsymptoticLimits.cc: 343 -- At r = 5.329144:	q_mu = 1.98183	q_A  = 2.81272	CLsb = 0.07960	CLb  = 0.60617	CLs  = 0.13132
INFO: (function: getCLs) AsymptoticLimits.cc: 343 -- At r = 10.658289:	q_mu = 2.62650	q_A  = 3.52421	CLsb = 0.05255	CLb  = 0.60127	CLs  = 0.08739
INFO: (function: getCLs) AsymptoticLimits.cc: 343 -- At r = 21.316578:	q_mu = 3.36426	q_A  = 4.32480	CLsb = 0.03331	CLb  = 0.59694	CLs  = 0.05581
INFO: (function: getCLs) AsymptoticLimits.cc: 343 -- At r = 42.633156:	q_mu = 4.19559	q_A  = 5.21553	CLsb = 0.02026	CLb  = 0.59307	CLs  = 0.03417
INFO: (function: getCLs) AsymptoticLimits.cc: 343 -- At r = 21.339804:	q_mu = 3.36555	q_A  = 4.32610	CLsb = 0.03329	CLb  = 0.59692	CLs  = 0.05576
INFO: (function: getCLs) AsymptoticLimits.cc: 343 -- At r = 29.392970:	q_mu = 3.73789	q_A  = 4.72636	CLsb = 0.02660	CLb  = 0.59509	CLs  = 0.04469
INFO: (function: getCLs) AsymptoticLimits.cc: 343 -- At r = 26.126255:	q_mu = 3.59860	q_A  = 4.57684	CLsb = 0.02891	CLb  = 0.59575	CLs  = 0.04853
INFO: (function: getCLs) AsymptoticLimits.cc: 343 -- At r = 24.348387:	q_mu = 3.51653	q_A  = 4.48865	CLsb = 0.03038	CLb  = 0.59615	CLs  = 0.05096
INFO: (function: getCLs) AsymptoticLimits.cc: 343 -- At r = 25.258442:	q_mu = 3.55910	q_A  = 4.53446	CLsb = 0.02961	CLb  = 0.59595	CLs  = 0.04969
INFO: (function: getCLs) AsymptoticLimits.cc: 343 -- At r = 24.895005:	q_mu = 3.54225	q_A  = 4.51634	CLsb = 0.02991	CLb  = 0.59603	CLs  = 0.05019
INFO: (function: getCLs) AsymptoticLimits.cc: 343 -- At r = 25.075287:	q_mu = 3.55064	q_A  = 4.52535	CLsb = 0.02976	CLb  = 0.59599	CLs  = 0.04994
INFO: (function: getCLs) AsymptoticLimits.cc: 343 -- At r = 25.002250:	q_mu = 3.54725	q_A  = 4.52171	CLsb = 0.02982	CLb  = 0.59600	CLs  = 0.05004
