INFO: (function: improveOnce) CascadeMinimizer.cc: 188 -- Minimisation configured with Type=Minuit2, Algo=Migrad, strategy=0, tolerance=0.1
INFO: (function: improveOnce) CascadeMinimizer.cc: 211 -- Minimisation finished with status=0
INFO: (function: improveOnce) CascadeMinimizer.cc: 216 -- Minimization success! status=0
INFO: (function: generateAsimov) ToyMCSamplerOpt.cc: 139 -- Using internal logic for binned/unbinned Asimov dataset generation
INFO: (function: generateWithHisto) ToyMCSamplerOpt.cc: 214 -- Generating asimov with histogram for pdf pdf_binfail_LOW_obsOnly: in 5 x-bins
INFO: (function: generateWithHisto) ToyMCSamplerOpt.cc: 215 -- , in 1 y-bins
INFO: (function: generateAsimov) ToyMCSamplerOpt.cc: 139 -- Using internal logic for binned/unbinned Asimov dataset generation
INFO: (function: generateWithHisto) ToyMCSamplerOpt.cc: 214 -- Generating asimov with histogram for pdf pdf_binfail_SIG_obsOnly: in 3 x-bins
INFO: (function: generateWithHisto) ToyMCSamplerOpt.cc: 215 -- , in 1 y-bins
INFO: (function: generateAsimov) ToyMCSamplerOpt.cc: 139 -- Using internal logic for binned/unbinned Asimov dataset generation
INFO: (function: generateWithHisto) ToyMCSamplerOpt.cc: 214 -- Generating asimov with histogram for pdf pdf_binpass_LOW_obsOnly: in 5 x-bins
INFO: (function: generateWithHisto) ToyMCSamplerOpt.cc: 215 -- , in 1 y-bins
INFO: (function: generateAsimov) ToyMCSamplerOpt.cc: 139 -- Using internal logic for binned/unbinned Asimov dataset generation
INFO: (function: generateWithHisto) ToyMCSamplerOpt.cc: 214 -- Generating asimov with histogram for pdf pdf_binpass_SIG_obsOnly: in 3 x-bins
INFO: (function: generateWithHisto) ToyMCSamplerOpt.cc: 215 -- , in 1 y-bins
INFO: (function: runLimitExpected) AsymptoticLimits.cc: 436 -- Median for expected limits = 0.019043 (Sigma for expected limits = 0.00971598)
INFO: (function: runLimit) AsymptoticLimits.cc: 193 -- NLL at global minimum of data = -1.45774e+07 (r=0.0163276)
INFO: (function: runLimit) AsymptoticLimits.cc: 213 -- NLL at global minimum of asimov = -1.4577e+07 (r=0.00012776)
INFO: (function: getCLs) AsymptoticLimits.cc: 343 -- At r = 7.197260:	q_mu = 14263.19375	q_A  = 14176.08693	CLsb = 0.00000	CLb  = 0.35726	CLs  = 0.00000
INFO: (function: getCLs) AsymptoticLimits.cc: 343 -- At r = 3.606794:	q_mu = 6270.78916	q_A  = 6267.46334	CLsb = 0.00000	CLb  = 0.49162	CLs  = 0.00000
INFO: (function: getCLs) AsymptoticLimits.cc: 343 -- At r = 1.811561:	q_mu = 2689.11535	q_A  = 2735.61353	CLsb = 0.00000	CLb  = 0.67235	CLs  = 0.00000
INFO: (function: getCLs) AsymptoticLimits.cc: 343 -- At r = 0.913944:	q_mu = 1147.36923	q_A  = 1211.88939	CLsb = 0.00000	CLb  = 0.82623	CLs  = 0.00000
INFO: (function: getCLs) AsymptoticLimits.cc: 343 -- At r = 0.465136:	q_mu = 485.91350	q_A  = 544.60904	CLsb = 0.00000	CLb  = 0.90207	CLs  = 0.00000
INFO: (function: getCLs) AsymptoticLimits.cc: 343 -- At r = 0.240732:	q_mu = 187.14402	q_A  = 235.44571	CLsb = 0.00000	CLb  = 0.95196	CLs  = 0.00000
INFO: (function: getCLs) AsymptoticLimits.cc: 343 -- At r = 0.128530:	q_mu = 61.50246	q_A  = 97.23014	CLsb = 0.00000	CLb  = 0.97821	CLs  = 0.00000
INFO: (function: getCLs) AsymptoticLimits.cc: 343 -- At r = 0.072429:	q_mu = 15.80656	q_A  = 39.90859	CLsb = 0.00004	CLb  = 0.99040	CLs  = 0.00004
INFO: (function: getCLs) AsymptoticLimits.cc: 343 -- At r = 0.044378:	q_mu = 2.12613	q_A  = 17.53555	CLsb = 0.07240	CLb  = 0.99683	CLs  = 0.07263
INFO: (function: getCLs) AsymptoticLimits.cc: 343 -- At r = 0.058403:	q_mu = 7.90629	q_A  = 27.99276	CLsb = 0.00246	CLb  = 0.99341	CLs  = 0.00248
INFO: (function: getCLs) AsymptoticLimits.cc: 343 -- At r = 0.051391:	q_mu = 4.71901	q_A  = 22.55910	CLsb = 0.01492	CLb  = 0.99502	CLs  = 0.01499
INFO: (function: getCLs) AsymptoticLimits.cc: 343 -- At r = 0.047884:	q_mu = 3.34369	q_A  = 19.99282	CLsb = 0.03373	CLb  = 0.99589	CLs  = 0.03387
INFO: (function: getCLs) AsymptoticLimits.cc: 343 -- At r = 0.046452:	q_mu = 2.82678	q_A  = 18.97560	CLsb = 0.04635	CLb  = 0.99626	CLs  = 0.04653
INFO: (function: getCLs) AsymptoticLimits.cc: 343 -- At r = 0.045769:	q_mu = 2.58967	q_A  = 18.49692	CLsb = 0.05378	CLb  = 0.99644	CLs  = 0.05397
INFO: (function: getCLs) AsymptoticLimits.cc: 343 -- At r = 0.046051:	q_mu = 2.68661	q_A  = 18.69361	CLsb = 0.05060	CLb  = 0.99637	CLs  = 0.05078
