INFO: (function: improveOnce) CascadeMinimizer.cc: 188 -- Minimisation configured with Type=Minuit2, Algo=Migrad, strategy=0, tolerance=0.1
INFO: (function: improveOnce) CascadeMinimizer.cc: 211 -- Minimisation finished with status=0
INFO: (function: improveOnce) CascadeMinimizer.cc: 216 -- Minimization success! status=0
INFO: (function: generateAsimov) ToyMCSamplerOpt.cc: 139 -- Using internal logic for binned/unbinned Asimov dataset generation
INFO: (function: generateWithHisto) ToyMCSamplerOpt.cc: 214 -- Generating asimov with histogram for pdf pdf_binfail_LOW_obsOnly: in 5 x-bins
INFO: (function: generateWithHisto) ToyMCSamplerOpt.cc: 215 -- , in 1 y-bins
INFO: (function: generateAsimov) ToyMCSamplerOpt.cc: 139 -- Using internal logic for binned/unbinned Asimov dataset generation
INFO: (function: generateWithHisto) ToyMCSamplerOpt.cc: 214 -- Generating asimov with histogram for pdf pdf_binfail_SIG_obsOnly: in 3 x-bins
INFO: (function: generateWithHisto) ToyMCSamplerOpt.cc: 215 -- , in 1 y-bins
INFO: (function: generateAsimov) ToyMCSamplerOpt.cc: 139 -- Using internal logic for binned/unbinned Asimov dataset generation
INFO: (function: generateWithHisto) ToyMCSamplerOpt.cc: 214 -- Generating asimov with histogram for pdf pdf_binpass_LOW_obsOnly: in 5 x-bins
INFO: (function: generateWithHisto) ToyMCSamplerOpt.cc: 215 -- , in 1 y-bins
INFO: (function: generateAsimov) ToyMCSamplerOpt.cc: 139 -- Using internal logic for binned/unbinned Asimov dataset generation
INFO: (function: generateWithHisto) ToyMCSamplerOpt.cc: 214 -- Generating asimov with histogram for pdf pdf_binpass_SIG_obsOnly: in 3 x-bins
INFO: (function: generateWithHisto) ToyMCSamplerOpt.cc: 215 -- , in 1 y-bins
INFO: (function: runLimitExpected) AsymptoticLimits.cc: 436 -- Median for expected limits = 45.5 (Sigma for expected limits = 23.2147)
INFO: (function: runLimit) AsymptoticLimits.cc: 193 -- NLL at global minimum of data = -13825.4 (r=3.51102e-08)
INFO: (function: runLimit) AsymptoticLimits.cc: 213 -- NLL at global minimum of asimov = -13824.6 (r=1.23596e-11)
INFO: (function: getCLs) AsymptoticLimits.cc: 343 -- At r = 25.647542:	q_mu = 2.89507	q_A  = 1.90187	CLsb = 0.04100	CLb  = 0.35939	CLs  = 0.11409
INFO: (function: getCLs) AsymptoticLimits.cc: 343 -- At r = 51.295084:	q_mu = 5.66501	q_A  = 4.40860	CLsb = 0.00822	CLb  = 0.38240	CLs  = 0.02150
INFO: (function: getCLs) AsymptoticLimits.cc: 343 -- At r = 25.647542:	q_mu = 2.89507	q_A  = 1.90184	CLsb = 0.04100	CLb  = 0.35938	CLs  = 0.11409
INFO: (function: getCLs) AsymptoticLimits.cc: 343 -- At r = 40.920350:	q_mu = 4.55475	q_A  = 3.38154	CLsb = 0.01547	CLb  = 0.37486	CLs  = 0.04126
INFO: (function: getCLs) AsymptoticLimits.cc: 343 -- At r = 35.558432:	q_mu = 3.97616	q_A  = 2.85639	CLsb = 0.02162	CLb  = 0.37022	CLs  = 0.05840
INFO: (function: getCLs) AsymptoticLimits.cc: 343 -- At r = 38.548710:	q_mu = 4.29930	q_A  = 3.14869	CLsb = 0.01792	CLb  = 0.37289	CLs  = 0.04807
INFO: (function: getCLs) AsymptoticLimits.cc: 343 -- At r = 37.466016:	q_mu = 4.18244	q_A  = 3.04266	CLsb = 0.01918	CLb  = 0.37194	CLs  = 0.05156
INFO: (function: getCLs) AsymptoticLimits.cc: 343 -- At r = 38.061883:	q_mu = 4.24677	q_A  = 3.10099	CLsb = 0.01848	CLb  = 0.37247	CLs  = 0.04960
INFO: (function: getCLs) AsymptoticLimits.cc: 343 -- At r = 37.844931:	q_mu = 4.22335	q_A  = 3.07974	CLsb = 0.01873	CLb  = 0.37228	CLs  = 0.05031
INFO: (function: getCLs) AsymptoticLimits.cc: 343 -- At r = 37.964019:	q_mu = 4.23621	q_A  = 3.09140	CLsb = 0.01859	CLb  = 0.37238	CLs  = 0.04992
