INFO: (function: improveOnce) CascadeMinimizer.cc: 188 -- Minimisation configured with Type=Minuit2, Algo=Migrad, strategy=0, tolerance=0.1
INFO: (function: improveOnce) CascadeMinimizer.cc: 211 -- Minimisation finished with status=0
INFO: (function: improveOnce) CascadeMinimizer.cc: 216 -- Minimization success! status=0
INFO: (function: generateAsimov) ToyMCSamplerOpt.cc: 139 -- Using internal logic for binned/unbinned Asimov dataset generation
INFO: (function: generateWithHisto) ToyMCSamplerOpt.cc: 214 -- Generating asimov with histogram for pdf pdf_binfail_LOW_obsOnly: in 5 x-bins
INFO: (function: generateWithHisto) ToyMCSamplerOpt.cc: 215 -- , in 1 y-bins
INFO: (function: generateAsimov) ToyMCSamplerOpt.cc: 139 -- Using internal logic for binned/unbinned Asimov dataset generation
INFO: (function: generateWithHisto) ToyMCSamplerOpt.cc: 214 -- Generating asimov with histogram for pdf pdf_binfail_SIG_obsOnly: in 4 x-bins
INFO: (function: generateWithHisto) ToyMCSamplerOpt.cc: 215 -- , in 1 y-bins
INFO: (function: generateAsimov) ToyMCSamplerOpt.cc: 139 -- Using internal logic for binned/unbinned Asimov dataset generation
INFO: (function: generateWithHisto) ToyMCSamplerOpt.cc: 214 -- Generating asimov with histogram for pdf pdf_binpass_LOW_obsOnly: in 5 x-bins
INFO: (function: generateWithHisto) ToyMCSamplerOpt.cc: 215 -- , in 1 y-bins
INFO: (function: generateAsimov) ToyMCSamplerOpt.cc: 139 -- Using internal logic for binned/unbinned Asimov dataset generation
INFO: (function: generateWithHisto) ToyMCSamplerOpt.cc: 214 -- Generating asimov with histogram for pdf pdf_binpass_SIG_obsOnly: in 4 x-bins
INFO: (function: generateWithHisto) ToyMCSamplerOpt.cc: 215 -- , in 1 y-bins
INFO: (function: runLimitExpected) AsymptoticLimits.cc: 436 -- Median for expected limits = 0.0102539 (Sigma for expected limits = 0.00523168)
INFO: (function: runLimit) AsymptoticLimits.cc: 193 -- NLL at global minimum of data = -77066 (r=0.00218579)
INFO: (function: runLimit) AsymptoticLimits.cc: 213 -- NLL at global minimum of asimov = -77071.3 (r=2.73195e-09)
INFO: (function: getCLs) AsymptoticLimits.cc: 343 -- At r = 1.202186:	q_mu = 114.94437	q_A  = 119.39087	CLsb = 0.00000	CLb  = 0.58137	CLs  = 0.00000
INFO: (function: getCLs) AsymptoticLimits.cc: 343 -- At r = 0.602186:	q_mu = 81.01612	q_A  = 85.19556	CLsb = 0.00000	CLb  = 0.59066	CLs  = 0.00000
INFO: (function: getCLs) AsymptoticLimits.cc: 343 -- At r = 0.302186:	q_mu = 54.59312	q_A  = 58.47565	CLsb = 0.00000	CLb  = 0.60188	CLs  = 0.00000
INFO: (function: getCLs) AsymptoticLimits.cc: 343 -- At r = 0.152186:	q_mu = 34.80906	q_A  = 38.35732	CLsb = 0.00000	CLb  = 0.61540	CLs  = 0.00000
INFO: (function: getCLs) AsymptoticLimits.cc: 343 -- At r = 0.077186:	q_mu = 20.71847	q_A  = 23.89467	CLsb = 0.00000	CLb  = 0.63174	CLs  = 0.00000
INFO: (function: getCLs) AsymptoticLimits.cc: 343 -- At r = 0.039686:	q_mu = 11.31742	q_A  = 14.07885	CLsb = 0.00038	CLb  = 0.65101	CLs  = 0.00059
INFO: (function: getCLs) AsymptoticLimits.cc: 343 -- At r = 0.020936:	q_mu = 5.56934	q_A  = 7.87995	CLsb = 0.00914	CLb  = 0.67263	CLs  = 0.01359
INFO: (function: getCLs) AsymptoticLimits.cc: 343 -- At r = 0.011561:	q_mu = 2.43450	q_A  = 4.27777	CLsb = 0.05935	CLb  = 0.69427	CLs  = 0.08548
INFO: (function: getCLs) AsymptoticLimits.cc: 343 -- At r = 0.016248:	q_mu = 4.00824	q_A  = 6.12454	CLsb = 0.02264	CLb  = 0.68179	CLs  = 0.03321
INFO: (function: getCLs) AsymptoticLimits.cc: 343 -- At r = 0.013688:	q_mu = 3.14681	q_A  = 5.12644	CLsb = 0.03804	CLb  = 0.68802	CLs  = 0.05529
INFO: (function: getCLs) AsymptoticLimits.cc: 343 -- At r = 0.014603:	q_mu = 3.45498	q_A  = 5.48651	CLsb = 0.03153	CLb  = 0.68566	CLs  = 0.04599
INFO: (function: getCLs) AsymptoticLimits.cc: 343 -- At r = 0.014087:	q_mu = 3.28130	q_A  = 5.28403	CLsb = 0.03504	CLb  = 0.68697	CLs  = 0.05100
