INFO: (function: improveOnce) CascadeMinimizer.cc: 188 -- Minimisation configured with Type=Minuit2, Algo=Migrad, strategy=0, tolerance=0.1
INFO: (function: improveOnce) CascadeMinimizer.cc: 211 -- Minimisation finished with status=0
INFO: (function: improveOnce) CascadeMinimizer.cc: 216 -- Minimization success! status=0
INFO: (function: generateAsimov) ToyMCSamplerOpt.cc: 139 -- Using internal logic for binned/unbinned Asimov dataset generation
INFO: (function: generateWithHisto) ToyMCSamplerOpt.cc: 214 -- Generating asimov with histogram for pdf pdf_binfail_LOW_obsOnly: in 5 x-bins
INFO: (function: generateWithHisto) ToyMCSamplerOpt.cc: 215 -- , in 1 y-bins
INFO: (function: generateAsimov) ToyMCSamplerOpt.cc: 139 -- Using internal logic for binned/unbinned Asimov dataset generation
INFO: (function: generateWithHisto) ToyMCSamplerOpt.cc: 214 -- Generating asimov with histogram for pdf pdf_binfail_SIG_obsOnly: in 14 x-bins
INFO: (function: generateWithHisto) ToyMCSamplerOpt.cc: 215 -- , in 1 y-bins
INFO: (function: generateAsimov) ToyMCSamplerOpt.cc: 139 -- Using internal logic for binned/unbinned Asimov dataset generation
INFO: (function: generateWithHisto) ToyMCSamplerOpt.cc: 214 -- Generating asimov with histogram for pdf pdf_binpass_LOW_obsOnly: in 5 x-bins
INFO: (function: generateWithHisto) ToyMCSamplerOpt.cc: 215 -- , in 1 y-bins
INFO: (function: generateAsimov) ToyMCSamplerOpt.cc: 139 -- Using internal logic for binned/unbinned Asimov dataset generation
INFO: (function: generateWithHisto) ToyMCSamplerOpt.cc: 214 -- Generating asimov with histogram for pdf pdf_binpass_SIG_obsOnly: in 14 x-bins
INFO: (function: generateWithHisto) ToyMCSamplerOpt.cc: 215 -- , in 1 y-bins
INFO: (function: runLimitExpected) AsymptoticLimits.cc: 436 -- Median for expected limits = 222.5 (Sigma for expected limits = 113.523)
INFO: (function: runLimit) AsymptoticLimits.cc: 193 -- NLL at global minimum of data = -70695.3 (r=0.00214192)
INFO: (function: runLimit) AsymptoticLimits.cc: 213 -- NLL at global minimum of asimov = -70698.4 (r=2.96469e-05)
INFO: (function: getCLs) AsymptoticLimits.cc: 343 -- At r = 111.750325:	q_mu = 1.94964	q_A  = 1.98898	CLsb = 0.08131	CLb  = 0.50559	CLs  = 0.16083
INFO: (function: getCLs) AsymptoticLimits.cc: 343 -- At r = 223.500651:	q_mu = 4.01485	q_A  = 3.84895	CLsb = 0.02253	CLb  = 0.48314	CLs  = 0.04663
INFO: (function: getCLs) AsymptoticLimits.cc: 343 -- At r = 111.751396:	q_mu = 1.94958	q_A  = 1.99235	CLsb = 0.08132	CLb  = 0.50608	CLs  = 0.16068
INFO: (function: getCLs) AsymptoticLimits.cc: 343 -- At r = 167.626024:	q_mu = 3.01709	q_A  = 2.94294	CLsb = 0.04118	CLb  = 0.49138	CLs  = 0.08381
INFO: (function: getCLs) AsymptoticLimits.cc: 343 -- At r = 207.000170:	q_mu = 3.72640	q_A  = 3.58591	CLsb = 0.02676	CLb  = 0.48520	CLs  = 0.05515
INFO: (function: getCLs) AsymptoticLimits.cc: 343 -- At r = 214.705407:	q_mu = 3.86170	q_A  = 3.70933	CLsb = 0.02468	CLb  = 0.48422	CLs  = 0.05096
INFO: (function: getCLs) AsymptoticLimits.cc: 343 -- At r = 217.972636:	q_mu = 3.91875	q_A  = 3.76139	CLsb = 0.02385	CLb  = 0.48382	CLs  = 0.04930
INFO: (function: getCLs) AsymptoticLimits.cc: 343 -- At r = 216.206842:	q_mu = 3.88794	q_A  = 3.73323	CLsb = 0.02429	CLb  = 0.48403	CLs  = 0.05019
INFO: (function: getCLs) AsymptoticLimits.cc: 343 -- At r = 216.859574:	q_mu = 3.89934	q_A  = 3.74362	CLsb = 0.02413	CLb  = 0.48395	CLs  = 0.04986
