INFO: (function: improveOnce) CascadeMinimizer.cc: 188 -- Minimisation configured with Type=Minuit2, Algo=Migrad, strategy=0, tolerance=0.1
INFO: (function: improveOnce) CascadeMinimizer.cc: 211 -- Minimisation finished with status=0
INFO: (function: improveOnce) CascadeMinimizer.cc: 216 -- Minimization success! status=0
INFO: (function: generateAsimov) ToyMCSamplerOpt.cc: 139 -- Using internal logic for binned/unbinned Asimov dataset generation
INFO: (function: generateWithHisto) ToyMCSamplerOpt.cc: 214 -- Generating asimov with histogram for pdf pdf_binfail_LOW_obsOnly: in 5 x-bins
INFO: (function: generateWithHisto) ToyMCSamplerOpt.cc: 215 -- , in 1 y-bins
INFO: (function: generateAsimov) ToyMCSamplerOpt.cc: 139 -- Using internal logic for binned/unbinned Asimov dataset generation
INFO: (function: generateWithHisto) ToyMCSamplerOpt.cc: 214 -- Generating asimov with histogram for pdf pdf_binfail_SIG_obsOnly: in 4 x-bins
INFO: (function: generateWithHisto) ToyMCSamplerOpt.cc: 215 -- , in 1 y-bins
INFO: (function: generateAsimov) ToyMCSamplerOpt.cc: 139 -- Using internal logic for binned/unbinned Asimov dataset generation
INFO: (function: generateWithHisto) ToyMCSamplerOpt.cc: 214 -- Generating asimov with histogram for pdf pdf_binpass_LOW_obsOnly: in 5 x-bins
INFO: (function: generateWithHisto) ToyMCSamplerOpt.cc: 215 -- , in 1 y-bins
INFO: (function: generateAsimov) ToyMCSamplerOpt.cc: 139 -- Using internal logic for binned/unbinned Asimov dataset generation
INFO: (function: generateWithHisto) ToyMCSamplerOpt.cc: 214 -- Generating asimov with histogram for pdf pdf_binpass_SIG_obsOnly: in 4 x-bins
INFO: (function: generateWithHisto) ToyMCSamplerOpt.cc: 215 -- , in 1 y-bins
INFO: (function: runLimitExpected) AsymptoticLimits.cc: 436 -- Median for expected limits = 1.12891 (Sigma for expected limits = 0.575983)
INFO: (function: runLimit) AsymptoticLimits.cc: 193 -- NLL at global minimum of data = -76452.9 (r=0.237954)
INFO: (function: runLimit) AsymptoticLimits.cc: 213 -- NLL at global minimum of asimov = -76453 (r=0.00395979)
INFO: (function: getCLs) AsymptoticLimits.cc: 343 -- At r = 1.437954:	q_mu = 3.34874	q_A  = 5.12978	CLsb = 0.03363	CLb  = 0.66820	CLs  = 0.05033
INFO: (function: getCLs) AsymptoticLimits.cc: 343 -- At r = 2.875908:	q_mu = 8.93631	q_A  = 11.06994	CLsb = 0.00140	CLb  = 0.63224	CLs  = 0.00221
INFO: (function: getCLs) AsymptoticLimits.cc: 343 -- At r = 1.556931:	q_mu = 3.79600	q_A  = 5.62688	CLsb = 0.02569	CLb  = 0.66413	CLs  = 0.03868
INFO: (function: getCLs) AsymptoticLimits.cc: 343 -- At r = 0.897442:	q_mu = 1.44893	q_A  = 2.89632	CLsb = 0.11435	CLb  = 0.69081	CLs  = 0.16553
INFO: (function: getCLs) AsymptoticLimits.cc: 343 -- At r = 1.227187:	q_mu = 2.57710	q_A  = 4.25106	CLsb = 0.05421	CLb  = 0.67598	CLs  = 0.08020
INFO: (function: getCLs) AsymptoticLimits.cc: 343 -- At r = 1.398101:	q_mu = 3.20057	q_A  = 4.96338	CLsb = 0.03681	CLb  = 0.66961	CLs  = 0.05497
INFO: (function: getCLs) AsymptoticLimits.cc: 343 -- At r = 1.464104:	q_mu = 3.44644	q_A  = 5.23903	CLsb = 0.03169	CLb  = 0.66729	CLs  = 0.04750
INFO: (function: getCLs) AsymptoticLimits.cc: 343 -- At r = 1.432336:	q_mu = 3.32780	q_A  = 5.10632	CLsb = 0.03406	CLb  = 0.66840	CLs  = 0.05096
INFO: (function: getCLs) AsymptoticLimits.cc: 343 -- At r = 1.445538:	q_mu = 3.37704	q_A  = 5.16146	CLsb = 0.03306	CLb  = 0.66793	CLs  = 0.04949
INFO: (function: getCLs) AsymptoticLimits.cc: 343 -- At r = 1.439184:	q_mu = 3.35333	q_A  = 5.13492	CLsb = 0.03353	CLb  = 0.66816	CLs  = 0.05019
