INFO: (function: improveOnce) CascadeMinimizer.cc: 188 -- Minimisation configured with Type=Minuit2, Algo=Migrad, strategy=0, tolerance=0.1
INFO: (function: improveOnce) CascadeMinimizer.cc: 211 -- Minimisation finished with status=0
INFO: (function: improveOnce) CascadeMinimizer.cc: 216 -- Minimization success! status=0
INFO: (function: generateAsimov) ToyMCSamplerOpt.cc: 139 -- Using internal logic for binned/unbinned Asimov dataset generation
INFO: (function: generateWithHisto) ToyMCSamplerOpt.cc: 214 -- Generating asimov with histogram for pdf pdf_binfail_LOW_obsOnly: in 5 x-bins
INFO: (function: generateWithHisto) ToyMCSamplerOpt.cc: 215 -- , in 1 y-bins
INFO: (function: generateAsimov) ToyMCSamplerOpt.cc: 139 -- Using internal logic for binned/unbinned Asimov dataset generation
INFO: (function: generateWithHisto) ToyMCSamplerOpt.cc: 214 -- Generating asimov with histogram for pdf pdf_binfail_SIG_obsOnly: in 6 x-bins
INFO: (function: generateWithHisto) ToyMCSamplerOpt.cc: 215 -- , in 1 y-bins
INFO: (function: generateAsimov) ToyMCSamplerOpt.cc: 139 -- Using internal logic for binned/unbinned Asimov dataset generation
INFO: (function: generateWithHisto) ToyMCSamplerOpt.cc: 214 -- Generating asimov with histogram for pdf pdf_binpass_LOW_obsOnly: in 5 x-bins
INFO: (function: generateWithHisto) ToyMCSamplerOpt.cc: 215 -- , in 1 y-bins
INFO: (function: generateAsimov) ToyMCSamplerOpt.cc: 139 -- Using internal logic for binned/unbinned Asimov dataset generation
INFO: (function: generateWithHisto) ToyMCSamplerOpt.cc: 214 -- Generating asimov with histogram for pdf pdf_binpass_SIG_obsOnly: in 6 x-bins
INFO: (function: generateWithHisto) ToyMCSamplerOpt.cc: 215 -- , in 1 y-bins
INFO: (function: runLimitExpected) AsymptoticLimits.cc: 436 -- Median for expected limits = 0.0117188 (Sigma for expected limits = 0.00597906)
INFO: (function: runLimit) AsymptoticLimits.cc: 193 -- NLL at global minimum of data = -986271 (r=7.70561e-11)
INFO: (function: runLimit) AsymptoticLimits.cc: 213 -- NLL at global minimum of asimov = -986265 (r=4.4853e-13)
INFO: (function: getCLs) AsymptoticLimits.cc: 343 -- At r = 1.200000:	q_mu = 57.82020	q_A  = 54.98338	CLsb = 0.00000	CLb  = 0.42415	CLs  = 0.00000
INFO: (function: getCLs) AsymptoticLimits.cc: 343 -- At r = 0.600000:	q_mu = 44.83682	q_A  = 42.12502	CLsb = 0.00000	CLb  = 0.41726	CLs  = 0.00000
INFO: (function: getCLs) AsymptoticLimits.cc: 343 -- At r = 0.300000:	q_mu = 33.83086	q_A  = 31.26402	CLsb = 0.00000	CLb  = 0.40923	CLs  = 0.00000
INFO: (function: getCLs) AsymptoticLimits.cc: 343 -- At r = 0.150000:	q_mu = 24.71959	q_A  = 22.31689	CLsb = 0.00000	CLb  = 0.39963	CLs  = 0.00000
INFO: (function: getCLs) AsymptoticLimits.cc: 343 -- At r = 0.075000:	q_mu = 17.39273	q_A  = 15.17824	CLsb = 0.00001	CLb  = 0.38813	CLs  = 0.00004
INFO: (function: getCLs) AsymptoticLimits.cc: 343 -- At r = 0.037500:	q_mu = 11.71252	q_A  = 9.71525	CLsb = 0.00029	CLb  = 0.37434	CLs  = 0.00078
INFO: (function: getCLs) AsymptoticLimits.cc: 343 -- At r = 0.018750:	q_mu = 7.51086	q_A  = 5.76507	CLsb = 0.00285	CLb  = 0.35810	CLs  = 0.00796
INFO: (function: getCLs) AsymptoticLimits.cc: 343 -- At r = 0.009375:	q_mu = 4.57032	q_A  = 3.10722	CLsb = 0.01471	CLb  = 0.33907	CLs  = 0.04339
INFO: (function: getCLs) AsymptoticLimits.cc: 343 -- At r = 0.004688:	q_mu = 2.63469	q_A  = 1.48011	CLsb = 0.04541	CLb  = 0.31757	CLs  = 0.14299
INFO: (function: getCLs) AsymptoticLimits.cc: 343 -- At r = 0.007992:	q_mu = 4.04504	q_A  = 2.65099	CLsb = 0.01988	CLb  = 0.33429	CLs  = 0.05946
INFO: (function: getCLs) AsymptoticLimits.cc: 343 -- At r = 0.008600:	q_mu = 4.28033	q_A  = 2.85421	CLsb = 0.01736	CLb  = 0.33649	CLs  = 0.05160
INFO: (function: getCLs) AsymptoticLimits.cc: 343 -- At r = 0.008868:	q_mu = 4.38160	q_A  = 2.94239	CLsb = 0.01639	CLb  = 0.33742	CLs  = 0.04856
