 <<< Combine >>> 
>>> random number generator seed is 123456
>>> method used is FitDiagnostics
Warning: Did not find a parameter with name mask_pass_HIGH
Set Default Value of Parameter r To : 1
>>> 0 out of 4 channels masked

SimNLL created with 0 channels, 0 generic constraints, 9 fast gaussian constraints, 0 fast poisson constraints, 0 fast group constraints, 
SimNLL created with 4 channels, 0 generic constraints, 9 fast gaussian constraints, 0 fast poisson constraints, 0 fast group constraints, 
Running Minos for POI 
>> Found 22 floating parameters
>> The following parameters are protected in the event of negative eigenvalues: r
>> Verifying eigenvalues are all positive (iteration 0)
Eigenvalue 21 : -0.000748812
 - -0.998057	r
 - -0.0604291	systOnG
 - 0.0146707	systOnTrigger
 - 0.00366336	lumi
 - 0.00115395	systOnF
>> Attempt 0 failed, remove the variable with largest eigenvector component...
>> Dropping systOnG from the hessian
>> Verifying eigenvalues are all positive (iteration 1)
Eigenvalue 20 : -4.45525e-05
 - -0.999884	r
 - 0.0147517	systOnTrigger
 - 0.00368357	lumi
 - 0.00116031	systOnF
 - 0.000329275	pileup
>> Attempt 1 failed, remove the variable with largest eigenvector component...
>> Dropping systOnTrigger from the hessian
>> Verifying eigenvalues are all positive (iteration 2)
Eigenvalue 19 : -2.88161e-06
 - -0.999992	r
 - 0.00368477	lumi
 - 0.00116069	systOnF
 - 0.000329383	pileup
 - 0.00017555	Background_fail_SIG_bin_6-1
>> Attempt 2 failed, remove the variable with largest eigenvector component...
>> Dropping lumi from the hessian
>> Verifying eigenvalues are all positive (iteration 3)
Eigenvalue 18 : -2.82715e-07
 - -0.999999	r
 - 0.00116071	systOnF
 - 0.000329389	pileup
 - 0.000175554	Background_fail_SIG_bin_6-1
 - 0.000161254	systOnMuID
>> Attempt 3 failed, remove the variable with largest eigenvector component...
>> Dropping systOnF from the hessian
>> Verifying eigenvalues are all positive (iteration 4)
Eigenvalue 17 : -2.48402e-08
 - -1	r
 - 0.00032939	pileup
 - 0.000175554	Background_fail_SIG_bin_6-1
 - 0.000161254	systOnMuID
 - 8.97086e-05	systOnMuTrigger
>> Attempt 4 failed, remove the variable with largest eigenvector component...
>> Dropping pileup from the hessian
>> Verifying eigenvalues are all positive (iteration 5)
Eigenvalue 16 : -4.07298e-09
 - -1	r
 - 0.000175554	Background_fail_SIG_bin_6-1
 - 0.000161254	systOnMuID
 - 8.97086e-05	systOnMuTrigger
 - -7.78569e-08	Background_rpf_0x0_par0
>> Attempt 5 failed, remove the variable with largest eigenvector component...
>> Dropping Background_fail_SIG_bin_6-1 from the hessian
>> Verifying eigenvalues are all positive (iteration 6)
>> All eigenvalues are positive
>> Inverting Hessian...
>> Matrix inverted
>> Note: the following parameters were dropped to make the covariance matrix pos-def:
     - systOnG
     - systOnTrigger
     - lumi
     - systOnF
     - pileup
     - Background_fail_SIG_bin_6-1

 --- FitDiagnostics ---
Best fit r: 2.77556e-15  -2.77556e-15/+50  (68% CL)
Done in 0.00 min (cpu), 0.01 min (real)
Printing Message Summary From ... combine_logger.out
----------------------------------------------
Messages of type INFO : 19
Messages of type DEBUG : 2
Messages of type ERROR : 0
----------------------------------------------
INFO: (function: improveOnce) CascadeMinimizer.cc: 188 -- Minimisation configured with Type=Minuit2, Algo=Migrad, strategy=0, tolerance=0.1
INFO: (function: improveOnce) CascadeMinimizer.cc: 211 -- Minimisation finished with status=0
INFO: (function: improveOnce) CascadeMinimizer.cc: 216 -- Minimization success! status=0
INFO: (function: improveOnce) CascadeMinimizer.cc: 188 -- Minimisation configured with Type=Minuit2, Algo=Migrad, strategy=0, tolerance=0.1
INFO: (function: improveOnce) CascadeMinimizer.cc: 211 -- Minimisation finished with status=0
INFO: (function: improveOnce) CascadeMinimizer.cc: 216 -- Minimization success! status=0
INFO: (function: improveOnce) CascadeMinimizer.cc: 188 -- Minimisation configured with Type=Minuit2, Algo=Migrad, strategy=0, tolerance=0.1
INFO: (function: improveOnce) CascadeMinimizer.cc: 211 -- Minimisation finished with status=0
INFO: (function: improveOnce) CascadeMinimizer.cc: 216 -- Minimization success! status=0
INFO: (function: improveOnce) CascadeMinimizer.cc: 188 -- Minimisation configured with Type=Minuit2, Algo=Migrad, strategy=0, tolerance=0.1
INFO: (function: improveOnce) CascadeMinimizer.cc: 211 -- Minimisation finished with status=0
INFO: (function: improveOnce) CascadeMinimizer.cc: 216 -- Minimization success! status=0
DEBUG: (function: runSpecific) FitDiagnostics.cc: 318 -- Fit B-only, status = 0, numBadNLL = 0, covariance quality = -1
INFO: (function: improveOnce) CascadeMinimizer.cc: 188 -- Minimisation configured with Type=Minuit2, Algo=Migrad, strategy=0, tolerance=0.1
INFO: (function: improveOnce) CascadeMinimizer.cc: 211 -- Minimisation finished with status=0
INFO: (function: improveOnce) CascadeMinimizer.cc: 216 -- Minimization success! status=0
INFO: (function: improveOnce) CascadeMinimizer.cc: 188 -- Minimisation configured with Type=Minuit2, Algo=Migrad, strategy=0, tolerance=0.1
INFO: (function: improveOnce) CascadeMinimizer.cc: 211 -- Minimisation finished with status=0
INFO: (function: improveOnce) CascadeMinimizer.cc: 216 -- Minimization success! status=0
INFO: (function: doFit) FitterAlgoBase.cc: 343 -- Running Minos for POI r
DEBUG: (function: runSpecific) FitDiagnostics.cc: 443 -- Fit S+B, status = 0, numBadNLL = 0, covariance quality = -1
