INFO: (function: improveOnce) CascadeMinimizer.cc: 188 -- Minimisation configured with Type=Minuit2, Algo=Migrad, strategy=0, tolerance=0.1
INFO: (function: improveOnce) CascadeMinimizer.cc: 211 -- Minimisation finished with status=0
INFO: (function: improveOnce) CascadeMinimizer.cc: 216 -- Minimization success! status=0
INFO: (function: generateAsimov) ToyMCSamplerOpt.cc: 139 -- Using internal logic for binned/unbinned Asimov dataset generation
INFO: (function: generateWithHisto) ToyMCSamplerOpt.cc: 214 -- Generating asimov with histogram for pdf pdf_binfail_LOW_obsOnly: in 6 x-bins
INFO: (function: generateWithHisto) ToyMCSamplerOpt.cc: 215 -- , in 1 y-bins
INFO: (function: generateAsimov) ToyMCSamplerOpt.cc: 139 -- Using internal logic for binned/unbinned Asimov dataset generation
INFO: (function: generateWithHisto) ToyMCSamplerOpt.cc: 214 -- Generating asimov with histogram for pdf pdf_binfail_SIG_obsOnly: in 2 x-bins
INFO: (function: generateWithHisto) ToyMCSamplerOpt.cc: 215 -- , in 1 y-bins
INFO: (function: generateAsimov) ToyMCSamplerOpt.cc: 139 -- Using internal logic for binned/unbinned Asimov dataset generation
INFO: (function: generateWithHisto) ToyMCSamplerOpt.cc: 214 -- Generating asimov with histogram for pdf pdf_binpass_LOW_obsOnly: in 6 x-bins
INFO: (function: generateWithHisto) ToyMCSamplerOpt.cc: 215 -- , in 1 y-bins
INFO: (function: generateAsimov) ToyMCSamplerOpt.cc: 139 -- Using internal logic for binned/unbinned Asimov dataset generation
INFO: (function: generateWithHisto) ToyMCSamplerOpt.cc: 214 -- Generating asimov with histogram for pdf pdf_binpass_SIG_obsOnly: in 2 x-bins
INFO: (function: generateWithHisto) ToyMCSamplerOpt.cc: 215 -- , in 1 y-bins
INFO: (function: runLimitExpected) AsymptoticLimits.cc: 436 -- Median for expected limits = 31.375 (Sigma for expected limits = 16.0079)
INFO: (function: runLimit) AsymptoticLimits.cc: 193 -- NLL at global minimum of data = -10999.8 (r=15.0154)
INFO: (function: runLimit) AsymptoticLimits.cc: 213 -- NLL at global minimum of asimov = -11003 (r=0.0646535)
INFO: (function: getCLs) AsymptoticLimits.cc: 343 -- At r = 55.753090:	q_mu = 2.97540	q_A  = 7.10147	CLsb = 0.04227	CLb  = 0.82637	CLs  = 0.05115
INFO: (function: getCLs) AsymptoticLimits.cc: 343 -- At r = 111.506180:	q_mu = 8.16736	q_A  = 13.44492	CLsb = 0.00213	CLb  = 0.79071	CLs  = 0.00270
INFO: (function: getCLs) AsymptoticLimits.cc: 343 -- At r = 63.260809:	q_mu = 3.69097	q_A  = 8.04012	CLsb = 0.02735	CLb  = 0.81973	CLs  = 0.03337
INFO: (function: getCLs) AsymptoticLimits.cc: 343 -- At r = 39.138124:	q_mu = 1.45206	q_A  = 4.91653	CLsb = 0.11410	CLb  = 0.84431	CLs  = 0.13514
INFO: (function: getCLs) AsymptoticLimits.cc: 343 -- At r = 52.856801:	q_mu = 2.70157	q_A  = 6.73135	CLsb = 0.05012	CLb  = 0.82916	CLs  = 0.06045
INFO: (function: getCLs) AsymptoticLimits.cc: 343 -- At r = 57.596650:	q_mu = 3.15072	q_A  = 7.33471	CLsb = 0.03795	CLb  = 0.82465	CLs  = 0.04602
INFO: (function: getCLs) AsymptoticLimits.cc: 343 -- At r = 55.494722:	q_mu = 2.95108	q_A  = 7.06864	CLsb = 0.04291	CLb  = 0.82660	CLs  = 0.05191
INFO: (function: getCLs) AsymptoticLimits.cc: 343 -- At r = 56.438371:	q_mu = 3.04063	q_A  = 7.18838	CLsb = 0.04060	CLb  = 0.82572	CLs  = 0.04917
INFO: (function: getCLs) AsymptoticLimits.cc: 343 -- At r = 56.017148:	q_mu = 3.00064	q_A  = 7.13499	CLsb = 0.04162	CLb  = 0.82611	CLs  = 0.05038
INFO: (function: getCLs) AsymptoticLimits.cc: 343 -- At r = 56.205693:	q_mu = 3.01836	q_A  = 7.15890	CLsb = 0.04116	CLb  = 0.82595	CLs  = 0.04984
