INFO: (function: improveOnce) CascadeMinimizer.cc: 188 -- Minimisation configured with Type=Minuit2, Algo=Migrad, strategy=0, tolerance=0.1
INFO: (function: improveOnce) CascadeMinimizer.cc: 211 -- Minimisation finished with status=0
INFO: (function: improveOnce) CascadeMinimizer.cc: 216 -- Minimization success! status=0
INFO: (function: generateAsimov) ToyMCSamplerOpt.cc: 139 -- Using internal logic for binned/unbinned Asimov dataset generation
INFO: (function: generateWithHisto) ToyMCSamplerOpt.cc: 214 -- Generating asimov with histogram for pdf pdf_binfail_LOW_obsOnly: in 5 x-bins
INFO: (function: generateWithHisto) ToyMCSamplerOpt.cc: 215 -- , in 1 y-bins
INFO: (function: generateAsimov) ToyMCSamplerOpt.cc: 139 -- Using internal logic for binned/unbinned Asimov dataset generation
INFO: (function: generateWithHisto) ToyMCSamplerOpt.cc: 214 -- Generating asimov with histogram for pdf pdf_binfail_SIG_obsOnly: in 6 x-bins
INFO: (function: generateWithHisto) ToyMCSamplerOpt.cc: 215 -- , in 1 y-bins
INFO: (function: generateAsimov) ToyMCSamplerOpt.cc: 139 -- Using internal logic for binned/unbinned Asimov dataset generation
INFO: (function: generateWithHisto) ToyMCSamplerOpt.cc: 214 -- Generating asimov with histogram for pdf pdf_binpass_LOW_obsOnly: in 5 x-bins
INFO: (function: generateWithHisto) ToyMCSamplerOpt.cc: 215 -- , in 1 y-bins
INFO: (function: generateAsimov) ToyMCSamplerOpt.cc: 139 -- Using internal logic for binned/unbinned Asimov dataset generation
INFO: (function: generateWithHisto) ToyMCSamplerOpt.cc: 214 -- Generating asimov with histogram for pdf pdf_binpass_SIG_obsOnly: in 6 x-bins
INFO: (function: generateWithHisto) ToyMCSamplerOpt.cc: 215 -- , in 1 y-bins
INFO: (function: runLimitExpected) AsymptoticLimits.cc: 436 -- Median for expected limits = 0.0869141 (Sigma for expected limits = 0.0443447)
INFO: (function: runLimit) AsymptoticLimits.cc: 193 -- NLL at global minimum of data = -22325.2 (r=7.78537e-07)
INFO: (function: runLimit) AsymptoticLimits.cc: 213 -- NLL at global minimum of asimov = -22335.9 (r=0)
INFO: (function: getCLs) AsymptoticLimits.cc: 343 -- At r = 1.200001:	q_mu = 51.49686	q_A  = 56.99911	CLsb = 0.00000	CLb  = 0.64567	CLs  = 0.00000
INFO: (function: getCLs) AsymptoticLimits.cc: 343 -- At r = 0.600001:	q_mu = 24.11666	q_A  = 27.81008	CLsb = 0.00000	CLb  = 0.64157	CLs  = 0.00000
INFO: (function: getCLs) AsymptoticLimits.cc: 343 -- At r = 0.300001:	q_mu = 11.37406	q_A  = 13.60319	CLsb = 0.00037	CLb  = 0.62389	CLs  = 0.00060
INFO: (function: getCLs) AsymptoticLimits.cc: 343 -- At r = 0.150001:	q_mu = 5.45457	q_A  = 6.69225	CLsb = 0.00976	CLb  = 0.59926	CLs  = 0.01628
INFO: (function: getCLs) AsymptoticLimits.cc: 343 -- At r = 0.075001:	q_mu = 2.65929	q_A  = 3.31204	CLsb = 0.05147	CLb  = 0.57502	CLs  = 0.08952
INFO: (function: getCLs) AsymptoticLimits.cc: 343 -- At r = 0.110505:	q_mu = 3.96688	q_A  = 4.90469	CLsb = 0.02320	CLb  = 0.58821	CLs  = 0.03944
INFO: (function: getCLs) AsymptoticLimits.cc: 343 -- At r = 0.095186:	q_mu = 3.39909	q_A  = 4.21574	CLsb = 0.03262	CLb  = 0.58300	CLs  = 0.05595
INFO: (function: getCLs) AsymptoticLimits.cc: 343 -- At r = 0.102190:	q_mu = 3.65802	q_A  = 4.53041	CLsb = 0.02790	CLb  = 0.58546	CLs  = 0.04765
INFO: (function: getCLs) AsymptoticLimits.cc: 343 -- At r = 0.099111:	q_mu = 3.54405	q_A  = 4.39201	CLsb = 0.02988	CLb  = 0.58439	CLs  = 0.05113
INFO: (function: getCLs) AsymptoticLimits.cc: 343 -- At r = 0.100508:	q_mu = 3.59575	q_A  = 4.45481	CLsb = 0.02896	CLb  = 0.58488	CLs  = 0.04952
INFO: (function: getCLs) AsymptoticLimits.cc: 343 -- At r = 0.099892:	q_mu = 3.57294	q_A  = 4.42711	CLsb = 0.02936	CLb  = 0.58467	CLs  = 0.05022
INFO: (function: getCLs) AsymptoticLimits.cc: 343 -- At r = 0.100171:	q_mu = 3.58328	q_A  = 4.43967	CLsb = 0.02918	CLb  = 0.58476	CLs  = 0.04990
