INFO: (function: improveOnce) CascadeMinimizer.cc: 188 -- Minimisation configured with Type=Minuit2, Algo=Migrad, strategy=0, tolerance=0.1
INFO: (function: improveOnce) CascadeMinimizer.cc: 211 -- Minimisation finished with status=0
INFO: (function: improveOnce) CascadeMinimizer.cc: 216 -- Minimization success! status=0
INFO: (function: generateAsimov) ToyMCSamplerOpt.cc: 139 -- Using internal logic for binned/unbinned Asimov dataset generation
INFO: (function: generateWithHisto) ToyMCSamplerOpt.cc: 214 -- Generating asimov with histogram for pdf pdf_binfail_LOW_obsOnly: in 5 x-bins
INFO: (function: generateWithHisto) ToyMCSamplerOpt.cc: 215 -- , in 1 y-bins
INFO: (function: generateAsimov) ToyMCSamplerOpt.cc: 139 -- Using internal logic for binned/unbinned Asimov dataset generation
INFO: (function: generateWithHisto) ToyMCSamplerOpt.cc: 214 -- Generating asimov with histogram for pdf pdf_binfail_SIG_obsOnly: in 6 x-bins
INFO: (function: generateWithHisto) ToyMCSamplerOpt.cc: 215 -- , in 1 y-bins
INFO: (function: generateAsimov) ToyMCSamplerOpt.cc: 139 -- Using internal logic for binned/unbinned Asimov dataset generation
INFO: (function: generateWithHisto) ToyMCSamplerOpt.cc: 214 -- Generating asimov with histogram for pdf pdf_binpass_LOW_obsOnly: in 5 x-bins
INFO: (function: generateWithHisto) ToyMCSamplerOpt.cc: 215 -- , in 1 y-bins
INFO: (function: generateAsimov) ToyMCSamplerOpt.cc: 139 -- Using internal logic for binned/unbinned Asimov dataset generation
INFO: (function: generateWithHisto) ToyMCSamplerOpt.cc: 214 -- Generating asimov with histogram for pdf pdf_binpass_SIG_obsOnly: in 6 x-bins
INFO: (function: generateWithHisto) ToyMCSamplerOpt.cc: 215 -- , in 1 y-bins
INFO: (function: runLimitExpected) AsymptoticLimits.cc: 436 -- Median for expected limits = 1.26562 (Sigma for expected limits = 0.645739)
INFO: (function: runLimit) AsymptoticLimits.cc: 193 -- NLL at global minimum of data = -985553 (r=8.35092e-07)
INFO: (function: runLimit) AsymptoticLimits.cc: 213 -- NLL at global minimum of asimov = -985549 (r=2.19824e-13)
INFO: (function: getCLs) AsymptoticLimits.cc: 343 -- At r = 1.200001:	q_mu = 5.25166	q_A  = 3.60202	CLsb = 0.00984	CLb  = 0.33193	CLs  = 0.02964
INFO: (function: getCLs) AsymptoticLimits.cc: 343 -- At r = 0.600001:	q_mu = 2.68427	q_A  = 1.46854	CLsb = 0.04332	CLb  = 0.30797	CLs  = 0.14065
INFO: (function: getCLs) AsymptoticLimits.cc: 343 -- At r = 0.918792:	q_mu = 4.05859	q_A  = 2.58034	CLsb = 0.01939	CLb  = 0.32271	CLs  = 0.06009
INFO: (function: getCLs) AsymptoticLimits.cc: 343 -- At r = 1.033543:	q_mu = 4.54728	q_A  = 2.99386	CLsb = 0.01466	CLb  = 0.32675	CLs  = 0.04486
INFO: (function: getCLs) AsymptoticLimits.cc: 343 -- At r = 0.976543:	q_mu = 4.30486	q_A  = 2.78779	CLsb = 0.01684	CLb  = 0.32480	CLs  = 0.05184
INFO: (function: getCLs) AsymptoticLimits.cc: 343 -- At r = 0.999322:	q_mu = 4.40182	q_A  = 2.86999	CLsb = 0.01593	CLb  = 0.32560	CLs  = 0.04892
INFO: (function: getCLs) AsymptoticLimits.cc: 343 -- At r = 0.987890:	q_mu = 4.35317	q_A  = 2.82871	CLsb = 0.01638	CLb  = 0.32520	CLs  = 0.05036
INFO: (function: getCLs) AsymptoticLimits.cc: 343 -- At r = 0.992439:	q_mu = 4.37253	q_A  = 2.84513	CLsb = 0.01620	CLb  = 0.32536	CLs  = 0.04978
INFO: (function: getCLs) AsymptoticLimits.cc: 343 -- At r = 0.990152:	q_mu = 4.36280	q_A  = 2.83687	CLsb = 0.01629	CLb  = 0.32528	CLs  = 0.05007
