INFO: (function: improveOnce) CascadeMinimizer.cc: 188 -- Minimisation configured with Type=Minuit2, Algo=Migrad, strategy=0, tolerance=0.1
INFO: (function: improveOnce) CascadeMinimizer.cc: 211 -- Minimisation finished with status=0
INFO: (function: improveOnce) CascadeMinimizer.cc: 216 -- Minimization success! status=0
INFO: (function: generateAsimov) ToyMCSamplerOpt.cc: 139 -- Using internal logic for binned/unbinned Asimov dataset generation
INFO: (function: generateWithHisto) ToyMCSamplerOpt.cc: 214 -- Generating asimov with histogram for pdf pdf_binfail_LOW_obsOnly: in 5 x-bins
INFO: (function: generateWithHisto) ToyMCSamplerOpt.cc: 215 -- , in 1 y-bins
INFO: (function: generateAsimov) ToyMCSamplerOpt.cc: 139 -- Using internal logic for binned/unbinned Asimov dataset generation
INFO: (function: generateWithHisto) ToyMCSamplerOpt.cc: 214 -- Generating asimov with histogram for pdf pdf_binfail_SIG_obsOnly: in 6 x-bins
INFO: (function: generateWithHisto) ToyMCSamplerOpt.cc: 215 -- , in 1 y-bins
INFO: (function: generateAsimov) ToyMCSamplerOpt.cc: 139 -- Using internal logic for binned/unbinned Asimov dataset generation
INFO: (function: generateWithHisto) ToyMCSamplerOpt.cc: 214 -- Generating asimov with histogram for pdf pdf_binpass_LOW_obsOnly: in 5 x-bins
INFO: (function: generateWithHisto) ToyMCSamplerOpt.cc: 215 -- , in 1 y-bins
INFO: (function: generateAsimov) ToyMCSamplerOpt.cc: 139 -- Using internal logic for binned/unbinned Asimov dataset generation
INFO: (function: generateWithHisto) ToyMCSamplerOpt.cc: 214 -- Generating asimov with histogram for pdf pdf_binpass_SIG_obsOnly: in 6 x-bins
INFO: (function: generateWithHisto) ToyMCSamplerOpt.cc: 215 -- , in 1 y-bins
INFO: (function: runLimitExpected) AsymptoticLimits.cc: 436 -- Median for expected limits = 45.625 (Sigma for expected limits = 23.2785)
INFO: (function: runLimit) AsymptoticLimits.cc: 193 -- NLL at global minimum of data = -985572 (r=0.000109813)
INFO: (function: runLimit) AsymptoticLimits.cc: 213 -- NLL at global minimum of asimov = -985569 (r=5.04023e-11)
INFO: (function: getCLs) AsymptoticLimits.cc: 343 -- At r = 26.949518:	q_mu = 3.35098	q_A  = 1.96967	CLsb = 0.02901	CLb  = 0.31132	CLs  = 0.09318
INFO: (function: getCLs) AsymptoticLimits.cc: 343 -- At r = 53.899036:	q_mu = 6.54788	q_A  = 4.69840	CLsb = 0.00474	CLb  = 0.33483	CLs  = 0.01416
INFO: (function: getCLs) AsymptoticLimits.cc: 343 -- At r = 26.949573:	q_mu = 3.35102	q_A  = 1.96960	CLsb = 0.02901	CLb  = 0.31130	CLs  = 0.09318
INFO: (function: getCLs) AsymptoticLimits.cc: 343 -- At r = 40.424305:	q_mu = 4.96315	q_A  = 3.31168	CLsb = 0.01150	CLb  = 0.32500	CLs  = 0.03537
INFO: (function: getCLs) AsymptoticLimits.cc: 343 -- At r = 33.877859:	q_mu = 4.18378	q_A  = 2.65210	CLsb = 0.01792	CLb  = 0.31908	CLs  = 0.05615
INFO: (function: getCLs) AsymptoticLimits.cc: 343 -- At r = 36.502471:	q_mu = 4.49701	q_A  = 2.91513	CLsb = 0.01498	CLb  = 0.32159	CLs  = 0.04658
INFO: (function: getCLs) AsymptoticLimits.cc: 343 -- At r = 35.181639:	q_mu = 4.33952	q_A  = 2.78250	CLsb = 0.01639	CLb  = 0.32035	CLs  = 0.05116
INFO: (function: getCLs) AsymptoticLimits.cc: 343 -- At r = 35.704052:	q_mu = 4.40184	q_A  = 2.83489	CLsb = 0.01582	CLb  = 0.32085	CLs  = 0.04929
INFO: (function: getCLs) AsymptoticLimits.cc: 343 -- At r = 35.439401:	q_mu = 4.37028	q_A  = 2.80834	CLsb = 0.01610	CLb  = 0.32060	CLs  = 0.05023
INFO: (function: getCLs) AsymptoticLimits.cc: 343 -- At r = 35.543784:	q_mu = 4.38273	q_A  = 2.81881	CLsb = 0.01599	CLb  = 0.32070	CLs  = 0.04986
