INFO: (function: improveOnce) CascadeMinimizer.cc: 188 -- Minimisation configured with Type=Minuit2, Algo=Migrad, strategy=0, tolerance=0.1
INFO: (function: improveOnce) CascadeMinimizer.cc: 211 -- Minimisation finished with status=0
INFO: (function: improveOnce) CascadeMinimizer.cc: 216 -- Minimization success! status=0
INFO: (function: generateAsimov) ToyMCSamplerOpt.cc: 139 -- Using internal logic for binned/unbinned Asimov dataset generation
INFO: (function: generateWithHisto) ToyMCSamplerOpt.cc: 214 -- Generating asimov with histogram for pdf pdf_binfail_LOW_obsOnly: in 5 x-bins
INFO: (function: generateWithHisto) ToyMCSamplerOpt.cc: 215 -- , in 1 y-bins
INFO: (function: generateAsimov) ToyMCSamplerOpt.cc: 139 -- Using internal logic for binned/unbinned Asimov dataset generation
INFO: (function: generateWithHisto) ToyMCSamplerOpt.cc: 214 -- Generating asimov with histogram for pdf pdf_binfail_SIG_obsOnly: in 6 x-bins
INFO: (function: generateWithHisto) ToyMCSamplerOpt.cc: 215 -- , in 1 y-bins
INFO: (function: generateAsimov) ToyMCSamplerOpt.cc: 139 -- Using internal logic for binned/unbinned Asimov dataset generation
INFO: (function: generateWithHisto) ToyMCSamplerOpt.cc: 214 -- Generating asimov with histogram for pdf pdf_binpass_LOW_obsOnly: in 5 x-bins
INFO: (function: generateWithHisto) ToyMCSamplerOpt.cc: 215 -- , in 1 y-bins
INFO: (function: generateAsimov) ToyMCSamplerOpt.cc: 139 -- Using internal logic for binned/unbinned Asimov dataset generation
INFO: (function: generateWithHisto) ToyMCSamplerOpt.cc: 214 -- Generating asimov with histogram for pdf pdf_binpass_SIG_obsOnly: in 6 x-bins
INFO: (function: generateWithHisto) ToyMCSamplerOpt.cc: 215 -- , in 1 y-bins
INFO: (function: runLimitExpected) AsymptoticLimits.cc: 436 -- Median for expected limits = 10.375 (Sigma for expected limits = 5.29346)
INFO: (function: runLimit) AsymptoticLimits.cc: 193 -- NLL at global minimum of data = -123275 (r=11.5069)
INFO: (function: runLimit) AsymptoticLimits.cc: 213 -- NLL at global minimum of asimov = -3255.59 (r=3.22739e-05)
INFO: (function: getCLs) AsymptoticLimits.cc: 343 -- At r = 37.393949:	q_mu = 4.43893	q_A  = 14.12861	CLsb = 0.01756	CLb  = 0.95073	CLs  = 0.01847
INFO: (function: getCLs) AsymptoticLimits.cc: 343 -- At r = 24.450431:	q_mu = 1.52696	q_A  = 9.16415	CLsb = 0.10828	CLb  = 0.96340	CLs  = 0.11240
INFO: (function: getCLs) AsymptoticLimits.cc: 343 -- At r = 31.684356:	q_mu = 3.05949	q_A  = 11.93219	CLsb = 0.04013	CLb  = 0.95592	CLs  = 0.04198
INFO: (function: getCLs) AsymptoticLimits.cc: 343 -- At r = 29.210731:	q_mu = 2.50392	q_A  = 10.98367	CLsb = 0.05678	CLb  = 0.95834	CLs  = 0.05925
INFO: (function: getCLs) AsymptoticLimits.cc: 343 -- At r = 30.680569:	q_mu = 2.83074	q_A  = 11.54705	CLsb = 0.04624	CLb  = 0.95688	CLs  = 0.04832
INFO: (function: getCLs) AsymptoticLimits.cc: 343 -- At r = 30.189644:	q_mu = 2.72042	q_A  = 11.35880	CLsb = 0.04954	CLb  = 0.95737	CLs  = 0.05174
INFO: (function: getCLs) AsymptoticLimits.cc: 343 -- At r = 30.386274:	q_mu = 2.76447	q_A  = 11.43419	CLsb = 0.04819	CLb  = 0.95717	CLs  = 0.05035
INFO: (function: getCLs) AsymptoticLimits.cc: 343 -- At r = 30.484626:	q_mu = 2.78657	q_A  = 11.47190	CLsb = 0.04753	CLb  = 0.95708	CLs  = 0.04966
