INFO: (function: improveOnce) CascadeMinimizer.cc: 188 -- Minimisation configured with Type=Minuit2, Algo=Migrad, strategy=0, tolerance=0.1
INFO: (function: improveOnce) CascadeMinimizer.cc: 211 -- Minimisation finished with status=0
INFO: (function: improveOnce) CascadeMinimizer.cc: 216 -- Minimization success! status=0
INFO: (function: generateAsimov) ToyMCSamplerOpt.cc: 139 -- Using internal logic for binned/unbinned Asimov dataset generation
INFO: (function: generateWithHisto) ToyMCSamplerOpt.cc: 214 -- Generating asimov with histogram for pdf pdf_binfail_LOW_obsOnly: in 5 x-bins
INFO: (function: generateWithHisto) ToyMCSamplerOpt.cc: 215 -- , in 1 y-bins
INFO: (function: generateAsimov) ToyMCSamplerOpt.cc: 139 -- Using internal logic for binned/unbinned Asimov dataset generation
INFO: (function: generateWithHisto) ToyMCSamplerOpt.cc: 214 -- Generating asimov with histogram for pdf pdf_binfail_SIG_obsOnly: in 6 x-bins
INFO: (function: generateWithHisto) ToyMCSamplerOpt.cc: 215 -- , in 1 y-bins
INFO: (function: generateAsimov) ToyMCSamplerOpt.cc: 139 -- Using internal logic for binned/unbinned Asimov dataset generation
INFO: (function: generateWithHisto) ToyMCSamplerOpt.cc: 214 -- Generating asimov with histogram for pdf pdf_binpass_LOW_obsOnly: in 5 x-bins
INFO: (function: generateWithHisto) ToyMCSamplerOpt.cc: 215 -- , in 1 y-bins
INFO: (function: generateAsimov) ToyMCSamplerOpt.cc: 139 -- Using internal logic for binned/unbinned Asimov dataset generation
INFO: (function: generateWithHisto) ToyMCSamplerOpt.cc: 214 -- Generating asimov with histogram for pdf pdf_binpass_SIG_obsOnly: in 6 x-bins
INFO: (function: generateWithHisto) ToyMCSamplerOpt.cc: 215 -- , in 1 y-bins
INFO: (function: runLimitExpected) AsymptoticLimits.cc: 436 -- Median for expected limits = 0.00634766 (Sigma for expected limits = 0.00323866)
INFO: (function: runLimit) AsymptoticLimits.cc: 193 -- NLL at global minimum of data = -986748 (r=1.38226e-08)
INFO: (function: runLimit) AsymptoticLimits.cc: 213 -- NLL at global minimum of asimov = -986763 (r=1.11133e-12)
INFO: (function: getCLs) AsymptoticLimits.cc: 343 -- At r = 1.200000:	q_mu = 467.40094	q_A  = 471.16095	CLsb = 0.00000	CLb  = 0.53458	CLs  = 0.00000
INFO: (function: getCLs) AsymptoticLimits.cc: 343 -- At r = 0.600000:	q_mu = 273.54844	q_A  = 275.42472	CLsb = 0.00000	CLb  = 0.52258	CLs  = 0.00000
INFO: (function: getCLs) AsymptoticLimits.cc: 343 -- At r = 0.300000:	q_mu = 165.97997	q_A  = 166.51858	CLsb = 0.00000	CLb  = 0.50833	CLs  = 0.00000
INFO: (function: getCLs) AsymptoticLimits.cc: 343 -- At r = 0.150000:	q_mu = 96.30301	q_A  = 95.85235	CLsb = 0.00000	CLb  = 0.49082	CLs  = 0.00000
INFO: (function: getCLs) AsymptoticLimits.cc: 343 -- At r = 0.075000:	q_mu = 52.51318	q_A  = 51.30720	CLsb = 0.00000	CLb  = 0.46646	CLs  = 0.00000
INFO: (function: getCLs) AsymptoticLimits.cc: 343 -- At r = 0.037500:	q_mu = 27.44093	q_A  = 25.68497	CLsb = 0.00000	CLb  = 0.43123	CLs  = 0.00000
INFO: (function: getCLs) AsymptoticLimits.cc: 343 -- At r = 0.018750:	q_mu = 14.40662	q_A  = 12.51900	CLsb = 0.00007	CLb  = 0.39483	CLs  = 0.00018
INFO: (function: getCLs) AsymptoticLimits.cc: 343 -- At r = 0.009375:	q_mu = 7.37011	q_A  = 5.73964	CLsb = 0.00311	CLb  = 0.36682	CLs  = 0.00848
INFO: (function: getCLs) AsymptoticLimits.cc: 343 -- At r = 0.004688:	q_mu = 3.71250	q_A  = 2.41596	CLsb = 0.02434	CLb  = 0.33831	CLs  = 0.07194
INFO: (function: getCLs) AsymptoticLimits.cc: 343 -- At r = 0.007031:	q_mu = 5.55286	q_A  = 4.05697	CLsb = 0.00853	CLb  = 0.35519	CLs  = 0.02401
INFO: (function: getCLs) AsymptoticLimits.cc: 343 -- At r = 0.005778:	q_mu = 4.57208	q_A  = 3.17142	CLsb = 0.01485	CLb  = 0.34707	CLs  = 0.04278
INFO: (function: getCLs) AsymptoticLimits.cc: 343 -- At r = 0.005298:	q_mu = 4.19470	q_A  = 2.83688	CLsb = 0.01843	CLb  = 0.34344	CLs  = 0.05365
INFO: (function: getCLs) AsymptoticLimits.cc: 343 -- At r = 0.005514:	q_mu = 4.36434	q_A  = 2.98685	CLsb = 0.01672	CLb  = 0.34512	CLs  = 0.04845
