INFO: (function: improveOnce) CascadeMinimizer.cc: 188 -- Minimisation configured with Type=Minuit2, Algo=Migrad, strategy=0, tolerance=0.1
INFO: (function: improveOnce) CascadeMinimizer.cc: 211 -- Minimisation finished with status=0
INFO: (function: improveOnce) CascadeMinimizer.cc: 216 -- Minimization success! status=0
INFO: (function: generateAsimov) ToyMCSamplerOpt.cc: 139 -- Using internal logic for binned/unbinned Asimov dataset generation
INFO: (function: generateWithHisto) ToyMCSamplerOpt.cc: 214 -- Generating asimov with histogram for pdf pdf_binfail_LOW_obsOnly: in 5 x-bins
INFO: (function: generateWithHisto) ToyMCSamplerOpt.cc: 215 -- , in 1 y-bins
INFO: (function: generateAsimov) ToyMCSamplerOpt.cc: 139 -- Using internal logic for binned/unbinned Asimov dataset generation
INFO: (function: generateWithHisto) ToyMCSamplerOpt.cc: 214 -- Generating asimov with histogram for pdf pdf_binfail_SIG_obsOnly: in 6 x-bins
INFO: (function: generateWithHisto) ToyMCSamplerOpt.cc: 215 -- , in 1 y-bins
INFO: (function: generateAsimov) ToyMCSamplerOpt.cc: 139 -- Using internal logic for binned/unbinned Asimov dataset generation
INFO: (function: generateWithHisto) ToyMCSamplerOpt.cc: 214 -- Generating asimov with histogram for pdf pdf_binpass_LOW_obsOnly: in 5 x-bins
INFO: (function: generateWithHisto) ToyMCSamplerOpt.cc: 215 -- , in 1 y-bins
INFO: (function: generateAsimov) ToyMCSamplerOpt.cc: 139 -- Using internal logic for binned/unbinned Asimov dataset generation
INFO: (function: generateWithHisto) ToyMCSamplerOpt.cc: 214 -- Generating asimov with histogram for pdf pdf_binpass_SIG_obsOnly: in 6 x-bins
INFO: (function: generateWithHisto) ToyMCSamplerOpt.cc: 215 -- , in 1 y-bins
INFO: (function: runLimitExpected) AsymptoticLimits.cc: 436 -- Median for expected limits = 0.0805664 (Sigma for expected limits = 0.0411061)
INFO: (function: runLimit) AsymptoticLimits.cc: 193 -- NLL at global minimum of data = -1.57239e+06 (r=0.0169546)
INFO: (function: runLimit) AsymptoticLimits.cc: 213 -- NLL at global minimum of asimov = -1.57243e+06 (r=0.000278407)
INFO: (function: getCLs) AsymptoticLimits.cc: 343 -- At r = 1.216955:	q_mu = 86.30930	q_A  = 134.85879	CLsb = 0.00000	CLb  = 0.98990	CLs  = 0.00000
INFO: (function: getCLs) AsymptoticLimits.cc: 343 -- At r = 0.616955:	q_mu = 10.47491	q_A  = 57.50784	CLsb = 0.00061	CLb  = 0.99999	CLs  = 0.00061
INFO: (function: getCLs) AsymptoticLimits.cc: 343 -- At r = 0.316955:	q_mu = 0.00000	q_A  = 24.82442	CLsb = 0.50000	CLb  = 1.00000	CLs  = 0.50000
INFO: (function: getCLs) AsymptoticLimits.cc: 343 -- At r = 0.466955:	q_mu = 0.00000	q_A  = 40.44420	CLsb = 0.50000	CLb  = 1.00000	CLs  = 0.50000
INFO: (function: getCLs) AsymptoticLimits.cc: 343 -- At r = 0.541955:	q_mu = 2.28714	q_A  = 48.83202	CLsb = 0.06522	CLb  = 1.00000	CLs  = 0.06522
INFO: (function: getCLs) AsymptoticLimits.cc: 343 -- At r = 0.579455:	q_mu = 6.34106	q_A  = 53.13808	CLsb = 0.00590	CLb  = 1.00000	CLs  = 0.00590
INFO: (function: getCLs) AsymptoticLimits.cc: 343 -- At r = 0.560705:	q_mu = 4.30344	q_A  = 50.97662	CLsb = 0.01902	CLb  = 1.00000	CLs  = 0.01902
INFO: (function: getCLs) AsymptoticLimits.cc: 343 -- At r = 0.548940:	q_mu = 3.03560	q_A  = 49.62894	CLsb = 0.04073	CLb  = 1.00000	CLs  = 0.04073
INFO: (function: getCLs) AsymptoticLimits.cc: 343 -- At r = 0.545109:	q_mu = 2.62455	q_A  = 49.19159	CLsb = 0.05261	CLb  = 1.00000	CLs  = 0.05261
INFO: (function: getCLs) AsymptoticLimits.cc: 343 -- At r = 0.546484:	q_mu = 2.77205	q_A  = 49.34855	CLsb = 0.04796	CLb  = 1.00000	CLs  = 0.04796
