INFO: (function: improveOnce) CascadeMinimizer.cc: 188 -- Minimisation configured with Type=Minuit2, Algo=Migrad, strategy=0, tolerance=0.1
INFO: (function: improveOnce) CascadeMinimizer.cc: 211 -- Minimisation finished with status=0
INFO: (function: improveOnce) CascadeMinimizer.cc: 216 -- Minimization success! status=0
INFO: (function: generateAsimov) ToyMCSamplerOpt.cc: 139 -- Using internal logic for binned/unbinned Asimov dataset generation
INFO: (function: generateWithHisto) ToyMCSamplerOpt.cc: 214 -- Generating asimov with histogram for pdf pdf_binfail_LOW_obsOnly: in 6 x-bins
INFO: (function: generateWithHisto) ToyMCSamplerOpt.cc: 215 -- , in 1 y-bins
INFO: (function: generateAsimov) ToyMCSamplerOpt.cc: 139 -- Using internal logic for binned/unbinned Asimov dataset generation
INFO: (function: generateWithHisto) ToyMCSamplerOpt.cc: 214 -- Generating asimov with histogram for pdf pdf_binfail_SIG_obsOnly: in 2 x-bins
INFO: (function: generateWithHisto) ToyMCSamplerOpt.cc: 215 -- , in 1 y-bins
INFO: (function: generateAsimov) ToyMCSamplerOpt.cc: 139 -- Using internal logic for binned/unbinned Asimov dataset generation
INFO: (function: generateWithHisto) ToyMCSamplerOpt.cc: 214 -- Generating asimov with histogram for pdf pdf_binpass_LOW_obsOnly: in 6 x-bins
INFO: (function: generateWithHisto) ToyMCSamplerOpt.cc: 215 -- , in 1 y-bins
INFO: (function: generateAsimov) ToyMCSamplerOpt.cc: 139 -- Using internal logic for binned/unbinned Asimov dataset generation
INFO: (function: generateWithHisto) ToyMCSamplerOpt.cc: 214 -- Generating asimov with histogram for pdf pdf_binpass_SIG_obsOnly: in 2 x-bins
INFO: (function: generateWithHisto) ToyMCSamplerOpt.cc: 215 -- , in 1 y-bins
INFO: (function: runLimitExpected) AsymptoticLimits.cc: 436 -- Median for expected limits = 0.509766 (Sigma for expected limits = 0.260089)
INFO: (function: runLimit) AsymptoticLimits.cc: 193 -- NLL at global minimum of data = -11012.1 (r=0.185282)
INFO: (function: runLimit) AsymptoticLimits.cc: 213 -- NLL at global minimum of asimov = -11019 (r=0.000466234)
INFO: (function: getCLs) AsymptoticLimits.cc: 343 -- At r = 1.385282:	q_mu = 4.65706	q_A  = 8.60344	CLsb = 0.01546	CLb  = 0.78087	CLs  = 0.01980
INFO: (function: getCLs) AsymptoticLimits.cc: 343 -- At r = 0.785282:	q_mu = 2.26444	q_A  = 5.58013	CLsb = 0.06619	CLb  = 0.80440	CLs  = 0.08228
INFO: (function: getCLs) AsymptoticLimits.cc: 343 -- At r = 1.073149:	q_mu = 3.46174	q_A  = 7.13362	CLsb = 0.03140	CLb  = 0.79112	CLs  = 0.03969
INFO: (function: getCLs) AsymptoticLimits.cc: 343 -- At r = 0.942649:	q_mu = 2.93024	q_A  = 6.45691	CLsb = 0.04347	CLb  = 0.79652	CLs  = 0.05457
INFO: (function: getCLs) AsymptoticLimits.cc: 343 -- At r = 0.997441:	q_mu = 3.15583	q_A  = 6.74614	CLsb = 0.03783	CLb  = 0.79414	CLs  = 0.04763
INFO: (function: getCLs) AsymptoticLimits.cc: 343 -- At r = 0.970854:	q_mu = 3.04679	q_A  = 6.60676	CLsb = 0.04045	CLb  = 0.79527	CLs  = 0.05086
INFO: (function: getCLs) AsymptoticLimits.cc: 343 -- At r = 0.981712:	q_mu = 3.09143	q_A  = 6.66390	CLsb = 0.03935	CLb  = 0.79480	CLs  = 0.04951
INFO: (function: getCLs) AsymptoticLimits.cc: 343 -- At r = 0.976374:	q_mu = 3.06950	q_A  = 6.63584	CLsb = 0.03989	CLb  = 0.79503	CLs  = 0.05017
INFO: (function: getCLs) AsymptoticLimits.cc: 343 -- At r = 0.978541:	q_mu = 3.07841	q_A  = 6.64726	CLsb = 0.03967	CLb  = 0.79494	CLs  = 0.04990
