INFO: (function: improveOnce) CascadeMinimizer.cc: 188 -- Minimisation configured with Type=Minuit2, Algo=Migrad, strategy=0, tolerance=0.1
INFO: (function: improveOnce) CascadeMinimizer.cc: 211 -- Minimisation finished with status=0
INFO: (function: improveOnce) CascadeMinimizer.cc: 216 -- Minimization success! status=0
INFO: (function: generateAsimov) ToyMCSamplerOpt.cc: 139 -- Using internal logic for binned/unbinned Asimov dataset generation
INFO: (function: generateWithHisto) ToyMCSamplerOpt.cc: 214 -- Generating asimov with histogram for pdf pdf_binfail_LOW_obsOnly: in 9 x-bins
INFO: (function: generateWithHisto) ToyMCSamplerOpt.cc: 215 -- , in 1 y-bins
INFO: (function: generateAsimov) ToyMCSamplerOpt.cc: 139 -- Using internal logic for binned/unbinned Asimov dataset generation
INFO: (function: generateWithHisto) ToyMCSamplerOpt.cc: 214 -- Generating asimov with histogram for pdf pdf_binfail_SIG_obsOnly: in 5 x-bins
INFO: (function: generateWithHisto) ToyMCSamplerOpt.cc: 215 -- , in 1 y-bins
INFO: (function: generateAsimov) ToyMCSamplerOpt.cc: 139 -- Using internal logic for binned/unbinned Asimov dataset generation
INFO: (function: generateWithHisto) ToyMCSamplerOpt.cc: 214 -- Generating asimov with histogram for pdf pdf_binpass_LOW_obsOnly: in 9 x-bins
INFO: (function: generateWithHisto) ToyMCSamplerOpt.cc: 215 -- , in 1 y-bins
INFO: (function: generateAsimov) ToyMCSamplerOpt.cc: 139 -- Using internal logic for binned/unbinned Asimov dataset generation
INFO: (function: generateWithHisto) ToyMCSamplerOpt.cc: 214 -- Generating asimov with histogram for pdf pdf_binpass_SIG_obsOnly: in 5 x-bins
INFO: (function: generateWithHisto) ToyMCSamplerOpt.cc: 215 -- , in 1 y-bins
DEBUG: (function: runLimitExpected) AsymptoticLimits.cc: 423 -- Best fit of asimov dataset is at r = 0.050599 (0.002530 times rMax), while it should be at zero
INFO: (function: runLimitExpected) AsymptoticLimits.cc: 436 -- Median for expected limits = 266.5 (Sigma for expected limits = 135.972)
INFO: (function: runLimit) AsymptoticLimits.cc: 193 -- NLL at global minimum of data = -58897.3 (r=59.3375)
INFO: (function: runLimit) AsymptoticLimits.cc: 213 -- NLL at global minimum of asimov = -58973.6 (r=0.0296655)
INFO: (function: getCLs) AsymptoticLimits.cc: 343 -- At r = 292.658580:	q_mu = 3.92997	q_A  = 4.45601	CLsb = 0.02372	CLb  = 0.55113	CLs  = 0.04303
INFO: (function: getCLs) AsymptoticLimits.cc: 343 -- At r = 175.998065:	q_mu = 1.23016	q_A  = 2.11140	CLsb = 0.13369	CLb  = 0.63455	CLs  = 0.21068
INFO: (function: getCLs) AsymptoticLimits.cc: 343 -- At r = 234.328322:	q_mu = 2.43687	q_A  = 3.15806	CLsb = 0.05926	CLb  = 0.58552	CLs  = 0.10120
INFO: (function: getCLs) AsymptoticLimits.cc: 343 -- At r = 272.803677:	q_mu = 3.39139	q_A  = 3.98578	CLsb = 0.03277	CLb  = 0.56154	CLs  = 0.05836
INFO: (function: getCLs) AsymptoticLimits.cc: 343 -- At r = 280.862016:	q_mu = 3.60619	q_A  = 4.17298	CLsb = 0.02878	CLb  = 0.55717	CLs  = 0.05166
INFO: (function: getCLs) AsymptoticLimits.cc: 343 -- At r = 284.906830:	q_mu = 3.71592	q_A  = 4.26885	CLsb = 0.02695	CLb  = 0.55506	CLs  = 0.04855
INFO: (function: getCLs) AsymptoticLimits.cc: 343 -- At r = 282.563319:	q_mu = 3.65246	q_A  = 4.21332	CLsb = 0.02799	CLb  = 0.55626	CLs  = 0.05032
INFO: (function: getCLs) AsymptoticLimits.cc: 343 -- At r = 283.369285:	q_mu = 3.67415	q_A  = 4.23227	CLsb = 0.02763	CLb  = 0.55584	CLs  = 0.04971
