INFO: (function: improveOnce) CascadeMinimizer.cc: 188 -- Minimisation configured with Type=Minuit2, Algo=Migrad, strategy=0, tolerance=0.1
INFO: (function: improveOnce) CascadeMinimizer.cc: 211 -- Minimisation finished with status=0
INFO: (function: improveOnce) CascadeMinimizer.cc: 216 -- Minimization success! status=0
INFO: (function: generateAsimov) ToyMCSamplerOpt.cc: 139 -- Using internal logic for binned/unbinned Asimov dataset generation
INFO: (function: generateWithHisto) ToyMCSamplerOpt.cc: 214 -- Generating asimov with histogram for pdf pdf_binfail_LOW_obsOnly: in 5 x-bins
INFO: (function: generateWithHisto) ToyMCSamplerOpt.cc: 215 -- , in 1 y-bins
INFO: (function: generateAsimov) ToyMCSamplerOpt.cc: 139 -- Using internal logic for binned/unbinned Asimov dataset generation
INFO: (function: generateWithHisto) ToyMCSamplerOpt.cc: 214 -- Generating asimov with histogram for pdf pdf_binfail_SIG_obsOnly: in 4 x-bins
INFO: (function: generateWithHisto) ToyMCSamplerOpt.cc: 215 -- , in 1 y-bins
INFO: (function: generateAsimov) ToyMCSamplerOpt.cc: 139 -- Using internal logic for binned/unbinned Asimov dataset generation
INFO: (function: generateWithHisto) ToyMCSamplerOpt.cc: 214 -- Generating asimov with histogram for pdf pdf_binpass_LOW_obsOnly: in 5 x-bins
INFO: (function: generateWithHisto) ToyMCSamplerOpt.cc: 215 -- , in 1 y-bins
INFO: (function: generateAsimov) ToyMCSamplerOpt.cc: 139 -- Using internal logic for binned/unbinned Asimov dataset generation
INFO: (function: generateWithHisto) ToyMCSamplerOpt.cc: 214 -- Generating asimov with histogram for pdf pdf_binpass_SIG_obsOnly: in 4 x-bins
INFO: (function: generateWithHisto) ToyMCSamplerOpt.cc: 215 -- , in 1 y-bins
INFO: (function: runLimitExpected) AsymptoticLimits.cc: 436 -- Median for expected limits = 0.00146484 (Sigma for expected limits = 0.000747383)
INFO: (function: runLimit) AsymptoticLimits.cc: 193 -- NLL at global minimum of data = -81333.5 (r=0.000245352)
INFO: (function: runLimit) AsymptoticLimits.cc: 213 -- NLL at global minimum of asimov = -81349.7 (r=2.74251e-09)
INFO: (function: getCLs) AsymptoticLimits.cc: 343 -- At r = 1.200245:	q_mu = 1613.65629	q_A  = 1609.16860	CLsb = 0.00000	CLb  = 0.47770	CLs  = 0.00000
INFO: (function: getCLs) AsymptoticLimits.cc: 343 -- At r = 0.600245:	q_mu = 841.41985	q_A  = 836.74257	CLsb = 0.00000	CLb  = 0.46778	CLs  = 0.00000
INFO: (function: getCLs) AsymptoticLimits.cc: 343 -- At r = 0.300245:	q_mu = 453.02255	q_A  = 448.80816	CLsb = 0.00000	CLb  = 0.46038	CLs  = 0.00000
INFO: (function: getCLs) AsymptoticLimits.cc: 343 -- At r = 0.150245:	q_mu = 244.05193	q_A  = 241.65912	CLsb = 0.00000	CLb  = 0.46933	CLs  = 0.00000
INFO: (function: getCLs) AsymptoticLimits.cc: 343 -- At r = 0.075245:	q_mu = 139.76400	q_A  = 139.34658	CLsb = 0.00000	CLb  = 0.49295	CLs  = 0.00000
INFO: (function: getCLs) AsymptoticLimits.cc: 343 -- At r = 0.037745:	q_mu = 87.41542	q_A  = 88.24167	CLsb = 0.00000	CLb  = 0.51758	CLs  = 0.00000
INFO: (function: getCLs) AsymptoticLimits.cc: 343 -- At r = 0.018995:	q_mu = 52.65973	q_A  = 54.32068	CLsb = 0.00000	CLb  = 0.54520	CLs  = 0.00000
INFO: (function: getCLs) AsymptoticLimits.cc: 343 -- At r = 0.009620:	q_mu = 29.32489	q_A  = 31.69246	CLsb = 0.00000	CLb  = 0.58487	CLs  = 0.00000
INFO: (function: getCLs) AsymptoticLimits.cc: 343 -- At r = 0.004933:	q_mu = 15.29051	q_A  = 17.66704	CLsb = 0.00005	CLb  = 0.61520	CLs  = 0.00007
INFO: (function: getCLs) AsymptoticLimits.cc: 343 -- At r = 0.002589:	q_mu = 7.22854	q_A  = 9.36816	CLsb = 0.00359	CLb  = 0.64511	CLs  = 0.00556
INFO: (function: getCLs) AsymptoticLimits.cc: 343 -- At r = 0.001417:	q_mu = 3.05330	q_A  = 4.83483	CLsb = 0.04029	CLb  = 0.67417	CLs  = 0.05976
INFO: (function: getCLs) AsymptoticLimits.cc: 343 -- At r = 0.002003:	q_mu = 5.12758	q_A  = 7.12854	CLsb = 0.01177	CLb  = 0.65745	CLs  = 0.01791
INFO: (function: getCLs) AsymptoticLimits.cc: 343 -- At r = 0.001604:	q_mu = 3.70557	q_A  = 5.56932	CLsb = 0.02712	CLb  = 0.66820	CLs  = 0.04058
