INFO: (function: improveOnce) CascadeMinimizer.cc: 188 -- Minimisation configured with Type=Minuit2, Algo=Migrad, strategy=0, tolerance=0.1
INFO: (function: improveOnce) CascadeMinimizer.cc: 211 -- Minimisation finished with status=0
INFO: (function: improveOnce) CascadeMinimizer.cc: 216 -- Minimization success! status=0
INFO: (function: generateAsimov) ToyMCSamplerOpt.cc: 139 -- Using internal logic for binned/unbinned Asimov dataset generation
INFO: (function: generateWithHisto) ToyMCSamplerOpt.cc: 214 -- Generating asimov with histogram for pdf pdf_binfail_LOW_obsOnly: in 5 x-bins
INFO: (function: generateWithHisto) ToyMCSamplerOpt.cc: 215 -- , in 1 y-bins
INFO: (function: generateAsimov) ToyMCSamplerOpt.cc: 139 -- Using internal logic for binned/unbinned Asimov dataset generation
INFO: (function: generateWithHisto) ToyMCSamplerOpt.cc: 214 -- Generating asimov with histogram for pdf pdf_binfail_SIG_obsOnly: in 4 x-bins
INFO: (function: generateWithHisto) ToyMCSamplerOpt.cc: 215 -- , in 1 y-bins
INFO: (function: generateAsimov) ToyMCSamplerOpt.cc: 139 -- Using internal logic for binned/unbinned Asimov dataset generation
INFO: (function: generateWithHisto) ToyMCSamplerOpt.cc: 214 -- Generating asimov with histogram for pdf pdf_binpass_LOW_obsOnly: in 5 x-bins
INFO: (function: generateWithHisto) ToyMCSamplerOpt.cc: 215 -- , in 1 y-bins
INFO: (function: generateAsimov) ToyMCSamplerOpt.cc: 139 -- Using internal logic for binned/unbinned Asimov dataset generation
INFO: (function: generateWithHisto) ToyMCSamplerOpt.cc: 214 -- Generating asimov with histogram for pdf pdf_binpass_SIG_obsOnly: in 4 x-bins
INFO: (function: generateWithHisto) ToyMCSamplerOpt.cc: 215 -- , in 1 y-bins
INFO: (function: runLimitExpected) AsymptoticLimits.cc: 436 -- Median for expected limits = 0.205078 (Sigma for expected limits = 0.104634)
INFO: (function: runLimit) AsymptoticLimits.cc: 193 -- NLL at global minimum of data = -76479.1 (r=0.0429205)
INFO: (function: runLimit) AsymptoticLimits.cc: 213 -- NLL at global minimum of asimov = -76478.6 (r=2.88345e-05)
INFO: (function: getCLs) AsymptoticLimits.cc: 343 -- At r = 1.242920:	q_mu = 19.97977	q_A  = 22.61453	CLsb = 0.00000	CLb  = 0.61241	CLs  = 0.00001
INFO: (function: getCLs) AsymptoticLimits.cc: 343 -- At r = 0.642920:	q_mu = 10.29968	q_A  = 12.70446	CLsb = 0.00067	CLb  = 0.63871	CLs  = 0.00104
INFO: (function: getCLs) AsymptoticLimits.cc: 343 -- At r = 0.342920:	q_mu = 4.75616	q_A  = 6.81014	CLsb = 0.01460	CLb  = 0.66595	CLs  = 0.02192
INFO: (function: getCLs) AsymptoticLimits.cc: 343 -- At r = 0.192920:	q_mu = 1.93979	q_A  = 3.58530	CLsb = 0.08185	CLb  = 0.69172	CLs  = 0.11832
INFO: (function: getCLs) AsymptoticLimits.cc: 343 -- At r = 0.254227:	q_mu = 3.07113	q_A  = 4.92099	CLsb = 0.03985	CLb  = 0.67934	CLs  = 0.05866
INFO: (function: getCLs) AsymptoticLimits.cc: 343 -- At r = 0.283474:	q_mu = 3.62417	q_A  = 5.55064	CLsb = 0.02847	CLb  = 0.67446	CLs  = 0.04222
INFO: (function: getCLs) AsymptoticLimits.cc: 343 -- At r = 0.271435:	q_mu = 3.39596	q_A  = 5.29221	CLsb = 0.03268	CLb  = 0.67640	CLs  = 0.04831
INFO: (function: getCLs) AsymptoticLimits.cc: 343 -- At r = 0.265555:	q_mu = 3.28479	q_A  = 5.16565	CLsb = 0.03496	CLb  = 0.67739	CLs  = 0.05161
INFO: (function: getCLs) AsymptoticLimits.cc: 343 -- At r = 0.268991:	q_mu = 3.34972	q_A  = 5.23970	CLsb = 0.03361	CLb  = 0.67682	CLs  = 0.04966
INFO: (function: getCLs) AsymptoticLimits.cc: 343 -- At r = 0.267813:	q_mu = 3.32746	q_A  = 5.21423	CLsb = 0.03407	CLb  = 0.67700	CLs  = 0.05032
INFO: (function: getCLs) AsymptoticLimits.cc: 343 -- At r = 0.268500:	q_mu = 3.34045	q_A  = 5.22902	CLsb = 0.03380	CLb  = 0.67689	CLs  = 0.04993
