INFO: (function: improveOnce) CascadeMinimizer.cc: 188 -- Minimisation configured with Type=Minuit2, Algo=Migrad, strategy=0, tolerance=0.1
INFO: (function: improveOnce) CascadeMinimizer.cc: 211 -- Minimisation finished with status=0
INFO: (function: improveOnce) CascadeMinimizer.cc: 216 -- Minimization success! status=0
INFO: (function: generateAsimov) ToyMCSamplerOpt.cc: 139 -- Using internal logic for binned/unbinned Asimov dataset generation
INFO: (function: generateWithHisto) ToyMCSamplerOpt.cc: 214 -- Generating asimov with histogram for pdf pdf_binfail_LOW_obsOnly: in 6 x-bins
INFO: (function: generateWithHisto) ToyMCSamplerOpt.cc: 215 -- , in 1 y-bins
INFO: (function: generateAsimov) ToyMCSamplerOpt.cc: 139 -- Using internal logic for binned/unbinned Asimov dataset generation
INFO: (function: generateWithHisto) ToyMCSamplerOpt.cc: 214 -- Generating asimov with histogram for pdf pdf_binfail_SIG_obsOnly: in 3 x-bins
INFO: (function: generateWithHisto) ToyMCSamplerOpt.cc: 215 -- , in 1 y-bins
INFO: (function: generateAsimov) ToyMCSamplerOpt.cc: 139 -- Using internal logic for binned/unbinned Asimov dataset generation
INFO: (function: generateWithHisto) ToyMCSamplerOpt.cc: 214 -- Generating asimov with histogram for pdf pdf_binpass_LOW_obsOnly: in 6 x-bins
INFO: (function: generateWithHisto) ToyMCSamplerOpt.cc: 215 -- , in 1 y-bins
INFO: (function: generateAsimov) ToyMCSamplerOpt.cc: 139 -- Using internal logic for binned/unbinned Asimov dataset generation
INFO: (function: generateWithHisto) ToyMCSamplerOpt.cc: 214 -- Generating asimov with histogram for pdf pdf_binpass_SIG_obsOnly: in 3 x-bins
INFO: (function: generateWithHisto) ToyMCSamplerOpt.cc: 215 -- , in 1 y-bins
DEBUG: (function: runLimitExpected) AsymptoticLimits.cc: 423 -- Best fit of asimov dataset is at r = 0.164628 (0.008231 times rMax), while it should be at zero
INFO: (function: runLimitExpected) AsymptoticLimits.cc: 436 -- Median for expected limits = 719 (Sigma for expected limits = 366.843)
INFO: (function: runLimit) AsymptoticLimits.cc: 193 -- NLL at global minimum of data = -4.38876e+06 (r=8.07039e-05)
INFO: (function: runLimit) AsymptoticLimits.cc: 213 -- NLL at global minimum of asimov = -4.38876e+06 (r=0.122996)
INFO: (function: getCLs) AsymptoticLimits.cc: 343 -- At r = 199.823611:	q_mu = 2.23533	q_A  = 0.62091	CLsb = 0.03496	CLb  = 0.15282	CLs  = 0.22879
INFO: (function: getCLs) AsymptoticLimits.cc: 343 -- At r = 399.647223:	q_mu = 4.30995	q_A  = 1.79892	CLsb = 0.01138	CLb  = 0.17461	CLs  = 0.06519
INFO: (function: getCLs) AsymptoticLimits.cc: 343 -- At r = 799.294446:	q_mu = 7.81739	q_A  = 4.33054	CLsb = 0.00176	CLb  = 0.20108	CLs  = 0.00874
INFO: (function: getCLs) AsymptoticLimits.cc: 343 -- At r = 399.647263:	q_mu = 4.30997	q_A  = 1.79892	CLsb = 0.01138	CLb  = 0.17461	CLs  = 0.06519
INFO: (function: getCLs) AsymptoticLimits.cc: 343 -- At r = 599.470854:	q_mu = 6.15857	q_A  = 3.07881	CLsb = 0.00424	CLb  = 0.19008	CLs  = 0.02231
INFO: (function: getCLs) AsymptoticLimits.cc: 343 -- At r = 479.166730:	q_mu = 5.07078	q_A  = 2.30761	CLsb = 0.00758	CLb  = 0.18155	CLs  = 0.04175
INFO: (function: getCLs) AsymptoticLimits.cc: 343 -- At r = 437.517401:	q_mu = 4.67663	q_A  = 2.04049	CLsb = 0.00936	CLb  = 0.17808	CLs  = 0.05254
INFO: (function: getCLs) AsymptoticLimits.cc: 343 -- At r = 453.039044:	q_mu = 4.82465	q_A  = 2.13996	CLsb = 0.00865	CLb  = 0.17941	CLs  = 0.04819
INFO: (function: getCLs) AsymptoticLimits.cc: 343 -- At r = 444.636680:	q_mu = 4.74467	q_A  = 2.08608	CLsb = 0.00902	CLb  = 0.17869	CLs  = 0.05049
INFO: (function: getCLs) AsymptoticLimits.cc: 343 -- At r = 447.727472:	q_mu = 4.77413	q_A  = 2.10588	CLsb = 0.00888	CLb  = 0.17896	CLs  = 0.04963
INFO: (function: getCLs) AsymptoticLimits.cc: 343 -- At r = 446.044818:	q_mu = 4.75810	q_A  = 2.09510	CLsb = 0.00896	CLb  = 0.17881	CLs  = 0.05010
