INFO: (function: improveOnce) CascadeMinimizer.cc: 188 -- Minimisation configured with Type=Minuit2, Algo=Migrad, strategy=0, tolerance=0.1
INFO: (function: improveOnce) CascadeMinimizer.cc: 211 -- Minimisation finished with status=0
INFO: (function: improveOnce) CascadeMinimizer.cc: 216 -- Minimization success! status=0
INFO: (function: generateAsimov) ToyMCSamplerOpt.cc: 139 -- Using internal logic for binned/unbinned Asimov dataset generation
INFO: (function: generateWithHisto) ToyMCSamplerOpt.cc: 214 -- Generating asimov with histogram for pdf pdf_binfail_LOW_obsOnly: in 5 x-bins
INFO: (function: generateWithHisto) ToyMCSamplerOpt.cc: 215 -- , in 1 y-bins
INFO: (function: generateAsimov) ToyMCSamplerOpt.cc: 139 -- Using internal logic for binned/unbinned Asimov dataset generation
INFO: (function: generateWithHisto) ToyMCSamplerOpt.cc: 214 -- Generating asimov with histogram for pdf pdf_binfail_SIG_obsOnly: in 4 x-bins
INFO: (function: generateWithHisto) ToyMCSamplerOpt.cc: 215 -- , in 1 y-bins
INFO: (function: generateAsimov) ToyMCSamplerOpt.cc: 139 -- Using internal logic for binned/unbinned Asimov dataset generation
INFO: (function: generateWithHisto) ToyMCSamplerOpt.cc: 214 -- Generating asimov with histogram for pdf pdf_binpass_LOW_obsOnly: in 5 x-bins
INFO: (function: generateWithHisto) ToyMCSamplerOpt.cc: 215 -- , in 1 y-bins
INFO: (function: generateAsimov) ToyMCSamplerOpt.cc: 139 -- Using internal logic for binned/unbinned Asimov dataset generation
INFO: (function: generateWithHisto) ToyMCSamplerOpt.cc: 214 -- Generating asimov with histogram for pdf pdf_binpass_SIG_obsOnly: in 4 x-bins
INFO: (function: generateWithHisto) ToyMCSamplerOpt.cc: 215 -- , in 1 y-bins
INFO: (function: runLimitExpected) AsymptoticLimits.cc: 436 -- Median for expected limits = 0.000488281 (Sigma for expected limits = 0.000249128)
DEBUG: (function: findExpectedLimitFromCrossing) AsymptoticLimits.cc: 678 -- fail search for crossing of r between 0.000000 and 0.000488
INFO: (function: runLimit) AsymptoticLimits.cc: 193 -- NLL at global minimum of data = -1.02895e+06 (r=8.62359e-07)
INFO: (function: runLimit) AsymptoticLimits.cc: 213 -- NLL at global minimum of asimov = -1.02897e+06 (r=3.55826e-12)
INFO: (function: getCLs) AsymptoticLimits.cc: 343 -- At r = 1.200001:	q_mu = 13590.19748	q_A  = 13705.38005	CLsb = 0.00000	CLb  = 0.68899	CLs  = 0.00000
INFO: (function: getCLs) AsymptoticLimits.cc: 343 -- At r = 0.600001:	q_mu = 6944.39831	q_A  = 7020.60159	CLsb = 0.00000	CLb  = 0.67580	CLs  = 0.00000
INFO: (function: getCLs) AsymptoticLimits.cc: 343 -- At r = 0.300001:	q_mu = 3622.19165	q_A  = 3678.51101	CLsb = 0.00000	CLb  = 0.67942	CLs  = 0.00000
INFO: (function: getCLs) AsymptoticLimits.cc: 343 -- At r = 0.150001:	q_mu = 1943.06869	q_A  = 1989.35259	CLsb = 0.00000	CLb  = 0.69913	CLs  = 0.00000
INFO: (function: getCLs) AsymptoticLimits.cc: 343 -- At r = 0.075001:	q_mu = 1077.87764	q_A  = 1118.71308	CLsb = 0.00000	CLb  = 0.73109	CLs  = 0.00000
INFO: (function: getCLs) AsymptoticLimits.cc: 343 -- At r = 0.037501:	q_mu = 613.06843	q_A  = 650.26062	CLsb = 0.00000	CLb  = 0.77035	CLs  = 0.00000
INFO: (function: getCLs) AsymptoticLimits.cc: 343 -- At r = 0.018751:	q_mu = 351.50390	q_A  = 385.27546	CLsb = 0.00000	CLb  = 0.81057	CLs  = 0.00000
INFO: (function: getCLs) AsymptoticLimits.cc: 343 -- At r = 0.009376:	q_mu = 208.08702	q_A  = 241.65487	CLsb = 0.00000	CLb  = 0.86865	CLs  = 0.00000
INFO: (function: getCLs) AsymptoticLimits.cc: 343 -- At r = 0.004688:	q_mu = 121.91530	q_A  = 155.04609	CLsb = 0.00000	CLb  = 0.92076	CLs  = 0.00000
INFO: (function: getCLs) AsymptoticLimits.cc: 343 -- At r = 0.002345:	q_mu = 71.89990	q_A  = 104.44105	CLsb = 0.00000	CLb  = 0.95909	CLs  = 0.00000
INFO: (function: getCLs) AsymptoticLimits.cc: 343 -- At r = 0.001173:	q_mu = 44.80869	q_A  = 76.67174	CLsb = 0.00000	CLb  = 0.98041	CLs  = 0.00000
INFO: (function: getCLs) AsymptoticLimits.cc: 343 -- At r = 0.000587:	q_mu = 27.09767	q_A  = 58.77717	CLsb = 0.00000	CLb  = 0.99307	CLs  = 0.00000
INFO: (function: getCLs) AsymptoticLimits.cc: 343 -- At r = 0.000294:	q_mu = 12.21106	q_A  = 43.70048	CLsb = 0.00024	CLb  = 0.99908	CLs  = 0.00024
