INFO: (function: improveOnce) CascadeMinimizer.cc: 188 -- Minimisation configured with Type=Minuit2, Algo=Migrad, strategy=0, tolerance=0.1
INFO: (function: improveOnce) CascadeMinimizer.cc: 211 -- Minimisation finished with status=0
INFO: (function: improveOnce) CascadeMinimizer.cc: 216 -- Minimization success! status=0
INFO: (function: generateAsimov) ToyMCSamplerOpt.cc: 139 -- Using internal logic for binned/unbinned Asimov dataset generation
INFO: (function: generateWithHisto) ToyMCSamplerOpt.cc: 214 -- Generating asimov with histogram for pdf pdf_binfail_LOW_obsOnly: in 5 x-bins
INFO: (function: generateWithHisto) ToyMCSamplerOpt.cc: 215 -- , in 1 y-bins
INFO: (function: generateAsimov) ToyMCSamplerOpt.cc: 139 -- Using internal logic for binned/unbinned Asimov dataset generation
INFO: (function: generateWithHisto) ToyMCSamplerOpt.cc: 214 -- Generating asimov with histogram for pdf pdf_binfail_SIG_obsOnly: in 6 x-bins
INFO: (function: generateWithHisto) ToyMCSamplerOpt.cc: 215 -- , in 1 y-bins
INFO: (function: generateAsimov) ToyMCSamplerOpt.cc: 139 -- Using internal logic for binned/unbinned Asimov dataset generation
INFO: (function: generateWithHisto) ToyMCSamplerOpt.cc: 214 -- Generating asimov with histogram for pdf pdf_binpass_LOW_obsOnly: in 5 x-bins
INFO: (function: generateWithHisto) ToyMCSamplerOpt.cc: 215 -- , in 1 y-bins
INFO: (function: generateAsimov) ToyMCSamplerOpt.cc: 139 -- Using internal logic for binned/unbinned Asimov dataset generation
INFO: (function: generateWithHisto) ToyMCSamplerOpt.cc: 214 -- Generating asimov with histogram for pdf pdf_binpass_SIG_obsOnly: in 6 x-bins
INFO: (function: generateWithHisto) ToyMCSamplerOpt.cc: 215 -- , in 1 y-bins
INFO: (function: runLimitExpected) AsymptoticLimits.cc: 436 -- Median for expected limits = 0.019043 (Sigma for expected limits = 0.00971598)
INFO: (function: runLimit) AsymptoticLimits.cc: 193 -- NLL at global minimum of data = -985620 (r=4.18117e-09)
INFO: (function: runLimit) AsymptoticLimits.cc: 213 -- NLL at global minimum of asimov = -985617 (r=6.95e-12)
INFO: (function: getCLs) AsymptoticLimits.cc: 343 -- At r = 1.200000:	q_mu = 152.32352	q_A  = 149.13790	CLsb = 0.00000	CLb  = 0.44811	CLs  = 0.00000
INFO: (function: getCLs) AsymptoticLimits.cc: 343 -- At r = 0.600000:	q_mu = 97.34473	q_A  = 94.10562	CLsb = 0.00000	CLb  = 0.43370	CLs  = 0.00000
INFO: (function: getCLs) AsymptoticLimits.cc: 343 -- At r = 0.300000:	q_mu = 60.30232	q_A  = 57.22294	CLsb = 0.00000	CLb  = 0.41936	CLs  = 0.00000
INFO: (function: getCLs) AsymptoticLimits.cc: 343 -- At r = 0.150000:	q_mu = 35.40558	q_A  = 32.53834	CLsb = 0.00000	CLb  = 0.40078	CLs  = 0.00000
INFO: (function: getCLs) AsymptoticLimits.cc: 343 -- At r = 0.075000:	q_mu = 19.76451	q_A  = 17.23114	CLsb = 0.00000	CLb  = 0.38013	CLs  = 0.00001
INFO: (function: getCLs) AsymptoticLimits.cc: 343 -- At r = 0.037500:	q_mu = 10.57716	q_A  = 8.43998	CLsb = 0.00053	CLb  = 0.35650	CLs  = 0.00149
INFO: (function: getCLs) AsymptoticLimits.cc: 343 -- At r = 0.018750:	q_mu = 5.49573	q_A  = 3.79850	CLsb = 0.00855	CLb  = 0.33163	CLs  = 0.02579
INFO: (function: getCLs) AsymptoticLimits.cc: 343 -- At r = 0.009375:	q_mu = 2.81495	q_A  = 1.56189	CLsb = 0.03997	CLb  = 0.30807	CLs  = 0.12973
INFO: (function: getCLs) AsymptoticLimits.cc: 343 -- At r = 0.013802:	q_mu = 4.09237	q_A  = 2.59610	CLsb = 0.01897	CLb  = 0.32121	CLs  = 0.05905
INFO: (function: getCLs) AsymptoticLimits.cc: 343 -- At r = 0.015586:	q_mu = 4.60112	q_A  = 3.02563	CLsb = 0.01418	CLb  = 0.32532	CLs  = 0.04358
INFO: (function: getCLs) AsymptoticLimits.cc: 343 -- At r = 0.014584:	q_mu = 4.31568	q_A  = 2.78368	CLsb = 0.01669	CLb  = 0.32308	CLs  = 0.05165
INFO: (function: getCLs) AsymptoticLimits.cc: 343 -- At r = 0.014938:	q_mu = 4.41656	q_A  = 2.86891	CLsb = 0.01575	CLb  = 0.32389	CLs  = 0.04863
INFO: (function: getCLs) AsymptoticLimits.cc: 343 -- At r = 0.014737:	q_mu = 4.35926	q_A  = 2.82047	CLsb = 0.01628	CLb  = 0.32343	CLs  = 0.05032
