INFO: (function: improveOnce) CascadeMinimizer.cc: 188 -- Minimisation configured with Type=Minuit2, Algo=Migrad, strategy=0, tolerance=0.1
INFO: (function: improveOnce) CascadeMinimizer.cc: 211 -- Minimisation finished with status=0
INFO: (function: improveOnce) CascadeMinimizer.cc: 216 -- Minimization success! status=0
INFO: (function: generateAsimov) ToyMCSamplerOpt.cc: 139 -- Using internal logic for binned/unbinned Asimov dataset generation
INFO: (function: generateWithHisto) ToyMCSamplerOpt.cc: 214 -- Generating asimov with histogram for pdf pdf_binfail_LOW_obsOnly: in 6 x-bins
INFO: (function: generateWithHisto) ToyMCSamplerOpt.cc: 215 -- , in 1 y-bins
INFO: (function: generateAsimov) ToyMCSamplerOpt.cc: 139 -- Using internal logic for binned/unbinned Asimov dataset generation
INFO: (function: generateWithHisto) ToyMCSamplerOpt.cc: 214 -- Generating asimov with histogram for pdf pdf_binfail_SIG_obsOnly: in 1 x-bins
INFO: (function: generateWithHisto) ToyMCSamplerOpt.cc: 215 -- , in 1 y-bins
INFO: (function: generateAsimov) ToyMCSamplerOpt.cc: 139 -- Using internal logic for binned/unbinned Asimov dataset generation
INFO: (function: generateWithHisto) ToyMCSamplerOpt.cc: 214 -- Generating asimov with histogram for pdf pdf_binpass_LOW_obsOnly: in 6 x-bins
INFO: (function: generateWithHisto) ToyMCSamplerOpt.cc: 215 -- , in 1 y-bins
INFO: (function: generateAsimov) ToyMCSamplerOpt.cc: 139 -- Using internal logic for binned/unbinned Asimov dataset generation
INFO: (function: generateWithHisto) ToyMCSamplerOpt.cc: 214 -- Generating asimov with histogram for pdf pdf_binpass_SIG_obsOnly: in 1 x-bins
INFO: (function: generateWithHisto) ToyMCSamplerOpt.cc: 215 -- , in 1 y-bins
INFO: (function: runLimitExpected) AsymptoticLimits.cc: 436 -- Median for expected limits = 2202 (Sigma for expected limits = 1123.49)
INFO: (function: runLimit) AsymptoticLimits.cc: 193 -- NLL at global minimum of data = -3151.9 (r=1181.93)
INFO: (function: runLimit) AsymptoticLimits.cc: 213 -- NLL at global minimum of asimov = -3154.74 (r=3.2016)
INFO: (function: getCLs) AsymptoticLimits.cc: 343 -- At r = 4182.009029:	q_mu = 2.68993	q_A  = 7.23373	CLsb = 0.05049	CLb  = 0.85302	CLs  = 0.05919
INFO: (function: getCLs) AsymptoticLimits.cc: 343 -- At r = 8364.018059:	q_mu = 7.87020	q_A  = 13.01484	CLsb = 0.00251	CLb  = 0.78879	CLs  = 0.00319
INFO: (function: getCLs) AsymptoticLimits.cc: 343 -- At r = 4772.976110:	q_mu = 3.37873	q_A  = 8.15231	CLsb = 0.03302	CLb  = 0.84545	CLs  = 0.03906
INFO: (function: getCLs) AsymptoticLimits.cc: 343 -- At r = 2977.455136:	q_mu = 1.35560	q_A  = 5.22699	CLsb = 0.12215	CLb  = 0.86906	CLs  = 0.14055
INFO: (function: getCLs) AsymptoticLimits.cc: 343 -- At r = 4136.836594:	q_mu = 2.63889	q_A  = 7.16188	CLsb = 0.05214	CLb  = 0.85353	CLs  = 0.06109
INFO: (function: getCLs) AsymptoticLimits.cc: 343 -- At r = 4491.933944:	q_mu = 3.04631	q_A  = 7.72050	CLsb = 0.04046	CLb  = 0.84925	CLs  = 0.04764
INFO: (function: getCLs) AsymptoticLimits.cc: 343 -- At r = 4365.715409:	q_mu = 2.89977	q_A  = 7.52362	CLsb = 0.04430	CLb  = 0.85084	CLs  = 0.05206
INFO: (function: getCLs) AsymptoticLimits.cc: 343 -- At r = 4436.955637:	q_mu = 2.98224	q_A  = 7.63497	CLsb = 0.04209	CLb  = 0.84995	CLs  = 0.04952
INFO: (function: getCLs) AsymptoticLimits.cc: 343 -- At r = 4411.762362:	q_mu = 2.95300	q_A  = 7.59565	CLsb = 0.04286	CLb  = 0.85027	CLs  = 0.05041
INFO: (function: getCLs) AsymptoticLimits.cc: 343 -- At r = 4426.021616:	q_mu = 2.96954	q_A  = 7.61792	CLsb = 0.04242	CLb  = 0.85009	CLs  = 0.04990
