INFO: (function: improveOnce) CascadeMinimizer.cc: 188 -- Minimisation configured with Type=Minuit2, Algo=Migrad, strategy=0, tolerance=0.1
INFO: (function: improveOnce) CascadeMinimizer.cc: 211 -- Minimisation finished with status=0
INFO: (function: improveOnce) CascadeMinimizer.cc: 216 -- Minimization success! status=0
INFO: (function: generateAsimov) ToyMCSamplerOpt.cc: 139 -- Using internal logic for binned/unbinned Asimov dataset generation
INFO: (function: generateWithHisto) ToyMCSamplerOpt.cc: 214 -- Generating asimov with histogram for pdf pdf_binfail_LOW_obsOnly: in 6 x-bins
INFO: (function: generateWithHisto) ToyMCSamplerOpt.cc: 215 -- , in 1 y-bins
INFO: (function: generateAsimov) ToyMCSamplerOpt.cc: 139 -- Using internal logic for binned/unbinned Asimov dataset generation
INFO: (function: generateWithHisto) ToyMCSamplerOpt.cc: 214 -- Generating asimov with histogram for pdf pdf_binfail_SIG_obsOnly: in 3 x-bins
INFO: (function: generateWithHisto) ToyMCSamplerOpt.cc: 215 -- , in 1 y-bins
INFO: (function: generateAsimov) ToyMCSamplerOpt.cc: 139 -- Using internal logic for binned/unbinned Asimov dataset generation
INFO: (function: generateWithHisto) ToyMCSamplerOpt.cc: 214 -- Generating asimov with histogram for pdf pdf_binpass_LOW_obsOnly: in 6 x-bins
INFO: (function: generateWithHisto) ToyMCSamplerOpt.cc: 215 -- , in 1 y-bins
INFO: (function: generateAsimov) ToyMCSamplerOpt.cc: 139 -- Using internal logic for binned/unbinned Asimov dataset generation
INFO: (function: generateWithHisto) ToyMCSamplerOpt.cc: 214 -- Generating asimov with histogram for pdf pdf_binpass_SIG_obsOnly: in 3 x-bins
INFO: (function: generateWithHisto) ToyMCSamplerOpt.cc: 215 -- , in 1 y-bins
INFO: (function: runLimitExpected) AsymptoticLimits.cc: 436 -- Median for expected limits = 6.6875 (Sigma for expected limits = 3.41205)
INFO: (function: runLimit) AsymptoticLimits.cc: 193 -- NLL at global minimum of data = -60510.2 (r=3.57219)
INFO: (function: runLimit) AsymptoticLimits.cc: 213 -- NLL at global minimum of asimov = -60511.3 (r=0.00095296)
INFO: (function: getCLs) AsymptoticLimits.cc: 343 -- At r = 13.305005:	q_mu = 2.91799	q_A  = 7.48959	CLsb = 0.04380	CLb  = 0.84814	CLs  = 0.05164
INFO: (function: getCLs) AsymptoticLimits.cc: 343 -- At r = 26.610011:	q_mu = 7.63866	q_A  = 13.32096	CLsb = 0.00286	CLb  = 0.81218	CLs  = 0.00352
INFO: (function: getCLs) AsymptoticLimits.cc: 343 -- At r = 15.091099:	q_mu = 3.58192	q_A  = 8.37439	CLsb = 0.02921	CLb  = 0.84165	CLs  = 0.03470
INFO: (function: getCLs) AsymptoticLimits.cc: 343 -- At r = 9.331643:	q_mu = 1.46255	q_A  = 5.37036	CLsb = 0.11326	CLb  = 0.86608	CLs  = 0.13078
INFO: (function: getCLs) AsymptoticLimits.cc: 343 -- At r = 12.670689:	q_mu = 2.68195	q_A  = 7.16591	CLsb = 0.05075	CLb  = 0.85066	CLs  = 0.05965
INFO: (function: getCLs) AsymptoticLimits.cc: 343 -- At r = 13.785727:	q_mu = 3.09691	q_A  = 7.73155	CLsb = 0.03922	CLb  = 0.84632	CLs  = 0.04634
INFO: (function: getCLs) AsymptoticLimits.cc: 343 -- At r = 13.294376:	q_mu = 2.91396	q_A  = 7.48420	CLsb = 0.04391	CLb  = 0.84819	CLs  = 0.05177
INFO: (function: getCLs) AsymptoticLimits.cc: 343 -- At r = 13.515960:	q_mu = 2.99646	q_A  = 7.59613	CLsb = 0.04172	CLb  = 0.84734	CLs  = 0.04924
INFO: (function: getCLs) AsymptoticLimits.cc: 343 -- At r = 13.417405:	q_mu = 2.95977	q_A  = 7.54642	CLsb = 0.04268	CLb  = 0.84771	CLs  = 0.05035
INFO: (function: getCLs) AsymptoticLimits.cc: 343 -- At r = 13.461665:	q_mu = 2.97625	q_A  = 7.56876	CLsb = 0.04225	CLb  = 0.84754	CLs  = 0.04985
