INFO: (function: improveOnce) CascadeMinimizer.cc: 188 -- Minimisation configured with Type=Minuit2, Algo=Migrad, strategy=0, tolerance=0.1
INFO: (function: improveOnce) CascadeMinimizer.cc: 211 -- Minimisation finished with status=0
INFO: (function: improveOnce) CascadeMinimizer.cc: 216 -- Minimization success! status=0
INFO: (function: generateAsimov) ToyMCSamplerOpt.cc: 139 -- Using internal logic for binned/unbinned Asimov dataset generation
INFO: (function: generateWithHisto) ToyMCSamplerOpt.cc: 214 -- Generating asimov with histogram for pdf pdf_binfail_LOW_obsOnly: in 6 x-bins
INFO: (function: generateWithHisto) ToyMCSamplerOpt.cc: 215 -- , in 1 y-bins
INFO: (function: generateAsimov) ToyMCSamplerOpt.cc: 139 -- Using internal logic for binned/unbinned Asimov dataset generation
INFO: (function: generateWithHisto) ToyMCSamplerOpt.cc: 214 -- Generating asimov with histogram for pdf pdf_binfail_SIG_obsOnly: in 2 x-bins
INFO: (function: generateWithHisto) ToyMCSamplerOpt.cc: 215 -- , in 1 y-bins
INFO: (function: generateAsimov) ToyMCSamplerOpt.cc: 139 -- Using internal logic for binned/unbinned Asimov dataset generation
INFO: (function: generateWithHisto) ToyMCSamplerOpt.cc: 214 -- Generating asimov with histogram for pdf pdf_binpass_LOW_obsOnly: in 6 x-bins
INFO: (function: generateWithHisto) ToyMCSamplerOpt.cc: 215 -- , in 1 y-bins
INFO: (function: generateAsimov) ToyMCSamplerOpt.cc: 139 -- Using internal logic for binned/unbinned Asimov dataset generation
INFO: (function: generateWithHisto) ToyMCSamplerOpt.cc: 214 -- Generating asimov with histogram for pdf pdf_binpass_SIG_obsOnly: in 2 x-bins
INFO: (function: generateWithHisto) ToyMCSamplerOpt.cc: 215 -- , in 1 y-bins
INFO: (function: runLimitExpected) AsymptoticLimits.cc: 436 -- Median for expected limits = 0.585938 (Sigma for expected limits = 0.298953)
INFO: (function: runLimit) AsymptoticLimits.cc: 193 -- NLL at global minimum of data = -960007 (r=5.88847e-05)
INFO: (function: runLimit) AsymptoticLimits.cc: 213 -- NLL at global minimum of asimov = -959994 (r=4.27862e-07)
INFO: (function: getCLs) AsymptoticLimits.cc: 343 -- At r = 1.200059:	q_mu = 6.24488	q_A  = 11.50500	CLsb = 0.00623	CLb  = 0.81405	CLs  = 0.00765
INFO: (function: getCLs) AsymptoticLimits.cc: 343 -- At r = 0.600059:	q_mu = 0.09839	q_A  = 3.99578	CLsb = 0.37689	CLb  = 0.95403	CLs  = 0.39505
INFO: (function: getCLs) AsymptoticLimits.cc: 343 -- At r = 0.900059:	q_mu = 2.76850	q_A  = 7.51359	CLsb = 0.04807	CLb  = 0.85931	CLs  = 0.05594
INFO: (function: getCLs) AsymptoticLimits.cc: 343 -- At r = 1.050059:	q_mu = 4.42658	q_A  = 9.46126	CLsb = 0.01769	CLb  = 0.83447	CLs  = 0.02120
INFO: (function: getCLs) AsymptoticLimits.cc: 343 -- At r = 0.943940:	q_mu = 3.23500	q_A  = 8.07235	CLsb = 0.03604	CLb  = 0.85143	CLs  = 0.04233
INFO: (function: getCLs) AsymptoticLimits.cc: 343 -- At r = 0.922967:	q_mu = 3.01001	q_A  = 7.80410	CLsb = 0.04138	CLb  = 0.85512	CLs  = 0.04839
INFO: (function: getCLs) AsymptoticLimits.cc: 343 -- At r = 0.914240:	q_mu = 2.91747	q_A  = 7.69311	CLsb = 0.04381	CLb  = 0.85669	CLs  = 0.05114
INFO: (function: getCLs) AsymptoticLimits.cc: 343 -- At r = 0.918831:	q_mu = 2.96607	q_A  = 7.75145	CLsb = 0.04251	CLb  = 0.85586	CLs  = 0.04967
