INFO: (function: improveOnce) CascadeMinimizer.cc: 188 -- Minimisation configured with Type=Minuit2, Algo=Migrad, strategy=0, tolerance=0.1
INFO: (function: improveOnce) CascadeMinimizer.cc: 211 -- Minimisation finished with status=0
INFO: (function: improveOnce) CascadeMinimizer.cc: 216 -- Minimization success! status=0
INFO: (function: generateAsimov) ToyMCSamplerOpt.cc: 139 -- Using internal logic for binned/unbinned Asimov dataset generation
INFO: (function: generateWithHisto) ToyMCSamplerOpt.cc: 214 -- Generating asimov with histogram for pdf pdf_binfail_LOW_obsOnly: in 6 x-bins
INFO: (function: generateWithHisto) ToyMCSamplerOpt.cc: 215 -- , in 1 y-bins
INFO: (function: generateAsimov) ToyMCSamplerOpt.cc: 139 -- Using internal logic for binned/unbinned Asimov dataset generation
INFO: (function: generateWithHisto) ToyMCSamplerOpt.cc: 214 -- Generating asimov with histogram for pdf pdf_binfail_SIG_obsOnly: in 2 x-bins
INFO: (function: generateWithHisto) ToyMCSamplerOpt.cc: 215 -- , in 1 y-bins
INFO: (function: generateAsimov) ToyMCSamplerOpt.cc: 139 -- Using internal logic for binned/unbinned Asimov dataset generation
INFO: (function: generateWithHisto) ToyMCSamplerOpt.cc: 214 -- Generating asimov with histogram for pdf pdf_binpass_LOW_obsOnly: in 6 x-bins
INFO: (function: generateWithHisto) ToyMCSamplerOpt.cc: 215 -- , in 1 y-bins
INFO: (function: generateAsimov) ToyMCSamplerOpt.cc: 139 -- Using internal logic for binned/unbinned Asimov dataset generation
INFO: (function: generateWithHisto) ToyMCSamplerOpt.cc: 214 -- Generating asimov with histogram for pdf pdf_binpass_SIG_obsOnly: in 2 x-bins
INFO: (function: generateWithHisto) ToyMCSamplerOpt.cc: 215 -- , in 1 y-bins
INFO: (function: runLimitExpected) AsymptoticLimits.cc: 436 -- Median for expected limits = 0.0644531 (Sigma for expected limits = 0.0328849)
INFO: (function: runLimit) AsymptoticLimits.cc: 193 -- NLL at global minimum of data = -11113.8 (r=0.026338)
INFO: (function: runLimit) AsymptoticLimits.cc: 213 -- NLL at global minimum of asimov = -11121.3 (r=2.6645e-06)
INFO: (function: getCLs) AsymptoticLimits.cc: 343 -- At r = 1.226338:	q_mu = 32.65945	q_A  = 37.52459	CLsb = 0.00000	CLb  = 0.65942	CLs  = 0.00000
INFO: (function: getCLs) AsymptoticLimits.cc: 343 -- At r = 0.626338:	q_mu = 20.57872	q_A  = 25.19939	CLsb = 0.00000	CLb  = 0.68564	CLs  = 0.00000
INFO: (function: getCLs) AsymptoticLimits.cc: 343 -- At r = 0.326338:	q_mu = 11.88862	q_A  = 16.16666	CLsb = 0.00028	CLb  = 0.71661	CLs  = 0.00039
INFO: (function: getCLs) AsymptoticLimits.cc: 343 -- At r = 0.176338:	q_mu = 6.15638	q_A  = 9.98198	CLsb = 0.00655	CLb  = 0.75118	CLs  = 0.00872
INFO: (function: getCLs) AsymptoticLimits.cc: 343 -- At r = 0.101338:	q_mu = 2.79637	q_A  = 6.07607	CLsb = 0.04724	CLb  = 0.78603	CLs  = 0.06010
INFO: (function: getCLs) AsymptoticLimits.cc: 343 -- At r = 0.138838:	q_mu = 4.51216	q_A  = 8.12046	CLsb = 0.01683	CLb  = 0.76591	CLs  = 0.02197
INFO: (function: getCLs) AsymptoticLimits.cc: 343 -- At r = 0.114322:	q_mu = 3.39529	q_A  = 6.80711	CLsb = 0.03269	CLb  = 0.77829	CLs  = 0.04200
INFO: (function: getCLs) AsymptoticLimits.cc: 343 -- At r = 0.106672:	q_mu = 3.04273	q_A  = 6.37956	CLsb = 0.04055	CLb  = 0.78273	CLs  = 0.05181
INFO: (function: getCLs) AsymptoticLimits.cc: 343 -- At r = 0.109237:	q_mu = 3.16111	q_A  = 6.52392	CLsb = 0.03771	CLb  = 0.78120	CLs  = 0.04827
INFO: (function: getCLs) AsymptoticLimits.cc: 343 -- At r = 0.107701:	q_mu = 3.09023	q_A  = 6.43759	CLsb = 0.03938	CLb  = 0.78211	CLs  = 0.05035
INFO: (function: getCLs) AsymptoticLimits.cc: 343 -- At r = 0.108213:	q_mu = 3.11384	q_A  = 6.46639	CLsb = 0.03881	CLb  = 0.78180	CLs  = 0.04965
INFO: (function: getCLs) AsymptoticLimits.cc: 343 -- At r = 0.108008:	q_mu = 3.10438	q_A  = 6.45485	CLsb = 0.03904	CLb  = 0.78193	CLs  = 0.04993
