INFO: (function: improveOnce) CascadeMinimizer.cc: 188 -- Minimisation configured with Type=Minuit2, Algo=Migrad, strategy=0, tolerance=0.1
INFO: (function: improveOnce) CascadeMinimizer.cc: 211 -- Minimisation finished with status=0
INFO: (function: improveOnce) CascadeMinimizer.cc: 216 -- Minimization success! status=0
INFO: (function: generateAsimov) ToyMCSamplerOpt.cc: 139 -- Using internal logic for binned/unbinned Asimov dataset generation
INFO: (function: generateWithHisto) ToyMCSamplerOpt.cc: 214 -- Generating asimov with histogram for pdf pdf_binfail_LOW_obsOnly: in 5 x-bins
INFO: (function: generateWithHisto) ToyMCSamplerOpt.cc: 215 -- , in 1 y-bins
INFO: (function: generateAsimov) ToyMCSamplerOpt.cc: 139 -- Using internal logic for binned/unbinned Asimov dataset generation
INFO: (function: generateWithHisto) ToyMCSamplerOpt.cc: 214 -- Generating asimov with histogram for pdf pdf_binfail_SIG_obsOnly: in 4 x-bins
INFO: (function: generateWithHisto) ToyMCSamplerOpt.cc: 215 -- , in 1 y-bins
INFO: (function: generateAsimov) ToyMCSamplerOpt.cc: 139 -- Using internal logic for binned/unbinned Asimov dataset generation
INFO: (function: generateWithHisto) ToyMCSamplerOpt.cc: 214 -- Generating asimov with histogram for pdf pdf_binpass_LOW_obsOnly: in 5 x-bins
INFO: (function: generateWithHisto) ToyMCSamplerOpt.cc: 215 -- , in 1 y-bins
INFO: (function: generateAsimov) ToyMCSamplerOpt.cc: 139 -- Using internal logic for binned/unbinned Asimov dataset generation
INFO: (function: generateWithHisto) ToyMCSamplerOpt.cc: 214 -- Generating asimov with histogram for pdf pdf_binpass_SIG_obsOnly: in 4 x-bins
INFO: (function: generateWithHisto) ToyMCSamplerOpt.cc: 215 -- , in 1 y-bins
INFO: (function: runLimitExpected) AsymptoticLimits.cc: 436 -- Median for expected limits = 7.125 (Sigma for expected limits = 3.63527)
INFO: (function: runLimit) AsymptoticLimits.cc: 193 -- NLL at global minimum of data = -76462.8 (r=1.52291)
INFO: (function: runLimit) AsymptoticLimits.cc: 213 -- NLL at global minimum of asimov = -76464 (r=0.015931)
INFO: (function: getCLs) AsymptoticLimits.cc: 343 -- At r = 9.222528:	q_mu = 3.37179	q_A  = 5.21502	CLsb = 0.03316	CLb  = 0.67271	CLs  = 0.04929
INFO: (function: getCLs) AsymptoticLimits.cc: 343 -- At r = 5.372717:	q_mu = 1.27091	q_A  = 2.70565	CLsb = 0.12980	CLb  = 0.69761	CLs  = 0.18606
INFO: (function: getCLs) AsymptoticLimits.cc: 343 -- At r = 7.297623:	q_mu = 2.27777	q_A  = 3.94908	CLsb = 0.06562	CLb  = 0.68368	CLs  = 0.09598
INFO: (function: getCLs) AsymptoticLimits.cc: 343 -- At r = 8.804717:	q_mu = 3.12896	q_A  = 4.93965	CLsb = 0.03846	CLb  = 0.67496	CLs  = 0.05698
INFO: (function: getCLs) AsymptoticLimits.cc: 343 -- At r = 9.106177:	q_mu = 3.30392	q_A  = 5.13831	CLsb = 0.03456	CLb  = 0.67333	CLs  = 0.05132
INFO: (function: getCLs) AsymptoticLimits.cc: 343 -- At r = 9.166472:	q_mu = 3.33907	q_A  = 5.17806	CLsb = 0.03383	CLb  = 0.67300	CLs  = 0.05026
INFO: (function: getCLs) AsymptoticLimits.cc: 343 -- At r = 9.189742:	q_mu = 3.35264	q_A  = 5.19340	CLsb = 0.03355	CLb  = 0.67288	CLs  = 0.04986
