INFO: (function: improveOnce) CascadeMinimizer.cc: 188 -- Minimisation configured with Type=Minuit2, Algo=Migrad, strategy=0, tolerance=0.1
INFO: (function: improveOnce) CascadeMinimizer.cc: 211 -- Minimisation finished with status=0
INFO: (function: improveOnce) CascadeMinimizer.cc: 216 -- Minimization success! status=0
INFO: (function: generateAsimov) ToyMCSamplerOpt.cc: 139 -- Using internal logic for binned/unbinned Asimov dataset generation
INFO: (function: generateWithHisto) ToyMCSamplerOpt.cc: 214 -- Generating asimov with histogram for pdf pdf_binfail_LOW_obsOnly: in 5 x-bins
INFO: (function: generateWithHisto) ToyMCSamplerOpt.cc: 215 -- , in 1 y-bins
INFO: (function: generateAsimov) ToyMCSamplerOpt.cc: 139 -- Using internal logic for binned/unbinned Asimov dataset generation
INFO: (function: generateWithHisto) ToyMCSamplerOpt.cc: 214 -- Generating asimov with histogram for pdf pdf_binfail_SIG_obsOnly: in 8 x-bins
INFO: (function: generateWithHisto) ToyMCSamplerOpt.cc: 215 -- , in 1 y-bins
INFO: (function: generateAsimov) ToyMCSamplerOpt.cc: 139 -- Using internal logic for binned/unbinned Asimov dataset generation
INFO: (function: generateWithHisto) ToyMCSamplerOpt.cc: 214 -- Generating asimov with histogram for pdf pdf_binpass_LOW_obsOnly: in 5 x-bins
INFO: (function: generateWithHisto) ToyMCSamplerOpt.cc: 215 -- , in 1 y-bins
INFO: (function: generateAsimov) ToyMCSamplerOpt.cc: 139 -- Using internal logic for binned/unbinned Asimov dataset generation
INFO: (function: generateWithHisto) ToyMCSamplerOpt.cc: 214 -- Generating asimov with histogram for pdf pdf_binpass_SIG_obsOnly: in 8 x-bins
INFO: (function: generateWithHisto) ToyMCSamplerOpt.cc: 215 -- , in 1 y-bins
INFO: (function: runLimitExpected) AsymptoticLimits.cc: 436 -- Median for expected limits = 180.5 (Sigma for expected limits = 92.0935)
INFO: (function: runLimit) AsymptoticLimits.cc: 193 -- NLL at global minimum of data = -737506 (r=0.00162955)
INFO: (function: runLimit) AsymptoticLimits.cc: 213 -- NLL at global minimum of asimov = -737500 (r=3.06818e-14)
INFO: (function: getCLs) AsymptoticLimits.cc: 343 -- At r = 83.093323:	q_mu = 2.62570	q_A  = 1.69569	CLsb = 0.04853	CLb  = 0.36051	CLs  = 0.13461
INFO: (function: getCLs) AsymptoticLimits.cc: 343 -- At r = 166.186645:	q_mu = 4.76108	q_A  = 3.53634	CLsb = 0.01369	CLb  = 0.37235	CLs  = 0.03676
INFO: (function: getCLs) AsymptoticLimits.cc: 343 -- At r = 83.094137:	q_mu = 2.62573	q_A  = 1.69571	CLsb = 0.04853	CLb  = 0.36051	CLs  = 0.13461
INFO: (function: getCLs) AsymptoticLimits.cc: 343 -- At r = 133.811469:	q_mu = 3.96786	q_A  = 2.83654	CLsb = 0.02169	CLb  = 0.36849	CLs  = 0.05886
INFO: (function: getCLs) AsymptoticLimits.cc: 343 -- At r = 149.259354:	q_mu = 4.35165	q_A  = 3.17313	CLsb = 0.01734	CLb  = 0.37040	CLs  = 0.04681
INFO: (function: getCLs) AsymptoticLimits.cc: 343 -- At r = 142.611075:	q_mu = 4.18772	q_A  = 3.02888	CLsb = 0.01907	CLb  = 0.36959	CLs  = 0.05160
INFO: (function: getCLs) AsymptoticLimits.cc: 343 -- At r = 145.662243:	q_mu = 4.26318	q_A  = 3.09520	CLsb = 0.01825	CLb  = 0.36997	CLs  = 0.04934
INFO: (function: getCLs) AsymptoticLimits.cc: 343 -- At r = 144.325286:	q_mu = 4.23016	q_A  = 3.06616	CLsb = 0.01861	CLb  = 0.36980	CLs  = 0.05031
INFO: (function: getCLs) AsymptoticLimits.cc: 343 -- At r = 144.934015:	q_mu = 4.24520	q_A  = 3.07939	CLsb = 0.01844	CLb  = 0.36988	CLs  = 0.04987
