INFO: (function: improveOnce) CascadeMinimizer.cc: 188 -- Minimisation configured with Type=Minuit2, Algo=Migrad, strategy=0, tolerance=0.1
INFO: (function: improveOnce) CascadeMinimizer.cc: 211 -- Minimisation finished with status=0
INFO: (function: improveOnce) CascadeMinimizer.cc: 216 -- Minimization success! status=0
INFO: (function: generateAsimov) ToyMCSamplerOpt.cc: 139 -- Using internal logic for binned/unbinned Asimov dataset generation
INFO: (function: generateWithHisto) ToyMCSamplerOpt.cc: 214 -- Generating asimov with histogram for pdf pdf_binfail_LOW_obsOnly: in 5 x-bins
INFO: (function: generateWithHisto) ToyMCSamplerOpt.cc: 215 -- , in 1 y-bins
INFO: (function: generateAsimov) ToyMCSamplerOpt.cc: 139 -- Using internal logic for binned/unbinned Asimov dataset generation
INFO: (function: generateWithHisto) ToyMCSamplerOpt.cc: 214 -- Generating asimov with histogram for pdf pdf_binfail_SIG_obsOnly: in 4 x-bins
INFO: (function: generateWithHisto) ToyMCSamplerOpt.cc: 215 -- , in 1 y-bins
INFO: (function: generateAsimov) ToyMCSamplerOpt.cc: 139 -- Using internal logic for binned/unbinned Asimov dataset generation
INFO: (function: generateWithHisto) ToyMCSamplerOpt.cc: 214 -- Generating asimov with histogram for pdf pdf_binpass_LOW_obsOnly: in 5 x-bins
INFO: (function: generateWithHisto) ToyMCSamplerOpt.cc: 215 -- , in 1 y-bins
INFO: (function: generateAsimov) ToyMCSamplerOpt.cc: 139 -- Using internal logic for binned/unbinned Asimov dataset generation
INFO: (function: generateWithHisto) ToyMCSamplerOpt.cc: 214 -- Generating asimov with histogram for pdf pdf_binpass_SIG_obsOnly: in 4 x-bins
INFO: (function: generateWithHisto) ToyMCSamplerOpt.cc: 215 -- , in 1 y-bins
INFO: (function: runLimitExpected) AsymptoticLimits.cc: 436 -- Median for expected limits = 28.625 (Sigma for expected limits = 14.6049)
INFO: (function: runLimit) AsymptoticLimits.cc: 193 -- NLL at global minimum of data = -76463.9 (r=6.44507)
INFO: (function: runLimit) AsymptoticLimits.cc: 213 -- NLL at global minimum of asimov = -76465.4 (r=0.0709876)
INFO: (function: getCLs) AsymptoticLimits.cc: 343 -- At r = 35.961364:	q_mu = 3.08024	q_A  = 5.05326	CLsb = 0.03962	CLb  = 0.68895	CLs  = 0.05751
INFO: (function: getCLs) AsymptoticLimits.cc: 343 -- At r = 71.922728:	q_mu = 8.46601	q_A  = 11.02564	CLsb = 0.00181	CLb  = 0.65941	CLs  = 0.00274
INFO: (function: getCLs) AsymptoticLimits.cc: 343 -- At r = 39.183902:	q_mu = 3.53985	q_A  = 5.58889	CLsb = 0.02996	CLb  = 0.68532	CLs  = 0.04371
INFO: (function: getCLs) AsymptoticLimits.cc: 343 -- At r = 22.814488:	q_mu = 1.32888	q_A  = 2.89660	CLsb = 0.12450	CLb  = 0.70856	CLs  = 0.17571
INFO: (function: getCLs) AsymptoticLimits.cc: 343 -- At r = 30.999195:	q_mu = 2.39138	q_A  = 4.23241	CLsb = 0.06100	CLb  = 0.69528	CLs  = 0.08774
INFO: (function: getCLs) AsymptoticLimits.cc: 343 -- At r = 36.283561:	q_mu = 3.12586	q_A  = 5.10674	CLsb = 0.03853	CLb  = 0.68857	CLs  = 0.05596
INFO: (function: getCLs) AsymptoticLimits.cc: 343 -- At r = 37.920874:	q_mu = 3.35875	q_A  = 5.37876	CLsb = 0.03342	CLb  = 0.68670	CLs  = 0.04867
INFO: (function: getCLs) AsymptoticLimits.cc: 343 -- At r = 37.340854:	q_mu = 3.27598	q_A  = 5.28234	CLsb = 0.03515	CLb  = 0.68736	CLs  = 0.05114
INFO: (function: getCLs) AsymptoticLimits.cc: 343 -- At r = 37.668377:	q_mu = 3.32268	q_A  = 5.33678	CLsb = 0.03417	CLb  = 0.68699	CLs  = 0.04973
INFO: (function: getCLs) AsymptoticLimits.cc: 343 -- At r = 37.552385:	q_mu = 3.30613	q_A  = 5.31750	CLsb = 0.03451	CLb  = 0.68712	CLs  = 0.05023
