INFO: (function: improveOnce) CascadeMinimizer.cc: 188 -- Minimisation configured with Type=Minuit2, Algo=Migrad, strategy=0, tolerance=0.1
INFO: (function: improveOnce) CascadeMinimizer.cc: 211 -- Minimisation finished with status=0
INFO: (function: improveOnce) CascadeMinimizer.cc: 216 -- Minimization success! status=0
INFO: (function: generateAsimov) ToyMCSamplerOpt.cc: 139 -- Using internal logic for binned/unbinned Asimov dataset generation
INFO: (function: generateWithHisto) ToyMCSamplerOpt.cc: 214 -- Generating asimov with histogram for pdf pdf_binfail_LOW_obsOnly: in 5 x-bins
INFO: (function: generateWithHisto) ToyMCSamplerOpt.cc: 215 -- , in 1 y-bins
INFO: (function: generateAsimov) ToyMCSamplerOpt.cc: 139 -- Using internal logic for binned/unbinned Asimov dataset generation
INFO: (function: generateWithHisto) ToyMCSamplerOpt.cc: 214 -- Generating asimov with histogram for pdf pdf_binfail_SIG_obsOnly: in 4 x-bins
INFO: (function: generateWithHisto) ToyMCSamplerOpt.cc: 215 -- , in 1 y-bins
INFO: (function: generateAsimov) ToyMCSamplerOpt.cc: 139 -- Using internal logic for binned/unbinned Asimov dataset generation
INFO: (function: generateWithHisto) ToyMCSamplerOpt.cc: 214 -- Generating asimov with histogram for pdf pdf_binpass_LOW_obsOnly: in 5 x-bins
INFO: (function: generateWithHisto) ToyMCSamplerOpt.cc: 215 -- , in 1 y-bins
INFO: (function: generateAsimov) ToyMCSamplerOpt.cc: 139 -- Using internal logic for binned/unbinned Asimov dataset generation
INFO: (function: generateWithHisto) ToyMCSamplerOpt.cc: 214 -- Generating asimov with histogram for pdf pdf_binpass_SIG_obsOnly: in 4 x-bins
INFO: (function: generateWithHisto) ToyMCSamplerOpt.cc: 215 -- , in 1 y-bins
INFO: (function: runLimitExpected) AsymptoticLimits.cc: 436 -- Median for expected limits = 0.153809 (Sigma for expected limits = 0.0784752)
INFO: (function: runLimit) AsymptoticLimits.cc: 193 -- NLL at global minimum of data = -76505.2 (r=0.0293317)
INFO: (function: runLimit) AsymptoticLimits.cc: 213 -- NLL at global minimum of asimov = -76509.1 (r=7.33842e-06)
INFO: (function: getCLs) AsymptoticLimits.cc: 343 -- At r = 1.229332:	q_mu = 18.35579	q_A  = 21.26790	CLsb = 0.00001	CLb  = 0.62830	CLs  = 0.00001
INFO: (function: getCLs) AsymptoticLimits.cc: 343 -- At r = 0.629332:	q_mu = 10.76033	q_A  = 13.34703	CLsb = 0.00052	CLb  = 0.64545	CLs  = 0.00080
INFO: (function: getCLs) AsymptoticLimits.cc: 343 -- At r = 0.329332:	q_mu = 5.70060	q_A  = 7.91928	CLsb = 0.00848	CLb  = 0.66514	CLs  = 0.01275
INFO: (function: getCLs) AsymptoticLimits.cc: 343 -- At r = 0.179332:	q_mu = 2.67101	q_A  = 4.49405	CLsb = 0.05110	CLb  = 0.68637	CLs  = 0.07444
INFO: (function: getCLs) AsymptoticLimits.cc: 343 -- At r = 0.254332:	q_mu = 4.22922	q_A  = 6.28557	CLsb = 0.01987	CLb  = 0.67386	CLs  = 0.02948
INFO: (function: getCLs) AsymptoticLimits.cc: 343 -- At r = 0.220114:	q_mu = 3.52781	q_A  = 5.48957	CLsb = 0.03017	CLb  = 0.67894	CLs  = 0.04444
INFO: (function: getCLs) AsymptoticLimits.cc: 343 -- At r = 0.204505:	q_mu = 3.20221	q_A  = 5.11478	CLsb = 0.03677	CLb  = 0.68158	CLs  = 0.05395
INFO: (function: getCLs) AsymptoticLimits.cc: 343 -- At r = 0.212522:	q_mu = 3.36986	q_A  = 5.30823	CLsb = 0.03320	CLb  = 0.68019	CLs  = 0.04881
INFO: (function: getCLs) AsymptoticLimits.cc: 343 -- At r = 0.209374:	q_mu = 3.30413	q_A  = 5.23251	CLsb = 0.03455	CLb  = 0.68073	CLs  = 0.05076
INFO: (function: getCLs) AsymptoticLimits.cc: 343 -- At r = 0.210972:	q_mu = 3.33751	q_A  = 5.27099	CLsb = 0.03386	CLb  = 0.68046	CLs  = 0.04976
INFO: (function: getCLs) AsymptoticLimits.cc: 343 -- At r = 0.210342:	q_mu = 3.32434	q_A  = 5.25581	CLsb = 0.03413	CLb  = 0.68056	CLs  = 0.05015
