INFO: (function: improveOnce) CascadeMinimizer.cc: 188 -- Minimisation configured with Type=Minuit2, Algo=Migrad, strategy=0, tolerance=0.1
INFO: (function: improveOnce) CascadeMinimizer.cc: 211 -- Minimisation finished with status=0
INFO: (function: improveOnce) CascadeMinimizer.cc: 216 -- Minimization success! status=0
INFO: (function: generateAsimov) ToyMCSamplerOpt.cc: 139 -- Using internal logic for binned/unbinned Asimov dataset generation
INFO: (function: generateWithHisto) ToyMCSamplerOpt.cc: 214 -- Generating asimov with histogram for pdf pdf_binfail_LOW_obsOnly: in 6 x-bins
INFO: (function: generateWithHisto) ToyMCSamplerOpt.cc: 215 -- , in 1 y-bins
INFO: (function: generateAsimov) ToyMCSamplerOpt.cc: 139 -- Using internal logic for binned/unbinned Asimov dataset generation
INFO: (function: generateWithHisto) ToyMCSamplerOpt.cc: 214 -- Generating asimov with histogram for pdf pdf_binfail_SIG_obsOnly: in 1 x-bins
INFO: (function: generateWithHisto) ToyMCSamplerOpt.cc: 215 -- , in 1 y-bins
INFO: (function: generateAsimov) ToyMCSamplerOpt.cc: 139 -- Using internal logic for binned/unbinned Asimov dataset generation
INFO: (function: generateWithHisto) ToyMCSamplerOpt.cc: 214 -- Generating asimov with histogram for pdf pdf_binpass_LOW_obsOnly: in 6 x-bins
INFO: (function: generateWithHisto) ToyMCSamplerOpt.cc: 215 -- , in 1 y-bins
INFO: (function: generateAsimov) ToyMCSamplerOpt.cc: 139 -- Using internal logic for binned/unbinned Asimov dataset generation
INFO: (function: generateWithHisto) ToyMCSamplerOpt.cc: 214 -- Generating asimov with histogram for pdf pdf_binpass_SIG_obsOnly: in 1 x-bins
INFO: (function: generateWithHisto) ToyMCSamplerOpt.cc: 215 -- , in 1 y-bins
INFO: (function: runLimitExpected) AsymptoticLimits.cc: 436 -- Median for expected limits = 3.26562 (Sigma for expected limits = 1.66617)
INFO: (function: runLimit) AsymptoticLimits.cc: 193 -- NLL at global minimum of data = -3148.33 (r=1.95495)
INFO: (function: runLimit) AsymptoticLimits.cc: 213 -- NLL at global minimum of asimov = -3152.32 (r=0.00671399)
INFO: (function: getCLs) AsymptoticLimits.cc: 343 -- At r = 6.511657:	q_mu = 3.32752	q_A  = 8.06748	CLsb = 0.03406	CLb  = 0.84523	CLs  = 0.04030
INFO: (function: getCLs) AsymptoticLimits.cc: 343 -- At r = 4.233305:	q_mu = 1.11598	q_A  = 5.14377	CLsb = 0.14539	CLb  = 0.88716	CLs  = 0.16388
INFO: (function: getCLs) AsymptoticLimits.cc: 343 -- At r = 5.372481:	q_mu = 2.11976	q_A  = 6.63177	CLsb = 0.07270	CLb  = 0.86849	CLs  = 0.08371
INFO: (function: getCLs) AsymptoticLimits.cc: 343 -- At r = 6.015013:	q_mu = 2.78329	q_A  = 7.44812	CLsb = 0.04763	CLb  = 0.85561	CLs  = 0.05566
INFO: (function: getCLs) AsymptoticLimits.cc: 343 -- At r = 6.246364:	q_mu = 3.03387	q_A  = 7.73790	CLsb = 0.04077	CLb  = 0.85081	CLs  = 0.04792
INFO: (function: getCLs) AsymptoticLimits.cc: 343 -- At r = 6.147611:	q_mu = 2.92627	q_A  = 7.61448	CLsb = 0.04357	CLb  = 0.85287	CLs  = 0.05109
INFO: (function: getCLs) AsymptoticLimits.cc: 343 -- At r = 6.193997:	q_mu = 2.97668	q_A  = 7.67250	CLsb = 0.04224	CLb  = 0.85190	CLs  = 0.04958
INFO: (function: getCLs) AsymptoticLimits.cc: 343 -- At r = 6.174274:	q_mu = 2.95522	q_A  = 7.64784	CLsb = 0.04280	CLb  = 0.85231	CLs  = 0.05022
