INFO: (function: improveOnce) CascadeMinimizer.cc: 188 -- Minimisation configured with Type=Minuit2, Algo=Migrad, strategy=0, tolerance=0.1
INFO: (function: improveOnce) CascadeMinimizer.cc: 211 -- Minimisation finished with status=0
INFO: (function: improveOnce) CascadeMinimizer.cc: 216 -- Minimization success! status=0
INFO: (function: generateAsimov) ToyMCSamplerOpt.cc: 139 -- Using internal logic for binned/unbinned Asimov dataset generation
INFO: (function: generateWithHisto) ToyMCSamplerOpt.cc: 214 -- Generating asimov with histogram for pdf pdf_binfail_LOW_obsOnly: in 5 x-bins
INFO: (function: generateWithHisto) ToyMCSamplerOpt.cc: 215 -- , in 1 y-bins
INFO: (function: generateAsimov) ToyMCSamplerOpt.cc: 139 -- Using internal logic for binned/unbinned Asimov dataset generation
INFO: (function: generateWithHisto) ToyMCSamplerOpt.cc: 214 -- Generating asimov with histogram for pdf pdf_binfail_SIG_obsOnly: in 4 x-bins
INFO: (function: generateWithHisto) ToyMCSamplerOpt.cc: 215 -- , in 1 y-bins
INFO: (function: generateAsimov) ToyMCSamplerOpt.cc: 139 -- Using internal logic for binned/unbinned Asimov dataset generation
INFO: (function: generateWithHisto) ToyMCSamplerOpt.cc: 214 -- Generating asimov with histogram for pdf pdf_binpass_LOW_obsOnly: in 5 x-bins
INFO: (function: generateWithHisto) ToyMCSamplerOpt.cc: 215 -- , in 1 y-bins
INFO: (function: generateAsimov) ToyMCSamplerOpt.cc: 139 -- Using internal logic for binned/unbinned Asimov dataset generation
INFO: (function: generateWithHisto) ToyMCSamplerOpt.cc: 214 -- Generating asimov with histogram for pdf pdf_binpass_SIG_obsOnly: in 4 x-bins
INFO: (function: generateWithHisto) ToyMCSamplerOpt.cc: 215 -- , in 1 y-bins
INFO: (function: runLimitExpected) AsymptoticLimits.cc: 436 -- Median for expected limits = 0.0151367 (Sigma for expected limits = 0.00772296)
INFO: (function: runLimit) AsymptoticLimits.cc: 193 -- NLL at global minimum of data = -76834 (r=0.00354064)
INFO: (function: runLimit) AsymptoticLimits.cc: 213 -- NLL at global minimum of asimov = -76839.1 (r=1.53796e-08)
INFO: (function: getCLs) AsymptoticLimits.cc: 343 -- At r = 1.203541:	q_mu = 288.25607	q_A  = 294.25789	CLsb = 0.00000	CLb  = 0.56979	CLs  = 0.00000
INFO: (function: getCLs) AsymptoticLimits.cc: 343 -- At r = 0.603541:	q_mu = 164.97943	q_A  = 170.42693	CLsb = 0.00000	CLb  = 0.58330	CLs  = 0.00000
INFO: (function: getCLs) AsymptoticLimits.cc: 343 -- At r = 0.303541:	q_mu = 89.04993	q_A  = 93.92957	CLsb = 0.00000	CLb  = 0.60068	CLs  = 0.00000
INFO: (function: getCLs) AsymptoticLimits.cc: 343 -- At r = 0.153541:	q_mu = 45.22057	q_A  = 49.46772	CLsb = 0.00000	CLb  = 0.62123	CLs  = 0.00000
INFO: (function: getCLs) AsymptoticLimits.cc: 343 -- At r = 0.078541:	q_mu = 21.60836	q_A  = 25.18520	CLsb = 0.00000	CLb  = 0.64431	CLs  = 0.00000
INFO: (function: getCLs) AsymptoticLimits.cc: 343 -- At r = 0.041041:	q_mu = 9.62781	q_A  = 12.53305	CLsb = 0.00096	CLb  = 0.66906	CLs  = 0.00143
INFO: (function: getCLs) AsymptoticLimits.cc: 343 -- At r = 0.022291:	q_mu = 3.93486	q_A  = 6.19715	CLsb = 0.02365	CLb  = 0.69349	CLs  = 0.03410
INFO: (function: getCLs) AsymptoticLimits.cc: 343 -- At r = 0.012916:	q_mu = 1.45532	q_A  = 3.15137	CLsb = 0.11384	CLb  = 0.71527	CLs  = 0.15915
INFO: (function: getCLs) AsymptoticLimits.cc: 343 -- At r = 0.017603:	q_mu = 2.63792	q_A  = 4.65307	CLsb = 0.05217	CLb  = 0.70296	CLs  = 0.07421
INFO: (function: getCLs) AsymptoticLimits.cc: 343 -- At r = 0.019508:	q_mu = 3.15419	q_A  = 5.27656	CLsb = 0.03787	CLb  = 0.69884	CLs  = 0.05418
INFO: (function: getCLs) AsymptoticLimits.cc: 343 -- At r = 0.020451:	q_mu = 3.41555	q_A  = 5.58736	CLsb = 0.03229	CLb  = 0.69695	CLs  = 0.04633
INFO: (function: getCLs) AsymptoticLimits.cc: 343 -- At r = 0.019895:	q_mu = 3.26113	q_A  = 5.40408	CLsb = 0.03547	CLb  = 0.69805	CLs  = 0.05081
