INFO: (function: improveOnce) CascadeMinimizer.cc: 188 -- Minimisation configured with Type=Minuit2, Algo=Migrad, strategy=0, tolerance=0.1
INFO: (function: improveOnce) CascadeMinimizer.cc: 211 -- Minimisation finished with status=0
INFO: (function: improveOnce) CascadeMinimizer.cc: 216 -- Minimization success! status=0
INFO: (function: generateAsimov) ToyMCSamplerOpt.cc: 139 -- Using internal logic for binned/unbinned Asimov dataset generation
INFO: (function: generateWithHisto) ToyMCSamplerOpt.cc: 214 -- Generating asimov with histogram for pdf pdf_binfail_LOW_obsOnly: in 5 x-bins
INFO: (function: generateWithHisto) ToyMCSamplerOpt.cc: 215 -- , in 1 y-bins
INFO: (function: generateAsimov) ToyMCSamplerOpt.cc: 139 -- Using internal logic for binned/unbinned Asimov dataset generation
INFO: (function: generateWithHisto) ToyMCSamplerOpt.cc: 214 -- Generating asimov with histogram for pdf pdf_binfail_SIG_obsOnly: in 6 x-bins
INFO: (function: generateWithHisto) ToyMCSamplerOpt.cc: 215 -- , in 1 y-bins
INFO: (function: generateAsimov) ToyMCSamplerOpt.cc: 139 -- Using internal logic for binned/unbinned Asimov dataset generation
INFO: (function: generateWithHisto) ToyMCSamplerOpt.cc: 214 -- Generating asimov with histogram for pdf pdf_binpass_LOW_obsOnly: in 5 x-bins
INFO: (function: generateWithHisto) ToyMCSamplerOpt.cc: 215 -- , in 1 y-bins
INFO: (function: generateAsimov) ToyMCSamplerOpt.cc: 139 -- Using internal logic for binned/unbinned Asimov dataset generation
INFO: (function: generateWithHisto) ToyMCSamplerOpt.cc: 214 -- Generating asimov with histogram for pdf pdf_binpass_SIG_obsOnly: in 6 x-bins
INFO: (function: generateWithHisto) ToyMCSamplerOpt.cc: 215 -- , in 1 y-bins
INFO: (function: runLimitExpected) AsymptoticLimits.cc: 436 -- Median for expected limits = 0.0249023 (Sigma for expected limits = 0.0127055)
INFO: (function: runLimit) AsymptoticLimits.cc: 193 -- NLL at global minimum of data = -786485 (r=3.7134e-09)
INFO: (function: runLimit) AsymptoticLimits.cc: 213 -- NLL at global minimum of asimov = -786498 (r=1.54321e-13)
INFO: (function: getCLs) AsymptoticLimits.cc: 343 -- At r = 1.200000:	q_mu = 53.60099	q_A  = 55.24993	CLsb = 0.00000	CLb  = 0.54449	CLs  = 0.00000
INFO: (function: getCLs) AsymptoticLimits.cc: 343 -- At r = 0.600000:	q_mu = 37.54435	q_A  = 38.33852	CLsb = 0.00000	CLb  = 0.52570	CLs  = 0.00000
INFO: (function: getCLs) AsymptoticLimits.cc: 343 -- At r = 0.300000:	q_mu = 26.08627	q_A  = 25.94566	CLsb = 0.00000	CLb  = 0.49449	CLs  = 0.00000
INFO: (function: getCLs) AsymptoticLimits.cc: 343 -- At r = 0.150000:	q_mu = 17.54531	q_A  = 16.92081	CLsb = 0.00001	CLb  = 0.46975	CLs  = 0.00003
INFO: (function: getCLs) AsymptoticLimits.cc: 343 -- At r = 0.075000:	q_mu = 11.24331	q_A  = 10.28415	CLsb = 0.00039	CLb  = 0.44056	CLs  = 0.00090
INFO: (function: getCLs) AsymptoticLimits.cc: 343 -- At r = 0.037500:	q_mu = 6.85285	q_A  = 5.74018	CLsb = 0.00429	CLb  = 0.40819	CLs  = 0.01052
INFO: (function: getCLs) AsymptoticLimits.cc: 343 -- At r = 0.018750:	q_mu = 3.97320	q_A  = 2.89116	CLsb = 0.02177	CLb  = 0.37517	CLs  = 0.05802
INFO: (function: getCLs) AsymptoticLimits.cc: 343 -- At r = 0.028125:	q_mu = 5.49780	q_A  = 4.37636	CLsb = 0.00914	CLb  = 0.39434	CLs  = 0.02317
INFO: (function: getCLs) AsymptoticLimits.cc: 343 -- At r = 0.021841:	q_mu = 4.49792	q_A  = 3.39422	CLsb = 0.01610	CLb  = 0.38227	CLs  = 0.04212
INFO: (function: getCLs) AsymptoticLimits.cc: 343 -- At r = 0.020517:	q_mu = 4.27600	q_A  = 3.18035	CLsb = 0.01828	CLb  = 0.37935	CLs  = 0.04820
INFO: (function: getCLs) AsymptoticLimits.cc: 343 -- At r = 0.019884:	q_mu = 4.16842	q_A  = 3.07726	CLsb = 0.01945	CLb  = 0.37790	CLs  = 0.05147
INFO: (function: getCLs) AsymptoticLimits.cc: 343 -- At r = 0.020234:	q_mu = 4.22807	q_A  = 3.13437	CLsb = 0.01880	CLb  = 0.37871	CLs  = 0.04963
