INFO: (function: improveOnce) CascadeMinimizer.cc: 188 -- Minimisation configured with Type=Minuit2, Algo=Migrad, strategy=0, tolerance=0.1
INFO: (function: improveOnce) CascadeMinimizer.cc: 211 -- Minimisation finished with status=0
INFO: (function: improveOnce) CascadeMinimizer.cc: 216 -- Minimization success! status=0
INFO: (function: generateAsimov) ToyMCSamplerOpt.cc: 139 -- Using internal logic for binned/unbinned Asimov dataset generation
INFO: (function: generateWithHisto) ToyMCSamplerOpt.cc: 214 -- Generating asimov with histogram for pdf pdf_binfail_LOW_obsOnly: in 5 x-bins
INFO: (function: generateWithHisto) ToyMCSamplerOpt.cc: 215 -- , in 1 y-bins
INFO: (function: generateAsimov) ToyMCSamplerOpt.cc: 139 -- Using internal logic for binned/unbinned Asimov dataset generation
INFO: (function: generateWithHisto) ToyMCSamplerOpt.cc: 214 -- Generating asimov with histogram for pdf pdf_binfail_SIG_obsOnly: in 6 x-bins
INFO: (function: generateWithHisto) ToyMCSamplerOpt.cc: 215 -- , in 1 y-bins
INFO: (function: generateAsimov) ToyMCSamplerOpt.cc: 139 -- Using internal logic for binned/unbinned Asimov dataset generation
INFO: (function: generateWithHisto) ToyMCSamplerOpt.cc: 214 -- Generating asimov with histogram for pdf pdf_binpass_LOW_obsOnly: in 5 x-bins
INFO: (function: generateWithHisto) ToyMCSamplerOpt.cc: 215 -- , in 1 y-bins
INFO: (function: generateAsimov) ToyMCSamplerOpt.cc: 139 -- Using internal logic for binned/unbinned Asimov dataset generation
INFO: (function: generateWithHisto) ToyMCSamplerOpt.cc: 214 -- Generating asimov with histogram for pdf pdf_binpass_SIG_obsOnly: in 6 x-bins
INFO: (function: generateWithHisto) ToyMCSamplerOpt.cc: 215 -- , in 1 y-bins
INFO: (function: runLimitExpected) AsymptoticLimits.cc: 436 -- Median for expected limits = 8.5 (Sigma for expected limits = 4.33681)
INFO: (function: runLimit) AsymptoticLimits.cc: 193 -- NLL at global minimum of data = -786468 (r=1.4073e-06)
INFO: (function: runLimit) AsymptoticLimits.cc: 213 -- NLL at global minimum of asimov = -786477 (r=1.25702e-13)
INFO: (function: getCLs) AsymptoticLimits.cc: 343 -- At r = 3.916591:	q_mu = 2.76514	q_A  = 1.71387	CLsb = 0.04357	CLb  = 0.34402	CLs  = 0.12666
INFO: (function: getCLs) AsymptoticLimits.cc: 343 -- At r = 7.833182:	q_mu = 4.78180	q_A  = 3.54923	CLsb = 0.01352	CLb  = 0.37179	CLs  = 0.03635
INFO: (function: getCLs) AsymptoticLimits.cc: 343 -- At r = 3.916592:	q_mu = 2.76514	q_A  = 1.71387	CLsb = 0.04357	CLb  = 0.34402	CLs  = 0.12665
INFO: (function: getCLs) AsymptoticLimits.cc: 343 -- At r = 6.249743:	q_mu = 4.02072	q_A  = 2.83742	CLsb = 0.02089	CLb  = 0.36271	CLs  = 0.05760
INFO: (function: getCLs) AsymptoticLimits.cc: 343 -- At r = 6.955736:	q_mu = 4.36799	q_A  = 3.15984	CLsb = 0.01711	CLb  = 0.36699	CLs  = 0.04663
INFO: (function: getCLs) AsymptoticLimits.cc: 343 -- At r = 6.627841:	q_mu = 4.20837	q_A  = 3.01108	CLsb = 0.01875	CLb  = 0.36505	CLs  = 0.05137
INFO: (function: getCLs) AsymptoticLimits.cc: 343 -- At r = 6.766541:	q_mu = 4.27624	q_A  = 3.07420	CLsb = 0.01804	CLb  = 0.36588	CLs  = 0.04929
INFO: (function: getCLs) AsymptoticLimits.cc: 343 -- At r = 6.700494:	q_mu = 4.24399	q_A  = 3.04418	CLsb = 0.01837	CLb  = 0.36549	CLs  = 0.05027
INFO: (function: getCLs) AsymptoticLimits.cc: 343 -- At r = 6.728138:	q_mu = 4.25750	q_A  = 3.05675	CLsb = 0.01823	CLb  = 0.36565	CLs  = 0.04986
