INFO: (function: improveOnce) CascadeMinimizer.cc: 188 -- Minimisation configured with Type=Minuit2, Algo=Migrad, strategy=0, tolerance=0.1
INFO: (function: improveOnce) CascadeMinimizer.cc: 211 -- Minimisation finished with status=0
INFO: (function: improveOnce) CascadeMinimizer.cc: 216 -- Minimization success! status=0
INFO: (function: generateAsimov) ToyMCSamplerOpt.cc: 139 -- Using internal logic for binned/unbinned Asimov dataset generation
INFO: (function: generateWithHisto) ToyMCSamplerOpt.cc: 214 -- Generating asimov with histogram for pdf pdf_binfail_LOW_obsOnly: in 7 x-bins
INFO: (function: generateWithHisto) ToyMCSamplerOpt.cc: 215 -- , in 1 y-bins
INFO: (function: generateAsimov) ToyMCSamplerOpt.cc: 139 -- Using internal logic for binned/unbinned Asimov dataset generation
INFO: (function: generateWithHisto) ToyMCSamplerOpt.cc: 214 -- Generating asimov with histogram for pdf pdf_binfail_SIG_obsOnly: in 1 x-bins
INFO: (function: generateWithHisto) ToyMCSamplerOpt.cc: 215 -- , in 1 y-bins
INFO: (function: generateAsimov) ToyMCSamplerOpt.cc: 139 -- Using internal logic for binned/unbinned Asimov dataset generation
INFO: (function: generateWithHisto) ToyMCSamplerOpt.cc: 214 -- Generating asimov with histogram for pdf pdf_binpass_LOW_obsOnly: in 7 x-bins
INFO: (function: generateWithHisto) ToyMCSamplerOpt.cc: 215 -- , in 1 y-bins
INFO: (function: generateAsimov) ToyMCSamplerOpt.cc: 139 -- Using internal logic for binned/unbinned Asimov dataset generation
INFO: (function: generateWithHisto) ToyMCSamplerOpt.cc: 214 -- Generating asimov with histogram for pdf pdf_binpass_SIG_obsOnly: in 1 x-bins
INFO: (function: generateWithHisto) ToyMCSamplerOpt.cc: 215 -- , in 1 y-bins
INFO: (function: runLimitExpected) AsymptoticLimits.cc: 436 -- Median for expected limits = 821 (Sigma for expected limits = 418.885)
INFO: (function: runLimit) AsymptoticLimits.cc: 193 -- NLL at global minimum of data = -44555.1 (r=156.616)
INFO: (function: runLimit) AsymptoticLimits.cc: 213 -- NLL at global minimum of asimov = -44556.1 (r=2.23072)
INFO: (function: getCLs) AsymptoticLimits.cc: 343 -- At r = 1098.269613:	q_mu = 4.72240	q_A  = 5.97352	CLsb = 0.01489	CLb  = 0.60679	CLs  = 0.02453
INFO: (function: getCLs) AsymptoticLimits.cc: 343 -- At r = 627.442824:	q_mu = 1.51357	q_A  = 2.50637	CLsb = 0.10930	CLb  = 0.63791	CLs  = 0.17134
INFO: (function: getCLs) AsymptoticLimits.cc: 343 -- At r = 862.856219:	q_mu = 2.98391	q_A  = 4.14462	CLsb = 0.04205	CLb  = 0.62112	CLs  = 0.06770
INFO: (function: getCLs) AsymptoticLimits.cc: 343 -- At r = 966.159595:	q_mu = 3.71918	q_A  = 4.92719	CLsb = 0.02690	CLb  = 0.61456	CLs  = 0.04376
INFO: (function: getCLs) AsymptoticLimits.cc: 343 -- At r = 920.262098:	q_mu = 3.38669	q_A  = 4.57533	CLsb = 0.03286	CLb  = 0.61742	CLs  = 0.05323
INFO: (function: getCLs) AsymptoticLimits.cc: 343 -- At r = 941.169554:	q_mu = 3.53703	q_A  = 4.73481	CLsb = 0.03001	CLb  = 0.61610	CLs  = 0.04870
INFO: (function: getCLs) AsymptoticLimits.cc: 343 -- At r = 932.038741:	q_mu = 3.47114	q_A  = 4.66499	CLsb = 0.03122	CLb  = 0.61668	CLs  = 0.05063
INFO: (function: getCLs) AsymptoticLimits.cc: 343 -- At r = 936.230102:	q_mu = 3.50134	q_A  = 4.69701	CLsb = 0.03066	CLb  = 0.61641	CLs  = 0.04974
