INFO: (function: improveOnce) CascadeMinimizer.cc: 188 -- Minimisation configured with Type=Minuit2, Algo=Migrad, strategy=0, tolerance=0.1
INFO: (function: improveOnce) CascadeMinimizer.cc: 211 -- Minimisation finished with status=0
INFO: (function: improveOnce) CascadeMinimizer.cc: 216 -- Minimization success! status=0
INFO: (function: generateAsimov) ToyMCSamplerOpt.cc: 139 -- Using internal logic for binned/unbinned Asimov dataset generation
INFO: (function: generateWithHisto) ToyMCSamplerOpt.cc: 214 -- Generating asimov with histogram for pdf pdf_binfail_LOW_obsOnly: in 38 x-bins
INFO: (function: generateWithHisto) ToyMCSamplerOpt.cc: 215 -- , in 1 y-bins
INFO: (function: generateAsimov) ToyMCSamplerOpt.cc: 139 -- Using internal logic for binned/unbinned Asimov dataset generation
INFO: (function: generateWithHisto) ToyMCSamplerOpt.cc: 214 -- Generating asimov with histogram for pdf pdf_binfail_SIG_obsOnly: in 2 x-bins
INFO: (function: generateWithHisto) ToyMCSamplerOpt.cc: 215 -- , in 1 y-bins
INFO: (function: generateAsimov) ToyMCSamplerOpt.cc: 139 -- Using internal logic for binned/unbinned Asimov dataset generation
INFO: (function: generateWithHisto) ToyMCSamplerOpt.cc: 214 -- Generating asimov with histogram for pdf pdf_binpass_LOW_obsOnly: in 38 x-bins
INFO: (function: generateWithHisto) ToyMCSamplerOpt.cc: 215 -- , in 1 y-bins
INFO: (function: generateAsimov) ToyMCSamplerOpt.cc: 139 -- Using internal logic for binned/unbinned Asimov dataset generation
INFO: (function: generateWithHisto) ToyMCSamplerOpt.cc: 214 -- Generating asimov with histogram for pdf pdf_binpass_SIG_obsOnly: in 2 x-bins
INFO: (function: generateWithHisto) ToyMCSamplerOpt.cc: 215 -- , in 1 y-bins
DEBUG: (function: runLimitExpected) AsymptoticLimits.cc: 423 -- Best fit of asimov dataset is at r = 0.056155 (0.002808 times rMax), while it should be at zero
INFO: (function: runLimitExpected) AsymptoticLimits.cc: 436 -- Median for expected limits = 15.1875 (Sigma for expected limits = 7.74887)
INFO: (function: runLimit) AsymptoticLimits.cc: 193 -- NLL at global minimum of data = -43217.6 (r=9.57706)
INFO: (function: runLimit) AsymptoticLimits.cc: 213 -- NLL at global minimum of asimov = -43226.1 (r=0.0621873)
INFO: (function: getCLs) AsymptoticLimits.cc: 343 -- At r = 31.590282:	q_mu = 6.35418	q_A  = 13.47695	CLsb = 0.00586	CLb  = 0.87500	CLs  = 0.00669
INFO: (function: getCLs) AsymptoticLimits.cc: 343 -- At r = 20.583671:	q_mu = 1.84543	q_A  = 6.59865	CLsb = 0.08716	CLb  = 0.88692	CLs  = 0.09827
INFO: (function: getCLs) AsymptoticLimits.cc: 343 -- At r = 26.086976:	q_mu = 3.85692	q_A  = 9.87976	CLsb = 0.02477	CLb  = 0.88086	CLs  = 0.02812
INFO: (function: getCLs) AsymptoticLimits.cc: 343 -- At r = 22.961265:	q_mu = 2.64467	q_A  = 7.96907	CLsb = 0.05195	CLb  = 0.88429	CLs  = 0.05875
INFO: (function: getCLs) AsymptoticLimits.cc: 343 -- At r = 24.133571:	q_mu = 3.07917	q_A  = 8.67230	CLsb = 0.03965	CLb  = 0.88300	CLs  = 0.04490
INFO: (function: getCLs) AsymptoticLimits.cc: 343 -- At r = 23.523934:	q_mu = 2.85006	q_A  = 8.30450	CLsb = 0.04569	CLb  = 0.88367	CLs  = 0.05170
INFO: (function: getCLs) AsymptoticLimits.cc: 343 -- At r = 23.761541:	q_mu = 2.93853	q_A  = 8.44728	CLsb = 0.04324	CLb  = 0.88341	CLs  = 0.04895
INFO: (function: getCLs) AsymptoticLimits.cc: 343 -- At r = 23.640286:	q_mu = 2.89323	q_A  = 8.37430	CLsb = 0.04448	CLb  = 0.88354	CLs  = 0.05034
INFO: (function: getCLs) AsymptoticLimits.cc: 343 -- At r = 23.687976:	q_mu = 2.91101	q_A  = 8.40298	CLsb = 0.04399	CLb  = 0.88349	CLs  = 0.04979
