INFO: (function: improveOnce) CascadeMinimizer.cc: 188 -- Minimisation configured with Type=Minuit2, Algo=Migrad, strategy=0, tolerance=0.1
INFO: (function: improveOnce) CascadeMinimizer.cc: 211 -- Minimisation finished with status=0
INFO: (function: improveOnce) CascadeMinimizer.cc: 216 -- Minimization success! status=0
INFO: (function: generateAsimov) ToyMCSamplerOpt.cc: 139 -- Using internal logic for binned/unbinned Asimov dataset generation
INFO: (function: generateWithHisto) ToyMCSamplerOpt.cc: 214 -- Generating asimov with histogram for pdf pdf_binfail_LOW_obsOnly: in 6 x-bins
INFO: (function: generateWithHisto) ToyMCSamplerOpt.cc: 215 -- , in 1 y-bins
INFO: (function: generateAsimov) ToyMCSamplerOpt.cc: 139 -- Using internal logic for binned/unbinned Asimov dataset generation
INFO: (function: generateWithHisto) ToyMCSamplerOpt.cc: 214 -- Generating asimov with histogram for pdf pdf_binfail_SIG_obsOnly: in 4 x-bins
INFO: (function: generateWithHisto) ToyMCSamplerOpt.cc: 215 -- , in 1 y-bins
INFO: (function: generateAsimov) ToyMCSamplerOpt.cc: 139 -- Using internal logic for binned/unbinned Asimov dataset generation
INFO: (function: generateWithHisto) ToyMCSamplerOpt.cc: 214 -- Generating asimov with histogram for pdf pdf_binpass_LOW_obsOnly: in 6 x-bins
INFO: (function: generateWithHisto) ToyMCSamplerOpt.cc: 215 -- , in 1 y-bins
INFO: (function: generateAsimov) ToyMCSamplerOpt.cc: 139 -- Using internal logic for binned/unbinned Asimov dataset generation
INFO: (function: generateWithHisto) ToyMCSamplerOpt.cc: 214 -- Generating asimov with histogram for pdf pdf_binpass_SIG_obsOnly: in 4 x-bins
INFO: (function: generateWithHisto) ToyMCSamplerOpt.cc: 215 -- , in 1 y-bins
INFO: (function: runLimitExpected) AsymptoticLimits.cc: 436 -- Median for expected limits = 0.0522461 (Sigma for expected limits = 0.0266567)
INFO: (function: runLimit) AsymptoticLimits.cc: 193 -- NLL at global minimum of data = -28226.1 (r=0.0171462)
INFO: (function: runLimit) AsymptoticLimits.cc: 213 -- NLL at global minimum of asimov = -28235.8 (r=2.86247e-06)
INFO: (function: getCLs) AsymptoticLimits.cc: 343 -- At r = 1.217146:	q_mu = 117.66653	q_A  = 124.22407	CLsb = 0.00000	CLb  = 0.61721	CLs  = 0.00000
INFO: (function: getCLs) AsymptoticLimits.cc: 343 -- At r = 0.617146:	q_mu = 54.64249	q_A  = 60.24163	CLsb = 0.00000	CLb  = 0.64412	CLs  = 0.00000
INFO: (function: getCLs) AsymptoticLimits.cc: 343 -- At r = 0.317146:	q_mu = 24.34732	q_A  = 29.36931	CLsb = 0.00000	CLb  = 0.68618	CLs  = 0.00000
INFO: (function: getCLs) AsymptoticLimits.cc: 343 -- At r = 0.167146:	q_mu = 10.41499	q_A  = 14.72036	CLsb = 0.00062	CLb  = 0.72890	CLs  = 0.00086
INFO: (function: getCLs) AsymptoticLimits.cc: 343 -- At r = 0.092146:	q_mu = 4.24194	q_A  = 7.55008	CLsb = 0.01972	CLb  = 0.75432	CLs  = 0.02614
INFO: (function: getCLs) AsymptoticLimits.cc: 343 -- At r = 0.054646:	q_mu = 1.57635	q_A  = 4.07950	CLsb = 0.10464	CLb  = 0.77764	CLs  = 0.13457
INFO: (function: getCLs) AsymptoticLimits.cc: 343 -- At r = 0.072772:	q_mu = 2.80245	q_A  = 5.74022	CLsb = 0.04706	CLb  = 0.76480	CLs  = 0.06153
INFO: (function: getCLs) AsymptoticLimits.cc: 343 -- At r = 0.080405:	q_mu = 3.35712	q_A  = 6.44978	CLsb = 0.03346	CLb  = 0.76034	CLs  = 0.04400
INFO: (function: getCLs) AsymptoticLimits.cc: 343 -- At r = 0.076552:	q_mu = 3.07474	q_A  = 6.09094	CLsb = 0.03976	CLb  = 0.76254	CLs  = 0.05214
INFO: (function: getCLs) AsymptoticLimits.cc: 343 -- At r = 0.078084:	q_mu = 3.18642	q_A  = 6.23348	CLsb = 0.03713	CLb  = 0.76166	CLs  = 0.04874
INFO: (function: getCLs) AsymptoticLimits.cc: 343 -- At r = 0.077315:	q_mu = 3.13024	q_A  = 6.16187	CLsb = 0.03843	CLb  = 0.76210	CLs  = 0.05042
INFO: (function: getCLs) AsymptoticLimits.cc: 343 -- At r = 0.077621:	q_mu = 3.15261	q_A  = 6.19043	CLsb = 0.03790	CLb  = 0.76192	CLs  = 0.04975
