INFO: (function: improveOnce) CascadeMinimizer.cc: 188 -- Minimisation configured with Type=Minuit2, Algo=Migrad, strategy=0, tolerance=0.1
INFO: (function: improveOnce) CascadeMinimizer.cc: 211 -- Minimisation finished with status=0
INFO: (function: improveOnce) CascadeMinimizer.cc: 216 -- Minimization success! status=0
INFO: (function: generateAsimov) ToyMCSamplerOpt.cc: 139 -- Using internal logic for binned/unbinned Asimov dataset generation
INFO: (function: generateWithHisto) ToyMCSamplerOpt.cc: 214 -- Generating asimov with histogram for pdf pdf_binfail_LOW_obsOnly: in 5 x-bins
INFO: (function: generateWithHisto) ToyMCSamplerOpt.cc: 215 -- , in 1 y-bins
INFO: (function: generateAsimov) ToyMCSamplerOpt.cc: 139 -- Using internal logic for binned/unbinned Asimov dataset generation
INFO: (function: generateWithHisto) ToyMCSamplerOpt.cc: 214 -- Generating asimov with histogram for pdf pdf_binfail_SIG_obsOnly: in 6 x-bins
INFO: (function: generateWithHisto) ToyMCSamplerOpt.cc: 215 -- , in 1 y-bins
INFO: (function: generateAsimov) ToyMCSamplerOpt.cc: 139 -- Using internal logic for binned/unbinned Asimov dataset generation
INFO: (function: generateWithHisto) ToyMCSamplerOpt.cc: 214 -- Generating asimov with histogram for pdf pdf_binpass_LOW_obsOnly: in 5 x-bins
INFO: (function: generateWithHisto) ToyMCSamplerOpt.cc: 215 -- , in 1 y-bins
INFO: (function: generateAsimov) ToyMCSamplerOpt.cc: 139 -- Using internal logic for binned/unbinned Asimov dataset generation
INFO: (function: generateWithHisto) ToyMCSamplerOpt.cc: 214 -- Generating asimov with histogram for pdf pdf_binpass_SIG_obsOnly: in 6 x-bins
INFO: (function: generateWithHisto) ToyMCSamplerOpt.cc: 215 -- , in 1 y-bins
INFO: (function: runLimitExpected) AsymptoticLimits.cc: 436 -- Median for expected limits = 88.25 (Sigma for expected limits = 45.0263)
INFO: (function: runLimit) AsymptoticLimits.cc: 193 -- NLL at global minimum of data = -985571 (r=7.09382e-05)
INFO: (function: runLimit) AsymptoticLimits.cc: 213 -- NLL at global minimum of asimov = -985568 (r=7.60002e-13)
INFO: (function: getCLs) AsymptoticLimits.cc: 343 -- At r = 45.092976:	q_mu = 2.90468	q_A  = 1.63130	CLsb = 0.03789	CLb  = 0.30907	CLs  = 0.12259
INFO: (function: getCLs) AsymptoticLimits.cc: 343 -- At r = 90.185951:	q_mu = 5.66345	q_A  = 3.94433	CLsb = 0.00779	CLb  = 0.33258	CLs  = 0.02341
INFO: (function: getCLs) AsymptoticLimits.cc: 343 -- At r = 45.093011:	q_mu = 2.90462	q_A  = 1.63131	CLsb = 0.03789	CLb  = 0.30908	CLs  = 0.12260
INFO: (function: getCLs) AsymptoticLimits.cc: 343 -- At r = 64.632825:	q_mu = 4.11253	q_A  = 2.61200	CLsb = 0.01874	CLb  = 0.32124	CLs  = 0.05835
INFO: (function: getCLs) AsymptoticLimits.cc: 343 -- At r = 73.200132:	q_mu = 4.63582	q_A  = 3.05402	CLsb = 0.01390	CLb  = 0.32543	CLs  = 0.04271
INFO: (function: getCLs) AsymptoticLimits.cc: 343 -- At r = 69.738066:	q_mu = 4.42476	q_A  = 2.87476	CLsb = 0.01568	CLb  = 0.32380	CLs  = 0.04841
INFO: (function: getCLs) AsymptoticLimits.cc: 343 -- At r = 68.009991:	q_mu = 4.31921	q_A  = 2.78560	CLsb = 0.01665	CLb  = 0.32296	CLs  = 0.05155
INFO: (function: getCLs) AsymptoticLimits.cc: 343 -- At r = 69.027934:	q_mu = 4.38140	q_A  = 2.83809	CLsb = 0.01607	CLb  = 0.32346	CLs  = 0.04968
INFO: (function: getCLs) AsymptoticLimits.cc: 343 -- At r = 68.681731:	q_mu = 4.36025	q_A  = 2.82023	CLsb = 0.01626	CLb  = 0.32329	CLs  = 0.05031
INFO: (function: getCLs) AsymptoticLimits.cc: 343 -- At r = 68.885200:	q_mu = 4.37268	q_A  = 2.83073	CLsb = 0.01615	CLb  = 0.32339	CLs  = 0.04993
