INFO: (function: improveOnce) CascadeMinimizer.cc: 188 -- Minimisation configured with Type=Minuit2, Algo=Migrad, strategy=0, tolerance=0.1
INFO: (function: improveOnce) CascadeMinimizer.cc: 211 -- Minimisation finished with status=0
INFO: (function: improveOnce) CascadeMinimizer.cc: 216 -- Minimization success! status=0
INFO: (function: generateAsimov) ToyMCSamplerOpt.cc: 139 -- Using internal logic for binned/unbinned Asimov dataset generation
INFO: (function: generateWithHisto) ToyMCSamplerOpt.cc: 214 -- Generating asimov with histogram for pdf pdf_binfail_LOW_obsOnly: in 5 x-bins
INFO: (function: generateWithHisto) ToyMCSamplerOpt.cc: 215 -- , in 1 y-bins
INFO: (function: generateAsimov) ToyMCSamplerOpt.cc: 139 -- Using internal logic for binned/unbinned Asimov dataset generation
INFO: (function: generateWithHisto) ToyMCSamplerOpt.cc: 214 -- Generating asimov with histogram for pdf pdf_binfail_SIG_obsOnly: in 4 x-bins
INFO: (function: generateWithHisto) ToyMCSamplerOpt.cc: 215 -- , in 1 y-bins
INFO: (function: generateAsimov) ToyMCSamplerOpt.cc: 139 -- Using internal logic for binned/unbinned Asimov dataset generation
INFO: (function: generateWithHisto) ToyMCSamplerOpt.cc: 214 -- Generating asimov with histogram for pdf pdf_binpass_LOW_obsOnly: in 5 x-bins
INFO: (function: generateWithHisto) ToyMCSamplerOpt.cc: 215 -- , in 1 y-bins
INFO: (function: generateAsimov) ToyMCSamplerOpt.cc: 139 -- Using internal logic for binned/unbinned Asimov dataset generation
INFO: (function: generateWithHisto) ToyMCSamplerOpt.cc: 214 -- Generating asimov with histogram for pdf pdf_binpass_SIG_obsOnly: in 4 x-bins
INFO: (function: generateWithHisto) ToyMCSamplerOpt.cc: 215 -- , in 1 y-bins
INFO: (function: runLimitExpected) AsymptoticLimits.cc: 436 -- Median for expected limits = 0.212891 (Sigma for expected limits = 0.10862)
INFO: (function: runLimit) AsymptoticLimits.cc: 193 -- NLL at global minimum of data = -76478.5 (r=0.042543)
INFO: (function: runLimit) AsymptoticLimits.cc: 213 -- NLL at global minimum of asimov = -76477.7 (r=2.64191e-05)
INFO: (function: getCLs) AsymptoticLimits.cc: 343 -- At r = 1.242543:	q_mu = 17.38673	q_A  = 19.87241	CLsb = 0.00002	CLb  = 0.61337	CLs  = 0.00002
INFO: (function: getCLs) AsymptoticLimits.cc: 343 -- At r = 0.642543:	q_mu = 9.26499	q_A  = 11.54415	CLsb = 0.00117	CLb  = 0.63826	CLs  = 0.00183
INFO: (function: getCLs) AsymptoticLimits.cc: 343 -- At r = 0.342543:	q_mu = 4.40718	q_A  = 6.37069	CLsb = 0.01789	CLb  = 0.66447	CLs  = 0.02693
INFO: (function: getCLs) AsymptoticLimits.cc: 343 -- At r = 0.192543:	q_mu = 1.84032	q_A  = 3.42897	CLsb = 0.08746	CLb  = 0.68976	CLs  = 0.12679
INFO: (function: getCLs) AsymptoticLimits.cc: 343 -- At r = 0.264616:	q_mu = 3.06787	q_A  = 4.87215	CLsb = 0.03993	CLb  = 0.67572	CLs  = 0.05909
INFO: (function: getCLs) AsymptoticLimits.cc: 343 -- At r = 0.293451:	q_mu = 3.56458	q_A  = 5.43454	CLsb = 0.02951	CLb  = 0.67119	CLs  = 0.04397
INFO: (function: getCLs) AsymptoticLimits.cc: 343 -- At r = 0.277652:	q_mu = 3.29244	q_A  = 5.12761	CLsb = 0.03480	CLb  = 0.67361	CLs  = 0.05166
INFO: (function: getCLs) AsymptoticLimits.cc: 343 -- At r = 0.283374:	q_mu = 3.39103	q_A  = 5.23913	CLsb = 0.03278	CLb  = 0.67272	CLs  = 0.04872
INFO: (function: getCLs) AsymptoticLimits.cc: 343 -- At r = 0.280206:	q_mu = 3.33644	q_A  = 5.17743	CLsb = 0.03388	CLb  = 0.67321	CLs  = 0.05033
INFO: (function: getCLs) AsymptoticLimits.cc: 343 -- At r = 0.281349:	q_mu = 3.35613	q_A  = 5.19969	CLsb = 0.03348	CLb  = 0.67304	CLs  = 0.04974
INFO: (function: getCLs) AsymptoticLimits.cc: 343 -- At r = 0.280715:	q_mu = 3.34521	q_A  = 5.18734	CLsb = 0.03370	CLb  = 0.67313	CLs  = 0.05007
