INFO: (function: improveOnce) CascadeMinimizer.cc: 188 -- Minimisation configured with Type=Minuit2, Algo=Migrad, strategy=0, tolerance=0.1
INFO: (function: improveOnce) CascadeMinimizer.cc: 211 -- Minimisation finished with status=0
INFO: (function: improveOnce) CascadeMinimizer.cc: 216 -- Minimization success! status=0
INFO: (function: generateAsimov) ToyMCSamplerOpt.cc: 139 -- Using internal logic for binned/unbinned Asimov dataset generation
INFO: (function: generateWithHisto) ToyMCSamplerOpt.cc: 214 -- Generating asimov with histogram for pdf pdf_binfail_LOW_obsOnly: in 5 x-bins
INFO: (function: generateWithHisto) ToyMCSamplerOpt.cc: 215 -- , in 1 y-bins
INFO: (function: generateAsimov) ToyMCSamplerOpt.cc: 139 -- Using internal logic for binned/unbinned Asimov dataset generation
INFO: (function: generateWithHisto) ToyMCSamplerOpt.cc: 214 -- Generating asimov with histogram for pdf pdf_binfail_SIG_obsOnly: in 3 x-bins
INFO: (function: generateWithHisto) ToyMCSamplerOpt.cc: 215 -- , in 1 y-bins
INFO: (function: generateAsimov) ToyMCSamplerOpt.cc: 139 -- Using internal logic for binned/unbinned Asimov dataset generation
INFO: (function: generateWithHisto) ToyMCSamplerOpt.cc: 214 -- Generating asimov with histogram for pdf pdf_binpass_LOW_obsOnly: in 5 x-bins
INFO: (function: generateWithHisto) ToyMCSamplerOpt.cc: 215 -- , in 1 y-bins
INFO: (function: generateAsimov) ToyMCSamplerOpt.cc: 139 -- Using internal logic for binned/unbinned Asimov dataset generation
INFO: (function: generateWithHisto) ToyMCSamplerOpt.cc: 214 -- Generating asimov with histogram for pdf pdf_binpass_SIG_obsOnly: in 3 x-bins
INFO: (function: generateWithHisto) ToyMCSamplerOpt.cc: 215 -- , in 1 y-bins
INFO: (function: runLimitExpected) AsymptoticLimits.cc: 436 -- Median for expected limits = 9.75 (Sigma for expected limits = 4.97458)
INFO: (function: runLimit) AsymptoticLimits.cc: 193 -- NLL at global minimum of data = -57603.9 (r=2.67018e-07)
INFO: (function: runLimit) AsymptoticLimits.cc: 213 -- NLL at global minimum of asimov = -57603.5 (r=6.62931e-15)
INFO: (function: getCLs) AsymptoticLimits.cc: 343 -- At r = 15.285155:	q_mu = 6.30062	q_A  = 5.85289	CLsb = 0.00601	CLb  = 0.46314	CLs  = 0.01297
INFO: (function: getCLs) AsymptoticLimits.cc: 343 -- At r = 7.642577:	q_mu = 3.33498	q_A  = 2.98480	CLsb = 0.03370	CLb  = 0.45964	CLs  = 0.07332
INFO: (function: getCLs) AsymptoticLimits.cc: 343 -- At r = 11.463866:	q_mu = 4.90495	q_A  = 4.49804	CLsb = 0.01332	CLb  = 0.46179	CLs  = 0.02884
INFO: (function: getCLs) AsymptoticLimits.cc: 343 -- At r = 9.661064:	q_mu = 4.18852	q_A  = 3.80567	CLsb = 0.02023	CLb  = 0.46092	CLs  = 0.04390
INFO: (function: getCLs) AsymptoticLimits.cc: 343 -- At r = 8.847713:	q_mu = 3.85143	q_A  = 3.48087	CLsb = 0.02471	CLb  = 0.46045	CLs  = 0.05366
INFO: (function: getCLs) AsymptoticLimits.cc: 343 -- At r = 9.239229:	q_mu = 4.01481	q_A  = 3.63821	CLsb = 0.02242	CLb  = 0.46068	CLs  = 0.04867
INFO: (function: getCLs) AsymptoticLimits.cc: 343 -- At r = 9.074349:	q_mu = 3.94626	q_A  = 3.57218	CLsb = 0.02335	CLb  = 0.46058	CLs  = 0.05070
INFO: (function: getCLs) AsymptoticLimits.cc: 343 -- At r = 9.152189:	q_mu = 3.97867	q_A  = 3.60339	CLsb = 0.02291	CLb  = 0.46063	CLs  = 0.04973
INFO: (function: getCLs) AsymptoticLimits.cc: 343 -- At r = 9.119121:	q_mu = 3.96491	q_A  = 3.59014	CLsb = 0.02309	CLb  = 0.46061	CLs  = 0.05014
