INFO: (function: improveOnce) CascadeMinimizer.cc: 188 -- Minimisation configured with Type=Minuit2, Algo=Migrad, strategy=0, tolerance=0.1
INFO: (function: improveOnce) CascadeMinimizer.cc: 211 -- Minimisation finished with status=0
INFO: (function: improveOnce) CascadeMinimizer.cc: 216 -- Minimization success! status=0
INFO: (function: generateAsimov) ToyMCSamplerOpt.cc: 139 -- Using internal logic for binned/unbinned Asimov dataset generation
INFO: (function: generateWithHisto) ToyMCSamplerOpt.cc: 214 -- Generating asimov with histogram for pdf pdf_binfail_LOW_obsOnly: in 5 x-bins
INFO: (function: generateWithHisto) ToyMCSamplerOpt.cc: 215 -- , in 1 y-bins
INFO: (function: generateAsimov) ToyMCSamplerOpt.cc: 139 -- Using internal logic for binned/unbinned Asimov dataset generation
INFO: (function: generateWithHisto) ToyMCSamplerOpt.cc: 214 -- Generating asimov with histogram for pdf pdf_binfail_SIG_obsOnly: in 4 x-bins
INFO: (function: generateWithHisto) ToyMCSamplerOpt.cc: 215 -- , in 1 y-bins
INFO: (function: generateAsimov) ToyMCSamplerOpt.cc: 139 -- Using internal logic for binned/unbinned Asimov dataset generation
INFO: (function: generateWithHisto) ToyMCSamplerOpt.cc: 214 -- Generating asimov with histogram for pdf pdf_binpass_LOW_obsOnly: in 5 x-bins
INFO: (function: generateWithHisto) ToyMCSamplerOpt.cc: 215 -- , in 1 y-bins
INFO: (function: generateAsimov) ToyMCSamplerOpt.cc: 139 -- Using internal logic for binned/unbinned Asimov dataset generation
INFO: (function: generateWithHisto) ToyMCSamplerOpt.cc: 214 -- Generating asimov with histogram for pdf pdf_binpass_SIG_obsOnly: in 4 x-bins
INFO: (function: generateWithHisto) ToyMCSamplerOpt.cc: 215 -- , in 1 y-bins
INFO: (function: runLimitExpected) AsymptoticLimits.cc: 436 -- Median for expected limits = 0.574219 (Sigma for expected limits = 0.292974)
INFO: (function: runLimit) AsymptoticLimits.cc: 193 -- NLL at global minimum of data = -76474 (r=0.102937)
INFO: (function: runLimit) AsymptoticLimits.cc: 213 -- NLL at global minimum of asimov = -76477.2 (r=0.00028223)
INFO: (function: getCLs) AsymptoticLimits.cc: 343 -- At r = 1.302937:	q_mu = 5.86355	q_A  = 8.04001	CLsb = 0.00773	CLb  = 0.66057	CLs  = 0.01170
INFO: (function: getCLs) AsymptoticLimits.cc: 343 -- At r = 0.702937:	q_mu = 2.86741	q_A  = 4.68085	CLsb = 0.04520	CLb  = 0.68089	CLs  = 0.06638
INFO: (function: getCLs) AsymptoticLimits.cc: 343 -- At r = 1.002937:	q_mu = 4.42629	q_A  = 6.45464	CLsb = 0.01769	CLb  = 0.66884	CLs  = 0.02646
INFO: (function: getCLs) AsymptoticLimits.cc: 343 -- At r = 0.836858:	q_mu = 3.57830	q_A  = 5.49917	CLsb = 0.02927	CLb  = 0.67487	CLs  = 0.04337
INFO: (function: getCLs) AsymptoticLimits.cc: 343 -- At r = 0.774265:	q_mu = 3.24892	q_A  = 5.12237	CLsb = 0.03574	CLb  = 0.67752	CLs  = 0.05274
INFO: (function: getCLs) AsymptoticLimits.cc: 343 -- At r = 0.800456:	q_mu = 3.38738	q_A  = 5.28121	CLsb = 0.03285	CLb  = 0.67638	CLs  = 0.04857
INFO: (function: getCLs) AsymptoticLimits.cc: 343 -- At r = 0.787827:	q_mu = 3.32073	q_A  = 5.20483	CLsb = 0.03421	CLb  = 0.67693	CLs  = 0.05053
INFO: (function: getCLs) AsymptoticLimits.cc: 343 -- At r = 0.793042:	q_mu = 3.34828	q_A  = 5.23642	CLsb = 0.03364	CLb  = 0.67670	CLs  = 0.04971
INFO: (function: getCLs) AsymptoticLimits.cc: 343 -- At r = 0.790512:	q_mu = 3.33492	q_A  = 5.22111	CLsb = 0.03391	CLb  = 0.67681	CLs  = 0.05011
