INFO: (function: improveOnce) CascadeMinimizer.cc: 188 -- Minimisation configured with Type=Minuit2, Algo=Migrad, strategy=0, tolerance=0.1
INFO: (function: improveOnce) CascadeMinimizer.cc: 211 -- Minimisation finished with status=0
INFO: (function: improveOnce) CascadeMinimizer.cc: 216 -- Minimization success! status=0
INFO: (function: generateAsimov) ToyMCSamplerOpt.cc: 139 -- Using internal logic for binned/unbinned Asimov dataset generation
INFO: (function: generateWithHisto) ToyMCSamplerOpt.cc: 214 -- Generating asimov with histogram for pdf pdf_binfail_LOW_obsOnly: in 9 x-bins
INFO: (function: generateWithHisto) ToyMCSamplerOpt.cc: 215 -- , in 1 y-bins
INFO: (function: generateAsimov) ToyMCSamplerOpt.cc: 139 -- Using internal logic for binned/unbinned Asimov dataset generation
INFO: (function: generateWithHisto) ToyMCSamplerOpt.cc: 214 -- Generating asimov with histogram for pdf pdf_binfail_SIG_obsOnly: in 5 x-bins
INFO: (function: generateWithHisto) ToyMCSamplerOpt.cc: 215 -- , in 1 y-bins
INFO: (function: generateAsimov) ToyMCSamplerOpt.cc: 139 -- Using internal logic for binned/unbinned Asimov dataset generation
INFO: (function: generateWithHisto) ToyMCSamplerOpt.cc: 214 -- Generating asimov with histogram for pdf pdf_binpass_LOW_obsOnly: in 9 x-bins
INFO: (function: generateWithHisto) ToyMCSamplerOpt.cc: 215 -- , in 1 y-bins
INFO: (function: generateAsimov) ToyMCSamplerOpt.cc: 139 -- Using internal logic for binned/unbinned Asimov dataset generation
INFO: (function: generateWithHisto) ToyMCSamplerOpt.cc: 214 -- Generating asimov with histogram for pdf pdf_binpass_SIG_obsOnly: in 5 x-bins
INFO: (function: generateWithHisto) ToyMCSamplerOpt.cc: 215 -- , in 1 y-bins
DEBUG: (function: runLimitExpected) AsymptoticLimits.cc: 423 -- Best fit of asimov dataset is at r = 0.088372 (0.004419 times rMax), while it should be at zero
INFO: (function: runLimitExpected) AsymptoticLimits.cc: 436 -- Median for expected limits = 679 (Sigma for expected limits = 346.435)
INFO: (function: runLimit) AsymptoticLimits.cc: 193 -- NLL at global minimum of data = -45184.5 (r=578.073)
INFO: (function: runLimit) AsymptoticLimits.cc: 213 -- NLL at global minimum of asimov = -59244.1 (r=0.0372247)
INFO: (function: getCLs) AsymptoticLimits.cc: 343 -- At r = 2142.975051:	q_mu = 0.00000	q_A  = 28.76343	CLsb = 0.50000	CLb  = 1.00000	CLs  = 0.50000
INFO: (function: getCLs) AsymptoticLimits.cc: 343 -- At r = 4285.950102:	q_mu = 0.00000	q_A  = 91.77239	CLsb = 0.50000	CLb  = 1.00000	CLs  = 0.50000
INFO: (function: getCLs) AsymptoticLimits.cc: 343 -- At r = 8571.900204:	q_mu = 0.00000	q_A  = 235.96311	CLsb = 0.50000	CLb  = 1.00000	CLs  = 0.50000
INFO: (function: getCLs) AsymptoticLimits.cc: 343 -- At r = 17143.800408:	q_mu = 0.00000	q_A  = 612.53952	CLsb = 0.50000	CLb  = 1.00000	CLs  = 0.50000
INFO: (function: getCLs) AsymptoticLimits.cc: 343 -- At r = 34287.600816:	q_mu = 0.00000	q_A  = 2040.84242	CLsb = 0.50000	CLb  = 1.00000	CLs  = 0.50000
INFO: (function: getCLs) AsymptoticLimits.cc: 343 -- At r = 34576.637468:	q_mu = 0.00000	q_A  = 2073.76337	CLsb = 0.50000	CLb  = 1.00000	CLs  = 0.50000
INFO: (function: getCLs) AsymptoticLimits.cc: 343 -- At r = 51575.919550:	q_mu = 0.00000	q_A  = 4543.31820	CLsb = 0.50000	CLb  = 1.00000	CLs  = 0.50000
INFO: (function: getCLs) AsymptoticLimits.cc: 343 -- At r = 60075.560591:	q_mu = 0.00000	q_A  = 6158.72398	CLsb = 0.50000	CLb  = 1.00000	CLs  = 0.50000
INFO: (function: getCLs) AsymptoticLimits.cc: 343 -- At r = 64325.381111:	q_mu = 0.00000	q_A  = 7055.76112	CLsb = 0.50000	CLb  = 1.00000	CLs  = 0.50000
INFO: (function: getCLs) AsymptoticLimits.cc: 343 -- At r = 66450.291371:	q_mu = 0.00000	q_A  = 7525.68370	CLsb = 0.50000	CLb  = 1.00000	CLs  = 0.50000
INFO: (function: getCLs) AsymptoticLimits.cc: 343 -- At r = 67512.746501:	q_mu = 0.00000	q_A  = 7765.87253	CLsb = 0.50000	CLb  = 1.00000	CLs  = 0.50000
INFO: (function: getCLs) AsymptoticLimits.cc: 343 -- At r = 68043.974066:	q_mu = 0.00000	q_A  = 7887.25803	CLsb = 0.50000	CLb  = 1.00000	CLs  = 0.50000
INFO: (function: getCLs) AsymptoticLimits.cc: 343 -- At r = 68309.587849:	q_mu = 0.00000	q_A  = 7948.27158	CLsb = 0.50000	CLb  = 1.00000	CLs  = 0.50000
