INFO: (function: improveOnce) CascadeMinimizer.cc: 188 -- Minimisation configured with Type=Minuit2, Algo=Migrad, strategy=0, tolerance=0.1
INFO: (function: improveOnce) CascadeMinimizer.cc: 211 -- Minimisation finished with status=0
INFO: (function: improveOnce) CascadeMinimizer.cc: 216 -- Minimization success! status=0
INFO: (function: generateAsimov) ToyMCSamplerOpt.cc: 139 -- Using internal logic for binned/unbinned Asimov dataset generation
INFO: (function: generateWithHisto) ToyMCSamplerOpt.cc: 214 -- Generating asimov with histogram for pdf pdf_binfail_LOW_obsOnly: in 5 x-bins
INFO: (function: generateWithHisto) ToyMCSamplerOpt.cc: 215 -- , in 1 y-bins
INFO: (function: generateAsimov) ToyMCSamplerOpt.cc: 139 -- Using internal logic for binned/unbinned Asimov dataset generation
INFO: (function: generateWithHisto) ToyMCSamplerOpt.cc: 214 -- Generating asimov with histogram for pdf pdf_binfail_SIG_obsOnly: in 6 x-bins
INFO: (function: generateWithHisto) ToyMCSamplerOpt.cc: 215 -- , in 1 y-bins
INFO: (function: generateAsimov) ToyMCSamplerOpt.cc: 139 -- Using internal logic for binned/unbinned Asimov dataset generation
INFO: (function: generateWithHisto) ToyMCSamplerOpt.cc: 214 -- Generating asimov with histogram for pdf pdf_binpass_LOW_obsOnly: in 5 x-bins
INFO: (function: generateWithHisto) ToyMCSamplerOpt.cc: 215 -- , in 1 y-bins
INFO: (function: generateAsimov) ToyMCSamplerOpt.cc: 139 -- Using internal logic for binned/unbinned Asimov dataset generation
INFO: (function: generateWithHisto) ToyMCSamplerOpt.cc: 214 -- Generating asimov with histogram for pdf pdf_binpass_SIG_obsOnly: in 6 x-bins
INFO: (function: generateWithHisto) ToyMCSamplerOpt.cc: 215 -- , in 1 y-bins
INFO: (function: runLimitExpected) AsymptoticLimits.cc: 436 -- Median for expected limits = 15.25 (Sigma for expected limits = 7.78076)
INFO: (function: runLimit) AsymptoticLimits.cc: 193 -- NLL at global minimum of data = -10365.1 (r=1.71834e-06)
INFO: (function: runLimit) AsymptoticLimits.cc: 213 -- NLL at global minimum of asimov = -10365.3 (r=1.58361e-05)
INFO: (function: getCLs) AsymptoticLimits.cc: 343 -- At r = 10.584874:	q_mu = 2.99939	q_A  = 2.83232	CLsb = 0.04158	CLb  = 0.48021	CLs  = 0.08660
INFO: (function: getCLs) AsymptoticLimits.cc: 343 -- At r = 21.169748:	q_mu = 5.23077	q_A  = 5.00662	CLsb = 0.01108	CLb  = 0.48003	CLs  = 0.02308
INFO: (function: getCLs) AsymptoticLimits.cc: 343 -- At r = 10.584875:	q_mu = 2.99940	q_A  = 2.83232	CLsb = 0.04158	CLb  = 0.48021	CLs  = 0.08660
INFO: (function: getCLs) AsymptoticLimits.cc: 343 -- At r = 16.219247:	q_mu = 4.24986	q_A  = 4.04889	CLsb = 0.01960	CLb  = 0.48009	CLs  = 0.04082
INFO: (function: getCLs) AsymptoticLimits.cc: 343 -- At r = 13.876837:	q_mu = 3.74971	q_A  = 3.56167	CLsb = 0.02637	CLb  = 0.48013	CLs  = 0.05492
INFO: (function: getCLs) AsymptoticLimits.cc: 343 -- At r = 14.938202:	q_mu = 3.97950	q_A  = 3.78548	CLsb = 0.02299	CLb  = 0.48012	CLs  = 0.04789
INFO: (function: getCLs) AsymptoticLimits.cc: 343 -- At r = 14.459003:	q_mu = 3.87643	q_A  = 3.68506	CLsb = 0.02445	CLb  = 0.48012	CLs  = 0.05092
INFO: (function: getCLs) AsymptoticLimits.cc: 343 -- At r = 14.668960:	q_mu = 3.92173	q_A  = 3.72919	CLsb = 0.02380	CLb  = 0.48012	CLs  = 0.04957
INFO: (function: getCLs) AsymptoticLimits.cc: 343 -- At r = 14.572672:	q_mu = 3.90098	q_A  = 3.70898	CLsb = 0.02409	CLb  = 0.48012	CLs  = 0.05018
INFO: (function: getCLs) AsymptoticLimits.cc: 343 -- At r = 14.614573:	q_mu = 3.91001	q_A  = 3.71778	CLsb = 0.02396	CLb  = 0.48012	CLs  = 0.04991
