INFO: (function: improveOnce) CascadeMinimizer.cc: 188 -- Minimisation configured with Type=Minuit2, Algo=Migrad, strategy=0, tolerance=0.1
INFO: (function: improveOnce) CascadeMinimizer.cc: 211 -- Minimisation finished with status=0
INFO: (function: improveOnce) CascadeMinimizer.cc: 216 -- Minimization success! status=0
INFO: (function: generateAsimov) ToyMCSamplerOpt.cc: 139 -- Using internal logic for binned/unbinned Asimov dataset generation
INFO: (function: generateWithHisto) ToyMCSamplerOpt.cc: 214 -- Generating asimov with histogram for pdf pdf_binfail_LOW_obsOnly: in 6 x-bins
INFO: (function: generateWithHisto) ToyMCSamplerOpt.cc: 215 -- , in 1 y-bins
INFO: (function: generateAsimov) ToyMCSamplerOpt.cc: 139 -- Using internal logic for binned/unbinned Asimov dataset generation
INFO: (function: generateWithHisto) ToyMCSamplerOpt.cc: 214 -- Generating asimov with histogram for pdf pdf_binfail_SIG_obsOnly: in 8 x-bins
INFO: (function: generateWithHisto) ToyMCSamplerOpt.cc: 215 -- , in 1 y-bins
INFO: (function: generateAsimov) ToyMCSamplerOpt.cc: 139 -- Using internal logic for binned/unbinned Asimov dataset generation
INFO: (function: generateWithHisto) ToyMCSamplerOpt.cc: 214 -- Generating asimov with histogram for pdf pdf_binpass_LOW_obsOnly: in 6 x-bins
INFO: (function: generateWithHisto) ToyMCSamplerOpt.cc: 215 -- , in 1 y-bins
INFO: (function: generateAsimov) ToyMCSamplerOpt.cc: 139 -- Using internal logic for binned/unbinned Asimov dataset generation
INFO: (function: generateWithHisto) ToyMCSamplerOpt.cc: 214 -- Generating asimov with histogram for pdf pdf_binpass_SIG_obsOnly: in 8 x-bins
INFO: (function: generateWithHisto) ToyMCSamplerOpt.cc: 215 -- , in 1 y-bins
INFO: (function: runLimitExpected) AsymptoticLimits.cc: 436 -- Median for expected limits = 0.208984 (Sigma for expected limits = 0.106627)
INFO: (function: runLimit) AsymptoticLimits.cc: 193 -- NLL at global minimum of data = -777268 (r=3.57133e-07)
INFO: (function: runLimit) AsymptoticLimits.cc: 213 -- NLL at global minimum of asimov = -777251 (r=2.9976e-14)
INFO: (function: getCLs) AsymptoticLimits.cc: 343 -- At r = 1.200000:	q_mu = 20.51167	q_A  = 18.36010	CLsb = 0.00000	CLb  = 0.40088	CLs  = 0.00001
INFO: (function: getCLs) AsymptoticLimits.cc: 343 -- At r = 0.600000:	q_mu = 12.35347	q_A  = 10.50665	CLsb = 0.00021	CLb  = 0.38787	CLs  = 0.00054
INFO: (function: getCLs) AsymptoticLimits.cc: 343 -- At r = 0.300000:	q_mu = 7.04500	q_A  = 5.54738	CLsb = 0.00376	CLb  = 0.37527	CLs  = 0.01001
INFO: (function: getCLs) AsymptoticLimits.cc: 343 -- At r = 0.150000:	q_mu = 3.83907	q_A  = 2.69708	CLsb = 0.02330	CLb  = 0.36404	CLs  = 0.06400
INFO: (function: getCLs) AsymptoticLimits.cc: 343 -- At r = 0.225000:	q_mu = 5.50064	q_A  = 4.15158	CLsb = 0.00893	CLb  = 0.37030	CLs  = 0.02411
INFO: (function: getCLs) AsymptoticLimits.cc: 343 -- At r = 0.180170:	q_mu = 4.52299	q_A  = 3.28803	CLsb = 0.01563	CLb  = 0.36673	CLs  = 0.04261
INFO: (function: getCLs) AsymptoticLimits.cc: 343 -- At r = 0.164648:	q_mu = 4.17389	q_A  = 2.98464	CLsb = 0.01914	CLb  = 0.36535	CLs  = 0.05239
INFO: (function: getCLs) AsymptoticLimits.cc: 343 -- At r = 0.170562:	q_mu = 4.30771	q_A  = 3.10043	CLsb = 0.01771	CLb  = 0.36587	CLs  = 0.04839
INFO: (function: getCLs) AsymptoticLimits.cc: 343 -- At r = 0.167433:	q_mu = 4.23714	q_A  = 3.03919	CLsb = 0.01845	CLb  = 0.36558	CLs  = 0.05046
INFO: (function: getCLs) AsymptoticLimits.cc: 343 -- At r = 0.168610:	q_mu = 4.26371	q_A  = 3.06223	CLsb = 0.01816	CLb  = 0.36569	CLs  = 0.04967
INFO: (function: getCLs) AsymptoticLimits.cc: 343 -- At r = 0.167983:	q_mu = 4.24956	q_A  = 3.04996	CLsb = 0.01832	CLb  = 0.36563	CLs  = 0.05009
