INFO: (function: improveOnce) CascadeMinimizer.cc: 188 -- Minimisation configured with Type=Minuit2, Algo=Migrad, strategy=0, tolerance=0.1
INFO: (function: improveOnce) CascadeMinimizer.cc: 211 -- Minimisation finished with status=0
INFO: (function: improveOnce) CascadeMinimizer.cc: 216 -- Minimization success! status=0
INFO: (function: generateAsimov) ToyMCSamplerOpt.cc: 139 -- Using internal logic for binned/unbinned Asimov dataset generation
INFO: (function: generateWithHisto) ToyMCSamplerOpt.cc: 214 -- Generating asimov with histogram for pdf pdf_binfail_LOW_obsOnly: in 45 x-bins
INFO: (function: generateWithHisto) ToyMCSamplerOpt.cc: 215 -- , in 1 y-bins
INFO: (function: generateAsimov) ToyMCSamplerOpt.cc: 139 -- Using internal logic for binned/unbinned Asimov dataset generation
INFO: (function: generateWithHisto) ToyMCSamplerOpt.cc: 214 -- Generating asimov with histogram for pdf pdf_binfail_SIG_obsOnly: in 5 x-bins
INFO: (function: generateWithHisto) ToyMCSamplerOpt.cc: 215 -- , in 1 y-bins
INFO: (function: generateAsimov) ToyMCSamplerOpt.cc: 139 -- Using internal logic for binned/unbinned Asimov dataset generation
INFO: (function: generateWithHisto) ToyMCSamplerOpt.cc: 214 -- Generating asimov with histogram for pdf pdf_binpass_LOW_obsOnly: in 45 x-bins
INFO: (function: generateWithHisto) ToyMCSamplerOpt.cc: 215 -- , in 1 y-bins
INFO: (function: generateAsimov) ToyMCSamplerOpt.cc: 139 -- Using internal logic for binned/unbinned Asimov dataset generation
INFO: (function: generateWithHisto) ToyMCSamplerOpt.cc: 214 -- Generating asimov with histogram for pdf pdf_binpass_SIG_obsOnly: in 5 x-bins
INFO: (function: generateWithHisto) ToyMCSamplerOpt.cc: 215 -- , in 1 y-bins
DEBUG: (function: runLimitExpected) AsymptoticLimits.cc: 423 -- Best fit of asimov dataset is at r = 0.083545 (0.004177 times rMax), while it should be at zero
INFO: (function: runLimitExpected) AsymptoticLimits.cc: 436 -- Median for expected limits = 4000 (Sigma for expected limits = 2040.85)
DEBUG: (function: findExpectedLimitFromCrossing) AsymptoticLimits.cc: 678 -- fail search for crossing of r between 3984.375000 and 4000.000000
INFO: (function: runLimit) AsymptoticLimits.cc: 193 -- NLL at global minimum of data = -776885 (r=233.773)
INFO: (function: runLimit) AsymptoticLimits.cc: 213 -- NLL at global minimum of asimov = -776892 (r=2.70859)
INFO: (function: getCLs) AsymptoticLimits.cc: 343 -- At r = 714.341018:	q_mu = 0.08147	q_A  = 0.42472	CLsb = 0.38766	CLb  = 0.64292	CLs  = 0.60296
INFO: (function: getCLs) AsymptoticLimits.cc: 343 -- At r = 1428.682036:	q_mu = 0.58371	q_A  = 0.62028	CLsb = 0.22243	CLb  = 0.50940	CLs  = 0.43665
INFO: (function: getCLs) AsymptoticLimits.cc: 343 -- At r = 2857.364072:	q_mu = 1.29436	q_A  = 0.86298	CLsb = 0.12279	CLb  = 0.40820	CLs  = 0.30081
INFO: (function: getCLs) AsymptoticLimits.cc: 343 -- At r = 5714.728144:	q_mu = 1.85830	q_A  = 1.48033	CLsb = 0.08503	CLb  = 0.43828	CLs  = 0.19401
INFO: (function: getCLs) AsymptoticLimits.cc: 343 -- At r = 11429.456287:	q_mu = 3.67898	q_A  = 3.73904	CLsb = 0.02755	CLb  = 0.50622	CLs  = 0.05443
INFO: (function: getCLs) AsymptoticLimits.cc: 343 -- At r = 11546.342867:	q_mu = 3.72834	q_A  = 3.79899	CLsb = 0.02675	CLb  = 0.50726	CLs  = 0.05273
INFO: (function: getCLs) AsymptoticLimits.cc: 343 -- At r = 17202.627721:	q_mu = 6.69790	q_A  = 7.36093	CLsb = 0.00483	CLb  = 0.54977	CLs  = 0.00878
INFO: (function: getCLs) AsymptoticLimits.cc: 343 -- At r = 14374.485294:	q_mu = 5.06997	q_A  = 5.41815	CLsb = 0.01217	CLb  = 0.53030	CLs  = 0.02295
INFO: (function: getCLs) AsymptoticLimits.cc: 343 -- At r = 12256.599693:	q_mu = 4.03831	q_A  = 4.17510	CLsb = 0.02224	CLb  = 0.51346	CLs  = 0.04331
INFO: (function: getCLs) AsymptoticLimits.cc: 343 -- At r = 11841.936236:	q_mu = 3.85512	q_A  = 3.95309	CLsb = 0.02480	CLb  = 0.50989	CLs  = 0.04863
INFO: (function: getCLs) AsymptoticLimits.cc: 343 -- At r = 11701.757214:	q_mu = 3.79471	q_A  = 3.87965	CLsb = 0.02571	CLb  = 0.50865	CLs  = 0.05054
INFO: (function: getCLs) AsymptoticLimits.cc: 343 -- At r = 11761.128700:	q_mu = 3.82018	q_A  = 3.91055	CLsb = 0.02532	CLb  = 0.50917	CLs  = 0.04973
INFO: (function: getCLs) AsymptoticLimits.cc: 343 -- At r = 11733.228501:	q_mu = 3.80814	q_A  = 3.89592	CLsb = 0.02550	CLb  = 0.50892	CLs  = 0.05011
