INFO: (function: improveOnce) CascadeMinimizer.cc: 188 -- Minimisation configured with Type=Minuit2, Algo=Migrad, strategy=0, tolerance=0.1
INFO: (function: improveOnce) CascadeMinimizer.cc: 211 -- Minimisation finished with status=0
INFO: (function: improveOnce) CascadeMinimizer.cc: 216 -- Minimization success! status=0
INFO: (function: generateAsimov) ToyMCSamplerOpt.cc: 139 -- Using internal logic for binned/unbinned Asimov dataset generation
INFO: (function: generateWithHisto) ToyMCSamplerOpt.cc: 214 -- Generating asimov with histogram for pdf pdf_binfail_LOW_obsOnly: in 5 x-bins
INFO: (function: generateWithHisto) ToyMCSamplerOpt.cc: 215 -- , in 1 y-bins
INFO: (function: generateAsimov) ToyMCSamplerOpt.cc: 139 -- Using internal logic for binned/unbinned Asimov dataset generation
INFO: (function: generateWithHisto) ToyMCSamplerOpt.cc: 214 -- Generating asimov with histogram for pdf pdf_binfail_SIG_obsOnly: in 4 x-bins
INFO: (function: generateWithHisto) ToyMCSamplerOpt.cc: 215 -- , in 1 y-bins
INFO: (function: generateAsimov) ToyMCSamplerOpt.cc: 139 -- Using internal logic for binned/unbinned Asimov dataset generation
INFO: (function: generateWithHisto) ToyMCSamplerOpt.cc: 214 -- Generating asimov with histogram for pdf pdf_binpass_LOW_obsOnly: in 5 x-bins
INFO: (function: generateWithHisto) ToyMCSamplerOpt.cc: 215 -- , in 1 y-bins
INFO: (function: generateAsimov) ToyMCSamplerOpt.cc: 139 -- Using internal logic for binned/unbinned Asimov dataset generation
INFO: (function: generateWithHisto) ToyMCSamplerOpt.cc: 214 -- Generating asimov with histogram for pdf pdf_binpass_SIG_obsOnly: in 4 x-bins
INFO: (function: generateWithHisto) ToyMCSamplerOpt.cc: 215 -- , in 1 y-bins
INFO: (function: runLimitExpected) AsymptoticLimits.cc: 436 -- Median for expected limits = 0.0239258 (Sigma for expected limits = 0.0122073)
INFO: (function: runLimit) AsymptoticLimits.cc: 193 -- NLL at global minimum of data = -76702.1 (r=0.00544614)
INFO: (function: runLimit) AsymptoticLimits.cc: 213 -- NLL at global minimum of asimov = -76707 (r=6.01703e-08)
INFO: (function: getCLs) AsymptoticLimits.cc: 343 -- At r = 1.205446:	q_mu = 139.53657	q_A  = 144.53815	CLsb = 0.00000	CLb  = 0.58310	CLs  = 0.00000
INFO: (function: getCLs) AsymptoticLimits.cc: 343 -- At r = 0.605446:	q_mu = 84.80874	q_A  = 89.41219	CLsb = 0.00000	CLb  = 0.59740	CLs  = 0.00000
INFO: (function: getCLs) AsymptoticLimits.cc: 343 -- At r = 0.305446:	q_mu = 48.03825	q_A  = 52.17455	CLsb = 0.00000	CLb  = 0.61495	CLs  = 0.00000
INFO: (function: getCLs) AsymptoticLimits.cc: 343 -- At r = 0.155446:	q_mu = 25.17234	q_A  = 28.77478	CLsb = 0.00000	CLb  = 0.63571	CLs  = 0.00000
INFO: (function: getCLs) AsymptoticLimits.cc: 343 -- At r = 0.080446:	q_mu = 12.10034	q_A  = 15.12070	CLsb = 0.00025	CLb  = 0.65909	CLs  = 0.00038
INFO: (function: getCLs) AsymptoticLimits.cc: 343 -- At r = 0.042946:	q_mu = 5.28880	q_A  = 7.70693	CLsb = 0.01073	CLb  = 0.68310	CLs  = 0.01571
INFO: (function: getCLs) AsymptoticLimits.cc: 343 -- At r = 0.024196:	q_mu = 2.09392	q_A  = 3.94839	CLsb = 0.07394	CLb  = 0.70541	CLs  = 0.10482
INFO: (function: getCLs) AsymptoticLimits.cc: 343 -- At r = 0.033796:	q_mu = 3.68500	q_A  = 5.86605	CLsb = 0.02745	CLb  = 0.69229	CLs  = 0.03965
INFO: (function: getCLs) AsymptoticLimits.cc: 343 -- At r = 0.030045:	q_mu = 3.04866	q_A  = 5.11354	CLsb = 0.04040	CLb  = 0.69682	CLs  = 0.05798
INFO: (function: getCLs) AsymptoticLimits.cc: 343 -- At r = 0.031965:	q_mu = 3.37240	q_A  = 5.49826	CLsb = 0.03315	CLb  = 0.69442	CLs  = 0.04774
INFO: (function: getCLs) AsymptoticLimits.cc: 343 -- At r = 0.031215:	q_mu = 3.24540	q_A  = 5.34785	CLsb = 0.03581	CLb  = 0.69534	CLs  = 0.05150
INFO: (function: getCLs) AsymptoticLimits.cc: 343 -- At r = 0.031599:	q_mu = 3.31033	q_A  = 5.42483	CLsb = 0.03442	CLb  = 0.69487	CLs  = 0.04954
