INFO: (function: improveOnce) CascadeMinimizer.cc: 188 -- Minimisation configured with Type=Minuit2, Algo=Migrad, strategy=0, tolerance=0.1
INFO: (function: improveOnce) CascadeMinimizer.cc: 211 -- Minimisation finished with status=0
INFO: (function: improveOnce) CascadeMinimizer.cc: 216 -- Minimization success! status=0
INFO: (function: generateAsimov) ToyMCSamplerOpt.cc: 139 -- Using internal logic for binned/unbinned Asimov dataset generation
INFO: (function: generateWithHisto) ToyMCSamplerOpt.cc: 214 -- Generating asimov with histogram for pdf pdf_binfail_LOW_obsOnly: in 7 x-bins
INFO: (function: generateWithHisto) ToyMCSamplerOpt.cc: 215 -- , in 1 y-bins
INFO: (function: generateAsimov) ToyMCSamplerOpt.cc: 139 -- Using internal logic for binned/unbinned Asimov dataset generation
INFO: (function: generateWithHisto) ToyMCSamplerOpt.cc: 214 -- Generating asimov with histogram for pdf pdf_binfail_SIG_obsOnly: in 1 x-bins
INFO: (function: generateWithHisto) ToyMCSamplerOpt.cc: 215 -- , in 1 y-bins
INFO: (function: generateAsimov) ToyMCSamplerOpt.cc: 139 -- Using internal logic for binned/unbinned Asimov dataset generation
INFO: (function: generateWithHisto) ToyMCSamplerOpt.cc: 214 -- Generating asimov with histogram for pdf pdf_binpass_LOW_obsOnly: in 7 x-bins
INFO: (function: generateWithHisto) ToyMCSamplerOpt.cc: 215 -- , in 1 y-bins
INFO: (function: generateAsimov) ToyMCSamplerOpt.cc: 139 -- Using internal logic for binned/unbinned Asimov dataset generation
INFO: (function: generateWithHisto) ToyMCSamplerOpt.cc: 214 -- Generating asimov with histogram for pdf pdf_binpass_SIG_obsOnly: in 1 x-bins
INFO: (function: generateWithHisto) ToyMCSamplerOpt.cc: 215 -- , in 1 y-bins
INFO: (function: runLimitExpected) AsymptoticLimits.cc: 436 -- Median for expected limits = 20.0625 (Sigma for expected limits = 10.2362)
INFO: (function: runLimit) AsymptoticLimits.cc: 193 -- NLL at global minimum of data = -44546.1 (r=3.80798)
INFO: (function: runLimit) AsymptoticLimits.cc: 213 -- NLL at global minimum of asimov = -44547.3 (r=0.0537892)
INFO: (function: getCLs) AsymptoticLimits.cc: 343 -- At r = 23.599326:	q_mu = 3.67903	q_A  = 4.93720	CLsb = 0.02755	CLb  = 0.61940	CLs  = 0.04448
INFO: (function: getCLs) AsymptoticLimits.cc: 343 -- At r = 13.703653:	q_mu = 1.13537	q_A  = 2.07876	CLsb = 0.14332	CLb  = 0.64664	CLs  = 0.22163
INFO: (function: getCLs) AsymptoticLimits.cc: 343 -- At r = 18.651489:	q_mu = 2.28856	q_A  = 3.42301	CLsb = 0.06517	CLb  = 0.63207	CLs  = 0.10310
INFO: (function: getCLs) AsymptoticLimits.cc: 343 -- At r = 22.058875:	q_mu = 3.22490	q_A  = 4.45039	CLsb = 0.03626	CLb  = 0.62316	CLs  = 0.05819
INFO: (function: getCLs) AsymptoticLimits.cc: 343 -- At r = 22.754693:	q_mu = 3.42784	q_A  = 4.66868	CLsb = 0.03205	CLb  = 0.62144	CLs  = 0.05158
INFO: (function: getCLs) AsymptoticLimits.cc: 343 -- At r = 23.065443:	q_mu = 3.51964	q_A  = 4.76703	CLsb = 0.03032	CLb  = 0.62069	CLs  = 0.04885
INFO: (function: getCLs) AsymptoticLimits.cc: 343 -- At r = 22.897052:	q_mu = 3.46981	q_A  = 4.71367	CLsb = 0.03125	CLb  = 0.62109	CLs  = 0.05031
INFO: (function: getCLs) AsymptoticLimits.cc: 343 -- At r = 22.959309:	q_mu = 3.48821	q_A  = 4.73338	CLsb = 0.03090	CLb  = 0.62094	CLs  = 0.04977
