INFO: (function: improveOnce) CascadeMinimizer.cc: 188 -- Minimisation configured with Type=Minuit2, Algo=Migrad, strategy=0, tolerance=0.1
INFO: (function: improveOnce) CascadeMinimizer.cc: 211 -- Minimisation finished with status=0
INFO: (function: improveOnce) CascadeMinimizer.cc: 216 -- Minimization success! status=0
INFO: (function: generateAsimov) ToyMCSamplerOpt.cc: 139 -- Using internal logic for binned/unbinned Asimov dataset generation
INFO: (function: generateWithHisto) ToyMCSamplerOpt.cc: 214 -- Generating asimov with histogram for pdf pdf_binfail_LOW_obsOnly: in 45 x-bins
INFO: (function: generateWithHisto) ToyMCSamplerOpt.cc: 215 -- , in 1 y-bins
INFO: (function: generateAsimov) ToyMCSamplerOpt.cc: 139 -- Using internal logic for binned/unbinned Asimov dataset generation
INFO: (function: generateWithHisto) ToyMCSamplerOpt.cc: 214 -- Generating asimov with histogram for pdf pdf_binfail_SIG_obsOnly: in 5 x-bins
INFO: (function: generateWithHisto) ToyMCSamplerOpt.cc: 215 -- , in 1 y-bins
INFO: (function: generateAsimov) ToyMCSamplerOpt.cc: 139 -- Using internal logic for binned/unbinned Asimov dataset generation
INFO: (function: generateWithHisto) ToyMCSamplerOpt.cc: 214 -- Generating asimov with histogram for pdf pdf_binpass_LOW_obsOnly: in 45 x-bins
INFO: (function: generateWithHisto) ToyMCSamplerOpt.cc: 215 -- , in 1 y-bins
INFO: (function: generateAsimov) ToyMCSamplerOpt.cc: 139 -- Using internal logic for binned/unbinned Asimov dataset generation
INFO: (function: generateWithHisto) ToyMCSamplerOpt.cc: 214 -- Generating asimov with histogram for pdf pdf_binpass_SIG_obsOnly: in 5 x-bins
INFO: (function: generateWithHisto) ToyMCSamplerOpt.cc: 215 -- , in 1 y-bins
DEBUG: (function: runLimitExpected) AsymptoticLimits.cc: 423 -- Best fit of asimov dataset is at r = 0.088361 (0.004418 times rMax), while it should be at zero
INFO: (function: runLimitExpected) AsymptoticLimits.cc: 436 -- Median for expected limits = 541 (Sigma for expected limits = 276.025)
INFO: (function: runLimit) AsymptoticLimits.cc: 193 -- NLL at global minimum of data = -3106.82 (r=8.08655)
INFO: (function: runLimit) AsymptoticLimits.cc: 213 -- NLL at global minimum of asimov = -3111.05 (r=0.28686)
INFO: (function: getCLs) AsymptoticLimits.cc: 343 -- At r = 100.608965:	q_mu = 0.36529	q_A  = 0.72783	CLsb = 0.27279	CLb  = 0.59822	CLs  = 0.45601
INFO: (function: getCLs) AsymptoticLimits.cc: 343 -- At r = 201.217930:	q_mu = 0.62257	q_A  = 1.18809	CLsb = 0.21505	CLb  = 0.61828	CLs  = 0.34781
INFO: (function: getCLs) AsymptoticLimits.cc: 343 -- At r = 402.435860:	q_mu = 1.57555	q_A  = 2.52681	CLsb = 0.10470	CLb  = 0.63096	CLs  = 0.16594
INFO: (function: getCLs) AsymptoticLimits.cc: 343 -- At r = 804.871721:	q_mu = 5.31974	q_A  = 7.17867	CLsb = 0.01054	CLb  = 0.64537	CLs  = 0.01634
INFO: (function: getCLs) AsymptoticLimits.cc: 343 -- At r = 406.479137:	q_mu = 1.60116	q_A  = 2.56060	CLsb = 0.10287	CLb  = 0.63112	CLs  = 0.16300
INFO: (function: getCLs) AsymptoticLimits.cc: 343 -- At r = 605.675429:	q_mu = 3.17490	q_A  = 4.56140	CLsb = 0.03739	CLb  = 0.63830	CLs  = 0.05858
INFO: (function: getCLs) AsymptoticLimits.cc: 343 -- At r = 665.269345:	q_mu = 3.75860	q_A  = 5.28297	CLsb = 0.02627	CLb  = 0.64049	CLs  = 0.04101
INFO: (function: getCLs) AsymptoticLimits.cc: 343 -- At r = 638.767756:	q_mu = 3.49285	q_A  = 4.95550	CLsb = 0.03082	CLb  = 0.63952	CLs  = 0.04819
INFO: (function: getCLs) AsymptoticLimits.cc: 343 -- At r = 627.143307:	q_mu = 3.37945	q_A  = 4.81523	CLsb = 0.03301	CLb  = 0.63909	CLs  = 0.05165
INFO: (function: getCLs) AsymptoticLimits.cc: 343 -- At r = 633.815355:	q_mu = 3.44429	q_A  = 4.89548	CLsb = 0.03174	CLb  = 0.63934	CLs  = 0.04964
INFO: (function: getCLs) AsymptoticLimits.cc: 343 -- At r = 631.502717:	q_mu = 3.42167	q_A  = 4.86751	CLsb = 0.03217	CLb  = 0.63925	CLs  = 0.05033
INFO: (function: getCLs) AsymptoticLimits.cc: 343 -- At r = 632.842377:	q_mu = 3.43473	q_A  = 4.88366	CLsb = 0.03192	CLb  = 0.63930	CLs  = 0.04993
