INFO: (function: improveOnce) CascadeMinimizer.cc: 188 -- Minimisation configured with Type=Minuit2, Algo=Migrad, strategy=0, tolerance=0.1
INFO: (function: improveOnce) CascadeMinimizer.cc: 211 -- Minimisation finished with status=0
INFO: (function: improveOnce) CascadeMinimizer.cc: 216 -- Minimization success! status=0
INFO: (function: generateAsimov) ToyMCSamplerOpt.cc: 139 -- Using internal logic for binned/unbinned Asimov dataset generation
INFO: (function: generateWithHisto) ToyMCSamplerOpt.cc: 214 -- Generating asimov with histogram for pdf pdf_binfail_LOW_obsOnly: in 6 x-bins
INFO: (function: generateWithHisto) ToyMCSamplerOpt.cc: 215 -- , in 1 y-bins
INFO: (function: generateAsimov) ToyMCSamplerOpt.cc: 139 -- Using internal logic for binned/unbinned Asimov dataset generation
INFO: (function: generateWithHisto) ToyMCSamplerOpt.cc: 214 -- Generating asimov with histogram for pdf pdf_binfail_SIG_obsOnly: in 8 x-bins
INFO: (function: generateWithHisto) ToyMCSamplerOpt.cc: 215 -- , in 1 y-bins
INFO: (function: generateAsimov) ToyMCSamplerOpt.cc: 139 -- Using internal logic for binned/unbinned Asimov dataset generation
INFO: (function: generateWithHisto) ToyMCSamplerOpt.cc: 214 -- Generating asimov with histogram for pdf pdf_binpass_LOW_obsOnly: in 6 x-bins
INFO: (function: generateWithHisto) ToyMCSamplerOpt.cc: 215 -- , in 1 y-bins
INFO: (function: generateAsimov) ToyMCSamplerOpt.cc: 139 -- Using internal logic for binned/unbinned Asimov dataset generation
INFO: (function: generateWithHisto) ToyMCSamplerOpt.cc: 214 -- Generating asimov with histogram for pdf pdf_binpass_SIG_obsOnly: in 8 x-bins
INFO: (function: generateWithHisto) ToyMCSamplerOpt.cc: 215 -- , in 1 y-bins
INFO: (function: runLimitExpected) AsymptoticLimits.cc: 436 -- Median for expected limits = 64 (Sigma for expected limits = 32.6537)
INFO: (function: runLimit) AsymptoticLimits.cc: 193 -- NLL at global minimum of data = -777268 (r=1.486e-05)
INFO: (function: runLimit) AsymptoticLimits.cc: 213 -- NLL at global minimum of asimov = -777258 (r=5.30011e-13)
INFO: (function: getCLs) AsymptoticLimits.cc: 343 -- At r = 35.190178:	q_mu = 2.98400	q_A  = 1.99365	CLsb = 0.03898	CLb  = 0.36291	CLs  = 0.10741
INFO: (function: getCLs) AsymptoticLimits.cc: 343 -- At r = 70.380356:	q_mu = 5.55912	q_A  = 4.23430	CLsb = 0.00866	CLb  = 0.37376	CLs  = 0.02318
INFO: (function: getCLs) AsymptoticLimits.cc: 343 -- At r = 35.190185:	q_mu = 2.98400	q_A  = 1.99365	CLsb = 0.03898	CLb  = 0.36291	CLs  = 0.10741
INFO: (function: getCLs) AsymptoticLimits.cc: 343 -- At r = 56.267035:	q_mu = 4.56605	q_A  = 3.35026	CLsb = 0.01529	CLb  = 0.36990	CLs  = 0.04134
INFO: (function: getCLs) AsymptoticLimits.cc: 343 -- At r = 48.691564:	q_mu = 4.01211	q_A  = 2.86585	CLsb = 0.02111	CLb  = 0.36747	CLs  = 0.05743
INFO: (function: getCLs) AsymptoticLimits.cc: 343 -- At r = 52.760756:	q_mu = 4.31155	q_A  = 3.12685	CLsb = 0.01772	CLb  = 0.36882	CLs  = 0.04805
INFO: (function: getCLs) AsymptoticLimits.cc: 343 -- At r = 51.220325:	q_mu = 4.19873	q_A  = 3.02825	CLsb = 0.01892	CLb  = 0.36832	CLs  = 0.05138
INFO: (function: getCLs) AsymptoticLimits.cc: 343 -- At r = 52.028686:	q_mu = 4.25801	q_A  = 3.08002	CLsb = 0.01828	CLb  = 0.36858	CLs  = 0.04960
INFO: (function: getCLs) AsymptoticLimits.cc: 343 -- At r = 51.719529:	q_mu = 4.23536	q_A  = 3.06023	CLsb = 0.01852	CLb  = 0.36848	CLs  = 0.05027
INFO: (function: getCLs) AsymptoticLimits.cc: 343 -- At r = 51.880986:	q_mu = 4.24720	q_A  = 3.07057	CLsb = 0.01840	CLb  = 0.36853	CLs  = 0.04992
