INFO: (function: improveOnce) CascadeMinimizer.cc: 188 -- Minimisation configured with Type=Minuit2, Algo=Migrad, strategy=0, tolerance=0.1
INFO: (function: improveOnce) CascadeMinimizer.cc: 211 -- Minimisation finished with status=0
INFO: (function: improveOnce) CascadeMinimizer.cc: 216 -- Minimization success! status=0
INFO: (function: generateAsimov) ToyMCSamplerOpt.cc: 139 -- Using internal logic for binned/unbinned Asimov dataset generation
INFO: (function: generateWithHisto) ToyMCSamplerOpt.cc: 214 -- Generating asimov with histogram for pdf pdf_binfail_LOW_obsOnly: in 45 x-bins
INFO: (function: generateWithHisto) ToyMCSamplerOpt.cc: 215 -- , in 1 y-bins
INFO: (function: generateAsimov) ToyMCSamplerOpt.cc: 139 -- Using internal logic for binned/unbinned Asimov dataset generation
INFO: (function: generateWithHisto) ToyMCSamplerOpt.cc: 214 -- Generating asimov with histogram for pdf pdf_binfail_SIG_obsOnly: in 5 x-bins
INFO: (function: generateWithHisto) ToyMCSamplerOpt.cc: 215 -- , in 1 y-bins
INFO: (function: generateAsimov) ToyMCSamplerOpt.cc: 139 -- Using internal logic for binned/unbinned Asimov dataset generation
INFO: (function: generateWithHisto) ToyMCSamplerOpt.cc: 214 -- Generating asimov with histogram for pdf pdf_binpass_LOW_obsOnly: in 45 x-bins
INFO: (function: generateWithHisto) ToyMCSamplerOpt.cc: 215 -- , in 1 y-bins
INFO: (function: generateAsimov) ToyMCSamplerOpt.cc: 139 -- Using internal logic for binned/unbinned Asimov dataset generation
INFO: (function: generateWithHisto) ToyMCSamplerOpt.cc: 214 -- Generating asimov with histogram for pdf pdf_binpass_SIG_obsOnly: in 5 x-bins
INFO: (function: generateWithHisto) ToyMCSamplerOpt.cc: 215 -- , in 1 y-bins
DEBUG: (function: runLimitExpected) AsymptoticLimits.cc: 423 -- Best fit of asimov dataset is at r = 20.000000 (1.000000 times rMax), while it should be at zero
INFO: (function: runLimitExpected) AsymptoticLimits.cc: 436 -- Median for expected limits = 0.000488281 (Sigma for expected limits = 0.000249128)
DEBUG: (function: findExpectedLimitFromCrossing) AsymptoticLimits.cc: 678 -- fail search for crossing of r between 0.000000 and 0.000488
INFO: (function: runLimit) AsymptoticLimits.cc: 193 -- NLL at global minimum of data = -350.496 (r=19.9994)
INFO: (function: runLimit) AsymptoticLimits.cc: 213 -- NLL at global minimum of asimov = -64.4363 (r=20)
INFO: (function: getCLs) AsymptoticLimits.cc: 343 -- At r = 79.934796:	q_mu = 202.76255	q_A  = 0.00000	CLsb = 0.00000	CLb  = 0.00000	CLs  = 0.00000
INFO: (function: getCLs) AsymptoticLimits.cc: 343 -- At r = 49.967089:	q_mu = 319.97012	q_A  = 0.00000	CLsb = 0.00000	CLb  = 0.00000	CLs  = 0.00000
INFO: (function: getCLs) AsymptoticLimits.cc: 343 -- At r = 34.983235:	q_mu = 423.68438	q_A  = 0.00000	CLsb = 0.00000	CLb  = 0.00000	CLs  = 0.00000
INFO: (function: getCLs) AsymptoticLimits.cc: 343 -- At r = 27.491308:	q_mu = 499.63652	q_A  = 0.00000	CLsb = 0.00000	CLb  = 0.00000	CLs  = 0.00000
INFO: (function: getCLs) AsymptoticLimits.cc: 343 -- At r = 23.745345:	q_mu = 547.70261	q_A  = 0.00000	CLsb = 0.00000	CLb  = 0.00000	CLs  = 0.00000
INFO: (function: getCLs) AsymptoticLimits.cc: 343 -- At r = 21.872363:	q_mu = 575.21520	q_A  = 0.00000	CLsb = 0.00000	CLb  = 0.00000	CLs  = 0.00000
INFO: (function: getCLs) AsymptoticLimits.cc: 343 -- At r = 20.935872:	q_mu = 590.01765	q_A  = 0.00000	CLsb = 0.00000	CLb  = 0.00000	CLs  = 0.00000
INFO: (function: getCLs) AsymptoticLimits.cc: 343 -- At r = 20.467627:	q_mu = 597.70801	q_A  = 0.00000	CLsb = 0.00000	CLb  = 0.00000	CLs  = 0.00000
INFO: (function: getCLs) AsymptoticLimits.cc: 343 -- At r = 20.233504:	q_mu = 601.62941	q_A  = 0.00000	CLsb = 0.00000	CLb  = 0.00000	CLs  = 0.00000
INFO: (function: getCLs) AsymptoticLimits.cc: 343 -- At r = 20.116443:	q_mu = 603.60969	q_A  = 0.00000	CLsb = 0.00000	CLb  = 0.00000	CLs  = 0.00000
INFO: (function: getCLs) AsymptoticLimits.cc: 343 -- At r = 20.057912:	q_mu = 604.60480	q_A  = 0.00000	CLsb = 0.00000	CLb  = 0.00000	CLs  = 0.00000
