 <<< Combine >>> 
>>> random number generator seed is 123456
>>> method used is FitDiagnostics
Warning: Did not find a parameter with name mask_pass_HIGH
Set Default Value of Parameter mask_pass_SIG To : 1
Set Default Value of Parameter r To : 1
>>> 1 out of 4 channels masked

SimNLL created with 0 channels, 0 generic constraints, 6 fast gaussian constraints, 0 fast poisson constraints, 0 fast group constraints, 
SimNLL created with 4 channels, 0 generic constraints, 6 fast gaussian constraints, 0 fast poisson constraints, 0 fast group constraints, 
Running Minos for POI 
[#0] WARNING:Minization -- RooMinimizerFcn: Minimized function has error status.
Returning maximum FCN so far (3.96892e+19) to force MIGRAD to back out of this region. Error log follows
Parameter values: Background_fail_LOW_bin_1-1=2.98345e+08, Background_fail_LOW_bin_10-1=9.60333e+08, Background_fail_LOW_bin_11-1=1.77245e+07, Background_fail_LOW_bin_12-1=6.1869e+08, Background_fail_LOW_bin_13-1=9.99905e+08, Background_fail_LOW_bin_14-1=7.30477e+08, Background_fail_LOW_bin_15-1=4.13853e+07, Background_fail_LOW_bin_16-1=4.50679e+08, Background_fail_LOW_bin_17-1=7.29352e+08, Background_fail_LOW_bin_18-1=5.40558e+08, Background_fail_LOW_bin_19-1=6.87036e+08, Background_fail_LOW_bin_2-1=4.48971e+06, Background_fail_LOW_bin_20-1=2.62664e+07, Background_fail_LOW_bin_21-1=3.32339e+08, Background_fail_LOW_bin_22-1=6.90178e+07, Background_fail_LOW_bin_23-1=9.95434e+08, Background_fail_LOW_bin_24-1=3.83144e+08, Background_fail_LOW_bin_25-1=9.52379e+07, Background_fail_LOW_bin_26-1=9.95594e+08, Background_fail_LOW_bin_27-1=7.37784e+08, Background_fail_LOW_bin_28-1=8.27022e+08, Background_fail_LOW_bin_29-1=6.28572e+07, Background_fail_LOW_bin_3-1=8.48089e+08, Background_fail_LOW_bin_30-1=9.81874e+08, Background_fail_LOW_bin_31-1=9.9999e+08, Background_fail_LOW_bin_32-1=7.70589e+08, Background_fail_LOW_bin_33-1=7.99777e+08, Background_fail_LOW_bin_34-1=7.2252e+07, Background_fail_LOW_bin_35-1=9.97391e+08, Background_fail_LOW_bin_36-1=3.22976e+07, Background_fail_LOW_bin_37-1=9.65146e+08, Background_fail_LOW_bin_38-1=5.7754e+08, Background_fail_LOW_bin_39-1=3.7083e+06, Background_fail_LOW_bin_4-1=9.69098e+08, Background_fail_LOW_bin_40-1=3.81735e+08, Background_fail_LOW_bin_41-1=6.69036e+08, Background_fail_LOW_bin_42-1=9.41159e+08, Background_fail_LOW_bin_43-1=6.57183e+08, Background_fail_LOW_bin_44-1=8.29467e+08, Background_fail_LOW_bin_45-1=4.93108e+08, Background_fail_LOW_bin_5-1=8.65872e+08, Background_fail_LOW_bin_6-1=3.60898e+08, Background_fail_LOW_bin_7-1=3.73671e+07, Background_fail_LOW_bin_8-1=9.92053e+08, Background_fail_LOW_bin_9-1=4.25133e+08, Background_fail_SIG_bin_1-1=108298, Background_fail_SIG_bin_2-1=202.309, Background_fail_SIG_bin_3-1=28536.9, Background_fail_SIG_bin_4-1=8952.03, Background_fail_SIG_bin_5-1=108298, Background_rpf_0x0_par0=-6.34989, lumi=2.82583, pileup=-0.0634841, r=30, systOnF=4.08057, systOnG=201.073, systOnPt=0, systOnTrigger=-0.329669

[#0] WARNING:Minization -- RooMinimizerFcn: Minimized function has error status.
Returning maximum FCN so far (3.96892e+19) to force MIGRAD to back out of this region. Error log follows
Parameter values: Background_fail_LOW_bin_1-1=9.6012e+08, Background_fail_LOW_bin_10-1=2.33413e+08, Background_fail_LOW_bin_11-1=1.46418e+07, Background_fail_LOW_bin_12-1=9.52009e+08, Background_fail_LOW_bin_13-1=7.98035e+06, Background_fail_LOW_bin_14-1=4.50319e+08, Background_fail_LOW_bin_15-1=5.56414e+08, Background_fail_LOW_bin_16-1=7.00365e+08, Background_fail_LOW_bin_17-1=7.20359e+08, Background_fail_LOW_bin_18-1=5.84778e+07, Background_fail_LOW_bin_19-1=9.99803e+08, Background_fail_LOW_bin_2-1=2.19629e+08, Background_fail_LOW_bin_20-1=5.04347e+08, Background_fail_LOW_bin_21-1=8.83765e+08, Background_fail_LOW_bin_22-1=7.79578e+07, Background_fail_LOW_bin_23-1=6.79875e+08, Background_fail_LOW_bin_24-1=3.91907e+06, Background_fail_LOW_bin_25-1=9.99397e+08, Background_fail_LOW_bin_26-1=2.47283e+07, Background_fail_LOW_bin_27-1=7.23785e+08, Background_fail_LOW_bin_28-1=1.98334e+08, Background_fail_LOW_bin_29-1=9.89591e+08, Background_fail_LOW_bin_3-1=9.65565e+07, Background_fail_LOW_bin_30-1=4.17015e+08, Background_fail_LOW_bin_31-1=2.6737e+08, Background_fail_LOW_bin_32-1=1.68333e+08, Background_fail_LOW_bin_33-1=9.50721e+08, Background_fail_LOW_bin_34-1=9.99933e+08, Background_fail_LOW_bin_35-1=9.04142e+08, Background_fail_LOW_bin_36-1=3.96919e+08, Background_fail_LOW_bin_37-1=6.64059e+08, Background_fail_LOW_bin_38-1=8.40322e+07, Background_fail_LOW_bin_39-1=4.75601e+08, Background_fail_LOW_bin_4-1=9.38601e+08, Background_fail_LOW_bin_40-1=5.98394e+08, Background_fail_LOW_bin_41-1=1.80647e+07, Background_fail_LOW_bin_42-1=6.85e+08, Background_fail_LOW_bin_43-1=1.75533e+08, Background_fail_LOW_bin_44-1=9.79814e+08, Background_fail_LOW_bin_45-1=3.23668e+08, Background_fail_LOW_bin_5-1=4.22268e+06, Background_fail_LOW_bin_6-1=2.30916e+08, Background_fail_LOW_bin_7-1=4.13821e+07, Background_fail_LOW_bin_8-1=3.23038e+08, Background_fail_LOW_bin_9-1=9.89201e+08, Background_fail_SIG_bin_1-1=9.97728, Background_fail_SIG_bin_2-1=40.3068, Background_fail_SIG_bin_3-1=13.115, Background_fail_SIG_bin_4-1=17.7637, Background_fail_SIG_bin_5-1=9.97988, Background_rpf_0x0_par0=-6.35603, lumi=2.8139, pileup=-0.0955253, r=30, systOnF=4.2503, systOnG=201.075, systOnPt=0, systOnTrigger=-0.336631

[#0] WARNING:Minization -- RooMinimizerFcn: Minimized function has error status.
Returning maximum FCN so far (3.96892e+19) to force MIGRAD to back out of this region. Error log follows
Parameter values: Background_fail_LOW_bin_1-1=4.74874e+06, Background_fail_LOW_bin_10-1=3.23946e+07, Background_fail_LOW_bin_11-1=284408, Background_fail_LOW_bin_12-1=1.36937e+06, Background_fail_LOW_bin_13-1=1.49675e+06, Background_fail_LOW_bin_14-1=1.26748e+06, Background_fail_LOW_bin_15-1=864353, Background_fail_LOW_bin_16-1=1.51704e+06, Background_fail_LOW_bin_17-1=521339, Background_fail_LOW_bin_18-1=762044, Background_fail_LOW_bin_19-1=4.45698e+06, Background_fail_LOW_bin_2-1=2.33318e+07, Background_fail_LOW_bin_20-1=461968, Background_fail_LOW_bin_21-1=890760, Background_fail_LOW_bin_22-1=300796, Background_fail_LOW_bin_23-1=1.52156e+06, Background_fail_LOW_bin_24-1=822496, Background_fail_LOW_bin_25-1=1.05296e+06, Background_fail_LOW_bin_26-1=1.5557e+06, Background_fail_LOW_bin_27-1=208269, Background_fail_LOW_bin_28-1=12065.8, Background_fail_LOW_bin_29-1=587799, Background_fail_LOW_bin_3-1=995111, Background_fail_LOW_bin_30-1=1.51545e+06, Background_fail_LOW_bin_31-1=263641, Background_fail_LOW_bin_32-1=1.83256e+06, Background_fail_LOW_bin_33-1=1.83727e+06, Background_fail_LOW_bin_34-1=1.34389e+06, Background_fail_LOW_bin_35-1=625168, Background_fail_LOW_bin_36-1=232932, Background_fail_LOW_bin_37-1=1.61476e+06, Background_fail_LOW_bin_38-1=802819, Background_fail_LOW_bin_39-1=1.23206e+06, Background_fail_LOW_bin_4-1=1.39105e+06, Background_fail_LOW_bin_40-1=1.41727e+06, Background_fail_LOW_bin_41-1=920.556, Background_fail_LOW_bin_42-1=686169, Background_fail_LOW_bin_43-1=1.42826e+06, Background_fail_LOW_bin_44-1=133854, Background_fail_LOW_bin_45-1=1.69944e+06, Background_fail_LOW_bin_5-1=38540.7, Background_fail_LOW_bin_6-1=5.92815e+06, Background_fail_LOW_bin_7-1=4.34755e+07, Background_fail_LOW_bin_8-1=974882, Background_fail_LOW_bin_9-1=6.10984e+07, Background_fail_SIG_bin_1-1=50.068, Background_fail_SIG_bin_2-1=40.3297, Background_fail_SIG_bin_3-1=34.2069, Background_fail_SIG_bin_4-1=28.8165, Background_fail_SIG_bin_5-1=50.0691, Background_rpf_0x0_par0=-6.35541, lumi=2.81344, pileup=-0.0979246, r=30, systOnF=4.25053, systOnG=201.075, systOnPt=0, systOnTrigger=-0.336613

[#0] WARNING:Minization -- RooMinimizerFcn: Minimized function has error status.
Returning maximum FCN so far (3.96892e+19) to force MIGRAD to back out of this region. Error log follows
Parameter values: Background_fail_LOW_bin_1-1=4301.56, Background_fail_LOW_bin_10-1=6501.32, Background_fail_LOW_bin_11-1=261.798, Background_fail_LOW_bin_12-1=8533.27, Background_fail_LOW_bin_13-1=9583.05, Background_fail_LOW_bin_14-1=8095.21, Background_fail_LOW_bin_15-1=3593.96, Background_fail_LOW_bin_16-1=8521.66, Background_fail_LOW_bin_17-1=3349.12, Background_fail_LOW_bin_18-1=4955.42, Background_fail_LOW_bin_19-1=20561.7, Background_fail_LOW_bin_2-1=218811, Background_fail_LOW_bin_20-1=2968.69, Background_fail_LOW_bin_21-1=5801.21, Background_fail_LOW_bin_22-1=1956, Background_fail_LOW_bin_23-1=9851.07, Background_fail_LOW_bin_24-1=5326.63, Background_fail_LOW_bin_25-1=6852.54, Background_fail_LOW_bin_26-1=9578.68, Background_fail_LOW_bin_27-1=3637.22, Background_fail_LOW_bin_28-1=147.79, Background_fail_LOW_bin_29-1=3786.28, Background_fail_LOW_bin_3-1=6064.8, Background_fail_LOW_bin_30-1=11123, Background_fail_LOW_bin_31-1=1729.36, Background_fail_LOW_bin_32-1=12291.5, Background_fail_LOW_bin_33-1=9910.72, Background_fail_LOW_bin_34-1=6148.17, Background_fail_LOW_bin_35-1=6422.91, Background_fail_LOW_bin_36-1=1523.35, Background_fail_LOW_bin_37-1=7398.6, Background_fail_LOW_bin_38-1=5190.8, Background_fail_LOW_bin_39-1=8023.4, Background_fail_LOW_bin_4-1=8079.97, Background_fail_LOW_bin_40-1=9203.21, Background_fail_LOW_bin_41-1=45.4781, Background_fail_LOW_bin_42-1=4425, Background_fail_LOW_bin_43-1=9303.36, Background_fail_LOW_bin_44-1=935.462, Background_fail_LOW_bin_45-1=11066.4, Background_fail_LOW_bin_5-1=1560.83, Background_fail_LOW_bin_6-1=2406.49, Background_fail_LOW_bin_7-1=87963.2, Background_fail_LOW_bin_8-1=4935.2, Background_fail_LOW_bin_9-1=53929.3, Background_fail_SIG_bin_1-1=39.4959, Background_fail_SIG_bin_2-1=34.7253, Background_fail_SIG_bin_3-1=30.8338, Background_fail_SIG_bin_4-1=29.0102, Background_fail_SIG_bin_5-1=39.4957, Background_rpf_0x0_par0=-6.35544, lumi=2.81343, pileup=-0.0979252, r=30, systOnF=4.25066, systOnG=201.093, systOnPt=0, systOnTrigger=-0.336701

[#0] WARNING:Minization -- RooMinimizerFcn: Minimized function has error status.
Returning maximum FCN so far (3.96892e+19) to force MIGRAD to back out of this region. Error log follows
Parameter values: Background_fail_LOW_bin_1-1=57285.2, Background_fail_LOW_bin_10-1=8.3413e+06, Background_fail_LOW_bin_11-1=88797.8, Background_fail_LOW_bin_12-1=1.67849e+06, Background_fail_LOW_bin_13-1=1.93706e+06, Background_fail_LOW_bin_14-1=1.63352e+06, Background_fail_LOW_bin_15-1=341682, Background_fail_LOW_bin_16-1=1.45621e+06, Background_fail_LOW_bin_17-1=573924, Background_fail_LOW_bin_18-1=975727, Background_fail_LOW_bin_19-1=4.48977e+06, Background_fail_LOW_bin_2-1=5.77708e+07, Background_fail_LOW_bin_20-1=509679, Background_fail_LOW_bin_21-1=1.16038e+06, Background_fail_LOW_bin_22-1=300139, Background_fail_LOW_bin_23-1=2.00244e+06, Background_fail_LOW_bin_24-1=1.01786e+06, Background_fail_LOW_bin_25-1=1.35699e+06, Background_fail_LOW_bin_26-1=1.85662e+06, Background_fail_LOW_bin_27-1=2.11722e+06, Background_fail_LOW_bin_28-1=8651.41, Background_fail_LOW_bin_29-1=689850, Background_fail_LOW_bin_3-1=1.16141e+06, Background_fail_LOW_bin_30-1=3.77619e+06, Background_fail_LOW_bin_31-1=255027, Background_fail_LOW_bin_32-1=3.87208e+06, Background_fail_LOW_bin_33-1=1.58956e+06, Background_fail_LOW_bin_34-1=727767, Background_fail_LOW_bin_35-1=2.7851e+06, Background_fail_LOW_bin_36-1=227252, Background_fail_LOW_bin_37-1=878245, Background_fail_LOW_bin_38-1=979465, Background_fail_LOW_bin_39-1=1.5985e+06, Background_fail_LOW_bin_4-1=1.45068e+06, Background_fail_LOW_bin_40-1=1.78941e+06, Background_fail_LOW_bin_41-1=587.829, Background_fail_LOW_bin_42-1=816506, Background_fail_LOW_bin_43-1=1.87258e+06, Background_fail_LOW_bin_44-1=117110, Background_fail_LOW_bin_45-1=2.19783e+06, Background_fail_LOW_bin_5-1=1.2326e+06, Background_fail_LOW_bin_6-1=841374, Background_fail_LOW_bin_7-1=3.7081e+06, Background_fail_LOW_bin_8-1=711020, Background_fail_LOW_bin_9-1=1.27896e+08, Background_fail_SIG_bin_1-1=44.8001, Background_fail_SIG_bin_2-1=37.6187, Background_fail_SIG_bin_3-1=32.5551, Background_fail_SIG_bin_4-1=28.8989, Background_fail_SIG_bin_5-1=44.8073, Background_rpf_0x0_par0=-6.35611, lumi=2.81324, pileup=-0.097864, r=30, systOnF=4.25317, systOnG=201.499, systOnPt=0, systOnTrigger=-0.338627

[#0] WARNING:Minization -- RooMinimizerFcn: Minimized function has error status.
Returning maximum FCN so far (3.96892e+19) to force MIGRAD to back out of this region. Error log follows
Parameter values: Background_fail_LOW_bin_1-1=3.24434e+08, Background_fail_LOW_bin_10-1=1.37547e+07, Background_fail_LOW_bin_11-1=7.10034e+08, Background_fail_LOW_bin_12-1=9.88579e+08, Background_fail_LOW_bin_13-1=9.32131e+08, Background_fail_LOW_bin_14-1=9.87351e+08, Background_fail_LOW_bin_15-1=7.47529e+07, Background_fail_LOW_bin_16-1=9.62324e+08, Background_fail_LOW_bin_17-1=5.3928e+08, Background_fail_LOW_bin_18-1=8.91816e+08, Background_fail_LOW_bin_19-1=8.02138e+08, Background_fail_LOW_bin_2-1=1.69432e+07, Background_fail_LOW_bin_20-1=4.9288e+08, Background_fail_LOW_bin_21-1=9.6223e+08, Background_fail_LOW_bin_22-1=2.7201e+08, Background_fail_LOW_bin_23-1=9.17886e+08, Background_fail_LOW_bin_24-1=8.81495e+08, Background_fail_LOW_bin_25-1=9.89443e+08, Background_fail_LOW_bin_26-1=9.70364e+08, Background_fail_LOW_bin_27-1=9.95331e+08, Background_fail_LOW_bin_28-1=5.40068e+06, Background_fail_LOW_bin_29-1=6.67e+08, Background_fail_LOW_bin_3-1=9.58286e+08, Background_fail_LOW_bin_30-1=9.93866e+08, Background_fail_LOW_bin_31-1=2.24133e+08, Background_fail_LOW_bin_32-1=9.77004e+08, Background_fail_LOW_bin_33-1=9.50774e+08, Background_fail_LOW_bin_34-1=3.37603e+08, Background_fail_LOW_bin_35-1=9.9973e+08, Background_fail_LOW_bin_36-1=2.04181e+08, Background_fail_LOW_bin_37-1=3.99412e+08, Background_fail_LOW_bin_38-1=8.54868e+08, Background_fail_LOW_bin_39-1=9.98772e+08, Background_fail_LOW_bin_4-1=9.83079e+08, Background_fail_LOW_bin_40-1=9.93863e+08, Background_fail_LOW_bin_41-1=417328, Background_fail_LOW_bin_42-1=7.54874e+08, Background_fail_LOW_bin_43-1=9.63324e+08, Background_fail_LOW_bin_44-1=9.18799e+07, Background_fail_LOW_bin_45-1=9.09759e+08, Background_fail_LOW_bin_5-1=9.8479e+08, Background_fail_LOW_bin_6-1=3.74716e+08, Background_fail_LOW_bin_7-1=3.83965e+07, Background_fail_LOW_bin_8-1=5.13476e+08, Background_fail_LOW_bin_9-1=7.15819e+08, Background_fail_SIG_bin_1-1=11.5233, Background_fail_SIG_bin_2-1=16.4695, Background_fail_SIG_bin_3-1=20.0244, Background_fail_SIG_bin_4-1=30.1578, Background_fail_SIG_bin_5-1=11.3796, Background_rpf_0x0_par0=-6.35217, lumi=2.80019, pileup=-0.0241183, r=30, systOnF=4.21359, systOnG=199.304, systOnPt=0, systOnTrigger=-0.312527

>> Found 58 floating parameters
>> The following parameters are protected in the event of negative eigenvalues: r
>> Verifying eigenvalues are all positive (iteration 0)
>> All eigenvalues are positive
>> Inverting Hessian...
>> Matrix inverted

 --- FitDiagnostics ---
Best fit r: 30  -30/+2.99744e-08  (68% CL)
Done in 0.02 min (cpu), 0.02 min (real)
Printing Message Summary From ... combine_logger.out
----------------------------------------------
Messages of type INFO : 19
Messages of type DEBUG : 2
Messages of type ERROR : 0
----------------------------------------------
INFO: (function: improveOnce) CascadeMinimizer.cc: 188 -- Minimisation configured with Type=Minuit2, Algo=Migrad, strategy=0, tolerance=0.1
INFO: (function: improveOnce) CascadeMinimizer.cc: 211 -- Minimisation finished with status=0
INFO: (function: improveOnce) CascadeMinimizer.cc: 216 -- Minimization success! status=0
INFO: (function: improveOnce) CascadeMinimizer.cc: 188 -- Minimisation configured with Type=Minuit2, Algo=Migrad, strategy=0, tolerance=0.1
INFO: (function: improveOnce) CascadeMinimizer.cc: 211 -- Minimisation finished with status=0
INFO: (function: improveOnce) CascadeMinimizer.cc: 216 -- Minimization success! status=0
INFO: (function: improveOnce) CascadeMinimizer.cc: 188 -- Minimisation configured with Type=Minuit2, Algo=Migrad, strategy=0, tolerance=0.1
INFO: (function: improveOnce) CascadeMinimizer.cc: 211 -- Minimisation finished with status=0
INFO: (function: improveOnce) CascadeMinimizer.cc: 216 -- Minimization success! status=0
INFO: (function: improveOnce) CascadeMinimizer.cc: 188 -- Minimisation configured with Type=Minuit2, Algo=Migrad, strategy=0, tolerance=0.1
INFO: (function: improveOnce) CascadeMinimizer.cc: 211 -- Minimisation finished with status=0
INFO: (function: improveOnce) CascadeMinimizer.cc: 216 -- Minimization success! status=0
DEBUG: (function: runSpecific) FitDiagnostics.cc: 318 -- Fit B-only, status = 0, numBadNLL = 0, covariance quality = -1
INFO: (function: improveOnce) CascadeMinimizer.cc: 188 -- Minimisation configured with Type=Minuit2, Algo=Migrad, strategy=0, tolerance=0.1
INFO: (function: improveOnce) CascadeMinimizer.cc: 211 -- Minimisation finished with status=0
INFO: (function: improveOnce) CascadeMinimizer.cc: 216 -- Minimization success! status=0
INFO: (function: improveOnce) CascadeMinimizer.cc: 188 -- Minimisation configured with Type=Minuit2, Algo=Migrad, strategy=0, tolerance=0.1
INFO: (function: improveOnce) CascadeMinimizer.cc: 211 -- Minimisation finished with status=0
INFO: (function: improveOnce) CascadeMinimizer.cc: 216 -- Minimization success! status=0
INFO: (function: doFit) FitterAlgoBase.cc: 343 -- Running Minos for POI r
DEBUG: (function: runSpecific) FitDiagnostics.cc: 443 -- Fit S+B, status = 0, numBadNLL = 0, covariance quality = -1
