INFO: (function: improveOnce) CascadeMinimizer.cc: 188 -- Minimisation configured with Type=Minuit2, Algo=Migrad, strategy=0, tolerance=0.1
INFO: (function: improveOnce) CascadeMinimizer.cc: 211 -- Minimisation finished with status=0
INFO: (function: improveOnce) CascadeMinimizer.cc: 216 -- Minimization success! status=0
INFO: (function: generateAsimov) ToyMCSamplerOpt.cc: 139 -- Using internal logic for binned/unbinned Asimov dataset generation
INFO: (function: generateWithHisto) ToyMCSamplerOpt.cc: 214 -- Generating asimov with histogram for pdf pdf_binfail_LOW_obsOnly: in 6 x-bins
INFO: (function: generateWithHisto) ToyMCSamplerOpt.cc: 215 -- , in 1 y-bins
INFO: (function: generateAsimov) ToyMCSamplerOpt.cc: 139 -- Using internal logic for binned/unbinned Asimov dataset generation
INFO: (function: generateWithHisto) ToyMCSamplerOpt.cc: 214 -- Generating asimov with histogram for pdf pdf_binfail_SIG_obsOnly: in 1 x-bins
INFO: (function: generateWithHisto) ToyMCSamplerOpt.cc: 215 -- , in 1 y-bins
INFO: (function: generateAsimov) ToyMCSamplerOpt.cc: 139 -- Using internal logic for binned/unbinned Asimov dataset generation
INFO: (function: generateWithHisto) ToyMCSamplerOpt.cc: 214 -- Generating asimov with histogram for pdf pdf_binpass_LOW_obsOnly: in 6 x-bins
INFO: (function: generateWithHisto) ToyMCSamplerOpt.cc: 215 -- , in 1 y-bins
INFO: (function: generateAsimov) ToyMCSamplerOpt.cc: 139 -- Using internal logic for binned/unbinned Asimov dataset generation
INFO: (function: generateWithHisto) ToyMCSamplerOpt.cc: 214 -- Generating asimov with histogram for pdf pdf_binpass_SIG_obsOnly: in 1 x-bins
INFO: (function: generateWithHisto) ToyMCSamplerOpt.cc: 215 -- , in 1 y-bins
INFO: (function: runLimitExpected) AsymptoticLimits.cc: 436 -- Median for expected limits = 0.155273 (Sigma for expected limits = 0.0792226)
INFO: (function: runLimit) AsymptoticLimits.cc: 193 -- NLL at global minimum of data = -2932.94 (r=0.0890819)
INFO: (function: runLimit) AsymptoticLimits.cc: 213 -- NLL at global minimum of asimov = -2930.92 (r=0.000575953)
INFO: (function: getCLs) AsymptoticLimits.cc: 343 -- At r = 1.289082:	q_mu = 68.16721	q_A  = 71.18580	CLsb = 0.00000	CLb  = 0.57175	CLs  = 0.00000
INFO: (function: getCLs) AsymptoticLimits.cc: 343 -- At r = 0.689082:	q_mu = 29.01769	q_A  = 32.27265	CLsb = 0.00000	CLb  = 0.61566	CLs  = 0.00000
INFO: (function: getCLs) AsymptoticLimits.cc: 343 -- At r = 0.389082:	q_mu = 11.55981	q_A  = 14.74798	CLsb = 0.00034	CLb  = 0.67015	CLs  = 0.00050
INFO: (function: getCLs) AsymptoticLimits.cc: 343 -- At r = 0.239082:	q_mu = 4.26328	q_A  = 7.16515	CLsb = 0.01947	CLb  = 0.72973	CLs  = 0.02668
INFO: (function: getCLs) AsymptoticLimits.cc: 343 -- At r = 0.164082:	q_mu = 1.42260	q_A  = 4.14025	CLsb = 0.11649	CLb  = 0.80012	CLs  = 0.14559
INFO: (function: getCLs) AsymptoticLimits.cc: 343 -- At r = 0.201876:	q_mu = 2.74997	q_A  = 5.56448	CLsb = 0.04863	CLb  = 0.75823	CLs  = 0.06413
INFO: (function: getCLs) AsymptoticLimits.cc: 343 -- At r = 0.217767:	q_mu = 3.37517	q_A  = 6.22774	CLsb = 0.03309	CLb  = 0.74485	CLs  = 0.04443
INFO: (function: getCLs) AsymptoticLimits.cc: 343 -- At r = 0.210498:	q_mu = 3.08492	q_A  = 5.92032	CLsb = 0.03951	CLb  = 0.75073	CLs  = 0.05263
INFO: (function: getCLs) AsymptoticLimits.cc: 343 -- At r = 0.213711:	q_mu = 3.21239	q_A  = 6.05543	CLsb = 0.03654	CLb  = 0.74808	CLs  = 0.04885
INFO: (function: getCLs) AsymptoticLimits.cc: 343 -- At r = 0.212264:	q_mu = 3.15483	q_A  = 5.99443	CLsb = 0.03785	CLb  = 0.74926	CLs  = 0.05052
INFO: (function: getCLs) AsymptoticLimits.cc: 343 -- At r = 0.212909:	q_mu = 3.18042	q_A  = 6.02155	CLsb = 0.03726	CLb  = 0.74873	CLs  = 0.04977
