INFO: (function: improveOnce) CascadeMinimizer.cc: 188 -- Minimisation configured with Type=Minuit2, Algo=Migrad, strategy=0, tolerance=0.1
INFO: (function: improveOnce) CascadeMinimizer.cc: 211 -- Minimisation finished with status=0
INFO: (function: improveOnce) CascadeMinimizer.cc: 216 -- Minimization success! status=0
INFO: (function: generateAsimov) ToyMCSamplerOpt.cc: 139 -- Using internal logic for binned/unbinned Asimov dataset generation
INFO: (function: generateWithHisto) ToyMCSamplerOpt.cc: 214 -- Generating asimov with histogram for pdf pdf_binfail_LOW_obsOnly: in 5 x-bins
INFO: (function: generateWithHisto) ToyMCSamplerOpt.cc: 215 -- , in 1 y-bins
INFO: (function: generateAsimov) ToyMCSamplerOpt.cc: 139 -- Using internal logic for binned/unbinned Asimov dataset generation
INFO: (function: generateWithHisto) ToyMCSamplerOpt.cc: 214 -- Generating asimov with histogram for pdf pdf_binfail_SIG_obsOnly: in 4 x-bins
INFO: (function: generateWithHisto) ToyMCSamplerOpt.cc: 215 -- , in 1 y-bins
INFO: (function: generateAsimov) ToyMCSamplerOpt.cc: 139 -- Using internal logic for binned/unbinned Asimov dataset generation
INFO: (function: generateWithHisto) ToyMCSamplerOpt.cc: 214 -- Generating asimov with histogram for pdf pdf_binpass_LOW_obsOnly: in 5 x-bins
INFO: (function: generateWithHisto) ToyMCSamplerOpt.cc: 215 -- , in 1 y-bins
INFO: (function: generateAsimov) ToyMCSamplerOpt.cc: 139 -- Using internal logic for binned/unbinned Asimov dataset generation
INFO: (function: generateWithHisto) ToyMCSamplerOpt.cc: 214 -- Generating asimov with histogram for pdf pdf_binpass_SIG_obsOnly: in 4 x-bins
INFO: (function: generateWithHisto) ToyMCSamplerOpt.cc: 215 -- , in 1 y-bins
INFO: (function: runLimitExpected) AsymptoticLimits.cc: 436 -- Median for expected limits = 51.5 (Sigma for expected limits = 26.276)
INFO: (function: runLimit) AsymptoticLimits.cc: 193 -- NLL at global minimum of data = -76464.5 (r=10.2387)
INFO: (function: runLimit) AsymptoticLimits.cc: 213 -- NLL at global minimum of asimov = -76466.3 (r=0.392254)
INFO: (function: getCLs) AsymptoticLimits.cc: 343 -- At r = 56.751024:	q_mu = 2.44782	q_A  = 4.25337	CLsb = 0.05884	CLb  = 0.69069	CLs  = 0.08520
INFO: (function: getCLs) AsymptoticLimits.cc: 343 -- At r = 113.502047:	q_mu = 6.07287	q_A  = 8.35856	CLsb = 0.00686	CLb  = 0.66524	CLs  = 0.01032
INFO: (function: getCLs) AsymptoticLimits.cc: 343 -- At r = 61.870379:	q_mu = 2.78539	q_A  = 4.65431	CLsb = 0.04756	CLb  = 0.68738	CLs  = 0.06920
INFO: (function: getCLs) AsymptoticLimits.cc: 343 -- At r = 87.686213:	q_mu = 4.46550	q_A  = 6.58035	CLsb = 0.01729	CLb  = 0.67438	CLs  = 0.02564
INFO: (function: getCLs) AsymptoticLimits.cc: 343 -- At r = 73.793454:	q_mu = 3.56817	q_A  = 5.56345	CLsb = 0.02945	CLb  = 0.68073	CLs  = 0.04326
INFO: (function: getCLs) AsymptoticLimits.cc: 343 -- At r = 68.468653:	q_mu = 3.21959	q_A  = 5.16168	CLsb = 0.03638	CLb  = 0.68354	CLs  = 0.05322
INFO: (function: getCLs) AsymptoticLimits.cc: 343 -- At r = 70.817968:	q_mu = 3.37364	q_A  = 5.33979	CLsb = 0.03312	CLb  = 0.68227	CLs  = 0.04855
INFO: (function: getCLs) AsymptoticLimits.cc: 343 -- At r = 69.746221:	q_mu = 3.30341	q_A  = 5.25870	CLsb = 0.03457	CLb  = 0.68284	CLs  = 0.05062
INFO: (function: getCLs) AsymptoticLimits.cc: 343 -- At r = 70.214705:	q_mu = 3.33412	q_A  = 5.29418	CLsb = 0.03393	CLb  = 0.68259	CLs  = 0.04971
INFO: (function: getCLs) AsymptoticLimits.cc: 343 -- At r = 70.000080:	q_mu = 3.32005	q_A  = 5.27793	CLsb = 0.03422	CLb  = 0.68270	CLs  = 0.05012
