INFO: (function: improveOnce) CascadeMinimizer.cc: 188 -- Minimisation configured with Type=Minuit2, Algo=Migrad, strategy=0, tolerance=0.1
INFO: (function: improveOnce) CascadeMinimizer.cc: 211 -- Minimisation finished with status=0
INFO: (function: improveOnce) CascadeMinimizer.cc: 216 -- Minimization success! status=0
INFO: (function: generateAsimov) ToyMCSamplerOpt.cc: 139 -- Using internal logic for binned/unbinned Asimov dataset generation
INFO: (function: generateWithHisto) ToyMCSamplerOpt.cc: 214 -- Generating asimov with histogram for pdf pdf_binfail_LOW_obsOnly: in 6 x-bins
INFO: (function: generateWithHisto) ToyMCSamplerOpt.cc: 215 -- , in 1 y-bins
INFO: (function: generateAsimov) ToyMCSamplerOpt.cc: 139 -- Using internal logic for binned/unbinned Asimov dataset generation
INFO: (function: generateWithHisto) ToyMCSamplerOpt.cc: 214 -- Generating asimov with histogram for pdf pdf_binfail_SIG_obsOnly: in 3 x-bins
INFO: (function: generateWithHisto) ToyMCSamplerOpt.cc: 215 -- , in 1 y-bins
INFO: (function: generateAsimov) ToyMCSamplerOpt.cc: 139 -- Using internal logic for binned/unbinned Asimov dataset generation
INFO: (function: generateWithHisto) ToyMCSamplerOpt.cc: 214 -- Generating asimov with histogram for pdf pdf_binpass_LOW_obsOnly: in 6 x-bins
INFO: (function: generateWithHisto) ToyMCSamplerOpt.cc: 215 -- , in 1 y-bins
INFO: (function: generateAsimov) ToyMCSamplerOpt.cc: 139 -- Using internal logic for binned/unbinned Asimov dataset generation
INFO: (function: generateWithHisto) ToyMCSamplerOpt.cc: 214 -- Generating asimov with histogram for pdf pdf_binpass_SIG_obsOnly: in 3 x-bins
INFO: (function: generateWithHisto) ToyMCSamplerOpt.cc: 215 -- , in 1 y-bins
INFO: (function: runLimitExpected) AsymptoticLimits.cc: 436 -- Median for expected limits = 91.25 (Sigma for expected limits = 46.557)
INFO: (function: runLimit) AsymptoticLimits.cc: 193 -- NLL at global minimum of data = -60510 (r=51.2499)
INFO: (function: runLimit) AsymptoticLimits.cc: 213 -- NLL at global minimum of asimov = -60510.7 (r=0.141832)
INFO: (function: getCLs) AsymptoticLimits.cc: 343 -- At r = 167.030982:	q_mu = 2.61138	q_A  = 7.20044	CLsb = 0.05305	CLb  = 0.85710	CLs  = 0.06189
INFO: (function: getCLs) AsymptoticLimits.cc: 343 -- At r = 334.061963:	q_mu = 7.84049	q_A  = 13.44966	CLsb = 0.00255	CLb  = 0.80711	CLs  = 0.00316
INFO: (function: getCLs) AsymptoticLimits.cc: 343 -- At r = 192.655941:	q_mu = 3.38538	q_A  = 8.25438	CLsb = 0.03289	CLb  = 0.84922	CLs  = 0.03873
INFO: (function: getCLs) AsymptoticLimits.cc: 343 -- At r = 121.952929:	q_mu = 1.31418	q_A  = 5.24611	CLsb = 0.12582	CLb  = 0.87370	CLs  = 0.14401
INFO: (function: getCLs) AsymptoticLimits.cc: 343 -- At r = 167.512798:	q_mu = 2.62567	q_A  = 7.22067	CLsb = 0.05257	CLb  = 0.85695	CLs  = 0.06135
INFO: (function: getCLs) AsymptoticLimits.cc: 343 -- At r = 181.485960:	q_mu = 3.04669	q_A  = 7.79980	CLsb = 0.04045	CLb  = 0.85253	CLs  = 0.04745
INFO: (function: getCLs) AsymptoticLimits.cc: 343 -- At r = 176.412389:	q_mu = 2.89333	q_A  = 7.59110	CLsb = 0.04447	CLb  = 0.85411	CLs  = 0.05207
INFO: (function: getCLs) AsymptoticLimits.cc: 343 -- At r = 179.198499:	q_mu = 2.97752	q_A  = 7.70605	CLsb = 0.04221	CLb  = 0.85324	CLs  = 0.04948
INFO: (function: getCLs) AsymptoticLimits.cc: 343 -- At r = 178.181208:	q_mu = 2.94677	q_A  = 7.66415	CLsb = 0.04302	CLb  = 0.85356	CLs  = 0.05041
INFO: (function: getCLs) AsymptoticLimits.cc: 343 -- At r = 178.738011:	q_mu = 2.96360	q_A  = 7.68708	CLsb = 0.04258	CLb  = 0.85338	CLs  = 0.04989
