INFO: (function: improveOnce) CascadeMinimizer.cc: 188 -- Minimisation configured with Type=Minuit2, Algo=Migrad, strategy=0, tolerance=0.1
INFO: (function: improveOnce) CascadeMinimizer.cc: 211 -- Minimisation finished with status=0
INFO: (function: improveOnce) CascadeMinimizer.cc: 216 -- Minimization success! status=0
INFO: (function: generateAsimov) ToyMCSamplerOpt.cc: 139 -- Using internal logic for binned/unbinned Asimov dataset generation
INFO: (function: generateWithHisto) ToyMCSamplerOpt.cc: 214 -- Generating asimov with histogram for pdf pdf_binfail_LOW_obsOnly: in 5 x-bins
INFO: (function: generateWithHisto) ToyMCSamplerOpt.cc: 215 -- , in 1 y-bins
INFO: (function: generateAsimov) ToyMCSamplerOpt.cc: 139 -- Using internal logic for binned/unbinned Asimov dataset generation
INFO: (function: generateWithHisto) ToyMCSamplerOpt.cc: 214 -- Generating asimov with histogram for pdf pdf_binfail_SIG_obsOnly: in 6 x-bins
INFO: (function: generateWithHisto) ToyMCSamplerOpt.cc: 215 -- , in 1 y-bins
INFO: (function: generateAsimov) ToyMCSamplerOpt.cc: 139 -- Using internal logic for binned/unbinned Asimov dataset generation
INFO: (function: generateWithHisto) ToyMCSamplerOpt.cc: 214 -- Generating asimov with histogram for pdf pdf_binpass_LOW_obsOnly: in 5 x-bins
INFO: (function: generateWithHisto) ToyMCSamplerOpt.cc: 215 -- , in 1 y-bins
INFO: (function: generateAsimov) ToyMCSamplerOpt.cc: 139 -- Using internal logic for binned/unbinned Asimov dataset generation
INFO: (function: generateWithHisto) ToyMCSamplerOpt.cc: 214 -- Generating asimov with histogram for pdf pdf_binpass_SIG_obsOnly: in 6 x-bins
INFO: (function: generateWithHisto) ToyMCSamplerOpt.cc: 215 -- , in 1 y-bins
INFO: (function: runLimitExpected) AsymptoticLimits.cc: 436 -- Median for expected limits = 0.0327148 (Sigma for expected limits = 0.0166916)
INFO: (function: runLimit) AsymptoticLimits.cc: 193 -- NLL at global minimum of data = -3.58004e+06 (r=6.32275e-08)
INFO: (function: runLimit) AsymptoticLimits.cc: 213 -- NLL at global minimum of asimov = -3.58004e+06 (r=1.27001e-07)
INFO: (function: getCLs) AsymptoticLimits.cc: 343 -- At r = 1.200000:	q_mu = 317.20182	q_A  = 303.12711	CLsb = 0.00000	CLb  = 0.34303	CLs  = 0.00000
INFO: (function: getCLs) AsymptoticLimits.cc: 343 -- At r = 0.600000:	q_mu = 158.61834	q_A  = 145.45107	CLsb = 0.00000	CLb  = 0.29257	CLs  = 0.00000
INFO: (function: getCLs) AsymptoticLimits.cc: 343 -- At r = 0.300000:	q_mu = 79.06836	q_A  = 67.53864	CLsb = 0.00000	CLb  = 0.24150	CLs  = 0.00000
INFO: (function: getCLs) AsymptoticLimits.cc: 343 -- At r = 0.150000:	q_mu = 39.41621	q_A  = 29.96041	CLsb = 0.00000	CLb  = 0.19386	CLs  = 0.00000
INFO: (function: getCLs) AsymptoticLimits.cc: 343 -- At r = 0.075000:	q_mu = 19.66766	q_A  = 12.43981	CLsb = 0.00000	CLb  = 0.15277	CLs  = 0.00002
INFO: (function: getCLs) AsymptoticLimits.cc: 343 -- At r = 0.037500:	q_mu = 9.82152	q_A  = 4.71966	CLsb = 0.00041	CLb  = 0.12016	CLs  = 0.00340
INFO: (function: getCLs) AsymptoticLimits.cc: 343 -- At r = 0.018750:	q_mu = 4.90683	q_A  = 1.60767	CLsb = 0.00510	CLb  = 0.09663	CLs  = 0.05278
INFO: (function: getCLs) AsymptoticLimits.cc: 343 -- At r = 0.028125:	q_mu = 7.36343	q_A  = 3.05966	CLsb = 0.00144	CLb  = 0.10931	CLs  = 0.01321
INFO: (function: getCLs) AsymptoticLimits.cc: 343 -- At r = 0.023438:	q_mu = 6.13494	q_A  = 2.30169	CLsb = 0.00271	CLb  = 0.10324	CLs  = 0.02629
INFO: (function: getCLs) AsymptoticLimits.cc: 343 -- At r = 0.019979:	q_mu = 5.22881	q_A  = 1.78257	CLsb = 0.00432	CLb  = 0.09842	CLs  = 0.04393
INFO: (function: getCLs) AsymptoticLimits.cc: 343 -- At r = 0.019286:	q_mu = 5.04721	q_A  = 1.68326	CLsb = 0.00475	CLb  = 0.09742	CLs  = 0.04872
INFO: (function: getCLs) AsymptoticLimits.cc: 343 -- At r = 0.019040:	q_mu = 4.98273	q_A  = 1.64841	CLsb = 0.00491	CLb  = 0.09706	CLs  = 0.05054
