INFO: (function: improveOnce) CascadeMinimizer.cc: 188 -- Minimisation configured with Type=Minuit2, Algo=Migrad, strategy=0, tolerance=0.1
INFO: (function: improveOnce) CascadeMinimizer.cc: 211 -- Minimisation finished with status=0
INFO: (function: improveOnce) CascadeMinimizer.cc: 216 -- Minimization success! status=0
INFO: (function: generateAsimov) ToyMCSamplerOpt.cc: 139 -- Using internal logic for binned/unbinned Asimov dataset generation
INFO: (function: generateWithHisto) ToyMCSamplerOpt.cc: 214 -- Generating asimov with histogram for pdf pdf_binfail_LOW_obsOnly: in 45 x-bins
INFO: (function: generateWithHisto) ToyMCSamplerOpt.cc: 215 -- , in 1 y-bins
INFO: (function: generateAsimov) ToyMCSamplerOpt.cc: 139 -- Using internal logic for binned/unbinned Asimov dataset generation
INFO: (function: generateWithHisto) ToyMCSamplerOpt.cc: 214 -- Generating asimov with histogram for pdf pdf_binfail_SIG_obsOnly: in 5 x-bins
INFO: (function: generateWithHisto) ToyMCSamplerOpt.cc: 215 -- , in 1 y-bins
INFO: (function: generateAsimov) ToyMCSamplerOpt.cc: 139 -- Using internal logic for binned/unbinned Asimov dataset generation
INFO: (function: generateWithHisto) ToyMCSamplerOpt.cc: 214 -- Generating asimov with histogram for pdf pdf_binpass_LOW_obsOnly: in 45 x-bins
INFO: (function: generateWithHisto) ToyMCSamplerOpt.cc: 215 -- , in 1 y-bins
INFO: (function: generateAsimov) ToyMCSamplerOpt.cc: 139 -- Using internal logic for binned/unbinned Asimov dataset generation
INFO: (function: generateWithHisto) ToyMCSamplerOpt.cc: 214 -- Generating asimov with histogram for pdf pdf_binpass_SIG_obsOnly: in 5 x-bins
INFO: (function: generateWithHisto) ToyMCSamplerOpt.cc: 215 -- , in 1 y-bins
DEBUG: (function: runLimitExpected) AsymptoticLimits.cc: 423 -- Best fit of asimov dataset is at r = 0.118609 (0.005930 times rMax), while it should be at zero
INFO: (function: runLimitExpected) AsymptoticLimits.cc: 436 -- Median for expected limits = 12.625 (Sigma for expected limits = 6.44145)
INFO: (function: runLimit) AsymptoticLimits.cc: 193 -- NLL at global minimum of data = -2350.33 (r=0.000126175)
INFO: (function: runLimit) AsymptoticLimits.cc: 213 -- NLL at global minimum of asimov = -2351.04 (r=0.00236498)
INFO: (function: getCLs) AsymptoticLimits.cc: 343 -- At r = 10.189959:	q_mu = 5.40767	q_A  = 2.57111	CLsb = 0.00642	CLb  = 0.18821	CLs  = 0.03413
INFO: (function: getCLs) AsymptoticLimits.cc: 343 -- At r = 5.095042:	q_mu = 1.93115	q_A  = 0.67721	CLsb = 0.05651	CLb  = 0.22307	CLs  = 0.25331
INFO: (function: getCLs) AsymptoticLimits.cc: 343 -- At r = 7.642501:	q_mu = 3.55261	q_A  = 1.49088	CLsb = 0.01945	CLb  = 0.19926	CLs  = 0.09760
INFO: (function: getCLs) AsymptoticLimits.cc: 343 -- At r = 8.939835:	q_mu = 4.46843	q_A  = 2.00878	CLsb = 0.01116	CLb  = 0.19278	CLs  = 0.05787
INFO: (function: getCLs) AsymptoticLimits.cc: 343 -- At r = 9.466683:	q_mu = 4.85750	q_A  = 2.23825	CLsb = 0.00886	CLb  = 0.19069	CLs  = 0.04646
INFO: (function: getCLs) AsymptoticLimits.cc: 343 -- At r = 9.220354:	q_mu = 4.67453	q_A  = 2.12976	CLsb = 0.00987	CLb  = 0.19164	CLs  = 0.05150
INFO: (function: getCLs) AsymptoticLimits.cc: 343 -- At r = 9.326299:	q_mu = 4.75284	q_A  = 2.17596	CLsb = 0.00942	CLb  = 0.19121	CLs  = 0.04928
INFO: (function: getCLs) AsymptoticLimits.cc: 343 -- At r = 9.277297:	q_mu = 4.71651	q_A  = 2.15447	CLsb = 0.00963	CLb  = 0.19140	CLs  = 0.05030
INFO: (function: getCLs) AsymptoticLimits.cc: 343 -- At r = 9.298567:	q_mu = 4.73225	q_A  = 2.16377	CLsb = 0.00954	CLb  = 0.19132	CLs  = 0.04986
