INFO: (function: improveOnce) CascadeMinimizer.cc: 188 -- Minimisation configured with Type=Minuit2, Algo=Migrad, strategy=0, tolerance=0.1
INFO: (function: improveOnce) CascadeMinimizer.cc: 211 -- Minimisation finished with status=0
INFO: (function: improveOnce) CascadeMinimizer.cc: 216 -- Minimization success! status=0
INFO: (function: generateAsimov) ToyMCSamplerOpt.cc: 139 -- Using internal logic for binned/unbinned Asimov dataset generation
INFO: (function: generateWithHisto) ToyMCSamplerOpt.cc: 214 -- Generating asimov with histogram for pdf pdf_binfail_LOW_obsOnly: in 5 x-bins
INFO: (function: generateWithHisto) ToyMCSamplerOpt.cc: 215 -- , in 1 y-bins
INFO: (function: generateAsimov) ToyMCSamplerOpt.cc: 139 -- Using internal logic for binned/unbinned Asimov dataset generation
INFO: (function: generateWithHisto) ToyMCSamplerOpt.cc: 214 -- Generating asimov with histogram for pdf pdf_binfail_SIG_obsOnly: in 3 x-bins
INFO: (function: generateWithHisto) ToyMCSamplerOpt.cc: 215 -- , in 1 y-bins
INFO: (function: generateAsimov) ToyMCSamplerOpt.cc: 139 -- Using internal logic for binned/unbinned Asimov dataset generation
INFO: (function: generateWithHisto) ToyMCSamplerOpt.cc: 214 -- Generating asimov with histogram for pdf pdf_binpass_LOW_obsOnly: in 5 x-bins
INFO: (function: generateWithHisto) ToyMCSamplerOpt.cc: 215 -- , in 1 y-bins
INFO: (function: generateAsimov) ToyMCSamplerOpt.cc: 139 -- Using internal logic for binned/unbinned Asimov dataset generation
INFO: (function: generateWithHisto) ToyMCSamplerOpt.cc: 214 -- Generating asimov with histogram for pdf pdf_binpass_SIG_obsOnly: in 3 x-bins
INFO: (function: generateWithHisto) ToyMCSamplerOpt.cc: 215 -- , in 1 y-bins
INFO: (function: runLimitExpected) AsymptoticLimits.cc: 436 -- Median for expected limits = 0.0249023 (Sigma for expected limits = 0.0127055)
INFO: (function: runLimit) AsymptoticLimits.cc: 193 -- NLL at global minimum of data = -61853 (r=0.013216)
INFO: (function: runLimit) AsymptoticLimits.cc: 213 -- NLL at global minimum of asimov = -61853.3 (r=9.25329e-09)
INFO: (function: getCLs) AsymptoticLimits.cc: 343 -- At r = 1.213216:	q_mu = 339.07288	q_A  = 348.98467	CLsb = 0.00000	CLb  = 0.60534	CLs  = 0.00000
INFO: (function: getCLs) AsymptoticLimits.cc: 343 -- At r = 0.613216:	q_mu = 159.40540	q_A  = 170.46796	CLsb = 0.00000	CLb  = 0.66668	CLs  = 0.00000
INFO: (function: getCLs) AsymptoticLimits.cc: 343 -- At r = 0.313216:	q_mu = 73.18408	q_A  = 83.70344	CLsb = 0.00000	CLb  = 0.72381	CLs  = 0.00000
INFO: (function: getCLs) AsymptoticLimits.cc: 343 -- At r = 0.163216:	q_mu = 32.13910	q_A  = 40.84066	CLsb = 0.00000	CLb  = 0.76471	CLs  = 0.00000
INFO: (function: getCLs) AsymptoticLimits.cc: 343 -- At r = 0.088216:	q_mu = 13.12446	q_A  = 19.98639	CLsb = 0.00015	CLb  = 0.80174	CLs  = 0.00018
INFO: (function: getCLs) AsymptoticLimits.cc: 343 -- At r = 0.050716:	q_mu = 4.87994	q_A  = 10.06719	CLsb = 0.01359	CLb  = 0.83243	CLs  = 0.01632
INFO: (function: getCLs) AsymptoticLimits.cc: 343 -- At r = 0.031966:	q_mu = 1.63152	q_A  = 5.45904	CLsb = 0.10075	CLb  = 0.85523	CLs  = 0.11780
INFO: (function: getCLs) AsymptoticLimits.cc: 343 -- At r = 0.042219:	q_mu = 3.29236	q_A  = 7.93269	CLsb = 0.03480	CLb  = 0.84183	CLs  = 0.04134
INFO: (function: getCLs) AsymptoticLimits.cc: 343 -- At r = 0.038679:	q_mu = 2.68173	q_A  = 7.06374	CLsb = 0.05075	CLb  = 0.84618	CLs  = 0.05998
INFO: (function: getCLs) AsymptoticLimits.cc: 343 -- At r = 0.040772:	q_mu = 3.03867	q_A  = 7.57578	CLsb = 0.04065	CLb  = 0.84357	CLs  = 0.04819
INFO: (function: getCLs) AsymptoticLimits.cc: 343 -- At r = 0.040071:	q_mu = 2.91769	q_A  = 7.40379	CLsb = 0.04381	CLb  = 0.84444	CLs  = 0.05188
INFO: (function: getCLs) AsymptoticLimits.cc: 343 -- At r = 0.040491:	q_mu = 2.99000	q_A  = 7.50689	CLsb = 0.04189	CLb  = 0.84392	CLs  = 0.04964
