INFO: (function: improveOnce) CascadeMinimizer.cc: 188 -- Minimisation configured with Type=Minuit2, Algo=Migrad, strategy=0, tolerance=0.1
INFO: (function: improveOnce) CascadeMinimizer.cc: 211 -- Minimisation finished with status=0
INFO: (function: improveOnce) CascadeMinimizer.cc: 216 -- Minimization success! status=0
INFO: (function: generateAsimov) ToyMCSamplerOpt.cc: 139 -- Using internal logic for binned/unbinned Asimov dataset generation
INFO: (function: generateWithHisto) ToyMCSamplerOpt.cc: 214 -- Generating asimov with histogram for pdf pdf_binfail_LOW_obsOnly: in 6 x-bins
INFO: (function: generateWithHisto) ToyMCSamplerOpt.cc: 215 -- , in 1 y-bins
INFO: (function: generateAsimov) ToyMCSamplerOpt.cc: 139 -- Using internal logic for binned/unbinned Asimov dataset generation
INFO: (function: generateWithHisto) ToyMCSamplerOpt.cc: 214 -- Generating asimov with histogram for pdf pdf_binfail_SIG_obsOnly: in 2 x-bins
INFO: (function: generateWithHisto) ToyMCSamplerOpt.cc: 215 -- , in 1 y-bins
INFO: (function: generateAsimov) ToyMCSamplerOpt.cc: 139 -- Using internal logic for binned/unbinned Asimov dataset generation
INFO: (function: generateWithHisto) ToyMCSamplerOpt.cc: 214 -- Generating asimov with histogram for pdf pdf_binpass_LOW_obsOnly: in 6 x-bins
INFO: (function: generateWithHisto) ToyMCSamplerOpt.cc: 215 -- , in 1 y-bins
INFO: (function: generateAsimov) ToyMCSamplerOpt.cc: 139 -- Using internal logic for binned/unbinned Asimov dataset generation
INFO: (function: generateWithHisto) ToyMCSamplerOpt.cc: 214 -- Generating asimov with histogram for pdf pdf_binpass_SIG_obsOnly: in 2 x-bins
INFO: (function: generateWithHisto) ToyMCSamplerOpt.cc: 215 -- , in 1 y-bins
INFO: (function: runLimitExpected) AsymptoticLimits.cc: 436 -- Median for expected limits = 0.00927734 (Sigma for expected limits = 0.00473343)
INFO: (function: runLimit) AsymptoticLimits.cc: 193 -- NLL at global minimum of data = -11788.8 (r=0.00398344)
INFO: (function: runLimit) AsymptoticLimits.cc: 213 -- NLL at global minimum of asimov = -11797.5 (r=8.01986e-09)
INFO: (function: getCLs) AsymptoticLimits.cc: 343 -- At r = 1.203983:	q_mu = 138.80313	q_A  = 143.47577	CLsb = 0.00000	CLb  = 0.57795	CLs  = 0.00000
INFO: (function: getCLs) AsymptoticLimits.cc: 343 -- At r = 0.603983:	q_mu = 94.08580	q_A  = 97.72212	CLsb = 0.00000	CLb  = 0.57365	CLs  = 0.00000
INFO: (function: getCLs) AsymptoticLimits.cc: 343 -- At r = 0.303983:	q_mu = 64.18634	q_A  = 68.09384	CLsb = 0.00000	CLb  = 0.59494	CLs  = 0.00000
INFO: (function: getCLs) AsymptoticLimits.cc: 343 -- At r = 0.153983:	q_mu = 41.21561	q_A  = 45.23774	CLsb = 0.00000	CLb  = 0.62018	CLs  = 0.00000
INFO: (function: getCLs) AsymptoticLimits.cc: 343 -- At r = 0.078983:	q_mu = 24.51513	q_A  = 28.48997	CLsb = 0.00000	CLb  = 0.65037	CLs  = 0.00000
INFO: (function: getCLs) AsymptoticLimits.cc: 343 -- At r = 0.041483:	q_mu = 13.25261	q_A  = 17.00919	CLsb = 0.00014	CLb  = 0.68574	CLs  = 0.00020
INFO: (function: getCLs) AsymptoticLimits.cc: 343 -- At r = 0.022733:	q_mu = 6.39413	q_A  = 9.76622	CLsb = 0.00572	CLb  = 0.72456	CLs  = 0.00790
INFO: (function: getCLs) AsymptoticLimits.cc: 343 -- At r = 0.013358:	q_mu = 2.69293	q_A  = 5.58554	CLsb = 0.05040	CLb  = 0.76496	CLs  = 0.06588
INFO: (function: getCLs) AsymptoticLimits.cc: 343 -- At r = 0.018046:	q_mu = 4.55045	q_A  = 7.72716	CLsb = 0.01646	CLb  = 0.74105	CLs  = 0.02220
INFO: (function: getCLs) AsymptoticLimits.cc: 343 -- At r = 0.015247:	q_mu = 3.43824	q_A  = 6.46040	CLsb = 0.03185	CLb  = 0.75411	CLs  = 0.04224
INFO: (function: getCLs) AsymptoticLimits.cc: 343 -- At r = 0.014296:	q_mu = 3.06154	q_A  = 6.02175	CLsb = 0.04008	CLb  = 0.75935	CLs  = 0.05279
INFO: (function: getCLs) AsymptoticLimits.cc: 343 -- At r = 0.014671:	q_mu = 3.20995	q_A  = 6.19531	CLsb = 0.03660	CLb  = 0.75723	CLs  = 0.04833
