INFO: (function: improveOnce) CascadeMinimizer.cc: 188 -- Minimisation configured with Type=Minuit2, Algo=Migrad, strategy=0, tolerance=0.1
INFO: (function: improveOnce) CascadeMinimizer.cc: 211 -- Minimisation finished with status=0
INFO: (function: improveOnce) CascadeMinimizer.cc: 216 -- Minimization success! status=0
INFO: (function: generateAsimov) ToyMCSamplerOpt.cc: 139 -- Using internal logic for binned/unbinned Asimov dataset generation
INFO: (function: generateWithHisto) ToyMCSamplerOpt.cc: 214 -- Generating asimov with histogram for pdf pdf_binfail_LOW_obsOnly: in 6 x-bins
INFO: (function: generateWithHisto) ToyMCSamplerOpt.cc: 215 -- , in 1 y-bins
INFO: (function: generateAsimov) ToyMCSamplerOpt.cc: 139 -- Using internal logic for binned/unbinned Asimov dataset generation
INFO: (function: generateWithHisto) ToyMCSamplerOpt.cc: 214 -- Generating asimov with histogram for pdf pdf_binfail_SIG_obsOnly: in 1 x-bins
INFO: (function: generateWithHisto) ToyMCSamplerOpt.cc: 215 -- , in 1 y-bins
INFO: (function: generateAsimov) ToyMCSamplerOpt.cc: 139 -- Using internal logic for binned/unbinned Asimov dataset generation
INFO: (function: generateWithHisto) ToyMCSamplerOpt.cc: 214 -- Generating asimov with histogram for pdf pdf_binpass_LOW_obsOnly: in 6 x-bins
INFO: (function: generateWithHisto) ToyMCSamplerOpt.cc: 215 -- , in 1 y-bins
INFO: (function: generateAsimov) ToyMCSamplerOpt.cc: 139 -- Using internal logic for binned/unbinned Asimov dataset generation
INFO: (function: generateWithHisto) ToyMCSamplerOpt.cc: 214 -- Generating asimov with histogram for pdf pdf_binpass_SIG_obsOnly: in 1 x-bins
INFO: (function: generateWithHisto) ToyMCSamplerOpt.cc: 215 -- , in 1 y-bins
INFO: (function: runLimitExpected) AsymptoticLimits.cc: 436 -- Median for expected limits = 1.35938 (Sigma for expected limits = 0.693571)
INFO: (function: runLimit) AsymptoticLimits.cc: 193 -- NLL at global minimum of data = -3148.84 (r=0.781012)
INFO: (function: runLimit) AsymptoticLimits.cc: 213 -- NLL at global minimum of asimov = -3154.3 (r=0.000829867)
INFO: (function: getCLs) AsymptoticLimits.cc: 343 -- At r = 2.910267:	q_mu = 3.42796	q_A  = 8.38337	CLsb = 0.03205	CLb  = 0.85174	CLs  = 0.03763
INFO: (function: getCLs) AsymptoticLimits.cc: 343 -- At r = 1.845639:	q_mu = 1.29861	q_A  = 5.33192	CLsb = 0.12723	CLb  = 0.87891	CLs  = 0.14476
INFO: (function: getCLs) AsymptoticLimits.cc: 343 -- At r = 2.517664:	q_mu = 2.58276	q_A  = 7.29515	CLsb = 0.05402	CLb  = 0.86299	CLs  = 0.06259
INFO: (function: getCLs) AsymptoticLimits.cc: 343 -- At r = 2.734827:	q_mu = 3.04226	q_A  = 7.90225	CLsb = 0.04056	CLb  = 0.85699	CLs  = 0.04733
INFO: (function: getCLs) AsymptoticLimits.cc: 343 -- At r = 2.657285:	q_mu = 2.87560	q_A  = 7.68696	CLsb = 0.04497	CLb  = 0.85921	CLs  = 0.05233
INFO: (function: getCLs) AsymptoticLimits.cc: 343 -- At r = 2.700953:	q_mu = 2.96913	q_A  = 7.80840	CLsb = 0.04243	CLb  = 0.85797	CLs  = 0.04946
INFO: (function: getCLs) AsymptoticLimits.cc: 343 -- At r = 2.685486:	q_mu = 2.93591	q_A  = 7.76545	CLsb = 0.04332	CLb  = 0.85841	CLs  = 0.05046
INFO: (function: getCLs) AsymptoticLimits.cc: 343 -- At r = 2.694228:	q_mu = 2.95467	q_A  = 7.78973	CLsb = 0.04281	CLb  = 0.85816	CLs  = 0.04989
