INFO: (function: improveOnce) CascadeMinimizer.cc: 188 -- Minimisation configured with Type=Minuit2, Algo=Migrad, strategy=0, tolerance=0.1
INFO: (function: improveOnce) CascadeMinimizer.cc: 211 -- Minimisation finished with status=0
INFO: (function: improveOnce) CascadeMinimizer.cc: 216 -- Minimization success! status=0
INFO: (function: generateAsimov) ToyMCSamplerOpt.cc: 139 -- Using internal logic for binned/unbinned Asimov dataset generation
INFO: (function: generateWithHisto) ToyMCSamplerOpt.cc: 214 -- Generating asimov with histogram for pdf pdf_binfail_LOW_obsOnly: in 5 x-bins
INFO: (function: generateWithHisto) ToyMCSamplerOpt.cc: 215 -- , in 1 y-bins
INFO: (function: generateAsimov) ToyMCSamplerOpt.cc: 139 -- Using internal logic for binned/unbinned Asimov dataset generation
INFO: (function: generateWithHisto) ToyMCSamplerOpt.cc: 214 -- Generating asimov with histogram for pdf pdf_binfail_SIG_obsOnly: in 4 x-bins
INFO: (function: generateWithHisto) ToyMCSamplerOpt.cc: 215 -- , in 1 y-bins
INFO: (function: generateAsimov) ToyMCSamplerOpt.cc: 139 -- Using internal logic for binned/unbinned Asimov dataset generation
INFO: (function: generateWithHisto) ToyMCSamplerOpt.cc: 214 -- Generating asimov with histogram for pdf pdf_binpass_LOW_obsOnly: in 5 x-bins
INFO: (function: generateWithHisto) ToyMCSamplerOpt.cc: 215 -- , in 1 y-bins
INFO: (function: generateAsimov) ToyMCSamplerOpt.cc: 139 -- Using internal logic for binned/unbinned Asimov dataset generation
INFO: (function: generateWithHisto) ToyMCSamplerOpt.cc: 214 -- Generating asimov with histogram for pdf pdf_binpass_SIG_obsOnly: in 4 x-bins
INFO: (function: generateWithHisto) ToyMCSamplerOpt.cc: 215 -- , in 1 y-bins
INFO: (function: runLimitExpected) AsymptoticLimits.cc: 436 -- Median for expected limits = 0.012207 (Sigma for expected limits = 0.00622819)
INFO: (function: runLimit) AsymptoticLimits.cc: 193 -- NLL at global minimum of data = -76441.4 (r=0.00256661)
INFO: (function: runLimit) AsymptoticLimits.cc: 213 -- NLL at global minimum of asimov = -76438.4 (r=6.30193e-08)
INFO: (function: getCLs) AsymptoticLimits.cc: 343 -- At r = 1.202567:	q_mu = 248.10300	q_A  = 245.12626	CLsb = 0.00000	CLb  = 0.46213	CLs  = 0.00000
INFO: (function: getCLs) AsymptoticLimits.cc: 343 -- At r = 0.602567:	q_mu = 142.88980	q_A  = 142.10209	CLsb = 0.00000	CLb  = 0.48682	CLs  = 0.00000
INFO: (function: getCLs) AsymptoticLimits.cc: 343 -- At r = 0.302567:	q_mu = 86.23770	q_A  = 86.74082	CLsb = 0.00000	CLb  = 0.51079	CLs  = 0.00000
INFO: (function: getCLs) AsymptoticLimits.cc: 343 -- At r = 0.152567:	q_mu = 48.54832	q_A  = 50.05750	CLsb = 0.00000	CLb  = 0.54279	CLs  = 0.00000
INFO: (function: getCLs) AsymptoticLimits.cc: 343 -- At r = 0.077567:	q_mu = 25.23860	q_A  = 27.54405	CLsb = 0.00000	CLb  = 0.58879	CLs  = 0.00000
INFO: (function: getCLs) AsymptoticLimits.cc: 343 -- At r = 0.040067:	q_mu = 12.26617	q_A  = 14.57461	CLsb = 0.00023	CLb  = 0.62376	CLs  = 0.00037
INFO: (function: getCLs) AsymptoticLimits.cc: 343 -- At r = 0.021317:	q_mu = 5.41761	q_A  = 7.44058	CLsb = 0.00997	CLb  = 0.65548	CLs  = 0.01521
INFO: (function: getCLs) AsymptoticLimits.cc: 343 -- At r = 0.011942:	q_mu = 2.15060	q_A  = 3.78168	CLsb = 0.07126	CLb  = 0.68373	CLs  = 0.10422
INFO: (function: getCLs) AsymptoticLimits.cc: 343 -- At r = 0.016678:	q_mu = 3.75697	q_A  = 5.62741	CLsb = 0.02629	CLb  = 0.66783	CLs  = 0.03937
INFO: (function: getCLs) AsymptoticLimits.cc: 343 -- At r = 0.014801:	q_mu = 3.10426	q_A  = 4.89293	CLsb = 0.03904	CLb  = 0.67368	CLs  = 0.05796
INFO: (function: getCLs) AsymptoticLimits.cc: 343 -- At r = 0.015750:	q_mu = 3.43213	q_A  = 5.26411	CLsb = 0.03197	CLb  = 0.67067	CLs  = 0.04767
INFO: (function: getCLs) AsymptoticLimits.cc: 343 -- At r = 0.015375:	q_mu = 3.30190	q_A  = 5.11726	CLsb = 0.03460	CLb  = 0.67185	CLs  = 0.05150
