INFO: (function: improveOnce) CascadeMinimizer.cc: 188 -- Minimisation configured with Type=Minuit2, Algo=Migrad, strategy=0, tolerance=0.1
INFO: (function: improveOnce) CascadeMinimizer.cc: 211 -- Minimisation finished with status=0
INFO: (function: improveOnce) CascadeMinimizer.cc: 216 -- Minimization success! status=0
INFO: (function: generateAsimov) ToyMCSamplerOpt.cc: 139 -- Using internal logic for binned/unbinned Asimov dataset generation
INFO: (function: generateWithHisto) ToyMCSamplerOpt.cc: 214 -- Generating asimov with histogram for pdf pdf_binfail_LOW_obsOnly: in 6 x-bins
INFO: (function: generateWithHisto) ToyMCSamplerOpt.cc: 215 -- , in 1 y-bins
INFO: (function: generateAsimov) ToyMCSamplerOpt.cc: 139 -- Using internal logic for binned/unbinned Asimov dataset generation
INFO: (function: generateWithHisto) ToyMCSamplerOpt.cc: 214 -- Generating asimov with histogram for pdf pdf_binfail_SIG_obsOnly: in 3 x-bins
INFO: (function: generateWithHisto) ToyMCSamplerOpt.cc: 215 -- , in 1 y-bins
INFO: (function: generateAsimov) ToyMCSamplerOpt.cc: 139 -- Using internal logic for binned/unbinned Asimov dataset generation
INFO: (function: generateWithHisto) ToyMCSamplerOpt.cc: 214 -- Generating asimov with histogram for pdf pdf_binpass_LOW_obsOnly: in 6 x-bins
INFO: (function: generateWithHisto) ToyMCSamplerOpt.cc: 215 -- , in 1 y-bins
INFO: (function: generateAsimov) ToyMCSamplerOpt.cc: 139 -- Using internal logic for binned/unbinned Asimov dataset generation
INFO: (function: generateWithHisto) ToyMCSamplerOpt.cc: 214 -- Generating asimov with histogram for pdf pdf_binpass_SIG_obsOnly: in 3 x-bins
INFO: (function: generateWithHisto) ToyMCSamplerOpt.cc: 215 -- , in 1 y-bins
INFO: (function: runLimitExpected) AsymptoticLimits.cc: 436 -- Median for expected limits = 29.625 (Sigma for expected limits = 15.1151)
INFO: (function: runLimit) AsymptoticLimits.cc: 193 -- NLL at global minimum of data = -60509.8 (r=16.7164)
INFO: (function: runLimit) AsymptoticLimits.cc: 213 -- NLL at global minimum of asimov = -60510.6 (r=0.0477398)
INFO: (function: getCLs) AsymptoticLimits.cc: 343 -- At r = 59.757968:	q_mu = 3.13106	q_A  = 7.90966	CLsb = 0.03841	CLb  = 0.85151	CLs  = 0.04510
INFO: (function: getCLs) AsymptoticLimits.cc: 343 -- At r = 38.237200:	q_mu = 1.20239	q_A  = 5.05731	CLsb = 0.13642	CLb  = 0.87540	CLs  = 0.15584
INFO: (function: getCLs) AsymptoticLimits.cc: 343 -- At r = 48.997584:	q_mu = 2.13642	q_A  = 6.51820	CLsb = 0.07192	CLb  = 0.86246	CLs  = 0.08339
INFO: (function: getCLs) AsymptoticLimits.cc: 343 -- At r = 56.162440:	q_mu = 2.79501	q_A  = 7.45207	CLsb = 0.04728	CLb  = 0.85498	CLs  = 0.05530
INFO: (function: getCLs) AsymptoticLimits.cc: 343 -- At r = 58.303409:	q_mu = 2.99482	q_A  = 7.72531	CLsb = 0.04177	CLb  = 0.85289	CLs  = 0.04897
INFO: (function: getCLs) AsymptoticLimits.cc: 343 -- At r = 57.581842:	q_mu = 2.92743	q_A  = 7.63351	CLsb = 0.04354	CLb  = 0.85358	CLs  = 0.05101
INFO: (function: getCLs) AsymptoticLimits.cc: 343 -- At r = 58.009285:	q_mu = 2.96734	q_A  = 7.68792	CLsb = 0.04248	CLb  = 0.85317	CLs  = 0.04979
INFO: (function: getCLs) AsymptoticLimits.cc: 343 -- At r = 57.864857:	q_mu = 2.95386	q_A  = 7.66955	CLsb = 0.04284	CLb  = 0.85331	CLs  = 0.05020
