INFO: (function: improveOnce) CascadeMinimizer.cc: 188 -- Minimisation configured with Type=Minuit2, Algo=Migrad, strategy=0, tolerance=0.1
INFO: (function: improveOnce) CascadeMinimizer.cc: 211 -- Minimisation finished with status=0
INFO: (function: improveOnce) CascadeMinimizer.cc: 216 -- Minimization success! status=0
INFO: (function: generateAsimov) ToyMCSamplerOpt.cc: 139 -- Using internal logic for binned/unbinned Asimov dataset generation
INFO: (function: generateWithHisto) ToyMCSamplerOpt.cc: 214 -- Generating asimov with histogram for pdf pdf_binfail_LOW_obsOnly: in 5 x-bins
INFO: (function: generateWithHisto) ToyMCSamplerOpt.cc: 215 -- , in 1 y-bins
INFO: (function: generateAsimov) ToyMCSamplerOpt.cc: 139 -- Using internal logic for binned/unbinned Asimov dataset generation
INFO: (function: generateWithHisto) ToyMCSamplerOpt.cc: 214 -- Generating asimov with histogram for pdf pdf_binfail_SIG_obsOnly: in 6 x-bins
INFO: (function: generateWithHisto) ToyMCSamplerOpt.cc: 215 -- , in 1 y-bins
INFO: (function: generateAsimov) ToyMCSamplerOpt.cc: 139 -- Using internal logic for binned/unbinned Asimov dataset generation
INFO: (function: generateWithHisto) ToyMCSamplerOpt.cc: 214 -- Generating asimov with histogram for pdf pdf_binpass_LOW_obsOnly: in 5 x-bins
INFO: (function: generateWithHisto) ToyMCSamplerOpt.cc: 215 -- , in 1 y-bins
INFO: (function: generateAsimov) ToyMCSamplerOpt.cc: 139 -- Using internal logic for binned/unbinned Asimov dataset generation
INFO: (function: generateWithHisto) ToyMCSamplerOpt.cc: 214 -- Generating asimov with histogram for pdf pdf_binpass_SIG_obsOnly: in 6 x-bins
INFO: (function: generateWithHisto) ToyMCSamplerOpt.cc: 215 -- , in 1 y-bins
INFO: (function: runLimitExpected) AsymptoticLimits.cc: 436 -- Median for expected limits = 655 (Sigma for expected limits = 334.19)
INFO: (function: runLimit) AsymptoticLimits.cc: 193 -- NLL at global minimum of data = -985570 (r=0.00250437)
INFO: (function: runLimit) AsymptoticLimits.cc: 213 -- NLL at global minimum of asimov = -985566 (r=3.75903e-11)
INFO: (function: getCLs) AsymptoticLimits.cc: 343 -- At r = 287.822438:	q_mu = 2.60582	q_A  = 1.37829	CLsb = 0.04487	CLb  = 0.30056	CLs  = 0.14928
INFO: (function: getCLs) AsymptoticLimits.cc: 343 -- At r = 575.644876:	q_mu = 4.97713	q_A  = 3.30194	CLsb = 0.01136	CLb  = 0.32242	CLs  = 0.03524
INFO: (function: getCLs) AsymptoticLimits.cc: 343 -- At r = 287.823690:	q_mu = 2.60575	q_A  = 1.37821	CLsb = 0.04487	CLb  = 0.30055	CLs  = 0.14929
INFO: (function: getCLs) AsymptoticLimits.cc: 343 -- At r = 462.275147:	q_mu = 4.06593	q_A  = 2.53490	CLsb = 0.01909	CLb  = 0.31533	CLs  = 0.06054
INFO: (function: getCLs) AsymptoticLimits.cc: 343 -- At r = 516.998346:	q_mu = 4.50968	q_A  = 2.90463	CLsb = 0.01481	CLb  = 0.31886	CLs  = 0.04644
INFO: (function: getCLs) AsymptoticLimits.cc: 343 -- At r = 493.858215:	q_mu = 4.32288	q_A  = 2.74822	CLsb = 0.01647	CLb  = 0.31742	CLs  = 0.05190
INFO: (function: getCLs) AsymptoticLimits.cc: 343 -- At r = 504.701667:	q_mu = 4.41051	q_A  = 2.82140	CLsb = 0.01567	CLb  = 0.31809	CLs  = 0.04926
INFO: (function: getCLs) AsymptoticLimits.cc: 343 -- At r = 500.059259:	q_mu = 4.37302	q_A  = 2.79006	CLsb = 0.01601	CLb  = 0.31781	CLs  = 0.05037
INFO: (function: getCLs) AsymptoticLimits.cc: 343 -- At r = 502.224457:	q_mu = 4.39052	q_A  = 2.80473	CLsb = 0.01585	CLb  = 0.31795	CLs  = 0.04985
