INFO: (function: improveOnce) CascadeMinimizer.cc: 188 -- Minimisation configured with Type=Minuit2, Algo=Migrad, strategy=0, tolerance=0.1
INFO: (function: improveOnce) CascadeMinimizer.cc: 211 -- Minimisation finished with status=0
INFO: (function: improveOnce) CascadeMinimizer.cc: 216 -- Minimization success! status=0
INFO: (function: generateAsimov) ToyMCSamplerOpt.cc: 139 -- Using internal logic for binned/unbinned Asimov dataset generation
INFO: (function: generateWithHisto) ToyMCSamplerOpt.cc: 214 -- Generating asimov with histogram for pdf pdf_binfail_LOW_obsOnly: in 45 x-bins
INFO: (function: generateWithHisto) ToyMCSamplerOpt.cc: 215 -- , in 1 y-bins
INFO: (function: generateAsimov) ToyMCSamplerOpt.cc: 139 -- Using internal logic for binned/unbinned Asimov dataset generation
INFO: (function: generateWithHisto) ToyMCSamplerOpt.cc: 214 -- Generating asimov with histogram for pdf pdf_binfail_SIG_obsOnly: in 5 x-bins
INFO: (function: generateWithHisto) ToyMCSamplerOpt.cc: 215 -- , in 1 y-bins
INFO: (function: generateAsimov) ToyMCSamplerOpt.cc: 139 -- Using internal logic for binned/unbinned Asimov dataset generation
INFO: (function: generateWithHisto) ToyMCSamplerOpt.cc: 214 -- Generating asimov with histogram for pdf pdf_binpass_LOW_obsOnly: in 45 x-bins
INFO: (function: generateWithHisto) ToyMCSamplerOpt.cc: 215 -- , in 1 y-bins
INFO: (function: generateAsimov) ToyMCSamplerOpt.cc: 139 -- Using internal logic for binned/unbinned Asimov dataset generation
INFO: (function: generateWithHisto) ToyMCSamplerOpt.cc: 214 -- Generating asimov with histogram for pdf pdf_binpass_SIG_obsOnly: in 5 x-bins
INFO: (function: generateWithHisto) ToyMCSamplerOpt.cc: 215 -- , in 1 y-bins
DEBUG: (function: runLimitExpected) AsymptoticLimits.cc: 423 -- Best fit of asimov dataset is at r = 0.117177 (0.005859 times rMax), while it should be at zero
INFO: (function: runLimitExpected) AsymptoticLimits.cc: 436 -- Median for expected limits = 11.3438 (Sigma for expected limits = 5.78773)
INFO: (function: runLimit) AsymptoticLimits.cc: 193 -- NLL at global minimum of data = -692.481 (r=5.99516e-06)
INFO: (function: runLimit) AsymptoticLimits.cc: 213 -- NLL at global minimum of asimov = -692.818 (r=2.17336e-10)
INFO: (function: getCLs) AsymptoticLimits.cc: 343 -- At r = 6.002717:	q_mu = 3.18040	q_A  = 1.18919	CLsb = 0.02256	CLb  = 0.18063	CLs  = 0.12491
INFO: (function: getCLs) AsymptoticLimits.cc: 343 -- At r = 12.005435:	q_mu = 7.21396	q_A  = 4.26525	CLsb = 0.00273	CLb  = 0.23765	CLs  = 0.01147
INFO: (function: getCLs) AsymptoticLimits.cc: 343 -- At r = 6.002720:	q_mu = 3.18037	q_A  = 8.18832	CLsb = 0.03726	CLb  = 0.85952	CLs  = 0.04335
INFO: (function: getCLs) AsymptoticLimits.cc: 343 -- At r = 3.001363:	q_mu = 1.49814	q_A  = 0.31511	CLsb = 0.05314	CLb  = 0.14600	CLs  = 0.36401
INFO: (function: getCLs) AsymptoticLimits.cc: 343 -- At r = 4.502042:	q_mu = 2.31049	q_A  = 0.69196	CLsb = 0.03556	CLb  = 0.16531	CLs  = 0.21511
INFO: (function: getCLs) AsymptoticLimits.cc: 343 -- At r = 5.252381:	q_mu = 2.73819	q_A  = 0.92693	CLsb = 0.02849	CLb  = 0.17344	CLs  = 0.16428
INFO: (function: getCLs) AsymptoticLimits.cc: 343 -- At r = 5.627551:	q_mu = 2.95762	q_A  = 1.05474	CLsb = 0.02538	CLb  = 0.17711	CLs  = 0.14332
INFO: (function: getCLs) AsymptoticLimits.cc: 343 -- At r = 5.891887:	q_mu = 3.11422	q_A  = 1.14873	CLsb = 0.02337	CLb  = 0.17959	CLs  = 0.13011
INFO: (function: getCLs) AsymptoticLimits.cc: 343 -- At r = 5.969047:	q_mu = 3.16033	q_A  = 1.17688	CLsb = 0.02280	CLb  = 0.18031	CLs  = 0.12647
INFO: (function: getCLs) AsymptoticLimits.cc: 343 -- At r = 5.992397:	q_mu = 3.17428	q_A  = 1.18543	CLsb = 0.02264	CLb  = 0.18053	CLs  = 0.12539
