INFO: (function: improveOnce) CascadeMinimizer.cc: 188 -- Minimisation configured with Type=Minuit2, Algo=Migrad, strategy=0, tolerance=0.1
INFO: (function: improveOnce) CascadeMinimizer.cc: 211 -- Minimisation finished with status=0
INFO: (function: improveOnce) CascadeMinimizer.cc: 216 -- Minimization success! status=0
INFO: (function: generateAsimov) ToyMCSamplerOpt.cc: 139 -- Using internal logic for binned/unbinned Asimov dataset generation
INFO: (function: generateWithHisto) ToyMCSamplerOpt.cc: 214 -- Generating asimov with histogram for pdf pdf_binfail_LOW_obsOnly: in 5 x-bins
INFO: (function: generateWithHisto) ToyMCSamplerOpt.cc: 215 -- , in 1 y-bins
INFO: (function: generateAsimov) ToyMCSamplerOpt.cc: 139 -- Using internal logic for binned/unbinned Asimov dataset generation
INFO: (function: generateWithHisto) ToyMCSamplerOpt.cc: 214 -- Generating asimov with histogram for pdf pdf_binfail_SIG_obsOnly: in 6 x-bins
INFO: (function: generateWithHisto) ToyMCSamplerOpt.cc: 215 -- , in 1 y-bins
INFO: (function: generateAsimov) ToyMCSamplerOpt.cc: 139 -- Using internal logic for binned/unbinned Asimov dataset generation
INFO: (function: generateWithHisto) ToyMCSamplerOpt.cc: 214 -- Generating asimov with histogram for pdf pdf_binpass_LOW_obsOnly: in 5 x-bins
INFO: (function: generateWithHisto) ToyMCSamplerOpt.cc: 215 -- , in 1 y-bins
INFO: (function: generateAsimov) ToyMCSamplerOpt.cc: 139 -- Using internal logic for binned/unbinned Asimov dataset generation
INFO: (function: generateWithHisto) ToyMCSamplerOpt.cc: 214 -- Generating asimov with histogram for pdf pdf_binpass_SIG_obsOnly: in 6 x-bins
INFO: (function: generateWithHisto) ToyMCSamplerOpt.cc: 215 -- , in 1 y-bins
INFO: (function: runLimitExpected) AsymptoticLimits.cc: 436 -- Median for expected limits = 0.0556641 (Sigma for expected limits = 0.0284006)
INFO: (function: runLimit) AsymptoticLimits.cc: 193 -- NLL at global minimum of data = -985741 (r=2.30079e-08)
INFO: (function: runLimit) AsymptoticLimits.cc: 213 -- NLL at global minimum of asimov = -985735 (r=0)
INFO: (function: getCLs) AsymptoticLimits.cc: 343 -- At r = 1.200000:	q_mu = 27.05947	q_A  = 24.71068	CLsb = 0.00000	CLb  = 0.40662	CLs  = 0.00000
INFO: (function: getCLs) AsymptoticLimits.cc: 343 -- At r = 0.600000:	q_mu = 20.07942	q_A  = 17.88117	CLsb = 0.00000	CLb  = 0.39746	CLs  = 0.00001
INFO: (function: getCLs) AsymptoticLimits.cc: 343 -- At r = 0.300000:	q_mu = 14.38604	q_A  = 12.35946	CLsb = 0.00007	CLb  = 0.38659	CLs  = 0.00018
INFO: (function: getCLs) AsymptoticLimits.cc: 343 -- At r = 0.150000:	q_mu = 9.89606	q_A  = 8.06647	CLsb = 0.00078	CLb  = 0.37369	CLs  = 0.00209
INFO: (function: getCLs) AsymptoticLimits.cc: 343 -- At r = 0.075000:	q_mu = 6.49926	q_A  = 4.89419	CLsb = 0.00501	CLb  = 0.35839	CLs  = 0.01398
INFO: (function: getCLs) AsymptoticLimits.cc: 343 -- At r = 0.037500:	q_mu = 4.05294	q_A  = 2.70002	CLsb = 0.01995	CLb  = 0.34029	CLs  = 0.05862
INFO: (function: getCLs) AsymptoticLimits.cc: 343 -- At r = 0.056250:	q_mu = 5.37767	q_A  = 3.87391	CLsb = 0.00938	CLb  = 0.35123	CLs  = 0.02671
INFO: (function: getCLs) AsymptoticLimits.cc: 343 -- At r = 0.044284:	q_mu = 4.56175	q_A  = 3.14583	CLsb = 0.01490	CLb  = 0.34489	CLs  = 0.04320
INFO: (function: getCLs) AsymptoticLimits.cc: 343 -- At r = 0.040327:	q_mu = 4.26960	q_A  = 2.88896	CLsb = 0.01761	CLb  = 0.34232	CLs  = 0.05144
INFO: (function: getCLs) AsymptoticLimits.cc: 343 -- At r = 0.041633:	q_mu = 4.36743	q_A  = 2.97472	CLsb = 0.01665	CLb  = 0.34320	CLs  = 0.04851
INFO: (function: getCLs) AsymptoticLimits.cc: 343 -- At r = 0.041094:	q_mu = 4.32724	q_A  = 2.93945	CLsb = 0.01704	CLb  = 0.34284	CLs  = 0.04969
INFO: (function: getCLs) AsymptoticLimits.cc: 343 -- At r = 0.040831:	q_mu = 4.30753	q_A  = 2.92218	CLsb = 0.01723	CLb  = 0.34266	CLs  = 0.05028
