INFO: (function: improveOnce) CascadeMinimizer.cc: 188 -- Minimisation configured with Type=Minuit2, Algo=Migrad, strategy=0, tolerance=0.1
INFO: (function: improveOnce) CascadeMinimizer.cc: 211 -- Minimisation finished with status=0
INFO: (function: improveOnce) CascadeMinimizer.cc: 216 -- Minimization success! status=0
INFO: (function: generateAsimov) ToyMCSamplerOpt.cc: 139 -- Using internal logic for binned/unbinned Asimov dataset generation
INFO: (function: generateWithHisto) ToyMCSamplerOpt.cc: 214 -- Generating asimov with histogram for pdf pdf_binfail_LOW_obsOnly: in 5 x-bins
INFO: (function: generateWithHisto) ToyMCSamplerOpt.cc: 215 -- , in 1 y-bins
INFO: (function: generateAsimov) ToyMCSamplerOpt.cc: 139 -- Using internal logic for binned/unbinned Asimov dataset generation
INFO: (function: generateWithHisto) ToyMCSamplerOpt.cc: 214 -- Generating asimov with histogram for pdf pdf_binfail_SIG_obsOnly: in 14 x-bins
INFO: (function: generateWithHisto) ToyMCSamplerOpt.cc: 215 -- , in 1 y-bins
INFO: (function: generateAsimov) ToyMCSamplerOpt.cc: 139 -- Using internal logic for binned/unbinned Asimov dataset generation
INFO: (function: generateWithHisto) ToyMCSamplerOpt.cc: 214 -- Generating asimov with histogram for pdf pdf_binpass_LOW_obsOnly: in 5 x-bins
INFO: (function: generateWithHisto) ToyMCSamplerOpt.cc: 215 -- , in 1 y-bins
INFO: (function: generateAsimov) ToyMCSamplerOpt.cc: 139 -- Using internal logic for binned/unbinned Asimov dataset generation
INFO: (function: generateWithHisto) ToyMCSamplerOpt.cc: 214 -- Generating asimov with histogram for pdf pdf_binpass_SIG_obsOnly: in 14 x-bins
INFO: (function: generateWithHisto) ToyMCSamplerOpt.cc: 215 -- , in 1 y-bins
INFO: (function: runLimitExpected) AsymptoticLimits.cc: 436 -- Median for expected limits = 1.25781 (Sigma for expected limits = 0.641753)
INFO: (function: runLimit) AsymptoticLimits.cc: 193 -- NLL at global minimum of data = -70695 (r=1.54447e-08)
INFO: (function: runLimit) AsymptoticLimits.cc: 213 -- NLL at global minimum of asimov = -70697.5 (r=1.47433e-06)
INFO: (function: getCLs) AsymptoticLimits.cc: 343 -- At r = 1.200000:	q_mu = 4.29915	q_A  = 3.68665	CLsb = 0.01878	CLb  = 0.43664	CLs  = 0.04302
INFO: (function: getCLs) AsymptoticLimits.cc: 343 -- At r = 0.600000:	q_mu = 2.40708	q_A  = 1.99542	CLsb = 0.05958	CLb  = 0.44208	CLs  = 0.13478
INFO: (function: getCLs) AsymptoticLimits.cc: 343 -- At r = 1.016772:	q_mu = 3.75521	q_A  = 3.19517	CLsb = 0.02594	CLb  = 0.43776	CLs  = 0.05925
INFO: (function: getCLs) AsymptoticLimits.cc: 343 -- At r = 1.094492:	q_mu = 3.98902	q_A  = 3.40608	CLsb = 0.02256	CLb  = 0.43726	CLs  = 0.05160
INFO: (function: getCLs) AsymptoticLimits.cc: 343 -- At r = 1.130209:	q_mu = 4.09492	q_A  = 3.50185	CLsb = 0.02119	CLb  = 0.43705	CLs  = 0.04848
INFO: (function: getCLs) AsymptoticLimits.cc: 343 -- At r = 1.108937:	q_mu = 4.03196	q_A  = 3.44490	CLsb = 0.02199	CLb  = 0.43717	CLs  = 0.05031
INFO: (function: getCLs) AsymptoticLimits.cc: 343 -- At r = 1.116046:	q_mu = 4.05304	q_A  = 3.46394	CLsb = 0.02172	CLb  = 0.43713	CLs  = 0.04969
INFO: (function: getCLs) AsymptoticLimits.cc: 343 -- At r = 1.111785:	q_mu = 4.04041	q_A  = 3.45252	CLsb = 0.02188	CLb  = 0.43715	CLs  = 0.05006
