INFO: (function: improveOnce) CascadeMinimizer.cc: 188 -- Minimisation configured with Type=Minuit2, Algo=Migrad, strategy=0, tolerance=0.1
INFO: (function: improveOnce) CascadeMinimizer.cc: 211 -- Minimisation finished with status=0
INFO: (function: improveOnce) CascadeMinimizer.cc: 216 -- Minimization success! status=0
INFO: (function: generateAsimov) ToyMCSamplerOpt.cc: 139 -- Using internal logic for binned/unbinned Asimov dataset generation
INFO: (function: generateWithHisto) ToyMCSamplerOpt.cc: 214 -- Generating asimov with histogram for pdf pdf_binfail_LOW_obsOnly: in 5 x-bins
INFO: (function: generateWithHisto) ToyMCSamplerOpt.cc: 215 -- , in 1 y-bins
INFO: (function: generateAsimov) ToyMCSamplerOpt.cc: 139 -- Using internal logic for binned/unbinned Asimov dataset generation
INFO: (function: generateWithHisto) ToyMCSamplerOpt.cc: 214 -- Generating asimov with histogram for pdf pdf_binfail_SIG_obsOnly: in 4 x-bins
INFO: (function: generateWithHisto) ToyMCSamplerOpt.cc: 215 -- , in 1 y-bins
INFO: (function: generateAsimov) ToyMCSamplerOpt.cc: 139 -- Using internal logic for binned/unbinned Asimov dataset generation
INFO: (function: generateWithHisto) ToyMCSamplerOpt.cc: 214 -- Generating asimov with histogram for pdf pdf_binpass_LOW_obsOnly: in 5 x-bins
INFO: (function: generateWithHisto) ToyMCSamplerOpt.cc: 215 -- , in 1 y-bins
INFO: (function: generateAsimov) ToyMCSamplerOpt.cc: 139 -- Using internal logic for binned/unbinned Asimov dataset generation
INFO: (function: generateWithHisto) ToyMCSamplerOpt.cc: 214 -- Generating asimov with histogram for pdf pdf_binpass_SIG_obsOnly: in 4 x-bins
INFO: (function: generateWithHisto) ToyMCSamplerOpt.cc: 215 -- , in 1 y-bins
INFO: (function: runLimitExpected) AsymptoticLimits.cc: 436 -- Median for expected limits = 1.9375 (Sigma for expected limits = 0.988539)
INFO: (function: runLimit) AsymptoticLimits.cc: 193 -- NLL at global minimum of data = -76466.2 (r=0.344856)
INFO: (function: runLimit) AsymptoticLimits.cc: 213 -- NLL at global minimum of asimov = -76468.7 (r=0.00627613)
INFO: (function: getCLs) AsymptoticLimits.cc: 343 -- At r = 2.317699:	q_mu = 2.78017	q_A  = 4.56930	CLsb = 0.04772	CLb  = 0.68090	CLs  = 0.07008
INFO: (function: getCLs) AsymptoticLimits.cc: 343 -- At r = 4.635398:	q_mu = 6.13415	q_A  = 8.32201	CLsb = 0.00663	CLb  = 0.65839	CLs  = 0.01007
INFO: (function: getCLs) AsymptoticLimits.cc: 343 -- At r = 2.490127:	q_mu = 3.05204	q_A  = 4.88522	CLsb = 0.04032	CLb  = 0.67841	CLs  = 0.05943
INFO: (function: getCLs) AsymptoticLimits.cc: 343 -- At r = 3.562762:	q_mu = 4.66230	q_A  = 6.70577	CLsb = 0.01542	CLb  = 0.66652	CLs  = 0.02313
INFO: (function: getCLs) AsymptoticLimits.cc: 343 -- At r = 2.861761:	q_mu = 3.62611	q_A  = 5.54285	CLsb = 0.02844	CLb  = 0.67368	CLs  = 0.04222
INFO: (function: getCLs) AsymptoticLimits.cc: 343 -- At r = 2.640322:	q_mu = 3.28607	q_A  = 5.15472	CLsb = 0.03493	CLb  = 0.67640	CLs  = 0.05165
INFO: (function: getCLs) AsymptoticLimits.cc: 343 -- At r = 2.713105:	q_mu = 3.39850	q_A  = 5.28348	CLsb = 0.03263	CLb  = 0.67547	CLs  = 0.04830
INFO: (function: getCLs) AsymptoticLimits.cc: 343 -- At r = 2.683088:	q_mu = 3.35221	q_A  = 5.23052	CLsb = 0.03356	CLb  = 0.67585	CLs  = 0.04965
INFO: (function: getCLs) AsymptoticLimits.cc: 343 -- At r = 2.668473:	q_mu = 3.32963	q_A  = 5.20467	CLsb = 0.03402	CLb  = 0.67604	CLs  = 0.05032
INFO: (function: getCLs) AsymptoticLimits.cc: 343 -- At r = 2.677015:	q_mu = 3.34283	q_A  = 5.21979	CLsb = 0.03375	CLb  = 0.67593	CLs  = 0.04993
