INFO: (function: improveOnce) CascadeMinimizer.cc: 188 -- Minimisation configured with Type=Minuit2, Algo=Migrad, strategy=0, tolerance=0.1
INFO: (function: improveOnce) CascadeMinimizer.cc: 211 -- Minimisation finished with status=0
INFO: (function: improveOnce) CascadeMinimizer.cc: 216 -- Minimization success! status=0
INFO: (function: generateAsimov) ToyMCSamplerOpt.cc: 139 -- Using internal logic for binned/unbinned Asimov dataset generation
INFO: (function: generateWithHisto) ToyMCSamplerOpt.cc: 214 -- Generating asimov with histogram for pdf pdf_binfail_LOW_obsOnly: in 5 x-bins
INFO: (function: generateWithHisto) ToyMCSamplerOpt.cc: 215 -- , in 1 y-bins
INFO: (function: generateAsimov) ToyMCSamplerOpt.cc: 139 -- Using internal logic for binned/unbinned Asimov dataset generation
INFO: (function: generateWithHisto) ToyMCSamplerOpt.cc: 214 -- Generating asimov with histogram for pdf pdf_binfail_SIG_obsOnly: in 3 x-bins
INFO: (function: generateWithHisto) ToyMCSamplerOpt.cc: 215 -- , in 1 y-bins
INFO: (function: generateAsimov) ToyMCSamplerOpt.cc: 139 -- Using internal logic for binned/unbinned Asimov dataset generation
INFO: (function: generateWithHisto) ToyMCSamplerOpt.cc: 214 -- Generating asimov with histogram for pdf pdf_binpass_LOW_obsOnly: in 5 x-bins
INFO: (function: generateWithHisto) ToyMCSamplerOpt.cc: 215 -- , in 1 y-bins
INFO: (function: generateAsimov) ToyMCSamplerOpt.cc: 139 -- Using internal logic for binned/unbinned Asimov dataset generation
INFO: (function: generateWithHisto) ToyMCSamplerOpt.cc: 214 -- Generating asimov with histogram for pdf pdf_binpass_SIG_obsOnly: in 3 x-bins
INFO: (function: generateWithHisto) ToyMCSamplerOpt.cc: 215 -- , in 1 y-bins
INFO: (function: runLimitExpected) AsymptoticLimits.cc: 436 -- Median for expected limits = 0.00634766 (Sigma for expected limits = 0.00323866)
INFO: (function: runLimit) AsymptoticLimits.cc: 193 -- NLL at global minimum of data = -14880.5 (r=7.01073e-10)
INFO: (function: runLimit) AsymptoticLimits.cc: 213 -- NLL at global minimum of asimov = -14877.4 (r=1.04583e-12)
INFO: (function: getCLs) AsymptoticLimits.cc: 343 -- At r = 1.200000:	q_mu = 94.37650	q_A  = 91.78965	CLsb = 0.00000	CLb  = 0.44630	CLs  = 0.00000
INFO: (function: getCLs) AsymptoticLimits.cc: 343 -- At r = 0.600000:	q_mu = 71.10131	q_A  = 68.79410	CLsb = 0.00000	CLb  = 0.44469	CLs  = 0.00000
INFO: (function: getCLs) AsymptoticLimits.cc: 343 -- At r = 0.300000:	q_mu = 53.46078	q_A  = 51.25794	CLsb = 0.00000	CLb  = 0.43887	CLs  = 0.00000
INFO: (function: getCLs) AsymptoticLimits.cc: 343 -- At r = 0.150000:	q_mu = 38.90361	q_A  = 36.81704	CLsb = 0.00000	CLb  = 0.43174	CLs  = 0.00000
INFO: (function: getCLs) AsymptoticLimits.cc: 343 -- At r = 0.075000:	q_mu = 27.24071	q_A  = 25.28846	CLsb = 0.00000	CLb  = 0.42305	CLs  = 0.00000
INFO: (function: getCLs) AsymptoticLimits.cc: 343 -- At r = 0.037500:	q_mu = 18.23678	q_A  = 16.44098	CLsb = 0.00001	CLb  = 0.41237	CLs  = 0.00002
INFO: (function: getCLs) AsymptoticLimits.cc: 343 -- At r = 0.018750:	q_mu = 11.60957	q_A  = 9.99744	CLsb = 0.00032	CLb  = 0.39939	CLs  = 0.00079
INFO: (function: getCLs) AsymptoticLimits.cc: 343 -- At r = 0.009375:	q_mu = 7.00384	q_A  = 5.60526	CLsb = 0.00387	CLb  = 0.38386	CLs  = 0.01009
INFO: (function: getCLs) AsymptoticLimits.cc: 343 -- At r = 0.004688:	q_mu = 4.00775	q_A  = 2.85121	CLsb = 0.02113	CLb  = 0.36600	CLs  = 0.05772
INFO: (function: getCLs) AsymptoticLimits.cc: 343 -- At r = 0.007031:	q_mu = 5.58978	q_A  = 4.28855	CLsb = 0.00854	CLb  = 0.37669	CLs  = 0.02267
INFO: (function: getCLs) AsymptoticLimits.cc: 343 -- At r = 0.005444:	q_mu = 4.54034	q_A  = 3.32947	CLsb = 0.01552	CLb  = 0.37002	CLs  = 0.04195
INFO: (function: getCLs) AsymptoticLimits.cc: 343 -- At r = 0.005111:	q_mu = 4.30882	q_A  = 3.12074	CLsb = 0.01774	CLb  = 0.36833	CLs  = 0.04816
