INFO: (function: improveOnce) CascadeMinimizer.cc: 188 -- Minimisation configured with Type=Minuit2, Algo=Migrad, strategy=0, tolerance=0.1
INFO: (function: improveOnce) CascadeMinimizer.cc: 211 -- Minimisation finished with status=0
INFO: (function: improveOnce) CascadeMinimizer.cc: 216 -- Minimization success! status=0
INFO: (function: generateAsimov) ToyMCSamplerOpt.cc: 139 -- Using internal logic for binned/unbinned Asimov dataset generation
INFO: (function: generateWithHisto) ToyMCSamplerOpt.cc: 214 -- Generating asimov with histogram for pdf pdf_binfail_LOW_obsOnly: in 5 x-bins
INFO: (function: generateWithHisto) ToyMCSamplerOpt.cc: 215 -- , in 1 y-bins
INFO: (function: generateAsimov) ToyMCSamplerOpt.cc: 139 -- Using internal logic for binned/unbinned Asimov dataset generation
INFO: (function: generateWithHisto) ToyMCSamplerOpt.cc: 214 -- Generating asimov with histogram for pdf pdf_binfail_SIG_obsOnly: in 4 x-bins
INFO: (function: generateWithHisto) ToyMCSamplerOpt.cc: 215 -- , in 1 y-bins
INFO: (function: generateAsimov) ToyMCSamplerOpt.cc: 139 -- Using internal logic for binned/unbinned Asimov dataset generation
INFO: (function: generateWithHisto) ToyMCSamplerOpt.cc: 214 -- Generating asimov with histogram for pdf pdf_binpass_LOW_obsOnly: in 5 x-bins
INFO: (function: generateWithHisto) ToyMCSamplerOpt.cc: 215 -- , in 1 y-bins
INFO: (function: generateAsimov) ToyMCSamplerOpt.cc: 139 -- Using internal logic for binned/unbinned Asimov dataset generation
INFO: (function: generateWithHisto) ToyMCSamplerOpt.cc: 214 -- Generating asimov with histogram for pdf pdf_binpass_SIG_obsOnly: in 4 x-bins
INFO: (function: generateWithHisto) ToyMCSamplerOpt.cc: 215 -- , in 1 y-bins
INFO: (function: runLimitExpected) AsymptoticLimits.cc: 436 -- Median for expected limits = 1.38281 (Sigma for expected limits = 0.70553)
INFO: (function: runLimit) AsymptoticLimits.cc: 193 -- NLL at global minimum of data = -76466.3 (r=0.32562)
INFO: (function: runLimit) AsymptoticLimits.cc: 213 -- NLL at global minimum of asimov = -76468.9 (r=0.00827431)
INFO: (function: getCLs) AsymptoticLimits.cc: 343 -- At r = 2.005100:	q_mu = 3.81306	q_A  = 6.05387	CLsb = 0.02543	CLb  = 0.69419	CLs  = 0.03663
INFO: (function: getCLs) AsymptoticLimits.cc: 343 -- At r = 1.165360:	q_mu = 1.40654	q_A  = 3.08531	CLsb = 0.11782	CLb  = 0.71584	CLs  = 0.16458
INFO: (function: getCLs) AsymptoticLimits.cc: 343 -- At r = 1.585230:	q_mu = 2.55339	q_A  = 4.54871	CLsb = 0.05503	CLb  = 0.70362	CLs  = 0.07821
INFO: (function: getCLs) AsymptoticLimits.cc: 343 -- At r = 1.783327:	q_mu = 3.13694	q_A  = 5.25500	CLsb = 0.03827	CLb  = 0.69890	CLs  = 0.05476
INFO: (function: getCLs) AsymptoticLimits.cc: 343 -- At r = 1.867776:	q_mu = 3.39184	q_A  = 5.55830	CLsb = 0.03276	CLb  = 0.69704	CLs  = 0.04700
INFO: (function: getCLs) AsymptoticLimits.cc: 343 -- At r = 1.823508:	q_mu = 3.25780	q_A  = 5.39916	CLsb = 0.03554	CLb  = 0.69800	CLs  = 0.05092
INFO: (function: getCLs) AsymptoticLimits.cc: 343 -- At r = 1.840416:	q_mu = 3.30889	q_A  = 5.45991	CLsb = 0.03445	CLb  = 0.69763	CLs  = 0.04939
INFO: (function: getCLs) AsymptoticLimits.cc: 343 -- At r = 1.831566:	q_mu = 3.28213	q_A  = 5.42811	CLsb = 0.03502	CLb  = 0.69783	CLs  = 0.05018
