INFO: (function: improveOnce) CascadeMinimizer.cc: 188 -- Minimisation configured with Type=Minuit2, Algo=Migrad, strategy=0, tolerance=0.1
INFO: (function: improveOnce) CascadeMinimizer.cc: 211 -- Minimisation finished with status=0
INFO: (function: improveOnce) CascadeMinimizer.cc: 216 -- Minimization success! status=0
INFO: (function: generateAsimov) ToyMCSamplerOpt.cc: 139 -- Using internal logic for binned/unbinned Asimov dataset generation
INFO: (function: generateWithHisto) ToyMCSamplerOpt.cc: 214 -- Generating asimov with histogram for pdf pdf_binfail_LOW_obsOnly: in 45 x-bins
INFO: (function: generateWithHisto) ToyMCSamplerOpt.cc: 215 -- , in 1 y-bins
INFO: (function: generateAsimov) ToyMCSamplerOpt.cc: 139 -- Using internal logic for binned/unbinned Asimov dataset generation
INFO: (function: generateWithHisto) ToyMCSamplerOpt.cc: 214 -- Generating asimov with histogram for pdf pdf_binfail_SIG_obsOnly: in 5 x-bins
INFO: (function: generateWithHisto) ToyMCSamplerOpt.cc: 215 -- , in 1 y-bins
INFO: (function: generateAsimov) ToyMCSamplerOpt.cc: 139 -- Using internal logic for binned/unbinned Asimov dataset generation
INFO: (function: generateWithHisto) ToyMCSamplerOpt.cc: 214 -- Generating asimov with histogram for pdf pdf_binpass_LOW_obsOnly: in 45 x-bins
INFO: (function: generateWithHisto) ToyMCSamplerOpt.cc: 215 -- , in 1 y-bins
INFO: (function: generateAsimov) ToyMCSamplerOpt.cc: 139 -- Using internal logic for binned/unbinned Asimov dataset generation
INFO: (function: generateWithHisto) ToyMCSamplerOpt.cc: 214 -- Generating asimov with histogram for pdf pdf_binpass_SIG_obsOnly: in 5 x-bins
INFO: (function: generateWithHisto) ToyMCSamplerOpt.cc: 215 -- , in 1 y-bins
INFO: (function: runLimitExpected) AsymptoticLimits.cc: 436 -- Median for expected limits = 5.6875 (Sigma for expected limits = 2.90184)
INFO: (function: runLimit) AsymptoticLimits.cc: 193 -- NLL at global minimum of data = -3097.12 (r=0.551608)
INFO: (function: runLimit) AsymptoticLimits.cc: 213 -- NLL at global minimum of asimov = -3102.11 (r=0.00494208)
INFO: (function: getCLs) AsymptoticLimits.cc: 343 -- At r = 2.418416:	q_mu = 0.00000	q_A  = 1.27956	CLsb = 0.50000	CLb  = 0.87101	CLs  = 0.57405
INFO: (function: getCLs) AsymptoticLimits.cc: 343 -- At r = 4.836833:	q_mu = 0.00000	q_A  = 2.99437	CLsb = 0.50000	CLb  = 0.95822	CLs  = 0.52180
INFO: (function: getCLs) AsymptoticLimits.cc: 343 -- At r = 9.673666:	q_mu = 2.00724	q_A  = 9.40449	CLsb = 0.07828	CLb  = 0.95052	CLs  = 0.08235
INFO: (function: getCLs) AsymptoticLimits.cc: 343 -- At r = 19.347331:	q_mu = 17.68883	q_A  = 30.80487	CLsb = 0.00001	CLb  = 0.91059	CLs  = 0.00001
INFO: (function: getCLs) AsymptoticLimits.cc: 343 -- At r = 9.949470:	q_mu = 2.29872	q_A  = 9.88649	CLsb = 0.06474	CLb  = 0.94825	CLs  = 0.06827
INFO: (function: getCLs) AsymptoticLimits.cc: 343 -- At r = 14.648401:	q_mu = 8.84397	q_A  = 19.73092	CLsb = 0.00147	CLb  = 0.92896	CLs  = 0.00158
INFO: (function: getCLs) AsymptoticLimits.cc: 343 -- At r = 12.298935:	q_mu = 5.22262	q_A  = 14.45030	CLsb = 0.01115	CLb  = 0.93525	CLs  = 0.01192
INFO: (function: getCLs) AsymptoticLimits.cc: 343 -- At r = 11.124202:	q_mu = 3.66679	q_A  = 12.06928	CLsb = 0.02775	CLb  = 0.94053	CLs  = 0.02951
INFO: (function: getCLs) AsymptoticLimits.cc: 343 -- At r = 10.533396:	q_mu = 2.95408	q_A  = 10.94568	CLsb = 0.04283	CLb  = 0.94405	CLs  = 0.04537
INFO: (function: getCLs) AsymptoticLimits.cc: 343 -- At r = 10.305519:	q_mu = 2.69245	q_A  = 10.52593	CLsb = 0.05041	CLb  = 0.94559	CLs  = 0.05331
INFO: (function: getCLs) AsymptoticLimits.cc: 343 -- At r = 10.423585:	q_mu = 2.82693	q_A  = 10.74219	CLsb = 0.04635	CLb  = 0.94478	CLs  = 0.04906
INFO: (function: getCLs) AsymptoticLimits.cc: 343 -- At r = 10.378354:	q_mu = 2.77513	q_A  = 10.65906	CLsb = 0.04787	CLb  = 0.94508	CLs  = 0.05065
INFO: (function: getCLs) AsymptoticLimits.cc: 343 -- At r = 10.402036:	q_mu = 2.80219	q_A  = 10.70253	CLsb = 0.04707	CLb  = 0.94492	CLs  = 0.04981
