INFO: (function: improveOnce) CascadeMinimizer.cc: 188 -- Minimisation configured with Type=Minuit2, Algo=Migrad, strategy=0, tolerance=0.1
INFO: (function: improveOnce) CascadeMinimizer.cc: 211 -- Minimisation finished with status=0
INFO: (function: improveOnce) CascadeMinimizer.cc: 216 -- Minimization success! status=0
INFO: (function: generateAsimov) ToyMCSamplerOpt.cc: 139 -- Using internal logic for binned/unbinned Asimov dataset generation
INFO: (function: generateWithHisto) ToyMCSamplerOpt.cc: 214 -- Generating asimov with histogram for pdf pdf_binfail_LOW_obsOnly: in 5 x-bins
INFO: (function: generateWithHisto) ToyMCSamplerOpt.cc: 215 -- , in 1 y-bins
INFO: (function: generateAsimov) ToyMCSamplerOpt.cc: 139 -- Using internal logic for binned/unbinned Asimov dataset generation
INFO: (function: generateWithHisto) ToyMCSamplerOpt.cc: 214 -- Generating asimov with histogram for pdf pdf_binfail_SIG_obsOnly: in 3 x-bins
INFO: (function: generateWithHisto) ToyMCSamplerOpt.cc: 215 -- , in 1 y-bins
INFO: (function: generateAsimov) ToyMCSamplerOpt.cc: 139 -- Using internal logic for binned/unbinned Asimov dataset generation
INFO: (function: generateWithHisto) ToyMCSamplerOpt.cc: 214 -- Generating asimov with histogram for pdf pdf_binpass_LOW_obsOnly: in 5 x-bins
INFO: (function: generateWithHisto) ToyMCSamplerOpt.cc: 215 -- , in 1 y-bins
INFO: (function: generateAsimov) ToyMCSamplerOpt.cc: 139 -- Using internal logic for binned/unbinned Asimov dataset generation
INFO: (function: generateWithHisto) ToyMCSamplerOpt.cc: 214 -- Generating asimov with histogram for pdf pdf_binpass_SIG_obsOnly: in 3 x-bins
INFO: (function: generateWithHisto) ToyMCSamplerOpt.cc: 215 -- , in 1 y-bins
INFO: (function: runLimitExpected) AsymptoticLimits.cc: 436 -- Median for expected limits = 105.75 (Sigma for expected limits = 53.9551)
INFO: (function: runLimit) AsymptoticLimits.cc: 193 -- NLL at global minimum of data = -13827.8 (r=6.4835e-08)
INFO: (function: runLimit) AsymptoticLimits.cc: 213 -- NLL at global minimum of asimov = -13826.7 (r=2.93269e-11)
INFO: (function: getCLs) AsymptoticLimits.cc: 343 -- At r = 61.259931:	q_mu = 3.01864	q_A  = 1.96274	CLsb = 0.03772	CLb  = 0.35314	CLs  = 0.10680
INFO: (function: getCLs) AsymptoticLimits.cc: 343 -- At r = 122.519862:	q_mu = 5.92018	q_A  = 4.55395	CLsb = 0.00706	CLb  = 0.37444	CLs  = 0.01886
INFO: (function: getCLs) AsymptoticLimits.cc: 343 -- At r = 61.259931:	q_mu = 3.01875	q_A  = 1.96274	CLsb = 0.03771	CLb  = 0.35313	CLs  = 0.10680
INFO: (function: getCLs) AsymptoticLimits.cc: 343 -- At r = 94.961779:	q_mu = 4.62636	q_A  = 3.37480	CLsb = 0.01471	CLb  = 0.36669	CLs  = 0.04013
INFO: (function: getCLs) AsymptoticLimits.cc: 343 -- At r = 82.162676:	q_mu = 4.01973	q_A  = 2.83306	CLsb = 0.02089	CLb  = 0.36223	CLs  = 0.05767
INFO: (function: getCLs) AsymptoticLimits.cc: 343 -- At r = 88.752837:	q_mu = 4.33246	q_A  = 3.11132	CLsb = 0.01743	CLb  = 0.36462	CLs  = 0.04780
INFO: (function: getCLs) AsymptoticLimits.cc: 343 -- At r = 86.169918:	q_mu = 4.20996	q_A  = 3.00208	CLsb = 0.01871	CLb  = 0.36371	CLs  = 0.05143
INFO: (function: getCLs) AsymptoticLimits.cc: 343 -- At r = 87.483186:	q_mu = 4.27227	q_A  = 3.05760	CLsb = 0.01804	CLb  = 0.36417	CLs  = 0.04955
INFO: (function: getCLs) AsymptoticLimits.cc: 343 -- At r = 86.965603:	q_mu = 4.24772	q_A  = 3.03571	CLsb = 0.01830	CLb  = 0.36399	CLs  = 0.05028
INFO: (function: getCLs) AsymptoticLimits.cc: 343 -- At r = 87.228054:	q_mu = 4.26017	q_A  = 3.04681	CLsb = 0.01817	CLb  = 0.36408	CLs  = 0.04991
