INFO: (function: improveOnce) CascadeMinimizer.cc: 188 -- Minimisation configured with Type=Minuit2, Algo=Migrad, strategy=0, tolerance=0.1
INFO: (function: improveOnce) CascadeMinimizer.cc: 211 -- Minimisation finished with status=0
INFO: (function: improveOnce) CascadeMinimizer.cc: 216 -- Minimization success! status=0
INFO: (function: generateAsimov) ToyMCSamplerOpt.cc: 139 -- Using internal logic for binned/unbinned Asimov dataset generation
INFO: (function: generateWithHisto) ToyMCSamplerOpt.cc: 214 -- Generating asimov with histogram for pdf pdf_binfail_LOW_obsOnly: in 6 x-bins
INFO: (function: generateWithHisto) ToyMCSamplerOpt.cc: 215 -- , in 1 y-bins
INFO: (function: generateAsimov) ToyMCSamplerOpt.cc: 139 -- Using internal logic for binned/unbinned Asimov dataset generation
INFO: (function: generateWithHisto) ToyMCSamplerOpt.cc: 214 -- Generating asimov with histogram for pdf pdf_binfail_SIG_obsOnly: in 3 x-bins
INFO: (function: generateWithHisto) ToyMCSamplerOpt.cc: 215 -- , in 1 y-bins
INFO: (function: generateAsimov) ToyMCSamplerOpt.cc: 139 -- Using internal logic for binned/unbinned Asimov dataset generation
INFO: (function: generateWithHisto) ToyMCSamplerOpt.cc: 214 -- Generating asimov with histogram for pdf pdf_binpass_LOW_obsOnly: in 6 x-bins
INFO: (function: generateWithHisto) ToyMCSamplerOpt.cc: 215 -- , in 1 y-bins
INFO: (function: generateAsimov) ToyMCSamplerOpt.cc: 139 -- Using internal logic for binned/unbinned Asimov dataset generation
INFO: (function: generateWithHisto) ToyMCSamplerOpt.cc: 214 -- Generating asimov with histogram for pdf pdf_binpass_SIG_obsOnly: in 3 x-bins
INFO: (function: generateWithHisto) ToyMCSamplerOpt.cc: 215 -- , in 1 y-bins
INFO: (function: runLimitExpected) AsymptoticLimits.cc: 436 -- Median for expected limits = 0.0571289 (Sigma for expected limits = 0.0291479)
INFO: (function: runLimit) AsymptoticLimits.cc: 193 -- NLL at global minimum of data = -60488.1 (r=0.0325174)
INFO: (function: runLimit) AsymptoticLimits.cc: 213 -- NLL at global minimum of asimov = -60486.6 (r=2.51837e-06)
INFO: (function: getCLs) AsymptoticLimits.cc: 343 -- At r = 1.232517:	q_mu = 66.47600	q_A  = 68.57313	CLsb = 0.00000	CLb  = 0.55077	CLs  = 0.00000
INFO: (function: getCLs) AsymptoticLimits.cc: 343 -- At r = 0.632517:	q_mu = 35.15505	q_A  = 38.33885	CLsb = 0.00000	CLb  = 0.60360	CLs  = 0.00000
INFO: (function: getCLs) AsymptoticLimits.cc: 343 -- At r = 0.332517:	q_mu = 16.92435	q_A  = 21.13422	CLsb = 0.00002	CLb  = 0.68555	CLs  = 0.00003
INFO: (function: getCLs) AsymptoticLimits.cc: 343 -- At r = 0.182517:	q_mu = 7.28699	q_A  = 12.38379	CLsb = 0.00347	CLb  = 0.79378	CLs  = 0.00437
INFO: (function: getCLs) AsymptoticLimits.cc: 343 -- At r = 0.107517:	q_mu = 2.85253	q_A  = 7.51313	CLsb = 0.04561	CLb  = 0.85362	CLs  = 0.05344
INFO: (function: getCLs) AsymptoticLimits.cc: 343 -- At r = 0.145017:	q_mu = 4.97273	q_A  = 10.01507	CLsb = 0.01287	CLb  = 0.82503	CLs  = 0.01561
INFO: (function: getCLs) AsymptoticLimits.cc: 343 -- At r = 0.116638:	q_mu = 3.33920	q_A  = 8.13956	CLsb = 0.03382	CLb  = 0.84747	CLs  = 0.03991
INFO: (function: getCLs) AsymptoticLimits.cc: 343 -- At r = 0.111004:	q_mu = 3.03567	q_A  = 7.75403	CLsb = 0.04073	CLb  = 0.85136	CLs  = 0.04784
INFO: (function: getCLs) AsymptoticLimits.cc: 343 -- At r = 0.109192:	q_mu = 2.94005	q_A  = 7.62906	CLsb = 0.04320	CLb  = 0.85255	CLs  = 0.05068
INFO: (function: getCLs) AsymptoticLimits.cc: 343 -- At r = 0.109892:	q_mu = 2.97688	q_A  = 7.67740	CLsb = 0.04223	CLb  = 0.85209	CLs  = 0.04956
INFO: (function: getCLs) AsymptoticLimits.cc: 343 -- At r = 0.109531:	q_mu = 2.95783	q_A  = 7.65243	CLsb = 0.04273	CLb  = 0.85233	CLs  = 0.05013
