INFO: (function: improveOnce) CascadeMinimizer.cc: 188 -- Minimisation configured with Type=Minuit2, Algo=Migrad, strategy=0, tolerance=0.1
INFO: (function: improveOnce) CascadeMinimizer.cc: 211 -- Minimisation finished with status=0
INFO: (function: improveOnce) CascadeMinimizer.cc: 216 -- Minimization success! status=0
INFO: (function: generateAsimov) ToyMCSamplerOpt.cc: 139 -- Using internal logic for binned/unbinned Asimov dataset generation
INFO: (function: generateWithHisto) ToyMCSamplerOpt.cc: 214 -- Generating asimov with histogram for pdf pdf_binfail_LOW_obsOnly: in 5 x-bins
INFO: (function: generateWithHisto) ToyMCSamplerOpt.cc: 215 -- , in 1 y-bins
INFO: (function: generateAsimov) ToyMCSamplerOpt.cc: 139 -- Using internal logic for binned/unbinned Asimov dataset generation
INFO: (function: generateWithHisto) ToyMCSamplerOpt.cc: 214 -- Generating asimov with histogram for pdf pdf_binfail_SIG_obsOnly: in 6 x-bins
INFO: (function: generateWithHisto) ToyMCSamplerOpt.cc: 215 -- , in 1 y-bins
INFO: (function: generateAsimov) ToyMCSamplerOpt.cc: 139 -- Using internal logic for binned/unbinned Asimov dataset generation
INFO: (function: generateWithHisto) ToyMCSamplerOpt.cc: 214 -- Generating asimov with histogram for pdf pdf_binpass_LOW_obsOnly: in 5 x-bins
INFO: (function: generateWithHisto) ToyMCSamplerOpt.cc: 215 -- , in 1 y-bins
INFO: (function: generateAsimov) ToyMCSamplerOpt.cc: 139 -- Using internal logic for binned/unbinned Asimov dataset generation
INFO: (function: generateWithHisto) ToyMCSamplerOpt.cc: 214 -- Generating asimov with histogram for pdf pdf_binpass_SIG_obsOnly: in 6 x-bins
INFO: (function: generateWithHisto) ToyMCSamplerOpt.cc: 215 -- , in 1 y-bins
INFO: (function: runLimitExpected) AsymptoticLimits.cc: 436 -- Median for expected limits = 1.73438 (Sigma for expected limits = 0.884902)
INFO: (function: runLimit) AsymptoticLimits.cc: 193 -- NLL at global minimum of data = -10366.5 (r=3.22895e-08)
INFO: (function: runLimit) AsymptoticLimits.cc: 213 -- NLL at global minimum of asimov = -10366.7 (r=9.87432e-12)
INFO: (function: getCLs) AsymptoticLimits.cc: 343 -- At r = 1.200000:	q_mu = 2.95943	q_A  = 2.79779	CLsb = 0.04263	CLb  = 0.48073	CLs  = 0.08867
INFO: (function: getCLs) AsymptoticLimits.cc: 343 -- At r = 2.400000:	q_mu = 5.20672	q_A  = 5.00328	CLsb = 0.01124	CLb  = 0.48186	CLs  = 0.02332
INFO: (function: getCLs) AsymptoticLimits.cc: 343 -- At r = 1.200000:	q_mu = 2.95943	q_A  = 2.79778	CLsb = 0.04263	CLb  = 0.48073	CLs  = 0.08867
INFO: (function: getCLs) AsymptoticLimits.cc: 343 -- At r = 1.851778:	q_mu = 4.24012	q_A  = 4.05175	CLsb = 0.01971	CLb  = 0.48134	CLs  = 0.04096
INFO: (function: getCLs) AsymptoticLimits.cc: 343 -- At r = 1.586751:	q_mu = 3.73879	q_A  = 3.55991	CLsb = 0.02655	CLb  = 0.48110	CLs  = 0.05518
INFO: (function: getCLs) AsymptoticLimits.cc: 343 -- At r = 1.709854:	q_mu = 3.97470	q_A  = 3.79118	CLsb = 0.02306	CLb  = 0.48121	CLs  = 0.04793
INFO: (function: getCLs) AsymptoticLimits.cc: 343 -- At r = 1.655656:	q_mu = 3.87151	q_A  = 3.68998	CLsb = 0.02452	CLb  = 0.48116	CLs  = 0.05097
INFO: (function: getCLs) AsymptoticLimits.cc: 343 -- At r = 1.680019:	q_mu = 3.91802	q_A  = 3.73560	CLsb = 0.02385	CLb  = 0.48118	CLs  = 0.04957
INFO: (function: getCLs) AsymptoticLimits.cc: 343 -- At r = 1.669129:	q_mu = 3.89726	q_A  = 3.71523	CLsb = 0.02415	CLb  = 0.48117	CLs  = 0.05019
INFO: (function: getCLs) AsymptoticLimits.cc: 343 -- At r = 1.673992:	q_mu = 3.90654	q_A  = 3.72432	CLsb = 0.02402	CLb  = 0.48117	CLs  = 0.04991
