INFO: (function: improveOnce) CascadeMinimizer.cc: 188 -- Minimisation configured with Type=Minuit2, Algo=Migrad, strategy=0, tolerance=0.1
INFO: (function: improveOnce) CascadeMinimizer.cc: 211 -- Minimisation finished with status=0
INFO: (function: improveOnce) CascadeMinimizer.cc: 216 -- Minimization success! status=0
INFO: (function: generateAsimov) ToyMCSamplerOpt.cc: 139 -- Using internal logic for binned/unbinned Asimov dataset generation
INFO: (function: generateWithHisto) ToyMCSamplerOpt.cc: 214 -- Generating asimov with histogram for pdf pdf_binfail_LOW_obsOnly: in 5 x-bins
INFO: (function: generateWithHisto) ToyMCSamplerOpt.cc: 215 -- , in 1 y-bins
INFO: (function: generateAsimov) ToyMCSamplerOpt.cc: 139 -- Using internal logic for binned/unbinned Asimov dataset generation
INFO: (function: generateWithHisto) ToyMCSamplerOpt.cc: 214 -- Generating asimov with histogram for pdf pdf_binfail_SIG_obsOnly: in 14 x-bins
INFO: (function: generateWithHisto) ToyMCSamplerOpt.cc: 215 -- , in 1 y-bins
INFO: (function: generateAsimov) ToyMCSamplerOpt.cc: 139 -- Using internal logic for binned/unbinned Asimov dataset generation
INFO: (function: generateWithHisto) ToyMCSamplerOpt.cc: 214 -- Generating asimov with histogram for pdf pdf_binpass_LOW_obsOnly: in 5 x-bins
INFO: (function: generateWithHisto) ToyMCSamplerOpt.cc: 215 -- , in 1 y-bins
INFO: (function: generateAsimov) ToyMCSamplerOpt.cc: 139 -- Using internal logic for binned/unbinned Asimov dataset generation
INFO: (function: generateWithHisto) ToyMCSamplerOpt.cc: 214 -- Generating asimov with histogram for pdf pdf_binpass_SIG_obsOnly: in 14 x-bins
INFO: (function: generateWithHisto) ToyMCSamplerOpt.cc: 215 -- , in 1 y-bins
INFO: (function: runLimitExpected) AsymptoticLimits.cc: 436 -- Median for expected limits = 0.21875 (Sigma for expected limits = 0.111609)
INFO: (function: runLimit) AsymptoticLimits.cc: 193 -- NLL at global minimum of data = -70681.5 (r=2.59325e-08)
INFO: (function: runLimit) AsymptoticLimits.cc: 213 -- NLL at global minimum of asimov = -70683 (r=1.60686e-06)
INFO: (function: getCLs) AsymptoticLimits.cc: 343 -- At r = 1.200000:	q_mu = 14.02002	q_A  = 13.11039	CLsb = 0.00009	CLb  = 0.45002	CLs  = 0.00020
INFO: (function: getCLs) AsymptoticLimits.cc: 343 -- At r = 0.600000:	q_mu = 8.63258	q_A  = 8.18188	CLsb = 0.00165	CLb  = 0.46860	CLs  = 0.00351
INFO: (function: getCLs) AsymptoticLimits.cc: 343 -- At r = 0.300000:	q_mu = 5.01297	q_A  = 4.88678	CLsb = 0.01257	CLb  = 0.48862	CLs  = 0.02573
INFO: (function: getCLs) AsymptoticLimits.cc: 343 -- At r = 0.150000:	q_mu = 2.72328	q_A  = 2.82859	CLsb = 0.04945	CLb  = 0.51261	CLs  = 0.09646
INFO: (function: getCLs) AsymptoticLimits.cc: 343 -- At r = 0.239675:	q_mu = 4.15893	q_A  = 4.11579	CLsb = 0.02071	CLb  = 0.49576	CLs  = 0.04177
INFO: (function: getCLs) AsymptoticLimits.cc: 343 -- At r = 0.206321:	q_mu = 3.65135	q_A  = 3.65850	CLsb = 0.02801	CLb  = 0.50075	CLs  = 0.05594
INFO: (function: getCLs) AsymptoticLimits.cc: 343 -- At r = 0.223244:	q_mu = 3.91241	q_A  = 3.89345	CLsb = 0.02397	CLb  = 0.49808	CLs  = 0.04811
INFO: (function: getCLs) AsymptoticLimits.cc: 343 -- At r = 0.216406:	q_mu = 3.80783	q_A  = 3.79923	CLsb = 0.02551	CLb  = 0.49912	CLs  = 0.05110
INFO: (function: getCLs) AsymptoticLimits.cc: 343 -- At r = 0.219755:	q_mu = 3.85919	q_A  = 3.84548	CLsb = 0.02474	CLb  = 0.49860	CLs  = 0.04961
INFO: (function: getCLs) AsymptoticLimits.cc: 343 -- At r = 0.218381:	q_mu = 3.83815	q_A  = 3.82650	CLsb = 0.02505	CLb  = 0.49881	CLs  = 0.05022
INFO: (function: getCLs) AsymptoticLimits.cc: 343 -- At r = 0.219050:	q_mu = 3.84840	q_A  = 3.83571	CLsb = 0.02490	CLb  = 0.49871	CLs  = 0.04992
