INFO: (function: improveOnce) CascadeMinimizer.cc: 188 -- Minimisation configured with Type=Minuit2, Algo=Migrad, strategy=0, tolerance=0.1
INFO: (function: improveOnce) CascadeMinimizer.cc: 211 -- Minimisation finished with status=0
INFO: (function: improveOnce) CascadeMinimizer.cc: 216 -- Minimization success! status=0
INFO: (function: generateAsimov) ToyMCSamplerOpt.cc: 139 -- Using internal logic for binned/unbinned Asimov dataset generation
INFO: (function: generateWithHisto) ToyMCSamplerOpt.cc: 214 -- Generating asimov with histogram for pdf pdf_binfail_LOW_obsOnly: in 5 x-bins
INFO: (function: generateWithHisto) ToyMCSamplerOpt.cc: 215 -- , in 1 y-bins
INFO: (function: generateAsimov) ToyMCSamplerOpt.cc: 139 -- Using internal logic for binned/unbinned Asimov dataset generation
INFO: (function: generateWithHisto) ToyMCSamplerOpt.cc: 214 -- Generating asimov with histogram for pdf pdf_binfail_SIG_obsOnly: in 4 x-bins
INFO: (function: generateWithHisto) ToyMCSamplerOpt.cc: 215 -- , in 1 y-bins
INFO: (function: generateAsimov) ToyMCSamplerOpt.cc: 139 -- Using internal logic for binned/unbinned Asimov dataset generation
INFO: (function: generateWithHisto) ToyMCSamplerOpt.cc: 214 -- Generating asimov with histogram for pdf pdf_binpass_LOW_obsOnly: in 5 x-bins
INFO: (function: generateWithHisto) ToyMCSamplerOpt.cc: 215 -- , in 1 y-bins
INFO: (function: generateAsimov) ToyMCSamplerOpt.cc: 139 -- Using internal logic for binned/unbinned Asimov dataset generation
INFO: (function: generateWithHisto) ToyMCSamplerOpt.cc: 214 -- Generating asimov with histogram for pdf pdf_binpass_SIG_obsOnly: in 4 x-bins
INFO: (function: generateWithHisto) ToyMCSamplerOpt.cc: 215 -- , in 1 y-bins
INFO: (function: runLimitExpected) AsymptoticLimits.cc: 436 -- Median for expected limits = 0.376953 (Sigma for expected limits = 0.192327)
INFO: (function: runLimit) AsymptoticLimits.cc: 193 -- NLL at global minimum of data = -76452.1 (r=0.0819309)
INFO: (function: runLimit) AsymptoticLimits.cc: 213 -- NLL at global minimum of asimov = -76451.5 (r=0.0001846)
INFO: (function: getCLs) AsymptoticLimits.cc: 343 -- At r = 1.281931:	q_mu = 12.59280	q_A  = 15.04240	CLsb = 0.00019	CLb  = 0.62923	CLs  = 0.00031
INFO: (function: getCLs) AsymptoticLimits.cc: 343 -- At r = 0.681931:	q_mu = 5.56350	q_A  = 7.67433	CLsb = 0.00917	CLb  = 0.65967	CLs  = 0.01390
INFO: (function: getCLs) AsymptoticLimits.cc: 343 -- At r = 0.381931:	q_mu = 2.21405	q_A  = 3.90121	CLsb = 0.06838	CLb  = 0.68693	CLs  = 0.09954
INFO: (function: getCLs) AsymptoticLimits.cc: 343 -- At r = 0.531931:	q_mu = 3.84353	q_A  = 5.78414	CLsb = 0.02497	CLb  = 0.67167	CLs  = 0.03717
INFO: (function: getCLs) AsymptoticLimits.cc: 343 -- At r = 0.465821:	q_mu = 3.10870	q_A  = 4.95119	CLsb = 0.03894	CLb  = 0.67795	CLs  = 0.05743
INFO: (function: getCLs) AsymptoticLimits.cc: 343 -- At r = 0.495896:	q_mu = 3.44023	q_A  = 5.32999	CLsb = 0.03181	CLb  = 0.67505	CLs  = 0.04713
INFO: (function: getCLs) AsymptoticLimits.cc: 343 -- At r = 0.482684:	q_mu = 3.29398	q_A  = 5.16348	CLsb = 0.03477	CLb  = 0.67631	CLs  = 0.05141
INFO: (function: getCLs) AsymptoticLimits.cc: 343 -- At r = 0.488702:	q_mu = 3.36048	q_A  = 5.23930	CLsb = 0.03339	CLb  = 0.67573	CLs  = 0.04941
INFO: (function: getCLs) AsymptoticLimits.cc: 343 -- At r = 0.486060:	q_mu = 3.33126	q_A  = 5.20601	CLsb = 0.03399	CLb  = 0.67598	CLs  = 0.05028
INFO: (function: getCLs) AsymptoticLimits.cc: 343 -- At r = 0.487263:	q_mu = 3.34457	q_A  = 5.22118	CLsb = 0.03371	CLb  = 0.67587	CLs  = 0.04988
