INFO: (function: improveOnce) CascadeMinimizer.cc: 188 -- Minimisation configured with Type=Minuit2, Algo=Migrad, strategy=0, tolerance=0.1
INFO: (function: improveOnce) CascadeMinimizer.cc: 211 -- Minimisation finished with status=0
INFO: (function: improveOnce) CascadeMinimizer.cc: 216 -- Minimization success! status=0
INFO: (function: generateAsimov) ToyMCSamplerOpt.cc: 139 -- Using internal logic for binned/unbinned Asimov dataset generation
INFO: (function: generateWithHisto) ToyMCSamplerOpt.cc: 214 -- Generating asimov with histogram for pdf pdf_binfail_LOW_obsOnly: in 45 x-bins
INFO: (function: generateWithHisto) ToyMCSamplerOpt.cc: 215 -- , in 1 y-bins
INFO: (function: generateAsimov) ToyMCSamplerOpt.cc: 139 -- Using internal logic for binned/unbinned Asimov dataset generation
INFO: (function: generateWithHisto) ToyMCSamplerOpt.cc: 214 -- Generating asimov with histogram for pdf pdf_binfail_SIG_obsOnly: in 5 x-bins
INFO: (function: generateWithHisto) ToyMCSamplerOpt.cc: 215 -- , in 1 y-bins
INFO: (function: generateAsimov) ToyMCSamplerOpt.cc: 139 -- Using internal logic for binned/unbinned Asimov dataset generation
INFO: (function: generateWithHisto) ToyMCSamplerOpt.cc: 214 -- Generating asimov with histogram for pdf pdf_binpass_LOW_obsOnly: in 45 x-bins
INFO: (function: generateWithHisto) ToyMCSamplerOpt.cc: 215 -- , in 1 y-bins
INFO: (function: generateAsimov) ToyMCSamplerOpt.cc: 139 -- Using internal logic for binned/unbinned Asimov dataset generation
INFO: (function: generateWithHisto) ToyMCSamplerOpt.cc: 214 -- Generating asimov with histogram for pdf pdf_binpass_SIG_obsOnly: in 5 x-bins
INFO: (function: generateWithHisto) ToyMCSamplerOpt.cc: 215 -- , in 1 y-bins
DEBUG: (function: runLimitExpected) AsymptoticLimits.cc: 423 -- Best fit of asimov dataset is at r = 0.087808 (0.004390 times rMax), while it should be at zero
INFO: (function: runLimitExpected) AsymptoticLimits.cc: 436 -- Median for expected limits = 3316 (Sigma for expected limits = 1691.87)
INFO: (function: runLimit) AsymptoticLimits.cc: 193 -- NLL at global minimum of data = -59682.8 (r=2768.65)
INFO: (function: runLimit) AsymptoticLimits.cc: 213 -- NLL at global minimum of asimov = -59740.3 (r=1.19711)
INFO: (function: getCLs) AsymptoticLimits.cc: 343 -- At r = 5270.681499:	q_mu = 2.82509	q_A  = 8.99106	CLsb = 0.04640	CLb  = 0.90620	CLs  = 0.05120
INFO: (function: getCLs) AsymptoticLimits.cc: 343 -- At r = 10541.362998:	q_mu = 19.20539	q_A  = 29.73129	CLsb = 0.00001	CLb  = 0.85775	CLs  = 0.00001
INFO: (function: getCLs) AsymptoticLimits.cc: 343 -- At r = 6655.007790:	q_mu = 5.72314	q_A  = 12.68800	CLsb = 0.00837	CLb  = 0.87894	CLs  = 0.00952
INFO: (function: getCLs) AsymptoticLimits.cc: 343 -- At r = 4711.830186:	q_mu = 1.91378	q_A  = 6.86120	CLsb = 0.08327	CLb  = 0.89177	CLs  = 0.09338
INFO: (function: getCLs) AsymptoticLimits.cc: 343 -- At r = 5683.418988:	q_mu = 3.59377	q_A  = 9.54470	CLsb = 0.02900	CLb  = 0.88371	CLs  = 0.03281
INFO: (function: getCLs) AsymptoticLimits.cc: 343 -- At r = 5176.082422:	q_mu = 2.66034	q_A  = 8.08547	CLsb = 0.05144	CLb  = 0.88733	CLs  = 0.05797
INFO: (function: getCLs) AsymptoticLimits.cc: 343 -- At r = 5383.047829:	q_mu = 3.02631	q_A  = 8.66543	CLsb = 0.04096	CLb  = 0.88572	CLs  = 0.04625
INFO: (function: getCLs) AsymptoticLimits.cc: 343 -- At r = 5284.480264:	q_mu = 2.84955	q_A  = 8.38666	CLsb = 0.04570	CLb  = 0.88646	CLs  = 0.05155
INFO: (function: getCLs) AsymptoticLimits.cc: 343 -- At r = 5326.401884:	q_mu = 2.92419	q_A  = 8.50462	CLsb = 0.04363	CLb  = 0.88614	CLs  = 0.04924
INFO: (function: getCLs) AsymptoticLimits.cc: 343 -- At r = 5306.795033:	q_mu = 2.88911	q_A  = 8.44929	CLsb = 0.04459	CLb  = 0.88629	CLs  = 0.05031
