INFO: (function: improveOnce) CascadeMinimizer.cc: 188 -- Minimisation configured with Type=Minuit2, Algo=Migrad, strategy=0, tolerance=0.1
INFO: (function: improveOnce) CascadeMinimizer.cc: 211 -- Minimisation finished with status=0
INFO: (function: improveOnce) CascadeMinimizer.cc: 216 -- Minimization success! status=0
INFO: (function: generateAsimov) ToyMCSamplerOpt.cc: 139 -- Using internal logic for binned/unbinned Asimov dataset generation
INFO: (function: generateWithHisto) ToyMCSamplerOpt.cc: 214 -- Generating asimov with histogram for pdf pdf_binfail_LOW_obsOnly: in 5 x-bins
INFO: (function: generateWithHisto) ToyMCSamplerOpt.cc: 215 -- , in 1 y-bins
INFO: (function: generateAsimov) ToyMCSamplerOpt.cc: 139 -- Using internal logic for binned/unbinned Asimov dataset generation
INFO: (function: generateWithHisto) ToyMCSamplerOpt.cc: 214 -- Generating asimov with histogram for pdf pdf_binfail_SIG_obsOnly: in 8 x-bins
INFO: (function: generateWithHisto) ToyMCSamplerOpt.cc: 215 -- , in 1 y-bins
INFO: (function: generateAsimov) ToyMCSamplerOpt.cc: 139 -- Using internal logic for binned/unbinned Asimov dataset generation
INFO: (function: generateWithHisto) ToyMCSamplerOpt.cc: 214 -- Generating asimov with histogram for pdf pdf_binpass_LOW_obsOnly: in 5 x-bins
INFO: (function: generateWithHisto) ToyMCSamplerOpt.cc: 215 -- , in 1 y-bins
INFO: (function: generateAsimov) ToyMCSamplerOpt.cc: 139 -- Using internal logic for binned/unbinned Asimov dataset generation
INFO: (function: generateWithHisto) ToyMCSamplerOpt.cc: 214 -- Generating asimov with histogram for pdf pdf_binpass_SIG_obsOnly: in 8 x-bins
INFO: (function: generateWithHisto) ToyMCSamplerOpt.cc: 215 -- , in 1 y-bins
INFO: (function: runLimitExpected) AsymptoticLimits.cc: 436 -- Median for expected limits = 0.34375 (Sigma for expected limits = 0.175386)
INFO: (function: runLimit) AsymptoticLimits.cc: 193 -- NLL at global minimum of data = -3.58005e+06 (r=2.11605e-08)
INFO: (function: runLimit) AsymptoticLimits.cc: 213 -- NLL at global minimum of asimov = -3.58006e+06 (r=1.15175e-11)
INFO: (function: getCLs) AsymptoticLimits.cc: 343 -- At r = 1.200000:	q_mu = 13.76798	q_A  = 10.35073	CLsb = 0.00009	CLb  = 0.29768	CLs  = 0.00030
INFO: (function: getCLs) AsymptoticLimits.cc: 343 -- At r = 0.600000:	q_mu = 8.88254	q_A  = 6.19075	CLsb = 0.00123	CLb  = 0.29428	CLs  = 0.00417
INFO: (function: getCLs) AsymptoticLimits.cc: 343 -- At r = 0.300000:	q_mu = 5.41596	q_A  = 3.39201	CLsb = 0.00840	CLb  = 0.29134	CLs  = 0.02882
INFO: (function: getCLs) AsymptoticLimits.cc: 343 -- At r = 0.150000:	q_mu = 3.12485	q_A  = 1.67823	CLsb = 0.03188	CLb  = 0.28831	CLs  = 0.11059
INFO: (function: getCLs) AsymptoticLimits.cc: 343 -- At r = 0.220835:	q_mu = 4.27403	q_A  = 2.51740	CLsb = 0.01617	CLb  = 0.28994	CLs  = 0.05577
INFO: (function: getCLs) AsymptoticLimits.cc: 343 -- At r = 0.247143:	q_mu = 4.66838	q_A  = 2.81510	CLsb = 0.01287	CLb  = 0.29038	CLs  = 0.04432
INFO: (function: getCLs) AsymptoticLimits.cc: 343 -- At r = 0.236099:	q_mu = 4.50485	q_A  = 2.69100	CLsb = 0.01414	CLb  = 0.29018	CLs  = 0.04874
INFO: (function: getCLs) AsymptoticLimits.cc: 343 -- At r = 0.230733:	q_mu = 4.42434	q_A  = 2.63024	CLsb = 0.01482	CLb  = 0.29009	CLs  = 0.05108
INFO: (function: getCLs) AsymptoticLimits.cc: 343 -- At r = 0.233763:	q_mu = 4.46988	q_A  = 2.66459	CLsb = 0.01443	CLb  = 0.29014	CLs  = 0.04974
INFO: (function: getCLs) AsymptoticLimits.cc: 343 -- At r = 0.232686:	q_mu = 4.45371	q_A  = 2.65239	CLsb = 0.01457	CLb  = 0.29012	CLs  = 0.05021
INFO: (function: getCLs) AsymptoticLimits.cc: 343 -- At r = 0.233291:	q_mu = 4.46280	q_A  = 2.65924	CLsb = 0.01449	CLb  = 0.29013	CLs  = 0.04995
