INFO: (function: improveOnce) CascadeMinimizer.cc: 188 -- Minimisation configured with Type=Minuit2, Algo=Migrad, strategy=0, tolerance=0.1
INFO: (function: improveOnce) CascadeMinimizer.cc: 211 -- Minimisation finished with status=0
INFO: (function: improveOnce) CascadeMinimizer.cc: 216 -- Minimization success! status=0
INFO: (function: generateAsimov) ToyMCSamplerOpt.cc: 139 -- Using internal logic for binned/unbinned Asimov dataset generation
INFO: (function: generateWithHisto) ToyMCSamplerOpt.cc: 214 -- Generating asimov with histogram for pdf pdf_binfail_LOW_obsOnly: in 9 x-bins
INFO: (function: generateWithHisto) ToyMCSamplerOpt.cc: 215 -- , in 1 y-bins
INFO: (function: generateAsimov) ToyMCSamplerOpt.cc: 139 -- Using internal logic for binned/unbinned Asimov dataset generation
INFO: (function: generateWithHisto) ToyMCSamplerOpt.cc: 214 -- Generating asimov with histogram for pdf pdf_binfail_SIG_obsOnly: in 5 x-bins
INFO: (function: generateWithHisto) ToyMCSamplerOpt.cc: 215 -- , in 1 y-bins
INFO: (function: generateAsimov) ToyMCSamplerOpt.cc: 139 -- Using internal logic for binned/unbinned Asimov dataset generation
INFO: (function: generateWithHisto) ToyMCSamplerOpt.cc: 214 -- Generating asimov with histogram for pdf pdf_binpass_LOW_obsOnly: in 9 x-bins
INFO: (function: generateWithHisto) ToyMCSamplerOpt.cc: 215 -- , in 1 y-bins
INFO: (function: generateAsimov) ToyMCSamplerOpt.cc: 139 -- Using internal logic for binned/unbinned Asimov dataset generation
INFO: (function: generateWithHisto) ToyMCSamplerOpt.cc: 214 -- Generating asimov with histogram for pdf pdf_binpass_SIG_obsOnly: in 5 x-bins
INFO: (function: generateWithHisto) ToyMCSamplerOpt.cc: 215 -- , in 1 y-bins
DEBUG: (function: runLimitExpected) AsymptoticLimits.cc: 423 -- Best fit of asimov dataset is at r = 0.088385 (0.004419 times rMax), while it should be at zero
INFO: (function: runLimitExpected) AsymptoticLimits.cc: 436 -- Median for expected limits = 257.5 (Sigma for expected limits = 131.38)
INFO: (function: runLimit) AsymptoticLimits.cc: 193 -- NLL at global minimum of data = -47529.6 (r=385.074)
INFO: (function: runLimit) AsymptoticLimits.cc: 213 -- NLL at global minimum of asimov = -60057.7 (r=0.0113199)
INFO: (function: getCLs) AsymptoticLimits.cc: 343 -- At r = 1138.223601:	q_mu = 0.00000	q_A  = 33.40895	CLsb = 0.50000	CLb  = 1.00000	CLs  = 0.50000
INFO: (function: getCLs) AsymptoticLimits.cc: 343 -- At r = 2276.447202:	q_mu = 0.00000	q_A  = 86.51299	CLsb = 0.50000	CLb  = 1.00000	CLs  = 0.50000
INFO: (function: getCLs) AsymptoticLimits.cc: 343 -- At r = 4552.894403:	q_mu = 0.00000	q_A  = 202.87247	CLsb = 0.50000	CLb  = 1.00000	CLs  = 0.50000
INFO: (function: getCLs) AsymptoticLimits.cc: 343 -- At r = 9105.788807:	q_mu = 0.00000	q_A  = 544.89460	CLsb = 0.50000	CLb  = 1.00000	CLs  = 0.50000
INFO: (function: getCLs) AsymptoticLimits.cc: 343 -- At r = 18211.577613:	q_mu = 0.00000	q_A  = 1741.28465	CLsb = 0.50000	CLb  = 1.00000	CLs  = 0.50000
INFO: (function: getCLs) AsymptoticLimits.cc: 343 -- At r = 18404.114783:	q_mu = 0.00000	q_A  = 1774.12178	CLsb = 0.50000	CLb  = 1.00000	CLs  = 0.50000
INFO: (function: getCLs) AsymptoticLimits.cc: 343 -- At r = 27413.635005:	q_mu = 0.00000	q_A  = 3613.54270	CLsb = 0.50000	CLb  = 1.00000	CLs  = 0.50000
INFO: (function: getCLs) AsymptoticLimits.cc: 343 -- At r = 31918.395115:	q_mu = 0.00000	q_A  = 4730.31586	CLsb = 0.50000	CLb  = 1.00000	CLs  = 0.50000
INFO: (function: getCLs) AsymptoticLimits.cc: 343 -- At r = 34170.775171:	q_mu = 0.00000	q_A  = 5331.25260	CLsb = 0.50000	CLb  = 1.00000	CLs  = 0.50000
INFO: (function: getCLs) AsymptoticLimits.cc: 343 -- At r = 35296.965198:	q_mu = 0.00000	q_A  = 5641.61036	CLsb = 0.50000	CLb  = 1.00000	CLs  = 0.50000
INFO: (function: getCLs) AsymptoticLimits.cc: 343 -- At r = 35860.060212:	q_mu = 0.00000	q_A  = 5799.17337	CLsb = 0.50000	CLb  = 1.00000	CLs  = 0.50000
INFO: (function: getCLs) AsymptoticLimits.cc: 343 -- At r = 36141.607719:	q_mu = 0.00000	q_A  = 5878.54060	CLsb = 0.50000	CLb  = 1.00000	CLs  = 0.50000
INFO: (function: getCLs) AsymptoticLimits.cc: 343 -- At r = 36282.381473:	q_mu = 0.00000	q_A  = 5918.36958	CLsb = 0.50000	CLb  = 1.00000	CLs  = 0.50000
