INFO: (function: improveOnce) CascadeMinimizer.cc: 188 -- Minimisation configured with Type=Minuit2, Algo=Migrad, strategy=0, tolerance=0.1
INFO: (function: improveOnce) CascadeMinimizer.cc: 211 -- Minimisation finished with status=0
INFO: (function: improveOnce) CascadeMinimizer.cc: 216 -- Minimization success! status=0
INFO: (function: generateAsimov) ToyMCSamplerOpt.cc: 139 -- Using internal logic for binned/unbinned Asimov dataset generation
INFO: (function: generateWithHisto) ToyMCSamplerOpt.cc: 214 -- Generating asimov with histogram for pdf pdf_binfail_LOW_obsOnly: in 6 x-bins
INFO: (function: generateWithHisto) ToyMCSamplerOpt.cc: 215 -- , in 1 y-bins
INFO: (function: generateAsimov) ToyMCSamplerOpt.cc: 139 -- Using internal logic for binned/unbinned Asimov dataset generation
INFO: (function: generateWithHisto) ToyMCSamplerOpt.cc: 214 -- Generating asimov with histogram for pdf pdf_binfail_SIG_obsOnly: in 2 x-bins
INFO: (function: generateWithHisto) ToyMCSamplerOpt.cc: 215 -- , in 1 y-bins
INFO: (function: generateAsimov) ToyMCSamplerOpt.cc: 139 -- Using internal logic for binned/unbinned Asimov dataset generation
INFO: (function: generateWithHisto) ToyMCSamplerOpt.cc: 214 -- Generating asimov with histogram for pdf pdf_binpass_LOW_obsOnly: in 6 x-bins
INFO: (function: generateWithHisto) ToyMCSamplerOpt.cc: 215 -- , in 1 y-bins
INFO: (function: generateAsimov) ToyMCSamplerOpt.cc: 139 -- Using internal logic for binned/unbinned Asimov dataset generation
INFO: (function: generateWithHisto) ToyMCSamplerOpt.cc: 214 -- Generating asimov with histogram for pdf pdf_binpass_SIG_obsOnly: in 2 x-bins
INFO: (function: generateWithHisto) ToyMCSamplerOpt.cc: 215 -- , in 1 y-bins
INFO: (function: runLimitExpected) AsymptoticLimits.cc: 436 -- Median for expected limits = 1756 (Sigma for expected limits = 895.935)
INFO: (function: runLimit) AsymptoticLimits.cc: 193 -- NLL at global minimum of data = -11000.3 (r=714.258)
INFO: (function: runLimit) AsymptoticLimits.cc: 213 -- NLL at global minimum of asimov = -11003.3 (r=8.13423)
INFO: (function: getCLs) AsymptoticLimits.cc: 343 -- At r = 3439.750219:	q_mu = 3.13718	q_A  = 7.10759	CLsb = 0.03826	CLb  = 0.81455	CLs  = 0.04697
INFO: (function: getCLs) AsymptoticLimits.cc: 343 -- At r = 2077.004305:	q_mu = 1.32264	q_A  = 4.52230	CLsb = 0.12506	CLb  = 0.83559	CLs  = 0.14966
INFO: (function: getCLs) AsymptoticLimits.cc: 343 -- At r = 3108.473840:	q_mu = 2.70143	q_A  = 6.52513	CLsb = 0.05013	CLb  = 0.81881	CLs  = 0.06122
INFO: (function: getCLs) AsymptoticLimits.cc: 343 -- At r = 3311.045593:	q_mu = 2.96871	q_A  = 6.88413	CLsb = 0.04244	CLb  = 0.81614	CLs  = 0.05201
INFO: (function: getCLs) AsymptoticLimits.cc: 343 -- At r = 3376.593007:	q_mu = 3.05466	q_A  = 6.99837	CLsb = 0.04025	CLb  = 0.81532	CLs  = 0.04937
INFO: (function: getCLs) AsymptoticLimits.cc: 343 -- At r = 3350.710296:	q_mu = 3.02076	q_A  = 6.95337	CLsb = 0.04110	CLb  = 0.81564	CLs  = 0.05039
INFO: (function: getCLs) AsymptoticLimits.cc: 343 -- At r = 3363.790056:	q_mu = 3.03790	q_A  = 6.97613	CLsb = 0.04067	CLb  = 0.81548	CLs  = 0.04987
