INFO: (function: improveOnce) CascadeMinimizer.cc: 188 -- Minimisation configured with Type=Minuit2, Algo=Migrad, strategy=0, tolerance=0.1
INFO: (function: improveOnce) CascadeMinimizer.cc: 211 -- Minimisation finished with status=0
INFO: (function: improveOnce) CascadeMinimizer.cc: 216 -- Minimization success! status=0
INFO: (function: generateAsimov) ToyMCSamplerOpt.cc: 139 -- Using internal logic for binned/unbinned Asimov dataset generation
INFO: (function: generateWithHisto) ToyMCSamplerOpt.cc: 214 -- Generating asimov with histogram for pdf pdf_binfail_LOW_obsOnly: in 38 x-bins
INFO: (function: generateWithHisto) ToyMCSamplerOpt.cc: 215 -- , in 1 y-bins
INFO: (function: generateAsimov) ToyMCSamplerOpt.cc: 139 -- Using internal logic for binned/unbinned Asimov dataset generation
INFO: (function: generateWithHisto) ToyMCSamplerOpt.cc: 214 -- Generating asimov with histogram for pdf pdf_binfail_SIG_obsOnly: in 2 x-bins
INFO: (function: generateWithHisto) ToyMCSamplerOpt.cc: 215 -- , in 1 y-bins
INFO: (function: generateAsimov) ToyMCSamplerOpt.cc: 139 -- Using internal logic for binned/unbinned Asimov dataset generation
INFO: (function: generateWithHisto) ToyMCSamplerOpt.cc: 214 -- Generating asimov with histogram for pdf pdf_binpass_LOW_obsOnly: in 38 x-bins
INFO: (function: generateWithHisto) ToyMCSamplerOpt.cc: 215 -- , in 1 y-bins
INFO: (function: generateAsimov) ToyMCSamplerOpt.cc: 139 -- Using internal logic for binned/unbinned Asimov dataset generation
INFO: (function: generateWithHisto) ToyMCSamplerOpt.cc: 214 -- Generating asimov with histogram for pdf pdf_binpass_SIG_obsOnly: in 2 x-bins
INFO: (function: generateWithHisto) ToyMCSamplerOpt.cc: 215 -- , in 1 y-bins
INFO: (function: runLimitExpected) AsymptoticLimits.cc: 436 -- Median for expected limits = 2.98438 (Sigma for expected limits = 1.52267)
INFO: (function: runLimit) AsymptoticLimits.cc: 193 -- NLL at global minimum of data = -42714.4 (r=1.88221)
INFO: (function: runLimit) AsymptoticLimits.cc: 213 -- NLL at global minimum of asimov = -42736.6 (r=0.0132536)
INFO: (function: getCLs) AsymptoticLimits.cc: 343 -- At r = 6.256552:	q_mu = 6.48428	q_A  = 13.76412	CLsb = 0.00544	CLb  = 0.87770	CLs  = 0.00620
INFO: (function: getCLs) AsymptoticLimits.cc: 343 -- At r = 4.069382:	q_mu = 1.87827	q_A  = 6.71381	CLsb = 0.08527	CLb  = 0.88888	CLs  = 0.09592
INFO: (function: getCLs) AsymptoticLimits.cc: 343 -- At r = 5.162967:	q_mu = 3.93163	q_A  = 10.07494	CLsb = 0.02369	CLb  = 0.88323	CLs  = 0.02683
INFO: (function: getCLs) AsymptoticLimits.cc: 343 -- At r = 4.516727:	q_mu = 2.64753	q_A  = 8.04050	CLsb = 0.05186	CLb  = 0.88656	CLs  = 0.05849
INFO: (function: getCLs) AsymptoticLimits.cc: 343 -- At r = 4.749996:	q_mu = 3.08886	q_A  = 8.75999	CLsb = 0.03941	CLb  = 0.88536	CLs  = 0.04452
INFO: (function: getCLs) AsymptoticLimits.cc: 343 -- At r = 4.623956:	q_mu = 2.84714	q_A  = 8.36904	CLsb = 0.04577	CLb  = 0.88601	CLs  = 0.05166
INFO: (function: getCLs) AsymptoticLimits.cc: 343 -- At r = 4.671264:	q_mu = 2.93695	q_A  = 8.51514	CLsb = 0.04329	CLb  = 0.88577	CLs  = 0.04887
INFO: (function: getCLs) AsymptoticLimits.cc: 343 -- At r = 4.646196:	q_mu = 2.88920	q_A  = 8.43760	CLsb = 0.04459	CLb  = 0.88590	CLs  = 0.05033
INFO: (function: getCLs) AsymptoticLimits.cc: 343 -- At r = 4.655694:	q_mu = 2.90725	q_A  = 8.46695	CLsb = 0.04409	CLb  = 0.88585	CLs  = 0.04977
