INFO: (function: eval) HybridNew.cc: 1134 -- CLs = 0.314286 +/- 0.0594879
	CLb = 0.21 +/- 0.0182154
	CLsplusb = 0.066 +/- 0.0111035
INFO: (function: eval) HybridNew.cc: 1134 -- CLs = 0.0965909 +/- 0.0237593
	CLb = 0.352 +/- 0.0213587
	CLsplusb = 0.034 +/- 0.00810481
INFO: (function: eval) HybridNew.cc: 1134 -- CLs = 0 +/- 0
	CLb = 0.234 +/- 0.0189338
	CLsplusb = 0 +/- 0
INFO: (function: eval) HybridNew.cc: 1134 -- CLs = 0.88 +/- 0.137699
	CLb = 0.15 +/- 0.0159687
	CLsplusb = 0.132 +/- 0.0151378
INFO: (function: eval) HybridNew.cc: 1134 -- CLs = 0.127869 +/- 0.0201854
	CLb = 0.61 +/- 0.0218128
	CLsplusb = 0.078 +/- 0.011993
INFO: (function: eval) HybridNew.cc: 1134 -- CLs = 0.00961538 +/- 0.00964234
	CLb = 0.208 +/- 0.0181514
	CLsplusb = 0.002 +/- 0.001998
INFO: (function: eval) HybridNew.cc: 1134 -- CLs = 0.0630769 +/- 0.00499949
	CLb = 0.26 +/- 0.00438634
	CLsplusb = 0.0164 +/- 0.00127008
INFO: (function: eval) HybridNew.cc: 1134 -- CLs = 0.0644436 +/- 0.00495921
	CLb = 0.355867 +/- 0.00552842
	CLsplusb = 0.0229333 +/- 0.00172848
INFO: (function: eval) HybridNew.cc: 1134 -- CLs = 0 +/- 0
	CLb = 0.046 +/- 0.00936846
	CLsplusb = 0 +/- 0
