INFO: (function: improveOnce) CascadeMinimizer.cc: 188 -- Minimisation configured with Type=Minuit2, Algo=Migrad, strategy=0, tolerance=0.1
INFO: (function: improveOnce) CascadeMinimizer.cc: 211 -- Minimisation finished with status=0
INFO: (function: improveOnce) CascadeMinimizer.cc: 216 -- Minimization success! status=0
INFO: (function: generateAsimov) ToyMCSamplerOpt.cc: 139 -- Using internal logic for binned/unbinned Asimov dataset generation
INFO: (function: generateWithHisto) ToyMCSamplerOpt.cc: 214 -- Generating asimov with histogram for pdf pdf_binfail_LOW_obsOnly: in 1 x-bins
INFO: (function: generateWithHisto) ToyMCSamplerOpt.cc: 215 -- , in 1 y-bins
INFO: (function: generateAsimov) ToyMCSamplerOpt.cc: 139 -- Using internal logic for binned/unbinned Asimov dataset generation
INFO: (function: generateWithHisto) ToyMCSamplerOpt.cc: 214 -- Generating asimov with histogram for pdf pdf_binfail_SIG_obsOnly: in 1 x-bins
INFO: (function: generateWithHisto) ToyMCSamplerOpt.cc: 215 -- , in 1 y-bins
INFO: (function: generateAsimov) ToyMCSamplerOpt.cc: 139 -- Using internal logic for binned/unbinned Asimov dataset generation
INFO: (function: generateWithHisto) ToyMCSamplerOpt.cc: 214 -- Generating asimov with histogram for pdf pdf_binpass_LOW_obsOnly: in 1 x-bins
INFO: (function: generateWithHisto) ToyMCSamplerOpt.cc: 215 -- , in 1 y-bins
INFO: (function: generateAsimov) ToyMCSamplerOpt.cc: 139 -- Using internal logic for binned/unbinned Asimov dataset generation
INFO: (function: generateWithHisto) ToyMCSamplerOpt.cc: 214 -- Generating asimov with histogram for pdf pdf_binpass_SIG_obsOnly: in 1 x-bins
INFO: (function: generateWithHisto) ToyMCSamplerOpt.cc: 215 -- , in 1 y-bins
INFO: (function: runLimitExpected) AsymptoticLimits.cc: 436 -- Median for expected limits = 1.46875 (Sigma for expected limits = 0.749376)
INFO: (function: runLimit) AsymptoticLimits.cc: 193 -- NLL at global minimum of data = -77536.6 (r=2.89023e-09)
INFO: (function: runLimit) AsymptoticLimits.cc: 213 -- NLL at global minimum of asimov = -77526.8 (r=2.19215e-05)
INFO: (function: getCLs) AsymptoticLimits.cc: 343 -- At r = 1.200000:	q_mu = 6.07830	q_A  = 2.78020	CLsb = 0.00395	CLb  = 0.16133	CLs  = 0.02448
INFO: (function: getCLs) AsymptoticLimits.cc: 343 -- At r = 0.600000:	q_mu = 2.80168	q_A  = 0.85496	CLsb = 0.02400	CLb  = 0.14624	CLs  = 0.16413
INFO: (function: getCLs) AsymptoticLimits.cc: 343 -- At r = 0.900000:	q_mu = 4.40162	q_A  = 1.73140	CLsb = 0.00989	CLb  = 0.15514	CLs  = 0.06375
INFO: (function: getCLs) AsymptoticLimits.cc: 343 -- At r = 1.020924:	q_mu = 5.07067	q_A  = 2.13591	CLsb = 0.00684	CLb  = 0.15768	CLs  = 0.04338
INFO: (function: getCLs) AsymptoticLimits.cc: 343 -- At r = 0.961070:	q_mu = 4.73802	q_A  = 1.93242	CLsb = 0.00821	CLb  = 0.15646	CLs  = 0.05250
INFO: (function: getCLs) AsymptoticLimits.cc: 343 -- At r = 0.985302:	q_mu = 4.87236	q_A  = 2.01405	CLsb = 0.00763	CLb  = 0.15696	CLs  = 0.04860
INFO: (function: getCLs) AsymptoticLimits.cc: 343 -- At r = 0.973341:	q_mu = 4.80600	q_A  = 1.97363	CLsb = 0.00791	CLb  = 0.15671	CLs  = 0.05049
INFO: (function: getCLs) AsymptoticLimits.cc: 343 -- At r = 0.978189:	q_mu = 4.83288	q_A  = 1.98998	CLsb = 0.00780	CLb  = 0.15681	CLs  = 0.04972
INFO: (function: getCLs) AsymptoticLimits.cc: 343 -- At r = 0.975797:	q_mu = 4.81962	q_A  = 1.98191	CLsb = 0.00785	CLb  = 0.15676	CLs  = 0.05010
