INFO: (function: improveOnce) CascadeMinimizer.cc: 188 -- Minimisation configured with Type=Minuit2, Algo=Migrad, strategy=0, tolerance=0.1
INFO: (function: improveOnce) CascadeMinimizer.cc: 211 -- Minimisation finished with status=0
INFO: (function: improveOnce) CascadeMinimizer.cc: 216 -- Minimization success! status=0
INFO: (function: generateAsimov) ToyMCSamplerOpt.cc: 139 -- Using internal logic for binned/unbinned Asimov dataset generation
INFO: (function: generateWithHisto) ToyMCSamplerOpt.cc: 214 -- Generating asimov with histogram for pdf pdf_binCh2017_obsOnly: in 1 x-bins
INFO: (function: generateAsimov) ToyMCSamplerOpt.cc: 139 -- Using internal logic for binned/unbinned Asimov dataset generation
INFO: (function: generateWithHisto) ToyMCSamplerOpt.cc: 214 -- Generating asimov with histogram for pdf pdf_binCh2018_obsOnly: in 1 x-bins
INFO: (function: runLimitExpected) AsymptoticLimits.cc: 436 -- Median for expected limits = 0.177734 (Sigma for expected limits = 0.0906825)
INFO: (function: runLimit) AsymptoticLimits.cc: 193 -- NLL at global minimum of data = -30.5378 (r=2.62124e-07)
INFO: (function: runLimit) AsymptoticLimits.cc: 213 -- NLL at global minimum of asimov = -29.6339 (r=6.5482e-05)
INFO: (function: getCLs) AsymptoticLimits.cc: 343 -- At r = 1.200000:	q_mu = 23.71648	q_A  = 22.16266	CLsb = 0.00000	CLb  = 0.43446	CLs  = 0.00000
INFO: (function: getCLs) AsymptoticLimits.cc: 343 -- At r = 0.600000:	q_mu = 13.93699	q_A  = 12.54614	CLsb = 0.00009	CLb  = 0.42217	CLs  = 0.00022
INFO: (function: getCLs) AsymptoticLimits.cc: 343 -- At r = 0.300000:	q_mu = 7.78981	q_A  = 6.58655	CLsb = 0.00255	CLb  = 0.40733	CLs  = 0.00626
INFO: (function: getCLs) AsymptoticLimits.cc: 343 -- At r = 0.150000:	q_mu = 4.19751	q_A  = 3.20597	CLsb = 0.01935	CLb  = 0.39093	CLs  = 0.04949
INFO: (function: getCLs) AsymptoticLimits.cc: 343 -- At r = 0.075000:	q_mu = 2.21029	q_A  = 1.42735	CLsb = 0.06396	CLb  = 0.37158	CLs  = 0.17212
INFO: (function: getCLs) AsymptoticLimits.cc: 343 -- At r = 0.112500:	q_mu = 3.22787	q_A  = 2.32392	CLsb = 0.03431	CLb  = 0.38343	CLs  = 0.08948
INFO: (function: getCLs) AsymptoticLimits.cc: 343 -- At r = 0.141982:	q_mu = 3.99337	q_A  = 3.01875	CLsb = 0.02180	CLb  = 0.38956	CLs  = 0.05596
INFO: (function: getCLs) AsymptoticLimits.cc: 343 -- At r = 0.147863:	q_mu = 4.14323	q_A  = 3.15611	CLsb = 0.01997	CLb  = 0.39058	CLs  = 0.05113
INFO: (function: getCLs) AsymptoticLimits.cc: 343 -- At r = 0.149036:	q_mu = 4.17304	q_A  = 3.18348	CLsb = 0.01963	CLb  = 0.39077	CLs  = 0.05022
INFO: (function: getCLs) AsymptoticLimits.cc: 343 -- At r = 0.149463:	q_mu = 4.18388	q_A  = 3.19344	CLsb = 0.01950	CLb  = 0.39084	CLs  = 0.04990
