INFO: (function: improveOnce) CascadeMinimizer.cc: 188 -- Minimisation configured with Type=Minuit2, Algo=Migrad, strategy=0, tolerance=0.1
INFO: (function: improveOnce) CascadeMinimizer.cc: 211 -- Minimisation finished with status=0
INFO: (function: improveOnce) CascadeMinimizer.cc: 216 -- Minimization success! status=0
INFO: (function: generateAsimov) ToyMCSamplerOpt.cc: 139 -- Using internal logic for binned/unbinned Asimov dataset generation
INFO: (function: generateWithHisto) ToyMCSamplerOpt.cc: 214 -- Generating asimov with histogram for pdf pdf_binfail_LOW_obsOnly: in 5 x-bins
INFO: (function: generateWithHisto) ToyMCSamplerOpt.cc: 215 -- , in 1 y-bins
INFO: (function: generateAsimov) ToyMCSamplerOpt.cc: 139 -- Using internal logic for binned/unbinned Asimov dataset generation
INFO: (function: generateWithHisto) ToyMCSamplerOpt.cc: 214 -- Generating asimov with histogram for pdf pdf_binfail_SIG_obsOnly: in 3 x-bins
INFO: (function: generateWithHisto) ToyMCSamplerOpt.cc: 215 -- , in 1 y-bins
INFO: (function: generateAsimov) ToyMCSamplerOpt.cc: 139 -- Using internal logic for binned/unbinned Asimov dataset generation
INFO: (function: generateWithHisto) ToyMCSamplerOpt.cc: 214 -- Generating asimov with histogram for pdf pdf_binpass_LOW_obsOnly: in 5 x-bins
INFO: (function: generateWithHisto) ToyMCSamplerOpt.cc: 215 -- , in 1 y-bins
INFO: (function: generateAsimov) ToyMCSamplerOpt.cc: 139 -- Using internal logic for binned/unbinned Asimov dataset generation
INFO: (function: generateWithHisto) ToyMCSamplerOpt.cc: 214 -- Generating asimov with histogram for pdf pdf_binpass_SIG_obsOnly: in 3 x-bins
INFO: (function: generateWithHisto) ToyMCSamplerOpt.cc: 215 -- , in 1 y-bins
INFO: (function: runLimitExpected) AsymptoticLimits.cc: 436 -- Median for expected limits = 3.35938 (Sigma for expected limits = 1.714)
INFO: (function: runLimit) AsymptoticLimits.cc: 193 -- NLL at global minimum of data = -57604.3 (r=6.66215e-07)
INFO: (function: runLimit) AsymptoticLimits.cc: 213 -- NLL at global minimum of asimov = -57603.6 (r=0)
INFO: (function: getCLs) AsymptoticLimits.cc: 343 -- At r = 5.183578:	q_mu = 6.20734	q_A  = 5.77173	CLsb = 0.00633	CLb  = 0.46388	CLs  = 0.01365
INFO: (function: getCLs) AsymptoticLimits.cc: 343 -- At r = 2.591789:	q_mu = 3.27818	q_A  = 2.93099	CLsb = 0.03488	CLb  = 0.45962	CLs  = 0.07590
INFO: (function: getCLs) AsymptoticLimits.cc: 343 -- At r = 3.887683:	q_mu = 4.82912	q_A  = 4.42926	CLsb = 0.01392	CLb  = 0.46216	CLs  = 0.03012
INFO: (function: getCLs) AsymptoticLimits.cc: 343 -- At r = 3.319083:	q_mu = 4.17216	q_A  = 3.79255	CLsb = 0.02043	CLb  = 0.46118	CLs  = 0.04430
INFO: (function: getCLs) AsymptoticLimits.cc: 343 -- At r = 3.042890:	q_mu = 3.84005	q_A  = 3.47174	CLsb = 0.02488	CLb  = 0.46063	CLs  = 0.05400
INFO: (function: getCLs) AsymptoticLimits.cc: 343 -- At r = 3.184084:	q_mu = 4.01093	q_A  = 3.63671	CLsb = 0.02247	CLb  = 0.46092	CLs  = 0.04876
INFO: (function: getCLs) AsymptoticLimits.cc: 343 -- At r = 3.128071:	q_mu = 3.94342	q_A  = 3.57151	CLsb = 0.02339	CLb  = 0.46081	CLs  = 0.05076
INFO: (function: getCLs) AsymptoticLimits.cc: 343 -- At r = 3.156147:	q_mu = 3.97730	q_A  = 3.60423	CLsb = 0.02293	CLb  = 0.46086	CLs  = 0.04975
INFO: (function: getCLs) AsymptoticLimits.cc: 343 -- At r = 3.144913:	q_mu = 3.96376	q_A  = 3.59114	CLsb = 0.02311	CLb  = 0.46084	CLs  = 0.05015
