INFO: (function: eval) HybridNew.cc: 1134 -- CLs = 0.218935 +/- 0.0244503
	CLb = 0.676 +/- 0.0209296
	CLsplusb = 0.148 +/- 0.0158806
INFO: (function: eval) HybridNew.cc: 1134 -- CLs = 0 +/- 0
	CLb = 0.01 +/- 0.00444972
	CLsplusb = 0 +/- 0
INFO: (function: eval) HybridNew.cc: 1134 -- CLs = 0.907563 +/- 0.106083
	CLb = 0.238 +/- 0.019045
	CLsplusb = 0.216 +/- 0.0184035
INFO: (function: eval) HybridNew.cc: 1134 -- CLs = 0.263473 +/- 0.0229263
	CLb = 0.501 +/- 0.0158114
	CLsplusb = 0.132 +/- 0.010704
INFO: (function: eval) HybridNew.cc: 1134 -- CLs = 0.128 +/- 0.0226274
	CLb = 0.5 +/- 0.0223607
	CLsplusb = 0.064 +/- 0.0109457
INFO: (function: eval) HybridNew.cc: 1134 -- CLs = 0.0687664 +/- 0.00605711
	CLb = 0.381 +/- 0.00686788
	CLsplusb = 0.0262 +/- 0.00225892
INFO: (function: eval) HybridNew.cc: 1134 -- CLs = 0.0580717 +/- 0.00405702
	CLb = 0.327182 +/- 0.0044735
	CLsplusb = 0.019 +/- 0.00130171
INFO: (function: eval) HybridNew.cc: 1134 -- CLs = 0 +/- 0
	CLb = 0.04 +/- 0.00876356
	CLsplusb = 0 +/- 0
INFO: (function: eval) HybridNew.cc: 1134 -- CLs = 0 +/- 0
	CLb = 0.012 +/- 0.0048695
	CLsplusb = 0 +/- 0
INFO: (function: eval) HybridNew.cc: 1134 -- CLs = 0.0547538 +/- 0.00488328
	CLb = 0.261778 +/- 0.00463381
	CLsplusb = 0.0143333 +/- 0.0012529
INFO: (function: eval) HybridNew.cc: 1134 -- CLs = 0.057267 +/- 0.00479979
	CLb = 0.3376 +/- 0.00546048
	CLsplusb = 0.0193333 +/- 0.00158995
INFO: (function: eval) HybridNew.cc: 1134 -- CLs = 0 +/- 0
	CLb = 0.162 +/- 0.0164776
	CLsplusb = 0 +/- 0
INFO: (function: eval) HybridNew.cc: 1134 -- CLs = 0.0565743 +/- 0.00479521
	CLb = 0.131436 +/- 0.00241958
	CLsplusb = 0.0074359 +/- 0.000615217
INFO: (function: eval) HybridNew.cc: 1134 -- CLs = 0 +/- 0
	CLb = 0.006 +/- 0.00345369
	CLsplusb = 0 +/- 0
INFO: (function: eval) HybridNew.cc: 1134 -- CLs = 0.054158 +/- 0.00405297
	CLb = 0.27032 +/- 0.00397238
	CLsplusb = 0.01464 +/- 0.00107427
INFO: (function: eval) HybridNew.cc: 1134 -- CLs = 0.0544534 +/- 0.00484218
	CLb = 0.315867 +/- 0.00536774
	CLsplusb = 0.0172 +/- 0.0015013
INFO: (function: eval) HybridNew.cc: 1134 -- CLs = 0.0583614 +/- 0.00472769
	CLb = 0.297 +/- 0.00481653
	CLsplusb = 0.0173333 +/- 0.0013757
INFO: (function: eval) HybridNew.cc: 1134 -- CLs = 0.0452908 +/- 0.004887
	CLb = 0.228588 +/- 0.00455471
	CLsplusb = 0.0103529 +/- 0.0010979
INFO: (function: eval) HybridNew.cc: 1134 -- CLs = 0 +/- 0
	CLb = 0.004 +/- 0.00282276
	CLsplusb = 0 +/- 0
