INFO: (function: improveOnce) CascadeMinimizer.cc: 188 -- Minimisation configured with Type=Minuit2, Algo=Migrad, strategy=0, tolerance=0.1
INFO: (function: improveOnce) CascadeMinimizer.cc: 211 -- Minimisation finished with status=0
INFO: (function: improveOnce) CascadeMinimizer.cc: 216 -- Minimization success! status=0
INFO: (function: generateAsimov) ToyMCSamplerOpt.cc: 139 -- Using internal logic for binned/unbinned Asimov dataset generation
INFO: (function: generateWithHisto) ToyMCSamplerOpt.cc: 214 -- Generating asimov with histogram for pdf pdf_binfail_LOW_obsOnly: in 5 x-bins
INFO: (function: generateWithHisto) ToyMCSamplerOpt.cc: 215 -- , in 1 y-bins
INFO: (function: generateAsimov) ToyMCSamplerOpt.cc: 139 -- Using internal logic for binned/unbinned Asimov dataset generation
INFO: (function: generateWithHisto) ToyMCSamplerOpt.cc: 214 -- Generating asimov with histogram for pdf pdf_binfail_SIG_obsOnly: in 6 x-bins
INFO: (function: generateWithHisto) ToyMCSamplerOpt.cc: 215 -- , in 1 y-bins
INFO: (function: generateAsimov) ToyMCSamplerOpt.cc: 139 -- Using internal logic for binned/unbinned Asimov dataset generation
INFO: (function: generateWithHisto) ToyMCSamplerOpt.cc: 214 -- Generating asimov with histogram for pdf pdf_binpass_LOW_obsOnly: in 5 x-bins
INFO: (function: generateWithHisto) ToyMCSamplerOpt.cc: 215 -- , in 1 y-bins
INFO: (function: generateAsimov) ToyMCSamplerOpt.cc: 139 -- Using internal logic for binned/unbinned Asimov dataset generation
INFO: (function: generateWithHisto) ToyMCSamplerOpt.cc: 214 -- Generating asimov with histogram for pdf pdf_binpass_SIG_obsOnly: in 6 x-bins
INFO: (function: generateWithHisto) ToyMCSamplerOpt.cc: 215 -- , in 1 y-bins
INFO: (function: runLimitExpected) AsymptoticLimits.cc: 436 -- Median for expected limits = 0.0507812 (Sigma for expected limits = 0.0259093)
INFO: (function: runLimit) AsymptoticLimits.cc: 193 -- NLL at global minimum of data = -10435.9 (r=1.76124e-09)
INFO: (function: runLimit) AsymptoticLimits.cc: 213 -- NLL at global minimum of asimov = -10440.3 (r=8.36739e-06)
INFO: (function: getCLs) AsymptoticLimits.cc: 343 -- At r = 1.200000:	q_mu = 38.44225	q_A  = 38.29325	CLsb = 0.00000	CLb  = 0.49520	CLs  = 0.00000
INFO: (function: getCLs) AsymptoticLimits.cc: 343 -- At r = 0.600000:	q_mu = 25.32231	q_A  = 24.95099	CLsb = 0.00000	CLb  = 0.48518	CLs  = 0.00000
INFO: (function: getCLs) AsymptoticLimits.cc: 343 -- At r = 0.300000:	q_mu = 16.12995	q_A  = 15.70132	CLsb = 0.00003	CLb  = 0.47843	CLs  = 0.00006
INFO: (function: getCLs) AsymptoticLimits.cc: 343 -- At r = 0.150000:	q_mu = 9.79440	q_A  = 9.42475	CLsb = 0.00087	CLb  = 0.47600	CLs  = 0.00184
INFO: (function: getCLs) AsymptoticLimits.cc: 343 -- At r = 0.075000:	q_mu = 5.68715	q_A  = 5.39163	CLsb = 0.00853	CLb  = 0.47463	CLs  = 0.01796
INFO: (function: getCLs) AsymptoticLimits.cc: 343 -- At r = 0.037500:	q_mu = 3.15161	q_A  = 2.93353	CLsb = 0.03783	CLb  = 0.47462	CLs  = 0.07971
INFO: (function: getCLs) AsymptoticLimits.cc: 343 -- At r = 0.054389:	q_mu = 4.35122	q_A  = 4.09065	CLsb = 0.01845	CLb  = 0.47432	CLs  = 0.03889
INFO: (function: getCLs) AsymptoticLimits.cc: 343 -- At r = 0.046280:	q_mu = 3.78867	q_A  = 3.54701	CLsb = 0.02574	CLb  = 0.47442	CLs  = 0.05425
INFO: (function: getCLs) AsymptoticLimits.cc: 343 -- At r = 0.049492:	q_mu = 4.01430	q_A  = 3.76466	CLsb = 0.02250	CLb  = 0.47435	CLs  = 0.04744
INFO: (function: getCLs) AsymptoticLimits.cc: 343 -- At r = 0.047842:	q_mu = 3.89900	q_A  = 3.65329	CLsb = 0.02410	CLb  = 0.47438	CLs  = 0.05080
INFO: (function: getCLs) AsymptoticLimits.cc: 343 -- At r = 0.048478:	q_mu = 3.94356	q_A  = 3.69632	CLsb = 0.02347	CLb  = 0.47437	CLs  = 0.04947
INFO: (function: getCLs) AsymptoticLimits.cc: 343 -- At r = 0.048147:	q_mu = 3.92037	q_A  = 3.67393	CLsb = 0.02379	CLb  = 0.47437	CLs  = 0.05016
