INFO: (function: improveOnce) CascadeMinimizer.cc: 188 -- Minimisation configured with Type=Minuit2, Algo=Migrad, strategy=0, tolerance=0.1
INFO: (function: improveOnce) CascadeMinimizer.cc: 211 -- Minimisation finished with status=0
INFO: (function: improveOnce) CascadeMinimizer.cc: 216 -- Minimization success! status=0
INFO: (function: generateAsimov) ToyMCSamplerOpt.cc: 139 -- Using internal logic for binned/unbinned Asimov dataset generation
INFO: (function: generateWithHisto) ToyMCSamplerOpt.cc: 214 -- Generating asimov with histogram for pdf pdf_binfail_LOW_obsOnly: in 5 x-bins
INFO: (function: generateWithHisto) ToyMCSamplerOpt.cc: 215 -- , in 1 y-bins
INFO: (function: generateAsimov) ToyMCSamplerOpt.cc: 139 -- Using internal logic for binned/unbinned Asimov dataset generation
INFO: (function: generateWithHisto) ToyMCSamplerOpt.cc: 214 -- Generating asimov with histogram for pdf pdf_binfail_SIG_obsOnly: in 4 x-bins
INFO: (function: generateWithHisto) ToyMCSamplerOpt.cc: 215 -- , in 1 y-bins
INFO: (function: generateAsimov) ToyMCSamplerOpt.cc: 139 -- Using internal logic for binned/unbinned Asimov dataset generation
INFO: (function: generateWithHisto) ToyMCSamplerOpt.cc: 214 -- Generating asimov with histogram for pdf pdf_binpass_LOW_obsOnly: in 5 x-bins
INFO: (function: generateWithHisto) ToyMCSamplerOpt.cc: 215 -- , in 1 y-bins
INFO: (function: generateAsimov) ToyMCSamplerOpt.cc: 139 -- Using internal logic for binned/unbinned Asimov dataset generation
INFO: (function: generateWithHisto) ToyMCSamplerOpt.cc: 214 -- Generating asimov with histogram for pdf pdf_binpass_SIG_obsOnly: in 4 x-bins
INFO: (function: generateWithHisto) ToyMCSamplerOpt.cc: 215 -- , in 1 y-bins
INFO: (function: runLimitExpected) AsymptoticLimits.cc: 436 -- Median for expected limits = 2.67969 (Sigma for expected limits = 1.36721)
INFO: (function: runLimit) AsymptoticLimits.cc: 193 -- NLL at global minimum of data = -76462.6 (r=0.5826)
INFO: (function: runLimit) AsymptoticLimits.cc: 213 -- NLL at global minimum of asimov = -76463.9 (r=0.00534911)
INFO: (function: getCLs) AsymptoticLimits.cc: 343 -- At r = 3.426142:	q_mu = 3.24793	q_A  = 5.14541	CLsb = 0.03576	CLb  = 0.67945	CLs  = 0.05263
INFO: (function: getCLs) AsymptoticLimits.cc: 343 -- At r = 6.852285:	q_mu = 8.71061	q_A  = 11.07687	CLsb = 0.00158	CLb  = 0.64685	CLs  = 0.00245
INFO: (function: getCLs) AsymptoticLimits.cc: 343 -- At r = 3.717442:	q_mu = 3.69732	q_A  = 5.65664	CLsb = 0.02725	CLb  = 0.67564	CLs  = 0.04033
INFO: (function: getCLs) AsymptoticLimits.cc: 343 -- At r = 2.150021:	q_mu = 1.40910	q_A  = 2.92794	CLsb = 0.11760	CLb  = 0.69988	CLs  = 0.16803
INFO: (function: getCLs) AsymptoticLimits.cc: 343 -- At r = 2.933732:	q_mu = 2.50838	q_A  = 4.28251	CLsb = 0.05662	CLb  = 0.68639	CLs  = 0.08249
INFO: (function: getCLs) AsymptoticLimits.cc: 343 -- At r = 3.372429:	q_mu = 3.16587	q_A  = 5.05114	CLsb = 0.03760	CLb  = 0.68017	CLs  = 0.05527
INFO: (function: getCLs) AsymptoticLimits.cc: 343 -- At r = 3.529263:	q_mu = 3.40612	q_A  = 5.32638	CLsb = 0.03248	CLb  = 0.67808	CLs  = 0.04790
INFO: (function: getCLs) AsymptoticLimits.cc: 343 -- At r = 3.460254:	q_mu = 3.30011	q_A  = 5.20527	CLsb = 0.03464	CLb  = 0.67899	CLs  = 0.05101
INFO: (function: getCLs) AsymptoticLimits.cc: 343 -- At r = 3.491623:	q_mu = 3.34825	q_A  = 5.26032	CLsb = 0.03364	CLb  = 0.67857	CLs  = 0.04957
INFO: (function: getCLs) AsymptoticLimits.cc: 343 -- At r = 3.477821:	q_mu = 3.32706	q_A  = 5.23610	CLsb = 0.03407	CLb  = 0.67876	CLs  = 0.05020
