INFO: (function: improveOnce) CascadeMinimizer.cc: 188 -- Minimisation configured with Type=Minuit2, Algo=Migrad, strategy=0, tolerance=0.1
INFO: (function: improveOnce) CascadeMinimizer.cc: 211 -- Minimisation finished with status=0
INFO: (function: improveOnce) CascadeMinimizer.cc: 216 -- Minimization success! status=0
INFO: (function: generateAsimov) ToyMCSamplerOpt.cc: 139 -- Using internal logic for binned/unbinned Asimov dataset generation
INFO: (function: generateWithHisto) ToyMCSamplerOpt.cc: 214 -- Generating asimov with histogram for pdf pdf_binfail_LOW_obsOnly: in 5 x-bins
INFO: (function: generateWithHisto) ToyMCSamplerOpt.cc: 215 -- , in 1 y-bins
INFO: (function: generateAsimov) ToyMCSamplerOpt.cc: 139 -- Using internal logic for binned/unbinned Asimov dataset generation
INFO: (function: generateWithHisto) ToyMCSamplerOpt.cc: 214 -- Generating asimov with histogram for pdf pdf_binfail_SIG_obsOnly: in 4 x-bins
INFO: (function: generateWithHisto) ToyMCSamplerOpt.cc: 215 -- , in 1 y-bins
INFO: (function: generateAsimov) ToyMCSamplerOpt.cc: 139 -- Using internal logic for binned/unbinned Asimov dataset generation
INFO: (function: generateWithHisto) ToyMCSamplerOpt.cc: 214 -- Generating asimov with histogram for pdf pdf_binpass_LOW_obsOnly: in 5 x-bins
INFO: (function: generateWithHisto) ToyMCSamplerOpt.cc: 215 -- , in 1 y-bins
INFO: (function: generateAsimov) ToyMCSamplerOpt.cc: 139 -- Using internal logic for binned/unbinned Asimov dataset generation
INFO: (function: generateWithHisto) ToyMCSamplerOpt.cc: 214 -- Generating asimov with histogram for pdf pdf_binpass_SIG_obsOnly: in 4 x-bins
INFO: (function: generateWithHisto) ToyMCSamplerOpt.cc: 215 -- , in 1 y-bins
INFO: (function: runLimitExpected) AsymptoticLimits.cc: 436 -- Median for expected limits = 0.605469 (Sigma for expected limits = 0.308918)
INFO: (function: runLimit) AsymptoticLimits.cc: 193 -- NLL at global minimum of data = -76466.6 (r=0.138465)
INFO: (function: runLimit) AsymptoticLimits.cc: 213 -- NLL at global minimum of asimov = -76467.6 (r=0.000999403)
INFO: (function: getCLs) AsymptoticLimits.cc: 343 -- At r = 1.338465:	q_mu = 7.47685	q_A  = 9.94139	CLsb = 0.00312	CLb  = 0.66225	CLs  = 0.00472
INFO: (function: getCLs) AsymptoticLimits.cc: 343 -- At r = 0.738465:	q_mu = 2.96171	q_A  = 4.91147	CLsb = 0.04263	CLb  = 0.68978	CLs  = 0.06180
INFO: (function: getCLs) AsymptoticLimits.cc: 343 -- At r = 1.038465:	q_mu = 5.15137	q_A  = 7.40256	CLsb = 0.01161	CLb  = 0.67404	CLs  = 0.01723
INFO: (function: getCLs) AsymptoticLimits.cc: 343 -- At r = 0.838282:	q_mu = 3.66949	q_A  = 5.73279	CLsb = 0.02771	CLb  = 0.68394	CLs  = 0.04051
INFO: (function: getCLs) AsymptoticLimits.cc: 343 -- At r = 0.778534:	q_mu = 3.24266	q_A  = 5.24007	CLsb = 0.03587	CLb  = 0.68736	CLs  = 0.05219
INFO: (function: getCLs) AsymptoticLimits.cc: 343 -- At r = 0.798569:	q_mu = 3.38493	q_A  = 5.40495	CLsb = 0.03290	CLb  = 0.68617	CLs  = 0.04794
INFO: (function: getCLs) AsymptoticLimits.cc: 343 -- At r = 0.786626:	q_mu = 3.29992	q_A  = 5.30664	CLsb = 0.03464	CLb  = 0.68689	CLs  = 0.05043
INFO: (function: getCLs) AsymptoticLimits.cc: 343 -- At r = 0.790641:	q_mu = 3.32863	q_A  = 5.33968	CLsb = 0.03404	CLb  = 0.68663	CLs  = 0.04958
INFO: (function: getCLs) AsymptoticLimits.cc: 343 -- At r = 0.788246:	q_mu = 3.31140	q_A  = 5.31996	CLsb = 0.03440	CLb  = 0.68679	CLs  = 0.05009
