INFO: (function: improveOnce) CascadeMinimizer.cc: 188 -- Minimisation configured with Type=Minuit2, Algo=Migrad, strategy=0, tolerance=0.1
INFO: (function: improveOnce) CascadeMinimizer.cc: 211 -- Minimisation finished with status=0
INFO: (function: improveOnce) CascadeMinimizer.cc: 216 -- Minimization success! status=0
INFO: (function: generateAsimov) ToyMCSamplerOpt.cc: 139 -- Using internal logic for binned/unbinned Asimov dataset generation
INFO: (function: generateWithHisto) ToyMCSamplerOpt.cc: 214 -- Generating asimov with histogram for pdf pdf_binfail_LOW_obsOnly: in 45 x-bins
INFO: (function: generateWithHisto) ToyMCSamplerOpt.cc: 215 -- , in 1 y-bins
INFO: (function: generateAsimov) ToyMCSamplerOpt.cc: 139 -- Using internal logic for binned/unbinned Asimov dataset generation
INFO: (function: generateWithHisto) ToyMCSamplerOpt.cc: 214 -- Generating asimov with histogram for pdf pdf_binfail_SIG_obsOnly: in 5 x-bins
INFO: (function: generateWithHisto) ToyMCSamplerOpt.cc: 215 -- , in 1 y-bins
INFO: (function: generateAsimov) ToyMCSamplerOpt.cc: 139 -- Using internal logic for binned/unbinned Asimov dataset generation
INFO: (function: generateWithHisto) ToyMCSamplerOpt.cc: 214 -- Generating asimov with histogram for pdf pdf_binpass_LOW_obsOnly: in 45 x-bins
INFO: (function: generateWithHisto) ToyMCSamplerOpt.cc: 215 -- , in 1 y-bins
INFO: (function: generateAsimov) ToyMCSamplerOpt.cc: 139 -- Using internal logic for binned/unbinned Asimov dataset generation
INFO: (function: generateWithHisto) ToyMCSamplerOpt.cc: 214 -- Generating asimov with histogram for pdf pdf_binpass_SIG_obsOnly: in 5 x-bins
INFO: (function: generateWithHisto) ToyMCSamplerOpt.cc: 215 -- , in 1 y-bins
INFO: (function: runLimitExpected) AsymptoticLimits.cc: 436 -- Median for expected limits = 106.5 (Sigma for expected limits = 54.3377)
INFO: (function: runLimit) AsymptoticLimits.cc: 193 -- NLL at global minimum of data = -10568.6 (r=12.9476)
INFO: (function: runLimit) AsymptoticLimits.cc: 213 -- NLL at global minimum of asimov = -10592.7 (r=0.0111464)
INFO: (function: getCLs) AsymptoticLimits.cc: 343 -- At r = 113.771299:	q_mu = 4.24872	q_A  = 4.25835	CLsb = 0.01964	CLb  = 0.50093	CLs  = 0.03921
INFO: (function: getCLs) AsymptoticLimits.cc: 343 -- At r = 63.359450:	q_mu = 1.29857	q_A  = 1.81412	CLsb = 0.12724	CLb  = 0.58213	CLs  = 0.21857
INFO: (function: getCLs) AsymptoticLimits.cc: 343 -- At r = 88.565375:	q_mu = 2.61343	q_A  = 2.88737	CLsb = 0.05298	CLb  = 0.53292	CLs  = 0.09942
INFO: (function: getCLs) AsymptoticLimits.cc: 343 -- At r = 103.460228:	q_mu = 3.54628	q_A  = 3.66101	CLsb = 0.02984	CLb  = 0.51205	CLs  = 0.05827
INFO: (function: getCLs) AsymptoticLimits.cc: 343 -- At r = 108.709893:	q_mu = 3.89820	q_A  = 3.95849	CLsb = 0.02417	CLb  = 0.50607	CLs  = 0.04776
INFO: (function: getCLs) AsymptoticLimits.cc: 343 -- At r = 106.691913:	q_mu = 3.76164	q_A  = 3.84263	CLsb = 0.02622	CLb  = 0.50828	CLs  = 0.05159
INFO: (function: getCLs) AsymptoticLimits.cc: 343 -- At r = 107.749488:	q_mu = 3.83291	q_A  = 3.90328	CLsb = 0.02513	CLb  = 0.50714	CLs  = 0.04955
INFO: (function: getCLs) AsymptoticLimits.cc: 343 -- At r = 107.347526:	q_mu = 3.80568	q_A  = 3.88010	CLsb = 0.02554	CLb  = 0.50757	CLs  = 0.05032
