INFO: (function: improveOnce) CascadeMinimizer.cc: 188 -- Minimisation configured with Type=Minuit2, Algo=Migrad, strategy=0, tolerance=0.1
INFO: (function: improveOnce) CascadeMinimizer.cc: 211 -- Minimisation finished with status=0
INFO: (function: improveOnce) CascadeMinimizer.cc: 216 -- Minimization success! status=0
INFO: (function: generateAsimov) ToyMCSamplerOpt.cc: 139 -- Using internal logic for binned/unbinned Asimov dataset generation
INFO: (function: generateWithHisto) ToyMCSamplerOpt.cc: 214 -- Generating asimov with histogram for pdf pdf_binfail_LOW_obsOnly: in 6 x-bins
INFO: (function: generateWithHisto) ToyMCSamplerOpt.cc: 215 -- , in 1 y-bins
INFO: (function: generateAsimov) ToyMCSamplerOpt.cc: 139 -- Using internal logic for binned/unbinned Asimov dataset generation
INFO: (function: generateWithHisto) ToyMCSamplerOpt.cc: 214 -- Generating asimov with histogram for pdf pdf_binfail_SIG_obsOnly: in 2 x-bins
INFO: (function: generateWithHisto) ToyMCSamplerOpt.cc: 215 -- , in 1 y-bins
INFO: (function: generateAsimov) ToyMCSamplerOpt.cc: 139 -- Using internal logic for binned/unbinned Asimov dataset generation
INFO: (function: generateWithHisto) ToyMCSamplerOpt.cc: 214 -- Generating asimov with histogram for pdf pdf_binpass_LOW_obsOnly: in 6 x-bins
INFO: (function: generateWithHisto) ToyMCSamplerOpt.cc: 215 -- , in 1 y-bins
INFO: (function: generateAsimov) ToyMCSamplerOpt.cc: 139 -- Using internal logic for binned/unbinned Asimov dataset generation
INFO: (function: generateWithHisto) ToyMCSamplerOpt.cc: 214 -- Generating asimov with histogram for pdf pdf_binpass_SIG_obsOnly: in 2 x-bins
INFO: (function: generateWithHisto) ToyMCSamplerOpt.cc: 215 -- , in 1 y-bins
INFO: (function: runLimitExpected) AsymptoticLimits.cc: 436 -- Median for expected limits = 0.141602 (Sigma for expected limits = 0.072247)
INFO: (function: runLimit) AsymptoticLimits.cc: 193 -- NLL at global minimum of data = -10920.5 (r=0.0716138)
INFO: (function: runLimit) AsymptoticLimits.cc: 213 -- NLL at global minimum of asimov = -10934.9 (r=5.79097e-05)
INFO: (function: getCLs) AsymptoticLimits.cc: 343 -- At r = 1.271614:	q_mu = 32.80678	q_A  = 37.36439	CLsb = 0.00000	CLb  = 0.64985	CLs  = 0.00000
INFO: (function: getCLs) AsymptoticLimits.cc: 343 -- At r = 0.671614:	q_mu = 14.87324	q_A  = 19.62940	CLsb = 0.00006	CLb  = 0.71699	CLs  = 0.00008
INFO: (function: getCLs) AsymptoticLimits.cc: 343 -- At r = 0.371614:	q_mu = 6.00398	q_A  = 11.03788	CLsb = 0.00714	CLb  = 0.80840	CLs  = 0.00883
INFO: (function: getCLs) AsymptoticLimits.cc: 343 -- At r = 0.221614:	q_mu = 2.49273	q_A  = 6.41554	CLsb = 0.05719	CLb  = 0.82997	CLs  = 0.06890
INFO: (function: getCLs) AsymptoticLimits.cc: 343 -- At r = 0.296614:	q_mu = 4.08459	q_A  = 8.73585	CLsb = 0.02164	CLb  = 0.82501	CLs  = 0.02623
INFO: (function: getCLs) AsymptoticLimits.cc: 343 -- At r = 0.256533:	q_mu = 3.14682	q_A  = 7.50884	CLsb = 0.03804	CLb  = 0.83305	CLs  = 0.04566
INFO: (function: getCLs) AsymptoticLimits.cc: 343 -- At r = 0.243385:	q_mu = 2.84454	q_A  = 7.09978	CLsb = 0.04584	CLb  = 0.83595	CLs  = 0.05484
INFO: (function: getCLs) AsymptoticLimits.cc: 343 -- At r = 0.248690:	q_mu = 2.96608	q_A  = 7.26509	CLsb = 0.04251	CLb  = 0.83476	CLs  = 0.05093
INFO: (function: getCLs) AsymptoticLimits.cc: 343 -- At r = 0.251316:	q_mu = 3.05715	q_A  = 7.34686	CLsb = 0.04019	CLb  = 0.83199	CLs  = 0.04831
INFO: (function: getCLs) AsymptoticLimits.cc: 343 -- At r = 0.249947:	q_mu = 2.99502	q_A  = 7.30433	CLsb = 0.04176	CLb  = 0.83448	CLs  = 0.05004
INFO: (function: getCLs) AsymptoticLimits.cc: 343 -- At r = 0.250248:	q_mu = 3.00199	q_A  = 7.31375	CLsb = 0.04158	CLb  = 0.83442	CLs  = 0.04983
