INFO: (function: improveOnce) CascadeMinimizer.cc: 188 -- Minimisation configured with Type=Minuit2, Algo=Migrad, strategy=0, tolerance=0.1
INFO: (function: improveOnce) CascadeMinimizer.cc: 211 -- Minimisation finished with status=0
INFO: (function: improveOnce) CascadeMinimizer.cc: 216 -- Minimization success! status=0
INFO: (function: generateAsimov) ToyMCSamplerOpt.cc: 139 -- Using internal logic for binned/unbinned Asimov dataset generation
INFO: (function: generateWithHisto) ToyMCSamplerOpt.cc: 214 -- Generating asimov with histogram for pdf pdf_binfail_LOW_obsOnly: in 5 x-bins
INFO: (function: generateWithHisto) ToyMCSamplerOpt.cc: 215 -- , in 1 y-bins
INFO: (function: generateAsimov) ToyMCSamplerOpt.cc: 139 -- Using internal logic for binned/unbinned Asimov dataset generation
INFO: (function: generateWithHisto) ToyMCSamplerOpt.cc: 214 -- Generating asimov with histogram for pdf pdf_binfail_SIG_obsOnly: in 4 x-bins
INFO: (function: generateWithHisto) ToyMCSamplerOpt.cc: 215 -- , in 1 y-bins
INFO: (function: generateAsimov) ToyMCSamplerOpt.cc: 139 -- Using internal logic for binned/unbinned Asimov dataset generation
INFO: (function: generateWithHisto) ToyMCSamplerOpt.cc: 214 -- Generating asimov with histogram for pdf pdf_binpass_LOW_obsOnly: in 5 x-bins
INFO: (function: generateWithHisto) ToyMCSamplerOpt.cc: 215 -- , in 1 y-bins
INFO: (function: generateAsimov) ToyMCSamplerOpt.cc: 139 -- Using internal logic for binned/unbinned Asimov dataset generation
INFO: (function: generateWithHisto) ToyMCSamplerOpt.cc: 214 -- Generating asimov with histogram for pdf pdf_binpass_SIG_obsOnly: in 4 x-bins
INFO: (function: generateWithHisto) ToyMCSamplerOpt.cc: 215 -- , in 1 y-bins
INFO: (function: runLimitExpected) AsymptoticLimits.cc: 436 -- Median for expected limits = 1.96875 (Sigma for expected limits = 1.00448)
INFO: (function: runLimit) AsymptoticLimits.cc: 193 -- NLL at global minimum of data = -76466.1 (r=0.352771)
INFO: (function: runLimit) AsymptoticLimits.cc: 213 -- NLL at global minimum of asimov = -76468.6 (r=0.00670866)
INFO: (function: getCLs) AsymptoticLimits.cc: 343 -- At r = 2.012865:	q_mu = 2.22709	q_A  = 3.91844	CLsb = 0.06780	CLb  = 0.68693	CLs  = 0.09871
INFO: (function: getCLs) AsymptoticLimits.cc: 343 -- At r = 4.025731:	q_mu = 5.22057	q_A  = 7.32758	CLsb = 0.01116	CLb  = 0.66352	CLs  = 0.01682
INFO: (function: getCLs) AsymptoticLimits.cc: 343 -- At r = 2.189251:	q_mu = 2.50681	q_A  = 4.25171	CLsb = 0.05668	CLb  = 0.68391	CLs  = 0.08287
INFO: (function: getCLs) AsymptoticLimits.cc: 343 -- At r = 3.022048:	q_mu = 3.78589	q_A  = 5.72819	CLsb = 0.02584	CLb  = 0.67279	CLs  = 0.03841
INFO: (function: getCLs) AsymptoticLimits.cc: 343 -- At r = 2.627048:	q_mu = 3.18875	q_A  = 5.04686	CLsb = 0.03707	CLb  = 0.67753	CLs  = 0.05472
INFO: (function: getCLs) AsymptoticLimits.cc: 343 -- At r = 2.786581:	q_mu = 3.43210	q_A  = 5.32595	CLsb = 0.03197	CLb  = 0.67552	CLs  = 0.04733
INFO: (function: getCLs) AsymptoticLimits.cc: 343 -- At r = 2.706352:	q_mu = 3.31008	q_A  = 5.18628	CLsb = 0.03443	CLb  = 0.67652	CLs  = 0.05089
INFO: (function: getCLs) AsymptoticLimits.cc: 343 -- At r = 2.738001:	q_mu = 3.35831	q_A  = 5.24154	CLsb = 0.03343	CLb  = 0.67612	CLs  = 0.04945
INFO: (function: getCLs) AsymptoticLimits.cc: 343 -- At r = 2.721905:	q_mu = 3.33380	q_A  = 5.21346	CLsb = 0.03394	CLb  = 0.67632	CLs  = 0.05018
INFO: (function: getCLs) AsymptoticLimits.cc: 343 -- At r = 2.728225:	q_mu = 3.34342	q_A  = 5.22449	CLsb = 0.03374	CLb  = 0.67624	CLs  = 0.04989
