INFO: (function: improveOnce) CascadeMinimizer.cc: 188 -- Minimisation configured with Type=Minuit2, Algo=Migrad, strategy=0, tolerance=0.1
INFO: (function: improveOnce) CascadeMinimizer.cc: 211 -- Minimisation finished with status=0
INFO: (function: improveOnce) CascadeMinimizer.cc: 216 -- Minimization success! status=0
INFO: (function: generateAsimov) ToyMCSamplerOpt.cc: 139 -- Using internal logic for binned/unbinned Asimov dataset generation
INFO: (function: generateWithHisto) ToyMCSamplerOpt.cc: 214 -- Generating asimov with histogram for pdf pdf_binfail_LOW_obsOnly: in 5 x-bins
INFO: (function: generateWithHisto) ToyMCSamplerOpt.cc: 215 -- , in 1 y-bins
INFO: (function: generateAsimov) ToyMCSamplerOpt.cc: 139 -- Using internal logic for binned/unbinned Asimov dataset generation
INFO: (function: generateWithHisto) ToyMCSamplerOpt.cc: 214 -- Generating asimov with histogram for pdf pdf_binfail_SIG_obsOnly: in 4 x-bins
INFO: (function: generateWithHisto) ToyMCSamplerOpt.cc: 215 -- , in 1 y-bins
INFO: (function: generateAsimov) ToyMCSamplerOpt.cc: 139 -- Using internal logic for binned/unbinned Asimov dataset generation
INFO: (function: generateWithHisto) ToyMCSamplerOpt.cc: 214 -- Generating asimov with histogram for pdf pdf_binpass_LOW_obsOnly: in 5 x-bins
INFO: (function: generateWithHisto) ToyMCSamplerOpt.cc: 215 -- , in 1 y-bins
INFO: (function: generateAsimov) ToyMCSamplerOpt.cc: 139 -- Using internal logic for binned/unbinned Asimov dataset generation
INFO: (function: generateWithHisto) ToyMCSamplerOpt.cc: 214 -- Generating asimov with histogram for pdf pdf_binpass_SIG_obsOnly: in 4 x-bins
INFO: (function: generateWithHisto) ToyMCSamplerOpt.cc: 215 -- , in 1 y-bins
INFO: (function: runLimitExpected) AsymptoticLimits.cc: 436 -- Median for expected limits = 0.000488281 (Sigma for expected limits = 0.000249128)
DEBUG: (function: findExpectedLimitFromCrossing) AsymptoticLimits.cc: 678 -- fail search for crossing of r between 0.000000 and 0.000488
INFO: (function: runLimit) AsymptoticLimits.cc: 193 -- NLL at global minimum of data = -1.07962e+06 (r=1.0533e-06)
INFO: (function: runLimit) AsymptoticLimits.cc: 213 -- NLL at global minimum of asimov = -1.07967e+06 (r=9.10383e-14)
INFO: (function: getCLs) AsymptoticLimits.cc: 343 -- At r = 7.150300:	q_mu = 85556.53528	q_A  = 85659.55797	CLsb = 0.00000	CLb  = 0.56987	CLs  = 0.00000
INFO: (function: getCLs) AsymptoticLimits.cc: 343 -- At r = 3.575151:	q_mu = 42918.32233	q_A  = 43021.15987	CLsb = 0.00000	CLb  = 0.59795	CLs  = 0.00000
INFO: (function: getCLs) AsymptoticLimits.cc: 343 -- At r = 1.787576:	q_mu = 21600.44056	q_A  = 21702.49314	CLsb = 0.00000	CLb  = 0.63562	CLs  = 0.00000
INFO: (function: getCLs) AsymptoticLimits.cc: 343 -- At r = 0.893788:	q_mu = 10942.19376	q_A  = 11043.45869	CLsb = 0.00000	CLb  = 0.68542	CLs  = 0.00000
INFO: (function: getCLs) AsymptoticLimits.cc: 343 -- At r = 0.446895:	q_mu = 5604.37396	q_A  = 5704.85552	CLsb = 0.00000	CLb  = 0.74797	CLs  = 0.00000
INFO: (function: getCLs) AsymptoticLimits.cc: 343 -- At r = 0.223448:	q_mu = 2924.86647	q_A  = 3024.56440	CLsb = 0.00000	CLb  = 0.81964	CLs  = 0.00000
INFO: (function: getCLs) AsymptoticLimits.cc: 343 -- At r = 0.111724:	q_mu = 1569.99423	q_A  = 1668.92409	CLsb = 0.00000	CLb  = 0.89052	CLs  = 0.00000
INFO: (function: getCLs) AsymptoticLimits.cc: 343 -- At r = 0.055863:	q_mu = 870.38358	q_A  = 968.60298	CLsb = 0.00000	CLb  = 0.94740	CLs  = 0.00000
INFO: (function: getCLs) AsymptoticLimits.cc: 343 -- At r = 0.027932:	q_mu = 478.45526	q_A  = 576.06622	CLsb = 0.00000	CLb  = 0.98332	CLs  = 0.00000
INFO: (function: getCLs) AsymptoticLimits.cc: 343 -- At r = 0.013966:	q_mu = 253.11084	q_A  = 350.06157	CLsb = 0.00000	CLb  = 0.99745	CLs  = 0.00000
INFO: (function: getCLs) AsymptoticLimits.cc: 343 -- At r = 0.006984:	q_mu = 125.99453	q_A  = 222.37115	CLsb = 0.00000	CLb  = 0.99989	CLs  = 0.00000
INFO: (function: getCLs) AsymptoticLimits.cc: 343 -- At r = 0.003492:	q_mu = 48.12587	q_A  = 143.92685	CLsb = 0.00000	CLb  = 1.00000	CLs  = 0.00000
INFO: (function: getCLs) AsymptoticLimits.cc: 343 -- At r = 0.001747:	q_mu = 3.22159	q_A  = 98.37657	CLsb = 0.03634	CLb  = 1.00000	CLs  = 0.03634
INFO: (function: getCLs) AsymptoticLimits.cc: 343 -- At r = 0.000874:	q_mu = 0.00000	q_A  = 73.37848	CLsb = 0.50000	CLb  = 1.00000	CLs  = 0.50000
INFO: (function: getCLs) AsymptoticLimits.cc: 343 -- At r = 0.001310:	q_mu = 0.00000	q_A  = 86.13122	CLsb = 0.50000	CLb  = 1.00000	CLs  = 0.50000
