INFO: (function: improveOnce) CascadeMinimizer.cc: 188 -- Minimisation configured with Type=Minuit2, Algo=Migrad, strategy=0, tolerance=0.1
INFO: (function: improveOnce) CascadeMinimizer.cc: 211 -- Minimisation finished with status=0
INFO: (function: improveOnce) CascadeMinimizer.cc: 216 -- Minimization success! status=0
INFO: (function: generateAsimov) ToyMCSamplerOpt.cc: 139 -- Using internal logic for binned/unbinned Asimov dataset generation
INFO: (function: generateWithHisto) ToyMCSamplerOpt.cc: 214 -- Generating asimov with histogram for pdf pdf_binfail_LOW_obsOnly: in 5 x-bins
INFO: (function: generateWithHisto) ToyMCSamplerOpt.cc: 215 -- , in 1 y-bins
INFO: (function: generateAsimov) ToyMCSamplerOpt.cc: 139 -- Using internal logic for binned/unbinned Asimov dataset generation
INFO: (function: generateWithHisto) ToyMCSamplerOpt.cc: 214 -- Generating asimov with histogram for pdf pdf_binfail_SIG_obsOnly: in 14 x-bins
INFO: (function: generateWithHisto) ToyMCSamplerOpt.cc: 215 -- , in 1 y-bins
INFO: (function: generateAsimov) ToyMCSamplerOpt.cc: 139 -- Using internal logic for binned/unbinned Asimov dataset generation
INFO: (function: generateWithHisto) ToyMCSamplerOpt.cc: 214 -- Generating asimov with histogram for pdf pdf_binpass_LOW_obsOnly: in 5 x-bins
INFO: (function: generateWithHisto) ToyMCSamplerOpt.cc: 215 -- , in 1 y-bins
INFO: (function: generateAsimov) ToyMCSamplerOpt.cc: 139 -- Using internal logic for binned/unbinned Asimov dataset generation
INFO: (function: generateWithHisto) ToyMCSamplerOpt.cc: 214 -- Generating asimov with histogram for pdf pdf_binpass_SIG_obsOnly: in 14 x-bins
INFO: (function: generateWithHisto) ToyMCSamplerOpt.cc: 215 -- , in 1 y-bins
INFO: (function: runLimitExpected) AsymptoticLimits.cc: 436 -- Median for expected limits = 20.375 (Sigma for expected limits = 10.3956)
INFO: (function: runLimit) AsymptoticLimits.cc: 193 -- NLL at global minimum of data = -70694.8 (r=8.74405e-08)
INFO: (function: runLimit) AsymptoticLimits.cc: 213 -- NLL at global minimum of asimov = -70697.8 (r=9.64879e-06)
INFO: (function: getCLs) AsymptoticLimits.cc: 343 -- At r = 10.742153:	q_mu = 2.04826	q_A  = 2.08217	CLsb = 0.07619	CLb  = 0.50471	CLs  = 0.15096
INFO: (function: getCLs) AsymptoticLimits.cc: 343 -- At r = 21.484305:	q_mu = 4.23352	q_A  = 4.02111	CLsb = 0.01978	CLb  = 0.47888	CLs  = 0.04131
INFO: (function: getCLs) AsymptoticLimits.cc: 343 -- At r = 10.742153:	q_mu = 2.04825	q_A  = 2.08580	CLsb = 0.07619	CLb  = 0.50521	CLs  = 0.15081
INFO: (function: getCLs) AsymptoticLimits.cc: 343 -- At r = 16.113229:	q_mu = 3.18015	q_A  = 3.07844	CLsb = 0.03725	CLb  = 0.48844	CLs  = 0.07626
INFO: (function: getCLs) AsymptoticLimits.cc: 343 -- At r = 19.072337:	q_mu = 3.76901	q_A  = 3.60353	CLsb = 0.02608	CLb  = 0.48262	CLs  = 0.05403
INFO: (function: getCLs) AsymptoticLimits.cc: 343 -- At r = 20.112048:	q_mu = 3.97085	q_A  = 3.78464	CLsb = 0.02312	CLb  = 0.48091	CLs  = 0.04807
INFO: (function: getCLs) AsymptoticLimits.cc: 343 -- At r = 19.623588:	q_mu = 3.87633	q_A  = 3.69977	CLsb = 0.02446	CLb  = 0.48170	CLs  = 0.05077
INFO: (function: getCLs) AsymptoticLimits.cc: 343 -- At r = 19.830258:	q_mu = 3.91639	q_A  = 3.73572	CLsb = 0.02388	CLb  = 0.48136	CLs  = 0.04960
INFO: (function: getCLs) AsymptoticLimits.cc: 343 -- At r = 19.732319:	q_mu = 3.89742	q_A  = 3.71869	CLsb = 0.02415	CLb  = 0.48152	CLs  = 0.05015
INFO: (function: getCLs) AsymptoticLimits.cc: 343 -- At r = 19.773612:	q_mu = 3.90542	q_A  = 3.72587	CLsb = 0.02403	CLb  = 0.48145	CLs  = 0.04992
