INFO: (function: improveOnce) CascadeMinimizer.cc: 188 -- Minimisation configured with Type=Minuit2, Algo=Migrad, strategy=0, tolerance=0.1
INFO: (function: improveOnce) CascadeMinimizer.cc: 211 -- Minimisation finished with status=0
INFO: (function: improveOnce) CascadeMinimizer.cc: 216 -- Minimization success! status=0
INFO: (function: generateAsimov) ToyMCSamplerOpt.cc: 139 -- Using internal logic for binned/unbinned Asimov dataset generation
INFO: (function: generateWithHisto) ToyMCSamplerOpt.cc: 214 -- Generating asimov with histogram for pdf pdf_binfail_LOW_obsOnly: in 5 x-bins
INFO: (function: generateWithHisto) ToyMCSamplerOpt.cc: 215 -- , in 1 y-bins
INFO: (function: generateAsimov) ToyMCSamplerOpt.cc: 139 -- Using internal logic for binned/unbinned Asimov dataset generation
INFO: (function: generateWithHisto) ToyMCSamplerOpt.cc: 214 -- Generating asimov with histogram for pdf pdf_binfail_SIG_obsOnly: in 6 x-bins
INFO: (function: generateWithHisto) ToyMCSamplerOpt.cc: 215 -- , in 1 y-bins
INFO: (function: generateAsimov) ToyMCSamplerOpt.cc: 139 -- Using internal logic for binned/unbinned Asimov dataset generation
INFO: (function: generateWithHisto) ToyMCSamplerOpt.cc: 214 -- Generating asimov with histogram for pdf pdf_binpass_LOW_obsOnly: in 5 x-bins
INFO: (function: generateWithHisto) ToyMCSamplerOpt.cc: 215 -- , in 1 y-bins
INFO: (function: generateAsimov) ToyMCSamplerOpt.cc: 139 -- Using internal logic for binned/unbinned Asimov dataset generation
INFO: (function: generateWithHisto) ToyMCSamplerOpt.cc: 214 -- Generating asimov with histogram for pdf pdf_binpass_SIG_obsOnly: in 6 x-bins
INFO: (function: generateWithHisto) ToyMCSamplerOpt.cc: 215 -- , in 1 y-bins
INFO: (function: runLimitExpected) AsymptoticLimits.cc: 436 -- Median for expected limits = 0.194336 (Sigma for expected limits = 0.0991528)
INFO: (function: runLimit) AsymptoticLimits.cc: 193 -- NLL at global minimum of data = -61659.6 (r=7.69499e-09)
INFO: (function: runLimit) AsymptoticLimits.cc: 213 -- NLL at global minimum of asimov = -61657 (r=1.6076e-12)
INFO: (function: getCLs) AsymptoticLimits.cc: 343 -- At r = 1.200000:	q_mu = 14.28763	q_A  = 15.48542	CLsb = 0.00008	CLb  = 0.56169	CLs  = 0.00014
INFO: (function: getCLs) AsymptoticLimits.cc: 343 -- At r = 0.600000:	q_mu = 8.82867	q_A  = 9.47837	CLsb = 0.00148	CLb  = 0.54276	CLs  = 0.00273
INFO: (function: getCLs) AsymptoticLimits.cc: 343 -- At r = 0.300000:	q_mu = 5.28449	q_A  = 5.52773	CLsb = 0.01076	CLb  = 0.52086	CLs  = 0.02065
INFO: (function: getCLs) AsymptoticLimits.cc: 343 -- At r = 0.150000:	q_mu = 3.03775	q_A  = 3.05298	CLsb = 0.04067	CLb  = 0.50174	CLs  = 0.08107
INFO: (function: getCLs) AsymptoticLimits.cc: 343 -- At r = 0.222411:	q_mu = 4.18265	q_A  = 4.31087	CLsb = 0.02042	CLb  = 0.51241	CLs  = 0.03985
INFO: (function: getCLs) AsymptoticLimits.cc: 343 -- At r = 0.189421:	q_mu = 3.67692	q_A  = 3.75412	CLsb = 0.02759	CLb  = 0.50799	CLs  = 0.05430
INFO: (function: getCLs) AsymptoticLimits.cc: 343 -- At r = 0.203060:	q_mu = 3.88898	q_A  = 3.98740	CLsb = 0.02430	CLb  = 0.50989	CLs  = 0.04766
INFO: (function: getCLs) AsymptoticLimits.cc: 343 -- At r = 0.196325:	q_mu = 3.78481	q_A  = 3.87277	CLsb = 0.02586	CLb  = 0.50897	CLs  = 0.05081
INFO: (function: getCLs) AsymptoticLimits.cc: 343 -- At r = 0.199024:	q_mu = 3.82667	q_A  = 3.91883	CLsb = 0.02522	CLb  = 0.50934	CLs  = 0.04952
INFO: (function: getCLs) AsymptoticLimits.cc: 343 -- At r = 0.197671:	q_mu = 3.80571	q_A  = 3.89577	CLsb = 0.02554	CLb  = 0.50915	CLs  = 0.05016
INFO: (function: getCLs) AsymptoticLimits.cc: 343 -- At r = 0.198210:	q_mu = 3.81406	q_A  = 3.90496	CLsb = 0.02541	CLb  = 0.50923	CLs  = 0.04990
