INFO: (function: improveOnce) CascadeMinimizer.cc: 188 -- Minimisation configured with Type=Minuit2, Algo=Migrad, strategy=0, tolerance=0.1
INFO: (function: improveOnce) CascadeMinimizer.cc: 211 -- Minimisation finished with status=0
INFO: (function: improveOnce) CascadeMinimizer.cc: 216 -- Minimization success! status=0
INFO: (function: generateAsimov) ToyMCSamplerOpt.cc: 139 -- Using internal logic for binned/unbinned Asimov dataset generation
INFO: (function: generateWithHisto) ToyMCSamplerOpt.cc: 214 -- Generating asimov with histogram for pdf pdf_binfail_LOW_obsOnly: in 5 x-bins
INFO: (function: generateWithHisto) ToyMCSamplerOpt.cc: 215 -- , in 1 y-bins
INFO: (function: generateAsimov) ToyMCSamplerOpt.cc: 139 -- Using internal logic for binned/unbinned Asimov dataset generation
INFO: (function: generateWithHisto) ToyMCSamplerOpt.cc: 214 -- Generating asimov with histogram for pdf pdf_binfail_SIG_obsOnly: in 6 x-bins
INFO: (function: generateWithHisto) ToyMCSamplerOpt.cc: 215 -- , in 1 y-bins
INFO: (function: generateAsimov) ToyMCSamplerOpt.cc: 139 -- Using internal logic for binned/unbinned Asimov dataset generation
INFO: (function: generateWithHisto) ToyMCSamplerOpt.cc: 214 -- Generating asimov with histogram for pdf pdf_binpass_LOW_obsOnly: in 5 x-bins
INFO: (function: generateWithHisto) ToyMCSamplerOpt.cc: 215 -- , in 1 y-bins
INFO: (function: generateAsimov) ToyMCSamplerOpt.cc: 139 -- Using internal logic for binned/unbinned Asimov dataset generation
INFO: (function: generateWithHisto) ToyMCSamplerOpt.cc: 214 -- Generating asimov with histogram for pdf pdf_binpass_SIG_obsOnly: in 6 x-bins
INFO: (function: generateWithHisto) ToyMCSamplerOpt.cc: 215 -- , in 1 y-bins
INFO: (function: runLimitExpected) AsymptoticLimits.cc: 436 -- Median for expected limits = 0.286133 (Sigma for expected limits = 0.145989)
INFO: (function: runLimit) AsymptoticLimits.cc: 193 -- NLL at global minimum of data = -786459 (r=1.88898e-06)
INFO: (function: runLimit) AsymptoticLimits.cc: 213 -- NLL at global minimum of asimov = -786468 (r=2.33147e-14)
INFO: (function: getCLs) AsymptoticLimits.cc: 343 -- At r = 1.200002:	q_mu = 13.52804	q_A  = 12.39173	CLsb = 0.00012	CLb  = 0.43589	CLs  = 0.00027
INFO: (function: getCLs) AsymptoticLimits.cc: 343 -- At r = 0.600002:	q_mu = 8.64421	q_A  = 7.39634	CLsb = 0.00159	CLb  = 0.40927	CLs  = 0.00389
INFO: (function: getCLs) AsymptoticLimits.cc: 343 -- At r = 0.300002:	q_mu = 5.24647	q_A  = 4.02133	CLsb = 0.01042	CLb  = 0.38000	CLs  = 0.02743
INFO: (function: getCLs) AsymptoticLimits.cc: 343 -- At r = 0.150002:	q_mu = 3.02753	q_A  = 1.95555	CLsb = 0.03740	CLb  = 0.35075	CLs  = 0.10663
INFO: (function: getCLs) AsymptoticLimits.cc: 343 -- At r = 0.216930:	q_mu = 4.07975	q_A  = 2.91258	CLsb = 0.02025	CLb  = 0.36619	CLs  = 0.05530
INFO: (function: getCLs) AsymptoticLimits.cc: 343 -- At r = 0.243096:	q_mu = 4.46234	q_A  = 3.27123	CLsb = 0.01626	CLb  = 0.37097	CLs  = 0.04383
INFO: (function: getCLs) AsymptoticLimits.cc: 343 -- At r = 0.231242:	q_mu = 4.29092	q_A  = 3.10982	CLsb = 0.01794	CLb  = 0.36886	CLs  = 0.04863
INFO: (function: getCLs) AsymptoticLimits.cc: 343 -- At r = 0.225904:	q_mu = 4.21275	q_A  = 3.03656	CLsb = 0.01876	CLb  = 0.36788	CLs  = 0.05100
INFO: (function: getCLs) AsymptoticLimits.cc: 343 -- At r = 0.228743:	q_mu = 4.25441	q_A  = 3.07558	CLsb = 0.01832	CLb  = 0.36840	CLs  = 0.04972
INFO: (function: getCLs) AsymptoticLimits.cc: 343 -- At r = 0.227671:	q_mu = 4.23871	q_A  = 3.06086	CLsb = 0.01848	CLb  = 0.36820	CLs  = 0.05020
INFO: (function: getCLs) AsymptoticLimits.cc: 343 -- At r = 0.228238:	q_mu = 4.24702	q_A  = 3.06865	CLsb = 0.01839	CLb  = 0.36831	CLs  = 0.04994
