INFO: (function: improveOnce) CascadeMinimizer.cc: 188 -- Minimisation configured with Type=Minuit2, Algo=Migrad, strategy=0, tolerance=0.1
INFO: (function: improveOnce) CascadeMinimizer.cc: 211 -- Minimisation finished with status=0
INFO: (function: improveOnce) CascadeMinimizer.cc: 216 -- Minimization success! status=0
INFO: (function: generateAsimov) ToyMCSamplerOpt.cc: 139 -- Using internal logic for binned/unbinned Asimov dataset generation
INFO: (function: generateWithHisto) ToyMCSamplerOpt.cc: 214 -- Generating asimov with histogram for pdf pdf_binfail_LOW_obsOnly: in 6 x-bins
INFO: (function: generateWithHisto) ToyMCSamplerOpt.cc: 215 -- , in 1 y-bins
INFO: (function: generateAsimov) ToyMCSamplerOpt.cc: 139 -- Using internal logic for binned/unbinned Asimov dataset generation
INFO: (function: generateWithHisto) ToyMCSamplerOpt.cc: 214 -- Generating asimov with histogram for pdf pdf_binfail_SIG_obsOnly: in 19 x-bins
INFO: (function: generateWithHisto) ToyMCSamplerOpt.cc: 215 -- , in 1 y-bins
INFO: (function: generateAsimov) ToyMCSamplerOpt.cc: 139 -- Using internal logic for binned/unbinned Asimov dataset generation
INFO: (function: generateWithHisto) ToyMCSamplerOpt.cc: 214 -- Generating asimov with histogram for pdf pdf_binpass_LOW_obsOnly: in 6 x-bins
INFO: (function: generateWithHisto) ToyMCSamplerOpt.cc: 215 -- , in 1 y-bins
INFO: (function: generateAsimov) ToyMCSamplerOpt.cc: 139 -- Using internal logic for binned/unbinned Asimov dataset generation
INFO: (function: generateWithHisto) ToyMCSamplerOpt.cc: 214 -- Generating asimov with histogram for pdf pdf_binpass_SIG_obsOnly: in 19 x-bins
INFO: (function: generateWithHisto) ToyMCSamplerOpt.cc: 215 -- , in 1 y-bins
INFO: (function: runLimitExpected) AsymptoticLimits.cc: 436 -- Median for expected limits = 11.0938 (Sigma for expected limits = 5.66018)
INFO: (function: runLimit) AsymptoticLimits.cc: 193 -- NLL at global minimum of data = -2278.18 (r=1.14894e-06)
INFO: (function: runLimit) AsymptoticLimits.cc: 213 -- NLL at global minimum of asimov = -2278.13 (r=1.30133e-07)
INFO: (function: getCLs) AsymptoticLimits.cc: 343 -- At r = 8.111172:	q_mu = 2.88737	q_A  = 2.80294	CLsb = 0.04462	CLb  = 0.48994	CLs  = 0.09107
INFO: (function: getCLs) AsymptoticLimits.cc: 343 -- At r = 16.222344:	q_mu = 5.77343	q_A  = 5.63322	CLsb = 0.00813	CLb  = 0.48822	CLs  = 0.01665
INFO: (function: getCLs) AsymptoticLimits.cc: 343 -- At r = 8.111173:	q_mu = 2.88737	q_A  = 2.80242	CLsb = 0.04462	CLb  = 0.48988	CLs  = 0.09108
INFO: (function: getCLs) AsymptoticLimits.cc: 343 -- At r = 12.023938:	q_mu = 4.27974	q_A  = 4.16663	CLsb = 0.01928	CLb  = 0.48895	CLs  = 0.03942
INFO: (function: getCLs) AsymptoticLimits.cc: 343 -- At r = 10.353009:	q_mu = 3.68517	q_A  = 3.58366	CLsb = 0.02744	CLb  = 0.48930	CLs  = 0.05607
INFO: (function: getCLs) AsymptoticLimits.cc: 343 -- At r = 11.122192:	q_mu = 3.95888	q_A  = 3.85195	CLsb = 0.02330	CLb  = 0.48913	CLs  = 0.04764
INFO: (function: getCLs) AsymptoticLimits.cc: 343 -- At r = 10.785805:	q_mu = 3.83918	q_A  = 3.73459	CLsb = 0.02502	CLb  = 0.48921	CLs  = 0.05115
INFO: (function: getCLs) AsymptoticLimits.cc: 343 -- At r = 10.939176:	q_mu = 3.89375	q_A  = 3.78809	CLsb = 0.02422	CLb  = 0.48917	CLs  = 0.04952
INFO: (function: getCLs) AsymptoticLimits.cc: 343 -- At r = 10.871813:	q_mu = 3.86978	q_A  = 3.76458	CLsb = 0.02457	CLb  = 0.48919	CLs  = 0.05023
INFO: (function: getCLs) AsymptoticLimits.cc: 343 -- At r = 10.902474:	q_mu = 3.88069	q_A  = 3.77527	CLsb = 0.02441	CLb  = 0.48918	CLs  = 0.04990
