INFO: (function: improveOnce) CascadeMinimizer.cc: 188 -- Minimisation configured with Type=Minuit2, Algo=Migrad, strategy=0, tolerance=0.1
INFO: (function: improveOnce) CascadeMinimizer.cc: 211 -- Minimisation finished with status=0
INFO: (function: improveOnce) CascadeMinimizer.cc: 216 -- Minimization success! status=0
INFO: (function: generateAsimov) ToyMCSamplerOpt.cc: 139 -- Using internal logic for binned/unbinned Asimov dataset generation
INFO: (function: generateWithHisto) ToyMCSamplerOpt.cc: 214 -- Generating asimov with histogram for pdf pdf_binfail_LOW_obsOnly: in 6 x-bins
INFO: (function: generateWithHisto) ToyMCSamplerOpt.cc: 215 -- , in 1 y-bins
INFO: (function: generateAsimov) ToyMCSamplerOpt.cc: 139 -- Using internal logic for binned/unbinned Asimov dataset generation
INFO: (function: generateWithHisto) ToyMCSamplerOpt.cc: 214 -- Generating asimov with histogram for pdf pdf_binfail_SIG_obsOnly: in 1 x-bins
INFO: (function: generateWithHisto) ToyMCSamplerOpt.cc: 215 -- , in 1 y-bins
INFO: (function: generateAsimov) ToyMCSamplerOpt.cc: 139 -- Using internal logic for binned/unbinned Asimov dataset generation
INFO: (function: generateWithHisto) ToyMCSamplerOpt.cc: 214 -- Generating asimov with histogram for pdf pdf_binpass_LOW_obsOnly: in 6 x-bins
INFO: (function: generateWithHisto) ToyMCSamplerOpt.cc: 215 -- , in 1 y-bins
INFO: (function: generateAsimov) ToyMCSamplerOpt.cc: 139 -- Using internal logic for binned/unbinned Asimov dataset generation
INFO: (function: generateWithHisto) ToyMCSamplerOpt.cc: 214 -- Generating asimov with histogram for pdf pdf_binpass_SIG_obsOnly: in 1 x-bins
INFO: (function: generateWithHisto) ToyMCSamplerOpt.cc: 215 -- , in 1 y-bins
INFO: (function: runLimitExpected) AsymptoticLimits.cc: 436 -- Median for expected limits = 6.71875 (Sigma for expected limits = 3.428)
INFO: (function: runLimit) AsymptoticLimits.cc: 193 -- NLL at global minimum of data = -3152.39 (r=3.56042)
INFO: (function: runLimit) AsymptoticLimits.cc: 213 -- NLL at global minimum of asimov = -3155.32 (r=0.0112461)
INFO: (function: getCLs) AsymptoticLimits.cc: 343 -- At r = 11.654745:	q_mu = 2.33289	q_A  = 6.63980	CLsb = 0.06333	CLb  = 0.85300	CLs  = 0.07425
INFO: (function: getCLs) AsymptoticLimits.cc: 343 -- At r = 23.309490:	q_mu = 6.58980	q_A  = 12.03897	CLsb = 0.00513	CLb  = 0.81665	CLs  = 0.00628
INFO: (function: getCLs) AsymptoticLimits.cc: 343 -- At r = 13.434955:	q_mu = 2.99901	q_A  = 7.56188	CLsb = 0.04166	CLb  = 0.84569	CLs  = 0.04926
INFO: (function: getCLs) AsymptoticLimits.cc: 343 -- At r = 8.497688:	q_mu = 1.19002	q_A  = 4.89494	CLsb = 0.13766	CLb  = 0.86898	CLs  = 0.15842
INFO: (function: getCLs) AsymptoticLimits.cc: 343 -- At r = 10.966321:	q_mu = 2.07749	q_A  = 6.27169	CLsb = 0.07474	CLb  = 0.85611	CLs  = 0.08731
INFO: (function: getCLs) AsymptoticLimits.cc: 343 -- At r = 12.889697:	q_mu = 2.79449	q_A  = 7.28404	CLsb = 0.04729	CLb  = 0.84784	CLs  = 0.05578
INFO: (function: getCLs) AsymptoticLimits.cc: 343 -- At r = 13.273523:	q_mu = 2.93842	q_A  = 7.48002	CLsb = 0.04325	CLb  = 0.84632	CLs  = 0.05110
INFO: (function: getCLs) AsymptoticLimits.cc: 343 -- At r = 13.350132:	q_mu = 2.96716	q_A  = 7.51892	CLsb = 0.04249	CLb  = 0.84602	CLs  = 0.05022
INFO: (function: getCLs) AsymptoticLimits.cc: 343 -- At r = 13.382406:	q_mu = 2.97926	q_A  = 7.53528	CLsb = 0.04217	CLb  = 0.84590	CLs  = 0.04985
