INFO: (function: improveOnce) CascadeMinimizer.cc: 188 -- Minimisation configured with Type=Minuit2, Algo=Migrad, strategy=0, tolerance=0.1
INFO: (function: improveOnce) CascadeMinimizer.cc: 211 -- Minimisation finished with status=0
INFO: (function: improveOnce) CascadeMinimizer.cc: 216 -- Minimization success! status=0
INFO: (function: generateAsimov) ToyMCSamplerOpt.cc: 139 -- Using internal logic for binned/unbinned Asimov dataset generation
INFO: (function: generateWithHisto) ToyMCSamplerOpt.cc: 214 -- Generating asimov with histogram for pdf pdf_binfail_LOW_obsOnly: in 6 x-bins
INFO: (function: generateWithHisto) ToyMCSamplerOpt.cc: 215 -- , in 1 y-bins
INFO: (function: generateAsimov) ToyMCSamplerOpt.cc: 139 -- Using internal logic for binned/unbinned Asimov dataset generation
INFO: (function: generateWithHisto) ToyMCSamplerOpt.cc: 214 -- Generating asimov with histogram for pdf pdf_binfail_SIG_obsOnly: in 8 x-bins
INFO: (function: generateWithHisto) ToyMCSamplerOpt.cc: 215 -- , in 1 y-bins
INFO: (function: generateAsimov) ToyMCSamplerOpt.cc: 139 -- Using internal logic for binned/unbinned Asimov dataset generation
INFO: (function: generateWithHisto) ToyMCSamplerOpt.cc: 214 -- Generating asimov with histogram for pdf pdf_binpass_LOW_obsOnly: in 6 x-bins
INFO: (function: generateWithHisto) ToyMCSamplerOpt.cc: 215 -- , in 1 y-bins
INFO: (function: generateAsimov) ToyMCSamplerOpt.cc: 139 -- Using internal logic for binned/unbinned Asimov dataset generation
INFO: (function: generateWithHisto) ToyMCSamplerOpt.cc: 214 -- Generating asimov with histogram for pdf pdf_binpass_SIG_obsOnly: in 8 x-bins
INFO: (function: generateWithHisto) ToyMCSamplerOpt.cc: 215 -- , in 1 y-bins
INFO: (function: runLimitExpected) AsymptoticLimits.cc: 436 -- Median for expected limits = 0.00341797 (Sigma for expected limits = 0.00174389)
INFO: (function: runLimit) AsymptoticLimits.cc: 193 -- NLL at global minimum of data = -779496 (r=7.29569e-09)
INFO: (function: runLimit) AsymptoticLimits.cc: 213 -- NLL at global minimum of asimov = -779484 (r=2.05391e-13)
INFO: (function: getCLs) AsymptoticLimits.cc: 343 -- At r = 1.200000:	q_mu = 80.36114	q_A  = 78.99800	CLsb = 0.00000	CLb  = 0.46944	CLs  = 0.00000
INFO: (function: getCLs) AsymptoticLimits.cc: 343 -- At r = 0.600000:	q_mu = 64.29144	q_A  = 63.01657	CLsb = 0.00000	CLb  = 0.46800	CLs  = 0.00000
INFO: (function: getCLs) AsymptoticLimits.cc: 343 -- At r = 0.300000:	q_mu = 50.78222	q_A  = 49.54840	CLsb = 0.00000	CLb  = 0.46508	CLs  = 0.00000
INFO: (function: getCLs) AsymptoticLimits.cc: 343 -- At r = 0.150000:	q_mu = 39.16071	q_A  = 37.97275	CLsb = 0.00000	CLb  = 0.46161	CLs  = 0.00000
INFO: (function: getCLs) AsymptoticLimits.cc: 343 -- At r = 0.075000:	q_mu = 29.35808	q_A  = 28.22222	CLsb = 0.00000	CLb  = 0.45743	CLs  = 0.00000
INFO: (function: getCLs) AsymptoticLimits.cc: 343 -- At r = 0.037500:	q_mu = 21.28900	q_A  = 20.21280	CLsb = 0.00000	CLb  = 0.45237	CLs  = 0.00000
INFO: (function: getCLs) AsymptoticLimits.cc: 343 -- At r = 0.018750:	q_mu = 14.84641	q_A  = 13.83936	CLsb = 0.00006	CLb  = 0.44617	CLs  = 0.00013
INFO: (function: getCLs) AsymptoticLimits.cc: 343 -- At r = 0.009375:	q_mu = 9.89987	q_A  = 8.97395	CLsb = 0.00082	CLb  = 0.43859	CLs  = 0.00186
INFO: (function: getCLs) AsymptoticLimits.cc: 343 -- At r = 0.004688:	q_mu = 6.28091	q_A  = 5.44956	CLsb = 0.00599	CLb  = 0.42934	CLs  = 0.01396
INFO: (function: getCLs) AsymptoticLimits.cc: 343 -- At r = 0.002344:	q_mu = 3.77608	q_A  = 3.05373	CLsb = 0.02534	CLb  = 0.41813	CLs  = 0.06060
INFO: (function: getCLs) AsymptoticLimits.cc: 343 -- At r = 0.003516:	q_mu = 5.11936	q_A  = 4.33152	CLsb = 0.01159	CLb  = 0.42494	CLs  = 0.02727
INFO: (function: getCLs) AsymptoticLimits.cc: 343 -- At r = 0.002804:	q_mu = 4.33009	q_A  = 3.57812	CLsb = 0.01829	CLb  = 0.42122	CLs  = 0.04343
INFO: (function: getCLs) AsymptoticLimits.cc: 343 -- At r = 0.002556:	q_mu = 4.03666	q_A  = 3.29985	CLsb = 0.02173	CLb  = 0.41964	CLs  = 0.05177
