INFO: (function: improveOnce) CascadeMinimizer.cc: 188 -- Minimisation configured with Type=Minuit2, Algo=Migrad, strategy=0, tolerance=0.1
INFO: (function: improveOnce) CascadeMinimizer.cc: 211 -- Minimisation finished with status=0
INFO: (function: improveOnce) CascadeMinimizer.cc: 216 -- Minimization success! status=0
INFO: (function: generateAsimov) ToyMCSamplerOpt.cc: 139 -- Using internal logic for binned/unbinned Asimov dataset generation
INFO: (function: generateWithHisto) ToyMCSamplerOpt.cc: 214 -- Generating asimov with histogram for pdf pdf_binfail_LOW_obsOnly: in 5 x-bins
INFO: (function: generateWithHisto) ToyMCSamplerOpt.cc: 215 -- , in 1 y-bins
INFO: (function: generateAsimov) ToyMCSamplerOpt.cc: 139 -- Using internal logic for binned/unbinned Asimov dataset generation
INFO: (function: generateWithHisto) ToyMCSamplerOpt.cc: 214 -- Generating asimov with histogram for pdf pdf_binfail_SIG_obsOnly: in 14 x-bins
INFO: (function: generateWithHisto) ToyMCSamplerOpt.cc: 215 -- , in 1 y-bins
INFO: (function: generateAsimov) ToyMCSamplerOpt.cc: 139 -- Using internal logic for binned/unbinned Asimov dataset generation
INFO: (function: generateWithHisto) ToyMCSamplerOpt.cc: 214 -- Generating asimov with histogram for pdf pdf_binpass_LOW_obsOnly: in 5 x-bins
INFO: (function: generateWithHisto) ToyMCSamplerOpt.cc: 215 -- , in 1 y-bins
INFO: (function: generateAsimov) ToyMCSamplerOpt.cc: 139 -- Using internal logic for binned/unbinned Asimov dataset generation
INFO: (function: generateWithHisto) ToyMCSamplerOpt.cc: 214 -- Generating asimov with histogram for pdf pdf_binpass_SIG_obsOnly: in 14 x-bins
INFO: (function: generateWithHisto) ToyMCSamplerOpt.cc: 215 -- , in 1 y-bins
INFO: (function: runLimitExpected) AsymptoticLimits.cc: 436 -- Median for expected limits = 217.5 (Sigma for expected limits = 110.971)
INFO: (function: runLimit) AsymptoticLimits.cc: 193 -- NLL at global minimum of data = -70696.8 (r=2.38291e-06)
INFO: (function: runLimit) AsymptoticLimits.cc: 213 -- NLL at global minimum of asimov = -70699.7 (r=0.00103423)
INFO: (function: getCLs) AsymptoticLimits.cc: 343 -- At r = 39.960793:	q_mu = 1.52905	q_A  = 1.25761	CLsb = 0.10703	CLb  = 0.45183	CLs  = 0.23689
INFO: (function: getCLs) AsymptoticLimits.cc: 343 -- At r = 79.921587:	q_mu = 2.38541	q_A  = 1.96910	CLsb = 0.06038	CLb  = 0.44104	CLs  = 0.13691
INFO: (function: getCLs) AsymptoticLimits.cc: 343 -- At r = 159.843173:	q_mu = 3.80264	q_A  = 3.11207	CLsb = 0.02501	CLb  = 0.42241	CLs  = 0.05920
INFO: (function: getCLs) AsymptoticLimits.cc: 343 -- At r = 319.686346:	q_mu = 6.11036	q_A  = 5.01185	CLsb = 0.00649	CLb  = 0.40309	CLs  = 0.01611
INFO: (function: getCLs) AsymptoticLimits.cc: 343 -- At r = 159.843174:	q_mu = 3.80267	q_A  = 3.11185	CLsb = 0.02501	CLb  = 0.42238	CLs  = 0.05920
INFO: (function: getCLs) AsymptoticLimits.cc: 343 -- At r = 208.414302:	q_mu = 4.55895	q_A  = 3.72628	CLsb = 0.01594	CLb  = 0.41462	CLs  = 0.03843
INFO: (function: getCLs) AsymptoticLimits.cc: 343 -- At r = 184.753007:	q_mu = 4.19859	q_A  = 3.43262	CLsb = 0.01973	CLb  = 0.41812	CLs  = 0.04718
INFO: (function: getCLs) AsymptoticLimits.cc: 343 -- At r = 174.671872:	q_mu = 4.04053	q_A  = 3.30435	CLsb = 0.02168	CLb  = 0.41977	CLs  = 0.05164
INFO: (function: getCLs) AsymptoticLimits.cc: 343 -- At r = 179.569331:	q_mu = 4.11763	q_A  = 3.36687	CLsb = 0.02070	CLb  = 0.41895	CLs  = 0.04941
INFO: (function: getCLs) AsymptoticLimits.cc: 343 -- At r = 177.538801:	q_mu = 4.08574	q_A  = 3.34099	CLsb = 0.02110	CLb  = 0.41928	CLs  = 0.05032
INFO: (function: getCLs) AsymptoticLimits.cc: 343 -- At r = 178.515241:	q_mu = 4.10109	q_A  = 3.35344	CLsb = 0.02091	CLb  = 0.41912	CLs  = 0.04988
INFO: (function: getCLs) AsymptoticLimits.cc: 343 -- At r = 178.108541:	q_mu = 4.09470	q_A  = 3.34826	CLsb = 0.02099	CLb  = 0.41919	CLs  = 0.05006
