INFO: (function: improveOnce) CascadeMinimizer.cc: 188 -- Minimisation configured with Type=Minuit2, Algo=Migrad, strategy=0, tolerance=0.1
INFO: (function: improveOnce) CascadeMinimizer.cc: 211 -- Minimisation finished with status=0
INFO: (function: improveOnce) CascadeMinimizer.cc: 216 -- Minimization success! status=0
INFO: (function: generateAsimov) ToyMCSamplerOpt.cc: 139 -- Using internal logic for binned/unbinned Asimov dataset generation
INFO: (function: generateWithHisto) ToyMCSamplerOpt.cc: 214 -- Generating asimov with histogram for pdf pdf_binfail_LOW_obsOnly: in 5 x-bins
INFO: (function: generateWithHisto) ToyMCSamplerOpt.cc: 215 -- , in 1 y-bins
INFO: (function: generateAsimov) ToyMCSamplerOpt.cc: 139 -- Using internal logic for binned/unbinned Asimov dataset generation
INFO: (function: generateWithHisto) ToyMCSamplerOpt.cc: 214 -- Generating asimov with histogram for pdf pdf_binfail_SIG_obsOnly: in 4 x-bins
INFO: (function: generateWithHisto) ToyMCSamplerOpt.cc: 215 -- , in 1 y-bins
INFO: (function: generateAsimov) ToyMCSamplerOpt.cc: 139 -- Using internal logic for binned/unbinned Asimov dataset generation
INFO: (function: generateWithHisto) ToyMCSamplerOpt.cc: 214 -- Generating asimov with histogram for pdf pdf_binpass_LOW_obsOnly: in 5 x-bins
INFO: (function: generateWithHisto) ToyMCSamplerOpt.cc: 215 -- , in 1 y-bins
INFO: (function: generateAsimov) ToyMCSamplerOpt.cc: 139 -- Using internal logic for binned/unbinned Asimov dataset generation
INFO: (function: generateWithHisto) ToyMCSamplerOpt.cc: 214 -- Generating asimov with histogram for pdf pdf_binpass_SIG_obsOnly: in 4 x-bins
INFO: (function: generateWithHisto) ToyMCSamplerOpt.cc: 215 -- , in 1 y-bins
INFO: (function: runLimitExpected) AsymptoticLimits.cc: 436 -- Median for expected limits = 18.125 (Sigma for expected limits = 9.24762)
INFO: (function: runLimit) AsymptoticLimits.cc: 193 -- NLL at global minimum of data = -76464.6 (r=3.30925)
INFO: (function: runLimit) AsymptoticLimits.cc: 213 -- NLL at global minimum of asimov = -76466.5 (r=0.102108)
INFO: (function: getCLs) AsymptoticLimits.cc: 343 -- At r = 23.723212:	q_mu = 3.11580	q_A  = 4.97315	CLsb = 0.03877	CLb  = 0.67900	CLs  = 0.05710
INFO: (function: getCLs) AsymptoticLimits.cc: 343 -- At r = 47.446424:	q_mu = 6.79102	q_A  = 9.05138	CLsb = 0.00458	CLb  = 0.65638	CLs  = 0.00698
INFO: (function: getCLs) AsymptoticLimits.cc: 343 -- At r = 25.377835:	q_mu = 3.39577	q_A  = 5.29504	CLsb = 0.03268	CLb  = 0.67664	CLs  = 0.04830
INFO: (function: getCLs) AsymptoticLimits.cc: 343 -- At r = 14.343540:	q_mu = 1.48327	q_A  = 3.01003	CLsb = 0.11163	CLb  = 0.69744	CLs  = 0.16006
INFO: (function: getCLs) AsymptoticLimits.cc: 343 -- At r = 19.860687:	q_mu = 2.45023	q_A  = 4.19431	CLsb = 0.05875	CLb  = 0.68534	CLs  = 0.08573
INFO: (function: getCLs) AsymptoticLimits.cc: 343 -- At r = 24.008319:	q_mu = 3.16428	q_A  = 5.02910	CLsb = 0.03763	CLb  = 0.67858	CLs  = 0.05546
INFO: (function: getCLs) AsymptoticLimits.cc: 343 -- At r = 24.829708:	q_mu = 3.30340	q_A  = 5.18916	CLsb = 0.03457	CLb  = 0.67740	CLs  = 0.05103
INFO: (function: getCLs) AsymptoticLimits.cc: 343 -- At r = 25.102031:	q_mu = 3.34934	q_A  = 5.24186	CLsb = 0.03362	CLb  = 0.67702	CLs  = 0.04965
INFO: (function: getCLs) AsymptoticLimits.cc: 343 -- At r = 24.992094:	q_mu = 3.33080	q_A  = 5.22060	CLsb = 0.03400	CLb  = 0.67718	CLs  = 0.05020
INFO: (function: getCLs) AsymptoticLimits.cc: 343 -- At r = 25.046496:	q_mu = 3.33998	q_A  = 5.23112	CLsb = 0.03381	CLb  = 0.67710	CLs  = 0.04993
