INFO: (function: improveOnce) CascadeMinimizer.cc: 188 -- Minimisation configured with Type=Minuit2, Algo=Migrad, strategy=0, tolerance=0.1
INFO: (function: improveOnce) CascadeMinimizer.cc: 211 -- Minimisation finished with status=0
INFO: (function: improveOnce) CascadeMinimizer.cc: 216 -- Minimization success! status=0
INFO: (function: generateAsimov) ToyMCSamplerOpt.cc: 139 -- Using internal logic for binned/unbinned Asimov dataset generation
INFO: (function: generateWithHisto) ToyMCSamplerOpt.cc: 214 -- Generating asimov with histogram for pdf pdf_binfail_LOW_obsOnly: in 5 x-bins
INFO: (function: generateWithHisto) ToyMCSamplerOpt.cc: 215 -- , in 1 y-bins
INFO: (function: generateAsimov) ToyMCSamplerOpt.cc: 139 -- Using internal logic for binned/unbinned Asimov dataset generation
INFO: (function: generateWithHisto) ToyMCSamplerOpt.cc: 214 -- Generating asimov with histogram for pdf pdf_binfail_SIG_obsOnly: in 3 x-bins
INFO: (function: generateWithHisto) ToyMCSamplerOpt.cc: 215 -- , in 1 y-bins
INFO: (function: generateAsimov) ToyMCSamplerOpt.cc: 139 -- Using internal logic for binned/unbinned Asimov dataset generation
INFO: (function: generateWithHisto) ToyMCSamplerOpt.cc: 214 -- Generating asimov with histogram for pdf pdf_binpass_LOW_obsOnly: in 5 x-bins
INFO: (function: generateWithHisto) ToyMCSamplerOpt.cc: 215 -- , in 1 y-bins
INFO: (function: generateAsimov) ToyMCSamplerOpt.cc: 139 -- Using internal logic for binned/unbinned Asimov dataset generation
INFO: (function: generateWithHisto) ToyMCSamplerOpt.cc: 214 -- Generating asimov with histogram for pdf pdf_binpass_SIG_obsOnly: in 3 x-bins
INFO: (function: generateWithHisto) ToyMCSamplerOpt.cc: 215 -- , in 1 y-bins
INFO: (function: runLimitExpected) AsymptoticLimits.cc: 436 -- Median for expected limits = 0.0112305 (Sigma for expected limits = 0.00572994)
INFO: (function: runLimit) AsymptoticLimits.cc: 193 -- NLL at global minimum of data = -22792.7 (r=0.00638908)
INFO: (function: runLimit) AsymptoticLimits.cc: 213 -- NLL at global minimum of asimov = -22882.1 (r=3.79914e-05)
INFO: (function: getCLs) AsymptoticLimits.cc: 343 -- At r = 1.206389:	q_mu = 1954.81995	q_A  = 1977.77104	CLsb = 0.00000	CLb  = 0.60210	CLs  = 0.00000
INFO: (function: getCLs) AsymptoticLimits.cc: 343 -- At r = 0.606389:	q_mu = 865.46919	q_A  = 875.30657	CLsb = 0.00000	CLb  = 0.56621	CLs  = 0.00000
INFO: (function: getCLs) AsymptoticLimits.cc: 343 -- At r = 0.306389:	q_mu = 386.46558	q_A  = 390.71369	CLsb = 0.00000	CLb  = 0.54290	CLs  = 0.00000
INFO: (function: getCLs) AsymptoticLimits.cc: 343 -- At r = 0.156389:	q_mu = 166.97045	q_A  = 169.80508	CLsb = 0.00000	CLb  = 0.54349	CLs  = 0.00000
INFO: (function: getCLs) AsymptoticLimits.cc: 343 -- At r = 0.081389:	q_mu = 65.54389	q_A  = 69.30982	CLsb = 0.00000	CLb  = 0.59070	CLs  = 0.00000
INFO: (function: getCLs) AsymptoticLimits.cc: 343 -- At r = 0.043889:	q_mu = 21.96279	q_A  = 26.70314	CLsb = 0.00000	CLb  = 0.68476	CLs  = 0.00000
INFO: (function: getCLs) AsymptoticLimits.cc: 343 -- At r = 0.025139:	q_mu = 6.31256	q_A  = 11.53615	CLsb = 0.00599	CLb  = 0.81165	CLs  = 0.00739
INFO: (function: getCLs) AsymptoticLimits.cc: 343 -- At r = 0.015764:	q_mu = 1.99388	q_A  = 6.05303	CLsb = 0.07897	CLb  = 0.85274	CLs  = 0.09261
INFO: (function: getCLs) AsymptoticLimits.cc: 343 -- At r = 0.020452:	q_mu = 3.87977	q_A  = 8.71268	CLsb = 0.02444	CLb  = 0.83695	CLs  = 0.02920
INFO: (function: getCLs) AsymptoticLimits.cc: 343 -- At r = 0.017766:	q_mu = 2.75136	q_A  = 7.16630	CLsb = 0.04859	CLb  = 0.84573	CLs  = 0.05745
INFO: (function: getCLs) AsymptoticLimits.cc: 343 -- At r = 0.018744:	q_mu = 3.14836	q_A  = 7.72279	CLsb = 0.03800	CLb  = 0.84246	CLs  = 0.04511
INFO: (function: getCLs) AsymptoticLimits.cc: 343 -- At r = 0.018216:	q_mu = 2.93165	q_A  = 7.42097	CLsb = 0.04343	CLb  = 0.84422	CLs  = 0.05144
