INFO: (function: improveOnce) CascadeMinimizer.cc: 188 -- Minimisation configured with Type=Minuit2, Algo=Migrad, strategy=0, tolerance=0.1
INFO: (function: improveOnce) CascadeMinimizer.cc: 211 -- Minimisation finished with status=0
INFO: (function: improveOnce) CascadeMinimizer.cc: 216 -- Minimization success! status=0
INFO: (function: generateAsimov) ToyMCSamplerOpt.cc: 139 -- Using internal logic for binned/unbinned Asimov dataset generation
INFO: (function: generateWithHisto) ToyMCSamplerOpt.cc: 214 -- Generating asimov with histogram for pdf pdf_binfail_LOW_obsOnly: in 5 x-bins
INFO: (function: generateWithHisto) ToyMCSamplerOpt.cc: 215 -- , in 1 y-bins
INFO: (function: generateAsimov) ToyMCSamplerOpt.cc: 139 -- Using internal logic for binned/unbinned Asimov dataset generation
INFO: (function: generateWithHisto) ToyMCSamplerOpt.cc: 214 -- Generating asimov with histogram for pdf pdf_binfail_SIG_obsOnly: in 3 x-bins
INFO: (function: generateWithHisto) ToyMCSamplerOpt.cc: 215 -- , in 1 y-bins
INFO: (function: generateAsimov) ToyMCSamplerOpt.cc: 139 -- Using internal logic for binned/unbinned Asimov dataset generation
INFO: (function: generateWithHisto) ToyMCSamplerOpt.cc: 214 -- Generating asimov with histogram for pdf pdf_binpass_LOW_obsOnly: in 5 x-bins
INFO: (function: generateWithHisto) ToyMCSamplerOpt.cc: 215 -- , in 1 y-bins
INFO: (function: generateAsimov) ToyMCSamplerOpt.cc: 139 -- Using internal logic for binned/unbinned Asimov dataset generation
INFO: (function: generateWithHisto) ToyMCSamplerOpt.cc: 214 -- Generating asimov with histogram for pdf pdf_binpass_SIG_obsOnly: in 3 x-bins
INFO: (function: generateWithHisto) ToyMCSamplerOpt.cc: 215 -- , in 1 y-bins
INFO: (function: runLimitExpected) AsymptoticLimits.cc: 436 -- Median for expected limits = 0.0703125 (Sigma for expected limits = 0.0358744)
INFO: (function: runLimit) AsymptoticLimits.cc: 193 -- NLL at global minimum of data = -1.45909e+07 (r=0.079616)
INFO: (function: runLimit) AsymptoticLimits.cc: 213 -- NLL at global minimum of asimov = -1.45907e+07 (r=0.000284852)
INFO: (function: getCLs) AsymptoticLimits.cc: 343 -- At r = 1.279616:	q_mu = 327.25693	q_A  = 382.04653	CLsb = 0.00000	CLb  = 0.92727	CLs  = 0.00000
INFO: (function: getCLs) AsymptoticLimits.cc: 343 -- At r = 0.679616:	q_mu = 121.70232	q_A  = 164.58230	CLsb = 0.00000	CLb  = 0.96384	CLs  = 0.00000
INFO: (function: getCLs) AsymptoticLimits.cc: 343 -- At r = 0.379616:	q_mu = 39.53682	q_A  = 70.07734	CLsb = 0.00000	CLb  = 0.98139	CLs  = 0.00000
INFO: (function: getCLs) AsymptoticLimits.cc: 343 -- At r = 0.229616:	q_mu = 10.96690	q_A  = 31.39087	CLsb = 0.00046	CLb  = 0.98902	CLs  = 0.00047
INFO: (function: getCLs) AsymptoticLimits.cc: 343 -- At r = 0.154616:	q_mu = 2.46441	q_A  = 16.01939	CLsb = 0.05823	CLb  = 0.99250	CLs  = 0.05867
INFO: (function: getCLs) AsymptoticLimits.cc: 343 -- At r = 0.192116:	q_mu = 6.09317	q_A  = 23.27580	CLsb = 0.00679	CLb  = 0.99077	CLs  = 0.00685
INFO: (function: getCLs) AsymptoticLimits.cc: 343 -- At r = 0.173366:	q_mu = 4.10918	q_A  = 19.53026	CLsb = 0.02133	CLb  = 0.99163	CLs  = 0.02151
INFO: (function: getCLs) AsymptoticLimits.cc: 343 -- At r = 0.160755:	q_mu = 2.96368	q_A  = 17.14169	CLsb = 0.04258	CLb  = 0.99221	CLs  = 0.04291
INFO: (function: getCLs) AsymptoticLimits.cc: 343 -- At r = 0.157126:	q_mu = 2.66378	q_A  = 16.47496	CLsb = 0.05133	CLb  = 0.99238	CLs  = 0.05172
INFO: (function: getCLs) AsymptoticLimits.cc: 343 -- At r = 0.158378:	q_mu = 2.76571	q_A  = 16.70394	CLsb = 0.04815	CLb  = 0.99232	CLs  = 0.04852
INFO: (function: getCLs) AsymptoticLimits.cc: 343 -- At r = 0.157658:	q_mu = 2.70685	q_A  = 16.57202	CLsb = 0.04996	CLb  = 0.99236	CLs  = 0.05034
