INFO: (function: improveOnce) CascadeMinimizer.cc: 188 -- Minimisation configured with Type=Minuit2, Algo=Migrad, strategy=0, tolerance=0.1
INFO: (function: improveOnce) CascadeMinimizer.cc: 211 -- Minimisation finished with status=0
INFO: (function: improveOnce) CascadeMinimizer.cc: 216 -- Minimization success! status=0
INFO: (function: generateAsimov) ToyMCSamplerOpt.cc: 139 -- Using internal logic for binned/unbinned Asimov dataset generation
INFO: (function: generateWithHisto) ToyMCSamplerOpt.cc: 214 -- Generating asimov with histogram for pdf pdf_binfail_LOW_obsOnly: in 6 x-bins
INFO: (function: generateWithHisto) ToyMCSamplerOpt.cc: 215 -- , in 1 y-bins
INFO: (function: generateAsimov) ToyMCSamplerOpt.cc: 139 -- Using internal logic for binned/unbinned Asimov dataset generation
INFO: (function: generateWithHisto) ToyMCSamplerOpt.cc: 214 -- Generating asimov with histogram for pdf pdf_binfail_SIG_obsOnly: in 8 x-bins
INFO: (function: generateWithHisto) ToyMCSamplerOpt.cc: 215 -- , in 1 y-bins
INFO: (function: generateAsimov) ToyMCSamplerOpt.cc: 139 -- Using internal logic for binned/unbinned Asimov dataset generation
INFO: (function: generateWithHisto) ToyMCSamplerOpt.cc: 214 -- Generating asimov with histogram for pdf pdf_binpass_LOW_obsOnly: in 6 x-bins
INFO: (function: generateWithHisto) ToyMCSamplerOpt.cc: 215 -- , in 1 y-bins
INFO: (function: generateAsimov) ToyMCSamplerOpt.cc: 139 -- Using internal logic for binned/unbinned Asimov dataset generation
INFO: (function: generateWithHisto) ToyMCSamplerOpt.cc: 214 -- Generating asimov with histogram for pdf pdf_binpass_SIG_obsOnly: in 8 x-bins
INFO: (function: generateWithHisto) ToyMCSamplerOpt.cc: 215 -- , in 1 y-bins
INFO: (function: runLimitExpected) AsymptoticLimits.cc: 436 -- Median for expected limits = 2193 (Sigma for expected limits = 1118.9)
INFO: (function: runLimit) AsymptoticLimits.cc: 193 -- NLL at global minimum of data = -777268 (r=0.00177584)
INFO: (function: runLimit) AsymptoticLimits.cc: 213 -- NLL at global minimum of asimov = -777257 (r=9.52491e-11)
INFO: (function: getCLs) AsymptoticLimits.cc: 343 -- At r = 1235.976343:	q_mu = 3.13256	q_A  = 2.06384	CLsb = 0.03526	CLb  = 0.35496	CLs  = 0.09933
INFO: (function: getCLs) AsymptoticLimits.cc: 343 -- At r = 2471.952685:	q_mu = 5.75164	q_A  = 4.33039	CLsb = 0.00771	CLb  = 0.36637	CLs  = 0.02104
INFO: (function: getCLs) AsymptoticLimits.cc: 343 -- At r = 1235.977231:	q_mu = 3.13259	q_A  = 2.06390	CLsb = 0.03526	CLb  = 0.35497	CLs  = 0.09933
INFO: (function: getCLs) AsymptoticLimits.cc: 343 -- At r = 1920.479444:	q_mu = 4.63086	q_A  = 3.33819	CLsb = 0.01460	CLb  = 0.36176	CLs  = 0.04035
INFO: (function: getCLs) AsymptoticLimits.cc: 343 -- At r = 1653.265550:	q_mu = 4.06131	q_A  = 2.84492	CLsb = 0.02032	CLb  = 0.35921	CLs  = 0.05656
INFO: (function: getCLs) AsymptoticLimits.cc: 343 -- At r = 1784.740435:	q_mu = 4.34386	q_A  = 3.08865	CLsb = 0.01723	CLb  = 0.36051	CLs  = 0.04780
INFO: (function: getCLs) AsymptoticLimits.cc: 343 -- At r = 1730.347798:	q_mu = 4.22754	q_A  = 2.98801	CLsb = 0.01844	CLb  = 0.35997	CLs  = 0.05122
INFO: (function: getCLs) AsymptoticLimits.cc: 343 -- At r = 1756.440959:	q_mu = 4.28343	q_A  = 3.03629	CLsb = 0.01785	CLb  = 0.36022	CLs  = 0.04955
INFO: (function: getCLs) AsymptoticLimits.cc: 343 -- At r = 1745.527444:	q_mu = 4.26007	q_A  = 3.01611	CLsb = 0.01809	CLb  = 0.36012	CLs  = 0.05024
INFO: (function: getCLs) AsymptoticLimits.cc: 343 -- At r = 1750.738280:	q_mu = 4.27123	q_A  = 3.02575	CLsb = 0.01798	CLb  = 0.36017	CLs  = 0.04991
