INFO: (function: improveOnce) CascadeMinimizer.cc: 188 -- Minimisation configured with Type=Minuit2, Algo=Migrad, strategy=0, tolerance=0.1
INFO: (function: improveOnce) CascadeMinimizer.cc: 211 -- Minimisation finished with status=0
INFO: (function: improveOnce) CascadeMinimizer.cc: 216 -- Minimization success! status=0
INFO: (function: generateAsimov) ToyMCSamplerOpt.cc: 139 -- Using internal logic for binned/unbinned Asimov dataset generation
INFO: (function: generateWithHisto) ToyMCSamplerOpt.cc: 214 -- Generating asimov with histogram for pdf pdf_binfail_LOW_obsOnly: in 6 x-bins
INFO: (function: generateWithHisto) ToyMCSamplerOpt.cc: 215 -- , in 1 y-bins
INFO: (function: generateAsimov) ToyMCSamplerOpt.cc: 139 -- Using internal logic for binned/unbinned Asimov dataset generation
INFO: (function: generateWithHisto) ToyMCSamplerOpt.cc: 214 -- Generating asimov with histogram for pdf pdf_binfail_SIG_obsOnly: in 8 x-bins
INFO: (function: generateWithHisto) ToyMCSamplerOpt.cc: 215 -- , in 1 y-bins
INFO: (function: generateAsimov) ToyMCSamplerOpt.cc: 139 -- Using internal logic for binned/unbinned Asimov dataset generation
INFO: (function: generateWithHisto) ToyMCSamplerOpt.cc: 214 -- Generating asimov with histogram for pdf pdf_binpass_LOW_obsOnly: in 6 x-bins
INFO: (function: generateWithHisto) ToyMCSamplerOpt.cc: 215 -- , in 1 y-bins
INFO: (function: generateAsimov) ToyMCSamplerOpt.cc: 139 -- Using internal logic for binned/unbinned Asimov dataset generation
INFO: (function: generateWithHisto) ToyMCSamplerOpt.cc: 214 -- Generating asimov with histogram for pdf pdf_binpass_SIG_obsOnly: in 8 x-bins
INFO: (function: generateWithHisto) ToyMCSamplerOpt.cc: 215 -- , in 1 y-bins
INFO: (function: runLimitExpected) AsymptoticLimits.cc: 436 -- Median for expected limits = 6.3125 (Sigma for expected limits = 3.22072)
INFO: (function: runLimit) AsymptoticLimits.cc: 193 -- NLL at global minimum of data = -777269 (r=4.08925e-08)
INFO: (function: runLimit) AsymptoticLimits.cc: 213 -- NLL at global minimum of asimov = -777258 (r=4.72955e-13)
INFO: (function: getCLs) AsymptoticLimits.cc: 343 -- At r = 4.152058:	q_mu = 3.49897	q_A  = 2.48188	CLsb = 0.02883	CLb  = 0.37342	CLs  = 0.07722
INFO: (function: getCLs) AsymptoticLimits.cc: 343 -- At r = 8.304117:	q_mu = 6.33453	q_A  = 5.03630	CLsb = 0.00565	CLb  = 0.38620	CLs  = 0.01462
INFO: (function: getCLs) AsymptoticLimits.cc: 343 -- At r = 4.152058:	q_mu = 3.49897	q_A  = 2.48185	CLsb = 0.02883	CLb  = 0.37342	CLs  = 0.07722
INFO: (function: getCLs) AsymptoticLimits.cc: 343 -- At r = 6.228088:	q_mu = 4.97633	q_A  = 3.79421	CLsb = 0.01218	CLb  = 0.38078	CLs  = 0.03199
INFO: (function: getCLs) AsymptoticLimits.cc: 343 -- At r = 5.386513:	q_mu = 4.39370	q_A  = 3.27066	CLsb = 0.01705	CLb  = 0.37809	CLs  = 0.04508
INFO: (function: getCLs) AsymptoticLimits.cc: 343 -- At r = 4.949662:	q_mu = 4.08272	q_A  = 2.99434	CLsb = 0.02043	CLb  = 0.37658	CLs  = 0.05426
INFO: (function: getCLs) AsymptoticLimits.cc: 343 -- At r = 5.191227:	q_mu = 4.25553	q_A  = 3.14754	CLsb = 0.01847	CLb  = 0.37742	CLs  = 0.04894
INFO: (function: getCLs) AsymptoticLimits.cc: 343 -- At r = 5.102813:	q_mu = 4.19238	q_A  = 3.09158	CLsb = 0.01916	CLb  = 0.37713	CLs  = 0.05082
INFO: (function: getCLs) AsymptoticLimits.cc: 343 -- At r = 5.150975:	q_mu = 4.22690	q_A  = 3.12208	CLsb = 0.01878	CLb  = 0.37728	CLs  = 0.04978
INFO: (function: getCLs) AsymptoticLimits.cc: 343 -- At r = 5.133195:	q_mu = 4.21404	q_A  = 3.11083	CLsb = 0.01892	CLb  = 0.37724	CLs  = 0.05016
