INFO: (function: improveOnce) CascadeMinimizer.cc: 188 -- Minimisation configured with Type=Minuit2, Algo=Migrad, strategy=0, tolerance=0.1
INFO: (function: improveOnce) CascadeMinimizer.cc: 211 -- Minimisation finished with status=0
INFO: (function: improveOnce) CascadeMinimizer.cc: 216 -- Minimization success! status=0
INFO: (function: generateAsimov) ToyMCSamplerOpt.cc: 139 -- Using internal logic for binned/unbinned Asimov dataset generation
INFO: (function: generateWithHisto) ToyMCSamplerOpt.cc: 214 -- Generating asimov with histogram for pdf pdf_binfail_LOW_obsOnly: in 5 x-bins
INFO: (function: generateWithHisto) ToyMCSamplerOpt.cc: 215 -- , in 1 y-bins
INFO: (function: generateAsimov) ToyMCSamplerOpt.cc: 139 -- Using internal logic for binned/unbinned Asimov dataset generation
INFO: (function: generateWithHisto) ToyMCSamplerOpt.cc: 214 -- Generating asimov with histogram for pdf pdf_binfail_SIG_obsOnly: in 8 x-bins
INFO: (function: generateWithHisto) ToyMCSamplerOpt.cc: 215 -- , in 1 y-bins
INFO: (function: generateAsimov) ToyMCSamplerOpt.cc: 139 -- Using internal logic for binned/unbinned Asimov dataset generation
INFO: (function: generateWithHisto) ToyMCSamplerOpt.cc: 214 -- Generating asimov with histogram for pdf pdf_binpass_LOW_obsOnly: in 5 x-bins
INFO: (function: generateWithHisto) ToyMCSamplerOpt.cc: 215 -- , in 1 y-bins
INFO: (function: generateAsimov) ToyMCSamplerOpt.cc: 139 -- Using internal logic for binned/unbinned Asimov dataset generation
INFO: (function: generateWithHisto) ToyMCSamplerOpt.cc: 214 -- Generating asimov with histogram for pdf pdf_binpass_SIG_obsOnly: in 8 x-bins
INFO: (function: generateWithHisto) ToyMCSamplerOpt.cc: 215 -- , in 1 y-bins
INFO: (function: runLimitExpected) AsymptoticLimits.cc: 436 -- Median for expected limits = 0.414062 (Sigma for expected limits = 0.21126)
INFO: (function: runLimit) AsymptoticLimits.cc: 193 -- NLL at global minimum of data = -737427 (r=6.62988e-08)
INFO: (function: runLimit) AsymptoticLimits.cc: 213 -- NLL at global minimum of asimov = -737418 (r=4.61853e-13)
INFO: (function: getCLs) AsymptoticLimits.cc: 343 -- At r = 1.200000:	q_mu = 11.86021	q_A  = 10.20993	CLsb = 0.00028	CLb  = 0.39811	CLs  = 0.00069
INFO: (function: getCLs) AsymptoticLimits.cc: 343 -- At r = 0.600000:	q_mu = 6.93625	q_A  = 5.53296	CLsb = 0.00402	CLb  = 0.38274	CLs  = 0.01050
INFO: (function: getCLs) AsymptoticLimits.cc: 343 -- At r = 0.300000:	q_mu = 3.87806	q_A  = 2.75753	CLsb = 0.02286	CLb  = 0.36791	CLs  = 0.06213
INFO: (function: getCLs) AsymptoticLimits.cc: 343 -- At r = 0.450000:	q_mu = 5.47541	q_A  = 4.18503	CLsb = 0.00911	CLb  = 0.37624	CLs  = 0.02421
INFO: (function: getCLs) AsymptoticLimits.cc: 343 -- At r = 0.357667:	q_mu = 4.50976	q_A  = 3.31474	CLsb = 0.01582	CLb  = 0.37139	CLs  = 0.04261
INFO: (function: getCLs) AsymptoticLimits.cc: 343 -- At r = 0.326570:	q_mu = 4.17202	q_A  = 3.01555	CLsb = 0.01925	CLb  = 0.36957	CLs  = 0.05208
INFO: (function: getCLs) AsymptoticLimits.cc: 343 -- At r = 0.337848:	q_mu = 4.29527	q_A  = 3.12440	CLsb = 0.01792	CLb  = 0.37025	CLs  = 0.04839
INFO: (function: getCLs) AsymptoticLimits.cc: 343 -- At r = 0.331582:	q_mu = 4.22690	q_A  = 3.06397	CLsb = 0.01864	CLb  = 0.36987	CLs  = 0.05041
INFO: (function: getCLs) AsymptoticLimits.cc: 343 -- At r = 0.333828:	q_mu = 4.25144	q_A  = 3.08565	CLsb = 0.01838	CLb  = 0.37001	CLs  = 0.04967
INFO: (function: getCLs) AsymptoticLimits.cc: 343 -- At r = 0.332573:	q_mu = 4.23773	q_A  = 3.07354	CLsb = 0.01853	CLb  = 0.36993	CLs  = 0.05008
