INFO: (function: improveOnce) CascadeMinimizer.cc: 188 -- Minimisation configured with Type=Minuit2, Algo=Migrad, strategy=0, tolerance=0.1
INFO: (function: improveOnce) CascadeMinimizer.cc: 211 -- Minimisation finished with status=0
INFO: (function: improveOnce) CascadeMinimizer.cc: 216 -- Minimization success! status=0
INFO: (function: generateAsimov) ToyMCSamplerOpt.cc: 139 -- Using internal logic for binned/unbinned Asimov dataset generation
INFO: (function: generateWithHisto) ToyMCSamplerOpt.cc: 214 -- Generating asimov with histogram for pdf pdf_binfail_LOW_obsOnly: in 5 x-bins
INFO: (function: generateWithHisto) ToyMCSamplerOpt.cc: 215 -- , in 1 y-bins
INFO: (function: generateAsimov) ToyMCSamplerOpt.cc: 139 -- Using internal logic for binned/unbinned Asimov dataset generation
INFO: (function: generateWithHisto) ToyMCSamplerOpt.cc: 214 -- Generating asimov with histogram for pdf pdf_binfail_SIG_obsOnly: in 4 x-bins
INFO: (function: generateWithHisto) ToyMCSamplerOpt.cc: 215 -- , in 1 y-bins
INFO: (function: generateAsimov) ToyMCSamplerOpt.cc: 139 -- Using internal logic for binned/unbinned Asimov dataset generation
INFO: (function: generateWithHisto) ToyMCSamplerOpt.cc: 214 -- Generating asimov with histogram for pdf pdf_binpass_LOW_obsOnly: in 5 x-bins
INFO: (function: generateWithHisto) ToyMCSamplerOpt.cc: 215 -- , in 1 y-bins
INFO: (function: generateAsimov) ToyMCSamplerOpt.cc: 139 -- Using internal logic for binned/unbinned Asimov dataset generation
INFO: (function: generateWithHisto) ToyMCSamplerOpt.cc: 214 -- Generating asimov with histogram for pdf pdf_binpass_SIG_obsOnly: in 4 x-bins
INFO: (function: generateWithHisto) ToyMCSamplerOpt.cc: 215 -- , in 1 y-bins
INFO: (function: runLimitExpected) AsymptoticLimits.cc: 436 -- Median for expected limits = 592 (Sigma for expected limits = 302.046)
INFO: (function: runLimit) AsymptoticLimits.cc: 193 -- NLL at global minimum of data = -76462.7 (r=126.352)
INFO: (function: runLimit) AsymptoticLimits.cc: 213 -- NLL at global minimum of asimov = -76463.8 (r=1.8865)
INFO: (function: getCLs) AsymptoticLimits.cc: 343 -- At r = 712.937515:	q_mu = 3.06084	q_A  = 4.80516	CLsb = 0.04010	CLb  = 0.67095	CLs  = 0.05977
INFO: (function: getCLs) AsymptoticLimits.cc: 343 -- At r = 1425.875030:	q_mu = 8.45455	q_A  = 10.56634	CLsb = 0.00182	CLb  = 0.63417	CLs  = 0.00287
INFO: (function: getCLs) AsymptoticLimits.cc: 343 -- At r = 776.113477:	q_mu = 3.51367	q_A  = 5.31488	CLsb = 0.03043	CLb  = 0.66674	CLs  = 0.04564
INFO: (function: getCLs) AsymptoticLimits.cc: 343 -- At r = 451.232700:	q_mu = 1.31873	q_A  = 2.73418	CLsb = 0.12541	CLb  = 0.69328	CLs  = 0.18089
INFO: (function: getCLs) AsymptoticLimits.cc: 343 -- At r = 613.673089:	q_mu = 2.37043	q_A  = 4.01028	CLsb = 0.06183	CLb  = 0.67830	CLs  = 0.09115
INFO: (function: getCLs) AsymptoticLimits.cc: 343 -- At r = 726.496877:	q_mu = 3.15718	q_A  = 4.91436	CLsb = 0.03780	CLb  = 0.67003	CLs  = 0.05641
INFO: (function: getCLs) AsymptoticLimits.cc: 343 -- At r = 749.105603:	q_mu = 3.31893	q_A  = 5.09670	CLsb = 0.03424	CLb  = 0.66851	CLs  = 0.05122
INFO: (function: getCLs) AsymptoticLimits.cc: 343 -- At r = 759.035780:	q_mu = 3.39033	q_A  = 5.17687	CLsb = 0.03279	CLb  = 0.66785	CLs  = 0.04910
INFO: (function: getCLs) AsymptoticLimits.cc: 343 -- At r = 753.636391:	q_mu = 3.35155	q_A  = 5.13327	CLsb = 0.03357	CLb  = 0.66820	CLs  = 0.05024
INFO: (function: getCLs) AsymptoticLimits.cc: 343 -- At r = 755.617518:	q_mu = 3.36573	q_A  = 5.14927	CLsb = 0.03328	CLb  = 0.66808	CLs  = 0.04982
