INFO: (function: improveOnce) CascadeMinimizer.cc: 188 -- Minimisation configured with Type=Minuit2, Algo=Migrad, strategy=0, tolerance=0.1
INFO: (function: improveOnce) CascadeMinimizer.cc: 211 -- Minimisation finished with status=0
INFO: (function: improveOnce) CascadeMinimizer.cc: 216 -- Minimization success! status=0
INFO: (function: generateAsimov) ToyMCSamplerOpt.cc: 139 -- Using internal logic for binned/unbinned Asimov dataset generation
INFO: (function: generateWithHisto) ToyMCSamplerOpt.cc: 214 -- Generating asimov with histogram for pdf pdf_binfail_LOW_obsOnly: in 5 x-bins
INFO: (function: generateWithHisto) ToyMCSamplerOpt.cc: 215 -- , in 1 y-bins
INFO: (function: generateAsimov) ToyMCSamplerOpt.cc: 139 -- Using internal logic for binned/unbinned Asimov dataset generation
INFO: (function: generateWithHisto) ToyMCSamplerOpt.cc: 214 -- Generating asimov with histogram for pdf pdf_binfail_SIG_obsOnly: in 6 x-bins
INFO: (function: generateWithHisto) ToyMCSamplerOpt.cc: 215 -- , in 1 y-bins
INFO: (function: generateAsimov) ToyMCSamplerOpt.cc: 139 -- Using internal logic for binned/unbinned Asimov dataset generation
INFO: (function: generateWithHisto) ToyMCSamplerOpt.cc: 214 -- Generating asimov with histogram for pdf pdf_binpass_LOW_obsOnly: in 5 x-bins
INFO: (function: generateWithHisto) ToyMCSamplerOpt.cc: 215 -- , in 1 y-bins
INFO: (function: generateAsimov) ToyMCSamplerOpt.cc: 139 -- Using internal logic for binned/unbinned Asimov dataset generation
INFO: (function: generateWithHisto) ToyMCSamplerOpt.cc: 214 -- Generating asimov with histogram for pdf pdf_binpass_SIG_obsOnly: in 6 x-bins
INFO: (function: generateWithHisto) ToyMCSamplerOpt.cc: 215 -- , in 1 y-bins
INFO: (function: runLimitExpected) AsymptoticLimits.cc: 436 -- Median for expected limits = 23.375 (Sigma for expected limits = 11.9262)
INFO: (function: runLimit) AsymptoticLimits.cc: 193 -- NLL at global minimum of data = -985571 (r=1.38639e-06)
INFO: (function: runLimit) AsymptoticLimits.cc: 213 -- NLL at global minimum of asimov = -985567 (r=4.71136e-14)
INFO: (function: getCLs) AsymptoticLimits.cc: 343 -- At r = 10.703469:	q_mu = 2.58665	q_A  = 1.39353	CLsb = 0.04591	CLb  = 0.30665	CLs  = 0.14973
INFO: (function: getCLs) AsymptoticLimits.cc: 343 -- At r = 21.406938:	q_mu = 5.06799	q_A  = 3.44666	CLsb = 0.01092	CLb  = 0.33118	CLs  = 0.03297
INFO: (function: getCLs) AsymptoticLimits.cc: 343 -- At r = 10.703470:	q_mu = 2.58667	q_A  = 1.39353	CLsb = 0.04591	CLb  = 0.30665	CLs  = 0.14972
INFO: (function: getCLs) AsymptoticLimits.cc: 343 -- At r = 16.909768:	q_mu = 4.03522	q_A  = 2.56334	CLsb = 0.01967	CLb  = 0.32288	CLs  = 0.06091
INFO: (function: getCLs) AsymptoticLimits.cc: 343 -- At r = 18.965866:	q_mu = 4.50882	q_A  = 2.96456	CLsb = 0.01499	CLb  = 0.32692	CLs  = 0.04587
INFO: (function: getCLs) AsymptoticLimits.cc: 343 -- At r = 18.054191:	q_mu = 4.29918	q_A  = 2.78606	CLsb = 0.01690	CLb  = 0.32518	CLs  = 0.05198
INFO: (function: getCLs) AsymptoticLimits.cc: 343 -- At r = 18.462614:	q_mu = 4.39316	q_A  = 2.86591	CLsb = 0.01602	CLb  = 0.32597	CLs  = 0.04914
INFO: (function: getCLs) AsymptoticLimits.cc: 343 -- At r = 18.279763:	q_mu = 4.35109	q_A  = 2.83014	CLsb = 0.01641	CLb  = 0.32562	CLs  = 0.05039
INFO: (function: getCLs) AsymptoticLimits.cc: 343 -- At r = 18.361342:	q_mu = 4.36986	q_A  = 2.84609	CLsb = 0.01623	CLb  = 0.32577	CLs  = 0.04983
