INFO: (function: improveOnce) CascadeMinimizer.cc: 188 -- Minimisation configured with Type=Minuit2, Algo=Migrad, strategy=0, tolerance=0.1
INFO: (function: improveOnce) CascadeMinimizer.cc: 211 -- Minimisation finished with status=0
INFO: (function: improveOnce) CascadeMinimizer.cc: 216 -- Minimization success! status=0
INFO: (function: generateAsimov) ToyMCSamplerOpt.cc: 139 -- Using internal logic for binned/unbinned Asimov dataset generation
INFO: (function: generateWithHisto) ToyMCSamplerOpt.cc: 214 -- Generating asimov with histogram for pdf pdf_binfail_LOW_obsOnly: in 6 x-bins
INFO: (function: generateWithHisto) ToyMCSamplerOpt.cc: 215 -- , in 1 y-bins
INFO: (function: generateAsimov) ToyMCSamplerOpt.cc: 139 -- Using internal logic for binned/unbinned Asimov dataset generation
INFO: (function: generateWithHisto) ToyMCSamplerOpt.cc: 214 -- Generating asimov with histogram for pdf pdf_binfail_SIG_obsOnly: in 1 x-bins
INFO: (function: generateWithHisto) ToyMCSamplerOpt.cc: 215 -- , in 1 y-bins
INFO: (function: generateAsimov) ToyMCSamplerOpt.cc: 139 -- Using internal logic for binned/unbinned Asimov dataset generation
INFO: (function: generateWithHisto) ToyMCSamplerOpt.cc: 214 -- Generating asimov with histogram for pdf pdf_binpass_LOW_obsOnly: in 6 x-bins
INFO: (function: generateWithHisto) ToyMCSamplerOpt.cc: 215 -- , in 1 y-bins
INFO: (function: generateAsimov) ToyMCSamplerOpt.cc: 139 -- Using internal logic for binned/unbinned Asimov dataset generation
INFO: (function: generateWithHisto) ToyMCSamplerOpt.cc: 214 -- Generating asimov with histogram for pdf pdf_binpass_SIG_obsOnly: in 1 x-bins
INFO: (function: generateWithHisto) ToyMCSamplerOpt.cc: 215 -- , in 1 y-bins
INFO: (function: runLimitExpected) AsymptoticLimits.cc: 436 -- Median for expected limits = 70.75 (Sigma for expected limits = 36.0976)
INFO: (function: runLimit) AsymptoticLimits.cc: 193 -- NLL at global minimum of data = -3152.1 (r=40.3981)
INFO: (function: runLimit) AsymptoticLimits.cc: 213 -- NLL at global minimum of asimov = -3154.83 (r=0.124814)
INFO: (function: getCLs) AsymptoticLimits.cc: 343 -- At r = 137.591660:	q_mu = 2.96821	q_A  = 7.77133	CLsb = 0.04246	CLb  = 0.85653	CLs  = 0.04957
INFO: (function: getCLs) AsymptoticLimits.cc: 343 -- At r = 88.994881:	q_mu = 1.10667	q_A  = 4.94574	CLsb = 0.14640	CLb  = 0.87938	CLs  = 0.16648
INFO: (function: getCLs) AsymptoticLimits.cc: 343 -- At r = 113.293271:	q_mu = 1.99369	q_A  = 6.38544	CLsb = 0.07898	CLb  = 0.86757	CLs  = 0.09103
INFO: (function: getCLs) AsymptoticLimits.cc: 343 -- At r = 132.455558:	q_mu = 2.75374	q_A  = 7.48289	CLsb = 0.04851	CLb  = 0.85905	CLs  = 0.05647
INFO: (function: getCLs) AsymptoticLimits.cc: 343 -- At r = 136.292074:	q_mu = 2.91375	q_A  = 7.69857	CLsb = 0.04391	CLb  = 0.85716	CLs  = 0.05123
INFO: (function: getCLs) AsymptoticLimits.cc: 343 -- At r = 137.059197:	q_mu = 2.94596	q_A  = 7.74153	CLsb = 0.04305	CLb  = 0.85678	CLs  = 0.05024
