INFO: (function: improveOnce) CascadeMinimizer.cc: 188 -- Minimisation configured with Type=Minuit2, Algo=Migrad, strategy=0, tolerance=0.1
INFO: (function: improveOnce) CascadeMinimizer.cc: 211 -- Minimisation finished with status=0
INFO: (function: improveOnce) CascadeMinimizer.cc: 216 -- Minimization success! status=0
INFO: (function: generateAsimov) ToyMCSamplerOpt.cc: 139 -- Using internal logic for binned/unbinned Asimov dataset generation
INFO: (function: generateWithHisto) ToyMCSamplerOpt.cc: 214 -- Generating asimov with histogram for pdf pdf_binfail_LOW_obsOnly: in 9 x-bins
INFO: (function: generateWithHisto) ToyMCSamplerOpt.cc: 215 -- , in 1 y-bins
INFO: (function: generateAsimov) ToyMCSamplerOpt.cc: 139 -- Using internal logic for binned/unbinned Asimov dataset generation
INFO: (function: generateWithHisto) ToyMCSamplerOpt.cc: 214 -- Generating asimov with histogram for pdf pdf_binfail_SIG_obsOnly: in 5 x-bins
INFO: (function: generateWithHisto) ToyMCSamplerOpt.cc: 215 -- , in 1 y-bins
INFO: (function: generateAsimov) ToyMCSamplerOpt.cc: 139 -- Using internal logic for binned/unbinned Asimov dataset generation
INFO: (function: generateWithHisto) ToyMCSamplerOpt.cc: 214 -- Generating asimov with histogram for pdf pdf_binpass_LOW_obsOnly: in 9 x-bins
INFO: (function: generateWithHisto) ToyMCSamplerOpt.cc: 215 -- , in 1 y-bins
INFO: (function: generateAsimov) ToyMCSamplerOpt.cc: 139 -- Using internal logic for binned/unbinned Asimov dataset generation
INFO: (function: generateWithHisto) ToyMCSamplerOpt.cc: 214 -- Generating asimov with histogram for pdf pdf_binpass_SIG_obsOnly: in 5 x-bins
INFO: (function: generateWithHisto) ToyMCSamplerOpt.cc: 215 -- , in 1 y-bins
INFO: (function: runLimitExpected) AsymptoticLimits.cc: 436 -- Median for expected limits = 7.96875 (Sigma for expected limits = 4.06576)
INFO: (function: runLimit) AsymptoticLimits.cc: 193 -- NLL at global minimum of data = -59965.8 (r=0.0776953)
INFO: (function: runLimit) AsymptoticLimits.cc: 213 -- NLL at global minimum of asimov = -60013.9 (r=0.00467089)
INFO: (function: getCLs) AsymptoticLimits.cc: 343 -- At r = 1.277695:	q_mu = 0.00000	q_A  = 0.71025	CLsb = 0.50000	CLb  = 0.80032	CLs  = 0.62475
INFO: (function: getCLs) AsymptoticLimits.cc: 343 -- At r = 2.555391:	q_mu = 0.00000	q_A  = 1.06814	CLsb = 0.50000	CLb  = 0.84932	CLs  = 0.58871
INFO: (function: getCLs) AsymptoticLimits.cc: 343 -- At r = 5.110781:	q_mu = 0.00000	q_A  = 2.09585	CLsb = 0.50000	CLb  = 0.92615	CLs  = 0.53987
INFO: (function: getCLs) AsymptoticLimits.cc: 343 -- At r = 10.221562:	q_mu = 0.00000	q_A  = 5.56556	CLsb = 0.50000	CLb  = 0.99084	CLs  = 0.50462
INFO: (function: getCLs) AsymptoticLimits.cc: 343 -- At r = 20.443124:	q_mu = 0.00000	q_A  = 15.87484	CLsb = 0.50000	CLb  = 0.99997	CLs  = 0.50002
INFO: (function: getCLs) AsymptoticLimits.cc: 343 -- At r = 20.481972:	q_mu = 0.00000	q_A  = 15.91930	CLsb = 0.50000	CLb  = 0.99997	CLs  = 0.50002
INFO: (function: getCLs) AsymptoticLimits.cc: 343 -- At r = 30.684110:	q_mu = 11.14657	q_A  = 28.38499	CLsb = 0.00042	CLb  = 0.97666	CLs  = 0.00043
INFO: (function: getCLs) AsymptoticLimits.cc: 343 -- At r = 25.583041:	q_mu = 5.17701	q_A  = 21.98148	CLsb = 0.01144	CLb  = 0.99209	CLs  = 0.01154
INFO: (function: getCLs) AsymptoticLimits.cc: 343 -- At r = 23.032507:	q_mu = 2.42521	q_A  = 18.89856	CLsb = 0.05970	CLb  = 0.99736	CLs  = 0.05986
INFO: (function: getCLs) AsymptoticLimits.cc: 343 -- At r = 24.307774:	q_mu = 3.77784	q_A  = 20.42835	CLsb = 0.02597	CLb  = 0.99500	CLs  = 0.02610
INFO: (function: getCLs) AsymptoticLimits.cc: 343 -- At r = 23.508695:	q_mu = 2.92441	q_A  = 19.46689	CLsb = 0.04362	CLb  = 0.99655	CLs  = 0.04378
INFO: (function: getCLs) AsymptoticLimits.cc: 343 -- At r = 23.251579:	q_mu = 2.65412	q_A  = 19.15970	CLsb = 0.05164	CLb  = 0.99700	CLs  = 0.05180
INFO: (function: getCLs) AsymptoticLimits.cc: 343 -- At r = 23.346149:	q_mu = 2.75319	q_A  = 19.27257	CLsb = 0.04853	CLb  = 0.99684	CLs  = 0.04868
INFO: (function: getCLs) AsymptoticLimits.cc: 343 -- At r = 23.294671:	q_mu = 2.69918	q_A  = 19.21106	CLsb = 0.05020	CLb  = 0.99693	CLs  = 0.05035
