INFO: (function: improveOnce) CascadeMinimizer.cc: 188 -- Minimisation configured with Type=Minuit2, Algo=Migrad, strategy=0, tolerance=0.1
INFO: (function: improveOnce) CascadeMinimizer.cc: 211 -- Minimisation finished with status=0
INFO: (function: improveOnce) CascadeMinimizer.cc: 216 -- Minimization success! status=0
INFO: (function: generateAsimov) ToyMCSamplerOpt.cc: 139 -- Using internal logic for binned/unbinned Asimov dataset generation
INFO: (function: generateWithHisto) ToyMCSamplerOpt.cc: 214 -- Generating asimov with histogram for pdf pdf_binfail_LOW_obsOnly: in 6 x-bins
INFO: (function: generateWithHisto) ToyMCSamplerOpt.cc: 215 -- , in 1 y-bins
INFO: (function: generateAsimov) ToyMCSamplerOpt.cc: 139 -- Using internal logic for binned/unbinned Asimov dataset generation
INFO: (function: generateWithHisto) ToyMCSamplerOpt.cc: 214 -- Generating asimov with histogram for pdf pdf_binfail_SIG_obsOnly: in 1 x-bins
INFO: (function: generateWithHisto) ToyMCSamplerOpt.cc: 215 -- , in 1 y-bins
INFO: (function: generateAsimov) ToyMCSamplerOpt.cc: 139 -- Using internal logic for binned/unbinned Asimov dataset generation
INFO: (function: generateWithHisto) ToyMCSamplerOpt.cc: 214 -- Generating asimov with histogram for pdf pdf_binpass_LOW_obsOnly: in 6 x-bins
INFO: (function: generateWithHisto) ToyMCSamplerOpt.cc: 215 -- , in 1 y-bins
INFO: (function: generateAsimov) ToyMCSamplerOpt.cc: 139 -- Using internal logic for binned/unbinned Asimov dataset generation
INFO: (function: generateWithHisto) ToyMCSamplerOpt.cc: 214 -- Generating asimov with histogram for pdf pdf_binpass_SIG_obsOnly: in 1 x-bins
INFO: (function: generateWithHisto) ToyMCSamplerOpt.cc: 215 -- , in 1 y-bins
INFO: (function: runLimitExpected) AsymptoticLimits.cc: 436 -- Median for expected limits = 0.0141602 (Sigma for expected limits = 0.0072247)
INFO: (function: runLimit) AsymptoticLimits.cc: 193 -- NLL at global minimum of data = -3438.51 (r=0.00825417)
INFO: (function: runLimit) AsymptoticLimits.cc: 213 -- NLL at global minimum of asimov = -3435.07 (r=2.46079e-05)
INFO: (function: getCLs) AsymptoticLimits.cc: 343 -- At r = 1.208254:	q_mu = 246.97476	q_A  = 248.90897	CLsb = 0.00000	CLb  = 0.52449	CLs  = 0.00000
INFO: (function: getCLs) AsymptoticLimits.cc: 343 -- At r = 0.608254:	q_mu = 140.00683	q_A  = 142.59176	CLsb = 0.00000	CLb  = 0.54329	CLs  = 0.00000
INFO: (function: getCLs) AsymptoticLimits.cc: 343 -- At r = 0.308254:	q_mu = 80.40316	q_A  = 83.63660	CLsb = 0.00000	CLb  = 0.57084	CLs  = 0.00000
INFO: (function: getCLs) AsymptoticLimits.cc: 343 -- At r = 0.158254:	q_mu = 43.14288	q_A  = 46.68811	CLsb = 0.00000	CLb  = 0.60432	CLs  = 0.00000
INFO: (function: getCLs) AsymptoticLimits.cc: 343 -- At r = 0.083254:	q_mu = 21.04493	q_A  = 25.00309	CLsb = 0.00000	CLb  = 0.66014	CLs  = 0.00000
INFO: (function: getCLs) AsymptoticLimits.cc: 343 -- At r = 0.045754:	q_mu = 9.09081	q_A  = 13.46394	CLsb = 0.00128	CLb  = 0.74352	CLs  = 0.00173
INFO: (function: getCLs) AsymptoticLimits.cc: 343 -- At r = 0.027004:	q_mu = 3.37719	q_A  = 7.96133	CLsb = 0.03305	CLb  = 0.83741	CLs  = 0.03947
INFO: (function: getCLs) AsymptoticLimits.cc: 343 -- At r = 0.017629:	q_mu = 1.10049	q_A  = 5.08053	CLsb = 0.14708	CLb  = 0.88589	CLs  = 0.16602
INFO: (function: getCLs) AsymptoticLimits.cc: 343 -- At r = 0.022317:	q_mu = 2.13896	q_A  = 6.54483	CLsb = 0.07180	CLb  = 0.86341	CLs  = 0.08316
INFO: (function: getCLs) AsymptoticLimits.cc: 343 -- At r = 0.024877:	q_mu = 2.79733	q_A  = 7.32448	CLsb = 0.04721	CLb  = 0.84940	CLs  = 0.05558
INFO: (function: getCLs) AsymptoticLimits.cc: 343 -- At r = 0.025828:	q_mu = 3.05349	q_A  = 7.61059	CLsb = 0.04028	CLb  = 0.84406	CLs  = 0.04772
INFO: (function: getCLs) AsymptoticLimits.cc: 343 -- At r = 0.025405:	q_mu = 2.93894	q_A  = 7.48364	CLsb = 0.04323	CLb  = 0.84644	CLs  = 0.05108
