INFO: (function: improveOnce) CascadeMinimizer.cc: 188 -- Minimisation configured with Type=Minuit2, Algo=Migrad, strategy=0, tolerance=0.1
INFO: (function: improveOnce) CascadeMinimizer.cc: 211 -- Minimisation finished with status=0
INFO: (function: improveOnce) CascadeMinimizer.cc: 216 -- Minimization success! status=0
INFO: (function: generateAsimov) ToyMCSamplerOpt.cc: 139 -- Using internal logic for binned/unbinned Asimov dataset generation
INFO: (function: generateWithHisto) ToyMCSamplerOpt.cc: 214 -- Generating asimov with histogram for pdf pdf_binfail_LOW_obsOnly: in 6 x-bins
INFO: (function: generateWithHisto) ToyMCSamplerOpt.cc: 215 -- , in 1 y-bins
INFO: (function: generateAsimov) ToyMCSamplerOpt.cc: 139 -- Using internal logic for binned/unbinned Asimov dataset generation
INFO: (function: generateWithHisto) ToyMCSamplerOpt.cc: 214 -- Generating asimov with histogram for pdf pdf_binfail_SIG_obsOnly: in 1 x-bins
INFO: (function: generateWithHisto) ToyMCSamplerOpt.cc: 215 -- , in 1 y-bins
INFO: (function: generateAsimov) ToyMCSamplerOpt.cc: 139 -- Using internal logic for binned/unbinned Asimov dataset generation
INFO: (function: generateWithHisto) ToyMCSamplerOpt.cc: 214 -- Generating asimov with histogram for pdf pdf_binpass_LOW_obsOnly: in 6 x-bins
INFO: (function: generateWithHisto) ToyMCSamplerOpt.cc: 215 -- , in 1 y-bins
INFO: (function: generateAsimov) ToyMCSamplerOpt.cc: 139 -- Using internal logic for binned/unbinned Asimov dataset generation
INFO: (function: generateWithHisto) ToyMCSamplerOpt.cc: 214 -- Generating asimov with histogram for pdf pdf_binpass_SIG_obsOnly: in 1 x-bins
INFO: (function: generateWithHisto) ToyMCSamplerOpt.cc: 215 -- , in 1 y-bins
INFO: (function: runLimitExpected) AsymptoticLimits.cc: 436 -- Median for expected limits = 11.9062 (Sigma for expected limits = 6.07473)
INFO: (function: runLimit) AsymptoticLimits.cc: 193 -- NLL at global minimum of data = -3151.8 (r=6.54601)
INFO: (function: runLimit) AsymptoticLimits.cc: 213 -- NLL at global minimum of asimov = -3154.65 (r=0.0270372)
INFO: (function: getCLs) AsymptoticLimits.cc: 343 -- At r = 21.991563:	q_mu = 2.56963	q_A  = 7.12295	CLsb = 0.05447	CLb  = 0.85676	CLs  = 0.06357
INFO: (function: getCLs) AsymptoticLimits.cc: 343 -- At r = 43.983126:	q_mu = 7.49879	q_A  = 12.98218	CLsb = 0.00309	CLb  = 0.80639	CLs  = 0.00383
INFO: (function: getCLs) AsymptoticLimits.cc: 343 -- At r = 25.264570:	q_mu = 3.27606	q_A  = 8.09627	CLsb = 0.03515	CLb  = 0.84976	CLs  = 0.04136
INFO: (function: getCLs) AsymptoticLimits.cc: 343 -- At r = 15.905292:	q_mu = 1.29821	q_A  = 5.19564	CLsb = 0.12727	CLb  = 0.87286	CLs  = 0.14581
INFO: (function: getCLs) AsymptoticLimits.cc: 343 -- At r = 22.265748:	q_mu = 2.62866	q_A  = 7.20617	CLsb = 0.05248	CLb  = 0.85614	CLs  = 0.06129
INFO: (function: getCLs) AsymptoticLimits.cc: 343 -- At r = 23.508009:	q_mu = 2.89637	q_A  = 7.57911	CLsb = 0.04439	CLb  = 0.85340	CLs  = 0.05201
INFO: (function: getCLs) AsymptoticLimits.cc: 343 -- At r = 24.101580:	q_mu = 3.02485	q_A  = 7.75519	CLsb = 0.04100	CLb  = 0.85213	CLs  = 0.04811
INFO: (function: getCLs) AsymptoticLimits.cc: 343 -- At r = 23.748618:	q_mu = 2.94841	q_A  = 7.65066	CLsb = 0.04298	CLb  = 0.85289	CLs  = 0.05039
INFO: (function: getCLs) AsymptoticLimits.cc: 343 -- At r = 23.867154:	q_mu = 2.97407	q_A  = 7.68581	CLsb = 0.04230	CLb  = 0.85263	CLs  = 0.04962
INFO: (function: getCLs) AsymptoticLimits.cc: 343 -- At r = 23.796526:	q_mu = 2.95878	q_A  = 7.66487	CLsb = 0.04271	CLb  = 0.85278	CLs  = 0.05008
