INFO: (function: improveOnce) CascadeMinimizer.cc: 188 -- Minimisation configured with Type=Minuit2, Algo=Migrad, strategy=0, tolerance=0.1
INFO: (function: improveOnce) CascadeMinimizer.cc: 211 -- Minimisation finished with status=0
INFO: (function: improveOnce) CascadeMinimizer.cc: 216 -- Minimization success! status=0
INFO: (function: generateAsimov) ToyMCSamplerOpt.cc: 139 -- Using internal logic for binned/unbinned Asimov dataset generation
INFO: (function: generateWithHisto) ToyMCSamplerOpt.cc: 214 -- Generating asimov with histogram for pdf pdf_binfail_LOW_obsOnly: in 5 x-bins
INFO: (function: generateWithHisto) ToyMCSamplerOpt.cc: 215 -- , in 1 y-bins
INFO: (function: generateAsimov) ToyMCSamplerOpt.cc: 139 -- Using internal logic for binned/unbinned Asimov dataset generation
INFO: (function: generateWithHisto) ToyMCSamplerOpt.cc: 214 -- Generating asimov with histogram for pdf pdf_binfail_SIG_obsOnly: in 4 x-bins
INFO: (function: generateWithHisto) ToyMCSamplerOpt.cc: 215 -- , in 1 y-bins
INFO: (function: generateAsimov) ToyMCSamplerOpt.cc: 139 -- Using internal logic for binned/unbinned Asimov dataset generation
INFO: (function: generateWithHisto) ToyMCSamplerOpt.cc: 214 -- Generating asimov with histogram for pdf pdf_binpass_LOW_obsOnly: in 5 x-bins
INFO: (function: generateWithHisto) ToyMCSamplerOpt.cc: 215 -- , in 1 y-bins
INFO: (function: generateAsimov) ToyMCSamplerOpt.cc: 139 -- Using internal logic for binned/unbinned Asimov dataset generation
INFO: (function: generateWithHisto) ToyMCSamplerOpt.cc: 214 -- Generating asimov with histogram for pdf pdf_binpass_SIG_obsOnly: in 4 x-bins
INFO: (function: generateWithHisto) ToyMCSamplerOpt.cc: 215 -- , in 1 y-bins
INFO: (function: runLimitExpected) AsymptoticLimits.cc: 436 -- Median for expected limits = 0.0136719 (Sigma for expected limits = 0.00697557)
INFO: (function: runLimit) AsymptoticLimits.cc: 193 -- NLL at global minimum of data = -104422 (r=0.238648)
INFO: (function: runLimit) AsymptoticLimits.cc: 213 -- NLL at global minimum of asimov = -104432 (r=1.01971e-07)
INFO: (function: getCLs) AsymptoticLimits.cc: 343 -- At r = 1.590400:	q_mu = 2.02556	q_A  = 11.41917	CLsb = 0.07734	CLb  = 0.97477	CLs  = 0.07934
INFO: (function: getCLs) AsymptoticLimits.cc: 343 -- At r = 3.180801:	q_mu = 3.45208	q_A  = 12.88973	CLsb = 0.03159	CLb  = 0.95839	CLs  = 0.03296
INFO: (function: getCLs) AsymptoticLimits.cc: 343 -- At r = 1.709724:	q_mu = 2.16994	q_A  = 11.56819	CLsb = 0.07037	CLb  = 0.97308	CLs  = 0.07231
INFO: (function: getCLs) AsymptoticLimits.cc: 343 -- At r = 2.556552:	q_mu = 2.99204	q_A  = 12.41599	CLsb = 0.04184	CLb  = 0.96358	CLs  = 0.04342
INFO: (function: getCLs) AsymptoticLimits.cc: 343 -- At r = 2.199743:	q_mu = 2.68118	q_A  = 12.09551	CLsb = 0.05077	CLb  = 0.96715	CLs  = 0.05249
INFO: (function: getCLs) AsymptoticLimits.cc: 343 -- At r = 2.344321:	q_mu = 2.81228	q_A  = 12.23069	CLsb = 0.04677	CLb  = 0.96564	CLs  = 0.04844
INFO: (function: getCLs) AsymptoticLimits.cc: 343 -- At r = 2.269745:	q_mu = 2.74561	q_A  = 12.16194	CLsb = 0.04876	CLb  = 0.96641	CLs  = 0.05046
INFO: (function: getCLs) AsymptoticLimits.cc: 343 -- At r = 2.297923:	q_mu = 2.77103	q_A  = 12.18815	CLsb = 0.04799	CLb  = 0.96611	CLs  = 0.04968
INFO: (function: getCLs) AsymptoticLimits.cc: 343 -- At r = 2.282874:	q_mu = 2.75749	q_A  = 12.17419	CLsb = 0.04840	CLb  = 0.96627	CLs  = 0.05009
INFO: (function: getCLs) AsymptoticLimits.cc: 343 -- At r = 2.288483:	q_mu = 2.76254	q_A  = 12.17940	CLsb = 0.04825	CLb  = 0.96621	CLs  = 0.04993
