INFO: (function: improveOnce) CascadeMinimizer.cc: 188 -- Minimisation configured with Type=Minuit2, Algo=Migrad, strategy=0, tolerance=0.1
INFO: (function: improveOnce) CascadeMinimizer.cc: 211 -- Minimisation finished with status=0
INFO: (function: improveOnce) CascadeMinimizer.cc: 216 -- Minimization success! status=0
INFO: (function: generateAsimov) ToyMCSamplerOpt.cc: 139 -- Using internal logic for binned/unbinned Asimov dataset generation
INFO: (function: generateWithHisto) ToyMCSamplerOpt.cc: 214 -- Generating asimov with histogram for pdf pdf_binfail_LOW_obsOnly: in 18 x-bins
INFO: (function: generateWithHisto) ToyMCSamplerOpt.cc: 215 -- , in 1 y-bins
INFO: (function: generateAsimov) ToyMCSamplerOpt.cc: 139 -- Using internal logic for binned/unbinned Asimov dataset generation
INFO: (function: generateWithHisto) ToyMCSamplerOpt.cc: 214 -- Generating asimov with histogram for pdf pdf_binfail_SIG_obsOnly: in 2 x-bins
INFO: (function: generateWithHisto) ToyMCSamplerOpt.cc: 215 -- , in 1 y-bins
INFO: (function: generateAsimov) ToyMCSamplerOpt.cc: 139 -- Using internal logic for binned/unbinned Asimov dataset generation
INFO: (function: generateWithHisto) ToyMCSamplerOpt.cc: 214 -- Generating asimov with histogram for pdf pdf_binpass_LOW_obsOnly: in 18 x-bins
INFO: (function: generateWithHisto) ToyMCSamplerOpt.cc: 215 -- , in 1 y-bins
INFO: (function: generateAsimov) ToyMCSamplerOpt.cc: 139 -- Using internal logic for binned/unbinned Asimov dataset generation
INFO: (function: generateWithHisto) ToyMCSamplerOpt.cc: 214 -- Generating asimov with histogram for pdf pdf_binpass_SIG_obsOnly: in 2 x-bins
INFO: (function: generateWithHisto) ToyMCSamplerOpt.cc: 215 -- , in 1 y-bins
DEBUG: (function: runLimitExpected) AsymptoticLimits.cc: 423 -- Best fit of asimov dataset is at r = 0.135323 (0.006766 times rMax), while it should be at zero
INFO: (function: runLimitExpected) AsymptoticLimits.cc: 436 -- Median for expected limits = 88.75 (Sigma for expected limits = 45.2814)
INFO: (function: runLimit) AsymptoticLimits.cc: 193 -- NLL at global minimum of data = -3.22882e+06 (r=0.000274457)
INFO: (function: runLimit) AsymptoticLimits.cc: 213 -- NLL at global minimum of asimov = -3.22881e+06 (r=4.09377e-05)
INFO: (function: getCLs) AsymptoticLimits.cc: 343 -- At r = 32.813169:	q_mu = 3.07844	q_A  = 0.52633	CLsb = 0.00649	CLb  = 0.03930	CLs  = 0.16512
INFO: (function: getCLs) AsymptoticLimits.cc: 343 -- At r = 65.626339:	q_mu = 7.19883	q_A  = 2.10192	CLsb = 0.00067	CLb  = 0.03939	CLs  = 0.01699
INFO: (function: getCLs) AsymptoticLimits.cc: 343 -- At r = 32.813307:	q_mu = 3.07845	q_A  = 0.52634	CLsb = 0.00649	CLb  = 0.03930	CLs  = 0.16512
INFO: (function: getCLs) AsymptoticLimits.cc: 343 -- At r = 49.219823:	q_mu = 5.00900	q_A  = 1.18341	CLsb = 0.00221	CLb  = 0.03935	CLs  = 0.05623
INFO: (function: getCLs) AsymptoticLimits.cc: 343 -- At r = 53.788789:	q_mu = 5.59276	q_A  = 1.41289	CLsb = 0.00160	CLb  = 0.03935	CLs  = 0.04078
INFO: (function: getCLs) AsymptoticLimits.cc: 343 -- At r = 51.469845:	q_mu = 5.29393	q_A  = 1.29385	CLsb = 0.00189	CLb  = 0.03935	CLs  = 0.04806
INFO: (function: getCLs) AsymptoticLimits.cc: 343 -- At r = 50.566174:	q_mu = 5.17886	q_A  = 1.24885	CLsb = 0.00201	CLb  = 0.03934	CLs  = 0.05120
INFO: (function: getCLs) AsymptoticLimits.cc: 343 -- At r = 51.018347:	q_mu = 5.23633	q_A  = 1.27126	CLsb = 0.00195	CLb  = 0.03934	CLs  = 0.04961
INFO: (function: getCLs) AsymptoticLimits.cc: 343 -- At r = 50.838060:	q_mu = 5.21339	q_A  = 1.26230	CLsb = 0.00198	CLb  = 0.03934	CLs  = 0.05024
