INFO: (function: improveOnce) CascadeMinimizer.cc: 188 -- Minimisation configured with Type=Minuit2, Algo=Migrad, strategy=0, tolerance=0.1
INFO: (function: improveOnce) CascadeMinimizer.cc: 211 -- Minimisation finished with status=0
INFO: (function: improveOnce) CascadeMinimizer.cc: 216 -- Minimization success! status=0
INFO: (function: generateAsimov) ToyMCSamplerOpt.cc: 139 -- Using internal logic for binned/unbinned Asimov dataset generation
INFO: (function: generateWithHisto) ToyMCSamplerOpt.cc: 214 -- Generating asimov with histogram for pdf pdf_binfail_LOW_obsOnly: in 5 x-bins
INFO: (function: generateWithHisto) ToyMCSamplerOpt.cc: 215 -- , in 1 y-bins
INFO: (function: generateAsimov) ToyMCSamplerOpt.cc: 139 -- Using internal logic for binned/unbinned Asimov dataset generation
INFO: (function: generateWithHisto) ToyMCSamplerOpt.cc: 214 -- Generating asimov with histogram for pdf pdf_binfail_SIG_obsOnly: in 3 x-bins
INFO: (function: generateWithHisto) ToyMCSamplerOpt.cc: 215 -- , in 1 y-bins
INFO: (function: generateAsimov) ToyMCSamplerOpt.cc: 139 -- Using internal logic for binned/unbinned Asimov dataset generation
INFO: (function: generateWithHisto) ToyMCSamplerOpt.cc: 214 -- Generating asimov with histogram for pdf pdf_binpass_LOW_obsOnly: in 5 x-bins
INFO: (function: generateWithHisto) ToyMCSamplerOpt.cc: 215 -- , in 1 y-bins
INFO: (function: generateAsimov) ToyMCSamplerOpt.cc: 139 -- Using internal logic for binned/unbinned Asimov dataset generation
INFO: (function: generateWithHisto) ToyMCSamplerOpt.cc: 214 -- Generating asimov with histogram for pdf pdf_binpass_SIG_obsOnly: in 3 x-bins
INFO: (function: generateWithHisto) ToyMCSamplerOpt.cc: 215 -- , in 1 y-bins
INFO: (function: runLimitExpected) AsymptoticLimits.cc: 436 -- Median for expected limits = 0.316406 (Sigma for expected limits = 0.161435)
INFO: (function: runLimit) AsymptoticLimits.cc: 193 -- NLL at global minimum of data = -57617.3 (r=1.17407e-06)
INFO: (function: runLimit) AsymptoticLimits.cc: 213 -- NLL at global minimum of asimov = -57614.4 (r=0)
INFO: (function: getCLs) AsymptoticLimits.cc: 343 -- At r = 1.200001:	q_mu = 12.77359	q_A  = 12.12245	CLsb = 0.00017	CLb  = 0.46275	CLs  = 0.00038
INFO: (function: getCLs) AsymptoticLimits.cc: 343 -- At r = 0.600001:	q_mu = 7.54726	q_A  = 7.02268	CLsb = 0.00299	CLb  = 0.46058	CLs  = 0.00649
INFO: (function: getCLs) AsymptoticLimits.cc: 343 -- At r = 0.300001:	q_mu = 4.03126	q_A  = 3.62612	CLsb = 0.02218	CLb  = 0.45764	CLs  = 0.04847
INFO: (function: getCLs) AsymptoticLimits.cc: 343 -- At r = 0.150001:	q_mu = 1.91192	q_A  = 1.61854	CLsb = 0.08264	CLb  = 0.45410	CLs  = 0.18199
INFO: (function: getCLs) AsymptoticLimits.cc: 343 -- At r = 0.225001:	q_mu = 3.00261	q_A  = 2.64479	CLsb = 0.04126	CLb  = 0.45620	CLs  = 0.09043
INFO: (function: getCLs) AsymptoticLimits.cc: 343 -- At r = 0.282016:	q_mu = 3.79071	q_A  = 3.39581	CLsb = 0.02559	CLb  = 0.45734	CLs  = 0.05596
INFO: (function: getCLs) AsymptoticLimits.cc: 343 -- At r = 0.293297:	q_mu = 3.94207	q_A  = 3.54074	CLsb = 0.02339	CLb  = 0.45754	CLs  = 0.05112
INFO: (function: getCLs) AsymptoticLimits.cc: 343 -- At r = 0.296868:	q_mu = 3.98973	q_A  = 3.58627	CLsb = 0.02274	CLb  = 0.45758	CLs  = 0.04969
INFO: (function: getCLs) AsymptoticLimits.cc: 343 -- At r = 0.295520:	q_mu = 3.97176	q_A  = 3.56907	CLsb = 0.02298	CLb  = 0.45756	CLs  = 0.05022
INFO: (function: getCLs) AsymptoticLimits.cc: 343 -- At r = 0.296234:	q_mu = 3.98128	q_A  = 3.57818	CLsb = 0.02285	CLb  = 0.45757	CLs  = 0.04994
