INFO: (function: improveOnce) CascadeMinimizer.cc: 188 -- Minimisation configured with Type=Minuit2, Algo=Migrad, strategy=0, tolerance=0.1
INFO: (function: improveOnce) CascadeMinimizer.cc: 211 -- Minimisation finished with status=0
INFO: (function: improveOnce) CascadeMinimizer.cc: 216 -- Minimization success! status=0
INFO: (function: generateAsimov) ToyMCSamplerOpt.cc: 139 -- Using internal logic for binned/unbinned Asimov dataset generation
INFO: (function: generateWithHisto) ToyMCSamplerOpt.cc: 214 -- Generating asimov with histogram for pdf pdf_binfail_LOW_obsOnly: in 5 x-bins
INFO: (function: generateWithHisto) ToyMCSamplerOpt.cc: 215 -- , in 1 y-bins
INFO: (function: generateAsimov) ToyMCSamplerOpt.cc: 139 -- Using internal logic for binned/unbinned Asimov dataset generation
INFO: (function: generateWithHisto) ToyMCSamplerOpt.cc: 214 -- Generating asimov with histogram for pdf pdf_binfail_SIG_obsOnly: in 4 x-bins
INFO: (function: generateWithHisto) ToyMCSamplerOpt.cc: 215 -- , in 1 y-bins
INFO: (function: generateAsimov) ToyMCSamplerOpt.cc: 139 -- Using internal logic for binned/unbinned Asimov dataset generation
INFO: (function: generateWithHisto) ToyMCSamplerOpt.cc: 214 -- Generating asimov with histogram for pdf pdf_binpass_LOW_obsOnly: in 5 x-bins
INFO: (function: generateWithHisto) ToyMCSamplerOpt.cc: 215 -- , in 1 y-bins
INFO: (function: generateAsimov) ToyMCSamplerOpt.cc: 139 -- Using internal logic for binned/unbinned Asimov dataset generation
INFO: (function: generateWithHisto) ToyMCSamplerOpt.cc: 214 -- Generating asimov with histogram for pdf pdf_binpass_SIG_obsOnly: in 4 x-bins
INFO: (function: generateWithHisto) ToyMCSamplerOpt.cc: 215 -- , in 1 y-bins
INFO: (function: runLimitExpected) AsymptoticLimits.cc: 436 -- Median for expected limits = 0.0229492 (Sigma for expected limits = 0.011709)
INFO: (function: runLimit) AsymptoticLimits.cc: 193 -- NLL at global minimum of data = -76788.1 (r=0.0040203)
INFO: (function: runLimit) AsymptoticLimits.cc: 213 -- NLL at global minimum of asimov = -76793.1 (r=1.44129e-08)
INFO: (function: getCLs) AsymptoticLimits.cc: 343 -- At r = 1.204020:	q_mu = 43.69561	q_A  = 46.98853	CLsb = 0.00000	CLb  = 0.59660	CLs  = 0.00000
INFO: (function: getCLs) AsymptoticLimits.cc: 343 -- At r = 0.604020:	q_mu = 31.45359	q_A  = 34.54887	CLsb = 0.00000	CLb  = 0.60622	CLs  = 0.00000
INFO: (function: getCLs) AsymptoticLimits.cc: 343 -- At r = 0.304020:	q_mu = 21.56000	q_A  = 24.43062	CLsb = 0.00000	CLb  = 0.61771	CLs  = 0.00000
INFO: (function: getCLs) AsymptoticLimits.cc: 343 -- At r = 0.154020:	q_mu = 13.88688	q_A  = 16.50086	CLsb = 0.00010	CLb  = 0.63142	CLs  = 0.00015
INFO: (function: getCLs) AsymptoticLimits.cc: 343 -- At r = 0.079020:	q_mu = 8.26382	q_A  = 10.58387	CLsb = 0.00202	CLb  = 0.64751	CLs  = 0.00312
INFO: (function: getCLs) AsymptoticLimits.cc: 343 -- At r = 0.041520:	q_mu = 4.45156	q_A  = 6.44417	CLsb = 0.01743	CLb  = 0.66592	CLs  = 0.02618
INFO: (function: getCLs) AsymptoticLimits.cc: 343 -- At r = 0.022770:	q_mu = 2.11711	q_A  = 3.76337	CLsb = 0.07283	CLb  = 0.68613	CLs  = 0.10615
INFO: (function: getCLs) AsymptoticLimits.cc: 343 -- At r = 0.030837:	q_mu = 3.16122	q_A  = 4.98736	CLsb = 0.03770	CLb  = 0.67554	CLs  = 0.05581
INFO: (function: getCLs) AsymptoticLimits.cc: 343 -- At r = 0.034216:	q_mu = 3.58090	q_A  = 5.46627	CLsb = 0.02922	CLb  = 0.67209	CLs  = 0.04348
INFO: (function: getCLs) AsymptoticLimits.cc: 343 -- At r = 0.032704:	q_mu = 3.39438	q_A  = 5.25415	CLsb = 0.03271	CLb  = 0.67358	CLs  = 0.04856
INFO: (function: getCLs) AsymptoticLimits.cc: 343 -- At r = 0.032017:	q_mu = 3.30899	q_A  = 5.15665	CLsb = 0.03445	CLb  = 0.67428	CLs  = 0.05109
INFO: (function: getCLs) AsymptoticLimits.cc: 343 -- At r = 0.032388:	q_mu = 3.35519	q_A  = 5.20943	CLsb = 0.03350	CLb  = 0.67390	CLs  = 0.04971
