INFO: (function: improveOnce) CascadeMinimizer.cc: 188 -- Minimisation configured with Type=Minuit2, Algo=Migrad, strategy=0, tolerance=0.1
INFO: (function: improveOnce) CascadeMinimizer.cc: 211 -- Minimisation finished with status=0
INFO: (function: improveOnce) CascadeMinimizer.cc: 216 -- Minimization success! status=0
INFO: (function: generateAsimov) ToyMCSamplerOpt.cc: 139 -- Using internal logic for binned/unbinned Asimov dataset generation
INFO: (function: generateWithHisto) ToyMCSamplerOpt.cc: 214 -- Generating asimov with histogram for pdf pdf_binfail_LOW_obsOnly: in 5 x-bins
INFO: (function: generateWithHisto) ToyMCSamplerOpt.cc: 215 -- , in 1 y-bins
INFO: (function: generateAsimov) ToyMCSamplerOpt.cc: 139 -- Using internal logic for binned/unbinned Asimov dataset generation
INFO: (function: generateWithHisto) ToyMCSamplerOpt.cc: 214 -- Generating asimov with histogram for pdf pdf_binfail_SIG_obsOnly: in 14 x-bins
INFO: (function: generateWithHisto) ToyMCSamplerOpt.cc: 215 -- , in 1 y-bins
INFO: (function: generateAsimov) ToyMCSamplerOpt.cc: 139 -- Using internal logic for binned/unbinned Asimov dataset generation
INFO: (function: generateWithHisto) ToyMCSamplerOpt.cc: 214 -- Generating asimov with histogram for pdf pdf_binpass_LOW_obsOnly: in 5 x-bins
INFO: (function: generateWithHisto) ToyMCSamplerOpt.cc: 215 -- , in 1 y-bins
INFO: (function: generateAsimov) ToyMCSamplerOpt.cc: 139 -- Using internal logic for binned/unbinned Asimov dataset generation
INFO: (function: generateWithHisto) ToyMCSamplerOpt.cc: 214 -- Generating asimov with histogram for pdf pdf_binpass_SIG_obsOnly: in 14 x-bins
INFO: (function: generateWithHisto) ToyMCSamplerOpt.cc: 215 -- , in 1 y-bins
INFO: (function: runLimitExpected) AsymptoticLimits.cc: 436 -- Median for expected limits = 0.390625 (Sigma for expected limits = 0.199302)
INFO: (function: runLimit) AsymptoticLimits.cc: 193 -- NLL at global minimum of data = -70937 (r=5.16027e-08)
INFO: (function: runLimit) AsymptoticLimits.cc: 213 -- NLL at global minimum of asimov = -70940 (r=3.6518e-08)
INFO: (function: getCLs) AsymptoticLimits.cc: 343 -- At r = 1.200000:	q_mu = 5.23027	q_A  = 5.45620	CLsb = 0.01110	CLb  = 0.51949	CLs  = 0.02136
INFO: (function: getCLs) AsymptoticLimits.cc: 343 -- At r = 0.600000:	q_mu = 4.18175	q_A  = 4.40859	CLsb = 0.02043	CLb  = 0.52182	CLs  = 0.03915
INFO: (function: getCLs) AsymptoticLimits.cc: 343 -- At r = 0.300000:	q_mu = 3.29480	q_A  = 3.52242	CLsb = 0.03475	CLb  = 0.52458	CLs  = 0.06624
INFO: (function: getCLs) AsymptoticLimits.cc: 343 -- At r = 0.428386:	q_mu = 3.73271	q_A  = 3.95991	CLsb = 0.02668	CLb  = 0.52310	CLs  = 0.05100
INFO: (function: getCLs) AsymptoticLimits.cc: 343 -- At r = 0.473000:	q_mu = 3.86106	q_A  = 4.08812	CLsb = 0.02471	CLb  = 0.52271	CLs  = 0.04727
INFO: (function: getCLs) AsymptoticLimits.cc: 343 -- At r = 0.446625:	q_mu = 3.78642	q_A  = 4.01355	CLsb = 0.02583	CLb  = 0.52293	CLs  = 0.04940
INFO: (function: getCLs) AsymptoticLimits.cc: 343 -- At r = 0.437477:	q_mu = 3.75968	q_A  = 3.98682	CLsb = 0.02625	CLb  = 0.52301	CLs  = 0.05019
INFO: (function: getCLs) AsymptoticLimits.cc: 343 -- At r = 0.441084:	q_mu = 3.77027	q_A  = 3.99736	CLsb = 0.02609	CLb  = 0.52297	CLs  = 0.04988
INFO: (function: getCLs) AsymptoticLimits.cc: 343 -- At r = 0.439248:	q_mu = 3.76485	q_A  = 3.99198	CLsb = 0.02617	CLb  = 0.52299	CLs  = 0.05004
