INFO: (function: improveOnce) CascadeMinimizer.cc: 188 -- Minimisation configured with Type=Minuit2, Algo=Migrad, strategy=0, tolerance=0.1
INFO: (function: improveOnce) CascadeMinimizer.cc: 211 -- Minimisation finished with status=0
INFO: (function: improveOnce) CascadeMinimizer.cc: 216 -- Minimization success! status=0
INFO: (function: generateAsimov) ToyMCSamplerOpt.cc: 139 -- Using internal logic for binned/unbinned Asimov dataset generation
INFO: (function: generateWithHisto) ToyMCSamplerOpt.cc: 214 -- Generating asimov with histogram for pdf pdf_binfail_LOW_obsOnly: in 45 x-bins
INFO: (function: generateWithHisto) ToyMCSamplerOpt.cc: 215 -- , in 1 y-bins
INFO: (function: generateAsimov) ToyMCSamplerOpt.cc: 139 -- Using internal logic for binned/unbinned Asimov dataset generation
INFO: (function: generateWithHisto) ToyMCSamplerOpt.cc: 214 -- Generating asimov with histogram for pdf pdf_binfail_SIG_obsOnly: in 5 x-bins
INFO: (function: generateWithHisto) ToyMCSamplerOpt.cc: 215 -- , in 1 y-bins
INFO: (function: generateAsimov) ToyMCSamplerOpt.cc: 139 -- Using internal logic for binned/unbinned Asimov dataset generation
INFO: (function: generateWithHisto) ToyMCSamplerOpt.cc: 214 -- Generating asimov with histogram for pdf pdf_binpass_LOW_obsOnly: in 45 x-bins
INFO: (function: generateWithHisto) ToyMCSamplerOpt.cc: 215 -- , in 1 y-bins
INFO: (function: generateAsimov) ToyMCSamplerOpt.cc: 139 -- Using internal logic for binned/unbinned Asimov dataset generation
INFO: (function: generateWithHisto) ToyMCSamplerOpt.cc: 214 -- Generating asimov with histogram for pdf pdf_binpass_SIG_obsOnly: in 5 x-bins
INFO: (function: generateWithHisto) ToyMCSamplerOpt.cc: 215 -- , in 1 y-bins
DEBUG: (function: runLimitExpected) AsymptoticLimits.cc: 423 -- Best fit of asimov dataset is at r = 0.087283 (0.004364 times rMax), while it should be at zero
INFO: (function: runLimitExpected) AsymptoticLimits.cc: 436 -- Median for expected limits = 2268 (Sigma for expected limits = 1157.16)
INFO: (function: runLimit) AsymptoticLimits.cc: 193 -- NLL at global minimum of data = -60159.3 (r=29.7897)
INFO: (function: runLimit) AsymptoticLimits.cc: 213 -- NLL at global minimum of asimov = -60199.2 (r=1.03355)
INFO: (function: getCLs) AsymptoticLimits.cc: 343 -- At r = 371.304777:	q_mu = 0.00000	q_A  = 0.68758	CLsb = 0.50000	CLb  = 0.79651	CLs  = 0.62774
INFO: (function: getCLs) AsymptoticLimits.cc: 343 -- At r = 742.609555:	q_mu = 0.00000	q_A  = 1.08981	CLsb = 0.50000	CLb  = 0.85174	CLs  = 0.58703
INFO: (function: getCLs) AsymptoticLimits.cc: 343 -- At r = 1485.219110:	q_mu = 0.00000	q_A  = 2.15237	CLsb = 0.50000	CLb  = 0.92882	CLs  = 0.53831
INFO: (function: getCLs) AsymptoticLimits.cc: 343 -- At r = 2970.438219:	q_mu = 0.00000	q_A  = 5.81923	CLsb = 0.50000	CLb  = 0.99207	CLs  = 0.50399
INFO: (function: getCLs) AsymptoticLimits.cc: 343 -- At r = 5940.876438:	q_mu = 0.00000	q_A  = 18.47445	CLsb = 0.50000	CLb  = 0.99999	CLs  = 0.50000
INFO: (function: getCLs) AsymptoticLimits.cc: 343 -- At r = 5955.771286:	q_mu = 0.00000	q_A  = 18.55277	CLsb = 0.50000	CLb  = 0.99999	CLs  = 0.50000
INFO: (function: getCLs) AsymptoticLimits.cc: 343 -- At r = 8918.762081:	q_mu = 16.14814	q_A  = 33.81115	CLsb = 0.00003	CLb  = 0.96377	CLs  = 0.00003
INFO: (function: getCLs) AsymptoticLimits.cc: 343 -- At r = 7437.266684:	q_mu = 6.81872	q_A  = 25.94580	CLsb = 0.00451	CLb  = 0.99348	CLs  = 0.00454
INFO: (function: getCLs) AsymptoticLimits.cc: 343 -- At r = 6696.518985:	q_mu = 3.05648	q_A  = 22.15814	CLsb = 0.04021	CLb  = 0.99846	CLs  = 0.04027
INFO: (function: getCLs) AsymptoticLimits.cc: 343 -- At r = 6326.145136:	q_mu = 1.40222	q_A  = 20.31301	CLsb = 0.11818	CLb  = 0.99955	CLs  = 0.11823
INFO: (function: getCLs) AsymptoticLimits.cc: 343 -- At r = 6562.905299:	q_mu = 2.44232	q_A  = 21.48819	CLsb = 0.05905	CLb  = 0.99894	CLs  = 0.05911
INFO: (function: getCLs) AsymptoticLimits.cc: 343 -- At r = 6636.253244:	q_mu = 2.77690	q_A  = 21.85531	CLsb = 0.04782	CLb  = 0.99869	CLs  = 0.04788
INFO: (function: getCLs) AsymptoticLimits.cc: 343 -- At r = 6609.518025:	q_mu = 2.65425	q_A  = 21.72136	CLsb = 0.05164	CLb  = 0.99878	CLs  = 0.05170
INFO: (function: getCLs) AsymptoticLimits.cc: 343 -- At r = 6624.178633:	q_mu = 2.72141	q_A  = 21.79477	CLsb = 0.04951	CLb  = 0.99873	CLs  = 0.04957
