INFO: (function: improveOnce) CascadeMinimizer.cc: 188 -- Minimisation configured with Type=Minuit2, Algo=Migrad, strategy=0, tolerance=0.1
INFO: (function: improveOnce) CascadeMinimizer.cc: 211 -- Minimisation finished with status=0
INFO: (function: improveOnce) CascadeMinimizer.cc: 216 -- Minimization success! status=0
INFO: (function: improveOnce) CascadeMinimizer.cc: 188 -- Minimisation configured with Type=Minuit2, Algo=Migrad, strategy=0, tolerance=0.1
INFO: (function: improveOnce) CascadeMinimizer.cc: 211 -- Minimisation finished with status=0
INFO: (function: improveOnce) CascadeMinimizer.cc: 216 -- Minimization success! status=0
INFO: (function: improveOnce) CascadeMinimizer.cc: 188 -- Minimisation configured with Type=Minuit2, Algo=Migrad, strategy=0, tolerance=0.1
INFO: (function: improveOnce) CascadeMinimizer.cc: 211 -- Minimisation finished with status=0
INFO: (function: improveOnce) CascadeMinimizer.cc: 216 -- Minimization success! status=0
INFO: (function: anyParameterAtBoundaries) utils.cc: 1039 -- Found parameter Background_fail_LOW_bin_1-9 at boundary (within ~1sigma): 0.834602+/-1.18836
INFO: (function: anyParameterAtBoundaries) utils.cc: 1039 -- Found parameter Background_fail_LOW_bin_2-5 at boundary (within ~1sigma): 1e-06+/-0.484789
INFO: (function: anyParameterAtBoundaries) utils.cc: 1039 -- Found parameter Background_fail_LOW_bin_2-6 at boundary (within ~1sigma): 1e-06+/-0.484789
INFO: (function: anyParameterAtBoundaries) utils.cc: 1039 -- Found parameter Background_fail_LOW_bin_3-4 at boundary (within ~1sigma): 1e-06+/-0.484789
INFO: (function: anyParameterAtBoundaries) utils.cc: 1039 -- Found parameter Background_fail_LOW_bin_3-5 at boundary (within ~1sigma): 0.834602+/-1.18836
INFO: (function: anyParameterAtBoundaries) utils.cc: 1039 -- Found parameter Background_fail_LOW_bin_4-4 at boundary (within ~1sigma): 1e-06+/-0.484789
INFO: (function: anyParameterAtBoundaries) utils.cc: 1039 -- Found parameter Background_fail_LOW_bin_5-12 at boundary (within ~1sigma): 0.834602+/-1.18836
INFO: (function: anyParameterAtBoundaries) utils.cc: 1039 -- Found parameter Background_fail_LOW_bin_5-4 at boundary (within ~1sigma): 1e-06+/-0.484789
INFO: (function: anyParameterAtBoundaries) utils.cc: 1039 -- Found parameter Background_fail_LOW_bin_6-3 at boundary (within ~1sigma): 1e-06+/-0.484789
INFO: (function: anyParameterAtBoundaries) utils.cc: 1039 -- Found parameter Background_fail_SIG_bin_1-3 at boundary (within ~1sigma): 1.16653e-06+/-0.500483
INFO: (function: anyParameterAtBoundaries) utils.cc: 1039 -- Found parameter Background_fail_SIG_bin_2-3 at boundary (within ~1sigma): 1.16653e-06+/-0.500483
INFO: (function: anyParameterAtBoundaries) utils.cc: 1039 -- Found parameter Background_fail_SIG_bin_3-1 at boundary (within ~1sigma): 1.00109+/-1.09535
INFO: (function: anyParameterAtBoundaries) utils.cc: 1039 -- Found parameter Background_fail_SIG_bin_3-2 at boundary (within ~1sigma): 1.16653e-06+/-0.500483
INFO: (function: minimize) CascadeMinimizer.cc: 480 -- After fit, some parameters are found at the boundary (within ~1sigma)
INFO: (function: improveOnce) CascadeMinimizer.cc: 188 -- Minimisation configured with Type=Minuit2, Algo=Migrad, strategy=0, tolerance=0.1
INFO: (function: improveOnce) CascadeMinimizer.cc: 211 -- Minimisation finished with status=0
INFO: (function: improveOnce) CascadeMinimizer.cc: 216 -- Minimization success! status=0
DEBUG: (function: runSpecific) FitDiagnostics.cc: 318 -- Fit B-only, status = 0, numBadNLL = 0, covariance quality = -1
INFO: (function: improveOnce) CascadeMinimizer.cc: 188 -- Minimisation configured with Type=Minuit2, Algo=Migrad, strategy=0, tolerance=0.1
INFO: (function: improveOnce) CascadeMinimizer.cc: 211 -- Minimisation finished with status=0
INFO: (function: improveOnce) CascadeMinimizer.cc: 216 -- Minimization success! status=0
INFO: (function: anyParameterAtBoundaries) utils.cc: 1039 -- Found parameter Background_fail_LOW_bin_1-9 at boundary (within ~1sigma): 0.834121+/-1.19863
INFO: (function: anyParameterAtBoundaries) utils.cc: 1039 -- Found parameter Background_fail_LOW_bin_2-5 at boundary (within ~1sigma): 1.05551e-06+/-0.48489
INFO: (function: anyParameterAtBoundaries) utils.cc: 1039 -- Found parameter Background_fail_LOW_bin_2-6 at boundary (within ~1sigma): 1.05551e-06+/-0.48489
INFO: (function: anyParameterAtBoundaries) utils.cc: 1039 -- Found parameter Background_fail_LOW_bin_3-4 at boundary (within ~1sigma): 1.05551e-06+/-0.48489
INFO: (function: anyParameterAtBoundaries) utils.cc: 1039 -- Found parameter Background_fail_LOW_bin_3-5 at boundary (within ~1sigma): 0.834121+/-1.19863
INFO: (function: anyParameterAtBoundaries) utils.cc: 1039 -- Found parameter Background_fail_LOW_bin_4-4 at boundary (within ~1sigma): 1.05551e-06+/-0.48489
INFO: (function: anyParameterAtBoundaries) utils.cc: 1039 -- Found parameter Background_fail_LOW_bin_5-12 at boundary (within ~1sigma): 0.834121+/-1.19863
INFO: (function: anyParameterAtBoundaries) utils.cc: 1039 -- Found parameter Background_fail_LOW_bin_5-4 at boundary (within ~1sigma): 1.05551e-06+/-0.48489
INFO: (function: anyParameterAtBoundaries) utils.cc: 1039 -- Found parameter Background_fail_LOW_bin_6-3 at boundary (within ~1sigma): 1.05551e-06+/-0.48489
INFO: (function: anyParameterAtBoundaries) utils.cc: 1039 -- Found parameter Background_fail_SIG_bin_1-3 at boundary (within ~1sigma): 1e-06+/-0.503247
INFO: (function: anyParameterAtBoundaries) utils.cc: 1039 -- Found parameter Background_fail_SIG_bin_2-3 at boundary (within ~1sigma): 1e-06+/-0.503247
INFO: (function: anyParameterAtBoundaries) utils.cc: 1039 -- Found parameter Background_fail_SIG_bin_3-1 at boundary (within ~1sigma): 1.00051+/-1.04759
INFO: (function: anyParameterAtBoundaries) utils.cc: 1039 -- Found parameter Background_fail_SIG_bin_3-2 at boundary (within ~1sigma): 1e-06+/-0.503247
INFO: (function: minimize) CascadeMinimizer.cc: 480 -- After fit, some parameters are found at the boundary (within ~1sigma)
INFO: (function: improveOnce) CascadeMinimizer.cc: 188 -- Minimisation configured with Type=Minuit2, Algo=Migrad, strategy=0, tolerance=0.1
INFO: (function: improveOnce) CascadeMinimizer.cc: 211 -- Minimisation finished with status=0
INFO: (function: improveOnce) CascadeMinimizer.cc: 216 -- Minimization success! status=0
INFO: (function: doFit) FitterAlgoBase.cc: 343 -- Running Minos for POI r
DEBUG: (function: runSpecific) FitDiagnostics.cc: 443 -- Fit S+B, status = 0, numBadNLL = 0, covariance quality = -1
