INFO: (function: improveOnce) CascadeMinimizer.cc: 188 -- Minimisation configured with Type=Minuit2, Algo=Migrad, strategy=0, tolerance=0.1
INFO: (function: improveOnce) CascadeMinimizer.cc: 211 -- Minimisation finished with status=0
INFO: (function: improveOnce) CascadeMinimizer.cc: 216 -- Minimization success! status=0
INFO: (function: generateAsimov) ToyMCSamplerOpt.cc: 139 -- Using internal logic for binned/unbinned Asimov dataset generation
INFO: (function: generateWithHisto) ToyMCSamplerOpt.cc: 214 -- Generating asimov with histogram for pdf pdf_binfail_LOW_obsOnly: in 5 x-bins
INFO: (function: generateWithHisto) ToyMCSamplerOpt.cc: 215 -- , in 1 y-bins
INFO: (function: generateAsimov) ToyMCSamplerOpt.cc: 139 -- Using internal logic for binned/unbinned Asimov dataset generation
INFO: (function: generateWithHisto) ToyMCSamplerOpt.cc: 214 -- Generating asimov with histogram for pdf pdf_binfail_SIG_obsOnly: in 6 x-bins
INFO: (function: generateWithHisto) ToyMCSamplerOpt.cc: 215 -- , in 1 y-bins
INFO: (function: generateAsimov) ToyMCSamplerOpt.cc: 139 -- Using internal logic for binned/unbinned Asimov dataset generation
INFO: (function: generateWithHisto) ToyMCSamplerOpt.cc: 214 -- Generating asimov with histogram for pdf pdf_binpass_LOW_obsOnly: in 5 x-bins
INFO: (function: generateWithHisto) ToyMCSamplerOpt.cc: 215 -- , in 1 y-bins
INFO: (function: generateAsimov) ToyMCSamplerOpt.cc: 139 -- Using internal logic for binned/unbinned Asimov dataset generation
INFO: (function: generateWithHisto) ToyMCSamplerOpt.cc: 214 -- Generating asimov with histogram for pdf pdf_binpass_SIG_obsOnly: in 6 x-bins
INFO: (function: generateWithHisto) ToyMCSamplerOpt.cc: 215 -- , in 1 y-bins
INFO: (function: runLimitExpected) AsymptoticLimits.cc: 436 -- Median for expected limits = 0.0209961 (Sigma for expected limits = 0.0107125)
INFO: (function: runLimit) AsymptoticLimits.cc: 193 -- NLL at global minimum of data = -22333.4 (r=9.08867e-08)
INFO: (function: runLimit) AsymptoticLimits.cc: 213 -- NLL at global minimum of asimov = -22361.6 (r=1.33227e-14)
INFO: (function: getCLs) AsymptoticLimits.cc: 343 -- At r = 1.200000:	q_mu = 247.58188	q_A  = 254.55580	CLsb = 0.00000	CLb  = 0.58709	CLs  = 0.00000
INFO: (function: getCLs) AsymptoticLimits.cc: 343 -- At r = 0.600000:	q_mu = 114.21166	q_A  = 121.84308	CLsb = 0.00000	CLb  = 0.63731	CLs  = 0.00000
INFO: (function: getCLs) AsymptoticLimits.cc: 343 -- At r = 0.300000:	q_mu = 53.42629	q_A  = 59.56786	CLsb = 0.00000	CLb  = 0.65862	CLs  = 0.00000
INFO: (function: getCLs) AsymptoticLimits.cc: 343 -- At r = 0.150000:	q_mu = 24.92910	q_A  = 29.04349	CLsb = 0.00000	CLb  = 0.65406	CLs  = 0.00000
INFO: (function: getCLs) AsymptoticLimits.cc: 343 -- At r = 0.075000:	q_mu = 11.70542	q_A  = 14.19136	CLsb = 0.00031	CLb  = 0.63526	CLs  = 0.00049
INFO: (function: getCLs) AsymptoticLimits.cc: 343 -- At r = 0.037500:	q_mu = 5.59310	q_A  = 6.97476	CLsb = 0.00902	CLb  = 0.60873	CLs  = 0.01481
INFO: (function: getCLs) AsymptoticLimits.cc: 343 -- At r = 0.018750:	q_mu = 2.72053	q_A  = 3.44944	CLsb = 0.04953	CLb  = 0.58233	CLs  = 0.08506
INFO: (function: getCLs) AsymptoticLimits.cc: 343 -- At r = 0.028125:	q_mu = 4.13926	q_A  = 5.20372	CLsb = 0.02095	CLb  = 0.59741	CLs  = 0.03507
INFO: (function: getCLs) AsymptoticLimits.cc: 343 -- At r = 0.023247:	q_mu = 3.39654	q_A  = 4.28878	CLsb = 0.03267	CLb  = 0.59016	CLs  = 0.05535
INFO: (function: getCLs) AsymptoticLimits.cc: 343 -- At r = 0.025092:	q_mu = 3.67632	q_A  = 4.63429	CLsb = 0.02760	CLb  = 0.59304	CLs  = 0.04653
INFO: (function: getCLs) AsymptoticLimits.cc: 343 -- At r = 0.024112:	q_mu = 3.52749	q_A  = 4.45063	CLsb = 0.03018	CLb  = 0.59153	CLs  = 0.05102
INFO: (function: getCLs) AsymptoticLimits.cc: 343 -- At r = 0.024480:	q_mu = 3.58331	q_A  = 4.51954	CLsb = 0.02918	CLb  = 0.59210	CLs  = 0.04928
