INFO: (function: improveOnce) CascadeMinimizer.cc: 188 -- Minimisation configured with Type=Minuit2, Algo=Migrad, strategy=0, tolerance=0.1
INFO: (function: improveOnce) CascadeMinimizer.cc: 211 -- Minimisation finished with status=0
INFO: (function: improveOnce) CascadeMinimizer.cc: 216 -- Minimization success! status=0
INFO: (function: generateAsimov) ToyMCSamplerOpt.cc: 139 -- Using internal logic for binned/unbinned Asimov dataset generation
INFO: (function: generateWithHisto) ToyMCSamplerOpt.cc: 214 -- Generating asimov with histogram for pdf pdf_binfail_LOW_obsOnly: in 5 x-bins
INFO: (function: generateWithHisto) ToyMCSamplerOpt.cc: 215 -- , in 1 y-bins
INFO: (function: generateAsimov) ToyMCSamplerOpt.cc: 139 -- Using internal logic for binned/unbinned Asimov dataset generation
INFO: (function: generateWithHisto) ToyMCSamplerOpt.cc: 214 -- Generating asimov with histogram for pdf pdf_binfail_SIG_obsOnly: in 14 x-bins
INFO: (function: generateWithHisto) ToyMCSamplerOpt.cc: 215 -- , in 1 y-bins
INFO: (function: generateAsimov) ToyMCSamplerOpt.cc: 139 -- Using internal logic for binned/unbinned Asimov dataset generation
INFO: (function: generateWithHisto) ToyMCSamplerOpt.cc: 214 -- Generating asimov with histogram for pdf pdf_binpass_LOW_obsOnly: in 5 x-bins
INFO: (function: generateWithHisto) ToyMCSamplerOpt.cc: 215 -- , in 1 y-bins
INFO: (function: generateAsimov) ToyMCSamplerOpt.cc: 139 -- Using internal logic for binned/unbinned Asimov dataset generation
INFO: (function: generateWithHisto) ToyMCSamplerOpt.cc: 214 -- Generating asimov with histogram for pdf pdf_binpass_SIG_obsOnly: in 14 x-bins
INFO: (function: generateWithHisto) ToyMCSamplerOpt.cc: 215 -- , in 1 y-bins
INFO: (function: runLimitExpected) AsymptoticLimits.cc: 436 -- Median for expected limits = 5.34375 (Sigma for expected limits = 2.72645)
INFO: (function: runLimit) AsymptoticLimits.cc: 193 -- NLL at global minimum of data = -70694.1 (r=6.93076e-08)
INFO: (function: runLimit) AsymptoticLimits.cc: 213 -- NLL at global minimum of asimov = -70697.1 (r=6.20923e-06)
INFO: (function: getCLs) AsymptoticLimits.cc: 343 -- At r = 2.905459:	q_mu = 2.04649	q_A  = 2.13450	CLsb = 0.07628	CLb  = 0.51214	CLs  = 0.14894
INFO: (function: getCLs) AsymptoticLimits.cc: 343 -- At r = 5.810918:	q_mu = 4.28485	q_A  = 4.15485	CLsb = 0.01922	CLb  = 0.48728	CLs  = 0.03943
INFO: (function: getCLs) AsymptoticLimits.cc: 343 -- At r = 2.905459:	q_mu = 2.04637	q_A  = 2.13567	CLsb = 0.07628	CLb  = 0.51232	CLs  = 0.14890
INFO: (function: getCLs) AsymptoticLimits.cc: 343 -- At r = 4.814511:	q_mu = 3.54674	q_A  = 3.48226	CLsb = 0.02983	CLb  = 0.49311	CLs  = 0.06049
INFO: (function: getCLs) AsymptoticLimits.cc: 343 -- At r = 5.368544:	q_mu = 3.96041	q_A  = 3.85908	CLsb = 0.02328	CLb  = 0.48971	CLs  = 0.04754
INFO: (function: getCLs) AsymptoticLimits.cc: 343 -- At r = 5.164952:	q_mu = 3.80937	q_A  = 3.72122	CLsb = 0.02548	CLb  = 0.49089	CLs  = 0.05190
INFO: (function: getCLs) AsymptoticLimits.cc: 343 -- At r = 5.274863:	q_mu = 3.89105	q_A  = 3.79560	CLsb = 0.02426	CLb  = 0.49023	CLs  = 0.04949
INFO: (function: getCLs) AsymptoticLimits.cc: 343 -- At r = 5.234014:	q_mu = 3.86073	q_A  = 3.76787	CLsb = 0.02471	CLb  = 0.49046	CLs  = 0.05037
INFO: (function: getCLs) AsymptoticLimits.cc: 343 -- At r = 5.255987:	q_mu = 3.87704	q_A  = 3.78267	CLsb = 0.02447	CLb  = 0.49032	CLs  = 0.04990
