INFO: (function: improveOnce) CascadeMinimizer.cc: 188 -- Minimisation configured with Type=Minuit2, Algo=Migrad, strategy=0, tolerance=0.1
INFO: (function: improveOnce) CascadeMinimizer.cc: 211 -- Minimisation finished with status=0
INFO: (function: improveOnce) CascadeMinimizer.cc: 216 -- Minimization success! status=0
INFO: (function: generateAsimov) ToyMCSamplerOpt.cc: 139 -- Using internal logic for binned/unbinned Asimov dataset generation
INFO: (function: generateWithHisto) ToyMCSamplerOpt.cc: 214 -- Generating asimov with histogram for pdf pdf_binfail_LOW_obsOnly: in 5 x-bins
INFO: (function: generateWithHisto) ToyMCSamplerOpt.cc: 215 -- , in 1 y-bins
INFO: (function: generateAsimov) ToyMCSamplerOpt.cc: 139 -- Using internal logic for binned/unbinned Asimov dataset generation
INFO: (function: generateWithHisto) ToyMCSamplerOpt.cc: 214 -- Generating asimov with histogram for pdf pdf_binfail_SIG_obsOnly: in 4 x-bins
INFO: (function: generateWithHisto) ToyMCSamplerOpt.cc: 215 -- , in 1 y-bins
INFO: (function: generateAsimov) ToyMCSamplerOpt.cc: 139 -- Using internal logic for binned/unbinned Asimov dataset generation
INFO: (function: generateWithHisto) ToyMCSamplerOpt.cc: 214 -- Generating asimov with histogram for pdf pdf_binpass_LOW_obsOnly: in 5 x-bins
INFO: (function: generateWithHisto) ToyMCSamplerOpt.cc: 215 -- , in 1 y-bins
INFO: (function: generateAsimov) ToyMCSamplerOpt.cc: 139 -- Using internal logic for binned/unbinned Asimov dataset generation
INFO: (function: generateWithHisto) ToyMCSamplerOpt.cc: 214 -- Generating asimov with histogram for pdf pdf_binpass_SIG_obsOnly: in 4 x-bins
INFO: (function: generateWithHisto) ToyMCSamplerOpt.cc: 215 -- , in 1 y-bins
INFO: (function: runLimitExpected) AsymptoticLimits.cc: 436 -- Median for expected limits = 0.0610352 (Sigma for expected limits = 0.031141)
INFO: (function: runLimit) AsymptoticLimits.cc: 193 -- NLL at global minimum of data = -76581 (r=0.0108599)
INFO: (function: runLimit) AsymptoticLimits.cc: 213 -- NLL at global minimum of asimov = -76585.5 (r=3.30993e-07)
INFO: (function: getCLs) AsymptoticLimits.cc: 343 -- At r = 1.210860:	q_mu = 29.06866	q_A  = 32.16509	CLsb = 0.00000	CLb  = 0.61022	CLs  = 0.00000
INFO: (function: getCLs) AsymptoticLimits.cc: 343 -- At r = 0.610860:	q_mu = 19.30496	q_A  = 22.15547	CLsb = 0.00001	CLb  = 0.62294	CLs  = 0.00001
INFO: (function: getCLs) AsymptoticLimits.cc: 343 -- At r = 0.310860:	q_mu = 11.94753	q_A  = 14.51500	CLsb = 0.00027	CLb  = 0.63808	CLs  = 0.00043
INFO: (function: getCLs) AsymptoticLimits.cc: 343 -- At r = 0.160860:	q_mu = 6.75926	q_A  = 9.00538	CLsb = 0.00466	CLb  = 0.65580	CLs  = 0.00711
INFO: (function: getCLs) AsymptoticLimits.cc: 343 -- At r = 0.085860:	q_mu = 3.41689	q_A  = 5.30900	CLsb = 0.03227	CLb  = 0.67568	CLs  = 0.04775
INFO: (function: getCLs) AsymptoticLimits.cc: 343 -- At r = 0.048360:	q_mu = 1.50918	q_A  = 3.03518	CLsb = 0.10963	CLb  = 0.69627	CLs  = 0.15746
INFO: (function: getCLs) AsymptoticLimits.cc: 343 -- At r = 0.067110:	q_mu = 2.47703	q_A  = 4.21683	CLsb = 0.05776	CLb  = 0.68426	CLs  = 0.08441
INFO: (function: getCLs) AsymptoticLimits.cc: 343 -- At r = 0.080900:	q_mu = 3.17210	q_A  = 5.02811	CLsb = 0.03745	CLb  = 0.67771	CLs  = 0.05526
INFO: (function: getCLs) AsymptoticLimits.cc: 343 -- At r = 0.083619:	q_mu = 3.30667	q_A  = 5.18279	CLsb = 0.03450	CLb  = 0.67658	CLs  = 0.05099
INFO: (function: getCLs) AsymptoticLimits.cc: 343 -- At r = 0.084604:	q_mu = 3.35518	q_A  = 5.23839	CLsb = 0.03350	CLb  = 0.67618	CLs  = 0.04954
INFO: (function: getCLs) AsymptoticLimits.cc: 343 -- At r = 0.084154:	q_mu = 3.33305	q_A  = 5.21303	CLsb = 0.03395	CLb  = 0.67636	CLs  = 0.05020
