INFO: (function: improveOnce) CascadeMinimizer.cc: 188 -- Minimisation configured with Type=Minuit2, Algo=Migrad, strategy=0, tolerance=0.1
INFO: (function: improveOnce) CascadeMinimizer.cc: 211 -- Minimisation finished with status=0
INFO: (function: improveOnce) CascadeMinimizer.cc: 216 -- Minimization success! status=0
INFO: (function: generateAsimov) ToyMCSamplerOpt.cc: 139 -- Using internal logic for binned/unbinned Asimov dataset generation
INFO: (function: generateWithHisto) ToyMCSamplerOpt.cc: 214 -- Generating asimov with histogram for pdf pdf_binfail_LOW_obsOnly: in 5 x-bins
INFO: (function: generateWithHisto) ToyMCSamplerOpt.cc: 215 -- , in 1 y-bins
INFO: (function: generateAsimov) ToyMCSamplerOpt.cc: 139 -- Using internal logic for binned/unbinned Asimov dataset generation
INFO: (function: generateWithHisto) ToyMCSamplerOpt.cc: 214 -- Generating asimov with histogram for pdf pdf_binfail_SIG_obsOnly: in 6 x-bins
INFO: (function: generateWithHisto) ToyMCSamplerOpt.cc: 215 -- , in 1 y-bins
INFO: (function: generateAsimov) ToyMCSamplerOpt.cc: 139 -- Using internal logic for binned/unbinned Asimov dataset generation
INFO: (function: generateWithHisto) ToyMCSamplerOpt.cc: 214 -- Generating asimov with histogram for pdf pdf_binpass_LOW_obsOnly: in 5 x-bins
INFO: (function: generateWithHisto) ToyMCSamplerOpt.cc: 215 -- , in 1 y-bins
INFO: (function: generateAsimov) ToyMCSamplerOpt.cc: 139 -- Using internal logic for binned/unbinned Asimov dataset generation
INFO: (function: generateWithHisto) ToyMCSamplerOpt.cc: 214 -- Generating asimov with histogram for pdf pdf_binpass_SIG_obsOnly: in 6 x-bins
INFO: (function: generateWithHisto) ToyMCSamplerOpt.cc: 215 -- , in 1 y-bins
INFO: (function: runLimitExpected) AsymptoticLimits.cc: 436 -- Median for expected limits = 0.00927734 (Sigma for expected limits = 0.00473343)
INFO: (function: runLimit) AsymptoticLimits.cc: 193 -- NLL at global minimum of data = -981709 (r=1.43058e-09)
INFO: (function: runLimit) AsymptoticLimits.cc: 213 -- NLL at global minimum of asimov = -981724 (r=3.97016e-12)
INFO: (function: getCLs) AsymptoticLimits.cc: 343 -- At r = 1.200000:	q_mu = 806.19714	q_A  = 269.55013	CLsb = 0.00000	CLb  = 0.00000	CLs  = 0.00000
INFO: (function: getCLs) AsymptoticLimits.cc: 343 -- At r = 0.600000:	q_mu = 414.74477	q_A  = 150.72545	CLsb = 0.00000	CLb  = 0.00000	CLs  = 0.00000
INFO: (function: getCLs) AsymptoticLimits.cc: 343 -- At r = 0.300000:	q_mu = 205.75287	q_A  = 93.61822	CLsb = 0.00000	CLb  = 0.00000	CLs  = 0.00000
INFO: (function: getCLs) AsymptoticLimits.cc: 343 -- At r = 0.150000:	q_mu = 99.80447	q_A  = 56.87857	CLsb = 0.00000	CLb  = 0.00221	CLs  = 0.00000
INFO: (function: getCLs) AsymptoticLimits.cc: 343 -- At r = 0.075000:	q_mu = 48.28553	q_A  = 32.48491	CLsb = 0.00000	CLb  = 0.08285	CLs  = 0.00000
INFO: (function: getCLs) AsymptoticLimits.cc: 343 -- At r = 0.037500:	q_mu = 18.92626	q_A  = 17.22885	CLsb = 0.00001	CLb  = 0.41899	CLs  = 0.00002
INFO: (function: getCLs) AsymptoticLimits.cc: 343 -- At r = 0.018750:	q_mu = 9.79249	q_A  = 8.44437	CLsb = 0.00085	CLb  = 0.40828	CLs  = 0.00208
INFO: (function: getCLs) AsymptoticLimits.cc: 343 -- At r = 0.009375:	q_mu = 4.75468	q_A  = 3.80846	CLsb = 0.01412	CLb  = 0.40422	CLs  = 0.03493
INFO: (function: getCLs) AsymptoticLimits.cc: 343 -- At r = 0.004688:	q_mu = 2.09316	q_A  = 1.56690	CLsb = 0.07187	CLb  = 0.41675	CLs  = 0.17246
INFO: (function: getCLs) AsymptoticLimits.cc: 343 -- At r = 0.007031:	q_mu = 3.43522	q_A  = 2.66545	CLsb = 0.03086	CLb  = 0.40682	CLs  = 0.07585
INFO: (function: getCLs) AsymptoticLimits.cc: 343 -- At r = 0.008039:	q_mu = 4.00543	q_A  = 3.15300	CLsb = 0.02192	CLb  = 0.40515	CLs  = 0.05409
INFO: (function: getCLs) AsymptoticLimits.cc: 343 -- At r = 0.008498:	q_mu = 4.26398	q_A  = 3.37741	CLsb = 0.01881	CLb  = 0.40470	CLs  = 0.04648
INFO: (function: getCLs) AsymptoticLimits.cc: 343 -- At r = 0.008229:	q_mu = 4.11275	q_A  = 3.24594	CLsb = 0.02057	CLb  = 0.40495	CLs  = 0.05079
