INFO: (function: improveOnce) CascadeMinimizer.cc: 188 -- Minimisation configured with Type=Minuit2, Algo=Migrad, strategy=0, tolerance=0.1
INFO: (function: improveOnce) CascadeMinimizer.cc: 211 -- Minimisation finished with status=0
INFO: (function: improveOnce) CascadeMinimizer.cc: 216 -- Minimization success! status=0
INFO: (function: generateAsimov) ToyMCSamplerOpt.cc: 139 -- Using internal logic for binned/unbinned Asimov dataset generation
INFO: (function: generateWithHisto) ToyMCSamplerOpt.cc: 214 -- Generating asimov with histogram for pdf pdf_binfail_LOW_obsOnly: in 6 x-bins
INFO: (function: generateWithHisto) ToyMCSamplerOpt.cc: 215 -- , in 1 y-bins
INFO: (function: generateAsimov) ToyMCSamplerOpt.cc: 139 -- Using internal logic for binned/unbinned Asimov dataset generation
INFO: (function: generateWithHisto) ToyMCSamplerOpt.cc: 214 -- Generating asimov with histogram for pdf pdf_binfail_SIG_obsOnly: in 8 x-bins
INFO: (function: generateWithHisto) ToyMCSamplerOpt.cc: 215 -- , in 1 y-bins
INFO: (function: generateAsimov) ToyMCSamplerOpt.cc: 139 -- Using internal logic for binned/unbinned Asimov dataset generation
INFO: (function: generateWithHisto) ToyMCSamplerOpt.cc: 214 -- Generating asimov with histogram for pdf pdf_binpass_LOW_obsOnly: in 6 x-bins
INFO: (function: generateWithHisto) ToyMCSamplerOpt.cc: 215 -- , in 1 y-bins
INFO: (function: generateAsimov) ToyMCSamplerOpt.cc: 139 -- Using internal logic for binned/unbinned Asimov dataset generation
INFO: (function: generateWithHisto) ToyMCSamplerOpt.cc: 214 -- Generating asimov with histogram for pdf pdf_binpass_SIG_obsOnly: in 8 x-bins
INFO: (function: generateWithHisto) ToyMCSamplerOpt.cc: 215 -- , in 1 y-bins
INFO: (function: runLimitExpected) AsymptoticLimits.cc: 436 -- Median for expected limits = 0.00244141 (Sigma for expected limits = 0.00124564)
INFO: (function: runLimit) AsymptoticLimits.cc: 193 -- NLL at global minimum of data = -768435 (r=2.40963e-10)
INFO: (function: runLimit) AsymptoticLimits.cc: 213 -- NLL at global minimum of asimov = -768436 (r=2.05536e-11)
INFO: (function: getCLs) AsymptoticLimits.cc: 343 -- At r = 1.200000:	q_mu = 1069.38434	q_A  = 408.19582	CLsb = 0.00000	CLb  = 0.00000	CLs  = 0.00000
INFO: (function: getCLs) AsymptoticLimits.cc: 343 -- At r = 0.600000:	q_mu = 561.11351	q_A  = 249.67415	CLsb = 0.00000	CLb  = 0.00000	CLs  = 0.00000
INFO: (function: getCLs) AsymptoticLimits.cc: 343 -- At r = 0.300000:	q_mu = 300.18453	q_A  = 170.55520	CLsb = 0.00000	CLb  = 0.00000	CLs  = 0.00000
INFO: (function: getCLs) AsymptoticLimits.cc: 343 -- At r = 0.150000:	q_mu = 170.27884	q_A  = 120.00080	CLsb = 0.00000	CLb  = 0.01087	CLs  = 0.00000
INFO: (function: getCLs) AsymptoticLimits.cc: 343 -- At r = 0.075000:	q_mu = 106.55378	q_A  = 81.35896	CLsb = 0.00000	CLb  = 0.08126	CLs  = 0.00000
INFO: (function: getCLs) AsymptoticLimits.cc: 343 -- At r = 0.037500:	q_mu = 66.80340	q_A  = 52.22862	CLsb = 0.00000	CLb  = 0.15664	CLs  = 0.00000
INFO: (function: getCLs) AsymptoticLimits.cc: 343 -- At r = 0.018750:	q_mu = 39.61252	q_A  = 31.43775	CLsb = 0.00000	CLb  = 0.23300	CLs  = 0.00000
INFO: (function: getCLs) AsymptoticLimits.cc: 343 -- At r = 0.009375:	q_mu = 22.23937	q_A  = 17.59347	CLsb = 0.00000	CLb  = 0.28985	CLs  = 0.00000
INFO: (function: getCLs) AsymptoticLimits.cc: 343 -- At r = 0.004688:	q_mu = 11.17250	q_A  = 9.09383	CLsb = 0.00039	CLb  = 0.36518	CLs  = 0.00107
INFO: (function: getCLs) AsymptoticLimits.cc: 343 -- At r = 0.002344:	q_mu = 5.82521	q_A  = 4.35507	CLsb = 0.00736	CLb  = 0.36233	CLs  = 0.02032
INFO: (function: getCLs) AsymptoticLimits.cc: 343 -- At r = 0.001172:	q_mu = 2.89381	q_A  = 1.94449	CLsb = 0.04138	CLb  = 0.36678	CLs  = 0.11283
INFO: (function: getCLs) AsymptoticLimits.cc: 343 -- At r = 0.001851:	q_mu = 4.61653	q_A  = 3.33740	CLsb = 0.01474	CLb  = 0.36313	CLs  = 0.04060
INFO: (function: getCLs) AsymptoticLimits.cc: 343 -- At r = 0.001605:	q_mu = 3.99894	q_A  = 2.82932	CLsb = 0.02119	CLb  = 0.36404	CLs  = 0.05821
