INFO: (function: improveOnce) CascadeMinimizer.cc: 188 -- Minimisation configured with Type=Minuit2, Algo=Migrad, strategy=0, tolerance=0.1
INFO: (function: improveOnce) CascadeMinimizer.cc: 211 -- Minimisation finished with status=0
INFO: (function: improveOnce) CascadeMinimizer.cc: 216 -- Minimization success! status=0
INFO: (function: generateAsimov) ToyMCSamplerOpt.cc: 139 -- Using internal logic for binned/unbinned Asimov dataset generation
INFO: (function: generateWithHisto) ToyMCSamplerOpt.cc: 214 -- Generating asimov with histogram for pdf pdf_binfail_LOW_obsOnly: in 6 x-bins
INFO: (function: generateWithHisto) ToyMCSamplerOpt.cc: 215 -- , in 1 y-bins
INFO: (function: generateAsimov) ToyMCSamplerOpt.cc: 139 -- Using internal logic for binned/unbinned Asimov dataset generation
INFO: (function: generateWithHisto) ToyMCSamplerOpt.cc: 214 -- Generating asimov with histogram for pdf pdf_binfail_SIG_obsOnly: in 2 x-bins
INFO: (function: generateWithHisto) ToyMCSamplerOpt.cc: 215 -- , in 1 y-bins
INFO: (function: generateAsimov) ToyMCSamplerOpt.cc: 139 -- Using internal logic for binned/unbinned Asimov dataset generation
INFO: (function: generateWithHisto) ToyMCSamplerOpt.cc: 214 -- Generating asimov with histogram for pdf pdf_binpass_LOW_obsOnly: in 6 x-bins
INFO: (function: generateWithHisto) ToyMCSamplerOpt.cc: 215 -- , in 1 y-bins
INFO: (function: generateAsimov) ToyMCSamplerOpt.cc: 139 -- Using internal logic for binned/unbinned Asimov dataset generation
INFO: (function: generateWithHisto) ToyMCSamplerOpt.cc: 214 -- Generating asimov with histogram for pdf pdf_binpass_SIG_obsOnly: in 2 x-bins
INFO: (function: generateWithHisto) ToyMCSamplerOpt.cc: 215 -- , in 1 y-bins
INFO: (function: runLimitExpected) AsymptoticLimits.cc: 436 -- Median for expected limits = 2.35938 (Sigma for expected limits = 1.20378)
INFO: (function: runLimit) AsymptoticLimits.cc: 193 -- NLL at global minimum of data = -10990.5 (r=1.1989)
INFO: (function: runLimit) AsymptoticLimits.cc: 213 -- NLL at global minimum of asimov = -10995.7 (r=0.00607611)
INFO: (function: getCLs) AsymptoticLimits.cc: 343 -- At r = 4.421047:	q_mu = 3.39473	q_A  = 7.81591	CLsb = 0.03270	CLb  = 0.82976	CLs  = 0.03941
INFO: (function: getCLs) AsymptoticLimits.cc: 343 -- At r = 2.809974:	q_mu = 1.25154	q_A  = 4.71537	CLsb = 0.13163	CLb  = 0.85378	CLs  = 0.15417
INFO: (function: getCLs) AsymptoticLimits.cc: 343 -- At r = 3.615511:	q_mu = 2.26403	q_A  = 6.28181	CLsb = 0.06620	CLb  = 0.84175	CLs  = 0.07865
INFO: (function: getCLs) AsymptoticLimits.cc: 343 -- At r = 4.038009:	q_mu = 2.84154	q_A  = 7.09107	CLsb = 0.04593	CLb  = 0.83577	CLs  = 0.05495
INFO: (function: getCLs) AsymptoticLimits.cc: 343 -- At r = 4.201690:	q_mu = 3.10699	q_A  = 7.40183	CLsb = 0.03898	CLb  = 0.83096	CLs  = 0.04691
INFO: (function: getCLs) AsymptoticLimits.cc: 343 -- At r = 4.116143:	q_mu = 2.95064	q_A  = 7.23960	CLsb = 0.04292	CLb  = 0.83470	CLs  = 0.05142
INFO: (function: getCLs) AsymptoticLimits.cc: 343 -- At r = 4.154137:	q_mu = 3.00392	q_A  = 7.31179	CLsb = 0.04153	CLb  = 0.83419	CLs  = 0.04979
INFO: (function: getCLs) AsymptoticLimits.cc: 343 -- At r = 4.142521:	q_mu = 2.98762	q_A  = 7.28987	CLsb = 0.04195	CLb  = 0.83435	CLs  = 0.05028
