INFO: (function: improveOnce) CascadeMinimizer.cc: 188 -- Minimisation configured with Type=Minuit2, Algo=Migrad, strategy=0, tolerance=0.1
INFO: (function: improveOnce) CascadeMinimizer.cc: 211 -- Minimisation finished with status=0
INFO: (function: improveOnce) CascadeMinimizer.cc: 216 -- Minimization success! status=0
INFO: (function: generateAsimov) ToyMCSamplerOpt.cc: 139 -- Using internal logic for binned/unbinned Asimov dataset generation
INFO: (function: generateWithHisto) ToyMCSamplerOpt.cc: 214 -- Generating asimov with histogram for pdf pdf_binfail_LOW_obsOnly: in 45 x-bins
INFO: (function: generateWithHisto) ToyMCSamplerOpt.cc: 215 -- , in 1 y-bins
INFO: (function: generateAsimov) ToyMCSamplerOpt.cc: 139 -- Using internal logic for binned/unbinned Asimov dataset generation
INFO: (function: generateWithHisto) ToyMCSamplerOpt.cc: 214 -- Generating asimov with histogram for pdf pdf_binfail_SIG_obsOnly: in 5 x-bins
INFO: (function: generateWithHisto) ToyMCSamplerOpt.cc: 215 -- , in 1 y-bins
INFO: (function: generateAsimov) ToyMCSamplerOpt.cc: 139 -- Using internal logic for binned/unbinned Asimov dataset generation
INFO: (function: generateWithHisto) ToyMCSamplerOpt.cc: 214 -- Generating asimov with histogram for pdf pdf_binpass_LOW_obsOnly: in 45 x-bins
INFO: (function: generateWithHisto) ToyMCSamplerOpt.cc: 215 -- , in 1 y-bins
INFO: (function: generateAsimov) ToyMCSamplerOpt.cc: 139 -- Using internal logic for binned/unbinned Asimov dataset generation
INFO: (function: generateWithHisto) ToyMCSamplerOpt.cc: 214 -- Generating asimov with histogram for pdf pdf_binpass_SIG_obsOnly: in 5 x-bins
INFO: (function: generateWithHisto) ToyMCSamplerOpt.cc: 215 -- , in 1 y-bins
INFO: (function: runLimitExpected) AsymptoticLimits.cc: 436 -- Median for expected limits = 33.75 (Sigma for expected limits = 17.2197)
INFO: (function: runLimit) AsymptoticLimits.cc: 193 -- NLL at global minimum of data = -10659 (r=33.4308)
INFO: (function: runLimit) AsymptoticLimits.cc: 213 -- NLL at global minimum of asimov = -10908 (r=0.0130012)
INFO: (function: getCLs) AsymptoticLimits.cc: 343 -- At r = 47.136982:	q_mu = 0.00000	q_A  = 6.45855	CLsb = 0.50000	CLb  = 0.99448	CLs  = 0.50278
INFO: (function: getCLs) AsymptoticLimits.cc: 343 -- At r = 94.273964:	q_mu = 0.00000	q_A  = 20.86127	CLsb = 0.50000	CLb  = 1.00000	CLs  = 0.50000
INFO: (function: getCLs) AsymptoticLimits.cc: 343 -- At r = 188.547929:	q_mu = 0.00000	q_A  = 67.10775	CLsb = 0.50000	CLb  = 1.00000	CLs  = 0.50000
INFO: (function: getCLs) AsymptoticLimits.cc: 343 -- At r = 377.095857:	q_mu = 0.00000	q_A  = 152.12094	CLsb = 0.50000	CLb  = 1.00000	CLs  = 0.50000
INFO: (function: getCLs) AsymptoticLimits.cc: 343 -- At r = 754.191715:	q_mu = 0.00000	q_A  = 387.30757	CLsb = 0.50000	CLb  = 1.00000	CLs  = 0.50000
INFO: (function: getCLs) AsymptoticLimits.cc: 343 -- At r = 770.907126:	q_mu = 0.00000	q_A  = 399.53697	CLsb = 0.50000	CLb  = 1.00000	CLs  = 0.50000
INFO: (function: getCLs) AsymptoticLimits.cc: 343 -- At r = 1139.645278:	q_mu = 160.01966	q_A  = 695.66623	CLsb = 0.00000	CLb  = 1.00000	CLs  = 0.00000
INFO: (function: getCLs) AsymptoticLimits.cc: 343 -- At r = 955.276202:	q_mu = 13.45297	q_A  = 541.24688	CLsb = 0.00012	CLb  = 1.00000	CLs  = 0.00012
INFO: (function: getCLs) AsymptoticLimits.cc: 343 -- At r = 863.091664:	q_mu = 0.00000	q_A  = 468.94064	CLsb = 0.50000	CLb  = 1.00000	CLs  = 0.50000
INFO: (function: getCLs) AsymptoticLimits.cc: 343 -- At r = 909.183933:	q_mu = 0.00000	q_A  = 504.76404	CLsb = 0.50000	CLb  = 1.00000	CLs  = 0.50000
INFO: (function: getCLs) AsymptoticLimits.cc: 343 -- At r = 932.230067:	q_mu = 0.00000	q_A  = 522.92680	CLsb = 0.50000	CLb  = 1.00000	CLs  = 0.50000
INFO: (function: getCLs) AsymptoticLimits.cc: 343 -- At r = 943.753134:	q_mu = 4.72055	q_A  = 532.06763	CLsb = 0.01490	CLb  = 1.00000	CLs  = 0.01490
INFO: (function: getCLs) AsymptoticLimits.cc: 343 -- At r = 937.991601:	q_mu = 0.36986	q_A  = 527.49238	CLsb = 0.27154	CLb  = 1.00000	CLs  = 0.27154
INFO: (function: getCLs) AsymptoticLimits.cc: 343 -- At r = 940.872368:	q_mu = 2.54379	q_A  = 529.77877	CLsb = 0.05536	CLb  = 1.00000	CLs  = 0.05536
