INFO: (function: improveOnce) CascadeMinimizer.cc: 188 -- Minimisation configured with Type=Minuit2, Algo=Migrad, strategy=0, tolerance=0.1
INFO: (function: improveOnce) CascadeMinimizer.cc: 211 -- Minimisation finished with status=0
INFO: (function: improveOnce) CascadeMinimizer.cc: 216 -- Minimization success! status=0
INFO: (function: generateAsimov) ToyMCSamplerOpt.cc: 139 -- Using internal logic for binned/unbinned Asimov dataset generation
INFO: (function: generateWithHisto) ToyMCSamplerOpt.cc: 214 -- Generating asimov with histogram for pdf pdf_binfail_LOW_obsOnly: in 7 x-bins
INFO: (function: generateWithHisto) ToyMCSamplerOpt.cc: 215 -- , in 1 y-bins
INFO: (function: generateAsimov) ToyMCSamplerOpt.cc: 139 -- Using internal logic for binned/unbinned Asimov dataset generation
INFO: (function: generateWithHisto) ToyMCSamplerOpt.cc: 214 -- Generating asimov with histogram for pdf pdf_binfail_SIG_obsOnly: in 2 x-bins
INFO: (function: generateWithHisto) ToyMCSamplerOpt.cc: 215 -- , in 1 y-bins
INFO: (function: generateAsimov) ToyMCSamplerOpt.cc: 139 -- Using internal logic for binned/unbinned Asimov dataset generation
INFO: (function: generateWithHisto) ToyMCSamplerOpt.cc: 214 -- Generating asimov with histogram for pdf pdf_binpass_LOW_obsOnly: in 7 x-bins
INFO: (function: generateWithHisto) ToyMCSamplerOpt.cc: 215 -- , in 1 y-bins
INFO: (function: generateAsimov) ToyMCSamplerOpt.cc: 139 -- Using internal logic for binned/unbinned Asimov dataset generation
INFO: (function: generateWithHisto) ToyMCSamplerOpt.cc: 214 -- Generating asimov with histogram for pdf pdf_binpass_SIG_obsOnly: in 2 x-bins
INFO: (function: generateWithHisto) ToyMCSamplerOpt.cc: 215 -- , in 1 y-bins
INFO: (function: runLimitExpected) AsymptoticLimits.cc: 436 -- Median for expected limits = 0.996094 (Sigma for expected limits = 0.50822)
INFO: (function: runLimit) AsymptoticLimits.cc: 193 -- NLL at global minimum of data = -137213 (r=1.22561)
INFO: (function: runLimit) AsymptoticLimits.cc: 213 -- NLL at global minimum of asimov = 32094.1 (r=20)
INFO: (function: getCLs) AsymptoticLimits.cc: 343 -- At r = 3.745053:	q_mu = 5.00823	q_A  = 14569.90224	CLsb = 0.01261	CLb  = 1.00000	CLs  = 0.01261
INFO: (function: getCLs) AsymptoticLimits.cc: 343 -- At r = 2.485334:	q_mu = 1.64045	q_A  = 18143.76443	CLsb = 0.10013	CLb  = 1.00000	CLs  = 0.10013
INFO: (function: getCLs) AsymptoticLimits.cc: 343 -- At r = 3.115194:	q_mu = 3.18614	q_A  = 16175.74243	CLsb = 0.03713	CLb  = 1.00000	CLs  = 0.03713
INFO: (function: getCLs) AsymptoticLimits.cc: 343 -- At r = 2.838091:	q_mu = 2.46658	q_A  = 16987.69310	CLsb = 0.05815	CLb  = 1.00000	CLs  = 0.05815
INFO: (function: getCLs) AsymptoticLimits.cc: 343 -- At r = 2.968117:	q_mu = 2.79713	q_A  = 16597.31058	CLsb = 0.04722	CLb  = 1.00000	CLs  = 0.04722
INFO: (function: getCLs) AsymptoticLimits.cc: 343 -- At r = 2.913495:	q_mu = 2.65669	q_A  = 16759.19131	CLsb = 0.05156	CLb  = 1.00000	CLs  = 0.05156
INFO: (function: getCLs) AsymptoticLimits.cc: 343 -- At r = 2.939659:	q_mu = 2.72368	q_A  = 16681.27533	CLsb = 0.04943	CLb  = 1.00000	CLs  = 0.04943
INFO: (function: getCLs) AsymptoticLimits.cc: 343 -- At r = 2.928767:	q_mu = 2.69573	q_A  = 16713.62863	CLsb = 0.05031	CLb  = 1.00000	CLs  = 0.05031
