INFO: (function: improveOnce) CascadeMinimizer.cc: 188 -- Minimisation configured with Type=Minuit2, Algo=Migrad, strategy=0, tolerance=0.1
INFO: (function: improveOnce) CascadeMinimizer.cc: 211 -- Minimisation finished with status=0
INFO: (function: improveOnce) CascadeMinimizer.cc: 216 -- Minimization success! status=0
INFO: (function: generateAsimov) ToyMCSamplerOpt.cc: 139 -- Using internal logic for binned/unbinned Asimov dataset generation
INFO: (function: generateWithHisto) ToyMCSamplerOpt.cc: 214 -- Generating asimov with histogram for pdf pdf_binfail_LOW_obsOnly: in 5 x-bins
INFO: (function: generateWithHisto) ToyMCSamplerOpt.cc: 215 -- , in 1 y-bins
INFO: (function: generateAsimov) ToyMCSamplerOpt.cc: 139 -- Using internal logic for binned/unbinned Asimov dataset generation
INFO: (function: generateWithHisto) ToyMCSamplerOpt.cc: 214 -- Generating asimov with histogram for pdf pdf_binfail_SIG_obsOnly: in 3 x-bins
INFO: (function: generateWithHisto) ToyMCSamplerOpt.cc: 215 -- , in 1 y-bins
INFO: (function: generateAsimov) ToyMCSamplerOpt.cc: 139 -- Using internal logic for binned/unbinned Asimov dataset generation
INFO: (function: generateWithHisto) ToyMCSamplerOpt.cc: 214 -- Generating asimov with histogram for pdf pdf_binpass_LOW_obsOnly: in 5 x-bins
INFO: (function: generateWithHisto) ToyMCSamplerOpt.cc: 215 -- , in 1 y-bins
INFO: (function: generateAsimov) ToyMCSamplerOpt.cc: 139 -- Using internal logic for binned/unbinned Asimov dataset generation
INFO: (function: generateWithHisto) ToyMCSamplerOpt.cc: 214 -- Generating asimov with histogram for pdf pdf_binpass_SIG_obsOnly: in 3 x-bins
INFO: (function: generateWithHisto) ToyMCSamplerOpt.cc: 215 -- , in 1 y-bins
INFO: (function: runLimitExpected) AsymptoticLimits.cc: 436 -- Median for expected limits = 2.13281 (Sigma for expected limits = 1.08819)
INFO: (function: runLimit) AsymptoticLimits.cc: 193 -- NLL at global minimum of data = -61632.9 (r=1.14113)
INFO: (function: runLimit) AsymptoticLimits.cc: 213 -- NLL at global minimum of asimov = -61637.9 (r=0.0064031)
INFO: (function: getCLs) AsymptoticLimits.cc: 343 -- At r = 4.201261:	q_mu = 4.50330	q_A  = 9.62397	CLsb = 0.01691	CLb  = 0.83650	CLs  = 0.02022
INFO: (function: getCLs) AsymptoticLimits.cc: 343 -- At r = 2.671194:	q_mu = 1.49435	q_A  = 5.26572	CLsb = 0.11077	CLb  = 0.85820	CLs  = 0.12907
INFO: (function: getCLs) AsymptoticLimits.cc: 343 -- At r = 3.297439:	q_mu = 2.61429	q_A  = 7.00498	CLsb = 0.05295	CLb  = 0.84845	CLs  = 0.06241
INFO: (function: getCLs) AsymptoticLimits.cc: 343 -- At r = 3.620448:	q_mu = 3.25805	q_A  = 7.92843	CLsb = 0.03554	CLb  = 0.84393	CLs  = 0.04211
INFO: (function: getCLs) AsymptoticLimits.cc: 343 -- At r = 3.443044:	q_mu = 2.89963	q_A  = 7.41931	CLsb = 0.04430	CLb  = 0.84638	CLs  = 0.05234
INFO: (function: getCLs) AsymptoticLimits.cc: 343 -- At r = 3.508375:	q_mu = 3.03030	q_A  = 7.60627	CLsb = 0.04086	CLb  = 0.84546	CLs  = 0.04833
INFO: (function: getCLs) AsymptoticLimits.cc: 343 -- At r = 3.473039:	q_mu = 2.95943	q_A  = 7.50507	CLsb = 0.04269	CLb  = 0.84596	CLs  = 0.05046
INFO: (function: getCLs) AsymptoticLimits.cc: 343 -- At r = 3.486135:	q_mu = 2.98564	q_A  = 7.54256	CLsb = 0.04200	CLb  = 0.84577	CLs  = 0.04966
INFO: (function: getCLs) AsymptoticLimits.cc: 343 -- At r = 3.479074:	q_mu = 2.97150	q_A  = 7.52234	CLsb = 0.04237	CLb  = 0.84587	CLs  = 0.05009
