INFO: (function: improveOnce) CascadeMinimizer.cc: 188 -- Minimisation configured with Type=Minuit2, Algo=Migrad, strategy=0, tolerance=0.1
INFO: (function: improveOnce) CascadeMinimizer.cc: 211 -- Minimisation finished with status=0
INFO: (function: improveOnce) CascadeMinimizer.cc: 216 -- Minimization success! status=0
INFO: (function: generateAsimov) ToyMCSamplerOpt.cc: 139 -- Using internal logic for binned/unbinned Asimov dataset generation
INFO: (function: generateWithHisto) ToyMCSamplerOpt.cc: 214 -- Generating asimov with histogram for pdf pdf_binfail_LOW_obsOnly: in 5 x-bins
INFO: (function: generateWithHisto) ToyMCSamplerOpt.cc: 215 -- , in 1 y-bins
INFO: (function: generateAsimov) ToyMCSamplerOpt.cc: 139 -- Using internal logic for binned/unbinned Asimov dataset generation
INFO: (function: generateWithHisto) ToyMCSamplerOpt.cc: 214 -- Generating asimov with histogram for pdf pdf_binfail_SIG_obsOnly: in 4 x-bins
INFO: (function: generateWithHisto) ToyMCSamplerOpt.cc: 215 -- , in 1 y-bins
INFO: (function: generateAsimov) ToyMCSamplerOpt.cc: 139 -- Using internal logic for binned/unbinned Asimov dataset generation
INFO: (function: generateWithHisto) ToyMCSamplerOpt.cc: 214 -- Generating asimov with histogram for pdf pdf_binpass_LOW_obsOnly: in 5 x-bins
INFO: (function: generateWithHisto) ToyMCSamplerOpt.cc: 215 -- , in 1 y-bins
INFO: (function: generateAsimov) ToyMCSamplerOpt.cc: 139 -- Using internal logic for binned/unbinned Asimov dataset generation
INFO: (function: generateWithHisto) ToyMCSamplerOpt.cc: 214 -- Generating asimov with histogram for pdf pdf_binpass_SIG_obsOnly: in 4 x-bins
INFO: (function: generateWithHisto) ToyMCSamplerOpt.cc: 215 -- , in 1 y-bins
INFO: (function: runLimitExpected) AsymptoticLimits.cc: 436 -- Median for expected limits = 0.0185547 (Sigma for expected limits = 0.00946685)
INFO: (function: runLimit) AsymptoticLimits.cc: 193 -- NLL at global minimum of data = -76684.3 (r=0.00381383)
INFO: (function: runLimit) AsymptoticLimits.cc: 213 -- NLL at global minimum of asimov = -76677.4 (r=1.17217e-11)
INFO: (function: getCLs) AsymptoticLimits.cc: 343 -- At r = 1.203814:	q_mu = 96.63172	q_A  = 97.71475	CLsb = 0.00000	CLb  = 0.52190	CLs  = 0.00000
INFO: (function: getCLs) AsymptoticLimits.cc: 343 -- At r = 0.603814:	q_mu = 64.60663	q_A  = 66.38311	CLsb = 0.00000	CLb  = 0.54370	CLs  = 0.00000
INFO: (function: getCLs) AsymptoticLimits.cc: 343 -- At r = 0.303814:	q_mu = 40.99083	q_A  = 43.33624	CLsb = 0.00000	CLb  = 0.57167	CLs  = 0.00000
INFO: (function: getCLs) AsymptoticLimits.cc: 343 -- At r = 0.153814:	q_mu = 24.47974	q_A  = 27.07942	CLsb = 0.00000	CLb  = 0.60106	CLs  = 0.00000
INFO: (function: getCLs) AsymptoticLimits.cc: 343 -- At r = 0.078814:	q_mu = 13.50569	q_A  = 15.96348	CLsb = 0.00012	CLb  = 0.62568	CLs  = 0.00019
INFO: (function: getCLs) AsymptoticLimits.cc: 343 -- At r = 0.041314:	q_mu = 6.71930	q_A  = 8.89676	CLsb = 0.00477	CLb  = 0.65195	CLs  = 0.00731
INFO: (function: getCLs) AsymptoticLimits.cc: 343 -- At r = 0.022564:	q_mu = 2.96311	q_A  = 4.77143	CLsb = 0.04259	CLb  = 0.67831	CLs  = 0.06279
INFO: (function: getCLs) AsymptoticLimits.cc: 343 -- At r = 0.031939:	q_mu = 4.85789	q_A  = 6.88953	CLsb = 0.01376	CLb  = 0.66302	CLs  = 0.02075
INFO: (function: getCLs) AsymptoticLimits.cc: 343 -- At r = 0.025982:	q_mu = 3.65394	q_A  = 5.55625	CLsb = 0.02797	CLb  = 0.67207	CLs  = 0.04162
INFO: (function: getCLs) AsymptoticLimits.cc: 343 -- At r = 0.024078:	q_mu = 3.26868	q_A  = 5.12081	CLsb = 0.03531	CLb  = 0.67544	CLs  = 0.05227
INFO: (function: getCLs) AsymptoticLimits.cc: 343 -- At r = 0.024756:	q_mu = 3.40574	q_A  = 5.27632	CLsb = 0.03248	CLb  = 0.67421	CLs  = 0.04818
INFO: (function: getCLs) AsymptoticLimits.cc: 343 -- At r = 0.024374:	q_mu = 3.32849	q_A  = 5.18875	CLsb = 0.03404	CLb  = 0.67489	CLs  = 0.05044
