INFO: (function: improveOnce) CascadeMinimizer.cc: 188 -- Minimisation configured with Type=Minuit2, Algo=Migrad, strategy=0, tolerance=0.1
INFO: (function: improveOnce) CascadeMinimizer.cc: 211 -- Minimisation finished with status=0
INFO: (function: improveOnce) CascadeMinimizer.cc: 216 -- Minimization success! status=0
INFO: (function: generateAsimov) ToyMCSamplerOpt.cc: 139 -- Using internal logic for binned/unbinned Asimov dataset generation
INFO: (function: generateWithHisto) ToyMCSamplerOpt.cc: 214 -- Generating asimov with histogram for pdf pdf_binfail_LOW_obsOnly: in 5 x-bins
INFO: (function: generateWithHisto) ToyMCSamplerOpt.cc: 215 -- , in 1 y-bins
INFO: (function: generateAsimov) ToyMCSamplerOpt.cc: 139 -- Using internal logic for binned/unbinned Asimov dataset generation
INFO: (function: generateWithHisto) ToyMCSamplerOpt.cc: 214 -- Generating asimov with histogram for pdf pdf_binfail_SIG_obsOnly: in 6 x-bins
INFO: (function: generateWithHisto) ToyMCSamplerOpt.cc: 215 -- , in 1 y-bins
INFO: (function: generateAsimov) ToyMCSamplerOpt.cc: 139 -- Using internal logic for binned/unbinned Asimov dataset generation
INFO: (function: generateWithHisto) ToyMCSamplerOpt.cc: 214 -- Generating asimov with histogram for pdf pdf_binpass_LOW_obsOnly: in 5 x-bins
INFO: (function: generateWithHisto) ToyMCSamplerOpt.cc: 215 -- , in 1 y-bins
INFO: (function: generateAsimov) ToyMCSamplerOpt.cc: 139 -- Using internal logic for binned/unbinned Asimov dataset generation
INFO: (function: generateWithHisto) ToyMCSamplerOpt.cc: 214 -- Generating asimov with histogram for pdf pdf_binpass_SIG_obsOnly: in 6 x-bins
INFO: (function: generateWithHisto) ToyMCSamplerOpt.cc: 215 -- , in 1 y-bins
INFO: (function: runLimitExpected) AsymptoticLimits.cc: 436 -- Median for expected limits = 2.92188 (Sigma for expected limits = 1.49078)
INFO: (function: runLimit) AsymptoticLimits.cc: 193 -- NLL at global minimum of data = -985569 (r=1.83613e-06)
INFO: (function: runLimit) AsymptoticLimits.cc: 213 -- NLL at global minimum of asimov = -985565 (r=1.18239e-12)
INFO: (function: getCLs) AsymptoticLimits.cc: 343 -- At r = 1.619102:	q_mu = 3.13445	q_A  = 1.81386	CLsb = 0.03310	CLb  = 0.31197	CLs  = 0.10610
INFO: (function: getCLs) AsymptoticLimits.cc: 343 -- At r = 3.238204:	q_mu = 6.11383	q_A  = 4.34542	CLsb = 0.00606	CLb  = 0.33572	CLs  = 0.01805
INFO: (function: getCLs) AsymptoticLimits.cc: 343 -- At r = 1.619103:	q_mu = 3.13439	q_A  = 1.81386	CLsb = 0.03310	CLb  = 0.31198	CLs  = 0.10610
INFO: (function: getCLs) AsymptoticLimits.cc: 343 -- At r = 2.493041:	q_mu = 4.75582	q_A  = 3.15892	CLsb = 0.01299	CLb  = 0.32663	CLs  = 0.03976
INFO: (function: getCLs) AsymptoticLimits.cc: 343 -- At r = 2.155066:	q_mu = 4.13278	q_A  = 2.63095	CLsb = 0.01854	CLb  = 0.32170	CLs  = 0.05762
INFO: (function: getCLs) AsymptoticLimits.cc: 343 -- At r = 2.326049:	q_mu = 4.44850	q_A  = 2.89708	CLsb = 0.01547	CLb  = 0.32429	CLs  = 0.04771
INFO: (function: getCLs) AsymptoticLimits.cc: 343 -- At r = 2.257835:	q_mu = 4.32270	q_A  = 2.79065	CLsb = 0.01662	CLb  = 0.32328	CLs  = 0.05142
INFO: (function: getCLs) AsymptoticLimits.cc: 343 -- At r = 2.291895:	q_mu = 4.38556	q_A  = 2.84375	CLsb = 0.01604	CLb  = 0.32378	CLs  = 0.04953
INFO: (function: getCLs) AsymptoticLimits.cc: 343 -- At r = 2.278222:	q_mu = 4.36033	q_A  = 2.82242	CLsb = 0.01627	CLb  = 0.32358	CLs  = 0.05028
INFO: (function: getCLs) AsymptoticLimits.cc: 343 -- At r = 2.285029:	q_mu = 4.37289	q_A  = 2.83304	CLsb = 0.01615	CLb  = 0.32368	CLs  = 0.04991
