INFO: (function: improveOnce) CascadeMinimizer.cc: 188 -- Minimisation configured with Type=Minuit2, Algo=Migrad, strategy=0, tolerance=0.1
INFO: (function: improveOnce) CascadeMinimizer.cc: 211 -- Minimisation finished with status=0
INFO: (function: improveOnce) CascadeMinimizer.cc: 216 -- Minimization success! status=0
INFO: (function: generateAsimov) ToyMCSamplerOpt.cc: 139 -- Using internal logic for binned/unbinned Asimov dataset generation
INFO: (function: generateWithHisto) ToyMCSamplerOpt.cc: 214 -- Generating asimov with histogram for pdf pdf_binfail_LOW_obsOnly: in 5 x-bins
INFO: (function: generateWithHisto) ToyMCSamplerOpt.cc: 215 -- , in 1 y-bins
INFO: (function: generateAsimov) ToyMCSamplerOpt.cc: 139 -- Using internal logic for binned/unbinned Asimov dataset generation
INFO: (function: generateWithHisto) ToyMCSamplerOpt.cc: 214 -- Generating asimov with histogram for pdf pdf_binfail_SIG_obsOnly: in 3 x-bins
INFO: (function: generateWithHisto) ToyMCSamplerOpt.cc: 215 -- , in 1 y-bins
INFO: (function: generateAsimov) ToyMCSamplerOpt.cc: 139 -- Using internal logic for binned/unbinned Asimov dataset generation
INFO: (function: generateWithHisto) ToyMCSamplerOpt.cc: 214 -- Generating asimov with histogram for pdf pdf_binpass_LOW_obsOnly: in 5 x-bins
INFO: (function: generateWithHisto) ToyMCSamplerOpt.cc: 215 -- , in 1 y-bins
INFO: (function: generateAsimov) ToyMCSamplerOpt.cc: 139 -- Using internal logic for binned/unbinned Asimov dataset generation
INFO: (function: generateWithHisto) ToyMCSamplerOpt.cc: 214 -- Generating asimov with histogram for pdf pdf_binpass_SIG_obsOnly: in 3 x-bins
INFO: (function: generateWithHisto) ToyMCSamplerOpt.cc: 215 -- , in 1 y-bins
INFO: (function: runLimitExpected) AsymptoticLimits.cc: 436 -- Median for expected limits = 6.375 (Sigma for expected limits = 3.25261)
INFO: (function: runLimit) AsymptoticLimits.cc: 193 -- NLL at global minimum of data = -44541.7 (r=1.13629)
INFO: (function: runLimit) AsymptoticLimits.cc: 213 -- NLL at global minimum of asimov = -44542.8 (r=0.01774)
INFO: (function: getCLs) AsymptoticLimits.cc: 343 -- At r = 8.070477:	q_mu = 4.41687	q_A  = 5.49168	CLsb = 0.01779	CLb  = 0.59553	CLs  = 0.02988
INFO: (function: getCLs) AsymptoticLimits.cc: 343 -- At r = 4.603383:	q_mu = 1.40861	q_A  = 2.29212	CLsb = 0.11764	CLb  = 0.62821	CLs  = 0.18727
INFO: (function: getCLs) AsymptoticLimits.cc: 343 -- At r = 6.336930:	q_mu = 2.78450	q_A  = 3.80108	CLsb = 0.04759	CLb  = 0.61063	CLs  = 0.07794
INFO: (function: getCLs) AsymptoticLimits.cc: 343 -- At r = 7.325664:	q_mu = 3.68936	q_A  = 4.74651	CLsb = 0.02738	CLb  = 0.60175	CLs  = 0.04550
INFO: (function: getCLs) AsymptoticLimits.cc: 343 -- At r = 6.989338:	q_mu = 3.37329	q_A  = 4.41898	CLsb = 0.03313	CLb  = 0.60468	CLs  = 0.05479
INFO: (function: getCLs) AsymptoticLimits.cc: 343 -- At r = 7.189111:	q_mu = 3.56003	q_A  = 4.61282	CLsb = 0.02959	CLb  = 0.60293	CLs  = 0.04908
INFO: (function: getCLs) AsymptoticLimits.cc: 343 -- At r = 7.122248:	q_mu = 3.49720	q_A  = 4.54771	CLsb = 0.03074	CLb  = 0.60351	CLs  = 0.05093
INFO: (function: getCLs) AsymptoticLimits.cc: 343 -- At r = 7.162280:	q_mu = 3.53478	q_A  = 4.58667	CLsb = 0.03005	CLb  = 0.60317	CLs  = 0.04982
