INFO: (function: improveOnce) CascadeMinimizer.cc: 188 -- Minimisation configured with Type=Minuit2, Algo=Migrad, strategy=0, tolerance=0.1
INFO: (function: improveOnce) CascadeMinimizer.cc: 211 -- Minimisation finished with status=0
INFO: (function: improveOnce) CascadeMinimizer.cc: 216 -- Minimization success! status=0
INFO: (function: generateAsimov) ToyMCSamplerOpt.cc: 139 -- Using internal logic for binned/unbinned Asimov dataset generation
INFO: (function: generateWithHisto) ToyMCSamplerOpt.cc: 214 -- Generating asimov with histogram for pdf pdf_binfail_LOW_obsOnly: in 5 x-bins
INFO: (function: generateWithHisto) ToyMCSamplerOpt.cc: 215 -- , in 1 y-bins
INFO: (function: generateAsimov) ToyMCSamplerOpt.cc: 139 -- Using internal logic for binned/unbinned Asimov dataset generation
INFO: (function: generateWithHisto) ToyMCSamplerOpt.cc: 214 -- Generating asimov with histogram for pdf pdf_binfail_SIG_obsOnly: in 6 x-bins
INFO: (function: generateWithHisto) ToyMCSamplerOpt.cc: 215 -- , in 1 y-bins
INFO: (function: generateAsimov) ToyMCSamplerOpt.cc: 139 -- Using internal logic for binned/unbinned Asimov dataset generation
INFO: (function: generateWithHisto) ToyMCSamplerOpt.cc: 214 -- Generating asimov with histogram for pdf pdf_binpass_LOW_obsOnly: in 5 x-bins
INFO: (function: generateWithHisto) ToyMCSamplerOpt.cc: 215 -- , in 1 y-bins
INFO: (function: generateAsimov) ToyMCSamplerOpt.cc: 139 -- Using internal logic for binned/unbinned Asimov dataset generation
INFO: (function: generateWithHisto) ToyMCSamplerOpt.cc: 214 -- Generating asimov with histogram for pdf pdf_binpass_SIG_obsOnly: in 6 x-bins
INFO: (function: generateWithHisto) ToyMCSamplerOpt.cc: 215 -- , in 1 y-bins
DEBUG: (function: runLimitExpected) AsymptoticLimits.cc: 423 -- Best fit of asimov dataset is at r = 0.081201 (0.004060 times rMax), while it should be at zero
INFO: (function: runLimitExpected) AsymptoticLimits.cc: 436 -- Median for expected limits = 200 (Sigma for expected limits = 102.043)
INFO: (function: runLimit) AsymptoticLimits.cc: 193 -- NLL at global minimum of data = -7.16014e+06 (r=0.00089617)
INFO: (function: runLimit) AsymptoticLimits.cc: 213 -- NLL at global minimum of asimov = -7.16013e+06 (r=0.170303)
INFO: (function: getCLs) AsymptoticLimits.cc: 343 -- At r = 101.018065:	q_mu = 3.48788	q_A  = 1.18797	CLsb = 0.01598	CLb  = 0.14570	CLs  = 0.10965
INFO: (function: getCLs) AsymptoticLimits.cc: 343 -- At r = 202.036130:	q_mu = 7.47786	q_A  = 3.89876	CLsb = 0.00198	CLb  = 0.18238	CLs  = 0.01087
INFO: (function: getCLs) AsymptoticLimits.cc: 343 -- At r = 101.018513:	q_mu = 3.48786	q_A  = 1.18793	CLsb = 0.01598	CLb  = 0.14569	CLs  = 0.10966
INFO: (function: getCLs) AsymptoticLimits.cc: 343 -- At r = 151.527322:	q_mu = 5.42835	q_A  = 2.40654	CLsb = 0.00578	CLb  = 0.16504	CLs  = 0.03503
INFO: (function: getCLs) AsymptoticLimits.cc: 343 -- At r = 128.823294:	q_mu = 4.54179	q_A  = 1.82039	CLsb = 0.00919	CLb  = 0.15661	CLs  = 0.05871
INFO: (function: getCLs) AsymptoticLimits.cc: 343 -- At r = 139.009120:	q_mu = 4.93674	q_A  = 2.07615	CLsb = 0.00748	CLb  = 0.16044	CLs  = 0.04660
INFO: (function: getCLs) AsymptoticLimits.cc: 343 -- At r = 134.485674:	q_mu = 4.76077	q_A  = 1.96107	CLsb = 0.00820	CLb  = 0.15875	CLs  = 0.05164
INFO: (function: getCLs) AsymptoticLimits.cc: 343 -- At r = 136.526275:	q_mu = 4.84004	q_A  = 2.01269	CLsb = 0.00786	CLb  = 0.15951	CLs  = 0.04930
INFO: (function: getCLs) AsymptoticLimits.cc: 343 -- At r = 135.622278:	q_mu = 4.80490	q_A  = 1.98977	CLsb = 0.00801	CLb  = 0.15917	CLs  = 0.05032
INFO: (function: getCLs) AsymptoticLimits.cc: 343 -- At r = 136.030537:	q_mu = 4.82077	q_A  = 2.00011	CLsb = 0.00794	CLb  = 0.15933	CLs  = 0.04986
