INFO: (function: improveOnce) CascadeMinimizer.cc: 188 -- Minimisation configured with Type=Minuit2, Algo=Migrad, strategy=0, tolerance=0.1
INFO: (function: improveOnce) CascadeMinimizer.cc: 211 -- Minimisation finished with status=-1
DEBUG: (function: improveOnce) CascadeMinimizer.cc: 217 -- Minimization ended with latest status != 0 or 1
INFO: (function: generateAsimov) ToyMCSamplerOpt.cc: 139 -- Using internal logic for binned/unbinned Asimov dataset generation
INFO: (function: generateWithHisto) ToyMCSamplerOpt.cc: 214 -- Generating asimov with histogram for pdf pdf_binSR1_fail_LOW_obsOnly: in 5 x-bins
INFO: (function: generateWithHisto) ToyMCSamplerOpt.cc: 215 -- , in 1 y-bins
INFO: (function: generateAsimov) ToyMCSamplerOpt.cc: 139 -- Using internal logic for binned/unbinned Asimov dataset generation
INFO: (function: generateWithHisto) ToyMCSamplerOpt.cc: 214 -- Generating asimov with histogram for pdf pdf_binSR1_fail_SIG_obsOnly: in 14 x-bins
INFO: (function: generateWithHisto) ToyMCSamplerOpt.cc: 215 -- , in 1 y-bins
INFO: (function: generateAsimov) ToyMCSamplerOpt.cc: 139 -- Using internal logic for binned/unbinned Asimov dataset generation
INFO: (function: generateWithHisto) ToyMCSamplerOpt.cc: 214 -- Generating asimov with histogram for pdf pdf_binSR1_pass_LOW_obsOnly: in 5 x-bins
INFO: (function: generateWithHisto) ToyMCSamplerOpt.cc: 215 -- , in 1 y-bins
INFO: (function: generateAsimov) ToyMCSamplerOpt.cc: 139 -- Using internal logic for binned/unbinned Asimov dataset generation
INFO: (function: generateWithHisto) ToyMCSamplerOpt.cc: 214 -- Generating asimov with histogram for pdf pdf_binSR1_pass_SIG_obsOnly: in 14 x-bins
INFO: (function: generateWithHisto) ToyMCSamplerOpt.cc: 215 -- , in 1 y-bins
INFO: (function: generateAsimov) ToyMCSamplerOpt.cc: 139 -- Using internal logic for binned/unbinned Asimov dataset generation
INFO: (function: generateWithHisto) ToyMCSamplerOpt.cc: 214 -- Generating asimov with histogram for pdf pdf_binSR2_fail_LOW_obsOnly: in 5 x-bins
INFO: (function: generateWithHisto) ToyMCSamplerOpt.cc: 215 -- , in 1 y-bins
INFO: (function: generateAsimov) ToyMCSamplerOpt.cc: 139 -- Using internal logic for binned/unbinned Asimov dataset generation
INFO: (function: generateWithHisto) ToyMCSamplerOpt.cc: 214 -- Generating asimov with histogram for pdf pdf_binSR2_fail_SIG_obsOnly: in 14 x-bins
INFO: (function: generateWithHisto) ToyMCSamplerOpt.cc: 215 -- , in 1 y-bins
INFO: (function: generateAsimov) ToyMCSamplerOpt.cc: 139 -- Using internal logic for binned/unbinned Asimov dataset generation
INFO: (function: generateWithHisto) ToyMCSamplerOpt.cc: 214 -- Generating asimov with histogram for pdf pdf_binSR2_pass_LOW_obsOnly: in 5 x-bins
INFO: (function: generateWithHisto) ToyMCSamplerOpt.cc: 215 -- , in 1 y-bins
INFO: (function: generateAsimov) ToyMCSamplerOpt.cc: 139 -- Using internal logic for binned/unbinned Asimov dataset generation
INFO: (function: generateWithHisto) ToyMCSamplerOpt.cc: 214 -- Generating asimov with histogram for pdf pdf_binSR2_pass_SIG_obsOnly: in 14 x-bins
INFO: (function: generateWithHisto) ToyMCSamplerOpt.cc: 215 -- , in 1 y-bins
INFO: (function: generateAsimov) ToyMCSamplerOpt.cc: 139 -- Using internal logic for binned/unbinned Asimov dataset generation
INFO: (function: generateWithHisto) ToyMCSamplerOpt.cc: 214 -- Generating asimov with histogram for pdf pdf_binSR3_fail_LOW_obsOnly: in 5 x-bins
INFO: (function: generateWithHisto) ToyMCSamplerOpt.cc: 215 -- , in 1 y-bins
INFO: (function: generateAsimov) ToyMCSamplerOpt.cc: 139 -- Using internal logic for binned/unbinned Asimov dataset generation
INFO: (function: generateWithHisto) ToyMCSamplerOpt.cc: 214 -- Generating asimov with histogram for pdf pdf_binSR3_fail_SIG_obsOnly: in 14 x-bins
INFO: (function: generateWithHisto) ToyMCSamplerOpt.cc: 215 -- , in 1 y-bins
INFO: (function: generateAsimov) ToyMCSamplerOpt.cc: 139 -- Using internal logic for binned/unbinned Asimov dataset generation
INFO: (function: generateWithHisto) ToyMCSamplerOpt.cc: 214 -- Generating asimov with histogram for pdf pdf_binSR3_pass_LOW_obsOnly: in 5 x-bins
INFO: (function: generateWithHisto) ToyMCSamplerOpt.cc: 215 -- , in 1 y-bins
INFO: (function: generateAsimov) ToyMCSamplerOpt.cc: 139 -- Using internal logic for binned/unbinned Asimov dataset generation
INFO: (function: generateWithHisto) ToyMCSamplerOpt.cc: 214 -- Generating asimov with histogram for pdf pdf_binSR3_pass_SIG_obsOnly: in 14 x-bins
INFO: (function: generateWithHisto) ToyMCSamplerOpt.cc: 215 -- , in 1 y-bins
INFO: (function: runLimitExpected) AsymptoticLimits.cc: 436 -- Median for expected limits = 3.01562 (Sigma for expected limits = 1.53861)
INFO: (function: runLimit) AsymptoticLimits.cc: 193 -- NLL at global minimum of data = -8.77787e+06 (r=3.34689e-06)
INFO: (function: runLimit) AsymptoticLimits.cc: 213 -- NLL at global minimum of asimov = -8.77788e+06 (r=0.0012862)
INFO: (function: getCLs) AsymptoticLimits.cc: 343 -- At r = 1.200003:	q_mu = 3.46629	q_A  = 1.64450	CLsb = 0.02315	CLb  = 0.23875	CLs  = 0.09695
INFO: (function: getCLs) AsymptoticLimits.cc: 343 -- At r = 2.400007:	q_mu = 6.17031	q_A  = 3.14617	CLsb = 0.00432	CLb  = 0.19698	CLs  = 0.02192
INFO: (function: getCLs) AsymptoticLimits.cc: 343 -- At r = 1.200005:	q_mu = 3.46629	q_A  = 1.64413	CLsb = 0.02314	CLb  = 0.23869	CLs  = 0.09696
INFO: (function: getCLs) AsymptoticLimits.cc: 343 -- At r = 1.867549:	q_mu = 5.03322	q_A  = 2.50512	CLsb = 0.00862	CLb  = 0.21225	CLs  = 0.04063
INFO: (function: getCLs) AsymptoticLimits.cc: 343 -- At r = 1.606623:	q_mu = 4.44199	q_A  = 2.17672	CLsb = 0.01245	CLb  = 0.22133	CLs  = 0.05623
INFO: (function: getCLs) AsymptoticLimits.cc: 343 -- At r = 1.734261:	q_mu = 4.73429	q_A  = 2.33843	CLsb = 0.01037	CLb  = 0.21670	CLs  = 0.04787
INFO: (function: getCLs) AsymptoticLimits.cc: 343 -- At r = 1.681110:	q_mu = 4.61329	q_A  = 2.27117	CLsb = 0.01118	CLb  = 0.21856	CLs  = 0.05117
INFO: (function: getCLs) AsymptoticLimits.cc: 343 -- At r = 1.706449:	q_mu = 4.67110	q_A  = 2.30309	CLsb = 0.01079	CLb  = 0.21764	CLs  = 0.04956
INFO: (function: getCLs) AsymptoticLimits.cc: 343 -- At r = 1.695800:	q_mu = 4.64683	q_A  = 2.28604	CLsb = 0.01093	CLb  = 0.21749	CLs  = 0.05027
INFO: (function: getCLs) AsymptoticLimits.cc: 343 -- At r = 1.701188:	q_mu = 4.65911	q_A  = 2.29285	CLsb = 0.01085	CLb  = 0.21730	CLs  = 0.04993
